[2025-04-20T20:31:41.280+0800] {local_task_job_runner.py:123} INFO - ::group::Pre task execution logs
[2025-04-20T20:31:41.332+0800] {taskinstance.py:2614} INFO - Dependencies all met for dep_context=non-requeueable deps ti=<TaskInstance: example_bash_operator.also_run_this scheduled__2025-04-19T00:00:00+00:00 [queued]>
[2025-04-20T20:31:41.373+0800] {taskinstance.py:2614} INFO - Dependencies all met for dep_context=requeueable deps ti=<TaskInstance: example_bash_operator.also_run_this scheduled__2025-04-19T00:00:00+00:00 [queued]>
[2025-04-20T20:31:41.378+0800] {taskinstance.py:2867} INFO - Starting attempt 1 of 1
[2025-04-20T20:31:41.454+0800] {taskinstance.py:2890} INFO - Executing <Task(BashOperator): also_run_this> on 2025-04-19 00:00:00+00:00
[2025-04-20T20:31:41.462+0800] {standard_task_runner.py:72} INFO - Started process 75457 to run task
[2025-04-20T20:31:41.477+0800] {standard_task_runner.py:104} INFO - Running: ['airflow', 'tasks', 'run', 'example_bash_operator', 'also_run_this', 'scheduled__2025-04-19T00:00:00+00:00', '--job-id', '9', '--raw', '--subdir', '/mnt/c/Users/wu_li/OneDrive/Desktop/Airflow_pract/venv/lib/python3.9/site-packages/airflow/example_dags/example_bash_operator.py', '--cfg-path', '/tmp/tmpyihvtwuy']
[2025-04-20T20:31:41.493+0800] {standard_task_runner.py:105} INFO - Job 9: Subtask also_run_this
[2025-04-20T20:31:41.774+0800] {task_command.py:467} INFO - Running <TaskInstance: example_bash_operator.also_run_this scheduled__2025-04-19T00:00:00+00:00 [running]> on host lxxxng.
[2025-04-20T20:31:42.135+0800] {taskinstance.py:3134} INFO - Exporting env vars: AIRFLOW_CTX_DAG_OWNER='airflow' AIRFLOW_CTX_DAG_ID='example_bash_operator' AIRFLOW_CTX_TASK_ID='also_run_this' AIRFLOW_CTX_EXECUTION_DATE='2025-04-19T00:00:00+00:00' AIRFLOW_CTX_TRY_NUMBER='1' AIRFLOW_CTX_DAG_RUN_ID='scheduled__2025-04-19T00:00:00+00:00'
[2025-04-20T20:31:42.138+0800] {logging_mixin.py:190} INFO - Task instance is in running state
[2025-04-20T20:31:42.141+0800] {logging_mixin.py:190} INFO -  Previous state of the Task instance: queued
[2025-04-20T20:31:42.145+0800] {logging_mixin.py:190} INFO - Current task name:also_run_this state:running start_date:2025-04-20 12:31:41.337676+00:00
[2025-04-20T20:31:42.148+0800] {logging_mixin.py:190} INFO - Dag name:example_bash_operator and current dag run status:running
[2025-04-20T20:31:42.150+0800] {taskinstance.py:732} INFO - ::endgroup::
[2025-04-20T20:31:42.154+0800] {subprocess.py:78} INFO - Tmp dir root location: /tmp
[2025-04-20T20:31:42.157+0800] {subprocess.py:88} INFO - Running command: ['/usr/bin/bash', '-c', 'echo "ti_key=example_bash_operator__also_run_this__20250419"']
[2025-04-20T20:31:42.172+0800] {subprocess.py:99} INFO - Output:
[2025-04-20T20:31:42.175+0800] {subprocess.py:106} INFO - ti_key=example_bash_operator__also_run_this__20250419
[2025-04-20T20:31:42.179+0800] {subprocess.py:110} INFO - Command exited with return code 0
[2025-04-20T20:31:42.266+0800] {taskinstance.py:341} INFO - ::group::Post task execution logs
[2025-04-20T20:31:42.269+0800] {taskinstance.py:353} INFO - Marking task as SUCCESS. dag_id=example_bash_operator, task_id=also_run_this, run_id=scheduled__2025-04-19T00:00:00+00:00, execution_date=20250419T000000, start_date=20250420T123141, end_date=20250420T123142
[2025-04-20T20:31:42.367+0800] {logging_mixin.py:190} INFO - Task instance in success state
[2025-04-20T20:31:42.369+0800] {logging_mixin.py:190} INFO -  Previous state of the Task instance: running
[2025-04-20T20:31:42.372+0800] {logging_mixin.py:190} INFO - Dag name:example_bash_operator queued_at:2025-04-20 12:27:41.436298+00:00
[2025-04-20T20:31:42.374+0800] {logging_mixin.py:190} INFO - Task hostname:lxxxng. operator:BashOperator
[2025-04-20T20:31:42.426+0800] {local_task_job_runner.py:266} INFO - Task exited with return code 0
[2025-04-20T20:31:42.473+0800] {taskinstance.py:3901} INFO - 0 downstream tasks scheduled from follow-on schedule check
[2025-04-20T20:31:42.477+0800] {local_task_job_runner.py:245} INFO - ::endgroup::
