[2025-04-20T20:28:11.892+0800] {local_task_job_runner.py:123} INFO - ::group::Pre task execution logs
[2025-04-20T20:28:11.924+0800] {taskinstance.py:2614} INFO - Dependencies all met for dep_context=non-requeueable deps ti=<TaskInstance: example_bash_operator.runme_0 scheduled__2025-04-19T00:00:00+00:00 [queued]>
[2025-04-20T20:28:11.960+0800] {taskinstance.py:2614} INFO - Dependencies all met for dep_context=requeueable deps ti=<TaskInstance: example_bash_operator.runme_0 scheduled__2025-04-19T00:00:00+00:00 [queued]>
[2025-04-20T20:28:11.964+0800] {taskinstance.py:2867} INFO - Starting attempt 1 of 1
[2025-04-20T20:28:12.068+0800] {taskinstance.py:2890} INFO - Executing <Task(BashOperator): runme_0> on 2025-04-19 00:00:00+00:00
[2025-04-20T20:28:12.076+0800] {standard_task_runner.py:72} INFO - Started process 74016 to run task
[2025-04-20T20:28:12.101+0800] {standard_task_runner.py:104} INFO - Running: ['airflow', 'tasks', 'run', 'example_bash_operator', 'runme_0', 'scheduled__2025-04-19T00:00:00+00:00', '--job-id', '3', '--raw', '--subdir', '/mnt/c/Users/wu_li/OneDrive/Desktop/Airflow_pract/venv/lib/python3.9/site-packages/airflow/example_dags/example_bash_operator.py', '--cfg-path', '/tmp/tmp1paed6g0']
[2025-04-20T20:28:12.109+0800] {standard_task_runner.py:105} INFO - Job 3: Subtask runme_0
[2025-04-20T20:28:12.324+0800] {task_command.py:467} INFO - Running <TaskInstance: example_bash_operator.runme_0 scheduled__2025-04-19T00:00:00+00:00 [running]> on host lxxxng.
[2025-04-20T20:28:12.612+0800] {taskinstance.py:3134} INFO - Exporting env vars: AIRFLOW_CTX_DAG_OWNER='airflow' AIRFLOW_CTX_DAG_ID='example_bash_operator' AIRFLOW_CTX_TASK_ID='runme_0' AIRFLOW_CTX_EXECUTION_DATE='2025-04-19T00:00:00+00:00' AIRFLOW_CTX_TRY_NUMBER='1' AIRFLOW_CTX_DAG_RUN_ID='scheduled__2025-04-19T00:00:00+00:00'
[2025-04-20T20:28:12.617+0800] {logging_mixin.py:190} INFO - Task instance is in running state
[2025-04-20T20:28:12.621+0800] {logging_mixin.py:190} INFO -  Previous state of the Task instance: queued
[2025-04-20T20:28:12.631+0800] {logging_mixin.py:190} INFO - Current task name:runme_0 state:running start_date:2025-04-20 12:28:11.927536+00:00
[2025-04-20T20:28:12.636+0800] {logging_mixin.py:190} INFO - Dag name:example_bash_operator and current dag run status:running
[2025-04-20T20:28:12.643+0800] {taskinstance.py:732} INFO - ::endgroup::
[2025-04-20T20:28:12.649+0800] {subprocess.py:78} INFO - Tmp dir root location: /tmp
[2025-04-20T20:28:12.654+0800] {subprocess.py:88} INFO - Running command: ['/usr/bin/bash', '-c', 'echo "example_bash_operator__runme_0__20250419" && sleep 1']
[2025-04-20T20:28:12.683+0800] {subprocess.py:99} INFO - Output:
[2025-04-20T20:28:12.689+0800] {subprocess.py:106} INFO - example_bash_operator__runme_0__20250419
[2025-04-20T20:28:13.708+0800] {subprocess.py:110} INFO - Command exited with return code 0
[2025-04-20T20:28:13.798+0800] {taskinstance.py:341} INFO - ::group::Post task execution logs
[2025-04-20T20:28:13.800+0800] {taskinstance.py:353} INFO - Marking task as SUCCESS. dag_id=example_bash_operator, task_id=runme_0, run_id=scheduled__2025-04-19T00:00:00+00:00, execution_date=20250419T000000, start_date=20250420T122811, end_date=20250420T122813
[2025-04-20T20:28:13.899+0800] {logging_mixin.py:190} INFO - Task instance in success state
[2025-04-20T20:28:13.902+0800] {logging_mixin.py:190} INFO -  Previous state of the Task instance: running
[2025-04-20T20:28:13.904+0800] {logging_mixin.py:190} INFO - Dag name:example_bash_operator queued_at:2025-04-20 12:27:41.436298+00:00
[2025-04-20T20:28:13.906+0800] {logging_mixin.py:190} INFO - Task hostname:lxxxng. operator:BashOperator
[2025-04-20T20:28:13.957+0800] {local_task_job_runner.py:266} INFO - Task exited with return code 0
[2025-04-20T20:28:14.027+0800] {taskinstance.py:3901} INFO - 0 downstream tasks scheduled from follow-on schedule check
[2025-04-20T20:28:14.031+0800] {local_task_job_runner.py:245} INFO - ::endgroup::
