[2025-04-20T20:29:32.603+0800] {local_task_job_runner.py:123} INFO - ::group::Pre task execution logs
[2025-04-20T20:29:32.665+0800] {taskinstance.py:2614} INFO - Dependencies all met for dep_context=non-requeueable deps ti=<TaskInstance: example_bash_operator.runme_2 scheduled__2025-04-19T00:00:00+00:00 [queued]>
[2025-04-20T20:29:32.711+0800] {taskinstance.py:2614} INFO - Dependencies all met for dep_context=requeueable deps ti=<TaskInstance: example_bash_operator.runme_2 scheduled__2025-04-19T00:00:00+00:00 [queued]>
[2025-04-20T20:29:32.719+0800] {taskinstance.py:2867} INFO - Starting attempt 1 of 1
[2025-04-20T20:29:32.823+0800] {taskinstance.py:2890} INFO - Executing <Task(BashOperator): runme_2> on 2025-04-19 00:00:00+00:00
[2025-04-20T20:29:32.831+0800] {standard_task_runner.py:72} INFO - Started process 74501 to run task
[2025-04-20T20:29:32.842+0800] {standard_task_runner.py:104} INFO - Running: ['airflow', 'tasks', 'run', 'example_bash_operator', 'runme_2', 'scheduled__2025-04-19T00:00:00+00:00', '--job-id', '5', '--raw', '--subdir', '/mnt/c/Users/wu_li/OneDrive/Desktop/Airflow_pract/venv/lib/python3.9/site-packages/airflow/example_dags/example_bash_operator.py', '--cfg-path', '/tmp/tmpfof3otnm']
[2025-04-20T20:29:32.854+0800] {standard_task_runner.py:105} INFO - Job 5: Subtask runme_2
[2025-04-20T20:29:33.117+0800] {task_command.py:467} INFO - Running <TaskInstance: example_bash_operator.runme_2 scheduled__2025-04-19T00:00:00+00:00 [running]> on host lxxxng.
[2025-04-20T20:29:33.516+0800] {taskinstance.py:3134} INFO - Exporting env vars: AIRFLOW_CTX_DAG_OWNER='airflow' AIRFLOW_CTX_DAG_ID='example_bash_operator' AIRFLOW_CTX_TASK_ID='runme_2' AIRFLOW_CTX_EXECUTION_DATE='2025-04-19T00:00:00+00:00' AIRFLOW_CTX_TRY_NUMBER='1' AIRFLOW_CTX_DAG_RUN_ID='scheduled__2025-04-19T00:00:00+00:00'
[2025-04-20T20:29:33.526+0800] {logging_mixin.py:190} INFO - Task instance is in running state
[2025-04-20T20:29:33.528+0800] {logging_mixin.py:190} INFO -  Previous state of the Task instance: queued
[2025-04-20T20:29:33.531+0800] {logging_mixin.py:190} INFO - Current task name:runme_2 state:running start_date:2025-04-20 12:29:32.668312+00:00
[2025-04-20T20:29:33.533+0800] {logging_mixin.py:190} INFO - Dag name:example_bash_operator and current dag run status:running
[2025-04-20T20:29:33.538+0800] {taskinstance.py:732} INFO - ::endgroup::
[2025-04-20T20:29:33.543+0800] {subprocess.py:78} INFO - Tmp dir root location: /tmp
[2025-04-20T20:29:33.547+0800] {subprocess.py:88} INFO - Running command: ['/usr/bin/bash', '-c', 'echo "example_bash_operator__runme_2__20250419" && sleep 1']
[2025-04-20T20:29:33.575+0800] {subprocess.py:99} INFO - Output:
[2025-04-20T20:29:33.584+0800] {subprocess.py:106} INFO - example_bash_operator__runme_2__20250419
[2025-04-20T20:29:34.593+0800] {subprocess.py:110} INFO - Command exited with return code 0
[2025-04-20T20:29:34.695+0800] {taskinstance.py:341} INFO - ::group::Post task execution logs
[2025-04-20T20:29:34.702+0800] {taskinstance.py:353} INFO - Marking task as SUCCESS. dag_id=example_bash_operator, task_id=runme_2, run_id=scheduled__2025-04-19T00:00:00+00:00, execution_date=20250419T000000, start_date=20250420T122932, end_date=20250420T122934
[2025-04-20T20:29:35.047+0800] {logging_mixin.py:190} INFO - Task instance in success state
[2025-04-20T20:29:35.067+0800] {logging_mixin.py:190} INFO -  Previous state of the Task instance: running
[2025-04-20T20:29:35.088+0800] {logging_mixin.py:190} INFO - Dag name:example_bash_operator queued_at:2025-04-20 12:27:41.436298+00:00
[2025-04-20T20:29:35.120+0800] {logging_mixin.py:190} INFO - Task hostname:lxxxng. operator:BashOperator
[2025-04-20T20:29:35.223+0800] {local_task_job_runner.py:266} INFO - Task exited with return code 0
[2025-04-20T20:29:35.489+0800] {taskinstance.py:3901} INFO - 1 downstream tasks scheduled from follow-on schedule check
[2025-04-20T20:29:35.523+0800] {local_task_job_runner.py:245} INFO - ::endgroup::
