[2025-04-20T20:12:58.106+0800] {processor.py:186} INFO - Started process (PID=64312) to work on /mnt/c/Users/wu_li/OneDrive/Desktop/Airflow_pract/venv/lib/python3.9/site-packages/airflow/example_dags/example_branch_operator.py
[2025-04-20T20:12:58.108+0800] {processor.py:914} INFO - Processing file /mnt/c/Users/wu_li/OneDrive/Desktop/Airflow_pract/venv/lib/python3.9/site-packages/airflow/example_dags/example_branch_operator.py for tasks to queue
[2025-04-20T20:12:58.113+0800] {logging_mixin.py:190} INFO - [2025-04-20T20:12:58.111+0800] {dagbag.py:588} INFO - Filling up the DagBag from /mnt/c/Users/wu_li/OneDrive/Desktop/Airflow_pract/venv/lib/python3.9/site-packages/airflow/example_dags/example_branch_operator.py
[2025-04-20T20:12:58.212+0800] {processor.py:927} WARNING - No viable dags retrieved from /mnt/c/Users/wu_li/OneDrive/Desktop/Airflow_pract/venv/lib/python3.9/site-packages/airflow/example_dags/example_branch_operator.py
[2025-04-20T20:12:58.244+0800] {processor.py:208} INFO - Processing /mnt/c/Users/wu_li/OneDrive/Desktop/Airflow_pract/venv/lib/python3.9/site-packages/airflow/example_dags/example_branch_operator.py took 0.154 seconds
[2025-04-20T20:18:04.642+0800] {processor.py:186} INFO - Started process (PID=68290) to work on /mnt/c/Users/wu_li/OneDrive/Desktop/Airflow_pract/venv/lib/python3.9/site-packages/airflow/example_dags/example_branch_operator.py
[2025-04-20T20:18:04.643+0800] {processor.py:914} INFO - Processing file /mnt/c/Users/wu_li/OneDrive/Desktop/Airflow_pract/venv/lib/python3.9/site-packages/airflow/example_dags/example_branch_operator.py for tasks to queue
[2025-04-20T20:18:04.649+0800] {logging_mixin.py:190} INFO - [2025-04-20T20:18:04.648+0800] {dagbag.py:588} INFO - Filling up the DagBag from /mnt/c/Users/wu_li/OneDrive/Desktop/Airflow_pract/venv/lib/python3.9/site-packages/airflow/example_dags/example_branch_operator.py
[2025-04-20T20:18:04.753+0800] {processor.py:927} WARNING - No viable dags retrieved from /mnt/c/Users/wu_li/OneDrive/Desktop/Airflow_pract/venv/lib/python3.9/site-packages/airflow/example_dags/example_branch_operator.py
[2025-04-20T20:18:04.782+0800] {processor.py:208} INFO - Processing /mnt/c/Users/wu_li/OneDrive/Desktop/Airflow_pract/venv/lib/python3.9/site-packages/airflow/example_dags/example_branch_operator.py took 0.167 seconds
[2025-04-20T20:19:47.968+0800] {processor.py:186} INFO - Started process (PID=69516) to work on /mnt/c/Users/wu_li/OneDrive/Desktop/Airflow_pract/venv/lib/python3.9/site-packages/airflow/example_dags/example_branch_operator.py
[2025-04-20T20:19:47.969+0800] {processor.py:914} INFO - Processing file /mnt/c/Users/wu_li/OneDrive/Desktop/Airflow_pract/venv/lib/python3.9/site-packages/airflow/example_dags/example_branch_operator.py for tasks to queue
[2025-04-20T20:19:47.972+0800] {logging_mixin.py:190} INFO - [2025-04-20T20:19:47.971+0800] {dagbag.py:588} INFO - Filling up the DagBag from /mnt/c/Users/wu_li/OneDrive/Desktop/Airflow_pract/venv/lib/python3.9/site-packages/airflow/example_dags/example_branch_operator.py
[2025-04-20T20:19:48.037+0800] {processor.py:927} WARNING - No viable dags retrieved from /mnt/c/Users/wu_li/OneDrive/Desktop/Airflow_pract/venv/lib/python3.9/site-packages/airflow/example_dags/example_branch_operator.py
[2025-04-20T20:19:48.054+0800] {processor.py:208} INFO - Processing /mnt/c/Users/wu_li/OneDrive/Desktop/Airflow_pract/venv/lib/python3.9/site-packages/airflow/example_dags/example_branch_operator.py took 0.096 seconds
[2025-04-20T20:21:44.027+0800] {processor.py:186} INFO - Started process (PID=70483) to work on /mnt/c/Users/wu_li/OneDrive/Desktop/Airflow_pract/venv/lib/python3.9/site-packages/airflow/example_dags/example_branch_operator.py
[2025-04-20T20:21:44.030+0800] {processor.py:914} INFO - Processing file /mnt/c/Users/wu_li/OneDrive/Desktop/Airflow_pract/venv/lib/python3.9/site-packages/airflow/example_dags/example_branch_operator.py for tasks to queue
[2025-04-20T20:21:44.037+0800] {logging_mixin.py:190} INFO - [2025-04-20T20:21:44.035+0800] {dagbag.py:588} INFO - Filling up the DagBag from /mnt/c/Users/wu_li/OneDrive/Desktop/Airflow_pract/venv/lib/python3.9/site-packages/airflow/example_dags/example_branch_operator.py
[2025-04-20T20:21:44.119+0800] {processor.py:927} WARNING - No viable dags retrieved from /mnt/c/Users/wu_li/OneDrive/Desktop/Airflow_pract/venv/lib/python3.9/site-packages/airflow/example_dags/example_branch_operator.py
[2025-04-20T20:21:44.142+0800] {processor.py:208} INFO - Processing /mnt/c/Users/wu_li/OneDrive/Desktop/Airflow_pract/venv/lib/python3.9/site-packages/airflow/example_dags/example_branch_operator.py took 0.142 seconds
[2025-04-20T20:23:41.051+0800] {processor.py:186} INFO - Started process (PID=71430) to work on /mnt/c/Users/wu_li/OneDrive/Desktop/Airflow_pract/venv/lib/python3.9/site-packages/airflow/example_dags/example_branch_operator.py
[2025-04-20T20:23:41.055+0800] {processor.py:914} INFO - Processing file /mnt/c/Users/wu_li/OneDrive/Desktop/Airflow_pract/venv/lib/python3.9/site-packages/airflow/example_dags/example_branch_operator.py for tasks to queue
[2025-04-20T20:23:41.060+0800] {logging_mixin.py:190} INFO - [2025-04-20T20:23:41.058+0800] {dagbag.py:588} INFO - Filling up the DagBag from /mnt/c/Users/wu_li/OneDrive/Desktop/Airflow_pract/venv/lib/python3.9/site-packages/airflow/example_dags/example_branch_operator.py
[2025-04-20T20:23:41.177+0800] {processor.py:927} WARNING - No viable dags retrieved from /mnt/c/Users/wu_li/OneDrive/Desktop/Airflow_pract/venv/lib/python3.9/site-packages/airflow/example_dags/example_branch_operator.py
[2025-04-20T20:23:41.228+0800] {processor.py:208} INFO - Processing /mnt/c/Users/wu_li/OneDrive/Desktop/Airflow_pract/venv/lib/python3.9/site-packages/airflow/example_dags/example_branch_operator.py took 0.195 seconds
[2025-04-20T20:25:39.963+0800] {processor.py:186} INFO - Started process (PID=72462) to work on /mnt/c/Users/wu_li/OneDrive/Desktop/Airflow_pract/venv/lib/python3.9/site-packages/airflow/example_dags/example_branch_operator.py
[2025-04-20T20:25:39.968+0800] {processor.py:914} INFO - Processing file /mnt/c/Users/wu_li/OneDrive/Desktop/Airflow_pract/venv/lib/python3.9/site-packages/airflow/example_dags/example_branch_operator.py for tasks to queue
[2025-04-20T20:25:39.974+0800] {logging_mixin.py:190} INFO - [2025-04-20T20:25:39.972+0800] {dagbag.py:588} INFO - Filling up the DagBag from /mnt/c/Users/wu_li/OneDrive/Desktop/Airflow_pract/venv/lib/python3.9/site-packages/airflow/example_dags/example_branch_operator.py
[2025-04-20T20:25:40.105+0800] {processor.py:927} WARNING - No viable dags retrieved from /mnt/c/Users/wu_li/OneDrive/Desktop/Airflow_pract/venv/lib/python3.9/site-packages/airflow/example_dags/example_branch_operator.py
[2025-04-20T20:25:40.143+0800] {processor.py:208} INFO - Processing /mnt/c/Users/wu_li/OneDrive/Desktop/Airflow_pract/venv/lib/python3.9/site-packages/airflow/example_dags/example_branch_operator.py took 0.214 seconds
[2025-04-20T20:27:33.920+0800] {processor.py:186} INFO - Started process (PID=73677) to work on /mnt/c/Users/wu_li/OneDrive/Desktop/Airflow_pract/venv/lib/python3.9/site-packages/airflow/example_dags/example_branch_operator.py
[2025-04-20T20:27:33.923+0800] {processor.py:914} INFO - Processing file /mnt/c/Users/wu_li/OneDrive/Desktop/Airflow_pract/venv/lib/python3.9/site-packages/airflow/example_dags/example_branch_operator.py for tasks to queue
[2025-04-20T20:27:33.928+0800] {logging_mixin.py:190} INFO - [2025-04-20T20:27:33.926+0800] {dagbag.py:588} INFO - Filling up the DagBag from /mnt/c/Users/wu_li/OneDrive/Desktop/Airflow_pract/venv/lib/python3.9/site-packages/airflow/example_dags/example_branch_operator.py
[2025-04-20T20:27:34.009+0800] {processor.py:927} WARNING - No viable dags retrieved from /mnt/c/Users/wu_li/OneDrive/Desktop/Airflow_pract/venv/lib/python3.9/site-packages/airflow/example_dags/example_branch_operator.py
[2025-04-20T20:27:34.033+0800] {processor.py:208} INFO - Processing /mnt/c/Users/wu_li/OneDrive/Desktop/Airflow_pract/venv/lib/python3.9/site-packages/airflow/example_dags/example_branch_operator.py took 0.129 seconds
[2025-04-20T20:37:13.985+0800] {processor.py:186} INFO - Started process (PID=77494) to work on /mnt/c/Users/wu_li/OneDrive/Desktop/Airflow_pract/venv/lib/python3.9/site-packages/airflow/example_dags/example_branch_operator.py
[2025-04-20T20:37:13.986+0800] {processor.py:914} INFO - Processing file /mnt/c/Users/wu_li/OneDrive/Desktop/Airflow_pract/venv/lib/python3.9/site-packages/airflow/example_dags/example_branch_operator.py for tasks to queue
[2025-04-20T20:37:13.989+0800] {logging_mixin.py:190} INFO - [2025-04-20T20:37:13.988+0800] {dagbag.py:588} INFO - Filling up the DagBag from /mnt/c/Users/wu_li/OneDrive/Desktop/Airflow_pract/venv/lib/python3.9/site-packages/airflow/example_dags/example_branch_operator.py
[2025-04-20T20:37:14.074+0800] {processor.py:927} WARNING - No viable dags retrieved from /mnt/c/Users/wu_li/OneDrive/Desktop/Airflow_pract/venv/lib/python3.9/site-packages/airflow/example_dags/example_branch_operator.py
[2025-04-20T20:37:14.102+0800] {processor.py:208} INFO - Processing /mnt/c/Users/wu_li/OneDrive/Desktop/Airflow_pract/venv/lib/python3.9/site-packages/airflow/example_dags/example_branch_operator.py took 0.133 seconds
[2025-04-20T20:38:46.826+0800] {processor.py:186} INFO - Started process (PID=78599) to work on /mnt/c/Users/wu_li/OneDrive/Desktop/Airflow_pract/venv/lib/python3.9/site-packages/airflow/example_dags/example_branch_operator.py
[2025-04-20T20:38:46.828+0800] {processor.py:914} INFO - Processing file /mnt/c/Users/wu_li/OneDrive/Desktop/Airflow_pract/venv/lib/python3.9/site-packages/airflow/example_dags/example_branch_operator.py for tasks to queue
[2025-04-20T20:38:46.832+0800] {logging_mixin.py:190} INFO - [2025-04-20T20:38:46.831+0800] {dagbag.py:588} INFO - Filling up the DagBag from /mnt/c/Users/wu_li/OneDrive/Desktop/Airflow_pract/venv/lib/python3.9/site-packages/airflow/example_dags/example_branch_operator.py
[2025-04-20T20:38:46.909+0800] {processor.py:927} WARNING - No viable dags retrieved from /mnt/c/Users/wu_li/OneDrive/Desktop/Airflow_pract/venv/lib/python3.9/site-packages/airflow/example_dags/example_branch_operator.py
[2025-04-20T20:38:46.929+0800] {processor.py:208} INFO - Processing /mnt/c/Users/wu_li/OneDrive/Desktop/Airflow_pract/venv/lib/python3.9/site-packages/airflow/example_dags/example_branch_operator.py took 0.115 seconds
[2025-04-20T20:40:23.641+0800] {processor.py:186} INFO - Started process (PID=79585) to work on /mnt/c/Users/wu_li/OneDrive/Desktop/Airflow_pract/venv/lib/python3.9/site-packages/airflow/example_dags/example_branch_operator.py
[2025-04-20T20:40:23.644+0800] {processor.py:914} INFO - Processing file /mnt/c/Users/wu_li/OneDrive/Desktop/Airflow_pract/venv/lib/python3.9/site-packages/airflow/example_dags/example_branch_operator.py for tasks to queue
[2025-04-20T20:40:23.648+0800] {logging_mixin.py:190} INFO - [2025-04-20T20:40:23.647+0800] {dagbag.py:588} INFO - Filling up the DagBag from /mnt/c/Users/wu_li/OneDrive/Desktop/Airflow_pract/venv/lib/python3.9/site-packages/airflow/example_dags/example_branch_operator.py
[2025-04-20T20:40:23.772+0800] {processor.py:927} WARNING - No viable dags retrieved from /mnt/c/Users/wu_li/OneDrive/Desktop/Airflow_pract/venv/lib/python3.9/site-packages/airflow/example_dags/example_branch_operator.py
[2025-04-20T20:40:23.805+0800] {processor.py:208} INFO - Processing /mnt/c/Users/wu_li/OneDrive/Desktop/Airflow_pract/venv/lib/python3.9/site-packages/airflow/example_dags/example_branch_operator.py took 0.195 seconds
[2025-04-20T20:42:20.243+0800] {processor.py:186} INFO - Started process (PID=80534) to work on /mnt/c/Users/wu_li/OneDrive/Desktop/Airflow_pract/venv/lib/python3.9/site-packages/airflow/example_dags/example_branch_operator.py
[2025-04-20T20:42:20.244+0800] {processor.py:914} INFO - Processing file /mnt/c/Users/wu_li/OneDrive/Desktop/Airflow_pract/venv/lib/python3.9/site-packages/airflow/example_dags/example_branch_operator.py for tasks to queue
[2025-04-20T20:42:20.252+0800] {logging_mixin.py:190} INFO - [2025-04-20T20:42:20.247+0800] {dagbag.py:588} INFO - Filling up the DagBag from /mnt/c/Users/wu_li/OneDrive/Desktop/Airflow_pract/venv/lib/python3.9/site-packages/airflow/example_dags/example_branch_operator.py
[2025-04-20T20:42:20.327+0800] {processor.py:927} WARNING - No viable dags retrieved from /mnt/c/Users/wu_li/OneDrive/Desktop/Airflow_pract/venv/lib/python3.9/site-packages/airflow/example_dags/example_branch_operator.py
[2025-04-20T20:42:20.347+0800] {processor.py:208} INFO - Processing /mnt/c/Users/wu_li/OneDrive/Desktop/Airflow_pract/venv/lib/python3.9/site-packages/airflow/example_dags/example_branch_operator.py took 0.115 seconds
[2025-04-20T20:44:00.493+0800] {processor.py:186} INFO - Started process (PID=81617) to work on /mnt/c/Users/wu_li/OneDrive/Desktop/Airflow_pract/venv/lib/python3.9/site-packages/airflow/example_dags/example_branch_operator.py
[2025-04-20T20:44:00.495+0800] {processor.py:914} INFO - Processing file /mnt/c/Users/wu_li/OneDrive/Desktop/Airflow_pract/venv/lib/python3.9/site-packages/airflow/example_dags/example_branch_operator.py for tasks to queue
[2025-04-20T20:44:00.499+0800] {logging_mixin.py:190} INFO - [2025-04-20T20:44:00.498+0800] {dagbag.py:588} INFO - Filling up the DagBag from /mnt/c/Users/wu_li/OneDrive/Desktop/Airflow_pract/venv/lib/python3.9/site-packages/airflow/example_dags/example_branch_operator.py
[2025-04-20T20:44:00.596+0800] {processor.py:927} WARNING - No viable dags retrieved from /mnt/c/Users/wu_li/OneDrive/Desktop/Airflow_pract/venv/lib/python3.9/site-packages/airflow/example_dags/example_branch_operator.py
[2025-04-20T20:44:00.624+0800] {processor.py:208} INFO - Processing /mnt/c/Users/wu_li/OneDrive/Desktop/Airflow_pract/venv/lib/python3.9/site-packages/airflow/example_dags/example_branch_operator.py took 0.148 seconds
[2025-04-20T20:45:42.253+0800] {processor.py:186} INFO - Started process (PID=82410) to work on /mnt/c/Users/wu_li/OneDrive/Desktop/Airflow_pract/venv/lib/python3.9/site-packages/airflow/example_dags/example_branch_operator.py
[2025-04-20T20:45:42.255+0800] {processor.py:914} INFO - Processing file /mnt/c/Users/wu_li/OneDrive/Desktop/Airflow_pract/venv/lib/python3.9/site-packages/airflow/example_dags/example_branch_operator.py for tasks to queue
[2025-04-20T20:45:42.260+0800] {logging_mixin.py:190} INFO - [2025-04-20T20:45:42.258+0800] {dagbag.py:588} INFO - Filling up the DagBag from /mnt/c/Users/wu_li/OneDrive/Desktop/Airflow_pract/venv/lib/python3.9/site-packages/airflow/example_dags/example_branch_operator.py
[2025-04-20T20:45:42.396+0800] {processor.py:927} WARNING - No viable dags retrieved from /mnt/c/Users/wu_li/OneDrive/Desktop/Airflow_pract/venv/lib/python3.9/site-packages/airflow/example_dags/example_branch_operator.py
[2025-04-20T20:45:42.440+0800] {processor.py:208} INFO - Processing /mnt/c/Users/wu_li/OneDrive/Desktop/Airflow_pract/venv/lib/python3.9/site-packages/airflow/example_dags/example_branch_operator.py took 0.219 seconds
[2025-04-20T20:47:32.113+0800] {processor.py:186} INFO - Started process (PID=83279) to work on /mnt/c/Users/wu_li/OneDrive/Desktop/Airflow_pract/venv/lib/python3.9/site-packages/airflow/example_dags/example_branch_operator.py
[2025-04-20T20:47:32.116+0800] {processor.py:914} INFO - Processing file /mnt/c/Users/wu_li/OneDrive/Desktop/Airflow_pract/venv/lib/python3.9/site-packages/airflow/example_dags/example_branch_operator.py for tasks to queue
[2025-04-20T20:47:32.121+0800] {logging_mixin.py:190} INFO - [2025-04-20T20:47:32.119+0800] {dagbag.py:588} INFO - Filling up the DagBag from /mnt/c/Users/wu_li/OneDrive/Desktop/Airflow_pract/venv/lib/python3.9/site-packages/airflow/example_dags/example_branch_operator.py
[2025-04-20T20:47:32.291+0800] {processor.py:927} WARNING - No viable dags retrieved from /mnt/c/Users/wu_li/OneDrive/Desktop/Airflow_pract/venv/lib/python3.9/site-packages/airflow/example_dags/example_branch_operator.py
[2025-04-20T20:47:32.347+0800] {processor.py:208} INFO - Processing /mnt/c/Users/wu_li/OneDrive/Desktop/Airflow_pract/venv/lib/python3.9/site-packages/airflow/example_dags/example_branch_operator.py took 0.265 seconds
[2025-04-20T20:49:16.560+0800] {processor.py:186} INFO - Started process (PID=84292) to work on /mnt/c/Users/wu_li/OneDrive/Desktop/Airflow_pract/venv/lib/python3.9/site-packages/airflow/example_dags/example_branch_operator.py
[2025-04-20T20:49:16.563+0800] {processor.py:914} INFO - Processing file /mnt/c/Users/wu_li/OneDrive/Desktop/Airflow_pract/venv/lib/python3.9/site-packages/airflow/example_dags/example_branch_operator.py for tasks to queue
[2025-04-20T20:49:16.567+0800] {logging_mixin.py:190} INFO - [2025-04-20T20:49:16.565+0800] {dagbag.py:588} INFO - Filling up the DagBag from /mnt/c/Users/wu_li/OneDrive/Desktop/Airflow_pract/venv/lib/python3.9/site-packages/airflow/example_dags/example_branch_operator.py
[2025-04-20T20:49:16.715+0800] {processor.py:927} WARNING - No viable dags retrieved from /mnt/c/Users/wu_li/OneDrive/Desktop/Airflow_pract/venv/lib/python3.9/site-packages/airflow/example_dags/example_branch_operator.py
[2025-04-20T20:49:16.756+0800] {processor.py:208} INFO - Processing /mnt/c/Users/wu_li/OneDrive/Desktop/Airflow_pract/venv/lib/python3.9/site-packages/airflow/example_dags/example_branch_operator.py took 0.217 seconds
[2025-04-20T20:51:14.616+0800] {processor.py:186} INFO - Started process (PID=85162) to work on /mnt/c/Users/wu_li/OneDrive/Desktop/Airflow_pract/venv/lib/python3.9/site-packages/airflow/example_dags/example_branch_operator.py
[2025-04-20T20:51:14.619+0800] {processor.py:914} INFO - Processing file /mnt/c/Users/wu_li/OneDrive/Desktop/Airflow_pract/venv/lib/python3.9/site-packages/airflow/example_dags/example_branch_operator.py for tasks to queue
[2025-04-20T20:51:14.628+0800] {logging_mixin.py:190} INFO - [2025-04-20T20:51:14.621+0800] {dagbag.py:588} INFO - Filling up the DagBag from /mnt/c/Users/wu_li/OneDrive/Desktop/Airflow_pract/venv/lib/python3.9/site-packages/airflow/example_dags/example_branch_operator.py
[2025-04-20T20:51:14.759+0800] {processor.py:927} WARNING - No viable dags retrieved from /mnt/c/Users/wu_li/OneDrive/Desktop/Airflow_pract/venv/lib/python3.9/site-packages/airflow/example_dags/example_branch_operator.py
[2025-04-20T20:51:14.817+0800] {processor.py:208} INFO - Processing /mnt/c/Users/wu_li/OneDrive/Desktop/Airflow_pract/venv/lib/python3.9/site-packages/airflow/example_dags/example_branch_operator.py took 0.229 seconds
[2025-04-20T20:53:07.158+0800] {processor.py:186} INFO - Started process (PID=86112) to work on /mnt/c/Users/wu_li/OneDrive/Desktop/Airflow_pract/venv/lib/python3.9/site-packages/airflow/example_dags/example_branch_operator.py
[2025-04-20T20:53:07.159+0800] {processor.py:914} INFO - Processing file /mnt/c/Users/wu_li/OneDrive/Desktop/Airflow_pract/venv/lib/python3.9/site-packages/airflow/example_dags/example_branch_operator.py for tasks to queue
[2025-04-20T20:53:07.161+0800] {logging_mixin.py:190} INFO - [2025-04-20T20:53:07.161+0800] {dagbag.py:588} INFO - Filling up the DagBag from /mnt/c/Users/wu_li/OneDrive/Desktop/Airflow_pract/venv/lib/python3.9/site-packages/airflow/example_dags/example_branch_operator.py
[2025-04-20T20:53:07.224+0800] {processor.py:927} WARNING - No viable dags retrieved from /mnt/c/Users/wu_li/OneDrive/Desktop/Airflow_pract/venv/lib/python3.9/site-packages/airflow/example_dags/example_branch_operator.py
[2025-04-20T20:53:07.242+0800] {processor.py:208} INFO - Processing /mnt/c/Users/wu_li/OneDrive/Desktop/Airflow_pract/venv/lib/python3.9/site-packages/airflow/example_dags/example_branch_operator.py took 0.095 seconds
[2025-04-20T20:54:34.958+0800] {processor.py:186} INFO - Started process (PID=87115) to work on /mnt/c/Users/wu_li/OneDrive/Desktop/Airflow_pract/venv/lib/python3.9/site-packages/airflow/example_dags/example_branch_operator.py
[2025-04-20T20:54:34.960+0800] {processor.py:914} INFO - Processing file /mnt/c/Users/wu_li/OneDrive/Desktop/Airflow_pract/venv/lib/python3.9/site-packages/airflow/example_dags/example_branch_operator.py for tasks to queue
[2025-04-20T20:54:34.963+0800] {logging_mixin.py:190} INFO - [2025-04-20T20:54:34.962+0800] {dagbag.py:588} INFO - Filling up the DagBag from /mnt/c/Users/wu_li/OneDrive/Desktop/Airflow_pract/venv/lib/python3.9/site-packages/airflow/example_dags/example_branch_operator.py
[2025-04-20T20:54:35.042+0800] {processor.py:927} WARNING - No viable dags retrieved from /mnt/c/Users/wu_li/OneDrive/Desktop/Airflow_pract/venv/lib/python3.9/site-packages/airflow/example_dags/example_branch_operator.py
[2025-04-20T20:54:35.063+0800] {processor.py:208} INFO - Processing /mnt/c/Users/wu_li/OneDrive/Desktop/Airflow_pract/venv/lib/python3.9/site-packages/airflow/example_dags/example_branch_operator.py took 0.120 seconds
[2025-04-20T20:56:05.059+0800] {processor.py:186} INFO - Started process (PID=87977) to work on /mnt/c/Users/wu_li/OneDrive/Desktop/Airflow_pract/venv/lib/python3.9/site-packages/airflow/example_dags/example_branch_operator.py
[2025-04-20T20:56:05.064+0800] {processor.py:914} INFO - Processing file /mnt/c/Users/wu_li/OneDrive/Desktop/Airflow_pract/venv/lib/python3.9/site-packages/airflow/example_dags/example_branch_operator.py for tasks to queue
[2025-04-20T20:56:05.067+0800] {logging_mixin.py:190} INFO - [2025-04-20T20:56:05.066+0800] {dagbag.py:588} INFO - Filling up the DagBag from /mnt/c/Users/wu_li/OneDrive/Desktop/Airflow_pract/venv/lib/python3.9/site-packages/airflow/example_dags/example_branch_operator.py
[2025-04-20T20:56:05.158+0800] {processor.py:927} WARNING - No viable dags retrieved from /mnt/c/Users/wu_li/OneDrive/Desktop/Airflow_pract/venv/lib/python3.9/site-packages/airflow/example_dags/example_branch_operator.py
[2025-04-20T20:56:05.187+0800] {processor.py:208} INFO - Processing /mnt/c/Users/wu_li/OneDrive/Desktop/Airflow_pract/venv/lib/python3.9/site-packages/airflow/example_dags/example_branch_operator.py took 0.143 seconds
[2025-04-20T20:57:35.767+0800] {processor.py:186} INFO - Started process (PID=89057) to work on /mnt/c/Users/wu_li/OneDrive/Desktop/Airflow_pract/venv/lib/python3.9/site-packages/airflow/example_dags/example_branch_operator.py
[2025-04-20T20:57:35.770+0800] {processor.py:914} INFO - Processing file /mnt/c/Users/wu_li/OneDrive/Desktop/Airflow_pract/venv/lib/python3.9/site-packages/airflow/example_dags/example_branch_operator.py for tasks to queue
[2025-04-20T20:57:35.774+0800] {logging_mixin.py:190} INFO - [2025-04-20T20:57:35.772+0800] {dagbag.py:588} INFO - Filling up the DagBag from /mnt/c/Users/wu_li/OneDrive/Desktop/Airflow_pract/venv/lib/python3.9/site-packages/airflow/example_dags/example_branch_operator.py
[2025-04-20T20:57:35.857+0800] {processor.py:927} WARNING - No viable dags retrieved from /mnt/c/Users/wu_li/OneDrive/Desktop/Airflow_pract/venv/lib/python3.9/site-packages/airflow/example_dags/example_branch_operator.py
[2025-04-20T20:57:35.877+0800] {processor.py:208} INFO - Processing /mnt/c/Users/wu_li/OneDrive/Desktop/Airflow_pract/venv/lib/python3.9/site-packages/airflow/example_dags/example_branch_operator.py took 0.134 seconds
[2025-04-20T20:59:05.175+0800] {processor.py:186} INFO - Started process (PID=90069) to work on /mnt/c/Users/wu_li/OneDrive/Desktop/Airflow_pract/venv/lib/python3.9/site-packages/airflow/example_dags/example_branch_operator.py
[2025-04-20T20:59:05.177+0800] {processor.py:914} INFO - Processing file /mnt/c/Users/wu_li/OneDrive/Desktop/Airflow_pract/venv/lib/python3.9/site-packages/airflow/example_dags/example_branch_operator.py for tasks to queue
[2025-04-20T20:59:05.179+0800] {logging_mixin.py:190} INFO - [2025-04-20T20:59:05.178+0800] {dagbag.py:588} INFO - Filling up the DagBag from /mnt/c/Users/wu_li/OneDrive/Desktop/Airflow_pract/venv/lib/python3.9/site-packages/airflow/example_dags/example_branch_operator.py
[2025-04-20T20:59:05.237+0800] {processor.py:927} WARNING - No viable dags retrieved from /mnt/c/Users/wu_li/OneDrive/Desktop/Airflow_pract/venv/lib/python3.9/site-packages/airflow/example_dags/example_branch_operator.py
[2025-04-20T20:59:05.258+0800] {processor.py:208} INFO - Processing /mnt/c/Users/wu_li/OneDrive/Desktop/Airflow_pract/venv/lib/python3.9/site-packages/airflow/example_dags/example_branch_operator.py took 0.094 seconds
[2025-04-20T21:00:30.563+0800] {processor.py:186} INFO - Started process (PID=91073) to work on /mnt/c/Users/wu_li/OneDrive/Desktop/Airflow_pract/venv/lib/python3.9/site-packages/airflow/example_dags/example_branch_operator.py
[2025-04-20T21:00:30.564+0800] {processor.py:914} INFO - Processing file /mnt/c/Users/wu_li/OneDrive/Desktop/Airflow_pract/venv/lib/python3.9/site-packages/airflow/example_dags/example_branch_operator.py for tasks to queue
[2025-04-20T21:00:30.567+0800] {logging_mixin.py:190} INFO - [2025-04-20T21:00:30.566+0800] {dagbag.py:588} INFO - Filling up the DagBag from /mnt/c/Users/wu_li/OneDrive/Desktop/Airflow_pract/venv/lib/python3.9/site-packages/airflow/example_dags/example_branch_operator.py
[2025-04-20T21:00:30.626+0800] {processor.py:927} WARNING - No viable dags retrieved from /mnt/c/Users/wu_li/OneDrive/Desktop/Airflow_pract/venv/lib/python3.9/site-packages/airflow/example_dags/example_branch_operator.py
[2025-04-20T21:00:30.643+0800] {processor.py:208} INFO - Processing /mnt/c/Users/wu_li/OneDrive/Desktop/Airflow_pract/venv/lib/python3.9/site-packages/airflow/example_dags/example_branch_operator.py took 0.091 seconds
[2025-04-20T21:02:04.660+0800] {processor.py:186} INFO - Started process (PID=92123) to work on /mnt/c/Users/wu_li/OneDrive/Desktop/Airflow_pract/venv/lib/python3.9/site-packages/airflow/example_dags/example_branch_operator.py
[2025-04-20T21:02:04.661+0800] {processor.py:914} INFO - Processing file /mnt/c/Users/wu_li/OneDrive/Desktop/Airflow_pract/venv/lib/python3.9/site-packages/airflow/example_dags/example_branch_operator.py for tasks to queue
[2025-04-20T21:02:04.664+0800] {logging_mixin.py:190} INFO - [2025-04-20T21:02:04.663+0800] {dagbag.py:588} INFO - Filling up the DagBag from /mnt/c/Users/wu_li/OneDrive/Desktop/Airflow_pract/venv/lib/python3.9/site-packages/airflow/example_dags/example_branch_operator.py
[2025-04-20T21:02:04.730+0800] {processor.py:927} WARNING - No viable dags retrieved from /mnt/c/Users/wu_li/OneDrive/Desktop/Airflow_pract/venv/lib/python3.9/site-packages/airflow/example_dags/example_branch_operator.py
[2025-04-20T21:02:04.751+0800] {processor.py:208} INFO - Processing /mnt/c/Users/wu_li/OneDrive/Desktop/Airflow_pract/venv/lib/python3.9/site-packages/airflow/example_dags/example_branch_operator.py took 0.103 seconds
[2025-04-20T21:03:29.973+0800] {processor.py:186} INFO - Started process (PID=93159) to work on /mnt/c/Users/wu_li/OneDrive/Desktop/Airflow_pract/venv/lib/python3.9/site-packages/airflow/example_dags/example_branch_operator.py
[2025-04-20T21:03:29.977+0800] {processor.py:914} INFO - Processing file /mnt/c/Users/wu_li/OneDrive/Desktop/Airflow_pract/venv/lib/python3.9/site-packages/airflow/example_dags/example_branch_operator.py for tasks to queue
[2025-04-20T21:03:29.981+0800] {logging_mixin.py:190} INFO - [2025-04-20T21:03:29.979+0800] {dagbag.py:588} INFO - Filling up the DagBag from /mnt/c/Users/wu_li/OneDrive/Desktop/Airflow_pract/venv/lib/python3.9/site-packages/airflow/example_dags/example_branch_operator.py
[2025-04-20T21:03:30.098+0800] {processor.py:927} WARNING - No viable dags retrieved from /mnt/c/Users/wu_li/OneDrive/Desktop/Airflow_pract/venv/lib/python3.9/site-packages/airflow/example_dags/example_branch_operator.py
[2025-04-20T21:03:30.128+0800] {processor.py:208} INFO - Processing /mnt/c/Users/wu_li/OneDrive/Desktop/Airflow_pract/venv/lib/python3.9/site-packages/airflow/example_dags/example_branch_operator.py took 0.178 seconds
[2025-04-20T21:04:57.920+0800] {processor.py:186} INFO - Started process (PID=94237) to work on /mnt/c/Users/wu_li/OneDrive/Desktop/Airflow_pract/venv/lib/python3.9/site-packages/airflow/example_dags/example_branch_operator.py
[2025-04-20T21:04:57.928+0800] {processor.py:914} INFO - Processing file /mnt/c/Users/wu_li/OneDrive/Desktop/Airflow_pract/venv/lib/python3.9/site-packages/airflow/example_dags/example_branch_operator.py for tasks to queue
[2025-04-20T21:04:57.933+0800] {logging_mixin.py:190} INFO - [2025-04-20T21:04:57.931+0800] {dagbag.py:588} INFO - Filling up the DagBag from /mnt/c/Users/wu_li/OneDrive/Desktop/Airflow_pract/venv/lib/python3.9/site-packages/airflow/example_dags/example_branch_operator.py
[2025-04-20T21:04:58.029+0800] {processor.py:927} WARNING - No viable dags retrieved from /mnt/c/Users/wu_li/OneDrive/Desktop/Airflow_pract/venv/lib/python3.9/site-packages/airflow/example_dags/example_branch_operator.py
[2025-04-20T21:04:58.073+0800] {processor.py:208} INFO - Processing /mnt/c/Users/wu_li/OneDrive/Desktop/Airflow_pract/venv/lib/python3.9/site-packages/airflow/example_dags/example_branch_operator.py took 0.196 seconds
[2025-04-20T21:06:32.198+0800] {processor.py:186} INFO - Started process (PID=95318) to work on /mnt/c/Users/wu_li/OneDrive/Desktop/Airflow_pract/venv/lib/python3.9/site-packages/airflow/example_dags/example_branch_operator.py
[2025-04-20T21:06:32.200+0800] {processor.py:914} INFO - Processing file /mnt/c/Users/wu_li/OneDrive/Desktop/Airflow_pract/venv/lib/python3.9/site-packages/airflow/example_dags/example_branch_operator.py for tasks to queue
[2025-04-20T21:06:32.204+0800] {logging_mixin.py:190} INFO - [2025-04-20T21:06:32.202+0800] {dagbag.py:588} INFO - Filling up the DagBag from /mnt/c/Users/wu_li/OneDrive/Desktop/Airflow_pract/venv/lib/python3.9/site-packages/airflow/example_dags/example_branch_operator.py
[2025-04-20T21:06:32.321+0800] {processor.py:927} WARNING - No viable dags retrieved from /mnt/c/Users/wu_li/OneDrive/Desktop/Airflow_pract/venv/lib/python3.9/site-packages/airflow/example_dags/example_branch_operator.py
[2025-04-20T21:06:32.366+0800] {processor.py:208} INFO - Processing /mnt/c/Users/wu_li/OneDrive/Desktop/Airflow_pract/venv/lib/python3.9/site-packages/airflow/example_dags/example_branch_operator.py took 0.186 seconds
[2025-04-20T21:08:03.747+0800] {processor.py:186} INFO - Started process (PID=96403) to work on /mnt/c/Users/wu_li/OneDrive/Desktop/Airflow_pract/venv/lib/python3.9/site-packages/airflow/example_dags/example_branch_operator.py
[2025-04-20T21:08:03.749+0800] {processor.py:914} INFO - Processing file /mnt/c/Users/wu_li/OneDrive/Desktop/Airflow_pract/venv/lib/python3.9/site-packages/airflow/example_dags/example_branch_operator.py for tasks to queue
[2025-04-20T21:08:03.751+0800] {logging_mixin.py:190} INFO - [2025-04-20T21:08:03.750+0800] {dagbag.py:588} INFO - Filling up the DagBag from /mnt/c/Users/wu_li/OneDrive/Desktop/Airflow_pract/venv/lib/python3.9/site-packages/airflow/example_dags/example_branch_operator.py
[2025-04-20T21:08:03.819+0800] {processor.py:927} WARNING - No viable dags retrieved from /mnt/c/Users/wu_li/OneDrive/Desktop/Airflow_pract/venv/lib/python3.9/site-packages/airflow/example_dags/example_branch_operator.py
[2025-04-20T21:08:03.837+0800] {processor.py:208} INFO - Processing /mnt/c/Users/wu_li/OneDrive/Desktop/Airflow_pract/venv/lib/python3.9/site-packages/airflow/example_dags/example_branch_operator.py took 0.101 seconds
[2025-04-20T21:09:33.556+0800] {processor.py:186} INFO - Started process (PID=97480) to work on /mnt/c/Users/wu_li/OneDrive/Desktop/Airflow_pract/venv/lib/python3.9/site-packages/airflow/example_dags/example_branch_operator.py
[2025-04-20T21:09:33.557+0800] {processor.py:914} INFO - Processing file /mnt/c/Users/wu_li/OneDrive/Desktop/Airflow_pract/venv/lib/python3.9/site-packages/airflow/example_dags/example_branch_operator.py for tasks to queue
[2025-04-20T21:09:33.560+0800] {logging_mixin.py:190} INFO - [2025-04-20T21:09:33.559+0800] {dagbag.py:588} INFO - Filling up the DagBag from /mnt/c/Users/wu_li/OneDrive/Desktop/Airflow_pract/venv/lib/python3.9/site-packages/airflow/example_dags/example_branch_operator.py
[2025-04-20T21:09:33.627+0800] {processor.py:927} WARNING - No viable dags retrieved from /mnt/c/Users/wu_li/OneDrive/Desktop/Airflow_pract/venv/lib/python3.9/site-packages/airflow/example_dags/example_branch_operator.py
[2025-04-20T21:09:33.646+0800] {processor.py:208} INFO - Processing /mnt/c/Users/wu_li/OneDrive/Desktop/Airflow_pract/venv/lib/python3.9/site-packages/airflow/example_dags/example_branch_operator.py took 0.102 seconds
[2025-04-20T21:11:05.331+0800] {processor.py:186} INFO - Started process (PID=98563) to work on /mnt/c/Users/wu_li/OneDrive/Desktop/Airflow_pract/venv/lib/python3.9/site-packages/airflow/example_dags/example_branch_operator.py
[2025-04-20T21:11:05.333+0800] {processor.py:914} INFO - Processing file /mnt/c/Users/wu_li/OneDrive/Desktop/Airflow_pract/venv/lib/python3.9/site-packages/airflow/example_dags/example_branch_operator.py for tasks to queue
[2025-04-20T21:11:05.335+0800] {logging_mixin.py:190} INFO - [2025-04-20T21:11:05.334+0800] {dagbag.py:588} INFO - Filling up the DagBag from /mnt/c/Users/wu_li/OneDrive/Desktop/Airflow_pract/venv/lib/python3.9/site-packages/airflow/example_dags/example_branch_operator.py
[2025-04-20T21:11:05.395+0800] {processor.py:927} WARNING - No viable dags retrieved from /mnt/c/Users/wu_li/OneDrive/Desktop/Airflow_pract/venv/lib/python3.9/site-packages/airflow/example_dags/example_branch_operator.py
[2025-04-20T21:11:05.413+0800] {processor.py:208} INFO - Processing /mnt/c/Users/wu_li/OneDrive/Desktop/Airflow_pract/venv/lib/python3.9/site-packages/airflow/example_dags/example_branch_operator.py took 0.094 seconds
[2025-04-20T21:12:36.889+0800] {processor.py:186} INFO - Started process (PID=99715) to work on /mnt/c/Users/wu_li/OneDrive/Desktop/Airflow_pract/venv/lib/python3.9/site-packages/airflow/example_dags/example_branch_operator.py
[2025-04-20T21:12:36.892+0800] {processor.py:914} INFO - Processing file /mnt/c/Users/wu_li/OneDrive/Desktop/Airflow_pract/venv/lib/python3.9/site-packages/airflow/example_dags/example_branch_operator.py for tasks to queue
[2025-04-20T21:12:36.897+0800] {logging_mixin.py:190} INFO - [2025-04-20T21:12:36.895+0800] {dagbag.py:588} INFO - Filling up the DagBag from /mnt/c/Users/wu_li/OneDrive/Desktop/Airflow_pract/venv/lib/python3.9/site-packages/airflow/example_dags/example_branch_operator.py
[2025-04-20T21:12:36.985+0800] {processor.py:927} WARNING - No viable dags retrieved from /mnt/c/Users/wu_li/OneDrive/Desktop/Airflow_pract/venv/lib/python3.9/site-packages/airflow/example_dags/example_branch_operator.py
[2025-04-20T21:12:37.014+0800] {processor.py:208} INFO - Processing /mnt/c/Users/wu_li/OneDrive/Desktop/Airflow_pract/venv/lib/python3.9/site-packages/airflow/example_dags/example_branch_operator.py took 0.145 seconds
[2025-04-20T21:14:06.614+0800] {processor.py:186} INFO - Started process (PID=100721) to work on /mnt/c/Users/wu_li/OneDrive/Desktop/Airflow_pract/venv/lib/python3.9/site-packages/airflow/example_dags/example_branch_operator.py
[2025-04-20T21:14:06.619+0800] {processor.py:914} INFO - Processing file /mnt/c/Users/wu_li/OneDrive/Desktop/Airflow_pract/venv/lib/python3.9/site-packages/airflow/example_dags/example_branch_operator.py for tasks to queue
[2025-04-20T21:14:06.623+0800] {logging_mixin.py:190} INFO - [2025-04-20T21:14:06.621+0800] {dagbag.py:588} INFO - Filling up the DagBag from /mnt/c/Users/wu_li/OneDrive/Desktop/Airflow_pract/venv/lib/python3.9/site-packages/airflow/example_dags/example_branch_operator.py
[2025-04-20T21:14:06.721+0800] {processor.py:927} WARNING - No viable dags retrieved from /mnt/c/Users/wu_li/OneDrive/Desktop/Airflow_pract/venv/lib/python3.9/site-packages/airflow/example_dags/example_branch_operator.py
[2025-04-20T21:14:06.752+0800] {processor.py:208} INFO - Processing /mnt/c/Users/wu_li/OneDrive/Desktop/Airflow_pract/venv/lib/python3.9/site-packages/airflow/example_dags/example_branch_operator.py took 0.161 seconds
[2025-04-20T21:15:37.287+0800] {processor.py:186} INFO - Started process (PID=101770) to work on /mnt/c/Users/wu_li/OneDrive/Desktop/Airflow_pract/venv/lib/python3.9/site-packages/airflow/example_dags/example_branch_operator.py
[2025-04-20T21:15:37.289+0800] {processor.py:914} INFO - Processing file /mnt/c/Users/wu_li/OneDrive/Desktop/Airflow_pract/venv/lib/python3.9/site-packages/airflow/example_dags/example_branch_operator.py for tasks to queue
[2025-04-20T21:15:37.292+0800] {logging_mixin.py:190} INFO - [2025-04-20T21:15:37.291+0800] {dagbag.py:588} INFO - Filling up the DagBag from /mnt/c/Users/wu_li/OneDrive/Desktop/Airflow_pract/venv/lib/python3.9/site-packages/airflow/example_dags/example_branch_operator.py
[2025-04-20T21:15:37.364+0800] {processor.py:927} WARNING - No viable dags retrieved from /mnt/c/Users/wu_li/OneDrive/Desktop/Airflow_pract/venv/lib/python3.9/site-packages/airflow/example_dags/example_branch_operator.py
[2025-04-20T21:15:37.389+0800] {processor.py:208} INFO - Processing /mnt/c/Users/wu_li/OneDrive/Desktop/Airflow_pract/venv/lib/python3.9/site-packages/airflow/example_dags/example_branch_operator.py took 0.114 seconds
[2025-04-20T21:17:07.653+0800] {processor.py:186} INFO - Started process (PID=102813) to work on /mnt/c/Users/wu_li/OneDrive/Desktop/Airflow_pract/venv/lib/python3.9/site-packages/airflow/example_dags/example_branch_operator.py
[2025-04-20T21:17:07.662+0800] {processor.py:914} INFO - Processing file /mnt/c/Users/wu_li/OneDrive/Desktop/Airflow_pract/venv/lib/python3.9/site-packages/airflow/example_dags/example_branch_operator.py for tasks to queue
[2025-04-20T21:17:07.666+0800] {logging_mixin.py:190} INFO - [2025-04-20T21:17:07.665+0800] {dagbag.py:588} INFO - Filling up the DagBag from /mnt/c/Users/wu_li/OneDrive/Desktop/Airflow_pract/venv/lib/python3.9/site-packages/airflow/example_dags/example_branch_operator.py
[2025-04-20T21:17:07.768+0800] {processor.py:927} WARNING - No viable dags retrieved from /mnt/c/Users/wu_li/OneDrive/Desktop/Airflow_pract/venv/lib/python3.9/site-packages/airflow/example_dags/example_branch_operator.py
[2025-04-20T21:17:07.796+0800] {processor.py:208} INFO - Processing /mnt/c/Users/wu_li/OneDrive/Desktop/Airflow_pract/venv/lib/python3.9/site-packages/airflow/example_dags/example_branch_operator.py took 0.168 seconds
[2025-04-20T21:18:32.333+0800] {processor.py:186} INFO - Started process (PID=103818) to work on /mnt/c/Users/wu_li/OneDrive/Desktop/Airflow_pract/venv/lib/python3.9/site-packages/airflow/example_dags/example_branch_operator.py
[2025-04-20T21:18:32.336+0800] {processor.py:914} INFO - Processing file /mnt/c/Users/wu_li/OneDrive/Desktop/Airflow_pract/venv/lib/python3.9/site-packages/airflow/example_dags/example_branch_operator.py for tasks to queue
[2025-04-20T21:18:32.340+0800] {logging_mixin.py:190} INFO - [2025-04-20T21:18:32.339+0800] {dagbag.py:588} INFO - Filling up the DagBag from /mnt/c/Users/wu_li/OneDrive/Desktop/Airflow_pract/venv/lib/python3.9/site-packages/airflow/example_dags/example_branch_operator.py
[2025-04-20T21:18:32.468+0800] {processor.py:927} WARNING - No viable dags retrieved from /mnt/c/Users/wu_li/OneDrive/Desktop/Airflow_pract/venv/lib/python3.9/site-packages/airflow/example_dags/example_branch_operator.py
[2025-04-20T21:18:32.516+0800] {processor.py:208} INFO - Processing /mnt/c/Users/wu_li/OneDrive/Desktop/Airflow_pract/venv/lib/python3.9/site-packages/airflow/example_dags/example_branch_operator.py took 0.204 seconds
[2025-04-20T21:20:02.096+0800] {processor.py:186} INFO - Started process (PID=104828) to work on /mnt/c/Users/wu_li/OneDrive/Desktop/Airflow_pract/venv/lib/python3.9/site-packages/airflow/example_dags/example_branch_operator.py
[2025-04-20T21:20:02.098+0800] {processor.py:914} INFO - Processing file /mnt/c/Users/wu_li/OneDrive/Desktop/Airflow_pract/venv/lib/python3.9/site-packages/airflow/example_dags/example_branch_operator.py for tasks to queue
[2025-04-20T21:20:02.100+0800] {logging_mixin.py:190} INFO - [2025-04-20T21:20:02.099+0800] {dagbag.py:588} INFO - Filling up the DagBag from /mnt/c/Users/wu_li/OneDrive/Desktop/Airflow_pract/venv/lib/python3.9/site-packages/airflow/example_dags/example_branch_operator.py
[2025-04-20T21:20:02.159+0800] {processor.py:927} WARNING - No viable dags retrieved from /mnt/c/Users/wu_li/OneDrive/Desktop/Airflow_pract/venv/lib/python3.9/site-packages/airflow/example_dags/example_branch_operator.py
[2025-04-20T21:20:02.177+0800] {processor.py:208} INFO - Processing /mnt/c/Users/wu_li/OneDrive/Desktop/Airflow_pract/venv/lib/python3.9/site-packages/airflow/example_dags/example_branch_operator.py took 0.093 seconds
[2025-04-20T21:21:33.901+0800] {processor.py:186} INFO - Started process (PID=105906) to work on /mnt/c/Users/wu_li/OneDrive/Desktop/Airflow_pract/venv/lib/python3.9/site-packages/airflow/example_dags/example_branch_operator.py
[2025-04-20T21:21:33.903+0800] {processor.py:914} INFO - Processing file /mnt/c/Users/wu_li/OneDrive/Desktop/Airflow_pract/venv/lib/python3.9/site-packages/airflow/example_dags/example_branch_operator.py for tasks to queue
[2025-04-20T21:21:33.906+0800] {logging_mixin.py:190} INFO - [2025-04-20T21:21:33.905+0800] {dagbag.py:588} INFO - Filling up the DagBag from /mnt/c/Users/wu_li/OneDrive/Desktop/Airflow_pract/venv/lib/python3.9/site-packages/airflow/example_dags/example_branch_operator.py
[2025-04-20T21:21:33.971+0800] {processor.py:927} WARNING - No viable dags retrieved from /mnt/c/Users/wu_li/OneDrive/Desktop/Airflow_pract/venv/lib/python3.9/site-packages/airflow/example_dags/example_branch_operator.py
[2025-04-20T21:21:33.990+0800] {processor.py:208} INFO - Processing /mnt/c/Users/wu_li/OneDrive/Desktop/Airflow_pract/venv/lib/python3.9/site-packages/airflow/example_dags/example_branch_operator.py took 0.102 seconds
[2025-04-20T21:23:06.577+0800] {processor.py:186} INFO - Started process (PID=106845) to work on /mnt/c/Users/wu_li/OneDrive/Desktop/Airflow_pract/venv/lib/python3.9/site-packages/airflow/example_dags/example_branch_operator.py
[2025-04-20T21:23:06.579+0800] {processor.py:914} INFO - Processing file /mnt/c/Users/wu_li/OneDrive/Desktop/Airflow_pract/venv/lib/python3.9/site-packages/airflow/example_dags/example_branch_operator.py for tasks to queue
[2025-04-20T21:23:06.582+0800] {logging_mixin.py:190} INFO - [2025-04-20T21:23:06.581+0800] {dagbag.py:588} INFO - Filling up the DagBag from /mnt/c/Users/wu_li/OneDrive/Desktop/Airflow_pract/venv/lib/python3.9/site-packages/airflow/example_dags/example_branch_operator.py
[2025-04-20T21:23:06.652+0800] {processor.py:927} WARNING - No viable dags retrieved from /mnt/c/Users/wu_li/OneDrive/Desktop/Airflow_pract/venv/lib/python3.9/site-packages/airflow/example_dags/example_branch_operator.py
[2025-04-20T21:23:06.672+0800] {processor.py:208} INFO - Processing /mnt/c/Users/wu_li/OneDrive/Desktop/Airflow_pract/venv/lib/python3.9/site-packages/airflow/example_dags/example_branch_operator.py took 0.114 seconds
[2025-04-20T21:24:37.298+0800] {processor.py:186} INFO - Started process (PID=107924) to work on /mnt/c/Users/wu_li/OneDrive/Desktop/Airflow_pract/venv/lib/python3.9/site-packages/airflow/example_dags/example_branch_operator.py
[2025-04-20T21:24:37.300+0800] {processor.py:914} INFO - Processing file /mnt/c/Users/wu_li/OneDrive/Desktop/Airflow_pract/venv/lib/python3.9/site-packages/airflow/example_dags/example_branch_operator.py for tasks to queue
[2025-04-20T21:24:37.302+0800] {logging_mixin.py:190} INFO - [2025-04-20T21:24:37.301+0800] {dagbag.py:588} INFO - Filling up the DagBag from /mnt/c/Users/wu_li/OneDrive/Desktop/Airflow_pract/venv/lib/python3.9/site-packages/airflow/example_dags/example_branch_operator.py
[2025-04-20T21:24:37.359+0800] {processor.py:927} WARNING - No viable dags retrieved from /mnt/c/Users/wu_li/OneDrive/Desktop/Airflow_pract/venv/lib/python3.9/site-packages/airflow/example_dags/example_branch_operator.py
[2025-04-20T21:24:37.379+0800] {processor.py:208} INFO - Processing /mnt/c/Users/wu_li/OneDrive/Desktop/Airflow_pract/venv/lib/python3.9/site-packages/airflow/example_dags/example_branch_operator.py took 0.091 seconds
[2025-04-20T21:26:09.727+0800] {processor.py:186} INFO - Started process (PID=109000) to work on /mnt/c/Users/wu_li/OneDrive/Desktop/Airflow_pract/venv/lib/python3.9/site-packages/airflow/example_dags/example_branch_operator.py
[2025-04-20T21:26:09.729+0800] {processor.py:914} INFO - Processing file /mnt/c/Users/wu_li/OneDrive/Desktop/Airflow_pract/venv/lib/python3.9/site-packages/airflow/example_dags/example_branch_operator.py for tasks to queue
[2025-04-20T21:26:09.733+0800] {logging_mixin.py:190} INFO - [2025-04-20T21:26:09.732+0800] {dagbag.py:588} INFO - Filling up the DagBag from /mnt/c/Users/wu_li/OneDrive/Desktop/Airflow_pract/venv/lib/python3.9/site-packages/airflow/example_dags/example_branch_operator.py
[2025-04-20T21:26:09.829+0800] {processor.py:927} WARNING - No viable dags retrieved from /mnt/c/Users/wu_li/OneDrive/Desktop/Airflow_pract/venv/lib/python3.9/site-packages/airflow/example_dags/example_branch_operator.py
[2025-04-20T21:26:09.857+0800] {processor.py:208} INFO - Processing /mnt/c/Users/wu_li/OneDrive/Desktop/Airflow_pract/venv/lib/python3.9/site-packages/airflow/example_dags/example_branch_operator.py took 0.149 seconds
[2025-04-20T21:27:36.974+0800] {processor.py:186} INFO - Started process (PID=110007) to work on /mnt/c/Users/wu_li/OneDrive/Desktop/Airflow_pract/venv/lib/python3.9/site-packages/airflow/example_dags/example_branch_operator.py
[2025-04-20T21:27:36.981+0800] {processor.py:914} INFO - Processing file /mnt/c/Users/wu_li/OneDrive/Desktop/Airflow_pract/venv/lib/python3.9/site-packages/airflow/example_dags/example_branch_operator.py for tasks to queue
[2025-04-20T21:27:36.988+0800] {logging_mixin.py:190} INFO - [2025-04-20T21:27:36.983+0800] {dagbag.py:588} INFO - Filling up the DagBag from /mnt/c/Users/wu_li/OneDrive/Desktop/Airflow_pract/venv/lib/python3.9/site-packages/airflow/example_dags/example_branch_operator.py
[2025-04-20T21:27:37.089+0800] {processor.py:927} WARNING - No viable dags retrieved from /mnt/c/Users/wu_li/OneDrive/Desktop/Airflow_pract/venv/lib/python3.9/site-packages/airflow/example_dags/example_branch_operator.py
[2025-04-20T21:27:37.124+0800] {processor.py:208} INFO - Processing /mnt/c/Users/wu_li/OneDrive/Desktop/Airflow_pract/venv/lib/python3.9/site-packages/airflow/example_dags/example_branch_operator.py took 0.173 seconds
[2025-04-20T21:29:10.394+0800] {processor.py:186} INFO - Started process (PID=111089) to work on /mnt/c/Users/wu_li/OneDrive/Desktop/Airflow_pract/venv/lib/python3.9/site-packages/airflow/example_dags/example_branch_operator.py
[2025-04-20T21:29:10.396+0800] {processor.py:914} INFO - Processing file /mnt/c/Users/wu_li/OneDrive/Desktop/Airflow_pract/venv/lib/python3.9/site-packages/airflow/example_dags/example_branch_operator.py for tasks to queue
[2025-04-20T21:29:10.403+0800] {logging_mixin.py:190} INFO - [2025-04-20T21:29:10.401+0800] {dagbag.py:588} INFO - Filling up the DagBag from /mnt/c/Users/wu_li/OneDrive/Desktop/Airflow_pract/venv/lib/python3.9/site-packages/airflow/example_dags/example_branch_operator.py
[2025-04-20T21:29:10.502+0800] {processor.py:927} WARNING - No viable dags retrieved from /mnt/c/Users/wu_li/OneDrive/Desktop/Airflow_pract/venv/lib/python3.9/site-packages/airflow/example_dags/example_branch_operator.py
[2025-04-20T21:29:10.534+0800] {processor.py:208} INFO - Processing /mnt/c/Users/wu_li/OneDrive/Desktop/Airflow_pract/venv/lib/python3.9/site-packages/airflow/example_dags/example_branch_operator.py took 0.158 seconds
[2025-04-20T21:30:40.030+0800] {processor.py:186} INFO - Started process (PID=112168) to work on /mnt/c/Users/wu_li/OneDrive/Desktop/Airflow_pract/venv/lib/python3.9/site-packages/airflow/example_dags/example_branch_operator.py
[2025-04-20T21:30:40.034+0800] {processor.py:914} INFO - Processing file /mnt/c/Users/wu_li/OneDrive/Desktop/Airflow_pract/venv/lib/python3.9/site-packages/airflow/example_dags/example_branch_operator.py for tasks to queue
[2025-04-20T21:30:40.047+0800] {logging_mixin.py:190} INFO - [2025-04-20T21:30:40.042+0800] {dagbag.py:588} INFO - Filling up the DagBag from /mnt/c/Users/wu_li/OneDrive/Desktop/Airflow_pract/venv/lib/python3.9/site-packages/airflow/example_dags/example_branch_operator.py
[2025-04-20T21:30:40.131+0800] {processor.py:927} WARNING - No viable dags retrieved from /mnt/c/Users/wu_li/OneDrive/Desktop/Airflow_pract/venv/lib/python3.9/site-packages/airflow/example_dags/example_branch_operator.py
[2025-04-20T21:30:40.167+0800] {processor.py:208} INFO - Processing /mnt/c/Users/wu_li/OneDrive/Desktop/Airflow_pract/venv/lib/python3.9/site-packages/airflow/example_dags/example_branch_operator.py took 0.162 seconds
[2025-04-20T21:32:13.409+0800] {processor.py:186} INFO - Started process (PID=113179) to work on /mnt/c/Users/wu_li/OneDrive/Desktop/Airflow_pract/venv/lib/python3.9/site-packages/airflow/example_dags/example_branch_operator.py
[2025-04-20T21:32:13.410+0800] {processor.py:914} INFO - Processing file /mnt/c/Users/wu_li/OneDrive/Desktop/Airflow_pract/venv/lib/python3.9/site-packages/airflow/example_dags/example_branch_operator.py for tasks to queue
[2025-04-20T21:32:13.413+0800] {logging_mixin.py:190} INFO - [2025-04-20T21:32:13.412+0800] {dagbag.py:588} INFO - Filling up the DagBag from /mnt/c/Users/wu_li/OneDrive/Desktop/Airflow_pract/venv/lib/python3.9/site-packages/airflow/example_dags/example_branch_operator.py
[2025-04-20T21:32:13.480+0800] {processor.py:927} WARNING - No viable dags retrieved from /mnt/c/Users/wu_li/OneDrive/Desktop/Airflow_pract/venv/lib/python3.9/site-packages/airflow/example_dags/example_branch_operator.py
[2025-04-20T21:32:13.501+0800] {processor.py:208} INFO - Processing /mnt/c/Users/wu_li/OneDrive/Desktop/Airflow_pract/venv/lib/python3.9/site-packages/airflow/example_dags/example_branch_operator.py took 0.104 seconds
[2025-04-20T21:33:41.186+0800] {processor.py:186} INFO - Started process (PID=114226) to work on /mnt/c/Users/wu_li/OneDrive/Desktop/Airflow_pract/venv/lib/python3.9/site-packages/airflow/example_dags/example_branch_operator.py
[2025-04-20T21:33:41.188+0800] {processor.py:914} INFO - Processing file /mnt/c/Users/wu_li/OneDrive/Desktop/Airflow_pract/venv/lib/python3.9/site-packages/airflow/example_dags/example_branch_operator.py for tasks to queue
[2025-04-20T21:33:41.190+0800] {logging_mixin.py:190} INFO - [2025-04-20T21:33:41.189+0800] {dagbag.py:588} INFO - Filling up the DagBag from /mnt/c/Users/wu_li/OneDrive/Desktop/Airflow_pract/venv/lib/python3.9/site-packages/airflow/example_dags/example_branch_operator.py
[2025-04-20T21:33:41.252+0800] {processor.py:927} WARNING - No viable dags retrieved from /mnt/c/Users/wu_li/OneDrive/Desktop/Airflow_pract/venv/lib/python3.9/site-packages/airflow/example_dags/example_branch_operator.py
[2025-04-20T21:33:41.271+0800] {processor.py:208} INFO - Processing /mnt/c/Users/wu_li/OneDrive/Desktop/Airflow_pract/venv/lib/python3.9/site-packages/airflow/example_dags/example_branch_operator.py took 0.096 seconds
[2025-04-20T21:35:18.576+0800] {processor.py:186} INFO - Started process (PID=115339) to work on /mnt/c/Users/wu_li/OneDrive/Desktop/Airflow_pract/venv/lib/python3.9/site-packages/airflow/example_dags/example_branch_operator.py
[2025-04-20T21:35:18.578+0800] {processor.py:914} INFO - Processing file /mnt/c/Users/wu_li/OneDrive/Desktop/Airflow_pract/venv/lib/python3.9/site-packages/airflow/example_dags/example_branch_operator.py for tasks to queue
[2025-04-20T21:35:18.581+0800] {logging_mixin.py:190} INFO - [2025-04-20T21:35:18.580+0800] {dagbag.py:588} INFO - Filling up the DagBag from /mnt/c/Users/wu_li/OneDrive/Desktop/Airflow_pract/venv/lib/python3.9/site-packages/airflow/example_dags/example_branch_operator.py
[2025-04-20T21:35:18.654+0800] {processor.py:927} WARNING - No viable dags retrieved from /mnt/c/Users/wu_li/OneDrive/Desktop/Airflow_pract/venv/lib/python3.9/site-packages/airflow/example_dags/example_branch_operator.py
[2025-04-20T21:35:18.675+0800] {processor.py:208} INFO - Processing /mnt/c/Users/wu_li/OneDrive/Desktop/Airflow_pract/venv/lib/python3.9/site-packages/airflow/example_dags/example_branch_operator.py took 0.112 seconds
[2025-04-20T21:36:56.844+0800] {processor.py:186} INFO - Started process (PID=116563) to work on /mnt/c/Users/wu_li/OneDrive/Desktop/Airflow_pract/venv/lib/python3.9/site-packages/airflow/example_dags/example_branch_operator.py
[2025-04-20T21:36:56.846+0800] {processor.py:914} INFO - Processing file /mnt/c/Users/wu_li/OneDrive/Desktop/Airflow_pract/venv/lib/python3.9/site-packages/airflow/example_dags/example_branch_operator.py for tasks to queue
[2025-04-20T21:36:56.852+0800] {logging_mixin.py:190} INFO - [2025-04-20T21:36:56.850+0800] {dagbag.py:588} INFO - Filling up the DagBag from /mnt/c/Users/wu_li/OneDrive/Desktop/Airflow_pract/venv/lib/python3.9/site-packages/airflow/example_dags/example_branch_operator.py
[2025-04-20T21:36:56.939+0800] {processor.py:927} WARNING - No viable dags retrieved from /mnt/c/Users/wu_li/OneDrive/Desktop/Airflow_pract/venv/lib/python3.9/site-packages/airflow/example_dags/example_branch_operator.py
[2025-04-20T21:36:56.969+0800] {processor.py:208} INFO - Processing /mnt/c/Users/wu_li/OneDrive/Desktop/Airflow_pract/venv/lib/python3.9/site-packages/airflow/example_dags/example_branch_operator.py took 0.144 seconds
[2025-04-20T21:38:46.410+0800] {processor.py:186} INFO - Started process (PID=117542) to work on /mnt/c/Users/wu_li/OneDrive/Desktop/Airflow_pract/venv/lib/python3.9/site-packages/airflow/example_dags/example_branch_operator.py
[2025-04-20T21:38:46.412+0800] {processor.py:914} INFO - Processing file /mnt/c/Users/wu_li/OneDrive/Desktop/Airflow_pract/venv/lib/python3.9/site-packages/airflow/example_dags/example_branch_operator.py for tasks to queue
[2025-04-20T21:38:46.415+0800] {logging_mixin.py:190} INFO - [2025-04-20T21:38:46.414+0800] {dagbag.py:588} INFO - Filling up the DagBag from /mnt/c/Users/wu_li/OneDrive/Desktop/Airflow_pract/venv/lib/python3.9/site-packages/airflow/example_dags/example_branch_operator.py
[2025-04-20T21:38:46.500+0800] {processor.py:927} WARNING - No viable dags retrieved from /mnt/c/Users/wu_li/OneDrive/Desktop/Airflow_pract/venv/lib/python3.9/site-packages/airflow/example_dags/example_branch_operator.py
[2025-04-20T21:38:46.530+0800] {processor.py:208} INFO - Processing /mnt/c/Users/wu_li/OneDrive/Desktop/Airflow_pract/venv/lib/python3.9/site-packages/airflow/example_dags/example_branch_operator.py took 0.136 seconds
[2025-04-20T21:40:15.145+0800] {processor.py:186} INFO - Started process (PID=118422) to work on /mnt/c/Users/wu_li/OneDrive/Desktop/Airflow_pract/venv/lib/python3.9/site-packages/airflow/example_dags/example_branch_operator.py
[2025-04-20T21:40:15.147+0800] {processor.py:914} INFO - Processing file /mnt/c/Users/wu_li/OneDrive/Desktop/Airflow_pract/venv/lib/python3.9/site-packages/airflow/example_dags/example_branch_operator.py for tasks to queue
[2025-04-20T21:40:15.151+0800] {logging_mixin.py:190} INFO - [2025-04-20T21:40:15.149+0800] {dagbag.py:588} INFO - Filling up the DagBag from /mnt/c/Users/wu_li/OneDrive/Desktop/Airflow_pract/venv/lib/python3.9/site-packages/airflow/example_dags/example_branch_operator.py
[2025-04-20T21:40:15.235+0800] {processor.py:927} WARNING - No viable dags retrieved from /mnt/c/Users/wu_li/OneDrive/Desktop/Airflow_pract/venv/lib/python3.9/site-packages/airflow/example_dags/example_branch_operator.py
[2025-04-20T21:40:15.262+0800] {processor.py:208} INFO - Processing /mnt/c/Users/wu_li/OneDrive/Desktop/Airflow_pract/venv/lib/python3.9/site-packages/airflow/example_dags/example_branch_operator.py took 0.133 seconds
[2025-04-20T21:41:41.721+0800] {processor.py:186} INFO - Started process (PID=119531) to work on /mnt/c/Users/wu_li/OneDrive/Desktop/Airflow_pract/venv/lib/python3.9/site-packages/airflow/example_dags/example_branch_operator.py
[2025-04-20T21:41:41.723+0800] {processor.py:914} INFO - Processing file /mnt/c/Users/wu_li/OneDrive/Desktop/Airflow_pract/venv/lib/python3.9/site-packages/airflow/example_dags/example_branch_operator.py for tasks to queue
[2025-04-20T21:41:41.727+0800] {logging_mixin.py:190} INFO - [2025-04-20T21:41:41.726+0800] {dagbag.py:588} INFO - Filling up the DagBag from /mnt/c/Users/wu_li/OneDrive/Desktop/Airflow_pract/venv/lib/python3.9/site-packages/airflow/example_dags/example_branch_operator.py
[2025-04-20T21:41:41.831+0800] {processor.py:927} WARNING - No viable dags retrieved from /mnt/c/Users/wu_li/OneDrive/Desktop/Airflow_pract/venv/lib/python3.9/site-packages/airflow/example_dags/example_branch_operator.py
[2025-04-20T21:41:41.878+0800] {processor.py:208} INFO - Processing /mnt/c/Users/wu_li/OneDrive/Desktop/Airflow_pract/venv/lib/python3.9/site-packages/airflow/example_dags/example_branch_operator.py took 0.190 seconds
[2025-04-20T21:43:20.866+0800] {processor.py:186} INFO - Started process (PID=120369) to work on /mnt/c/Users/wu_li/OneDrive/Desktop/Airflow_pract/venv/lib/python3.9/site-packages/airflow/example_dags/example_branch_operator.py
[2025-04-20T21:43:20.873+0800] {processor.py:914} INFO - Processing file /mnt/c/Users/wu_li/OneDrive/Desktop/Airflow_pract/venv/lib/python3.9/site-packages/airflow/example_dags/example_branch_operator.py for tasks to queue
[2025-04-20T21:43:20.884+0800] {logging_mixin.py:190} INFO - [2025-04-20T21:43:20.878+0800] {dagbag.py:588} INFO - Filling up the DagBag from /mnt/c/Users/wu_li/OneDrive/Desktop/Airflow_pract/venv/lib/python3.9/site-packages/airflow/example_dags/example_branch_operator.py
[2025-04-20T21:43:21.044+0800] {processor.py:927} WARNING - No viable dags retrieved from /mnt/c/Users/wu_li/OneDrive/Desktop/Airflow_pract/venv/lib/python3.9/site-packages/airflow/example_dags/example_branch_operator.py
[2025-04-20T21:43:21.108+0800] {processor.py:208} INFO - Processing /mnt/c/Users/wu_li/OneDrive/Desktop/Airflow_pract/venv/lib/python3.9/site-packages/airflow/example_dags/example_branch_operator.py took 0.283 seconds
[2025-04-20T21:44:53.657+0800] {processor.py:186} INFO - Started process (PID=121329) to work on /mnt/c/Users/wu_li/OneDrive/Desktop/Airflow_pract/venv/lib/python3.9/site-packages/airflow/example_dags/example_branch_operator.py
[2025-04-20T21:44:53.663+0800] {processor.py:914} INFO - Processing file /mnt/c/Users/wu_li/OneDrive/Desktop/Airflow_pract/venv/lib/python3.9/site-packages/airflow/example_dags/example_branch_operator.py for tasks to queue
[2025-04-20T21:44:53.666+0800] {logging_mixin.py:190} INFO - [2025-04-20T21:44:53.665+0800] {dagbag.py:588} INFO - Filling up the DagBag from /mnt/c/Users/wu_li/OneDrive/Desktop/Airflow_pract/venv/lib/python3.9/site-packages/airflow/example_dags/example_branch_operator.py
[2025-04-20T21:44:53.753+0800] {processor.py:927} WARNING - No viable dags retrieved from /mnt/c/Users/wu_li/OneDrive/Desktop/Airflow_pract/venv/lib/python3.9/site-packages/airflow/example_dags/example_branch_operator.py
[2025-04-20T21:44:53.781+0800] {processor.py:208} INFO - Processing /mnt/c/Users/wu_li/OneDrive/Desktop/Airflow_pract/venv/lib/python3.9/site-packages/airflow/example_dags/example_branch_operator.py took 0.152 seconds
