[2025-04-20T20:12:04.349+0800] {processor.py:186} INFO - Started process (PID=63898) to work on /mnt/c/Users/wu_li/OneDrive/Desktop/Airflow_pract/venv/lib/python3.9/site-packages/airflow/example_dags/example_latest_only.py
[2025-04-20T20:12:04.352+0800] {processor.py:914} INFO - Processing file /mnt/c/Users/wu_li/OneDrive/Desktop/Airflow_pract/venv/lib/python3.9/site-packages/airflow/example_dags/example_latest_only.py for tasks to queue
[2025-04-20T20:12:04.356+0800] {logging_mixin.py:190} INFO - [2025-04-20T20:12:04.355+0800] {dagbag.py:588} INFO - Filling up the DagBag from /mnt/c/Users/wu_li/OneDrive/Desktop/Airflow_pract/venv/lib/python3.9/site-packages/airflow/example_dags/example_latest_only.py
[2025-04-20T20:12:04.416+0800] {processor.py:925} INFO - DAG(s) 'latest_only' retrieved from /mnt/c/Users/wu_li/OneDrive/Desktop/Airflow_pract/venv/lib/python3.9/site-packages/airflow/example_dags/example_latest_only.py
[2025-04-20T20:12:05.931+0800] {logging_mixin.py:190} INFO - [2025-04-20T20:12:05.929+0800] {override.py:1912} INFO - Created Permission View: can delete on DAG:latest_only
[2025-04-20T20:12:05.965+0800] {logging_mixin.py:190} INFO - [2025-04-20T20:12:05.963+0800] {override.py:1912} INFO - Created Permission View: can read on DAG:latest_only
[2025-04-20T20:12:06.009+0800] {logging_mixin.py:190} INFO - [2025-04-20T20:12:06.008+0800] {override.py:1912} INFO - Created Permission View: can edit on DAG:latest_only
[2025-04-20T20:12:06.078+0800] {logging_mixin.py:190} INFO - [2025-04-20T20:12:06.077+0800] {override.py:1912} INFO - Created Permission View: can delete on DAG Run:latest_only
[2025-04-20T20:12:06.135+0800] {logging_mixin.py:190} INFO - [2025-04-20T20:12:06.128+0800] {override.py:1912} INFO - Created Permission View: can read on DAG Run:latest_only
[2025-04-20T20:12:06.190+0800] {logging_mixin.py:190} INFO - [2025-04-20T20:12:06.189+0800] {override.py:1912} INFO - Created Permission View: can create on DAG Run:latest_only
[2025-04-20T20:12:06.223+0800] {logging_mixin.py:190} INFO - [2025-04-20T20:12:06.221+0800] {override.py:1912} INFO - Created Permission View: menu access on DAG Run:latest_only
[2025-04-20T20:12:06.225+0800] {logging_mixin.py:190} INFO - [2025-04-20T20:12:06.224+0800] {dag.py:3239} INFO - Sync 1 DAGs
[2025-04-20T20:12:06.249+0800] {logging_mixin.py:190} INFO - [2025-04-20T20:12:06.248+0800] {dag.py:3262} INFO - Creating ORM DAG for latest_only
[2025-04-20T20:12:06.269+0800] {logging_mixin.py:190} INFO - [2025-04-20T20:12:06.268+0800] {dag.py:4180} INFO - Setting next_dagrun for latest_only to 2025-04-20 08:00:00+00:00, run_after=2025-04-20 12:00:00+00:00
[2025-04-20T20:12:06.341+0800] {processor.py:208} INFO - Processing /mnt/c/Users/wu_li/OneDrive/Desktop/Airflow_pract/venv/lib/python3.9/site-packages/airflow/example_dags/example_latest_only.py took 2.003 seconds
[2025-04-20T20:17:41.986+0800] {processor.py:186} INFO - Started process (PID=68011) to work on /mnt/c/Users/wu_li/OneDrive/Desktop/Airflow_pract/venv/lib/python3.9/site-packages/airflow/example_dags/example_latest_only.py
[2025-04-20T20:17:41.987+0800] {processor.py:914} INFO - Processing file /mnt/c/Users/wu_li/OneDrive/Desktop/Airflow_pract/venv/lib/python3.9/site-packages/airflow/example_dags/example_latest_only.py for tasks to queue
[2025-04-20T20:17:41.991+0800] {logging_mixin.py:190} INFO - [2025-04-20T20:17:41.990+0800] {dagbag.py:588} INFO - Filling up the DagBag from /mnt/c/Users/wu_li/OneDrive/Desktop/Airflow_pract/venv/lib/python3.9/site-packages/airflow/example_dags/example_latest_only.py
[2025-04-20T20:17:42.061+0800] {processor.py:925} INFO - DAG(s) 'latest_only' retrieved from /mnt/c/Users/wu_li/OneDrive/Desktop/Airflow_pract/venv/lib/python3.9/site-packages/airflow/example_dags/example_latest_only.py
[2025-04-20T20:17:42.201+0800] {logging_mixin.py:190} INFO - [2025-04-20T20:17:42.200+0800] {dag.py:3239} INFO - Sync 1 DAGs
[2025-04-20T20:17:42.229+0800] {logging_mixin.py:190} INFO - [2025-04-20T20:17:42.228+0800] {dag.py:4180} INFO - Setting next_dagrun for latest_only to 2025-04-20 08:00:00+00:00, run_after=2025-04-20 12:00:00+00:00
[2025-04-20T20:17:42.421+0800] {processor.py:208} INFO - Processing /mnt/c/Users/wu_li/OneDrive/Desktop/Airflow_pract/venv/lib/python3.9/site-packages/airflow/example_dags/example_latest_only.py took 0.448 seconds
[2025-04-20T20:19:02.436+0800] {processor.py:186} INFO - Started process (PID=68989) to work on /mnt/c/Users/wu_li/OneDrive/Desktop/Airflow_pract/venv/lib/python3.9/site-packages/airflow/example_dags/example_latest_only.py
[2025-04-20T20:19:02.438+0800] {processor.py:914} INFO - Processing file /mnt/c/Users/wu_li/OneDrive/Desktop/Airflow_pract/venv/lib/python3.9/site-packages/airflow/example_dags/example_latest_only.py for tasks to queue
[2025-04-20T20:19:02.451+0800] {logging_mixin.py:190} INFO - [2025-04-20T20:19:02.450+0800] {dagbag.py:588} INFO - Filling up the DagBag from /mnt/c/Users/wu_li/OneDrive/Desktop/Airflow_pract/venv/lib/python3.9/site-packages/airflow/example_dags/example_latest_only.py
[2025-04-20T20:19:02.559+0800] {processor.py:925} INFO - DAG(s) 'latest_only' retrieved from /mnt/c/Users/wu_li/OneDrive/Desktop/Airflow_pract/venv/lib/python3.9/site-packages/airflow/example_dags/example_latest_only.py
[2025-04-20T20:19:02.603+0800] {logging_mixin.py:190} INFO - [2025-04-20T20:19:02.602+0800] {dag.py:3239} INFO - Sync 1 DAGs
[2025-04-20T20:19:02.688+0800] {logging_mixin.py:190} INFO - [2025-04-20T20:19:02.683+0800] {dag.py:4180} INFO - Setting next_dagrun for latest_only to 2025-04-20 08:00:00+00:00, run_after=2025-04-20 12:00:00+00:00
[2025-04-20T20:19:02.838+0800] {processor.py:208} INFO - Processing /mnt/c/Users/wu_li/OneDrive/Desktop/Airflow_pract/venv/lib/python3.9/site-packages/airflow/example_dags/example_latest_only.py took 0.418 seconds
[2025-04-20T20:20:49.089+0800] {processor.py:186} INFO - Started process (PID=70077) to work on /mnt/c/Users/wu_li/OneDrive/Desktop/Airflow_pract/venv/lib/python3.9/site-packages/airflow/example_dags/example_latest_only.py
[2025-04-20T20:20:49.091+0800] {processor.py:914} INFO - Processing file /mnt/c/Users/wu_li/OneDrive/Desktop/Airflow_pract/venv/lib/python3.9/site-packages/airflow/example_dags/example_latest_only.py for tasks to queue
[2025-04-20T20:20:49.096+0800] {logging_mixin.py:190} INFO - [2025-04-20T20:20:49.095+0800] {dagbag.py:588} INFO - Filling up the DagBag from /mnt/c/Users/wu_li/OneDrive/Desktop/Airflow_pract/venv/lib/python3.9/site-packages/airflow/example_dags/example_latest_only.py
[2025-04-20T20:20:49.185+0800] {processor.py:925} INFO - DAG(s) 'latest_only' retrieved from /mnt/c/Users/wu_li/OneDrive/Desktop/Airflow_pract/venv/lib/python3.9/site-packages/airflow/example_dags/example_latest_only.py
[2025-04-20T20:20:49.225+0800] {logging_mixin.py:190} INFO - [2025-04-20T20:20:49.223+0800] {dag.py:3239} INFO - Sync 1 DAGs
[2025-04-20T20:20:49.285+0800] {logging_mixin.py:190} INFO - [2025-04-20T20:20:49.283+0800] {dag.py:4180} INFO - Setting next_dagrun for latest_only to 2025-04-20 08:00:00+00:00, run_after=2025-04-20 12:00:00+00:00
[2025-04-20T20:20:49.372+0800] {processor.py:208} INFO - Processing /mnt/c/Users/wu_li/OneDrive/Desktop/Airflow_pract/venv/lib/python3.9/site-packages/airflow/example_dags/example_latest_only.py took 0.304 seconds
[2025-04-20T20:22:50.243+0800] {processor.py:186} INFO - Started process (PID=70929) to work on /mnt/c/Users/wu_li/OneDrive/Desktop/Airflow_pract/venv/lib/python3.9/site-packages/airflow/example_dags/example_latest_only.py
[2025-04-20T20:22:50.256+0800] {processor.py:914} INFO - Processing file /mnt/c/Users/wu_li/OneDrive/Desktop/Airflow_pract/venv/lib/python3.9/site-packages/airflow/example_dags/example_latest_only.py for tasks to queue
[2025-04-20T20:22:50.259+0800] {logging_mixin.py:190} INFO - [2025-04-20T20:22:50.258+0800] {dagbag.py:588} INFO - Filling up the DagBag from /mnt/c/Users/wu_li/OneDrive/Desktop/Airflow_pract/venv/lib/python3.9/site-packages/airflow/example_dags/example_latest_only.py
[2025-04-20T20:22:50.325+0800] {processor.py:925} INFO - DAG(s) 'latest_only' retrieved from /mnt/c/Users/wu_li/OneDrive/Desktop/Airflow_pract/venv/lib/python3.9/site-packages/airflow/example_dags/example_latest_only.py
[2025-04-20T20:22:50.363+0800] {logging_mixin.py:190} INFO - [2025-04-20T20:22:50.361+0800] {dag.py:3239} INFO - Sync 1 DAGs
[2025-04-20T20:22:50.406+0800] {logging_mixin.py:190} INFO - [2025-04-20T20:22:50.405+0800] {dag.py:4180} INFO - Setting next_dagrun for latest_only to 2025-04-20 08:00:00+00:00, run_after=2025-04-20 12:00:00+00:00
[2025-04-20T20:22:50.469+0800] {processor.py:208} INFO - Processing /mnt/c/Users/wu_li/OneDrive/Desktop/Airflow_pract/venv/lib/python3.9/site-packages/airflow/example_dags/example_latest_only.py took 0.244 seconds
[2025-04-20T20:24:42.694+0800] {processor.py:186} INFO - Started process (PID=71984) to work on /mnt/c/Users/wu_li/OneDrive/Desktop/Airflow_pract/venv/lib/python3.9/site-packages/airflow/example_dags/example_latest_only.py
[2025-04-20T20:24:42.697+0800] {processor.py:914} INFO - Processing file /mnt/c/Users/wu_li/OneDrive/Desktop/Airflow_pract/venv/lib/python3.9/site-packages/airflow/example_dags/example_latest_only.py for tasks to queue
[2025-04-20T20:24:42.703+0800] {logging_mixin.py:190} INFO - [2025-04-20T20:24:42.701+0800] {dagbag.py:588} INFO - Filling up the DagBag from /mnt/c/Users/wu_li/OneDrive/Desktop/Airflow_pract/venv/lib/python3.9/site-packages/airflow/example_dags/example_latest_only.py
[2025-04-20T20:24:42.816+0800] {processor.py:925} INFO - DAG(s) 'latest_only' retrieved from /mnt/c/Users/wu_li/OneDrive/Desktop/Airflow_pract/venv/lib/python3.9/site-packages/airflow/example_dags/example_latest_only.py
[2025-04-20T20:24:42.867+0800] {logging_mixin.py:190} INFO - [2025-04-20T20:24:42.858+0800] {dag.py:3239} INFO - Sync 1 DAGs
[2025-04-20T20:24:42.945+0800] {logging_mixin.py:190} INFO - [2025-04-20T20:24:42.942+0800] {dag.py:4180} INFO - Setting next_dagrun for latest_only to 2025-04-20 08:00:00+00:00, run_after=2025-04-20 12:00:00+00:00
[2025-04-20T20:24:43.032+0800] {processor.py:208} INFO - Processing /mnt/c/Users/wu_li/OneDrive/Desktop/Airflow_pract/venv/lib/python3.9/site-packages/airflow/example_dags/example_latest_only.py took 0.368 seconds
[2025-04-20T20:26:39.714+0800] {processor.py:186} INFO - Started process (PID=72867) to work on /mnt/c/Users/wu_li/OneDrive/Desktop/Airflow_pract/venv/lib/python3.9/site-packages/airflow/example_dags/example_latest_only.py
[2025-04-20T20:26:39.716+0800] {processor.py:914} INFO - Processing file /mnt/c/Users/wu_li/OneDrive/Desktop/Airflow_pract/venv/lib/python3.9/site-packages/airflow/example_dags/example_latest_only.py for tasks to queue
[2025-04-20T20:26:39.719+0800] {logging_mixin.py:190} INFO - [2025-04-20T20:26:39.718+0800] {dagbag.py:588} INFO - Filling up the DagBag from /mnt/c/Users/wu_li/OneDrive/Desktop/Airflow_pract/venv/lib/python3.9/site-packages/airflow/example_dags/example_latest_only.py
[2025-04-20T20:26:39.781+0800] {processor.py:925} INFO - DAG(s) 'latest_only' retrieved from /mnt/c/Users/wu_li/OneDrive/Desktop/Airflow_pract/venv/lib/python3.9/site-packages/airflow/example_dags/example_latest_only.py
[2025-04-20T20:26:39.810+0800] {logging_mixin.py:190} INFO - [2025-04-20T20:26:39.809+0800] {dag.py:3239} INFO - Sync 1 DAGs
[2025-04-20T20:26:39.847+0800] {logging_mixin.py:190} INFO - [2025-04-20T20:26:39.846+0800] {dag.py:4180} INFO - Setting next_dagrun for latest_only to 2025-04-20 08:00:00+00:00, run_after=2025-04-20 12:00:00+00:00
[2025-04-20T20:26:39.927+0800] {processor.py:208} INFO - Processing /mnt/c/Users/wu_li/OneDrive/Desktop/Airflow_pract/venv/lib/python3.9/site-packages/airflow/example_dags/example_latest_only.py took 0.225 seconds
[2025-04-20T20:36:49.186+0800] {processor.py:186} INFO - Started process (PID=77333) to work on /mnt/c/Users/wu_li/OneDrive/Desktop/Airflow_pract/venv/lib/python3.9/site-packages/airflow/example_dags/example_latest_only.py
[2025-04-20T20:36:49.193+0800] {processor.py:914} INFO - Processing file /mnt/c/Users/wu_li/OneDrive/Desktop/Airflow_pract/venv/lib/python3.9/site-packages/airflow/example_dags/example_latest_only.py for tasks to queue
[2025-04-20T20:36:49.198+0800] {logging_mixin.py:190} INFO - [2025-04-20T20:36:49.197+0800] {dagbag.py:588} INFO - Filling up the DagBag from /mnt/c/Users/wu_li/OneDrive/Desktop/Airflow_pract/venv/lib/python3.9/site-packages/airflow/example_dags/example_latest_only.py
[2025-04-20T20:36:49.250+0800] {processor.py:925} INFO - DAG(s) 'latest_only' retrieved from /mnt/c/Users/wu_li/OneDrive/Desktop/Airflow_pract/venv/lib/python3.9/site-packages/airflow/example_dags/example_latest_only.py
[2025-04-20T20:36:49.326+0800] {logging_mixin.py:190} INFO - [2025-04-20T20:36:49.324+0800] {dag.py:3239} INFO - Sync 1 DAGs
[2025-04-20T20:36:49.412+0800] {logging_mixin.py:190} INFO - [2025-04-20T20:36:49.410+0800] {dag.py:4180} INFO - Setting next_dagrun for latest_only to 2025-04-20 08:00:00+00:00, run_after=2025-04-20 12:00:00+00:00
[2025-04-20T20:36:49.520+0800] {processor.py:208} INFO - Processing /mnt/c/Users/wu_li/OneDrive/Desktop/Airflow_pract/venv/lib/python3.9/site-packages/airflow/example_dags/example_latest_only.py took 0.359 seconds
[2025-04-20T20:38:10.042+0800] {processor.py:186} INFO - Started process (PID=78117) to work on /mnt/c/Users/wu_li/OneDrive/Desktop/Airflow_pract/venv/lib/python3.9/site-packages/airflow/example_dags/example_latest_only.py
[2025-04-20T20:38:10.044+0800] {processor.py:914} INFO - Processing file /mnt/c/Users/wu_li/OneDrive/Desktop/Airflow_pract/venv/lib/python3.9/site-packages/airflow/example_dags/example_latest_only.py for tasks to queue
[2025-04-20T20:38:10.047+0800] {logging_mixin.py:190} INFO - [2025-04-20T20:38:10.046+0800] {dagbag.py:588} INFO - Filling up the DagBag from /mnt/c/Users/wu_li/OneDrive/Desktop/Airflow_pract/venv/lib/python3.9/site-packages/airflow/example_dags/example_latest_only.py
[2025-04-20T20:38:10.069+0800] {processor.py:925} INFO - DAG(s) 'latest_only' retrieved from /mnt/c/Users/wu_li/OneDrive/Desktop/Airflow_pract/venv/lib/python3.9/site-packages/airflow/example_dags/example_latest_only.py
[2025-04-20T20:38:10.108+0800] {logging_mixin.py:190} INFO - [2025-04-20T20:38:10.107+0800] {dag.py:3239} INFO - Sync 1 DAGs
[2025-04-20T20:38:10.157+0800] {logging_mixin.py:190} INFO - [2025-04-20T20:38:10.155+0800] {dag.py:4180} INFO - Setting next_dagrun for latest_only to 2025-04-20 08:00:00+00:00, run_after=2025-04-20 12:00:00+00:00
[2025-04-20T20:38:10.266+0800] {processor.py:208} INFO - Processing /mnt/c/Users/wu_li/OneDrive/Desktop/Airflow_pract/venv/lib/python3.9/site-packages/airflow/example_dags/example_latest_only.py took 0.237 seconds
[2025-04-20T20:39:34.187+0800] {processor.py:186} INFO - Started process (PID=79198) to work on /mnt/c/Users/wu_li/OneDrive/Desktop/Airflow_pract/venv/lib/python3.9/site-packages/airflow/example_dags/example_latest_only.py
[2025-04-20T20:39:34.189+0800] {processor.py:914} INFO - Processing file /mnt/c/Users/wu_li/OneDrive/Desktop/Airflow_pract/venv/lib/python3.9/site-packages/airflow/example_dags/example_latest_only.py for tasks to queue
[2025-04-20T20:39:34.191+0800] {logging_mixin.py:190} INFO - [2025-04-20T20:39:34.190+0800] {dagbag.py:588} INFO - Filling up the DagBag from /mnt/c/Users/wu_li/OneDrive/Desktop/Airflow_pract/venv/lib/python3.9/site-packages/airflow/example_dags/example_latest_only.py
[2025-04-20T20:39:34.212+0800] {processor.py:925} INFO - DAG(s) 'latest_only' retrieved from /mnt/c/Users/wu_li/OneDrive/Desktop/Airflow_pract/venv/lib/python3.9/site-packages/airflow/example_dags/example_latest_only.py
[2025-04-20T20:39:34.244+0800] {logging_mixin.py:190} INFO - [2025-04-20T20:39:34.243+0800] {dag.py:3239} INFO - Sync 1 DAGs
[2025-04-20T20:39:34.277+0800] {logging_mixin.py:190} INFO - [2025-04-20T20:39:34.276+0800] {dag.py:4180} INFO - Setting next_dagrun for latest_only to 2025-04-20 08:00:00+00:00, run_after=2025-04-20 12:00:00+00:00
[2025-04-20T20:39:34.350+0800] {processor.py:208} INFO - Processing /mnt/c/Users/wu_li/OneDrive/Desktop/Airflow_pract/venv/lib/python3.9/site-packages/airflow/example_dags/example_latest_only.py took 0.176 seconds
[2025-04-20T20:41:27.161+0800] {processor.py:186} INFO - Started process (PID=80134) to work on /mnt/c/Users/wu_li/OneDrive/Desktop/Airflow_pract/venv/lib/python3.9/site-packages/airflow/example_dags/example_latest_only.py
[2025-04-20T20:41:27.173+0800] {processor.py:914} INFO - Processing file /mnt/c/Users/wu_li/OneDrive/Desktop/Airflow_pract/venv/lib/python3.9/site-packages/airflow/example_dags/example_latest_only.py for tasks to queue
[2025-04-20T20:41:27.179+0800] {logging_mixin.py:190} INFO - [2025-04-20T20:41:27.176+0800] {dagbag.py:588} INFO - Filling up the DagBag from /mnt/c/Users/wu_li/OneDrive/Desktop/Airflow_pract/venv/lib/python3.9/site-packages/airflow/example_dags/example_latest_only.py
[2025-04-20T20:41:27.219+0800] {processor.py:925} INFO - DAG(s) 'latest_only' retrieved from /mnt/c/Users/wu_li/OneDrive/Desktop/Airflow_pract/venv/lib/python3.9/site-packages/airflow/example_dags/example_latest_only.py
[2025-04-20T20:41:27.279+0800] {logging_mixin.py:190} INFO - [2025-04-20T20:41:27.276+0800] {dag.py:3239} INFO - Sync 1 DAGs
[2025-04-20T20:41:27.356+0800] {logging_mixin.py:190} INFO - [2025-04-20T20:41:27.355+0800] {dag.py:4180} INFO - Setting next_dagrun for latest_only to 2025-04-20 08:00:00+00:00, run_after=2025-04-20 12:00:00+00:00
[2025-04-20T20:41:27.465+0800] {processor.py:208} INFO - Processing /mnt/c/Users/wu_li/OneDrive/Desktop/Airflow_pract/venv/lib/python3.9/site-packages/airflow/example_dags/example_latest_only.py took 0.341 seconds
[2025-04-20T20:43:13.890+0800] {processor.py:186} INFO - Started process (PID=81079) to work on /mnt/c/Users/wu_li/OneDrive/Desktop/Airflow_pract/venv/lib/python3.9/site-packages/airflow/example_dags/example_latest_only.py
[2025-04-20T20:43:13.893+0800] {processor.py:914} INFO - Processing file /mnt/c/Users/wu_li/OneDrive/Desktop/Airflow_pract/venv/lib/python3.9/site-packages/airflow/example_dags/example_latest_only.py for tasks to queue
[2025-04-20T20:43:13.898+0800] {logging_mixin.py:190} INFO - [2025-04-20T20:43:13.896+0800] {dagbag.py:588} INFO - Filling up the DagBag from /mnt/c/Users/wu_li/OneDrive/Desktop/Airflow_pract/venv/lib/python3.9/site-packages/airflow/example_dags/example_latest_only.py
[2025-04-20T20:43:13.938+0800] {processor.py:925} INFO - DAG(s) 'latest_only' retrieved from /mnt/c/Users/wu_li/OneDrive/Desktop/Airflow_pract/venv/lib/python3.9/site-packages/airflow/example_dags/example_latest_only.py
[2025-04-20T20:43:13.984+0800] {logging_mixin.py:190} INFO - [2025-04-20T20:43:13.983+0800] {dag.py:3239} INFO - Sync 1 DAGs
[2025-04-20T20:43:14.047+0800] {logging_mixin.py:190} INFO - [2025-04-20T20:43:14.046+0800] {dag.py:4180} INFO - Setting next_dagrun for latest_only to 2025-04-20 08:00:00+00:00, run_after=2025-04-20 12:00:00+00:00
[2025-04-20T20:43:14.130+0800] {processor.py:208} INFO - Processing /mnt/c/Users/wu_li/OneDrive/Desktop/Airflow_pract/venv/lib/python3.9/site-packages/airflow/example_dags/example_latest_only.py took 0.258 seconds
[2025-04-20T20:44:49.247+0800] {processor.py:186} INFO - Started process (PID=82015) to work on /mnt/c/Users/wu_li/OneDrive/Desktop/Airflow_pract/venv/lib/python3.9/site-packages/airflow/example_dags/example_latest_only.py
[2025-04-20T20:44:49.260+0800] {processor.py:914} INFO - Processing file /mnt/c/Users/wu_li/OneDrive/Desktop/Airflow_pract/venv/lib/python3.9/site-packages/airflow/example_dags/example_latest_only.py for tasks to queue
[2025-04-20T20:44:49.276+0800] {logging_mixin.py:190} INFO - [2025-04-20T20:44:49.264+0800] {dagbag.py:588} INFO - Filling up the DagBag from /mnt/c/Users/wu_li/OneDrive/Desktop/Airflow_pract/venv/lib/python3.9/site-packages/airflow/example_dags/example_latest_only.py
[2025-04-20T20:44:49.333+0800] {processor.py:925} INFO - DAG(s) 'latest_only' retrieved from /mnt/c/Users/wu_li/OneDrive/Desktop/Airflow_pract/venv/lib/python3.9/site-packages/airflow/example_dags/example_latest_only.py
[2025-04-20T20:44:49.409+0800] {logging_mixin.py:190} INFO - [2025-04-20T20:44:49.404+0800] {dag.py:3239} INFO - Sync 1 DAGs
[2025-04-20T20:44:49.481+0800] {logging_mixin.py:190} INFO - [2025-04-20T20:44:49.480+0800] {dag.py:4180} INFO - Setting next_dagrun for latest_only to 2025-04-20 08:00:00+00:00, run_after=2025-04-20 12:00:00+00:00
[2025-04-20T20:44:49.633+0800] {processor.py:208} INFO - Processing /mnt/c/Users/wu_li/OneDrive/Desktop/Airflow_pract/venv/lib/python3.9/site-packages/airflow/example_dags/example_latest_only.py took 0.420 seconds
[2025-04-20T20:46:40.490+0800] {processor.py:186} INFO - Started process (PID=82884) to work on /mnt/c/Users/wu_li/OneDrive/Desktop/Airflow_pract/venv/lib/python3.9/site-packages/airflow/example_dags/example_latest_only.py
[2025-04-20T20:46:40.494+0800] {processor.py:914} INFO - Processing file /mnt/c/Users/wu_li/OneDrive/Desktop/Airflow_pract/venv/lib/python3.9/site-packages/airflow/example_dags/example_latest_only.py for tasks to queue
[2025-04-20T20:46:40.502+0800] {logging_mixin.py:190} INFO - [2025-04-20T20:46:40.497+0800] {dagbag.py:588} INFO - Filling up the DagBag from /mnt/c/Users/wu_li/OneDrive/Desktop/Airflow_pract/venv/lib/python3.9/site-packages/airflow/example_dags/example_latest_only.py
[2025-04-20T20:46:40.568+0800] {processor.py:925} INFO - DAG(s) 'latest_only' retrieved from /mnt/c/Users/wu_li/OneDrive/Desktop/Airflow_pract/venv/lib/python3.9/site-packages/airflow/example_dags/example_latest_only.py
[2025-04-20T20:46:40.646+0800] {logging_mixin.py:190} INFO - [2025-04-20T20:46:40.644+0800] {dag.py:3239} INFO - Sync 1 DAGs
[2025-04-20T20:46:40.810+0800] {logging_mixin.py:190} INFO - [2025-04-20T20:46:40.808+0800] {dag.py:4180} INFO - Setting next_dagrun for latest_only to 2025-04-20 08:00:00+00:00, run_after=2025-04-20 12:00:00+00:00
[2025-04-20T20:46:41.099+0800] {processor.py:208} INFO - Processing /mnt/c/Users/wu_li/OneDrive/Desktop/Airflow_pract/venv/lib/python3.9/site-packages/airflow/example_dags/example_latest_only.py took 0.644 seconds
[2025-04-20T20:48:24.695+0800] {processor.py:186} INFO - Started process (PID=83829) to work on /mnt/c/Users/wu_li/OneDrive/Desktop/Airflow_pract/venv/lib/python3.9/site-packages/airflow/example_dags/example_latest_only.py
[2025-04-20T20:48:24.696+0800] {processor.py:914} INFO - Processing file /mnt/c/Users/wu_li/OneDrive/Desktop/Airflow_pract/venv/lib/python3.9/site-packages/airflow/example_dags/example_latest_only.py for tasks to queue
[2025-04-20T20:48:24.699+0800] {logging_mixin.py:190} INFO - [2025-04-20T20:48:24.698+0800] {dagbag.py:588} INFO - Filling up the DagBag from /mnt/c/Users/wu_li/OneDrive/Desktop/Airflow_pract/venv/lib/python3.9/site-packages/airflow/example_dags/example_latest_only.py
[2025-04-20T20:48:24.718+0800] {processor.py:925} INFO - DAG(s) 'latest_only' retrieved from /mnt/c/Users/wu_li/OneDrive/Desktop/Airflow_pract/venv/lib/python3.9/site-packages/airflow/example_dags/example_latest_only.py
[2025-04-20T20:48:24.742+0800] {logging_mixin.py:190} INFO - [2025-04-20T20:48:24.741+0800] {dag.py:3239} INFO - Sync 1 DAGs
[2025-04-20T20:48:24.766+0800] {logging_mixin.py:190} INFO - [2025-04-20T20:48:24.765+0800] {dag.py:4180} INFO - Setting next_dagrun for latest_only to 2025-04-20 08:00:00+00:00, run_after=2025-04-20 12:00:00+00:00
[2025-04-20T20:48:24.817+0800] {processor.py:208} INFO - Processing /mnt/c/Users/wu_li/OneDrive/Desktop/Airflow_pract/venv/lib/python3.9/site-packages/airflow/example_dags/example_latest_only.py took 0.132 seconds
[2025-04-20T20:50:17.437+0800] {processor.py:186} INFO - Started process (PID=84694) to work on /mnt/c/Users/wu_li/OneDrive/Desktop/Airflow_pract/venv/lib/python3.9/site-packages/airflow/example_dags/example_latest_only.py
[2025-04-20T20:50:17.444+0800] {processor.py:914} INFO - Processing file /mnt/c/Users/wu_li/OneDrive/Desktop/Airflow_pract/venv/lib/python3.9/site-packages/airflow/example_dags/example_latest_only.py for tasks to queue
[2025-04-20T20:50:17.449+0800] {logging_mixin.py:190} INFO - [2025-04-20T20:50:17.447+0800] {dagbag.py:588} INFO - Filling up the DagBag from /mnt/c/Users/wu_li/OneDrive/Desktop/Airflow_pract/venv/lib/python3.9/site-packages/airflow/example_dags/example_latest_only.py
[2025-04-20T20:50:17.489+0800] {processor.py:925} INFO - DAG(s) 'latest_only' retrieved from /mnt/c/Users/wu_li/OneDrive/Desktop/Airflow_pract/venv/lib/python3.9/site-packages/airflow/example_dags/example_latest_only.py
[2025-04-20T20:50:17.538+0800] {logging_mixin.py:190} INFO - [2025-04-20T20:50:17.537+0800] {dag.py:3239} INFO - Sync 1 DAGs
[2025-04-20T20:50:17.642+0800] {logging_mixin.py:190} INFO - [2025-04-20T20:50:17.640+0800] {dag.py:4180} INFO - Setting next_dagrun for latest_only to 2025-04-20 08:00:00+00:00, run_after=2025-04-20 12:00:00+00:00
[2025-04-20T20:50:17.756+0800] {processor.py:208} INFO - Processing /mnt/c/Users/wu_li/OneDrive/Desktop/Airflow_pract/venv/lib/python3.9/site-packages/airflow/example_dags/example_latest_only.py took 0.343 seconds
[2025-04-20T20:52:16.436+0800] {processor.py:186} INFO - Started process (PID=85493) to work on /mnt/c/Users/wu_li/OneDrive/Desktop/Airflow_pract/venv/lib/python3.9/site-packages/airflow/example_dags/example_latest_only.py
[2025-04-20T20:52:16.439+0800] {processor.py:914} INFO - Processing file /mnt/c/Users/wu_li/OneDrive/Desktop/Airflow_pract/venv/lib/python3.9/site-packages/airflow/example_dags/example_latest_only.py for tasks to queue
[2025-04-20T20:52:16.442+0800] {logging_mixin.py:190} INFO - [2025-04-20T20:52:16.441+0800] {dagbag.py:588} INFO - Filling up the DagBag from /mnt/c/Users/wu_li/OneDrive/Desktop/Airflow_pract/venv/lib/python3.9/site-packages/airflow/example_dags/example_latest_only.py
[2025-04-20T20:52:16.473+0800] {processor.py:925} INFO - DAG(s) 'latest_only' retrieved from /mnt/c/Users/wu_li/OneDrive/Desktop/Airflow_pract/venv/lib/python3.9/site-packages/airflow/example_dags/example_latest_only.py
[2025-04-20T20:52:16.505+0800] {logging_mixin.py:190} INFO - [2025-04-20T20:52:16.504+0800] {dag.py:3239} INFO - Sync 1 DAGs
[2025-04-20T20:52:16.543+0800] {logging_mixin.py:190} INFO - [2025-04-20T20:52:16.542+0800] {dag.py:4180} INFO - Setting next_dagrun for latest_only to 2025-04-20 08:00:00+00:00, run_after=2025-04-20 12:00:00+00:00
[2025-04-20T20:52:16.638+0800] {processor.py:208} INFO - Processing /mnt/c/Users/wu_li/OneDrive/Desktop/Airflow_pract/venv/lib/python3.9/site-packages/airflow/example_dags/example_latest_only.py took 0.232 seconds
[2025-04-20T20:53:54.479+0800] {processor.py:186} INFO - Started process (PID=86650) to work on /mnt/c/Users/wu_li/OneDrive/Desktop/Airflow_pract/venv/lib/python3.9/site-packages/airflow/example_dags/example_latest_only.py
[2025-04-20T20:53:54.481+0800] {processor.py:914} INFO - Processing file /mnt/c/Users/wu_li/OneDrive/Desktop/Airflow_pract/venv/lib/python3.9/site-packages/airflow/example_dags/example_latest_only.py for tasks to queue
[2025-04-20T20:53:54.483+0800] {logging_mixin.py:190} INFO - [2025-04-20T20:53:54.482+0800] {dagbag.py:588} INFO - Filling up the DagBag from /mnt/c/Users/wu_li/OneDrive/Desktop/Airflow_pract/venv/lib/python3.9/site-packages/airflow/example_dags/example_latest_only.py
[2025-04-20T20:53:54.508+0800] {processor.py:925} INFO - DAG(s) 'latest_only' retrieved from /mnt/c/Users/wu_li/OneDrive/Desktop/Airflow_pract/venv/lib/python3.9/site-packages/airflow/example_dags/example_latest_only.py
[2025-04-20T20:53:54.539+0800] {logging_mixin.py:190} INFO - [2025-04-20T20:53:54.538+0800] {dag.py:3239} INFO - Sync 1 DAGs
[2025-04-20T20:53:54.586+0800] {logging_mixin.py:190} INFO - [2025-04-20T20:53:54.585+0800] {dag.py:4180} INFO - Setting next_dagrun for latest_only to 2025-04-20 08:00:00+00:00, run_after=2025-04-20 12:00:00+00:00
[2025-04-20T20:53:54.665+0800] {processor.py:208} INFO - Processing /mnt/c/Users/wu_li/OneDrive/Desktop/Airflow_pract/venv/lib/python3.9/site-packages/airflow/example_dags/example_latest_only.py took 0.200 seconds
[2025-04-20T20:55:20.878+0800] {processor.py:186} INFO - Started process (PID=87511) to work on /mnt/c/Users/wu_li/OneDrive/Desktop/Airflow_pract/venv/lib/python3.9/site-packages/airflow/example_dags/example_latest_only.py
[2025-04-20T20:55:20.881+0800] {processor.py:914} INFO - Processing file /mnt/c/Users/wu_li/OneDrive/Desktop/Airflow_pract/venv/lib/python3.9/site-packages/airflow/example_dags/example_latest_only.py for tasks to queue
[2025-04-20T20:55:20.885+0800] {logging_mixin.py:190} INFO - [2025-04-20T20:55:20.883+0800] {dagbag.py:588} INFO - Filling up the DagBag from /mnt/c/Users/wu_li/OneDrive/Desktop/Airflow_pract/venv/lib/python3.9/site-packages/airflow/example_dags/example_latest_only.py
[2025-04-20T20:55:20.908+0800] {processor.py:925} INFO - DAG(s) 'latest_only' retrieved from /mnt/c/Users/wu_li/OneDrive/Desktop/Airflow_pract/venv/lib/python3.9/site-packages/airflow/example_dags/example_latest_only.py
[2025-04-20T20:55:20.950+0800] {logging_mixin.py:190} INFO - [2025-04-20T20:55:20.949+0800] {dag.py:3239} INFO - Sync 1 DAGs
[2025-04-20T20:55:20.991+0800] {logging_mixin.py:190} INFO - [2025-04-20T20:55:20.990+0800] {dag.py:4180} INFO - Setting next_dagrun for latest_only to 2025-04-20 08:00:00+00:00, run_after=2025-04-20 12:00:00+00:00
[2025-04-20T20:55:21.081+0800] {processor.py:208} INFO - Processing /mnt/c/Users/wu_li/OneDrive/Desktop/Airflow_pract/venv/lib/python3.9/site-packages/airflow/example_dags/example_latest_only.py took 0.217 seconds
[2025-04-20T20:56:50.344+0800] {processor.py:186} INFO - Started process (PID=88590) to work on /mnt/c/Users/wu_li/OneDrive/Desktop/Airflow_pract/venv/lib/python3.9/site-packages/airflow/example_dags/example_latest_only.py
[2025-04-20T20:56:50.346+0800] {processor.py:914} INFO - Processing file /mnt/c/Users/wu_li/OneDrive/Desktop/Airflow_pract/venv/lib/python3.9/site-packages/airflow/example_dags/example_latest_only.py for tasks to queue
[2025-04-20T20:56:50.350+0800] {logging_mixin.py:190} INFO - [2025-04-20T20:56:50.349+0800] {dagbag.py:588} INFO - Filling up the DagBag from /mnt/c/Users/wu_li/OneDrive/Desktop/Airflow_pract/venv/lib/python3.9/site-packages/airflow/example_dags/example_latest_only.py
[2025-04-20T20:56:50.385+0800] {processor.py:925} INFO - DAG(s) 'latest_only' retrieved from /mnt/c/Users/wu_li/OneDrive/Desktop/Airflow_pract/venv/lib/python3.9/site-packages/airflow/example_dags/example_latest_only.py
[2025-04-20T20:56:50.437+0800] {logging_mixin.py:190} INFO - [2025-04-20T20:56:50.435+0800] {dag.py:3239} INFO - Sync 1 DAGs
[2025-04-20T20:56:50.497+0800] {logging_mixin.py:190} INFO - [2025-04-20T20:56:50.495+0800] {dag.py:4180} INFO - Setting next_dagrun for latest_only to 2025-04-20 08:00:00+00:00, run_after=2025-04-20 12:00:00+00:00
[2025-04-20T20:56:50.660+0800] {processor.py:208} INFO - Processing /mnt/c/Users/wu_li/OneDrive/Desktop/Airflow_pract/venv/lib/python3.9/site-packages/airflow/example_dags/example_latest_only.py took 0.340 seconds
[2025-04-20T20:58:21.518+0800] {processor.py:186} INFO - Started process (PID=89600) to work on /mnt/c/Users/wu_li/OneDrive/Desktop/Airflow_pract/venv/lib/python3.9/site-packages/airflow/example_dags/example_latest_only.py
[2025-04-20T20:58:21.520+0800] {processor.py:914} INFO - Processing file /mnt/c/Users/wu_li/OneDrive/Desktop/Airflow_pract/venv/lib/python3.9/site-packages/airflow/example_dags/example_latest_only.py for tasks to queue
[2025-04-20T20:58:21.524+0800] {logging_mixin.py:190} INFO - [2025-04-20T20:58:21.523+0800] {dagbag.py:588} INFO - Filling up the DagBag from /mnt/c/Users/wu_li/OneDrive/Desktop/Airflow_pract/venv/lib/python3.9/site-packages/airflow/example_dags/example_latest_only.py
[2025-04-20T20:58:21.553+0800] {processor.py:925} INFO - DAG(s) 'latest_only' retrieved from /mnt/c/Users/wu_li/OneDrive/Desktop/Airflow_pract/venv/lib/python3.9/site-packages/airflow/example_dags/example_latest_only.py
[2025-04-20T20:58:21.592+0800] {logging_mixin.py:190} INFO - [2025-04-20T20:58:21.591+0800] {dag.py:3239} INFO - Sync 1 DAGs
[2025-04-20T20:58:21.666+0800] {logging_mixin.py:190} INFO - [2025-04-20T20:58:21.665+0800] {dag.py:4180} INFO - Setting next_dagrun for latest_only to 2025-04-20 08:00:00+00:00, run_after=2025-04-20 12:00:00+00:00
[2025-04-20T20:58:21.752+0800] {processor.py:208} INFO - Processing /mnt/c/Users/wu_li/OneDrive/Desktop/Airflow_pract/venv/lib/python3.9/site-packages/airflow/example_dags/example_latest_only.py took 0.257 seconds
[2025-04-20T20:59:49.369+0800] {processor.py:186} INFO - Started process (PID=90609) to work on /mnt/c/Users/wu_li/OneDrive/Desktop/Airflow_pract/venv/lib/python3.9/site-packages/airflow/example_dags/example_latest_only.py
[2025-04-20T20:59:49.371+0800] {processor.py:914} INFO - Processing file /mnt/c/Users/wu_li/OneDrive/Desktop/Airflow_pract/venv/lib/python3.9/site-packages/airflow/example_dags/example_latest_only.py for tasks to queue
[2025-04-20T20:59:49.373+0800] {logging_mixin.py:190} INFO - [2025-04-20T20:59:49.372+0800] {dagbag.py:588} INFO - Filling up the DagBag from /mnt/c/Users/wu_li/OneDrive/Desktop/Airflow_pract/venv/lib/python3.9/site-packages/airflow/example_dags/example_latest_only.py
[2025-04-20T20:59:49.393+0800] {processor.py:925} INFO - DAG(s) 'latest_only' retrieved from /mnt/c/Users/wu_li/OneDrive/Desktop/Airflow_pract/venv/lib/python3.9/site-packages/airflow/example_dags/example_latest_only.py
[2025-04-20T20:59:49.418+0800] {logging_mixin.py:190} INFO - [2025-04-20T20:59:49.417+0800] {dag.py:3239} INFO - Sync 1 DAGs
[2025-04-20T20:59:49.442+0800] {logging_mixin.py:190} INFO - [2025-04-20T20:59:49.441+0800] {dag.py:4180} INFO - Setting next_dagrun for latest_only to 2025-04-20 08:00:00+00:00, run_after=2025-04-20 12:00:00+00:00
[2025-04-20T20:59:49.495+0800] {processor.py:208} INFO - Processing /mnt/c/Users/wu_li/OneDrive/Desktop/Airflow_pract/venv/lib/python3.9/site-packages/airflow/example_dags/example_latest_only.py took 0.138 seconds
[2025-04-20T21:01:19.791+0800] {processor.py:186} INFO - Started process (PID=91617) to work on /mnt/c/Users/wu_li/OneDrive/Desktop/Airflow_pract/venv/lib/python3.9/site-packages/airflow/example_dags/example_latest_only.py
[2025-04-20T21:01:19.793+0800] {processor.py:914} INFO - Processing file /mnt/c/Users/wu_li/OneDrive/Desktop/Airflow_pract/venv/lib/python3.9/site-packages/airflow/example_dags/example_latest_only.py for tasks to queue
[2025-04-20T21:01:19.796+0800] {logging_mixin.py:190} INFO - [2025-04-20T21:01:19.795+0800] {dagbag.py:588} INFO - Filling up the DagBag from /mnt/c/Users/wu_li/OneDrive/Desktop/Airflow_pract/venv/lib/python3.9/site-packages/airflow/example_dags/example_latest_only.py
[2025-04-20T21:01:19.819+0800] {processor.py:925} INFO - DAG(s) 'latest_only' retrieved from /mnt/c/Users/wu_li/OneDrive/Desktop/Airflow_pract/venv/lib/python3.9/site-packages/airflow/example_dags/example_latest_only.py
[2025-04-20T21:01:19.849+0800] {logging_mixin.py:190} INFO - [2025-04-20T21:01:19.848+0800] {dag.py:3239} INFO - Sync 1 DAGs
[2025-04-20T21:01:19.878+0800] {logging_mixin.py:190} INFO - [2025-04-20T21:01:19.877+0800] {dag.py:4180} INFO - Setting next_dagrun for latest_only to 2025-04-20 08:00:00+00:00, run_after=2025-04-20 12:00:00+00:00
[2025-04-20T21:01:19.935+0800] {processor.py:208} INFO - Processing /mnt/c/Users/wu_li/OneDrive/Desktop/Airflow_pract/venv/lib/python3.9/site-packages/airflow/example_dags/example_latest_only.py took 0.157 seconds
[2025-04-20T21:02:48.648+0800] {processor.py:186} INFO - Started process (PID=92624) to work on /mnt/c/Users/wu_li/OneDrive/Desktop/Airflow_pract/venv/lib/python3.9/site-packages/airflow/example_dags/example_latest_only.py
[2025-04-20T21:02:48.650+0800] {processor.py:914} INFO - Processing file /mnt/c/Users/wu_li/OneDrive/Desktop/Airflow_pract/venv/lib/python3.9/site-packages/airflow/example_dags/example_latest_only.py for tasks to queue
[2025-04-20T21:02:48.653+0800] {logging_mixin.py:190} INFO - [2025-04-20T21:02:48.652+0800] {dagbag.py:588} INFO - Filling up the DagBag from /mnt/c/Users/wu_li/OneDrive/Desktop/Airflow_pract/venv/lib/python3.9/site-packages/airflow/example_dags/example_latest_only.py
[2025-04-20T21:02:48.679+0800] {processor.py:925} INFO - DAG(s) 'latest_only' retrieved from /mnt/c/Users/wu_li/OneDrive/Desktop/Airflow_pract/venv/lib/python3.9/site-packages/airflow/example_dags/example_latest_only.py
[2025-04-20T21:02:48.706+0800] {logging_mixin.py:190} INFO - [2025-04-20T21:02:48.705+0800] {dag.py:3239} INFO - Sync 1 DAGs
[2025-04-20T21:02:48.732+0800] {logging_mixin.py:190} INFO - [2025-04-20T21:02:48.730+0800] {dag.py:4180} INFO - Setting next_dagrun for latest_only to 2025-04-20 08:00:00+00:00, run_after=2025-04-20 12:00:00+00:00
[2025-04-20T21:02:48.785+0800] {processor.py:208} INFO - Processing /mnt/c/Users/wu_li/OneDrive/Desktop/Airflow_pract/venv/lib/python3.9/site-packages/airflow/example_dags/example_latest_only.py took 0.149 seconds
[2025-04-20T21:04:15.746+0800] {processor.py:186} INFO - Started process (PID=93700) to work on /mnt/c/Users/wu_li/OneDrive/Desktop/Airflow_pract/venv/lib/python3.9/site-packages/airflow/example_dags/example_latest_only.py
[2025-04-20T21:04:15.749+0800] {processor.py:914} INFO - Processing file /mnt/c/Users/wu_li/OneDrive/Desktop/Airflow_pract/venv/lib/python3.9/site-packages/airflow/example_dags/example_latest_only.py for tasks to queue
[2025-04-20T21:04:15.757+0800] {logging_mixin.py:190} INFO - [2025-04-20T21:04:15.755+0800] {dagbag.py:588} INFO - Filling up the DagBag from /mnt/c/Users/wu_li/OneDrive/Desktop/Airflow_pract/venv/lib/python3.9/site-packages/airflow/example_dags/example_latest_only.py
[2025-04-20T21:04:15.787+0800] {processor.py:925} INFO - DAG(s) 'latest_only' retrieved from /mnt/c/Users/wu_li/OneDrive/Desktop/Airflow_pract/venv/lib/python3.9/site-packages/airflow/example_dags/example_latest_only.py
[2025-04-20T21:04:15.841+0800] {logging_mixin.py:190} INFO - [2025-04-20T21:04:15.840+0800] {dag.py:3239} INFO - Sync 1 DAGs
[2025-04-20T21:04:15.872+0800] {logging_mixin.py:190} INFO - [2025-04-20T21:04:15.871+0800] {dag.py:4180} INFO - Setting next_dagrun for latest_only to 2025-04-20 08:00:00+00:00, run_after=2025-04-20 12:00:00+00:00
[2025-04-20T21:04:15.926+0800] {processor.py:208} INFO - Processing /mnt/c/Users/wu_li/OneDrive/Desktop/Airflow_pract/venv/lib/python3.9/site-packages/airflow/example_dags/example_latest_only.py took 0.204 seconds
[2025-04-20T21:05:46.491+0800] {processor.py:186} INFO - Started process (PID=94781) to work on /mnt/c/Users/wu_li/OneDrive/Desktop/Airflow_pract/venv/lib/python3.9/site-packages/airflow/example_dags/example_latest_only.py
[2025-04-20T21:05:46.493+0800] {processor.py:914} INFO - Processing file /mnt/c/Users/wu_li/OneDrive/Desktop/Airflow_pract/venv/lib/python3.9/site-packages/airflow/example_dags/example_latest_only.py for tasks to queue
[2025-04-20T21:05:46.499+0800] {logging_mixin.py:190} INFO - [2025-04-20T21:05:46.496+0800] {dagbag.py:588} INFO - Filling up the DagBag from /mnt/c/Users/wu_li/OneDrive/Desktop/Airflow_pract/venv/lib/python3.9/site-packages/airflow/example_dags/example_latest_only.py
[2025-04-20T21:05:46.538+0800] {processor.py:925} INFO - DAG(s) 'latest_only' retrieved from /mnt/c/Users/wu_li/OneDrive/Desktop/Airflow_pract/venv/lib/python3.9/site-packages/airflow/example_dags/example_latest_only.py
[2025-04-20T21:05:46.579+0800] {logging_mixin.py:190} INFO - [2025-04-20T21:05:46.578+0800] {dag.py:3239} INFO - Sync 1 DAGs
[2025-04-20T21:05:46.641+0800] {logging_mixin.py:190} INFO - [2025-04-20T21:05:46.640+0800] {dag.py:4180} INFO - Setting next_dagrun for latest_only to 2025-04-20 08:00:00+00:00, run_after=2025-04-20 12:00:00+00:00
[2025-04-20T21:05:46.710+0800] {processor.py:208} INFO - Processing /mnt/c/Users/wu_li/OneDrive/Desktop/Airflow_pract/venv/lib/python3.9/site-packages/airflow/example_dags/example_latest_only.py took 0.238 seconds
[2025-04-20T21:07:20.072+0800] {processor.py:186} INFO - Started process (PID=95903) to work on /mnt/c/Users/wu_li/OneDrive/Desktop/Airflow_pract/venv/lib/python3.9/site-packages/airflow/example_dags/example_latest_only.py
[2025-04-20T21:07:20.074+0800] {processor.py:914} INFO - Processing file /mnt/c/Users/wu_li/OneDrive/Desktop/Airflow_pract/venv/lib/python3.9/site-packages/airflow/example_dags/example_latest_only.py for tasks to queue
[2025-04-20T21:07:20.077+0800] {logging_mixin.py:190} INFO - [2025-04-20T21:07:20.076+0800] {dagbag.py:588} INFO - Filling up the DagBag from /mnt/c/Users/wu_li/OneDrive/Desktop/Airflow_pract/venv/lib/python3.9/site-packages/airflow/example_dags/example_latest_only.py
[2025-04-20T21:07:20.102+0800] {processor.py:925} INFO - DAG(s) 'latest_only' retrieved from /mnt/c/Users/wu_li/OneDrive/Desktop/Airflow_pract/venv/lib/python3.9/site-packages/airflow/example_dags/example_latest_only.py
[2025-04-20T21:07:20.140+0800] {logging_mixin.py:190} INFO - [2025-04-20T21:07:20.138+0800] {dag.py:3239} INFO - Sync 1 DAGs
[2025-04-20T21:07:20.176+0800] {logging_mixin.py:190} INFO - [2025-04-20T21:07:20.175+0800] {dag.py:4180} INFO - Setting next_dagrun for latest_only to 2025-04-20 08:00:00+00:00, run_after=2025-04-20 12:00:00+00:00
[2025-04-20T21:07:20.243+0800] {processor.py:208} INFO - Processing /mnt/c/Users/wu_li/OneDrive/Desktop/Airflow_pract/venv/lib/python3.9/site-packages/airflow/example_dags/example_latest_only.py took 0.183 seconds
[2025-04-20T21:08:50.656+0800] {processor.py:186} INFO - Started process (PID=97014) to work on /mnt/c/Users/wu_li/OneDrive/Desktop/Airflow_pract/venv/lib/python3.9/site-packages/airflow/example_dags/example_latest_only.py
[2025-04-20T21:08:50.658+0800] {processor.py:914} INFO - Processing file /mnt/c/Users/wu_li/OneDrive/Desktop/Airflow_pract/venv/lib/python3.9/site-packages/airflow/example_dags/example_latest_only.py for tasks to queue
[2025-04-20T21:08:50.662+0800] {logging_mixin.py:190} INFO - [2025-04-20T21:08:50.660+0800] {dagbag.py:588} INFO - Filling up the DagBag from /mnt/c/Users/wu_li/OneDrive/Desktop/Airflow_pract/venv/lib/python3.9/site-packages/airflow/example_dags/example_latest_only.py
[2025-04-20T21:08:50.694+0800] {processor.py:925} INFO - DAG(s) 'latest_only' retrieved from /mnt/c/Users/wu_li/OneDrive/Desktop/Airflow_pract/venv/lib/python3.9/site-packages/airflow/example_dags/example_latest_only.py
[2025-04-20T21:08:50.732+0800] {logging_mixin.py:190} INFO - [2025-04-20T21:08:50.731+0800] {dag.py:3239} INFO - Sync 1 DAGs
[2025-04-20T21:08:50.800+0800] {logging_mixin.py:190} INFO - [2025-04-20T21:08:50.798+0800] {dag.py:4180} INFO - Setting next_dagrun for latest_only to 2025-04-20 08:00:00+00:00, run_after=2025-04-20 12:00:00+00:00
[2025-04-20T21:08:50.881+0800] {processor.py:208} INFO - Processing /mnt/c/Users/wu_li/OneDrive/Desktop/Airflow_pract/venv/lib/python3.9/site-packages/airflow/example_dags/example_latest_only.py took 0.249 seconds
[2025-04-20T21:10:19.248+0800] {processor.py:186} INFO - Started process (PID=98022) to work on /mnt/c/Users/wu_li/OneDrive/Desktop/Airflow_pract/venv/lib/python3.9/site-packages/airflow/example_dags/example_latest_only.py
[2025-04-20T21:10:19.265+0800] {processor.py:914} INFO - Processing file /mnt/c/Users/wu_li/OneDrive/Desktop/Airflow_pract/venv/lib/python3.9/site-packages/airflow/example_dags/example_latest_only.py for tasks to queue
[2025-04-20T21:10:19.271+0800] {logging_mixin.py:190} INFO - [2025-04-20T21:10:19.267+0800] {dagbag.py:588} INFO - Filling up the DagBag from /mnt/c/Users/wu_li/OneDrive/Desktop/Airflow_pract/venv/lib/python3.9/site-packages/airflow/example_dags/example_latest_only.py
[2025-04-20T21:10:19.307+0800] {processor.py:925} INFO - DAG(s) 'latest_only' retrieved from /mnt/c/Users/wu_li/OneDrive/Desktop/Airflow_pract/venv/lib/python3.9/site-packages/airflow/example_dags/example_latest_only.py
[2025-04-20T21:10:19.376+0800] {logging_mixin.py:190} INFO - [2025-04-20T21:10:19.375+0800] {dag.py:3239} INFO - Sync 1 DAGs
[2025-04-20T21:10:19.422+0800] {logging_mixin.py:190} INFO - [2025-04-20T21:10:19.421+0800] {dag.py:4180} INFO - Setting next_dagrun for latest_only to 2025-04-20 08:00:00+00:00, run_after=2025-04-20 12:00:00+00:00
[2025-04-20T21:10:19.468+0800] {processor.py:208} INFO - Processing /mnt/c/Users/wu_li/OneDrive/Desktop/Airflow_pract/venv/lib/python3.9/site-packages/airflow/example_dags/example_latest_only.py took 0.248 seconds
[2025-04-20T21:11:52.605+0800] {processor.py:186} INFO - Started process (PID=99176) to work on /mnt/c/Users/wu_li/OneDrive/Desktop/Airflow_pract/venv/lib/python3.9/site-packages/airflow/example_dags/example_latest_only.py
[2025-04-20T21:11:52.607+0800] {processor.py:914} INFO - Processing file /mnt/c/Users/wu_li/OneDrive/Desktop/Airflow_pract/venv/lib/python3.9/site-packages/airflow/example_dags/example_latest_only.py for tasks to queue
[2025-04-20T21:11:52.612+0800] {logging_mixin.py:190} INFO - [2025-04-20T21:11:52.610+0800] {dagbag.py:588} INFO - Filling up the DagBag from /mnt/c/Users/wu_li/OneDrive/Desktop/Airflow_pract/venv/lib/python3.9/site-packages/airflow/example_dags/example_latest_only.py
[2025-04-20T21:11:52.647+0800] {processor.py:925} INFO - DAG(s) 'latest_only' retrieved from /mnt/c/Users/wu_li/OneDrive/Desktop/Airflow_pract/venv/lib/python3.9/site-packages/airflow/example_dags/example_latest_only.py
[2025-04-20T21:11:52.700+0800] {logging_mixin.py:190} INFO - [2025-04-20T21:11:52.699+0800] {dag.py:3239} INFO - Sync 1 DAGs
[2025-04-20T21:11:52.769+0800] {logging_mixin.py:190} INFO - [2025-04-20T21:11:52.768+0800] {dag.py:4180} INFO - Setting next_dagrun for latest_only to 2025-04-20 08:00:00+00:00, run_after=2025-04-20 12:00:00+00:00
[2025-04-20T21:11:52.858+0800] {processor.py:208} INFO - Processing /mnt/c/Users/wu_li/OneDrive/Desktop/Airflow_pract/venv/lib/python3.9/site-packages/airflow/example_dags/example_latest_only.py took 0.272 seconds
[2025-04-20T21:13:24.195+0800] {processor.py:186} INFO - Started process (PID=100256) to work on /mnt/c/Users/wu_li/OneDrive/Desktop/Airflow_pract/venv/lib/python3.9/site-packages/airflow/example_dags/example_latest_only.py
[2025-04-20T21:13:24.199+0800] {processor.py:914} INFO - Processing file /mnt/c/Users/wu_li/OneDrive/Desktop/Airflow_pract/venv/lib/python3.9/site-packages/airflow/example_dags/example_latest_only.py for tasks to queue
[2025-04-20T21:13:24.203+0800] {logging_mixin.py:190} INFO - [2025-04-20T21:13:24.201+0800] {dagbag.py:588} INFO - Filling up the DagBag from /mnt/c/Users/wu_li/OneDrive/Desktop/Airflow_pract/venv/lib/python3.9/site-packages/airflow/example_dags/example_latest_only.py
[2025-04-20T21:13:24.247+0800] {processor.py:925} INFO - DAG(s) 'latest_only' retrieved from /mnt/c/Users/wu_li/OneDrive/Desktop/Airflow_pract/venv/lib/python3.9/site-packages/airflow/example_dags/example_latest_only.py
[2025-04-20T21:13:24.288+0800] {logging_mixin.py:190} INFO - [2025-04-20T21:13:24.286+0800] {dag.py:3239} INFO - Sync 1 DAGs
[2025-04-20T21:13:24.355+0800] {logging_mixin.py:190} INFO - [2025-04-20T21:13:24.354+0800] {dag.py:4180} INFO - Setting next_dagrun for latest_only to 2025-04-20 08:00:00+00:00, run_after=2025-04-20 12:00:00+00:00
[2025-04-20T21:13:24.443+0800] {processor.py:208} INFO - Processing /mnt/c/Users/wu_li/OneDrive/Desktop/Airflow_pract/venv/lib/python3.9/site-packages/airflow/example_dags/example_latest_only.py took 0.265 seconds
[2025-04-20T21:14:54.878+0800] {processor.py:186} INFO - Started process (PID=101264) to work on /mnt/c/Users/wu_li/OneDrive/Desktop/Airflow_pract/venv/lib/python3.9/site-packages/airflow/example_dags/example_latest_only.py
[2025-04-20T21:14:54.880+0800] {processor.py:914} INFO - Processing file /mnt/c/Users/wu_li/OneDrive/Desktop/Airflow_pract/venv/lib/python3.9/site-packages/airflow/example_dags/example_latest_only.py for tasks to queue
[2025-04-20T21:14:54.883+0800] {logging_mixin.py:190} INFO - [2025-04-20T21:14:54.882+0800] {dagbag.py:588} INFO - Filling up the DagBag from /mnt/c/Users/wu_li/OneDrive/Desktop/Airflow_pract/venv/lib/python3.9/site-packages/airflow/example_dags/example_latest_only.py
[2025-04-20T21:14:54.901+0800] {processor.py:925} INFO - DAG(s) 'latest_only' retrieved from /mnt/c/Users/wu_li/OneDrive/Desktop/Airflow_pract/venv/lib/python3.9/site-packages/airflow/example_dags/example_latest_only.py
[2025-04-20T21:14:54.924+0800] {logging_mixin.py:190} INFO - [2025-04-20T21:14:54.923+0800] {dag.py:3239} INFO - Sync 1 DAGs
[2025-04-20T21:14:54.950+0800] {logging_mixin.py:190} INFO - [2025-04-20T21:14:54.949+0800] {dag.py:4180} INFO - Setting next_dagrun for latest_only to 2025-04-20 08:00:00+00:00, run_after=2025-04-20 12:00:00+00:00
[2025-04-20T21:14:55.013+0800] {processor.py:208} INFO - Processing /mnt/c/Users/wu_li/OneDrive/Desktop/Airflow_pract/venv/lib/python3.9/site-packages/airflow/example_dags/example_latest_only.py took 0.160 seconds
[2025-04-20T21:16:26.446+0800] {processor.py:186} INFO - Started process (PID=102344) to work on /mnt/c/Users/wu_li/OneDrive/Desktop/Airflow_pract/venv/lib/python3.9/site-packages/airflow/example_dags/example_latest_only.py
[2025-04-20T21:16:26.449+0800] {processor.py:914} INFO - Processing file /mnt/c/Users/wu_li/OneDrive/Desktop/Airflow_pract/venv/lib/python3.9/site-packages/airflow/example_dags/example_latest_only.py for tasks to queue
[2025-04-20T21:16:26.453+0800] {logging_mixin.py:190} INFO - [2025-04-20T21:16:26.452+0800] {dagbag.py:588} INFO - Filling up the DagBag from /mnt/c/Users/wu_li/OneDrive/Desktop/Airflow_pract/venv/lib/python3.9/site-packages/airflow/example_dags/example_latest_only.py
[2025-04-20T21:16:26.488+0800] {processor.py:925} INFO - DAG(s) 'latest_only' retrieved from /mnt/c/Users/wu_li/OneDrive/Desktop/Airflow_pract/venv/lib/python3.9/site-packages/airflow/example_dags/example_latest_only.py
[2025-04-20T21:16:26.535+0800] {logging_mixin.py:190} INFO - [2025-04-20T21:16:26.533+0800] {dag.py:3239} INFO - Sync 1 DAGs
[2025-04-20T21:16:26.602+0800] {logging_mixin.py:190} INFO - [2025-04-20T21:16:26.601+0800] {dag.py:4180} INFO - Setting next_dagrun for latest_only to 2025-04-20 08:00:00+00:00, run_after=2025-04-20 12:00:00+00:00
[2025-04-20T21:16:26.689+0800] {processor.py:208} INFO - Processing /mnt/c/Users/wu_li/OneDrive/Desktop/Airflow_pract/venv/lib/python3.9/site-packages/airflow/example_dags/example_latest_only.py took 0.266 seconds
[2025-04-20T21:17:51.195+0800] {processor.py:186} INFO - Started process (PID=103354) to work on /mnt/c/Users/wu_li/OneDrive/Desktop/Airflow_pract/venv/lib/python3.9/site-packages/airflow/example_dags/example_latest_only.py
[2025-04-20T21:17:51.198+0800] {processor.py:914} INFO - Processing file /mnt/c/Users/wu_li/OneDrive/Desktop/Airflow_pract/venv/lib/python3.9/site-packages/airflow/example_dags/example_latest_only.py for tasks to queue
[2025-04-20T21:17:51.202+0800] {logging_mixin.py:190} INFO - [2025-04-20T21:17:51.200+0800] {dagbag.py:588} INFO - Filling up the DagBag from /mnt/c/Users/wu_li/OneDrive/Desktop/Airflow_pract/venv/lib/python3.9/site-packages/airflow/example_dags/example_latest_only.py
[2025-04-20T21:17:51.234+0800] {processor.py:925} INFO - DAG(s) 'latest_only' retrieved from /mnt/c/Users/wu_li/OneDrive/Desktop/Airflow_pract/venv/lib/python3.9/site-packages/airflow/example_dags/example_latest_only.py
[2025-04-20T21:17:51.275+0800] {logging_mixin.py:190} INFO - [2025-04-20T21:17:51.273+0800] {dag.py:3239} INFO - Sync 1 DAGs
[2025-04-20T21:17:51.344+0800] {logging_mixin.py:190} INFO - [2025-04-20T21:17:51.342+0800] {dag.py:4180} INFO - Setting next_dagrun for latest_only to 2025-04-20 08:00:00+00:00, run_after=2025-04-20 12:00:00+00:00
[2025-04-20T21:17:51.450+0800] {processor.py:208} INFO - Processing /mnt/c/Users/wu_li/OneDrive/Desktop/Airflow_pract/venv/lib/python3.9/site-packages/airflow/example_dags/example_latest_only.py took 0.285 seconds
[2025-04-20T21:19:17.758+0800] {processor.py:186} INFO - Started process (PID=104359) to work on /mnt/c/Users/wu_li/OneDrive/Desktop/Airflow_pract/venv/lib/python3.9/site-packages/airflow/example_dags/example_latest_only.py
[2025-04-20T21:19:17.763+0800] {processor.py:914} INFO - Processing file /mnt/c/Users/wu_li/OneDrive/Desktop/Airflow_pract/venv/lib/python3.9/site-packages/airflow/example_dags/example_latest_only.py for tasks to queue
[2025-04-20T21:19:17.767+0800] {logging_mixin.py:190} INFO - [2025-04-20T21:19:17.766+0800] {dagbag.py:588} INFO - Filling up the DagBag from /mnt/c/Users/wu_li/OneDrive/Desktop/Airflow_pract/venv/lib/python3.9/site-packages/airflow/example_dags/example_latest_only.py
[2025-04-20T21:19:17.804+0800] {processor.py:925} INFO - DAG(s) 'latest_only' retrieved from /mnt/c/Users/wu_li/OneDrive/Desktop/Airflow_pract/venv/lib/python3.9/site-packages/airflow/example_dags/example_latest_only.py
[2025-04-20T21:19:17.845+0800] {logging_mixin.py:190} INFO - [2025-04-20T21:19:17.844+0800] {dag.py:3239} INFO - Sync 1 DAGs
[2025-04-20T21:19:17.920+0800] {logging_mixin.py:190} INFO - [2025-04-20T21:19:17.919+0800] {dag.py:4180} INFO - Setting next_dagrun for latest_only to 2025-04-20 08:00:00+00:00, run_after=2025-04-20 12:00:00+00:00
[2025-04-20T21:19:18.012+0800] {processor.py:208} INFO - Processing /mnt/c/Users/wu_li/OneDrive/Desktop/Airflow_pract/venv/lib/python3.9/site-packages/airflow/example_dags/example_latest_only.py took 0.273 seconds
[2025-04-20T21:20:48.730+0800] {processor.py:186} INFO - Started process (PID=105368) to work on /mnt/c/Users/wu_li/OneDrive/Desktop/Airflow_pract/venv/lib/python3.9/site-packages/airflow/example_dags/example_latest_only.py
[2025-04-20T21:20:48.731+0800] {processor.py:914} INFO - Processing file /mnt/c/Users/wu_li/OneDrive/Desktop/Airflow_pract/venv/lib/python3.9/site-packages/airflow/example_dags/example_latest_only.py for tasks to queue
[2025-04-20T21:20:48.734+0800] {logging_mixin.py:190} INFO - [2025-04-20T21:20:48.733+0800] {dagbag.py:588} INFO - Filling up the DagBag from /mnt/c/Users/wu_li/OneDrive/Desktop/Airflow_pract/venv/lib/python3.9/site-packages/airflow/example_dags/example_latest_only.py
[2025-04-20T21:20:48.754+0800] {processor.py:925} INFO - DAG(s) 'latest_only' retrieved from /mnt/c/Users/wu_li/OneDrive/Desktop/Airflow_pract/venv/lib/python3.9/site-packages/airflow/example_dags/example_latest_only.py
[2025-04-20T21:20:48.782+0800] {logging_mixin.py:190} INFO - [2025-04-20T21:20:48.781+0800] {dag.py:3239} INFO - Sync 1 DAGs
[2025-04-20T21:20:48.813+0800] {logging_mixin.py:190} INFO - [2025-04-20T21:20:48.812+0800] {dag.py:4180} INFO - Setting next_dagrun for latest_only to 2025-04-20 08:00:00+00:00, run_after=2025-04-20 12:00:00+00:00
[2025-04-20T21:20:48.871+0800] {processor.py:208} INFO - Processing /mnt/c/Users/wu_li/OneDrive/Desktop/Airflow_pract/venv/lib/python3.9/site-packages/airflow/example_dags/example_latest_only.py took 0.153 seconds
[2025-04-20T21:22:21.935+0800] {processor.py:186} INFO - Started process (PID=106488) to work on /mnt/c/Users/wu_li/OneDrive/Desktop/Airflow_pract/venv/lib/python3.9/site-packages/airflow/example_dags/example_latest_only.py
[2025-04-20T21:22:21.937+0800] {processor.py:914} INFO - Processing file /mnt/c/Users/wu_li/OneDrive/Desktop/Airflow_pract/venv/lib/python3.9/site-packages/airflow/example_dags/example_latest_only.py for tasks to queue
[2025-04-20T21:22:21.939+0800] {logging_mixin.py:190} INFO - [2025-04-20T21:22:21.938+0800] {dagbag.py:588} INFO - Filling up the DagBag from /mnt/c/Users/wu_li/OneDrive/Desktop/Airflow_pract/venv/lib/python3.9/site-packages/airflow/example_dags/example_latest_only.py
[2025-04-20T21:22:21.960+0800] {processor.py:925} INFO - DAG(s) 'latest_only' retrieved from /mnt/c/Users/wu_li/OneDrive/Desktop/Airflow_pract/venv/lib/python3.9/site-packages/airflow/example_dags/example_latest_only.py
[2025-04-20T21:22:21.988+0800] {logging_mixin.py:190} INFO - [2025-04-20T21:22:21.987+0800] {dag.py:3239} INFO - Sync 1 DAGs
[2025-04-20T21:22:22.017+0800] {logging_mixin.py:190} INFO - [2025-04-20T21:22:22.016+0800] {dag.py:4180} INFO - Setting next_dagrun for latest_only to 2025-04-20 08:00:00+00:00, run_after=2025-04-20 12:00:00+00:00
[2025-04-20T21:22:22.074+0800] {processor.py:208} INFO - Processing /mnt/c/Users/wu_li/OneDrive/Desktop/Airflow_pract/venv/lib/python3.9/site-packages/airflow/example_dags/example_latest_only.py took 0.151 seconds
[2025-04-20T21:23:52.801+0800] {processor.py:186} INFO - Started process (PID=107386) to work on /mnt/c/Users/wu_li/OneDrive/Desktop/Airflow_pract/venv/lib/python3.9/site-packages/airflow/example_dags/example_latest_only.py
[2025-04-20T21:23:52.803+0800] {processor.py:914} INFO - Processing file /mnt/c/Users/wu_li/OneDrive/Desktop/Airflow_pract/venv/lib/python3.9/site-packages/airflow/example_dags/example_latest_only.py for tasks to queue
[2025-04-20T21:23:52.805+0800] {logging_mixin.py:190} INFO - [2025-04-20T21:23:52.804+0800] {dagbag.py:588} INFO - Filling up the DagBag from /mnt/c/Users/wu_li/OneDrive/Desktop/Airflow_pract/venv/lib/python3.9/site-packages/airflow/example_dags/example_latest_only.py
[2025-04-20T21:23:52.827+0800] {processor.py:925} INFO - DAG(s) 'latest_only' retrieved from /mnt/c/Users/wu_li/OneDrive/Desktop/Airflow_pract/venv/lib/python3.9/site-packages/airflow/example_dags/example_latest_only.py
[2025-04-20T21:23:52.854+0800] {logging_mixin.py:190} INFO - [2025-04-20T21:23:52.853+0800] {dag.py:3239} INFO - Sync 1 DAGs
[2025-04-20T21:23:52.883+0800] {logging_mixin.py:190} INFO - [2025-04-20T21:23:52.882+0800] {dag.py:4180} INFO - Setting next_dagrun for latest_only to 2025-04-20 08:00:00+00:00, run_after=2025-04-20 12:00:00+00:00
[2025-04-20T21:23:52.935+0800] {processor.py:208} INFO - Processing /mnt/c/Users/wu_li/OneDrive/Desktop/Airflow_pract/venv/lib/python3.9/site-packages/airflow/example_dags/example_latest_only.py took 0.146 seconds
[2025-04-20T21:25:22.161+0800] {processor.py:186} INFO - Started process (PID=108462) to work on /mnt/c/Users/wu_li/OneDrive/Desktop/Airflow_pract/venv/lib/python3.9/site-packages/airflow/example_dags/example_latest_only.py
[2025-04-20T21:25:22.163+0800] {processor.py:914} INFO - Processing file /mnt/c/Users/wu_li/OneDrive/Desktop/Airflow_pract/venv/lib/python3.9/site-packages/airflow/example_dags/example_latest_only.py for tasks to queue
[2025-04-20T21:25:22.168+0800] {logging_mixin.py:190} INFO - [2025-04-20T21:25:22.166+0800] {dagbag.py:588} INFO - Filling up the DagBag from /mnt/c/Users/wu_li/OneDrive/Desktop/Airflow_pract/venv/lib/python3.9/site-packages/airflow/example_dags/example_latest_only.py
[2025-04-20T21:25:22.204+0800] {processor.py:925} INFO - DAG(s) 'latest_only' retrieved from /mnt/c/Users/wu_li/OneDrive/Desktop/Airflow_pract/venv/lib/python3.9/site-packages/airflow/example_dags/example_latest_only.py
[2025-04-20T21:25:22.260+0800] {logging_mixin.py:190} INFO - [2025-04-20T21:25:22.259+0800] {dag.py:3239} INFO - Sync 1 DAGs
[2025-04-20T21:25:22.329+0800] {logging_mixin.py:190} INFO - [2025-04-20T21:25:22.328+0800] {dag.py:4180} INFO - Setting next_dagrun for latest_only to 2025-04-20 08:00:00+00:00, run_after=2025-04-20 12:00:00+00:00
[2025-04-20T21:25:22.413+0800] {processor.py:208} INFO - Processing /mnt/c/Users/wu_li/OneDrive/Desktop/Airflow_pract/venv/lib/python3.9/site-packages/airflow/example_dags/example_latest_only.py took 0.274 seconds
[2025-04-20T21:26:54.818+0800] {processor.py:186} INFO - Started process (PID=109473) to work on /mnt/c/Users/wu_li/OneDrive/Desktop/Airflow_pract/venv/lib/python3.9/site-packages/airflow/example_dags/example_latest_only.py
[2025-04-20T21:26:54.820+0800] {processor.py:914} INFO - Processing file /mnt/c/Users/wu_li/OneDrive/Desktop/Airflow_pract/venv/lib/python3.9/site-packages/airflow/example_dags/example_latest_only.py for tasks to queue
[2025-04-20T21:26:54.823+0800] {logging_mixin.py:190} INFO - [2025-04-20T21:26:54.822+0800] {dagbag.py:588} INFO - Filling up the DagBag from /mnt/c/Users/wu_li/OneDrive/Desktop/Airflow_pract/venv/lib/python3.9/site-packages/airflow/example_dags/example_latest_only.py
[2025-04-20T21:26:54.844+0800] {processor.py:925} INFO - DAG(s) 'latest_only' retrieved from /mnt/c/Users/wu_li/OneDrive/Desktop/Airflow_pract/venv/lib/python3.9/site-packages/airflow/example_dags/example_latest_only.py
[2025-04-20T21:26:54.870+0800] {logging_mixin.py:190} INFO - [2025-04-20T21:26:54.869+0800] {dag.py:3239} INFO - Sync 1 DAGs
[2025-04-20T21:26:54.896+0800] {logging_mixin.py:190} INFO - [2025-04-20T21:26:54.895+0800] {dag.py:4180} INFO - Setting next_dagrun for latest_only to 2025-04-20 08:00:00+00:00, run_after=2025-04-20 12:00:00+00:00
[2025-04-20T21:26:54.946+0800] {processor.py:208} INFO - Processing /mnt/c/Users/wu_li/OneDrive/Desktop/Airflow_pract/venv/lib/python3.9/site-packages/airflow/example_dags/example_latest_only.py took 0.140 seconds
[2025-04-20T21:28:23.752+0800] {processor.py:186} INFO - Started process (PID=110549) to work on /mnt/c/Users/wu_li/OneDrive/Desktop/Airflow_pract/venv/lib/python3.9/site-packages/airflow/example_dags/example_latest_only.py
[2025-04-20T21:28:23.756+0800] {processor.py:914} INFO - Processing file /mnt/c/Users/wu_li/OneDrive/Desktop/Airflow_pract/venv/lib/python3.9/site-packages/airflow/example_dags/example_latest_only.py for tasks to queue
[2025-04-20T21:28:23.760+0800] {logging_mixin.py:190} INFO - [2025-04-20T21:28:23.759+0800] {dagbag.py:588} INFO - Filling up the DagBag from /mnt/c/Users/wu_li/OneDrive/Desktop/Airflow_pract/venv/lib/python3.9/site-packages/airflow/example_dags/example_latest_only.py
[2025-04-20T21:28:23.801+0800] {processor.py:925} INFO - DAG(s) 'latest_only' retrieved from /mnt/c/Users/wu_li/OneDrive/Desktop/Airflow_pract/venv/lib/python3.9/site-packages/airflow/example_dags/example_latest_only.py
[2025-04-20T21:28:23.852+0800] {logging_mixin.py:190} INFO - [2025-04-20T21:28:23.849+0800] {dag.py:3239} INFO - Sync 1 DAGs
[2025-04-20T21:28:23.926+0800] {logging_mixin.py:190} INFO - [2025-04-20T21:28:23.925+0800] {dag.py:4180} INFO - Setting next_dagrun for latest_only to 2025-04-20 08:00:00+00:00, run_after=2025-04-20 12:00:00+00:00
[2025-04-20T21:28:24.015+0800] {processor.py:208} INFO - Processing /mnt/c/Users/wu_li/OneDrive/Desktop/Airflow_pract/venv/lib/python3.9/site-packages/airflow/example_dags/example_latest_only.py took 0.290 seconds
[2025-04-20T21:29:55.177+0800] {processor.py:186} INFO - Started process (PID=111631) to work on /mnt/c/Users/wu_li/OneDrive/Desktop/Airflow_pract/venv/lib/python3.9/site-packages/airflow/example_dags/example_latest_only.py
[2025-04-20T21:29:55.180+0800] {processor.py:914} INFO - Processing file /mnt/c/Users/wu_li/OneDrive/Desktop/Airflow_pract/venv/lib/python3.9/site-packages/airflow/example_dags/example_latest_only.py for tasks to queue
[2025-04-20T21:29:55.184+0800] {logging_mixin.py:190} INFO - [2025-04-20T21:29:55.182+0800] {dagbag.py:588} INFO - Filling up the DagBag from /mnt/c/Users/wu_li/OneDrive/Desktop/Airflow_pract/venv/lib/python3.9/site-packages/airflow/example_dags/example_latest_only.py
[2025-04-20T21:29:55.214+0800] {processor.py:925} INFO - DAG(s) 'latest_only' retrieved from /mnt/c/Users/wu_li/OneDrive/Desktop/Airflow_pract/venv/lib/python3.9/site-packages/airflow/example_dags/example_latest_only.py
[2025-04-20T21:29:55.256+0800] {logging_mixin.py:190} INFO - [2025-04-20T21:29:55.254+0800] {dag.py:3239} INFO - Sync 1 DAGs
[2025-04-20T21:29:55.324+0800] {logging_mixin.py:190} INFO - [2025-04-20T21:29:55.321+0800] {dag.py:4180} INFO - Setting next_dagrun for latest_only to 2025-04-20 08:00:00+00:00, run_after=2025-04-20 12:00:00+00:00
[2025-04-20T21:29:55.402+0800] {processor.py:208} INFO - Processing /mnt/c/Users/wu_li/OneDrive/Desktop/Airflow_pract/venv/lib/python3.9/site-packages/airflow/example_dags/example_latest_only.py took 0.243 seconds
[2025-04-20T21:31:26.758+0800] {processor.py:186} INFO - Started process (PID=112710) to work on /mnt/c/Users/wu_li/OneDrive/Desktop/Airflow_pract/venv/lib/python3.9/site-packages/airflow/example_dags/example_latest_only.py
[2025-04-20T21:31:26.760+0800] {processor.py:914} INFO - Processing file /mnt/c/Users/wu_li/OneDrive/Desktop/Airflow_pract/venv/lib/python3.9/site-packages/airflow/example_dags/example_latest_only.py for tasks to queue
[2025-04-20T21:31:26.767+0800] {logging_mixin.py:190} INFO - [2025-04-20T21:31:26.765+0800] {dagbag.py:588} INFO - Filling up the DagBag from /mnt/c/Users/wu_li/OneDrive/Desktop/Airflow_pract/venv/lib/python3.9/site-packages/airflow/example_dags/example_latest_only.py
[2025-04-20T21:31:26.802+0800] {processor.py:925} INFO - DAG(s) 'latest_only' retrieved from /mnt/c/Users/wu_li/OneDrive/Desktop/Airflow_pract/venv/lib/python3.9/site-packages/airflow/example_dags/example_latest_only.py
[2025-04-20T21:31:26.870+0800] {logging_mixin.py:190} INFO - [2025-04-20T21:31:26.868+0800] {dag.py:3239} INFO - Sync 1 DAGs
[2025-04-20T21:31:26.948+0800] {logging_mixin.py:190} INFO - [2025-04-20T21:31:26.946+0800] {dag.py:4180} INFO - Setting next_dagrun for latest_only to 2025-04-20 08:00:00+00:00, run_after=2025-04-20 12:00:00+00:00
[2025-04-20T21:31:27.039+0800] {processor.py:208} INFO - Processing /mnt/c/Users/wu_li/OneDrive/Desktop/Airflow_pract/venv/lib/python3.9/site-packages/airflow/example_dags/example_latest_only.py took 0.301 seconds
[2025-04-20T21:32:59.580+0800] {processor.py:186} INFO - Started process (PID=113720) to work on /mnt/c/Users/wu_li/OneDrive/Desktop/Airflow_pract/venv/lib/python3.9/site-packages/airflow/example_dags/example_latest_only.py
[2025-04-20T21:32:59.582+0800] {processor.py:914} INFO - Processing file /mnt/c/Users/wu_li/OneDrive/Desktop/Airflow_pract/venv/lib/python3.9/site-packages/airflow/example_dags/example_latest_only.py for tasks to queue
[2025-04-20T21:32:59.585+0800] {logging_mixin.py:190} INFO - [2025-04-20T21:32:59.584+0800] {dagbag.py:588} INFO - Filling up the DagBag from /mnt/c/Users/wu_li/OneDrive/Desktop/Airflow_pract/venv/lib/python3.9/site-packages/airflow/example_dags/example_latest_only.py
[2025-04-20T21:32:59.612+0800] {processor.py:925} INFO - DAG(s) 'latest_only' retrieved from /mnt/c/Users/wu_li/OneDrive/Desktop/Airflow_pract/venv/lib/python3.9/site-packages/airflow/example_dags/example_latest_only.py
[2025-04-20T21:32:59.643+0800] {logging_mixin.py:190} INFO - [2025-04-20T21:32:59.642+0800] {dag.py:3239} INFO - Sync 1 DAGs
[2025-04-20T21:32:59.673+0800] {logging_mixin.py:190} INFO - [2025-04-20T21:32:59.672+0800] {dag.py:4180} INFO - Setting next_dagrun for latest_only to 2025-04-20 08:00:00+00:00, run_after=2025-04-20 12:00:00+00:00
[2025-04-20T21:32:59.727+0800] {processor.py:208} INFO - Processing /mnt/c/Users/wu_li/OneDrive/Desktop/Airflow_pract/venv/lib/python3.9/site-packages/airflow/example_dags/example_latest_only.py took 0.158 seconds
[2025-04-20T21:34:29.344+0800] {processor.py:186} INFO - Started process (PID=114797) to work on /mnt/c/Users/wu_li/OneDrive/Desktop/Airflow_pract/venv/lib/python3.9/site-packages/airflow/example_dags/example_latest_only.py
[2025-04-20T21:34:29.347+0800] {processor.py:914} INFO - Processing file /mnt/c/Users/wu_li/OneDrive/Desktop/Airflow_pract/venv/lib/python3.9/site-packages/airflow/example_dags/example_latest_only.py for tasks to queue
[2025-04-20T21:34:29.351+0800] {logging_mixin.py:190} INFO - [2025-04-20T21:34:29.350+0800] {dagbag.py:588} INFO - Filling up the DagBag from /mnt/c/Users/wu_li/OneDrive/Desktop/Airflow_pract/venv/lib/python3.9/site-packages/airflow/example_dags/example_latest_only.py
[2025-04-20T21:34:29.388+0800] {processor.py:925} INFO - DAG(s) 'latest_only' retrieved from /mnt/c/Users/wu_li/OneDrive/Desktop/Airflow_pract/venv/lib/python3.9/site-packages/airflow/example_dags/example_latest_only.py
[2025-04-20T21:34:29.428+0800] {logging_mixin.py:190} INFO - [2025-04-20T21:34:29.427+0800] {dag.py:3239} INFO - Sync 1 DAGs
[2025-04-20T21:34:29.494+0800] {logging_mixin.py:190} INFO - [2025-04-20T21:34:29.492+0800] {dag.py:4180} INFO - Setting next_dagrun for latest_only to 2025-04-20 08:00:00+00:00, run_after=2025-04-20 12:00:00+00:00
[2025-04-20T21:34:29.568+0800] {processor.py:208} INFO - Processing /mnt/c/Users/wu_li/OneDrive/Desktop/Airflow_pract/venv/lib/python3.9/site-packages/airflow/example_dags/example_latest_only.py took 0.245 seconds
[2025-04-20T21:36:08.939+0800] {processor.py:186} INFO - Started process (PID=115952) to work on /mnt/c/Users/wu_li/OneDrive/Desktop/Airflow_pract/venv/lib/python3.9/site-packages/airflow/example_dags/example_latest_only.py
[2025-04-20T21:36:08.941+0800] {processor.py:914} INFO - Processing file /mnt/c/Users/wu_li/OneDrive/Desktop/Airflow_pract/venv/lib/python3.9/site-packages/airflow/example_dags/example_latest_only.py for tasks to queue
[2025-04-20T21:36:08.943+0800] {logging_mixin.py:190} INFO - [2025-04-20T21:36:08.942+0800] {dagbag.py:588} INFO - Filling up the DagBag from /mnt/c/Users/wu_li/OneDrive/Desktop/Airflow_pract/venv/lib/python3.9/site-packages/airflow/example_dags/example_latest_only.py
[2025-04-20T21:36:08.963+0800] {processor.py:925} INFO - DAG(s) 'latest_only' retrieved from /mnt/c/Users/wu_li/OneDrive/Desktop/Airflow_pract/venv/lib/python3.9/site-packages/airflow/example_dags/example_latest_only.py
[2025-04-20T21:36:08.992+0800] {logging_mixin.py:190} INFO - [2025-04-20T21:36:08.991+0800] {dag.py:3239} INFO - Sync 1 DAGs
[2025-04-20T21:36:09.023+0800] {logging_mixin.py:190} INFO - [2025-04-20T21:36:09.022+0800] {dag.py:4180} INFO - Setting next_dagrun for latest_only to 2025-04-20 08:00:00+00:00, run_after=2025-04-20 12:00:00+00:00
[2025-04-20T21:36:09.086+0800] {processor.py:208} INFO - Processing /mnt/c/Users/wu_li/OneDrive/Desktop/Airflow_pract/venv/lib/python3.9/site-packages/airflow/example_dags/example_latest_only.py took 0.158 seconds
[2025-04-20T21:37:53.487+0800] {processor.py:186} INFO - Started process (PID=116962) to work on /mnt/c/Users/wu_li/OneDrive/Desktop/Airflow_pract/venv/lib/python3.9/site-packages/airflow/example_dags/example_latest_only.py
[2025-04-20T21:37:53.489+0800] {processor.py:914} INFO - Processing file /mnt/c/Users/wu_li/OneDrive/Desktop/Airflow_pract/venv/lib/python3.9/site-packages/airflow/example_dags/example_latest_only.py for tasks to queue
[2025-04-20T21:37:53.491+0800] {logging_mixin.py:190} INFO - [2025-04-20T21:37:53.490+0800] {dagbag.py:588} INFO - Filling up the DagBag from /mnt/c/Users/wu_li/OneDrive/Desktop/Airflow_pract/venv/lib/python3.9/site-packages/airflow/example_dags/example_latest_only.py
[2025-04-20T21:37:53.509+0800] {processor.py:925} INFO - DAG(s) 'latest_only' retrieved from /mnt/c/Users/wu_li/OneDrive/Desktop/Airflow_pract/venv/lib/python3.9/site-packages/airflow/example_dags/example_latest_only.py
[2025-04-20T21:37:53.534+0800] {logging_mixin.py:190} INFO - [2025-04-20T21:37:53.533+0800] {dag.py:3239} INFO - Sync 1 DAGs
[2025-04-20T21:37:53.591+0800] {logging_mixin.py:190} INFO - [2025-04-20T21:37:53.590+0800] {dag.py:4180} INFO - Setting next_dagrun for latest_only to 2025-04-20 08:00:00+00:00, run_after=2025-04-20 12:00:00+00:00
[2025-04-20T21:37:53.732+0800] {processor.py:208} INFO - Processing /mnt/c/Users/wu_li/OneDrive/Desktop/Airflow_pract/venv/lib/python3.9/site-packages/airflow/example_dags/example_latest_only.py took 0.255 seconds
[2025-04-20T21:39:34.214+0800] {processor.py:186} INFO - Started process (PID=118015) to work on /mnt/c/Users/wu_li/OneDrive/Desktop/Airflow_pract/venv/lib/python3.9/site-packages/airflow/example_dags/example_latest_only.py
[2025-04-20T21:39:34.216+0800] {processor.py:914} INFO - Processing file /mnt/c/Users/wu_li/OneDrive/Desktop/Airflow_pract/venv/lib/python3.9/site-packages/airflow/example_dags/example_latest_only.py for tasks to queue
[2025-04-20T21:39:34.219+0800] {logging_mixin.py:190} INFO - [2025-04-20T21:39:34.218+0800] {dagbag.py:588} INFO - Filling up the DagBag from /mnt/c/Users/wu_li/OneDrive/Desktop/Airflow_pract/venv/lib/python3.9/site-packages/airflow/example_dags/example_latest_only.py
[2025-04-20T21:39:34.238+0800] {processor.py:925} INFO - DAG(s) 'latest_only' retrieved from /mnt/c/Users/wu_li/OneDrive/Desktop/Airflow_pract/venv/lib/python3.9/site-packages/airflow/example_dags/example_latest_only.py
[2025-04-20T21:39:34.265+0800] {logging_mixin.py:190} INFO - [2025-04-20T21:39:34.265+0800] {dag.py:3239} INFO - Sync 1 DAGs
[2025-04-20T21:39:34.294+0800] {logging_mixin.py:190} INFO - [2025-04-20T21:39:34.293+0800] {dag.py:4180} INFO - Setting next_dagrun for latest_only to 2025-04-20 08:00:00+00:00, run_after=2025-04-20 12:00:00+00:00
[2025-04-20T21:39:34.357+0800] {processor.py:208} INFO - Processing /mnt/c/Users/wu_li/OneDrive/Desktop/Airflow_pract/venv/lib/python3.9/site-packages/airflow/example_dags/example_latest_only.py took 0.155 seconds
[2025-04-20T21:40:59.383+0800] {processor.py:186} INFO - Started process (PID=119032) to work on /mnt/c/Users/wu_li/OneDrive/Desktop/Airflow_pract/venv/lib/python3.9/site-packages/airflow/example_dags/example_latest_only.py
[2025-04-20T21:40:59.385+0800] {processor.py:914} INFO - Processing file /mnt/c/Users/wu_li/OneDrive/Desktop/Airflow_pract/venv/lib/python3.9/site-packages/airflow/example_dags/example_latest_only.py for tasks to queue
[2025-04-20T21:40:59.389+0800] {logging_mixin.py:190} INFO - [2025-04-20T21:40:59.387+0800] {dagbag.py:588} INFO - Filling up the DagBag from /mnt/c/Users/wu_li/OneDrive/Desktop/Airflow_pract/venv/lib/python3.9/site-packages/airflow/example_dags/example_latest_only.py
[2025-04-20T21:40:59.412+0800] {processor.py:925} INFO - DAG(s) 'latest_only' retrieved from /mnt/c/Users/wu_li/OneDrive/Desktop/Airflow_pract/venv/lib/python3.9/site-packages/airflow/example_dags/example_latest_only.py
[2025-04-20T21:40:59.441+0800] {logging_mixin.py:190} INFO - [2025-04-20T21:40:59.440+0800] {dag.py:3239} INFO - Sync 1 DAGs
[2025-04-20T21:40:59.470+0800] {logging_mixin.py:190} INFO - [2025-04-20T21:40:59.469+0800] {dag.py:4180} INFO - Setting next_dagrun for latest_only to 2025-04-20 08:00:00+00:00, run_after=2025-04-20 12:00:00+00:00
[2025-04-20T21:40:59.541+0800] {processor.py:208} INFO - Processing /mnt/c/Users/wu_li/OneDrive/Desktop/Airflow_pract/venv/lib/python3.9/site-packages/airflow/example_dags/example_latest_only.py took 0.173 seconds
[2025-04-20T21:42:32.684+0800] {processor.py:186} INFO - Started process (PID=119960) to work on /mnt/c/Users/wu_li/OneDrive/Desktop/Airflow_pract/venv/lib/python3.9/site-packages/airflow/example_dags/example_latest_only.py
[2025-04-20T21:42:32.687+0800] {processor.py:914} INFO - Processing file /mnt/c/Users/wu_li/OneDrive/Desktop/Airflow_pract/venv/lib/python3.9/site-packages/airflow/example_dags/example_latest_only.py for tasks to queue
[2025-04-20T21:42:32.692+0800] {logging_mixin.py:190} INFO - [2025-04-20T21:42:32.690+0800] {dagbag.py:588} INFO - Filling up the DagBag from /mnt/c/Users/wu_li/OneDrive/Desktop/Airflow_pract/venv/lib/python3.9/site-packages/airflow/example_dags/example_latest_only.py
[2025-04-20T21:42:32.722+0800] {processor.py:925} INFO - DAG(s) 'latest_only' retrieved from /mnt/c/Users/wu_li/OneDrive/Desktop/Airflow_pract/venv/lib/python3.9/site-packages/airflow/example_dags/example_latest_only.py
[2025-04-20T21:42:32.783+0800] {logging_mixin.py:190} INFO - [2025-04-20T21:42:32.782+0800] {dag.py:3239} INFO - Sync 1 DAGs
[2025-04-20T21:42:32.895+0800] {logging_mixin.py:190} INFO - [2025-04-20T21:42:32.893+0800] {dag.py:4180} INFO - Setting next_dagrun for latest_only to 2025-04-20 08:00:00+00:00, run_after=2025-04-20 12:00:00+00:00
[2025-04-20T21:42:33.025+0800] {processor.py:208} INFO - Processing /mnt/c/Users/wu_li/OneDrive/Desktop/Airflow_pract/venv/lib/python3.9/site-packages/airflow/example_dags/example_latest_only.py took 0.360 seconds
[2025-04-20T21:44:11.687+0800] {processor.py:186} INFO - Started process (PID=120795) to work on /mnt/c/Users/wu_li/OneDrive/Desktop/Airflow_pract/venv/lib/python3.9/site-packages/airflow/example_dags/example_latest_only.py
[2025-04-20T21:44:11.689+0800] {processor.py:914} INFO - Processing file /mnt/c/Users/wu_li/OneDrive/Desktop/Airflow_pract/venv/lib/python3.9/site-packages/airflow/example_dags/example_latest_only.py for tasks to queue
[2025-04-20T21:44:11.692+0800] {logging_mixin.py:190} INFO - [2025-04-20T21:44:11.691+0800] {dagbag.py:588} INFO - Filling up the DagBag from /mnt/c/Users/wu_li/OneDrive/Desktop/Airflow_pract/venv/lib/python3.9/site-packages/airflow/example_dags/example_latest_only.py
[2025-04-20T21:44:11.720+0800] {processor.py:925} INFO - DAG(s) 'latest_only' retrieved from /mnt/c/Users/wu_li/OneDrive/Desktop/Airflow_pract/venv/lib/python3.9/site-packages/airflow/example_dags/example_latest_only.py
[2025-04-20T21:44:11.753+0800] {logging_mixin.py:190} INFO - [2025-04-20T21:44:11.752+0800] {dag.py:3239} INFO - Sync 1 DAGs
[2025-04-20T21:44:11.786+0800] {logging_mixin.py:190} INFO - [2025-04-20T21:44:11.785+0800] {dag.py:4180} INFO - Setting next_dagrun for latest_only to 2025-04-20 08:00:00+00:00, run_after=2025-04-20 12:00:00+00:00
[2025-04-20T21:44:11.847+0800] {processor.py:208} INFO - Processing /mnt/c/Users/wu_li/OneDrive/Desktop/Airflow_pract/venv/lib/python3.9/site-packages/airflow/example_dags/example_latest_only.py took 0.171 seconds
[2025-04-20T21:45:41.990+0800] {processor.py:186} INFO - Started process (PID=121851) to work on /mnt/c/Users/wu_li/OneDrive/Desktop/Airflow_pract/venv/lib/python3.9/site-packages/airflow/example_dags/example_latest_only.py
[2025-04-20T21:45:41.992+0800] {processor.py:914} INFO - Processing file /mnt/c/Users/wu_li/OneDrive/Desktop/Airflow_pract/venv/lib/python3.9/site-packages/airflow/example_dags/example_latest_only.py for tasks to queue
[2025-04-20T21:45:41.995+0800] {logging_mixin.py:190} INFO - [2025-04-20T21:45:41.994+0800] {dagbag.py:588} INFO - Filling up the DagBag from /mnt/c/Users/wu_li/OneDrive/Desktop/Airflow_pract/venv/lib/python3.9/site-packages/airflow/example_dags/example_latest_only.py
[2025-04-20T21:45:42.025+0800] {processor.py:925} INFO - DAG(s) 'latest_only' retrieved from /mnt/c/Users/wu_li/OneDrive/Desktop/Airflow_pract/venv/lib/python3.9/site-packages/airflow/example_dags/example_latest_only.py
[2025-04-20T21:45:42.053+0800] {logging_mixin.py:190} INFO - [2025-04-20T21:45:42.052+0800] {dag.py:3239} INFO - Sync 1 DAGs
[2025-04-20T21:45:42.081+0800] {logging_mixin.py:190} INFO - [2025-04-20T21:45:42.081+0800] {dag.py:4180} INFO - Setting next_dagrun for latest_only to 2025-04-20 08:00:00+00:00, run_after=2025-04-20 12:00:00+00:00
[2025-04-20T21:45:42.141+0800] {processor.py:208} INFO - Processing /mnt/c/Users/wu_li/OneDrive/Desktop/Airflow_pract/venv/lib/python3.9/site-packages/airflow/example_dags/example_latest_only.py took 0.166 seconds
[2025-04-20T21:47:37.248+0800] {processor.py:186} INFO - Started process (PID=122614) to work on /mnt/c/Users/wu_li/OneDrive/Desktop/Airflow_pract/venv/lib/python3.9/site-packages/airflow/example_dags/example_latest_only.py
[2025-04-20T21:47:37.264+0800] {processor.py:914} INFO - Processing file /mnt/c/Users/wu_li/OneDrive/Desktop/Airflow_pract/venv/lib/python3.9/site-packages/airflow/example_dags/example_latest_only.py for tasks to queue
[2025-04-20T21:47:37.275+0800] {logging_mixin.py:190} INFO - [2025-04-20T21:47:37.273+0800] {dagbag.py:588} INFO - Filling up the DagBag from /mnt/c/Users/wu_li/OneDrive/Desktop/Airflow_pract/venv/lib/python3.9/site-packages/airflow/example_dags/example_latest_only.py
[2025-04-20T21:47:37.411+0800] {processor.py:925} INFO - DAG(s) 'latest_only' retrieved from /mnt/c/Users/wu_li/OneDrive/Desktop/Airflow_pract/venv/lib/python3.9/site-packages/airflow/example_dags/example_latest_only.py
[2025-04-20T21:47:37.644+0800] {logging_mixin.py:190} INFO - [2025-04-20T21:47:37.627+0800] {dag.py:3239} INFO - Sync 1 DAGs
[2025-04-20T21:47:37.819+0800] {logging_mixin.py:190} INFO - [2025-04-20T21:47:37.815+0800] {dag.py:4180} INFO - Setting next_dagrun for latest_only to 2025-04-20 08:00:00+00:00, run_after=2025-04-20 12:00:00+00:00
[2025-04-20T21:47:38.079+0800] {processor.py:208} INFO - Processing /mnt/c/Users/wu_li/OneDrive/Desktop/Airflow_pract/venv/lib/python3.9/site-packages/airflow/example_dags/example_latest_only.py took 0.898 seconds
[2025-04-20T21:49:10.758+0800] {processor.py:186} INFO - Started process (PID=123699) to work on /mnt/c/Users/wu_li/OneDrive/Desktop/Airflow_pract/venv/lib/python3.9/site-packages/airflow/example_dags/example_latest_only.py
[2025-04-20T21:49:10.762+0800] {processor.py:914} INFO - Processing file /mnt/c/Users/wu_li/OneDrive/Desktop/Airflow_pract/venv/lib/python3.9/site-packages/airflow/example_dags/example_latest_only.py for tasks to queue
[2025-04-20T21:49:10.772+0800] {logging_mixin.py:190} INFO - [2025-04-20T21:49:10.770+0800] {dagbag.py:588} INFO - Filling up the DagBag from /mnt/c/Users/wu_li/OneDrive/Desktop/Airflow_pract/venv/lib/python3.9/site-packages/airflow/example_dags/example_latest_only.py
[2025-04-20T21:49:10.809+0800] {processor.py:925} INFO - DAG(s) 'latest_only' retrieved from /mnt/c/Users/wu_li/OneDrive/Desktop/Airflow_pract/venv/lib/python3.9/site-packages/airflow/example_dags/example_latest_only.py
[2025-04-20T21:49:10.854+0800] {logging_mixin.py:190} INFO - [2025-04-20T21:49:10.853+0800] {dag.py:3239} INFO - Sync 1 DAGs
[2025-04-20T21:49:10.932+0800] {logging_mixin.py:190} INFO - [2025-04-20T21:49:10.931+0800] {dag.py:4180} INFO - Setting next_dagrun for latest_only to 2025-04-20 08:00:00+00:00, run_after=2025-04-20 12:00:00+00:00
[2025-04-20T21:49:11.045+0800] {processor.py:208} INFO - Processing /mnt/c/Users/wu_li/OneDrive/Desktop/Airflow_pract/venv/lib/python3.9/site-packages/airflow/example_dags/example_latest_only.py took 0.311 seconds
