[2025-04-20T20:12:42.642+0800] {processor.py:186} INFO - Started process (PID=64236) to work on /mnt/c/Users/wu_li/OneDrive/Desktop/Airflow_pract/venv/lib/python3.9/site-packages/airflow/example_dags/example_dag_decorator.py
[2025-04-20T20:12:42.645+0800] {processor.py:914} INFO - Processing file /mnt/c/Users/wu_li/OneDrive/Desktop/Airflow_pract/venv/lib/python3.9/site-packages/airflow/example_dags/example_dag_decorator.py for tasks to queue
[2025-04-20T20:12:42.650+0800] {logging_mixin.py:190} INFO - [2025-04-20T20:12:42.649+0800] {dagbag.py:588} INFO - Filling up the DagBag from /mnt/c/Users/wu_li/OneDrive/Desktop/Airflow_pract/venv/lib/python3.9/site-packages/airflow/example_dags/example_dag_decorator.py
[2025-04-20T20:12:46.493+0800] {processor.py:925} INFO - DAG(s) 'example_dag_decorator' retrieved from /mnt/c/Users/wu_li/OneDrive/Desktop/Airflow_pract/venv/lib/python3.9/site-packages/airflow/example_dags/example_dag_decorator.py
[2025-04-20T20:12:47.581+0800] {logging_mixin.py:190} INFO - [2025-04-20T20:12:47.579+0800] {override.py:1912} INFO - Created Permission View: can delete on DAG:example_dag_decorator
[2025-04-20T20:12:47.619+0800] {logging_mixin.py:190} INFO - [2025-04-20T20:12:47.618+0800] {override.py:1912} INFO - Created Permission View: can read on DAG:example_dag_decorator
[2025-04-20T20:12:47.650+0800] {logging_mixin.py:190} INFO - [2025-04-20T20:12:47.649+0800] {override.py:1912} INFO - Created Permission View: can edit on DAG:example_dag_decorator
[2025-04-20T20:12:47.701+0800] {logging_mixin.py:190} INFO - [2025-04-20T20:12:47.700+0800] {override.py:1912} INFO - Created Permission View: can delete on DAG Run:example_dag_decorator
[2025-04-20T20:12:47.732+0800] {logging_mixin.py:190} INFO - [2025-04-20T20:12:47.731+0800] {override.py:1912} INFO - Created Permission View: can read on DAG Run:example_dag_decorator
[2025-04-20T20:12:47.762+0800] {logging_mixin.py:190} INFO - [2025-04-20T20:12:47.761+0800] {override.py:1912} INFO - Created Permission View: can create on DAG Run:example_dag_decorator
[2025-04-20T20:12:47.793+0800] {logging_mixin.py:190} INFO - [2025-04-20T20:12:47.792+0800] {override.py:1912} INFO - Created Permission View: menu access on DAG Run:example_dag_decorator
[2025-04-20T20:12:47.796+0800] {logging_mixin.py:190} INFO - [2025-04-20T20:12:47.795+0800] {dag.py:3239} INFO - Sync 1 DAGs
[2025-04-20T20:12:47.814+0800] {logging_mixin.py:190} INFO - [2025-04-20T20:12:47.813+0800] {dag.py:3262} INFO - Creating ORM DAG for example_dag_decorator
[2025-04-20T20:12:47.816+0800] {logging_mixin.py:190} INFO - [2025-04-20T20:12:47.815+0800] {dag.py:4180} INFO - Setting next_dagrun for example_dag_decorator to None, run_after=None
[2025-04-20T20:12:47.871+0800] {processor.py:208} INFO - Processing /mnt/c/Users/wu_li/OneDrive/Desktop/Airflow_pract/venv/lib/python3.9/site-packages/airflow/example_dags/example_dag_decorator.py took 5.255 seconds
[2025-04-20T20:17:56.812+0800] {processor.py:186} INFO - Started process (PID=68197) to work on /mnt/c/Users/wu_li/OneDrive/Desktop/Airflow_pract/venv/lib/python3.9/site-packages/airflow/example_dags/example_dag_decorator.py
[2025-04-20T20:17:56.822+0800] {processor.py:914} INFO - Processing file /mnt/c/Users/wu_li/OneDrive/Desktop/Airflow_pract/venv/lib/python3.9/site-packages/airflow/example_dags/example_dag_decorator.py for tasks to queue
[2025-04-20T20:17:56.826+0800] {logging_mixin.py:190} INFO - [2025-04-20T20:17:56.825+0800] {dagbag.py:588} INFO - Filling up the DagBag from /mnt/c/Users/wu_li/OneDrive/Desktop/Airflow_pract/venv/lib/python3.9/site-packages/airflow/example_dags/example_dag_decorator.py
[2025-04-20T20:17:58.571+0800] {processor.py:925} INFO - DAG(s) 'example_dag_decorator' retrieved from /mnt/c/Users/wu_li/OneDrive/Desktop/Airflow_pract/venv/lib/python3.9/site-packages/airflow/example_dags/example_dag_decorator.py
[2025-04-20T20:17:59.914+0800] {logging_mixin.py:190} INFO - [2025-04-20T20:17:59.913+0800] {dag.py:3239} INFO - Sync 1 DAGs
[2025-04-20T20:17:59.929+0800] {logging_mixin.py:190} INFO - [2025-04-20T20:17:59.928+0800] {dag.py:4180} INFO - Setting next_dagrun for example_dag_decorator to None, run_after=None
[2025-04-20T20:17:59.996+0800] {processor.py:208} INFO - Processing /mnt/c/Users/wu_li/OneDrive/Desktop/Airflow_pract/venv/lib/python3.9/site-packages/airflow/example_dags/example_dag_decorator.py took 3.199 seconds
[2025-04-20T20:19:39.907+0800] {processor.py:186} INFO - Started process (PID=69406) to work on /mnt/c/Users/wu_li/OneDrive/Desktop/Airflow_pract/venv/lib/python3.9/site-packages/airflow/example_dags/example_dag_decorator.py
[2025-04-20T20:19:39.910+0800] {processor.py:914} INFO - Processing file /mnt/c/Users/wu_li/OneDrive/Desktop/Airflow_pract/venv/lib/python3.9/site-packages/airflow/example_dags/example_dag_decorator.py for tasks to queue
[2025-04-20T20:19:39.915+0800] {logging_mixin.py:190} INFO - [2025-04-20T20:19:39.913+0800] {dagbag.py:588} INFO - Filling up the DagBag from /mnt/c/Users/wu_li/OneDrive/Desktop/Airflow_pract/venv/lib/python3.9/site-packages/airflow/example_dags/example_dag_decorator.py
[2025-04-20T20:19:41.039+0800] {processor.py:925} INFO - DAG(s) 'example_dag_decorator' retrieved from /mnt/c/Users/wu_li/OneDrive/Desktop/Airflow_pract/venv/lib/python3.9/site-packages/airflow/example_dags/example_dag_decorator.py
[2025-04-20T20:19:42.592+0800] {logging_mixin.py:190} INFO - [2025-04-20T20:19:42.591+0800] {dag.py:3239} INFO - Sync 1 DAGs
[2025-04-20T20:19:42.612+0800] {logging_mixin.py:190} INFO - [2025-04-20T20:19:42.611+0800] {dag.py:4180} INFO - Setting next_dagrun for example_dag_decorator to None, run_after=None
[2025-04-20T20:19:42.688+0800] {processor.py:208} INFO - Processing /mnt/c/Users/wu_li/OneDrive/Desktop/Airflow_pract/venv/lib/python3.9/site-packages/airflow/example_dags/example_dag_decorator.py took 2.795 seconds
[2025-04-20T20:21:35.515+0800] {processor.py:186} INFO - Started process (PID=70405) to work on /mnt/c/Users/wu_li/OneDrive/Desktop/Airflow_pract/venv/lib/python3.9/site-packages/airflow/example_dags/example_dag_decorator.py
[2025-04-20T20:21:35.516+0800] {processor.py:914} INFO - Processing file /mnt/c/Users/wu_li/OneDrive/Desktop/Airflow_pract/venv/lib/python3.9/site-packages/airflow/example_dags/example_dag_decorator.py for tasks to queue
[2025-04-20T20:21:35.519+0800] {logging_mixin.py:190} INFO - [2025-04-20T20:21:35.518+0800] {dagbag.py:588} INFO - Filling up the DagBag from /mnt/c/Users/wu_li/OneDrive/Desktop/Airflow_pract/venv/lib/python3.9/site-packages/airflow/example_dags/example_dag_decorator.py
[2025-04-20T20:21:36.555+0800] {processor.py:925} INFO - DAG(s) 'example_dag_decorator' retrieved from /mnt/c/Users/wu_li/OneDrive/Desktop/Airflow_pract/venv/lib/python3.9/site-packages/airflow/example_dags/example_dag_decorator.py
[2025-04-20T20:21:38.389+0800] {logging_mixin.py:190} INFO - [2025-04-20T20:21:38.387+0800] {dag.py:3239} INFO - Sync 1 DAGs
[2025-04-20T20:21:38.417+0800] {logging_mixin.py:190} INFO - [2025-04-20T20:21:38.410+0800] {dag.py:4180} INFO - Setting next_dagrun for example_dag_decorator to None, run_after=None
[2025-04-20T20:21:38.509+0800] {processor.py:208} INFO - Processing /mnt/c/Users/wu_li/OneDrive/Desktop/Airflow_pract/venv/lib/python3.9/site-packages/airflow/example_dags/example_dag_decorator.py took 3.006 seconds
[2025-04-20T20:23:32.114+0800] {processor.py:186} INFO - Started process (PID=71354) to work on /mnt/c/Users/wu_li/OneDrive/Desktop/Airflow_pract/venv/lib/python3.9/site-packages/airflow/example_dags/example_dag_decorator.py
[2025-04-20T20:23:32.117+0800] {processor.py:914} INFO - Processing file /mnt/c/Users/wu_li/OneDrive/Desktop/Airflow_pract/venv/lib/python3.9/site-packages/airflow/example_dags/example_dag_decorator.py for tasks to queue
[2025-04-20T20:23:32.127+0800] {logging_mixin.py:190} INFO - [2025-04-20T20:23:32.122+0800] {dagbag.py:588} INFO - Filling up the DagBag from /mnt/c/Users/wu_li/OneDrive/Desktop/Airflow_pract/venv/lib/python3.9/site-packages/airflow/example_dags/example_dag_decorator.py
[2025-04-20T20:23:33.929+0800] {processor.py:925} INFO - DAG(s) 'example_dag_decorator' retrieved from /mnt/c/Users/wu_li/OneDrive/Desktop/Airflow_pract/venv/lib/python3.9/site-packages/airflow/example_dags/example_dag_decorator.py
[2025-04-20T20:23:35.945+0800] {logging_mixin.py:190} INFO - [2025-04-20T20:23:35.944+0800] {dag.py:3239} INFO - Sync 1 DAGs
[2025-04-20T20:23:35.982+0800] {logging_mixin.py:190} INFO - [2025-04-20T20:23:35.980+0800] {dag.py:4180} INFO - Setting next_dagrun for example_dag_decorator to None, run_after=None
[2025-04-20T20:23:36.071+0800] {processor.py:208} INFO - Processing /mnt/c/Users/wu_li/OneDrive/Desktop/Airflow_pract/venv/lib/python3.9/site-packages/airflow/example_dags/example_dag_decorator.py took 4.007 seconds
[2025-04-20T20:25:30.498+0800] {processor.py:186} INFO - Started process (PID=72386) to work on /mnt/c/Users/wu_li/OneDrive/Desktop/Airflow_pract/venv/lib/python3.9/site-packages/airflow/example_dags/example_dag_decorator.py
[2025-04-20T20:25:30.501+0800] {processor.py:914} INFO - Processing file /mnt/c/Users/wu_li/OneDrive/Desktop/Airflow_pract/venv/lib/python3.9/site-packages/airflow/example_dags/example_dag_decorator.py for tasks to queue
[2025-04-20T20:25:30.506+0800] {logging_mixin.py:190} INFO - [2025-04-20T20:25:30.504+0800] {dagbag.py:588} INFO - Filling up the DagBag from /mnt/c/Users/wu_li/OneDrive/Desktop/Airflow_pract/venv/lib/python3.9/site-packages/airflow/example_dags/example_dag_decorator.py
[2025-04-20T20:25:32.195+0800] {processor.py:925} INFO - DAG(s) 'example_dag_decorator' retrieved from /mnt/c/Users/wu_li/OneDrive/Desktop/Airflow_pract/venv/lib/python3.9/site-packages/airflow/example_dags/example_dag_decorator.py
[2025-04-20T20:25:33.474+0800] {logging_mixin.py:190} INFO - [2025-04-20T20:25:33.473+0800] {dag.py:3239} INFO - Sync 1 DAGs
[2025-04-20T20:25:33.488+0800] {logging_mixin.py:190} INFO - [2025-04-20T20:25:33.487+0800] {dag.py:4180} INFO - Setting next_dagrun for example_dag_decorator to None, run_after=None
[2025-04-20T20:25:33.542+0800] {processor.py:208} INFO - Processing /mnt/c/Users/wu_li/OneDrive/Desktop/Airflow_pract/venv/lib/python3.9/site-packages/airflow/example_dags/example_dag_decorator.py took 3.063 seconds
[2025-04-20T20:27:25.951+0800] {processor.py:186} INFO - Started process (PID=73560) to work on /mnt/c/Users/wu_li/OneDrive/Desktop/Airflow_pract/venv/lib/python3.9/site-packages/airflow/example_dags/example_dag_decorator.py
[2025-04-20T20:27:25.952+0800] {processor.py:914} INFO - Processing file /mnt/c/Users/wu_li/OneDrive/Desktop/Airflow_pract/venv/lib/python3.9/site-packages/airflow/example_dags/example_dag_decorator.py for tasks to queue
[2025-04-20T20:27:25.955+0800] {logging_mixin.py:190} INFO - [2025-04-20T20:27:25.954+0800] {dagbag.py:588} INFO - Filling up the DagBag from /mnt/c/Users/wu_li/OneDrive/Desktop/Airflow_pract/venv/lib/python3.9/site-packages/airflow/example_dags/example_dag_decorator.py
[2025-04-20T20:27:26.892+0800] {processor.py:925} INFO - DAG(s) 'example_dag_decorator' retrieved from /mnt/c/Users/wu_li/OneDrive/Desktop/Airflow_pract/venv/lib/python3.9/site-packages/airflow/example_dags/example_dag_decorator.py
[2025-04-20T20:27:27.960+0800] {logging_mixin.py:190} INFO - [2025-04-20T20:27:27.959+0800] {dag.py:3239} INFO - Sync 1 DAGs
[2025-04-20T20:27:27.974+0800] {logging_mixin.py:190} INFO - [2025-04-20T20:27:27.973+0800] {dag.py:4180} INFO - Setting next_dagrun for example_dag_decorator to None, run_after=None
[2025-04-20T20:27:28.031+0800] {processor.py:208} INFO - Processing /mnt/c/Users/wu_li/OneDrive/Desktop/Airflow_pract/venv/lib/python3.9/site-packages/airflow/example_dags/example_dag_decorator.py took 2.091 seconds
[2025-04-20T20:37:05.550+0800] {processor.py:186} INFO - Started process (PID=77420) to work on /mnt/c/Users/wu_li/OneDrive/Desktop/Airflow_pract/venv/lib/python3.9/site-packages/airflow/example_dags/example_dag_decorator.py
[2025-04-20T20:37:05.551+0800] {processor.py:914} INFO - Processing file /mnt/c/Users/wu_li/OneDrive/Desktop/Airflow_pract/venv/lib/python3.9/site-packages/airflow/example_dags/example_dag_decorator.py for tasks to queue
[2025-04-20T20:37:05.554+0800] {logging_mixin.py:190} INFO - [2025-04-20T20:37:05.553+0800] {dagbag.py:588} INFO - Filling up the DagBag from /mnt/c/Users/wu_li/OneDrive/Desktop/Airflow_pract/venv/lib/python3.9/site-packages/airflow/example_dags/example_dag_decorator.py
[2025-04-20T20:37:06.624+0800] {processor.py:925} INFO - DAG(s) 'example_dag_decorator' retrieved from /mnt/c/Users/wu_li/OneDrive/Desktop/Airflow_pract/venv/lib/python3.9/site-packages/airflow/example_dags/example_dag_decorator.py
[2025-04-20T20:37:08.461+0800] {logging_mixin.py:190} INFO - [2025-04-20T20:37:08.460+0800] {dag.py:3239} INFO - Sync 1 DAGs
[2025-04-20T20:37:08.490+0800] {logging_mixin.py:190} INFO - [2025-04-20T20:37:08.488+0800] {dag.py:4180} INFO - Setting next_dagrun for example_dag_decorator to None, run_after=None
[2025-04-20T20:37:08.628+0800] {processor.py:208} INFO - Processing /mnt/c/Users/wu_li/OneDrive/Desktop/Airflow_pract/venv/lib/python3.9/site-packages/airflow/example_dags/example_dag_decorator.py took 3.089 seconds
[2025-04-20T20:38:40.107+0800] {processor.py:186} INFO - Started process (PID=78503) to work on /mnt/c/Users/wu_li/OneDrive/Desktop/Airflow_pract/venv/lib/python3.9/site-packages/airflow/example_dags/example_dag_decorator.py
[2025-04-20T20:38:40.109+0800] {processor.py:914} INFO - Processing file /mnt/c/Users/wu_li/OneDrive/Desktop/Airflow_pract/venv/lib/python3.9/site-packages/airflow/example_dags/example_dag_decorator.py for tasks to queue
[2025-04-20T20:38:40.111+0800] {logging_mixin.py:190} INFO - [2025-04-20T20:38:40.110+0800] {dagbag.py:588} INFO - Filling up the DagBag from /mnt/c/Users/wu_li/OneDrive/Desktop/Airflow_pract/venv/lib/python3.9/site-packages/airflow/example_dags/example_dag_decorator.py
[2025-04-20T20:38:41.045+0800] {processor.py:925} INFO - DAG(s) 'example_dag_decorator' retrieved from /mnt/c/Users/wu_li/OneDrive/Desktop/Airflow_pract/venv/lib/python3.9/site-packages/airflow/example_dags/example_dag_decorator.py
[2025-04-20T20:38:42.156+0800] {logging_mixin.py:190} INFO - [2025-04-20T20:38:42.155+0800] {dag.py:3239} INFO - Sync 1 DAGs
[2025-04-20T20:38:42.170+0800] {logging_mixin.py:190} INFO - [2025-04-20T20:38:42.169+0800] {dag.py:4180} INFO - Setting next_dagrun for example_dag_decorator to None, run_after=None
[2025-04-20T20:38:42.233+0800] {processor.py:208} INFO - Processing /mnt/c/Users/wu_li/OneDrive/Desktop/Airflow_pract/venv/lib/python3.9/site-packages/airflow/example_dags/example_dag_decorator.py took 2.139 seconds
[2025-04-20T20:40:13.514+0800] {processor.py:186} INFO - Started process (PID=79510) to work on /mnt/c/Users/wu_li/OneDrive/Desktop/Airflow_pract/venv/lib/python3.9/site-packages/airflow/example_dags/example_dag_decorator.py
[2025-04-20T20:40:13.516+0800] {processor.py:914} INFO - Processing file /mnt/c/Users/wu_li/OneDrive/Desktop/Airflow_pract/venv/lib/python3.9/site-packages/airflow/example_dags/example_dag_decorator.py for tasks to queue
[2025-04-20T20:40:13.519+0800] {logging_mixin.py:190} INFO - [2025-04-20T20:40:13.517+0800] {dagbag.py:588} INFO - Filling up the DagBag from /mnt/c/Users/wu_li/OneDrive/Desktop/Airflow_pract/venv/lib/python3.9/site-packages/airflow/example_dags/example_dag_decorator.py
[2025-04-20T20:40:14.695+0800] {processor.py:925} INFO - DAG(s) 'example_dag_decorator' retrieved from /mnt/c/Users/wu_li/OneDrive/Desktop/Airflow_pract/venv/lib/python3.9/site-packages/airflow/example_dags/example_dag_decorator.py
[2025-04-20T20:40:16.779+0800] {logging_mixin.py:190} INFO - [2025-04-20T20:40:16.778+0800] {dag.py:3239} INFO - Sync 1 DAGs
[2025-04-20T20:40:16.841+0800] {logging_mixin.py:190} INFO - [2025-04-20T20:40:16.838+0800] {dag.py:4180} INFO - Setting next_dagrun for example_dag_decorator to None, run_after=None
[2025-04-20T20:40:16.968+0800] {processor.py:208} INFO - Processing /mnt/c/Users/wu_li/OneDrive/Desktop/Airflow_pract/venv/lib/python3.9/site-packages/airflow/example_dags/example_dag_decorator.py took 3.471 seconds
[2025-04-20T20:42:10.902+0800] {processor.py:186} INFO - Started process (PID=80458) to work on /mnt/c/Users/wu_li/OneDrive/Desktop/Airflow_pract/venv/lib/python3.9/site-packages/airflow/example_dags/example_dag_decorator.py
[2025-04-20T20:42:10.904+0800] {processor.py:914} INFO - Processing file /mnt/c/Users/wu_li/OneDrive/Desktop/Airflow_pract/venv/lib/python3.9/site-packages/airflow/example_dags/example_dag_decorator.py for tasks to queue
[2025-04-20T20:42:10.907+0800] {logging_mixin.py:190} INFO - [2025-04-20T20:42:10.906+0800] {dagbag.py:588} INFO - Filling up the DagBag from /mnt/c/Users/wu_li/OneDrive/Desktop/Airflow_pract/venv/lib/python3.9/site-packages/airflow/example_dags/example_dag_decorator.py
[2025-04-20T20:42:12.046+0800] {processor.py:925} INFO - DAG(s) 'example_dag_decorator' retrieved from /mnt/c/Users/wu_li/OneDrive/Desktop/Airflow_pract/venv/lib/python3.9/site-packages/airflow/example_dags/example_dag_decorator.py
[2025-04-20T20:42:14.332+0800] {logging_mixin.py:190} INFO - [2025-04-20T20:42:14.330+0800] {dag.py:3239} INFO - Sync 1 DAGs
[2025-04-20T20:42:14.378+0800] {logging_mixin.py:190} INFO - [2025-04-20T20:42:14.376+0800] {dag.py:4180} INFO - Setting next_dagrun for example_dag_decorator to None, run_after=None
[2025-04-20T20:42:14.500+0800] {processor.py:208} INFO - Processing /mnt/c/Users/wu_li/OneDrive/Desktop/Airflow_pract/venv/lib/python3.9/site-packages/airflow/example_dags/example_dag_decorator.py took 3.613 seconds
[2025-04-20T20:43:52.607+0800] {processor.py:186} INFO - Started process (PID=81541) to work on /mnt/c/Users/wu_li/OneDrive/Desktop/Airflow_pract/venv/lib/python3.9/site-packages/airflow/example_dags/example_dag_decorator.py
[2025-04-20T20:43:52.610+0800] {processor.py:914} INFO - Processing file /mnt/c/Users/wu_li/OneDrive/Desktop/Airflow_pract/venv/lib/python3.9/site-packages/airflow/example_dags/example_dag_decorator.py for tasks to queue
[2025-04-20T20:43:52.614+0800] {logging_mixin.py:190} INFO - [2025-04-20T20:43:52.612+0800] {dagbag.py:588} INFO - Filling up the DagBag from /mnt/c/Users/wu_li/OneDrive/Desktop/Airflow_pract/venv/lib/python3.9/site-packages/airflow/example_dags/example_dag_decorator.py
[2025-04-20T20:43:53.983+0800] {processor.py:925} INFO - DAG(s) 'example_dag_decorator' retrieved from /mnt/c/Users/wu_li/OneDrive/Desktop/Airflow_pract/venv/lib/python3.9/site-packages/airflow/example_dags/example_dag_decorator.py
[2025-04-20T20:43:55.704+0800] {logging_mixin.py:190} INFO - [2025-04-20T20:43:55.703+0800] {dag.py:3239} INFO - Sync 1 DAGs
[2025-04-20T20:43:55.756+0800] {logging_mixin.py:190} INFO - [2025-04-20T20:43:55.754+0800] {dag.py:4180} INFO - Setting next_dagrun for example_dag_decorator to None, run_after=None
[2025-04-20T20:43:55.838+0800] {processor.py:208} INFO - Processing /mnt/c/Users/wu_li/OneDrive/Desktop/Airflow_pract/venv/lib/python3.9/site-packages/airflow/example_dags/example_dag_decorator.py took 3.248 seconds
[2025-04-20T20:45:33.210+0800] {processor.py:186} INFO - Started process (PID=82334) to work on /mnt/c/Users/wu_li/OneDrive/Desktop/Airflow_pract/venv/lib/python3.9/site-packages/airflow/example_dags/example_dag_decorator.py
[2025-04-20T20:45:33.212+0800] {processor.py:914} INFO - Processing file /mnt/c/Users/wu_li/OneDrive/Desktop/Airflow_pract/venv/lib/python3.9/site-packages/airflow/example_dags/example_dag_decorator.py for tasks to queue
[2025-04-20T20:45:33.221+0800] {logging_mixin.py:190} INFO - [2025-04-20T20:45:33.215+0800] {dagbag.py:588} INFO - Filling up the DagBag from /mnt/c/Users/wu_li/OneDrive/Desktop/Airflow_pract/venv/lib/python3.9/site-packages/airflow/example_dags/example_dag_decorator.py
[2025-04-20T20:45:35.031+0800] {processor.py:925} INFO - DAG(s) 'example_dag_decorator' retrieved from /mnt/c/Users/wu_li/OneDrive/Desktop/Airflow_pract/venv/lib/python3.9/site-packages/airflow/example_dags/example_dag_decorator.py
[2025-04-20T20:45:36.848+0800] {logging_mixin.py:190} INFO - [2025-04-20T20:45:36.847+0800] {dag.py:3239} INFO - Sync 1 DAGs
[2025-04-20T20:45:36.867+0800] {logging_mixin.py:190} INFO - [2025-04-20T20:45:36.866+0800] {dag.py:4180} INFO - Setting next_dagrun for example_dag_decorator to None, run_after=None
[2025-04-20T20:45:36.936+0800] {processor.py:208} INFO - Processing /mnt/c/Users/wu_li/OneDrive/Desktop/Airflow_pract/venv/lib/python3.9/site-packages/airflow/example_dags/example_dag_decorator.py took 3.747 seconds
[2025-04-20T20:47:22.753+0800] {processor.py:186} INFO - Started process (PID=83203) to work on /mnt/c/Users/wu_li/OneDrive/Desktop/Airflow_pract/venv/lib/python3.9/site-packages/airflow/example_dags/example_dag_decorator.py
[2025-04-20T20:47:22.760+0800] {processor.py:914} INFO - Processing file /mnt/c/Users/wu_li/OneDrive/Desktop/Airflow_pract/venv/lib/python3.9/site-packages/airflow/example_dags/example_dag_decorator.py for tasks to queue
[2025-04-20T20:47:22.765+0800] {logging_mixin.py:190} INFO - [2025-04-20T20:47:22.763+0800] {dagbag.py:588} INFO - Filling up the DagBag from /mnt/c/Users/wu_li/OneDrive/Desktop/Airflow_pract/venv/lib/python3.9/site-packages/airflow/example_dags/example_dag_decorator.py
[2025-04-20T20:47:24.611+0800] {processor.py:925} INFO - DAG(s) 'example_dag_decorator' retrieved from /mnt/c/Users/wu_li/OneDrive/Desktop/Airflow_pract/venv/lib/python3.9/site-packages/airflow/example_dags/example_dag_decorator.py
[2025-04-20T20:47:26.661+0800] {logging_mixin.py:190} INFO - [2025-04-20T20:47:26.660+0800] {dag.py:3239} INFO - Sync 1 DAGs
[2025-04-20T20:47:26.677+0800] {logging_mixin.py:190} INFO - [2025-04-20T20:47:26.676+0800] {dag.py:4180} INFO - Setting next_dagrun for example_dag_decorator to None, run_after=None
[2025-04-20T20:47:26.748+0800] {processor.py:208} INFO - Processing /mnt/c/Users/wu_li/OneDrive/Desktop/Airflow_pract/venv/lib/python3.9/site-packages/airflow/example_dags/example_dag_decorator.py took 4.023 seconds
[2025-04-20T20:49:07.204+0800] {processor.py:186} INFO - Started process (PID=84216) to work on /mnt/c/Users/wu_li/OneDrive/Desktop/Airflow_pract/venv/lib/python3.9/site-packages/airflow/example_dags/example_dag_decorator.py
[2025-04-20T20:49:07.207+0800] {processor.py:914} INFO - Processing file /mnt/c/Users/wu_li/OneDrive/Desktop/Airflow_pract/venv/lib/python3.9/site-packages/airflow/example_dags/example_dag_decorator.py for tasks to queue
[2025-04-20T20:49:07.211+0800] {logging_mixin.py:190} INFO - [2025-04-20T20:49:07.210+0800] {dagbag.py:588} INFO - Filling up the DagBag from /mnt/c/Users/wu_li/OneDrive/Desktop/Airflow_pract/venv/lib/python3.9/site-packages/airflow/example_dags/example_dag_decorator.py
[2025-04-20T20:49:09.078+0800] {processor.py:925} INFO - DAG(s) 'example_dag_decorator' retrieved from /mnt/c/Users/wu_li/OneDrive/Desktop/Airflow_pract/venv/lib/python3.9/site-packages/airflow/example_dags/example_dag_decorator.py
[2025-04-20T20:49:11.107+0800] {logging_mixin.py:190} INFO - [2025-04-20T20:49:11.106+0800] {dag.py:3239} INFO - Sync 1 DAGs
[2025-04-20T20:49:11.127+0800] {logging_mixin.py:190} INFO - [2025-04-20T20:49:11.126+0800] {dag.py:4180} INFO - Setting next_dagrun for example_dag_decorator to None, run_after=None
[2025-04-20T20:49:11.208+0800] {processor.py:208} INFO - Processing /mnt/c/Users/wu_li/OneDrive/Desktop/Airflow_pract/venv/lib/python3.9/site-packages/airflow/example_dags/example_dag_decorator.py took 4.027 seconds
[2025-04-20T20:51:05.597+0800] {processor.py:186} INFO - Started process (PID=85086) to work on /mnt/c/Users/wu_li/OneDrive/Desktop/Airflow_pract/venv/lib/python3.9/site-packages/airflow/example_dags/example_dag_decorator.py
[2025-04-20T20:51:05.600+0800] {processor.py:914} INFO - Processing file /mnt/c/Users/wu_li/OneDrive/Desktop/Airflow_pract/venv/lib/python3.9/site-packages/airflow/example_dags/example_dag_decorator.py for tasks to queue
[2025-04-20T20:51:05.607+0800] {logging_mixin.py:190} INFO - [2025-04-20T20:51:05.603+0800] {dagbag.py:588} INFO - Filling up the DagBag from /mnt/c/Users/wu_li/OneDrive/Desktop/Airflow_pract/venv/lib/python3.9/site-packages/airflow/example_dags/example_dag_decorator.py
[2025-04-20T20:51:07.360+0800] {processor.py:925} INFO - DAG(s) 'example_dag_decorator' retrieved from /mnt/c/Users/wu_li/OneDrive/Desktop/Airflow_pract/venv/lib/python3.9/site-packages/airflow/example_dags/example_dag_decorator.py
[2025-04-20T20:51:09.679+0800] {logging_mixin.py:190} INFO - [2025-04-20T20:51:09.678+0800] {dag.py:3239} INFO - Sync 1 DAGs
[2025-04-20T20:51:09.722+0800] {logging_mixin.py:190} INFO - [2025-04-20T20:51:09.720+0800] {dag.py:4180} INFO - Setting next_dagrun for example_dag_decorator to None, run_after=None
[2025-04-20T20:51:09.895+0800] {processor.py:208} INFO - Processing /mnt/c/Users/wu_li/OneDrive/Desktop/Airflow_pract/venv/lib/python3.9/site-packages/airflow/example_dags/example_dag_decorator.py took 4.318 seconds
[2025-04-20T20:52:59.615+0800] {processor.py:186} INFO - Started process (PID=86033) to work on /mnt/c/Users/wu_li/OneDrive/Desktop/Airflow_pract/venv/lib/python3.9/site-packages/airflow/example_dags/example_dag_decorator.py
[2025-04-20T20:52:59.616+0800] {processor.py:914} INFO - Processing file /mnt/c/Users/wu_li/OneDrive/Desktop/Airflow_pract/venv/lib/python3.9/site-packages/airflow/example_dags/example_dag_decorator.py for tasks to queue
[2025-04-20T20:52:59.619+0800] {logging_mixin.py:190} INFO - [2025-04-20T20:52:59.618+0800] {dagbag.py:588} INFO - Filling up the DagBag from /mnt/c/Users/wu_li/OneDrive/Desktop/Airflow_pract/venv/lib/python3.9/site-packages/airflow/example_dags/example_dag_decorator.py
[2025-04-20T20:53:00.680+0800] {processor.py:925} INFO - DAG(s) 'example_dag_decorator' retrieved from /mnt/c/Users/wu_li/OneDrive/Desktop/Airflow_pract/venv/lib/python3.9/site-packages/airflow/example_dags/example_dag_decorator.py
[2025-04-20T20:53:01.881+0800] {logging_mixin.py:190} INFO - [2025-04-20T20:53:01.880+0800] {dag.py:3239} INFO - Sync 1 DAGs
[2025-04-20T20:53:01.897+0800] {logging_mixin.py:190} INFO - [2025-04-20T20:53:01.896+0800] {dag.py:4180} INFO - Setting next_dagrun for example_dag_decorator to None, run_after=None
[2025-04-20T20:53:01.968+0800] {processor.py:208} INFO - Processing /mnt/c/Users/wu_li/OneDrive/Desktop/Airflow_pract/venv/lib/python3.9/site-packages/airflow/example_dags/example_dag_decorator.py took 2.367 seconds
[2025-04-20T20:54:28.724+0800] {processor.py:186} INFO - Started process (PID=87039) to work on /mnt/c/Users/wu_li/OneDrive/Desktop/Airflow_pract/venv/lib/python3.9/site-packages/airflow/example_dags/example_dag_decorator.py
[2025-04-20T20:54:28.734+0800] {processor.py:914} INFO - Processing file /mnt/c/Users/wu_li/OneDrive/Desktop/Airflow_pract/venv/lib/python3.9/site-packages/airflow/example_dags/example_dag_decorator.py for tasks to queue
[2025-04-20T20:54:28.738+0800] {logging_mixin.py:190} INFO - [2025-04-20T20:54:28.737+0800] {dagbag.py:588} INFO - Filling up the DagBag from /mnt/c/Users/wu_li/OneDrive/Desktop/Airflow_pract/venv/lib/python3.9/site-packages/airflow/example_dags/example_dag_decorator.py
[2025-04-20T20:54:30.185+0800] {processor.py:925} INFO - DAG(s) 'example_dag_decorator' retrieved from /mnt/c/Users/wu_li/OneDrive/Desktop/Airflow_pract/venv/lib/python3.9/site-packages/airflow/example_dags/example_dag_decorator.py
[2025-04-20T20:54:30.241+0800] {logging_mixin.py:190} INFO - [2025-04-20T20:54:30.240+0800] {dag.py:3239} INFO - Sync 1 DAGs
[2025-04-20T20:54:30.265+0800] {logging_mixin.py:190} INFO - [2025-04-20T20:54:30.264+0800] {dag.py:4180} INFO - Setting next_dagrun for example_dag_decorator to None, run_after=None
[2025-04-20T20:54:30.347+0800] {processor.py:208} INFO - Processing /mnt/c/Users/wu_li/OneDrive/Desktop/Airflow_pract/venv/lib/python3.9/site-packages/airflow/example_dags/example_dag_decorator.py took 1.648 seconds
[2025-04-20T20:55:55.322+0800] {processor.py:186} INFO - Started process (PID=87870) to work on /mnt/c/Users/wu_li/OneDrive/Desktop/Airflow_pract/venv/lib/python3.9/site-packages/airflow/example_dags/example_dag_decorator.py
[2025-04-20T20:55:55.323+0800] {processor.py:914} INFO - Processing file /mnt/c/Users/wu_li/OneDrive/Desktop/Airflow_pract/venv/lib/python3.9/site-packages/airflow/example_dags/example_dag_decorator.py for tasks to queue
[2025-04-20T20:55:55.327+0800] {logging_mixin.py:190} INFO - [2025-04-20T20:55:55.325+0800] {dagbag.py:588} INFO - Filling up the DagBag from /mnt/c/Users/wu_li/OneDrive/Desktop/Airflow_pract/venv/lib/python3.9/site-packages/airflow/example_dags/example_dag_decorator.py
[2025-04-20T20:55:56.393+0800] {processor.py:925} INFO - DAG(s) 'example_dag_decorator' retrieved from /mnt/c/Users/wu_li/OneDrive/Desktop/Airflow_pract/venv/lib/python3.9/site-packages/airflow/example_dags/example_dag_decorator.py
[2025-04-20T20:55:57.622+0800] {logging_mixin.py:190} INFO - [2025-04-20T20:55:57.621+0800] {dag.py:3239} INFO - Sync 1 DAGs
[2025-04-20T20:55:57.642+0800] {logging_mixin.py:190} INFO - [2025-04-20T20:55:57.640+0800] {dag.py:4180} INFO - Setting next_dagrun for example_dag_decorator to None, run_after=None
[2025-04-20T20:55:57.705+0800] {processor.py:208} INFO - Processing /mnt/c/Users/wu_li/OneDrive/Desktop/Airflow_pract/venv/lib/python3.9/site-packages/airflow/example_dags/example_dag_decorator.py took 2.395 seconds
[2025-04-20T20:57:28.711+0800] {processor.py:186} INFO - Started process (PID=88980) to work on /mnt/c/Users/wu_li/OneDrive/Desktop/Airflow_pract/venv/lib/python3.9/site-packages/airflow/example_dags/example_dag_decorator.py
[2025-04-20T20:57:28.714+0800] {processor.py:914} INFO - Processing file /mnt/c/Users/wu_li/OneDrive/Desktop/Airflow_pract/venv/lib/python3.9/site-packages/airflow/example_dags/example_dag_decorator.py for tasks to queue
[2025-04-20T20:57:28.725+0800] {logging_mixin.py:190} INFO - [2025-04-20T20:57:28.718+0800] {dagbag.py:588} INFO - Filling up the DagBag from /mnt/c/Users/wu_li/OneDrive/Desktop/Airflow_pract/venv/lib/python3.9/site-packages/airflow/example_dags/example_dag_decorator.py
[2025-04-20T20:57:29.929+0800] {processor.py:925} INFO - DAG(s) 'example_dag_decorator' retrieved from /mnt/c/Users/wu_li/OneDrive/Desktop/Airflow_pract/venv/lib/python3.9/site-packages/airflow/example_dags/example_dag_decorator.py
[2025-04-20T20:57:30.940+0800] {logging_mixin.py:190} INFO - [2025-04-20T20:57:30.939+0800] {dag.py:3239} INFO - Sync 1 DAGs
[2025-04-20T20:57:30.954+0800] {logging_mixin.py:190} INFO - [2025-04-20T20:57:30.953+0800] {dag.py:4180} INFO - Setting next_dagrun for example_dag_decorator to None, run_after=None
[2025-04-20T20:57:31.016+0800] {processor.py:208} INFO - Processing /mnt/c/Users/wu_li/OneDrive/Desktop/Airflow_pract/venv/lib/python3.9/site-packages/airflow/example_dags/example_dag_decorator.py took 2.323 seconds
[2025-04-20T20:58:58.817+0800] {processor.py:186} INFO - Started process (PID=90032) to work on /mnt/c/Users/wu_li/OneDrive/Desktop/Airflow_pract/venv/lib/python3.9/site-packages/airflow/example_dags/example_dag_decorator.py
[2025-04-20T20:58:58.819+0800] {processor.py:914} INFO - Processing file /mnt/c/Users/wu_li/OneDrive/Desktop/Airflow_pract/venv/lib/python3.9/site-packages/airflow/example_dags/example_dag_decorator.py for tasks to queue
[2025-04-20T20:58:58.822+0800] {logging_mixin.py:190} INFO - [2025-04-20T20:58:58.821+0800] {dagbag.py:588} INFO - Filling up the DagBag from /mnt/c/Users/wu_li/OneDrive/Desktop/Airflow_pract/venv/lib/python3.9/site-packages/airflow/example_dags/example_dag_decorator.py
[2025-04-20T20:59:00.066+0800] {processor.py:925} INFO - DAG(s) 'example_dag_decorator' retrieved from /mnt/c/Users/wu_li/OneDrive/Desktop/Airflow_pract/venv/lib/python3.9/site-packages/airflow/example_dags/example_dag_decorator.py
[2025-04-20T20:59:00.137+0800] {logging_mixin.py:190} INFO - [2025-04-20T20:59:00.135+0800] {dag.py:3239} INFO - Sync 1 DAGs
[2025-04-20T20:59:00.183+0800] {logging_mixin.py:190} INFO - [2025-04-20T20:59:00.176+0800] {dag.py:4180} INFO - Setting next_dagrun for example_dag_decorator to None, run_after=None
[2025-04-20T20:59:00.273+0800] {processor.py:208} INFO - Processing /mnt/c/Users/wu_li/OneDrive/Desktop/Airflow_pract/venv/lib/python3.9/site-packages/airflow/example_dags/example_dag_decorator.py took 1.470 seconds
[2025-04-20T21:00:23.064+0800] {processor.py:186} INFO - Started process (PID=90995) to work on /mnt/c/Users/wu_li/OneDrive/Desktop/Airflow_pract/venv/lib/python3.9/site-packages/airflow/example_dags/example_dag_decorator.py
[2025-04-20T21:00:23.066+0800] {processor.py:914} INFO - Processing file /mnt/c/Users/wu_li/OneDrive/Desktop/Airflow_pract/venv/lib/python3.9/site-packages/airflow/example_dags/example_dag_decorator.py for tasks to queue
[2025-04-20T21:00:23.069+0800] {logging_mixin.py:190} INFO - [2025-04-20T21:00:23.067+0800] {dagbag.py:588} INFO - Filling up the DagBag from /mnt/c/Users/wu_li/OneDrive/Desktop/Airflow_pract/venv/lib/python3.9/site-packages/airflow/example_dags/example_dag_decorator.py
[2025-04-20T21:00:23.928+0800] {processor.py:925} INFO - DAG(s) 'example_dag_decorator' retrieved from /mnt/c/Users/wu_li/OneDrive/Desktop/Airflow_pract/venv/lib/python3.9/site-packages/airflow/example_dags/example_dag_decorator.py
[2025-04-20T21:00:24.944+0800] {logging_mixin.py:190} INFO - [2025-04-20T21:00:24.942+0800] {dag.py:3239} INFO - Sync 1 DAGs
[2025-04-20T21:00:25.221+0800] {logging_mixin.py:190} INFO - [2025-04-20T21:00:25.220+0800] {dag.py:4180} INFO - Setting next_dagrun for example_dag_decorator to None, run_after=None
[2025-04-20T21:00:25.280+0800] {processor.py:208} INFO - Processing /mnt/c/Users/wu_li/OneDrive/Desktop/Airflow_pract/venv/lib/python3.9/site-packages/airflow/example_dags/example_dag_decorator.py took 2.226 seconds
[2025-04-20T21:01:58.593+0800] {processor.py:186} INFO - Started process (PID=92077) to work on /mnt/c/Users/wu_li/OneDrive/Desktop/Airflow_pract/venv/lib/python3.9/site-packages/airflow/example_dags/example_dag_decorator.py
[2025-04-20T21:01:58.595+0800] {processor.py:914} INFO - Processing file /mnt/c/Users/wu_li/OneDrive/Desktop/Airflow_pract/venv/lib/python3.9/site-packages/airflow/example_dags/example_dag_decorator.py for tasks to queue
[2025-04-20T21:01:58.600+0800] {logging_mixin.py:190} INFO - [2025-04-20T21:01:58.598+0800] {dagbag.py:588} INFO - Filling up the DagBag from /mnt/c/Users/wu_li/OneDrive/Desktop/Airflow_pract/venv/lib/python3.9/site-packages/airflow/example_dags/example_dag_decorator.py
[2025-04-20T21:02:00.068+0800] {processor.py:925} INFO - DAG(s) 'example_dag_decorator' retrieved from /mnt/c/Users/wu_li/OneDrive/Desktop/Airflow_pract/venv/lib/python3.9/site-packages/airflow/example_dags/example_dag_decorator.py
[2025-04-20T21:02:00.124+0800] {logging_mixin.py:190} INFO - [2025-04-20T21:02:00.123+0800] {dag.py:3239} INFO - Sync 1 DAGs
[2025-04-20T21:02:00.165+0800] {logging_mixin.py:190} INFO - [2025-04-20T21:02:00.164+0800] {dag.py:4180} INFO - Setting next_dagrun for example_dag_decorator to None, run_after=None
[2025-04-20T21:02:00.254+0800] {processor.py:208} INFO - Processing /mnt/c/Users/wu_li/OneDrive/Desktop/Airflow_pract/venv/lib/python3.9/site-packages/airflow/example_dags/example_dag_decorator.py took 1.679 seconds
[2025-04-20T21:03:23.678+0800] {processor.py:186} INFO - Started process (PID=93083) to work on /mnt/c/Users/wu_li/OneDrive/Desktop/Airflow_pract/venv/lib/python3.9/site-packages/airflow/example_dags/example_dag_decorator.py
[2025-04-20T21:03:23.681+0800] {processor.py:914} INFO - Processing file /mnt/c/Users/wu_li/OneDrive/Desktop/Airflow_pract/venv/lib/python3.9/site-packages/airflow/example_dags/example_dag_decorator.py for tasks to queue
[2025-04-20T21:03:23.688+0800] {logging_mixin.py:190} INFO - [2025-04-20T21:03:23.684+0800] {dagbag.py:588} INFO - Filling up the DagBag from /mnt/c/Users/wu_li/OneDrive/Desktop/Airflow_pract/venv/lib/python3.9/site-packages/airflow/example_dags/example_dag_decorator.py
[2025-04-20T21:03:25.020+0800] {processor.py:925} INFO - DAG(s) 'example_dag_decorator' retrieved from /mnt/c/Users/wu_li/OneDrive/Desktop/Airflow_pract/venv/lib/python3.9/site-packages/airflow/example_dags/example_dag_decorator.py
[2025-04-20T21:03:25.098+0800] {logging_mixin.py:190} INFO - [2025-04-20T21:03:25.097+0800] {dag.py:3239} INFO - Sync 1 DAGs
[2025-04-20T21:03:25.144+0800] {logging_mixin.py:190} INFO - [2025-04-20T21:03:25.143+0800] {dag.py:4180} INFO - Setting next_dagrun for example_dag_decorator to None, run_after=None
[2025-04-20T21:03:25.192+0800] {processor.py:208} INFO - Processing /mnt/c/Users/wu_li/OneDrive/Desktop/Airflow_pract/venv/lib/python3.9/site-packages/airflow/example_dags/example_dag_decorator.py took 1.531 seconds
[2025-04-20T21:04:53.126+0800] {processor.py:186} INFO - Started process (PID=94161) to work on /mnt/c/Users/wu_li/OneDrive/Desktop/Airflow_pract/venv/lib/python3.9/site-packages/airflow/example_dags/example_dag_decorator.py
[2025-04-20T21:04:53.129+0800] {processor.py:914} INFO - Processing file /mnt/c/Users/wu_li/OneDrive/Desktop/Airflow_pract/venv/lib/python3.9/site-packages/airflow/example_dags/example_dag_decorator.py for tasks to queue
[2025-04-20T21:04:53.133+0800] {logging_mixin.py:190} INFO - [2025-04-20T21:04:53.131+0800] {dagbag.py:588} INFO - Filling up the DagBag from /mnt/c/Users/wu_li/OneDrive/Desktop/Airflow_pract/venv/lib/python3.9/site-packages/airflow/example_dags/example_dag_decorator.py
[2025-04-20T21:04:54.522+0800] {processor.py:925} INFO - DAG(s) 'example_dag_decorator' retrieved from /mnt/c/Users/wu_li/OneDrive/Desktop/Airflow_pract/venv/lib/python3.9/site-packages/airflow/example_dags/example_dag_decorator.py
[2025-04-20T21:04:54.590+0800] {logging_mixin.py:190} INFO - [2025-04-20T21:04:54.588+0800] {dag.py:3239} INFO - Sync 1 DAGs
[2025-04-20T21:04:54.643+0800] {logging_mixin.py:190} INFO - [2025-04-20T21:04:54.641+0800] {dag.py:4180} INFO - Setting next_dagrun for example_dag_decorator to None, run_after=None
[2025-04-20T21:04:54.752+0800] {processor.py:208} INFO - Processing /mnt/c/Users/wu_li/OneDrive/Desktop/Airflow_pract/venv/lib/python3.9/site-packages/airflow/example_dags/example_dag_decorator.py took 1.644 seconds
[2025-04-20T21:06:23.839+0800] {processor.py:186} INFO - Started process (PID=95242) to work on /mnt/c/Users/wu_li/OneDrive/Desktop/Airflow_pract/venv/lib/python3.9/site-packages/airflow/example_dags/example_dag_decorator.py
[2025-04-20T21:06:23.841+0800] {processor.py:914} INFO - Processing file /mnt/c/Users/wu_li/OneDrive/Desktop/Airflow_pract/venv/lib/python3.9/site-packages/airflow/example_dags/example_dag_decorator.py for tasks to queue
[2025-04-20T21:06:23.845+0800] {logging_mixin.py:190} INFO - [2025-04-20T21:06:23.843+0800] {dagbag.py:588} INFO - Filling up the DagBag from /mnt/c/Users/wu_li/OneDrive/Desktop/Airflow_pract/venv/lib/python3.9/site-packages/airflow/example_dags/example_dag_decorator.py
[2025-04-20T21:06:25.241+0800] {processor.py:925} INFO - DAG(s) 'example_dag_decorator' retrieved from /mnt/c/Users/wu_li/OneDrive/Desktop/Airflow_pract/venv/lib/python3.9/site-packages/airflow/example_dags/example_dag_decorator.py
[2025-04-20T21:06:26.957+0800] {logging_mixin.py:190} INFO - [2025-04-20T21:06:26.956+0800] {dag.py:3239} INFO - Sync 1 DAGs
[2025-04-20T21:06:26.968+0800] {logging_mixin.py:190} INFO - [2025-04-20T21:06:26.968+0800] {dag.py:4180} INFO - Setting next_dagrun for example_dag_decorator to None, run_after=None
[2025-04-20T21:06:27.023+0800] {processor.py:208} INFO - Processing /mnt/c/Users/wu_li/OneDrive/Desktop/Airflow_pract/venv/lib/python3.9/site-packages/airflow/example_dags/example_dag_decorator.py took 3.202 seconds
[2025-04-20T21:07:56.308+0800] {processor.py:186} INFO - Started process (PID=96325) to work on /mnt/c/Users/wu_li/OneDrive/Desktop/Airflow_pract/venv/lib/python3.9/site-packages/airflow/example_dags/example_dag_decorator.py
[2025-04-20T21:07:56.309+0800] {processor.py:914} INFO - Processing file /mnt/c/Users/wu_li/OneDrive/Desktop/Airflow_pract/venv/lib/python3.9/site-packages/airflow/example_dags/example_dag_decorator.py for tasks to queue
[2025-04-20T21:07:56.312+0800] {logging_mixin.py:190} INFO - [2025-04-20T21:07:56.311+0800] {dagbag.py:588} INFO - Filling up the DagBag from /mnt/c/Users/wu_li/OneDrive/Desktop/Airflow_pract/venv/lib/python3.9/site-packages/airflow/example_dags/example_dag_decorator.py
[2025-04-20T21:07:57.167+0800] {processor.py:925} INFO - DAG(s) 'example_dag_decorator' retrieved from /mnt/c/Users/wu_li/OneDrive/Desktop/Airflow_pract/venv/lib/python3.9/site-packages/airflow/example_dags/example_dag_decorator.py
[2025-04-20T21:07:58.378+0800] {logging_mixin.py:190} INFO - [2025-04-20T21:07:58.377+0800] {dag.py:3239} INFO - Sync 1 DAGs
[2025-04-20T21:07:58.389+0800] {logging_mixin.py:190} INFO - [2025-04-20T21:07:58.388+0800] {dag.py:4180} INFO - Setting next_dagrun for example_dag_decorator to None, run_after=None
[2025-04-20T21:07:58.442+0800] {processor.py:208} INFO - Processing /mnt/c/Users/wu_li/OneDrive/Desktop/Airflow_pract/venv/lib/python3.9/site-packages/airflow/example_dags/example_dag_decorator.py took 2.146 seconds
[2025-04-20T21:09:27.306+0800] {processor.py:186} INFO - Started process (PID=97406) to work on /mnt/c/Users/wu_li/OneDrive/Desktop/Airflow_pract/venv/lib/python3.9/site-packages/airflow/example_dags/example_dag_decorator.py
[2025-04-20T21:09:27.308+0800] {processor.py:914} INFO - Processing file /mnt/c/Users/wu_li/OneDrive/Desktop/Airflow_pract/venv/lib/python3.9/site-packages/airflow/example_dags/example_dag_decorator.py for tasks to queue
[2025-04-20T21:09:27.310+0800] {logging_mixin.py:190} INFO - [2025-04-20T21:09:27.310+0800] {dagbag.py:588} INFO - Filling up the DagBag from /mnt/c/Users/wu_li/OneDrive/Desktop/Airflow_pract/venv/lib/python3.9/site-packages/airflow/example_dags/example_dag_decorator.py
[2025-04-20T21:09:28.186+0800] {processor.py:925} INFO - DAG(s) 'example_dag_decorator' retrieved from /mnt/c/Users/wu_li/OneDrive/Desktop/Airflow_pract/venv/lib/python3.9/site-packages/airflow/example_dags/example_dag_decorator.py
[2025-04-20T21:09:28.219+0800] {logging_mixin.py:190} INFO - [2025-04-20T21:09:28.218+0800] {dag.py:3239} INFO - Sync 1 DAGs
[2025-04-20T21:09:28.240+0800] {logging_mixin.py:190} INFO - [2025-04-20T21:09:28.238+0800] {dag.py:4180} INFO - Setting next_dagrun for example_dag_decorator to None, run_after=None
[2025-04-20T21:09:28.302+0800] {processor.py:208} INFO - Processing /mnt/c/Users/wu_li/OneDrive/Desktop/Airflow_pract/venv/lib/python3.9/site-packages/airflow/example_dags/example_dag_decorator.py took 1.007 seconds
[2025-04-20T21:10:57.803+0800] {processor.py:186} INFO - Started process (PID=98487) to work on /mnt/c/Users/wu_li/OneDrive/Desktop/Airflow_pract/venv/lib/python3.9/site-packages/airflow/example_dags/example_dag_decorator.py
[2025-04-20T21:10:57.805+0800] {processor.py:914} INFO - Processing file /mnt/c/Users/wu_li/OneDrive/Desktop/Airflow_pract/venv/lib/python3.9/site-packages/airflow/example_dags/example_dag_decorator.py for tasks to queue
[2025-04-20T21:10:57.808+0800] {logging_mixin.py:190} INFO - [2025-04-20T21:10:57.807+0800] {dagbag.py:588} INFO - Filling up the DagBag from /mnt/c/Users/wu_li/OneDrive/Desktop/Airflow_pract/venv/lib/python3.9/site-packages/airflow/example_dags/example_dag_decorator.py
[2025-04-20T21:10:58.639+0800] {processor.py:925} INFO - DAG(s) 'example_dag_decorator' retrieved from /mnt/c/Users/wu_li/OneDrive/Desktop/Airflow_pract/venv/lib/python3.9/site-packages/airflow/example_dags/example_dag_decorator.py
[2025-04-20T21:10:58.667+0800] {logging_mixin.py:190} INFO - [2025-04-20T21:10:58.666+0800] {dag.py:3239} INFO - Sync 1 DAGs
[2025-04-20T21:10:58.681+0800] {logging_mixin.py:190} INFO - [2025-04-20T21:10:58.680+0800] {dag.py:4180} INFO - Setting next_dagrun for example_dag_decorator to None, run_after=None
[2025-04-20T21:10:58.744+0800] {processor.py:208} INFO - Processing /mnt/c/Users/wu_li/OneDrive/Desktop/Airflow_pract/venv/lib/python3.9/site-packages/airflow/example_dags/example_dag_decorator.py took 0.951 seconds
[2025-04-20T21:12:30.703+0800] {processor.py:186} INFO - Started process (PID=99639) to work on /mnt/c/Users/wu_li/OneDrive/Desktop/Airflow_pract/venv/lib/python3.9/site-packages/airflow/example_dags/example_dag_decorator.py
[2025-04-20T21:12:30.708+0800] {processor.py:914} INFO - Processing file /mnt/c/Users/wu_li/OneDrive/Desktop/Airflow_pract/venv/lib/python3.9/site-packages/airflow/example_dags/example_dag_decorator.py for tasks to queue
[2025-04-20T21:12:30.712+0800] {logging_mixin.py:190} INFO - [2025-04-20T21:12:30.710+0800] {dagbag.py:588} INFO - Filling up the DagBag from /mnt/c/Users/wu_li/OneDrive/Desktop/Airflow_pract/venv/lib/python3.9/site-packages/airflow/example_dags/example_dag_decorator.py
[2025-04-20T21:12:32.139+0800] {processor.py:925} INFO - DAG(s) 'example_dag_decorator' retrieved from /mnt/c/Users/wu_li/OneDrive/Desktop/Airflow_pract/venv/lib/python3.9/site-packages/airflow/example_dags/example_dag_decorator.py
[2025-04-20T21:12:34.039+0800] {logging_mixin.py:190} INFO - [2025-04-20T21:12:34.038+0800] {dag.py:3239} INFO - Sync 1 DAGs
[2025-04-20T21:12:34.050+0800] {logging_mixin.py:190} INFO - [2025-04-20T21:12:34.049+0800] {dag.py:4180} INFO - Setting next_dagrun for example_dag_decorator to None, run_after=None
[2025-04-20T21:12:34.107+0800] {processor.py:208} INFO - Processing /mnt/c/Users/wu_li/OneDrive/Desktop/Airflow_pract/venv/lib/python3.9/site-packages/airflow/example_dags/example_dag_decorator.py took 3.426 seconds
[2025-04-20T21:13:58.338+0800] {processor.py:186} INFO - Started process (PID=100645) to work on /mnt/c/Users/wu_li/OneDrive/Desktop/Airflow_pract/venv/lib/python3.9/site-packages/airflow/example_dags/example_dag_decorator.py
[2025-04-20T21:13:58.339+0800] {processor.py:914} INFO - Processing file /mnt/c/Users/wu_li/OneDrive/Desktop/Airflow_pract/venv/lib/python3.9/site-packages/airflow/example_dags/example_dag_decorator.py for tasks to queue
[2025-04-20T21:13:58.342+0800] {logging_mixin.py:190} INFO - [2025-04-20T21:13:58.341+0800] {dagbag.py:588} INFO - Filling up the DagBag from /mnt/c/Users/wu_li/OneDrive/Desktop/Airflow_pract/venv/lib/python3.9/site-packages/airflow/example_dags/example_dag_decorator.py
[2025-04-20T21:13:59.206+0800] {processor.py:925} INFO - DAG(s) 'example_dag_decorator' retrieved from /mnt/c/Users/wu_li/OneDrive/Desktop/Airflow_pract/venv/lib/python3.9/site-packages/airflow/example_dags/example_dag_decorator.py
[2025-04-20T21:14:01.181+0800] {logging_mixin.py:190} INFO - [2025-04-20T21:14:01.180+0800] {dag.py:3239} INFO - Sync 1 DAGs
[2025-04-20T21:14:01.207+0800] {logging_mixin.py:190} INFO - [2025-04-20T21:14:01.204+0800] {dag.py:4180} INFO - Setting next_dagrun for example_dag_decorator to None, run_after=None
[2025-04-20T21:14:01.293+0800] {processor.py:208} INFO - Processing /mnt/c/Users/wu_li/OneDrive/Desktop/Airflow_pract/venv/lib/python3.9/site-packages/airflow/example_dags/example_dag_decorator.py took 3.649 seconds
[2025-04-20T21:15:30.173+0800] {processor.py:186} INFO - Started process (PID=101655) to work on /mnt/c/Users/wu_li/OneDrive/Desktop/Airflow_pract/venv/lib/python3.9/site-packages/airflow/example_dags/example_dag_decorator.py
[2025-04-20T21:15:30.176+0800] {processor.py:914} INFO - Processing file /mnt/c/Users/wu_li/OneDrive/Desktop/Airflow_pract/venv/lib/python3.9/site-packages/airflow/example_dags/example_dag_decorator.py for tasks to queue
[2025-04-20T21:15:30.179+0800] {logging_mixin.py:190} INFO - [2025-04-20T21:15:30.178+0800] {dagbag.py:588} INFO - Filling up the DagBag from /mnt/c/Users/wu_li/OneDrive/Desktop/Airflow_pract/venv/lib/python3.9/site-packages/airflow/example_dags/example_dag_decorator.py
[2025-04-20T21:15:31.072+0800] {processor.py:925} INFO - DAG(s) 'example_dag_decorator' retrieved from /mnt/c/Users/wu_li/OneDrive/Desktop/Airflow_pract/venv/lib/python3.9/site-packages/airflow/example_dags/example_dag_decorator.py
[2025-04-20T21:15:32.821+0800] {logging_mixin.py:190} INFO - [2025-04-20T21:15:32.820+0800] {dag.py:3239} INFO - Sync 1 DAGs
[2025-04-20T21:15:32.845+0800] {logging_mixin.py:190} INFO - [2025-04-20T21:15:32.843+0800] {dag.py:4180} INFO - Setting next_dagrun for example_dag_decorator to None, run_after=None
[2025-04-20T21:15:32.948+0800] {processor.py:208} INFO - Processing /mnt/c/Users/wu_li/OneDrive/Desktop/Airflow_pract/venv/lib/python3.9/site-packages/airflow/example_dags/example_dag_decorator.py took 2.791 seconds
[2025-04-20T21:17:01.877+0800] {processor.py:186} INFO - Started process (PID=102737) to work on /mnt/c/Users/wu_li/OneDrive/Desktop/Airflow_pract/venv/lib/python3.9/site-packages/airflow/example_dags/example_dag_decorator.py
[2025-04-20T21:17:01.879+0800] {processor.py:914} INFO - Processing file /mnt/c/Users/wu_li/OneDrive/Desktop/Airflow_pract/venv/lib/python3.9/site-packages/airflow/example_dags/example_dag_decorator.py for tasks to queue
[2025-04-20T21:17:01.883+0800] {logging_mixin.py:190} INFO - [2025-04-20T21:17:01.882+0800] {dagbag.py:588} INFO - Filling up the DagBag from /mnt/c/Users/wu_li/OneDrive/Desktop/Airflow_pract/venv/lib/python3.9/site-packages/airflow/example_dags/example_dag_decorator.py
[2025-04-20T21:17:03.184+0800] {processor.py:925} INFO - DAG(s) 'example_dag_decorator' retrieved from /mnt/c/Users/wu_li/OneDrive/Desktop/Airflow_pract/venv/lib/python3.9/site-packages/airflow/example_dags/example_dag_decorator.py
[2025-04-20T21:17:03.214+0800] {logging_mixin.py:190} INFO - [2025-04-20T21:17:03.213+0800] {dag.py:3239} INFO - Sync 1 DAGs
[2025-04-20T21:17:03.330+0800] {logging_mixin.py:190} INFO - [2025-04-20T21:17:03.329+0800] {dag.py:4180} INFO - Setting next_dagrun for example_dag_decorator to None, run_after=None
[2025-04-20T21:17:03.382+0800] {processor.py:208} INFO - Processing /mnt/c/Users/wu_li/OneDrive/Desktop/Airflow_pract/venv/lib/python3.9/site-packages/airflow/example_dags/example_dag_decorator.py took 1.524 seconds
[2025-04-20T21:18:26.711+0800] {processor.py:186} INFO - Started process (PID=103742) to work on /mnt/c/Users/wu_li/OneDrive/Desktop/Airflow_pract/venv/lib/python3.9/site-packages/airflow/example_dags/example_dag_decorator.py
[2025-04-20T21:18:26.713+0800] {processor.py:914} INFO - Processing file /mnt/c/Users/wu_li/OneDrive/Desktop/Airflow_pract/venv/lib/python3.9/site-packages/airflow/example_dags/example_dag_decorator.py for tasks to queue
[2025-04-20T21:18:26.721+0800] {logging_mixin.py:190} INFO - [2025-04-20T21:18:26.719+0800] {dagbag.py:588} INFO - Filling up the DagBag from /mnt/c/Users/wu_li/OneDrive/Desktop/Airflow_pract/venv/lib/python3.9/site-packages/airflow/example_dags/example_dag_decorator.py
[2025-04-20T21:18:27.901+0800] {processor.py:925} INFO - DAG(s) 'example_dag_decorator' retrieved from /mnt/c/Users/wu_li/OneDrive/Desktop/Airflow_pract/venv/lib/python3.9/site-packages/airflow/example_dags/example_dag_decorator.py
[2025-04-20T21:18:27.937+0800] {logging_mixin.py:190} INFO - [2025-04-20T21:18:27.936+0800] {dag.py:3239} INFO - Sync 1 DAGs
[2025-04-20T21:18:28.063+0800] {logging_mixin.py:190} INFO - [2025-04-20T21:18:28.062+0800] {dag.py:4180} INFO - Setting next_dagrun for example_dag_decorator to None, run_after=None
[2025-04-20T21:18:28.120+0800] {processor.py:208} INFO - Processing /mnt/c/Users/wu_li/OneDrive/Desktop/Airflow_pract/venv/lib/python3.9/site-packages/airflow/example_dags/example_dag_decorator.py took 1.430 seconds
[2025-04-20T21:19:55.376+0800] {processor.py:186} INFO - Started process (PID=104752) to work on /mnt/c/Users/wu_li/OneDrive/Desktop/Airflow_pract/venv/lib/python3.9/site-packages/airflow/example_dags/example_dag_decorator.py
[2025-04-20T21:19:55.377+0800] {processor.py:914} INFO - Processing file /mnt/c/Users/wu_li/OneDrive/Desktop/Airflow_pract/venv/lib/python3.9/site-packages/airflow/example_dags/example_dag_decorator.py for tasks to queue
[2025-04-20T21:19:55.380+0800] {logging_mixin.py:190} INFO - [2025-04-20T21:19:55.379+0800] {dagbag.py:588} INFO - Filling up the DagBag from /mnt/c/Users/wu_li/OneDrive/Desktop/Airflow_pract/venv/lib/python3.9/site-packages/airflow/example_dags/example_dag_decorator.py
[2025-04-20T21:19:56.206+0800] {processor.py:925} INFO - DAG(s) 'example_dag_decorator' retrieved from /mnt/c/Users/wu_li/OneDrive/Desktop/Airflow_pract/venv/lib/python3.9/site-packages/airflow/example_dags/example_dag_decorator.py
[2025-04-20T21:19:56.240+0800] {logging_mixin.py:190} INFO - [2025-04-20T21:19:56.239+0800] {dag.py:3239} INFO - Sync 1 DAGs
[2025-04-20T21:19:56.374+0800] {logging_mixin.py:190} INFO - [2025-04-20T21:19:56.373+0800] {dag.py:4180} INFO - Setting next_dagrun for example_dag_decorator to None, run_after=None
[2025-04-20T21:19:56.441+0800] {processor.py:208} INFO - Processing /mnt/c/Users/wu_li/OneDrive/Desktop/Airflow_pract/venv/lib/python3.9/site-packages/airflow/example_dags/example_dag_decorator.py took 1.076 seconds
[2025-04-20T21:21:27.774+0800] {processor.py:186} INFO - Started process (PID=105831) to work on /mnt/c/Users/wu_li/OneDrive/Desktop/Airflow_pract/venv/lib/python3.9/site-packages/airflow/example_dags/example_dag_decorator.py
[2025-04-20T21:21:27.776+0800] {processor.py:914} INFO - Processing file /mnt/c/Users/wu_li/OneDrive/Desktop/Airflow_pract/venv/lib/python3.9/site-packages/airflow/example_dags/example_dag_decorator.py for tasks to queue
[2025-04-20T21:21:27.778+0800] {logging_mixin.py:190} INFO - [2025-04-20T21:21:27.777+0800] {dagbag.py:588} INFO - Filling up the DagBag from /mnt/c/Users/wu_li/OneDrive/Desktop/Airflow_pract/venv/lib/python3.9/site-packages/airflow/example_dags/example_dag_decorator.py
[2025-04-20T21:21:28.598+0800] {processor.py:925} INFO - DAG(s) 'example_dag_decorator' retrieved from /mnt/c/Users/wu_li/OneDrive/Desktop/Airflow_pract/venv/lib/python3.9/site-packages/airflow/example_dags/example_dag_decorator.py
[2025-04-20T21:21:28.764+0800] {logging_mixin.py:190} INFO - [2025-04-20T21:21:28.763+0800] {dag.py:3239} INFO - Sync 1 DAGs
[2025-04-20T21:21:28.779+0800] {logging_mixin.py:190} INFO - [2025-04-20T21:21:28.778+0800] {dag.py:4180} INFO - Setting next_dagrun for example_dag_decorator to None, run_after=None
[2025-04-20T21:21:28.842+0800] {processor.py:208} INFO - Processing /mnt/c/Users/wu_li/OneDrive/Desktop/Airflow_pract/venv/lib/python3.9/site-packages/airflow/example_dags/example_dag_decorator.py took 1.079 seconds
[2025-04-20T21:23:01.481+0800] {processor.py:186} INFO - Started process (PID=106838) to work on /mnt/c/Users/wu_li/OneDrive/Desktop/Airflow_pract/venv/lib/python3.9/site-packages/airflow/example_dags/example_dag_decorator.py
[2025-04-20T21:23:01.484+0800] {processor.py:914} INFO - Processing file /mnt/c/Users/wu_li/OneDrive/Desktop/Airflow_pract/venv/lib/python3.9/site-packages/airflow/example_dags/example_dag_decorator.py for tasks to queue
[2025-04-20T21:23:01.488+0800] {logging_mixin.py:190} INFO - [2025-04-20T21:23:01.487+0800] {dagbag.py:588} INFO - Filling up the DagBag from /mnt/c/Users/wu_li/OneDrive/Desktop/Airflow_pract/venv/lib/python3.9/site-packages/airflow/example_dags/example_dag_decorator.py
[2025-04-20T21:23:02.935+0800] {processor.py:925} INFO - DAG(s) 'example_dag_decorator' retrieved from /mnt/c/Users/wu_li/OneDrive/Desktop/Airflow_pract/venv/lib/python3.9/site-packages/airflow/example_dags/example_dag_decorator.py
[2025-04-20T21:23:03.317+0800] {logging_mixin.py:190} INFO - [2025-04-20T21:23:03.316+0800] {dag.py:3239} INFO - Sync 1 DAGs
[2025-04-20T21:23:03.346+0800] {logging_mixin.py:190} INFO - [2025-04-20T21:23:03.344+0800] {dag.py:4180} INFO - Setting next_dagrun for example_dag_decorator to None, run_after=None
[2025-04-20T21:23:03.440+0800] {processor.py:208} INFO - Processing /mnt/c/Users/wu_li/OneDrive/Desktop/Airflow_pract/venv/lib/python3.9/site-packages/airflow/example_dags/example_dag_decorator.py took 1.977 seconds
[2025-04-20T21:24:31.130+0800] {processor.py:186} INFO - Started process (PID=107848) to work on /mnt/c/Users/wu_li/OneDrive/Desktop/Airflow_pract/venv/lib/python3.9/site-packages/airflow/example_dags/example_dag_decorator.py
[2025-04-20T21:24:31.131+0800] {processor.py:914} INFO - Processing file /mnt/c/Users/wu_li/OneDrive/Desktop/Airflow_pract/venv/lib/python3.9/site-packages/airflow/example_dags/example_dag_decorator.py for tasks to queue
[2025-04-20T21:24:31.134+0800] {logging_mixin.py:190} INFO - [2025-04-20T21:24:31.133+0800] {dagbag.py:588} INFO - Filling up the DagBag from /mnt/c/Users/wu_li/OneDrive/Desktop/Airflow_pract/venv/lib/python3.9/site-packages/airflow/example_dags/example_dag_decorator.py
[2025-04-20T21:24:31.985+0800] {processor.py:925} INFO - DAG(s) 'example_dag_decorator' retrieved from /mnt/c/Users/wu_li/OneDrive/Desktop/Airflow_pract/venv/lib/python3.9/site-packages/airflow/example_dags/example_dag_decorator.py
[2025-04-20T21:24:32.123+0800] {logging_mixin.py:190} INFO - [2025-04-20T21:24:32.122+0800] {dag.py:3239} INFO - Sync 1 DAGs
[2025-04-20T21:24:32.136+0800] {logging_mixin.py:190} INFO - [2025-04-20T21:24:32.135+0800] {dag.py:4180} INFO - Setting next_dagrun for example_dag_decorator to None, run_after=None
[2025-04-20T21:24:32.190+0800] {processor.py:208} INFO - Processing /mnt/c/Users/wu_li/OneDrive/Desktop/Airflow_pract/venv/lib/python3.9/site-packages/airflow/example_dags/example_dag_decorator.py took 1.071 seconds
[2025-04-20T21:26:01.394+0800] {processor.py:186} INFO - Started process (PID=108924) to work on /mnt/c/Users/wu_li/OneDrive/Desktop/Airflow_pract/venv/lib/python3.9/site-packages/airflow/example_dags/example_dag_decorator.py
[2025-04-20T21:26:01.397+0800] {processor.py:914} INFO - Processing file /mnt/c/Users/wu_li/OneDrive/Desktop/Airflow_pract/venv/lib/python3.9/site-packages/airflow/example_dags/example_dag_decorator.py for tasks to queue
[2025-04-20T21:26:01.401+0800] {logging_mixin.py:190} INFO - [2025-04-20T21:26:01.399+0800] {dagbag.py:588} INFO - Filling up the DagBag from /mnt/c/Users/wu_li/OneDrive/Desktop/Airflow_pract/venv/lib/python3.9/site-packages/airflow/example_dags/example_dag_decorator.py
[2025-04-20T21:26:02.846+0800] {processor.py:925} INFO - DAG(s) 'example_dag_decorator' retrieved from /mnt/c/Users/wu_li/OneDrive/Desktop/Airflow_pract/venv/lib/python3.9/site-packages/airflow/example_dags/example_dag_decorator.py
[2025-04-20T21:26:03.127+0800] {logging_mixin.py:190} INFO - [2025-04-20T21:26:03.124+0800] {dag.py:3239} INFO - Sync 1 DAGs
[2025-04-20T21:26:03.162+0800] {logging_mixin.py:190} INFO - [2025-04-20T21:26:03.161+0800] {dag.py:4180} INFO - Setting next_dagrun for example_dag_decorator to None, run_after=None
[2025-04-20T21:26:03.248+0800] {processor.py:208} INFO - Processing /mnt/c/Users/wu_li/OneDrive/Desktop/Airflow_pract/venv/lib/python3.9/site-packages/airflow/example_dags/example_dag_decorator.py took 1.874 seconds
[2025-04-20T21:27:29.910+0800] {processor.py:186} INFO - Started process (PID=109931) to work on /mnt/c/Users/wu_li/OneDrive/Desktop/Airflow_pract/venv/lib/python3.9/site-packages/airflow/example_dags/example_dag_decorator.py
[2025-04-20T21:27:29.912+0800] {processor.py:914} INFO - Processing file /mnt/c/Users/wu_li/OneDrive/Desktop/Airflow_pract/venv/lib/python3.9/site-packages/airflow/example_dags/example_dag_decorator.py for tasks to queue
[2025-04-20T21:27:29.918+0800] {logging_mixin.py:190} INFO - [2025-04-20T21:27:29.917+0800] {dagbag.py:588} INFO - Filling up the DagBag from /mnt/c/Users/wu_li/OneDrive/Desktop/Airflow_pract/venv/lib/python3.9/site-packages/airflow/example_dags/example_dag_decorator.py
[2025-04-20T21:27:31.391+0800] {processor.py:925} INFO - DAG(s) 'example_dag_decorator' retrieved from /mnt/c/Users/wu_li/OneDrive/Desktop/Airflow_pract/venv/lib/python3.9/site-packages/airflow/example_dags/example_dag_decorator.py
[2025-04-20T21:27:31.612+0800] {logging_mixin.py:190} INFO - [2025-04-20T21:27:31.610+0800] {dag.py:3239} INFO - Sync 1 DAGs
[2025-04-20T21:27:31.643+0800] {logging_mixin.py:190} INFO - [2025-04-20T21:27:31.642+0800] {dag.py:4180} INFO - Setting next_dagrun for example_dag_decorator to None, run_after=None
[2025-04-20T21:27:31.732+0800] {processor.py:208} INFO - Processing /mnt/c/Users/wu_li/OneDrive/Desktop/Airflow_pract/venv/lib/python3.9/site-packages/airflow/example_dags/example_dag_decorator.py took 1.843 seconds
[2025-04-20T21:29:03.942+0800] {processor.py:186} INFO - Started process (PID=111013) to work on /mnt/c/Users/wu_li/OneDrive/Desktop/Airflow_pract/venv/lib/python3.9/site-packages/airflow/example_dags/example_dag_decorator.py
[2025-04-20T21:29:03.945+0800] {processor.py:914} INFO - Processing file /mnt/c/Users/wu_li/OneDrive/Desktop/Airflow_pract/venv/lib/python3.9/site-packages/airflow/example_dags/example_dag_decorator.py for tasks to queue
[2025-04-20T21:29:03.951+0800] {logging_mixin.py:190} INFO - [2025-04-20T21:29:03.947+0800] {dagbag.py:588} INFO - Filling up the DagBag from /mnt/c/Users/wu_li/OneDrive/Desktop/Airflow_pract/venv/lib/python3.9/site-packages/airflow/example_dags/example_dag_decorator.py
[2025-04-20T21:29:04.892+0800] {processor.py:925} INFO - DAG(s) 'example_dag_decorator' retrieved from /mnt/c/Users/wu_li/OneDrive/Desktop/Airflow_pract/venv/lib/python3.9/site-packages/airflow/example_dags/example_dag_decorator.py
[2025-04-20T21:29:05.030+0800] {logging_mixin.py:190} INFO - [2025-04-20T21:29:05.029+0800] {dag.py:3239} INFO - Sync 1 DAGs
[2025-04-20T21:29:05.043+0800] {logging_mixin.py:190} INFO - [2025-04-20T21:29:05.042+0800] {dag.py:4180} INFO - Setting next_dagrun for example_dag_decorator to None, run_after=None
[2025-04-20T21:29:05.097+0800] {processor.py:208} INFO - Processing /mnt/c/Users/wu_li/OneDrive/Desktop/Airflow_pract/venv/lib/python3.9/site-packages/airflow/example_dags/example_dag_decorator.py took 1.176 seconds
[2025-04-20T21:30:33.187+0800] {processor.py:186} INFO - Started process (PID=112092) to work on /mnt/c/Users/wu_li/OneDrive/Desktop/Airflow_pract/venv/lib/python3.9/site-packages/airflow/example_dags/example_dag_decorator.py
[2025-04-20T21:30:33.192+0800] {processor.py:914} INFO - Processing file /mnt/c/Users/wu_li/OneDrive/Desktop/Airflow_pract/venv/lib/python3.9/site-packages/airflow/example_dags/example_dag_decorator.py for tasks to queue
[2025-04-20T21:30:33.208+0800] {logging_mixin.py:190} INFO - [2025-04-20T21:30:33.202+0800] {dagbag.py:588} INFO - Filling up the DagBag from /mnt/c/Users/wu_li/OneDrive/Desktop/Airflow_pract/venv/lib/python3.9/site-packages/airflow/example_dags/example_dag_decorator.py
[2025-04-20T21:30:34.684+0800] {processor.py:925} INFO - DAG(s) 'example_dag_decorator' retrieved from /mnt/c/Users/wu_li/OneDrive/Desktop/Airflow_pract/venv/lib/python3.9/site-packages/airflow/example_dags/example_dag_decorator.py
[2025-04-20T21:30:35.123+0800] {logging_mixin.py:190} INFO - [2025-04-20T21:30:35.122+0800] {dag.py:3239} INFO - Sync 1 DAGs
[2025-04-20T21:30:35.156+0800] {logging_mixin.py:190} INFO - [2025-04-20T21:30:35.153+0800] {dag.py:4180} INFO - Setting next_dagrun for example_dag_decorator to None, run_after=None
[2025-04-20T21:30:35.263+0800] {processor.py:208} INFO - Processing /mnt/c/Users/wu_li/OneDrive/Desktop/Airflow_pract/venv/lib/python3.9/site-packages/airflow/example_dags/example_dag_decorator.py took 2.107 seconds
[2025-04-20T21:32:07.184+0800] {processor.py:186} INFO - Started process (PID=113105) to work on /mnt/c/Users/wu_li/OneDrive/Desktop/Airflow_pract/venv/lib/python3.9/site-packages/airflow/example_dags/example_dag_decorator.py
[2025-04-20T21:32:07.185+0800] {processor.py:914} INFO - Processing file /mnt/c/Users/wu_li/OneDrive/Desktop/Airflow_pract/venv/lib/python3.9/site-packages/airflow/example_dags/example_dag_decorator.py for tasks to queue
[2025-04-20T21:32:07.187+0800] {logging_mixin.py:190} INFO - [2025-04-20T21:32:07.187+0800] {dagbag.py:588} INFO - Filling up the DagBag from /mnt/c/Users/wu_li/OneDrive/Desktop/Airflow_pract/venv/lib/python3.9/site-packages/airflow/example_dags/example_dag_decorator.py
[2025-04-20T21:32:08.125+0800] {processor.py:925} INFO - DAG(s) 'example_dag_decorator' retrieved from /mnt/c/Users/wu_li/OneDrive/Desktop/Airflow_pract/venv/lib/python3.9/site-packages/airflow/example_dags/example_dag_decorator.py
[2025-04-20T21:32:08.154+0800] {logging_mixin.py:190} INFO - [2025-04-20T21:32:08.153+0800] {dag.py:3239} INFO - Sync 1 DAGs
[2025-04-20T21:32:08.168+0800] {logging_mixin.py:190} INFO - [2025-04-20T21:32:08.167+0800] {dag.py:4180} INFO - Setting next_dagrun for example_dag_decorator to None, run_after=None
[2025-04-20T21:32:08.222+0800] {processor.py:208} INFO - Processing /mnt/c/Users/wu_li/OneDrive/Desktop/Airflow_pract/venv/lib/python3.9/site-packages/airflow/example_dags/example_dag_decorator.py took 1.049 seconds
[2025-04-20T21:33:35.316+0800] {processor.py:186} INFO - Started process (PID=114180) to work on /mnt/c/Users/wu_li/OneDrive/Desktop/Airflow_pract/venv/lib/python3.9/site-packages/airflow/example_dags/example_dag_decorator.py
[2025-04-20T21:33:35.318+0800] {processor.py:914} INFO - Processing file /mnt/c/Users/wu_li/OneDrive/Desktop/Airflow_pract/venv/lib/python3.9/site-packages/airflow/example_dags/example_dag_decorator.py for tasks to queue
[2025-04-20T21:33:35.322+0800] {logging_mixin.py:190} INFO - [2025-04-20T21:33:35.320+0800] {dagbag.py:588} INFO - Filling up the DagBag from /mnt/c/Users/wu_li/OneDrive/Desktop/Airflow_pract/venv/lib/python3.9/site-packages/airflow/example_dags/example_dag_decorator.py
[2025-04-20T21:33:36.983+0800] {processor.py:925} INFO - DAG(s) 'example_dag_decorator' retrieved from /mnt/c/Users/wu_li/OneDrive/Desktop/Airflow_pract/venv/lib/python3.9/site-packages/airflow/example_dags/example_dag_decorator.py
[2025-04-20T21:33:37.032+0800] {logging_mixin.py:190} INFO - [2025-04-20T21:33:37.031+0800] {dag.py:3239} INFO - Sync 1 DAGs
[2025-04-20T21:33:37.065+0800] {logging_mixin.py:190} INFO - [2025-04-20T21:33:37.063+0800] {dag.py:4180} INFO - Setting next_dagrun for example_dag_decorator to None, run_after=None
[2025-04-20T21:33:37.147+0800] {processor.py:208} INFO - Processing /mnt/c/Users/wu_li/OneDrive/Desktop/Airflow_pract/venv/lib/python3.9/site-packages/airflow/example_dags/example_dag_decorator.py took 1.850 seconds
[2025-04-20T21:35:10.993+0800] {processor.py:186} INFO - Started process (PID=115263) to work on /mnt/c/Users/wu_li/OneDrive/Desktop/Airflow_pract/venv/lib/python3.9/site-packages/airflow/example_dags/example_dag_decorator.py
[2025-04-20T21:35:10.994+0800] {processor.py:914} INFO - Processing file /mnt/c/Users/wu_li/OneDrive/Desktop/Airflow_pract/venv/lib/python3.9/site-packages/airflow/example_dags/example_dag_decorator.py for tasks to queue
[2025-04-20T21:35:10.997+0800] {logging_mixin.py:190} INFO - [2025-04-20T21:35:10.996+0800] {dagbag.py:588} INFO - Filling up the DagBag from /mnt/c/Users/wu_li/OneDrive/Desktop/Airflow_pract/venv/lib/python3.9/site-packages/airflow/example_dags/example_dag_decorator.py
[2025-04-20T21:35:11.883+0800] {processor.py:925} INFO - DAG(s) 'example_dag_decorator' retrieved from /mnt/c/Users/wu_li/OneDrive/Desktop/Airflow_pract/venv/lib/python3.9/site-packages/airflow/example_dags/example_dag_decorator.py
[2025-04-20T21:35:13.189+0800] {logging_mixin.py:190} INFO - [2025-04-20T21:35:13.188+0800] {dag.py:3239} INFO - Sync 1 DAGs
[2025-04-20T21:35:13.222+0800] {logging_mixin.py:190} INFO - [2025-04-20T21:35:13.220+0800] {dag.py:4180} INFO - Setting next_dagrun for example_dag_decorator to None, run_after=None
[2025-04-20T21:35:13.304+0800] {processor.py:208} INFO - Processing /mnt/c/Users/wu_li/OneDrive/Desktop/Airflow_pract/venv/lib/python3.9/site-packages/airflow/example_dags/example_dag_decorator.py took 2.322 seconds
[2025-04-20T21:36:49.897+0800] {processor.py:186} INFO - Started process (PID=116487) to work on /mnt/c/Users/wu_li/OneDrive/Desktop/Airflow_pract/venv/lib/python3.9/site-packages/airflow/example_dags/example_dag_decorator.py
[2025-04-20T21:36:49.900+0800] {processor.py:914} INFO - Processing file /mnt/c/Users/wu_li/OneDrive/Desktop/Airflow_pract/venv/lib/python3.9/site-packages/airflow/example_dags/example_dag_decorator.py for tasks to queue
[2025-04-20T21:36:49.910+0800] {logging_mixin.py:190} INFO - [2025-04-20T21:36:49.903+0800] {dagbag.py:588} INFO - Filling up the DagBag from /mnt/c/Users/wu_li/OneDrive/Desktop/Airflow_pract/venv/lib/python3.9/site-packages/airflow/example_dags/example_dag_decorator.py
[2025-04-20T21:36:51.505+0800] {processor.py:925} INFO - DAG(s) 'example_dag_decorator' retrieved from /mnt/c/Users/wu_li/OneDrive/Desktop/Airflow_pract/venv/lib/python3.9/site-packages/airflow/example_dags/example_dag_decorator.py
[2025-04-20T21:36:51.550+0800] {logging_mixin.py:190} INFO - [2025-04-20T21:36:51.549+0800] {dag.py:3239} INFO - Sync 1 DAGs
[2025-04-20T21:36:51.589+0800] {logging_mixin.py:190} INFO - [2025-04-20T21:36:51.586+0800] {dag.py:4180} INFO - Setting next_dagrun for example_dag_decorator to None, run_after=None
[2025-04-20T21:36:51.682+0800] {processor.py:208} INFO - Processing /mnt/c/Users/wu_li/OneDrive/Desktop/Airflow_pract/venv/lib/python3.9/site-packages/airflow/example_dags/example_dag_decorator.py took 1.809 seconds
[2025-04-20T21:38:40.011+0800] {processor.py:186} INFO - Started process (PID=117458) to work on /mnt/c/Users/wu_li/OneDrive/Desktop/Airflow_pract/venv/lib/python3.9/site-packages/airflow/example_dags/example_dag_decorator.py
[2025-04-20T21:38:40.013+0800] {processor.py:914} INFO - Processing file /mnt/c/Users/wu_li/OneDrive/Desktop/Airflow_pract/venv/lib/python3.9/site-packages/airflow/example_dags/example_dag_decorator.py for tasks to queue
[2025-04-20T21:38:40.015+0800] {logging_mixin.py:190} INFO - [2025-04-20T21:38:40.014+0800] {dagbag.py:588} INFO - Filling up the DagBag from /mnt/c/Users/wu_li/OneDrive/Desktop/Airflow_pract/venv/lib/python3.9/site-packages/airflow/example_dags/example_dag_decorator.py
[2025-04-20T21:38:41.070+0800] {processor.py:925} INFO - DAG(s) 'example_dag_decorator' retrieved from /mnt/c/Users/wu_li/OneDrive/Desktop/Airflow_pract/venv/lib/python3.9/site-packages/airflow/example_dags/example_dag_decorator.py
[2025-04-20T21:38:41.101+0800] {logging_mixin.py:190} INFO - [2025-04-20T21:38:41.100+0800] {dag.py:3239} INFO - Sync 1 DAGs
[2025-04-20T21:38:41.117+0800] {logging_mixin.py:190} INFO - [2025-04-20T21:38:41.115+0800] {dag.py:4180} INFO - Setting next_dagrun for example_dag_decorator to None, run_after=None
[2025-04-20T21:38:41.177+0800] {processor.py:208} INFO - Processing /mnt/c/Users/wu_li/OneDrive/Desktop/Airflow_pract/venv/lib/python3.9/site-packages/airflow/example_dags/example_dag_decorator.py took 1.178 seconds
[2025-04-20T21:40:07.552+0800] {processor.py:186} INFO - Started process (PID=118337) to work on /mnt/c/Users/wu_li/OneDrive/Desktop/Airflow_pract/venv/lib/python3.9/site-packages/airflow/example_dags/example_dag_decorator.py
[2025-04-20T21:40:07.557+0800] {processor.py:914} INFO - Processing file /mnt/c/Users/wu_li/OneDrive/Desktop/Airflow_pract/venv/lib/python3.9/site-packages/airflow/example_dags/example_dag_decorator.py for tasks to queue
[2025-04-20T21:40:07.561+0800] {logging_mixin.py:190} INFO - [2025-04-20T21:40:07.560+0800] {dagbag.py:588} INFO - Filling up the DagBag from /mnt/c/Users/wu_li/OneDrive/Desktop/Airflow_pract/venv/lib/python3.9/site-packages/airflow/example_dags/example_dag_decorator.py
[2025-04-20T21:40:08.668+0800] {processor.py:925} INFO - DAG(s) 'example_dag_decorator' retrieved from /mnt/c/Users/wu_li/OneDrive/Desktop/Airflow_pract/venv/lib/python3.9/site-packages/airflow/example_dags/example_dag_decorator.py
[2025-04-20T21:40:10.001+0800] {logging_mixin.py:190} INFO - [2025-04-20T21:40:10.000+0800] {dag.py:3239} INFO - Sync 1 DAGs
[2025-04-20T21:40:10.018+0800] {logging_mixin.py:190} INFO - [2025-04-20T21:40:10.017+0800] {dag.py:4180} INFO - Setting next_dagrun for example_dag_decorator to None, run_after=None
[2025-04-20T21:40:10.079+0800] {processor.py:208} INFO - Processing /mnt/c/Users/wu_li/OneDrive/Desktop/Airflow_pract/venv/lib/python3.9/site-packages/airflow/example_dags/example_dag_decorator.py took 2.544 seconds
[2025-04-20T21:41:36.396+0800] {processor.py:186} INFO - Started process (PID=119456) to work on /mnt/c/Users/wu_li/OneDrive/Desktop/Airflow_pract/venv/lib/python3.9/site-packages/airflow/example_dags/example_dag_decorator.py
[2025-04-20T21:41:36.398+0800] {processor.py:914} INFO - Processing file /mnt/c/Users/wu_li/OneDrive/Desktop/Airflow_pract/venv/lib/python3.9/site-packages/airflow/example_dags/example_dag_decorator.py for tasks to queue
[2025-04-20T21:41:36.401+0800] {logging_mixin.py:190} INFO - [2025-04-20T21:41:36.400+0800] {dagbag.py:588} INFO - Filling up the DagBag from /mnt/c/Users/wu_li/OneDrive/Desktop/Airflow_pract/venv/lib/python3.9/site-packages/airflow/example_dags/example_dag_decorator.py
[2025-04-20T21:41:37.339+0800] {processor.py:925} INFO - DAG(s) 'example_dag_decorator' retrieved from /mnt/c/Users/wu_li/OneDrive/Desktop/Airflow_pract/venv/lib/python3.9/site-packages/airflow/example_dags/example_dag_decorator.py
[2025-04-20T21:41:37.369+0800] {logging_mixin.py:190} INFO - [2025-04-20T21:41:37.368+0800] {dag.py:3239} INFO - Sync 1 DAGs
[2025-04-20T21:41:37.383+0800] {logging_mixin.py:190} INFO - [2025-04-20T21:41:37.382+0800] {dag.py:4180} INFO - Setting next_dagrun for example_dag_decorator to None, run_after=None
[2025-04-20T21:41:37.433+0800] {processor.py:208} INFO - Processing /mnt/c/Users/wu_li/OneDrive/Desktop/Airflow_pract/venv/lib/python3.9/site-packages/airflow/example_dags/example_dag_decorator.py took 1.052 seconds
[2025-04-20T21:43:13.325+0800] {processor.py:186} INFO - Started process (PID=120294) to work on /mnt/c/Users/wu_li/OneDrive/Desktop/Airflow_pract/venv/lib/python3.9/site-packages/airflow/example_dags/example_dag_decorator.py
[2025-04-20T21:43:13.327+0800] {processor.py:914} INFO - Processing file /mnt/c/Users/wu_li/OneDrive/Desktop/Airflow_pract/venv/lib/python3.9/site-packages/airflow/example_dags/example_dag_decorator.py for tasks to queue
[2025-04-20T21:43:13.331+0800] {logging_mixin.py:190} INFO - [2025-04-20T21:43:13.330+0800] {dagbag.py:588} INFO - Filling up the DagBag from /mnt/c/Users/wu_li/OneDrive/Desktop/Airflow_pract/venv/lib/python3.9/site-packages/airflow/example_dags/example_dag_decorator.py
[2025-04-20T21:43:14.494+0800] {processor.py:925} INFO - DAG(s) 'example_dag_decorator' retrieved from /mnt/c/Users/wu_li/OneDrive/Desktop/Airflow_pract/venv/lib/python3.9/site-packages/airflow/example_dags/example_dag_decorator.py
[2025-04-20T21:43:14.533+0800] {logging_mixin.py:190} INFO - [2025-04-20T21:43:14.532+0800] {dag.py:3239} INFO - Sync 1 DAGs
[2025-04-20T21:43:14.551+0800] {logging_mixin.py:190} INFO - [2025-04-20T21:43:14.550+0800] {dag.py:4180} INFO - Setting next_dagrun for example_dag_decorator to None, run_after=None
[2025-04-20T21:43:14.619+0800] {processor.py:208} INFO - Processing /mnt/c/Users/wu_li/OneDrive/Desktop/Airflow_pract/venv/lib/python3.9/site-packages/airflow/example_dags/example_dag_decorator.py took 1.309 seconds
[2025-04-20T21:44:46.289+0800] {processor.py:186} INFO - Started process (PID=121253) to work on /mnt/c/Users/wu_li/OneDrive/Desktop/Airflow_pract/venv/lib/python3.9/site-packages/airflow/example_dags/example_dag_decorator.py
[2025-04-20T21:44:46.292+0800] {processor.py:914} INFO - Processing file /mnt/c/Users/wu_li/OneDrive/Desktop/Airflow_pract/venv/lib/python3.9/site-packages/airflow/example_dags/example_dag_decorator.py for tasks to queue
[2025-04-20T21:44:46.295+0800] {logging_mixin.py:190} INFO - [2025-04-20T21:44:46.294+0800] {dagbag.py:588} INFO - Filling up the DagBag from /mnt/c/Users/wu_li/OneDrive/Desktop/Airflow_pract/venv/lib/python3.9/site-packages/airflow/example_dags/example_dag_decorator.py
[2025-04-20T21:44:48.240+0800] {processor.py:925} INFO - DAG(s) 'example_dag_decorator' retrieved from /mnt/c/Users/wu_li/OneDrive/Desktop/Airflow_pract/venv/lib/python3.9/site-packages/airflow/example_dags/example_dag_decorator.py
[2025-04-20T21:44:48.302+0800] {logging_mixin.py:190} INFO - [2025-04-20T21:44:48.301+0800] {dag.py:3239} INFO - Sync 1 DAGs
[2025-04-20T21:44:48.321+0800] {logging_mixin.py:190} INFO - [2025-04-20T21:44:48.320+0800] {dag.py:4180} INFO - Setting next_dagrun for example_dag_decorator to None, run_after=None
[2025-04-20T21:44:48.405+0800] {processor.py:208} INFO - Processing /mnt/c/Users/wu_li/OneDrive/Desktop/Airflow_pract/venv/lib/python3.9/site-packages/airflow/example_dags/example_dag_decorator.py took 2.138 seconds
