[2025-04-20T20:11:16.920+0800] {processor.py:186} INFO - Started process (PID=63367) to work on /mnt/c/Users/wu_li/OneDrive/Desktop/Airflow_pract/venv/lib/python3.9/site-packages/airflow/example_dags/example_skip_dag.py
[2025-04-20T20:11:16.922+0800] {processor.py:914} INFO - Processing file /mnt/c/Users/wu_li/OneDrive/Desktop/Airflow_pract/venv/lib/python3.9/site-packages/airflow/example_dags/example_skip_dag.py for tasks to queue
[2025-04-20T20:11:16.926+0800] {logging_mixin.py:190} INFO - [2025-04-20T20:11:16.925+0800] {dagbag.py:588} INFO - Filling up the DagBag from /mnt/c/Users/wu_li/OneDrive/Desktop/Airflow_pract/venv/lib/python3.9/site-packages/airflow/example_dags/example_skip_dag.py
[2025-04-20T20:11:17.008+0800] {processor.py:925} INFO - DAG(s) 'example_skip_dag' retrieved from /mnt/c/Users/wu_li/OneDrive/Desktop/Airflow_pract/venv/lib/python3.9/site-packages/airflow/example_dags/example_skip_dag.py
[2025-04-20T20:11:18.529+0800] {logging_mixin.py:190} INFO - [2025-04-20T20:11:18.528+0800] {override.py:1912} INFO - Created Permission View: can delete on DAG:example_skip_dag
[2025-04-20T20:11:18.570+0800] {logging_mixin.py:190} INFO - [2025-04-20T20:11:18.568+0800] {override.py:1912} INFO - Created Permission View: can read on DAG:example_skip_dag
[2025-04-20T20:11:18.604+0800] {logging_mixin.py:190} INFO - [2025-04-20T20:11:18.603+0800] {override.py:1912} INFO - Created Permission View: can edit on DAG:example_skip_dag
[2025-04-20T20:11:18.662+0800] {logging_mixin.py:190} INFO - [2025-04-20T20:11:18.661+0800] {override.py:1912} INFO - Created Permission View: can delete on DAG Run:example_skip_dag
[2025-04-20T20:11:18.699+0800] {logging_mixin.py:190} INFO - [2025-04-20T20:11:18.698+0800] {override.py:1912} INFO - Created Permission View: can read on DAG Run:example_skip_dag
[2025-04-20T20:11:18.735+0800] {logging_mixin.py:190} INFO - [2025-04-20T20:11:18.733+0800] {override.py:1912} INFO - Created Permission View: can create on DAG Run:example_skip_dag
[2025-04-20T20:11:18.772+0800] {logging_mixin.py:190} INFO - [2025-04-20T20:11:18.771+0800] {override.py:1912} INFO - Created Permission View: menu access on DAG Run:example_skip_dag
[2025-04-20T20:11:18.774+0800] {logging_mixin.py:190} INFO - [2025-04-20T20:11:18.773+0800] {dag.py:3239} INFO - Sync 1 DAGs
[2025-04-20T20:11:18.796+0800] {logging_mixin.py:190} INFO - [2025-04-20T20:11:18.795+0800] {dag.py:3262} INFO - Creating ORM DAG for example_skip_dag
[2025-04-20T20:11:18.812+0800] {logging_mixin.py:190} INFO - [2025-04-20T20:11:18.811+0800] {dag.py:4180} INFO - Setting next_dagrun for example_skip_dag to 2025-04-19 00:00:00+00:00, run_after=2025-04-20 00:00:00+00:00
[2025-04-20T20:11:18.873+0800] {processor.py:208} INFO - Processing /mnt/c/Users/wu_li/OneDrive/Desktop/Airflow_pract/venv/lib/python3.9/site-packages/airflow/example_dags/example_skip_dag.py took 1.969 seconds
[2025-04-20T20:17:18.845+0800] {processor.py:186} INFO - Started process (PID=67703) to work on /mnt/c/Users/wu_li/OneDrive/Desktop/Airflow_pract/venv/lib/python3.9/site-packages/airflow/example_dags/example_skip_dag.py
[2025-04-20T20:17:18.847+0800] {processor.py:914} INFO - Processing file /mnt/c/Users/wu_li/OneDrive/Desktop/Airflow_pract/venv/lib/python3.9/site-packages/airflow/example_dags/example_skip_dag.py for tasks to queue
[2025-04-20T20:17:18.851+0800] {logging_mixin.py:190} INFO - [2025-04-20T20:17:18.850+0800] {dagbag.py:588} INFO - Filling up the DagBag from /mnt/c/Users/wu_li/OneDrive/Desktop/Airflow_pract/venv/lib/python3.9/site-packages/airflow/example_dags/example_skip_dag.py
[2025-04-20T20:17:18.920+0800] {processor.py:925} INFO - DAG(s) 'example_skip_dag' retrieved from /mnt/c/Users/wu_li/OneDrive/Desktop/Airflow_pract/venv/lib/python3.9/site-packages/airflow/example_dags/example_skip_dag.py
[2025-04-20T20:17:18.970+0800] {logging_mixin.py:190} INFO - [2025-04-20T20:17:18.969+0800] {dag.py:3239} INFO - Sync 1 DAGs
[2025-04-20T20:17:19.189+0800] {logging_mixin.py:190} INFO - [2025-04-20T20:17:19.188+0800] {dag.py:4180} INFO - Setting next_dagrun for example_skip_dag to 2025-04-19 00:00:00+00:00, run_after=2025-04-20 00:00:00+00:00
[2025-04-20T20:17:19.254+0800] {processor.py:208} INFO - Processing /mnt/c/Users/wu_li/OneDrive/Desktop/Airflow_pract/venv/lib/python3.9/site-packages/airflow/example_dags/example_skip_dag.py took 0.427 seconds
[2025-04-20T20:18:40.999+0800] {processor.py:186} INFO - Started process (PID=68752) to work on /mnt/c/Users/wu_li/OneDrive/Desktop/Airflow_pract/venv/lib/python3.9/site-packages/airflow/example_dags/example_skip_dag.py
[2025-04-20T20:18:41.001+0800] {processor.py:914} INFO - Processing file /mnt/c/Users/wu_li/OneDrive/Desktop/Airflow_pract/venv/lib/python3.9/site-packages/airflow/example_dags/example_skip_dag.py for tasks to queue
[2025-04-20T20:18:41.004+0800] {logging_mixin.py:190} INFO - [2025-04-20T20:18:41.003+0800] {dagbag.py:588} INFO - Filling up the DagBag from /mnt/c/Users/wu_li/OneDrive/Desktop/Airflow_pract/venv/lib/python3.9/site-packages/airflow/example_dags/example_skip_dag.py
[2025-04-20T20:18:41.080+0800] {processor.py:925} INFO - DAG(s) 'example_skip_dag' retrieved from /mnt/c/Users/wu_li/OneDrive/Desktop/Airflow_pract/venv/lib/python3.9/site-packages/airflow/example_dags/example_skip_dag.py
[2025-04-20T20:18:41.108+0800] {logging_mixin.py:190} INFO - [2025-04-20T20:18:41.107+0800] {dag.py:3239} INFO - Sync 1 DAGs
[2025-04-20T20:18:41.138+0800] {logging_mixin.py:190} INFO - [2025-04-20T20:18:41.137+0800] {dag.py:4180} INFO - Setting next_dagrun for example_skip_dag to 2025-04-19 00:00:00+00:00, run_after=2025-04-20 00:00:00+00:00
[2025-04-20T20:18:41.200+0800] {processor.py:208} INFO - Processing /mnt/c/Users/wu_li/OneDrive/Desktop/Airflow_pract/venv/lib/python3.9/site-packages/airflow/example_dags/example_skip_dag.py took 0.215 seconds
[2025-04-20T20:20:23.249+0800] {processor.py:186} INFO - Started process (PID=69910) to work on /mnt/c/Users/wu_li/OneDrive/Desktop/Airflow_pract/venv/lib/python3.9/site-packages/airflow/example_dags/example_skip_dag.py
[2025-04-20T20:20:23.252+0800] {processor.py:914} INFO - Processing file /mnt/c/Users/wu_li/OneDrive/Desktop/Airflow_pract/venv/lib/python3.9/site-packages/airflow/example_dags/example_skip_dag.py for tasks to queue
[2025-04-20T20:20:23.256+0800] {logging_mixin.py:190} INFO - [2025-04-20T20:20:23.255+0800] {dagbag.py:588} INFO - Filling up the DagBag from /mnt/c/Users/wu_li/OneDrive/Desktop/Airflow_pract/venv/lib/python3.9/site-packages/airflow/example_dags/example_skip_dag.py
[2025-04-20T20:20:23.366+0800] {processor.py:925} INFO - DAG(s) 'example_skip_dag' retrieved from /mnt/c/Users/wu_li/OneDrive/Desktop/Airflow_pract/venv/lib/python3.9/site-packages/airflow/example_dags/example_skip_dag.py
[2025-04-20T20:20:23.417+0800] {logging_mixin.py:190} INFO - [2025-04-20T20:20:23.416+0800] {dag.py:3239} INFO - Sync 1 DAGs
[2025-04-20T20:20:23.491+0800] {logging_mixin.py:190} INFO - [2025-04-20T20:20:23.488+0800] {dag.py:4180} INFO - Setting next_dagrun for example_skip_dag to 2025-04-19 00:00:00+00:00, run_after=2025-04-20 00:00:00+00:00
[2025-04-20T20:20:23.587+0800] {processor.py:208} INFO - Processing /mnt/c/Users/wu_li/OneDrive/Desktop/Airflow_pract/venv/lib/python3.9/site-packages/airflow/example_dags/example_skip_dag.py took 0.363 seconds
[2025-04-20T20:22:25.549+0800] {processor.py:186} INFO - Started process (PID=70725) to work on /mnt/c/Users/wu_li/OneDrive/Desktop/Airflow_pract/venv/lib/python3.9/site-packages/airflow/example_dags/example_skip_dag.py
[2025-04-20T20:22:25.552+0800] {processor.py:914} INFO - Processing file /mnt/c/Users/wu_li/OneDrive/Desktop/Airflow_pract/venv/lib/python3.9/site-packages/airflow/example_dags/example_skip_dag.py for tasks to queue
[2025-04-20T20:22:25.561+0800] {logging_mixin.py:190} INFO - [2025-04-20T20:22:25.558+0800] {dagbag.py:588} INFO - Filling up the DagBag from /mnt/c/Users/wu_li/OneDrive/Desktop/Airflow_pract/venv/lib/python3.9/site-packages/airflow/example_dags/example_skip_dag.py
[2025-04-20T20:22:25.675+0800] {processor.py:925} INFO - DAG(s) 'example_skip_dag' retrieved from /mnt/c/Users/wu_li/OneDrive/Desktop/Airflow_pract/venv/lib/python3.9/site-packages/airflow/example_dags/example_skip_dag.py
[2025-04-20T20:22:25.743+0800] {logging_mixin.py:190} INFO - [2025-04-20T20:22:25.741+0800] {dag.py:3239} INFO - Sync 1 DAGs
[2025-04-20T20:22:25.854+0800] {logging_mixin.py:190} INFO - [2025-04-20T20:22:25.851+0800] {dag.py:4180} INFO - Setting next_dagrun for example_skip_dag to 2025-04-19 00:00:00+00:00, run_after=2025-04-20 00:00:00+00:00
[2025-04-20T20:22:25.954+0800] {processor.py:208} INFO - Processing /mnt/c/Users/wu_li/OneDrive/Desktop/Airflow_pract/venv/lib/python3.9/site-packages/airflow/example_dags/example_skip_dag.py took 0.428 seconds
[2025-04-20T20:24:17.614+0800] {processor.py:186} INFO - Started process (PID=71748) to work on /mnt/c/Users/wu_li/OneDrive/Desktop/Airflow_pract/venv/lib/python3.9/site-packages/airflow/example_dags/example_skip_dag.py
[2025-04-20T20:24:17.617+0800] {processor.py:914} INFO - Processing file /mnt/c/Users/wu_li/OneDrive/Desktop/Airflow_pract/venv/lib/python3.9/site-packages/airflow/example_dags/example_skip_dag.py for tasks to queue
[2025-04-20T20:24:17.623+0800] {logging_mixin.py:190} INFO - [2025-04-20T20:24:17.621+0800] {dagbag.py:588} INFO - Filling up the DagBag from /mnt/c/Users/wu_li/OneDrive/Desktop/Airflow_pract/venv/lib/python3.9/site-packages/airflow/example_dags/example_skip_dag.py
[2025-04-20T20:24:17.765+0800] {processor.py:925} INFO - DAG(s) 'example_skip_dag' retrieved from /mnt/c/Users/wu_li/OneDrive/Desktop/Airflow_pract/venv/lib/python3.9/site-packages/airflow/example_dags/example_skip_dag.py
[2025-04-20T20:24:17.847+0800] {logging_mixin.py:190} INFO - [2025-04-20T20:24:17.846+0800] {dag.py:3239} INFO - Sync 1 DAGs
[2025-04-20T20:24:17.945+0800] {logging_mixin.py:190} INFO - [2025-04-20T20:24:17.943+0800] {dag.py:4180} INFO - Setting next_dagrun for example_skip_dag to 2025-04-19 00:00:00+00:00, run_after=2025-04-20 00:00:00+00:00
[2025-04-20T20:24:18.091+0800] {processor.py:208} INFO - Processing /mnt/c/Users/wu_li/OneDrive/Desktop/Airflow_pract/venv/lib/python3.9/site-packages/airflow/example_dags/example_skip_dag.py took 0.502 seconds
[2025-04-20T20:26:17.992+0800] {processor.py:186} INFO - Started process (PID=72674) to work on /mnt/c/Users/wu_li/OneDrive/Desktop/Airflow_pract/venv/lib/python3.9/site-packages/airflow/example_dags/example_skip_dag.py
[2025-04-20T20:26:17.995+0800] {processor.py:914} INFO - Processing file /mnt/c/Users/wu_li/OneDrive/Desktop/Airflow_pract/venv/lib/python3.9/site-packages/airflow/example_dags/example_skip_dag.py for tasks to queue
[2025-04-20T20:26:18.000+0800] {logging_mixin.py:190} INFO - [2025-04-20T20:26:17.998+0800] {dagbag.py:588} INFO - Filling up the DagBag from /mnt/c/Users/wu_li/OneDrive/Desktop/Airflow_pract/venv/lib/python3.9/site-packages/airflow/example_dags/example_skip_dag.py
[2025-04-20T20:26:18.094+0800] {processor.py:925} INFO - DAG(s) 'example_skip_dag' retrieved from /mnt/c/Users/wu_li/OneDrive/Desktop/Airflow_pract/venv/lib/python3.9/site-packages/airflow/example_dags/example_skip_dag.py
[2025-04-20T20:26:18.127+0800] {logging_mixin.py:190} INFO - [2025-04-20T20:26:18.127+0800] {dag.py:3239} INFO - Sync 1 DAGs
[2025-04-20T20:26:18.164+0800] {logging_mixin.py:190} INFO - [2025-04-20T20:26:18.163+0800] {dag.py:4180} INFO - Setting next_dagrun for example_skip_dag to 2025-04-19 00:00:00+00:00, run_after=2025-04-20 00:00:00+00:00
[2025-04-20T20:26:18.249+0800] {processor.py:208} INFO - Processing /mnt/c/Users/wu_li/OneDrive/Desktop/Airflow_pract/venv/lib/python3.9/site-packages/airflow/example_dags/example_skip_dag.py took 0.272 seconds
[2025-04-20T20:36:25.079+0800] {processor.py:186} INFO - Started process (PID=77173) to work on /mnt/c/Users/wu_li/OneDrive/Desktop/Airflow_pract/venv/lib/python3.9/site-packages/airflow/example_dags/example_skip_dag.py
[2025-04-20T20:36:25.083+0800] {processor.py:914} INFO - Processing file /mnt/c/Users/wu_li/OneDrive/Desktop/Airflow_pract/venv/lib/python3.9/site-packages/airflow/example_dags/example_skip_dag.py for tasks to queue
[2025-04-20T20:36:25.088+0800] {logging_mixin.py:190} INFO - [2025-04-20T20:36:25.086+0800] {dagbag.py:588} INFO - Filling up the DagBag from /mnt/c/Users/wu_li/OneDrive/Desktop/Airflow_pract/venv/lib/python3.9/site-packages/airflow/example_dags/example_skip_dag.py
[2025-04-20T20:36:25.131+0800] {processor.py:925} INFO - DAG(s) 'example_skip_dag' retrieved from /mnt/c/Users/wu_li/OneDrive/Desktop/Airflow_pract/venv/lib/python3.9/site-packages/airflow/example_dags/example_skip_dag.py
[2025-04-20T20:36:25.203+0800] {logging_mixin.py:190} INFO - [2025-04-20T20:36:25.202+0800] {dag.py:3239} INFO - Sync 1 DAGs
[2025-04-20T20:36:25.293+0800] {logging_mixin.py:190} INFO - [2025-04-20T20:36:25.292+0800] {dag.py:4180} INFO - Setting next_dagrun for example_skip_dag to 2025-04-19 00:00:00+00:00, run_after=2025-04-20 00:00:00+00:00
[2025-04-20T20:36:25.400+0800] {processor.py:208} INFO - Processing /mnt/c/Users/wu_li/OneDrive/Desktop/Airflow_pract/venv/lib/python3.9/site-packages/airflow/example_dags/example_skip_dag.py took 0.345 seconds
[2025-04-20T20:37:49.078+0800] {processor.py:186} INFO - Started process (PID=77883) to work on /mnt/c/Users/wu_li/OneDrive/Desktop/Airflow_pract/venv/lib/python3.9/site-packages/airflow/example_dags/example_skip_dag.py
[2025-04-20T20:37:49.081+0800] {processor.py:914} INFO - Processing file /mnt/c/Users/wu_li/OneDrive/Desktop/Airflow_pract/venv/lib/python3.9/site-packages/airflow/example_dags/example_skip_dag.py for tasks to queue
[2025-04-20T20:37:49.090+0800] {logging_mixin.py:190} INFO - [2025-04-20T20:37:49.087+0800] {dagbag.py:588} INFO - Filling up the DagBag from /mnt/c/Users/wu_li/OneDrive/Desktop/Airflow_pract/venv/lib/python3.9/site-packages/airflow/example_dags/example_skip_dag.py
[2025-04-20T20:37:49.126+0800] {processor.py:925} INFO - DAG(s) 'example_skip_dag' retrieved from /mnt/c/Users/wu_li/OneDrive/Desktop/Airflow_pract/venv/lib/python3.9/site-packages/airflow/example_dags/example_skip_dag.py
[2025-04-20T20:37:49.176+0800] {logging_mixin.py:190} INFO - [2025-04-20T20:37:49.174+0800] {dag.py:3239} INFO - Sync 1 DAGs
[2025-04-20T20:37:49.249+0800] {logging_mixin.py:190} INFO - [2025-04-20T20:37:49.248+0800] {dag.py:4180} INFO - Setting next_dagrun for example_skip_dag to 2025-04-19 00:00:00+00:00, run_after=2025-04-20 00:00:00+00:00
[2025-04-20T20:37:49.338+0800] {processor.py:208} INFO - Processing /mnt/c/Users/wu_li/OneDrive/Desktop/Airflow_pract/venv/lib/python3.9/site-packages/airflow/example_dags/example_skip_dag.py took 0.277 seconds
[2025-04-20T20:39:13.045+0800] {processor.py:186} INFO - Started process (PID=78964) to work on /mnt/c/Users/wu_li/OneDrive/Desktop/Airflow_pract/venv/lib/python3.9/site-packages/airflow/example_dags/example_skip_dag.py
[2025-04-20T20:39:13.047+0800] {processor.py:914} INFO - Processing file /mnt/c/Users/wu_li/OneDrive/Desktop/Airflow_pract/venv/lib/python3.9/site-packages/airflow/example_dags/example_skip_dag.py for tasks to queue
[2025-04-20T20:39:13.049+0800] {logging_mixin.py:190} INFO - [2025-04-20T20:39:13.048+0800] {dagbag.py:588} INFO - Filling up the DagBag from /mnt/c/Users/wu_li/OneDrive/Desktop/Airflow_pract/venv/lib/python3.9/site-packages/airflow/example_dags/example_skip_dag.py
[2025-04-20T20:39:13.073+0800] {processor.py:925} INFO - DAG(s) 'example_skip_dag' retrieved from /mnt/c/Users/wu_li/OneDrive/Desktop/Airflow_pract/venv/lib/python3.9/site-packages/airflow/example_dags/example_skip_dag.py
[2025-04-20T20:39:13.119+0800] {logging_mixin.py:190} INFO - [2025-04-20T20:39:13.118+0800] {dag.py:3239} INFO - Sync 1 DAGs
[2025-04-20T20:39:13.154+0800] {logging_mixin.py:190} INFO - [2025-04-20T20:39:13.153+0800] {dag.py:4180} INFO - Setting next_dagrun for example_skip_dag to 2025-04-19 00:00:00+00:00, run_after=2025-04-20 00:00:00+00:00
[2025-04-20T20:39:13.257+0800] {processor.py:208} INFO - Processing /mnt/c/Users/wu_li/OneDrive/Desktop/Airflow_pract/venv/lib/python3.9/site-packages/airflow/example_dags/example_skip_dag.py took 0.224 seconds
[2025-04-20T20:41:03.528+0800] {processor.py:186} INFO - Started process (PID=79944) to work on /mnt/c/Users/wu_li/OneDrive/Desktop/Airflow_pract/venv/lib/python3.9/site-packages/airflow/example_dags/example_skip_dag.py
[2025-04-20T20:41:03.530+0800] {processor.py:914} INFO - Processing file /mnt/c/Users/wu_li/OneDrive/Desktop/Airflow_pract/venv/lib/python3.9/site-packages/airflow/example_dags/example_skip_dag.py for tasks to queue
[2025-04-20T20:41:03.532+0800] {logging_mixin.py:190} INFO - [2025-04-20T20:41:03.531+0800] {dagbag.py:588} INFO - Filling up the DagBag from /mnt/c/Users/wu_li/OneDrive/Desktop/Airflow_pract/venv/lib/python3.9/site-packages/airflow/example_dags/example_skip_dag.py
[2025-04-20T20:41:03.562+0800] {processor.py:925} INFO - DAG(s) 'example_skip_dag' retrieved from /mnt/c/Users/wu_li/OneDrive/Desktop/Airflow_pract/venv/lib/python3.9/site-packages/airflow/example_dags/example_skip_dag.py
[2025-04-20T20:41:03.600+0800] {logging_mixin.py:190} INFO - [2025-04-20T20:41:03.599+0800] {dag.py:3239} INFO - Sync 1 DAGs
[2025-04-20T20:41:03.635+0800] {logging_mixin.py:190} INFO - [2025-04-20T20:41:03.634+0800] {dag.py:4180} INFO - Setting next_dagrun for example_skip_dag to 2025-04-19 00:00:00+00:00, run_after=2025-04-20 00:00:00+00:00
[2025-04-20T20:41:03.723+0800] {processor.py:208} INFO - Processing /mnt/c/Users/wu_li/OneDrive/Desktop/Airflow_pract/venv/lib/python3.9/site-packages/airflow/example_dags/example_skip_dag.py took 0.209 seconds
[2025-04-20T20:42:52.541+0800] {processor.py:186} INFO - Started process (PID=80845) to work on /mnt/c/Users/wu_li/OneDrive/Desktop/Airflow_pract/venv/lib/python3.9/site-packages/airflow/example_dags/example_skip_dag.py
[2025-04-20T20:42:52.545+0800] {processor.py:914} INFO - Processing file /mnt/c/Users/wu_li/OneDrive/Desktop/Airflow_pract/venv/lib/python3.9/site-packages/airflow/example_dags/example_skip_dag.py for tasks to queue
[2025-04-20T20:42:52.549+0800] {logging_mixin.py:190} INFO - [2025-04-20T20:42:52.548+0800] {dagbag.py:588} INFO - Filling up the DagBag from /mnt/c/Users/wu_li/OneDrive/Desktop/Airflow_pract/venv/lib/python3.9/site-packages/airflow/example_dags/example_skip_dag.py
[2025-04-20T20:42:52.580+0800] {processor.py:925} INFO - DAG(s) 'example_skip_dag' retrieved from /mnt/c/Users/wu_li/OneDrive/Desktop/Airflow_pract/venv/lib/python3.9/site-packages/airflow/example_dags/example_skip_dag.py
[2025-04-20T20:42:52.642+0800] {logging_mixin.py:190} INFO - [2025-04-20T20:42:52.628+0800] {dag.py:3239} INFO - Sync 1 DAGs
[2025-04-20T20:42:52.709+0800] {logging_mixin.py:190} INFO - [2025-04-20T20:42:52.708+0800] {dag.py:4180} INFO - Setting next_dagrun for example_skip_dag to 2025-04-19 00:00:00+00:00, run_after=2025-04-20 00:00:00+00:00
[2025-04-20T20:42:52.812+0800] {processor.py:208} INFO - Processing /mnt/c/Users/wu_li/OneDrive/Desktop/Airflow_pract/venv/lib/python3.9/site-packages/airflow/example_dags/example_skip_dag.py took 0.291 seconds
[2025-04-20T20:44:26.695+0800] {processor.py:186} INFO - Started process (PID=81855) to work on /mnt/c/Users/wu_li/OneDrive/Desktop/Airflow_pract/venv/lib/python3.9/site-packages/airflow/example_dags/example_skip_dag.py
[2025-04-20T20:44:26.702+0800] {processor.py:914} INFO - Processing file /mnt/c/Users/wu_li/OneDrive/Desktop/Airflow_pract/venv/lib/python3.9/site-packages/airflow/example_dags/example_skip_dag.py for tasks to queue
[2025-04-20T20:44:26.729+0800] {logging_mixin.py:190} INFO - [2025-04-20T20:44:26.714+0800] {dagbag.py:588} INFO - Filling up the DagBag from /mnt/c/Users/wu_li/OneDrive/Desktop/Airflow_pract/venv/lib/python3.9/site-packages/airflow/example_dags/example_skip_dag.py
[2025-04-20T20:44:26.808+0800] {processor.py:925} INFO - DAG(s) 'example_skip_dag' retrieved from /mnt/c/Users/wu_li/OneDrive/Desktop/Airflow_pract/venv/lib/python3.9/site-packages/airflow/example_dags/example_skip_dag.py
[2025-04-20T20:44:26.874+0800] {logging_mixin.py:190} INFO - [2025-04-20T20:44:26.870+0800] {dag.py:3239} INFO - Sync 1 DAGs
[2025-04-20T20:44:27.183+0800] {logging_mixin.py:190} INFO - [2025-04-20T20:44:27.182+0800] {dag.py:4180} INFO - Setting next_dagrun for example_skip_dag to 2025-04-19 00:00:00+00:00, run_after=2025-04-20 00:00:00+00:00
[2025-04-20T20:44:27.726+0800] {processor.py:208} INFO - Processing /mnt/c/Users/wu_li/OneDrive/Desktop/Airflow_pract/venv/lib/python3.9/site-packages/airflow/example_dags/example_skip_dag.py took 1.117 seconds
[2025-04-20T20:46:17.331+0800] {processor.py:186} INFO - Started process (PID=82652) to work on /mnt/c/Users/wu_li/OneDrive/Desktop/Airflow_pract/venv/lib/python3.9/site-packages/airflow/example_dags/example_skip_dag.py
[2025-04-20T20:46:17.336+0800] {processor.py:914} INFO - Processing file /mnt/c/Users/wu_li/OneDrive/Desktop/Airflow_pract/venv/lib/python3.9/site-packages/airflow/example_dags/example_skip_dag.py for tasks to queue
[2025-04-20T20:46:17.340+0800] {logging_mixin.py:190} INFO - [2025-04-20T20:46:17.339+0800] {dagbag.py:588} INFO - Filling up the DagBag from /mnt/c/Users/wu_li/OneDrive/Desktop/Airflow_pract/venv/lib/python3.9/site-packages/airflow/example_dags/example_skip_dag.py
[2025-04-20T20:46:17.407+0800] {processor.py:925} INFO - DAG(s) 'example_skip_dag' retrieved from /mnt/c/Users/wu_li/OneDrive/Desktop/Airflow_pract/venv/lib/python3.9/site-packages/airflow/example_dags/example_skip_dag.py
[2025-04-20T20:46:17.495+0800] {logging_mixin.py:190} INFO - [2025-04-20T20:46:17.493+0800] {dag.py:3239} INFO - Sync 1 DAGs
[2025-04-20T20:46:17.547+0800] {logging_mixin.py:190} INFO - [2025-04-20T20:46:17.546+0800] {dag.py:4180} INFO - Setting next_dagrun for example_skip_dag to 2025-04-19 00:00:00+00:00, run_after=2025-04-20 00:00:00+00:00
[2025-04-20T20:46:17.632+0800] {processor.py:208} INFO - Processing /mnt/c/Users/wu_li/OneDrive/Desktop/Airflow_pract/venv/lib/python3.9/site-packages/airflow/example_dags/example_skip_dag.py took 0.338 seconds
[2025-04-20T20:48:02.893+0800] {processor.py:186} INFO - Started process (PID=83594) to work on /mnt/c/Users/wu_li/OneDrive/Desktop/Airflow_pract/venv/lib/python3.9/site-packages/airflow/example_dags/example_skip_dag.py
[2025-04-20T20:48:02.895+0800] {processor.py:914} INFO - Processing file /mnt/c/Users/wu_li/OneDrive/Desktop/Airflow_pract/venv/lib/python3.9/site-packages/airflow/example_dags/example_skip_dag.py for tasks to queue
[2025-04-20T20:48:02.904+0800] {logging_mixin.py:190} INFO - [2025-04-20T20:48:02.901+0800] {dagbag.py:588} INFO - Filling up the DagBag from /mnt/c/Users/wu_li/OneDrive/Desktop/Airflow_pract/venv/lib/python3.9/site-packages/airflow/example_dags/example_skip_dag.py
[2025-04-20T20:48:02.937+0800] {processor.py:925} INFO - DAG(s) 'example_skip_dag' retrieved from /mnt/c/Users/wu_li/OneDrive/Desktop/Airflow_pract/venv/lib/python3.9/site-packages/airflow/example_dags/example_skip_dag.py
[2025-04-20T20:48:02.982+0800] {logging_mixin.py:190} INFO - [2025-04-20T20:48:02.980+0800] {dag.py:3239} INFO - Sync 1 DAGs
[2025-04-20T20:48:03.048+0800] {logging_mixin.py:190} INFO - [2025-04-20T20:48:03.046+0800] {dag.py:4180} INFO - Setting next_dagrun for example_skip_dag to 2025-04-19 00:00:00+00:00, run_after=2025-04-20 00:00:00+00:00
[2025-04-20T20:48:03.135+0800] {processor.py:208} INFO - Processing /mnt/c/Users/wu_li/OneDrive/Desktop/Airflow_pract/venv/lib/python3.9/site-packages/airflow/example_dags/example_skip_dag.py took 0.261 seconds
[2025-04-20T20:49:52.694+0800] {processor.py:186} INFO - Started process (PID=84534) to work on /mnt/c/Users/wu_li/OneDrive/Desktop/Airflow_pract/venv/lib/python3.9/site-packages/airflow/example_dags/example_skip_dag.py
[2025-04-20T20:49:52.696+0800] {processor.py:914} INFO - Processing file /mnt/c/Users/wu_li/OneDrive/Desktop/Airflow_pract/venv/lib/python3.9/site-packages/airflow/example_dags/example_skip_dag.py for tasks to queue
[2025-04-20T20:49:52.703+0800] {logging_mixin.py:190} INFO - [2025-04-20T20:49:52.701+0800] {dagbag.py:588} INFO - Filling up the DagBag from /mnt/c/Users/wu_li/OneDrive/Desktop/Airflow_pract/venv/lib/python3.9/site-packages/airflow/example_dags/example_skip_dag.py
[2025-04-20T20:49:52.756+0800] {processor.py:925} INFO - DAG(s) 'example_skip_dag' retrieved from /mnt/c/Users/wu_li/OneDrive/Desktop/Airflow_pract/venv/lib/python3.9/site-packages/airflow/example_dags/example_skip_dag.py
[2025-04-20T20:49:52.829+0800] {logging_mixin.py:190} INFO - [2025-04-20T20:49:52.823+0800] {dag.py:3239} INFO - Sync 1 DAGs
[2025-04-20T20:49:52.939+0800] {logging_mixin.py:190} INFO - [2025-04-20T20:49:52.936+0800] {dag.py:4180} INFO - Setting next_dagrun for example_skip_dag to 2025-04-19 00:00:00+00:00, run_after=2025-04-20 00:00:00+00:00
[2025-04-20T20:49:53.088+0800] {processor.py:208} INFO - Processing /mnt/c/Users/wu_li/OneDrive/Desktop/Airflow_pract/venv/lib/python3.9/site-packages/airflow/example_dags/example_skip_dag.py took 0.418 seconds
[2025-04-20T20:50:54.393+0800] {processor.py:186} INFO - Started process (PID=85008) to work on /mnt/c/Users/wu_li/OneDrive/Desktop/Airflow_pract/venv/lib/python3.9/site-packages/airflow/example_dags/example_skip_dag.py
[2025-04-20T20:50:54.396+0800] {processor.py:914} INFO - Processing file /mnt/c/Users/wu_li/OneDrive/Desktop/Airflow_pract/venv/lib/python3.9/site-packages/airflow/example_dags/example_skip_dag.py for tasks to queue
[2025-04-20T20:50:54.401+0800] {logging_mixin.py:190} INFO - [2025-04-20T20:50:54.399+0800] {dagbag.py:588} INFO - Filling up the DagBag from /mnt/c/Users/wu_li/OneDrive/Desktop/Airflow_pract/venv/lib/python3.9/site-packages/airflow/example_dags/example_skip_dag.py
[2025-04-20T20:50:54.443+0800] {processor.py:925} INFO - DAG(s) 'example_skip_dag' retrieved from /mnt/c/Users/wu_li/OneDrive/Desktop/Airflow_pract/venv/lib/python3.9/site-packages/airflow/example_dags/example_skip_dag.py
[2025-04-20T20:50:54.477+0800] {logging_mixin.py:190} INFO - [2025-04-20T20:50:54.476+0800] {dag.py:3239} INFO - Sync 1 DAGs
[2025-04-20T20:50:54.541+0800] {logging_mixin.py:190} INFO - [2025-04-20T20:50:54.540+0800] {dag.py:4180} INFO - Setting next_dagrun for example_skip_dag to 2025-04-19 00:00:00+00:00, run_after=2025-04-20 00:00:00+00:00
[2025-04-20T20:50:54.675+0800] {processor.py:208} INFO - Processing /mnt/c/Users/wu_li/OneDrive/Desktop/Airflow_pract/venv/lib/python3.9/site-packages/airflow/example_dags/example_skip_dag.py took 0.310 seconds
[2025-04-20T20:52:50.131+0800] {processor.py:186} INFO - Started process (PID=85882) to work on /mnt/c/Users/wu_li/OneDrive/Desktop/Airflow_pract/venv/lib/python3.9/site-packages/airflow/example_dags/example_skip_dag.py
[2025-04-20T20:52:50.132+0800] {processor.py:914} INFO - Processing file /mnt/c/Users/wu_li/OneDrive/Desktop/Airflow_pract/venv/lib/python3.9/site-packages/airflow/example_dags/example_skip_dag.py for tasks to queue
[2025-04-20T20:52:50.134+0800] {logging_mixin.py:190} INFO - [2025-04-20T20:52:50.133+0800] {dagbag.py:588} INFO - Filling up the DagBag from /mnt/c/Users/wu_li/OneDrive/Desktop/Airflow_pract/venv/lib/python3.9/site-packages/airflow/example_dags/example_skip_dag.py
[2025-04-20T20:52:50.156+0800] {processor.py:925} INFO - DAG(s) 'example_skip_dag' retrieved from /mnt/c/Users/wu_li/OneDrive/Desktop/Airflow_pract/venv/lib/python3.9/site-packages/airflow/example_dags/example_skip_dag.py
[2025-04-20T20:52:50.190+0800] {logging_mixin.py:190} INFO - [2025-04-20T20:52:50.189+0800] {dag.py:3239} INFO - Sync 1 DAGs
[2025-04-20T20:52:50.221+0800] {logging_mixin.py:190} INFO - [2025-04-20T20:52:50.219+0800] {dag.py:4180} INFO - Setting next_dagrun for example_skip_dag to 2025-04-19 00:00:00+00:00, run_after=2025-04-20 00:00:00+00:00
[2025-04-20T20:52:50.276+0800] {processor.py:208} INFO - Processing /mnt/c/Users/wu_li/OneDrive/Desktop/Airflow_pract/venv/lib/python3.9/site-packages/airflow/example_dags/example_skip_dag.py took 0.157 seconds
[2025-04-20T20:54:19.629+0800] {processor.py:186} INFO - Started process (PID=86958) to work on /mnt/c/Users/wu_li/OneDrive/Desktop/Airflow_pract/venv/lib/python3.9/site-packages/airflow/example_dags/example_skip_dag.py
[2025-04-20T20:54:19.631+0800] {processor.py:914} INFO - Processing file /mnt/c/Users/wu_li/OneDrive/Desktop/Airflow_pract/venv/lib/python3.9/site-packages/airflow/example_dags/example_skip_dag.py for tasks to queue
[2025-04-20T20:54:19.636+0800] {logging_mixin.py:190} INFO - [2025-04-20T20:54:19.634+0800] {dagbag.py:588} INFO - Filling up the DagBag from /mnt/c/Users/wu_li/OneDrive/Desktop/Airflow_pract/venv/lib/python3.9/site-packages/airflow/example_dags/example_skip_dag.py
[2025-04-20T20:54:19.679+0800] {processor.py:925} INFO - DAG(s) 'example_skip_dag' retrieved from /mnt/c/Users/wu_li/OneDrive/Desktop/Airflow_pract/venv/lib/python3.9/site-packages/airflow/example_dags/example_skip_dag.py
[2025-04-20T20:54:19.714+0800] {logging_mixin.py:190} INFO - [2025-04-20T20:54:19.713+0800] {dag.py:3239} INFO - Sync 1 DAGs
[2025-04-20T20:54:19.772+0800] {logging_mixin.py:190} INFO - [2025-04-20T20:54:19.771+0800] {dag.py:4180} INFO - Setting next_dagrun for example_skip_dag to 2025-04-19 00:00:00+00:00, run_after=2025-04-20 00:00:00+00:00
[2025-04-20T20:54:19.848+0800] {processor.py:208} INFO - Processing /mnt/c/Users/wu_li/OneDrive/Desktop/Airflow_pract/venv/lib/python3.9/site-packages/airflow/example_dags/example_skip_dag.py took 0.236 seconds
[2025-04-20T20:55:48.407+0800] {processor.py:186} INFO - Started process (PID=87821) to work on /mnt/c/Users/wu_li/OneDrive/Desktop/Airflow_pract/venv/lib/python3.9/site-packages/airflow/example_dags/example_skip_dag.py
[2025-04-20T20:55:48.411+0800] {processor.py:914} INFO - Processing file /mnt/c/Users/wu_li/OneDrive/Desktop/Airflow_pract/venv/lib/python3.9/site-packages/airflow/example_dags/example_skip_dag.py for tasks to queue
[2025-04-20T20:55:48.414+0800] {logging_mixin.py:190} INFO - [2025-04-20T20:55:48.413+0800] {dagbag.py:588} INFO - Filling up the DagBag from /mnt/c/Users/wu_li/OneDrive/Desktop/Airflow_pract/venv/lib/python3.9/site-packages/airflow/example_dags/example_skip_dag.py
[2025-04-20T20:55:48.441+0800] {processor.py:925} INFO - DAG(s) 'example_skip_dag' retrieved from /mnt/c/Users/wu_li/OneDrive/Desktop/Airflow_pract/venv/lib/python3.9/site-packages/airflow/example_dags/example_skip_dag.py
[2025-04-20T20:55:48.481+0800] {logging_mixin.py:190} INFO - [2025-04-20T20:55:48.480+0800] {dag.py:3239} INFO - Sync 1 DAGs
[2025-04-20T20:55:48.542+0800] {logging_mixin.py:190} INFO - [2025-04-20T20:55:48.541+0800] {dag.py:4180} INFO - Setting next_dagrun for example_skip_dag to 2025-04-19 00:00:00+00:00, run_after=2025-04-20 00:00:00+00:00
[2025-04-20T20:55:48.639+0800] {processor.py:208} INFO - Processing /mnt/c/Users/wu_li/OneDrive/Desktop/Airflow_pract/venv/lib/python3.9/site-packages/airflow/example_dags/example_skip_dag.py took 0.253 seconds
[2025-04-20T20:57:19.407+0800] {processor.py:186} INFO - Started process (PID=88901) to work on /mnt/c/Users/wu_li/OneDrive/Desktop/Airflow_pract/venv/lib/python3.9/site-packages/airflow/example_dags/example_skip_dag.py
[2025-04-20T20:57:19.413+0800] {processor.py:914} INFO - Processing file /mnt/c/Users/wu_li/OneDrive/Desktop/Airflow_pract/venv/lib/python3.9/site-packages/airflow/example_dags/example_skip_dag.py for tasks to queue
[2025-04-20T20:57:19.417+0800] {logging_mixin.py:190} INFO - [2025-04-20T20:57:19.415+0800] {dagbag.py:588} INFO - Filling up the DagBag from /mnt/c/Users/wu_li/OneDrive/Desktop/Airflow_pract/venv/lib/python3.9/site-packages/airflow/example_dags/example_skip_dag.py
[2025-04-20T20:57:19.463+0800] {processor.py:925} INFO - DAG(s) 'example_skip_dag' retrieved from /mnt/c/Users/wu_li/OneDrive/Desktop/Airflow_pract/venv/lib/python3.9/site-packages/airflow/example_dags/example_skip_dag.py
[2025-04-20T20:57:19.526+0800] {logging_mixin.py:190} INFO - [2025-04-20T20:57:19.518+0800] {dag.py:3239} INFO - Sync 1 DAGs
[2025-04-20T20:57:19.587+0800] {logging_mixin.py:190} INFO - [2025-04-20T20:57:19.586+0800] {dag.py:4180} INFO - Setting next_dagrun for example_skip_dag to 2025-04-19 00:00:00+00:00, run_after=2025-04-20 00:00:00+00:00
[2025-04-20T20:57:19.715+0800] {processor.py:208} INFO - Processing /mnt/c/Users/wu_li/OneDrive/Desktop/Airflow_pract/venv/lib/python3.9/site-packages/airflow/example_dags/example_skip_dag.py took 0.331 seconds
[2025-04-20T20:58:49.828+0800] {processor.py:186} INFO - Started process (PID=89911) to work on /mnt/c/Users/wu_li/OneDrive/Desktop/Airflow_pract/venv/lib/python3.9/site-packages/airflow/example_dags/example_skip_dag.py
[2025-04-20T20:58:49.831+0800] {processor.py:914} INFO - Processing file /mnt/c/Users/wu_li/OneDrive/Desktop/Airflow_pract/venv/lib/python3.9/site-packages/airflow/example_dags/example_skip_dag.py for tasks to queue
[2025-04-20T20:58:49.834+0800] {logging_mixin.py:190} INFO - [2025-04-20T20:58:49.833+0800] {dagbag.py:588} INFO - Filling up the DagBag from /mnt/c/Users/wu_li/OneDrive/Desktop/Airflow_pract/venv/lib/python3.9/site-packages/airflow/example_dags/example_skip_dag.py
[2025-04-20T20:58:49.854+0800] {processor.py:925} INFO - DAG(s) 'example_skip_dag' retrieved from /mnt/c/Users/wu_li/OneDrive/Desktop/Airflow_pract/venv/lib/python3.9/site-packages/airflow/example_dags/example_skip_dag.py
[2025-04-20T20:58:49.879+0800] {logging_mixin.py:190} INFO - [2025-04-20T20:58:49.878+0800] {dag.py:3239} INFO - Sync 1 DAGs
[2025-04-20T20:58:49.907+0800] {logging_mixin.py:190} INFO - [2025-04-20T20:58:49.906+0800] {dag.py:4180} INFO - Setting next_dagrun for example_skip_dag to 2025-04-19 00:00:00+00:00, run_after=2025-04-20 00:00:00+00:00
[2025-04-20T20:58:49.965+0800] {processor.py:208} INFO - Processing /mnt/c/Users/wu_li/OneDrive/Desktop/Airflow_pract/venv/lib/python3.9/site-packages/airflow/example_dags/example_skip_dag.py took 0.155 seconds
[2025-04-20T21:00:13.998+0800] {processor.py:186} INFO - Started process (PID=90916) to work on /mnt/c/Users/wu_li/OneDrive/Desktop/Airflow_pract/venv/lib/python3.9/site-packages/airflow/example_dags/example_skip_dag.py
[2025-04-20T21:00:13.999+0800] {processor.py:914} INFO - Processing file /mnt/c/Users/wu_li/OneDrive/Desktop/Airflow_pract/venv/lib/python3.9/site-packages/airflow/example_dags/example_skip_dag.py for tasks to queue
[2025-04-20T21:00:14.002+0800] {logging_mixin.py:190} INFO - [2025-04-20T21:00:14.001+0800] {dagbag.py:588} INFO - Filling up the DagBag from /mnt/c/Users/wu_li/OneDrive/Desktop/Airflow_pract/venv/lib/python3.9/site-packages/airflow/example_dags/example_skip_dag.py
[2025-04-20T21:00:14.024+0800] {processor.py:925} INFO - DAG(s) 'example_skip_dag' retrieved from /mnt/c/Users/wu_li/OneDrive/Desktop/Airflow_pract/venv/lib/python3.9/site-packages/airflow/example_dags/example_skip_dag.py
[2025-04-20T21:00:14.051+0800] {logging_mixin.py:190} INFO - [2025-04-20T21:00:14.051+0800] {dag.py:3239} INFO - Sync 1 DAGs
[2025-04-20T21:00:14.080+0800] {logging_mixin.py:190} INFO - [2025-04-20T21:00:14.079+0800] {dag.py:4180} INFO - Setting next_dagrun for example_skip_dag to 2025-04-19 00:00:00+00:00, run_after=2025-04-20 00:00:00+00:00
[2025-04-20T21:00:14.140+0800] {processor.py:208} INFO - Processing /mnt/c/Users/wu_li/OneDrive/Desktop/Airflow_pract/venv/lib/python3.9/site-packages/airflow/example_dags/example_skip_dag.py took 0.153 seconds
[2025-04-20T21:01:49.045+0800] {processor.py:186} INFO - Started process (PID=91998) to work on /mnt/c/Users/wu_li/OneDrive/Desktop/Airflow_pract/venv/lib/python3.9/site-packages/airflow/example_dags/example_skip_dag.py
[2025-04-20T21:01:49.047+0800] {processor.py:914} INFO - Processing file /mnt/c/Users/wu_li/OneDrive/Desktop/Airflow_pract/venv/lib/python3.9/site-packages/airflow/example_dags/example_skip_dag.py for tasks to queue
[2025-04-20T21:01:49.050+0800] {logging_mixin.py:190} INFO - [2025-04-20T21:01:49.049+0800] {dagbag.py:588} INFO - Filling up the DagBag from /mnt/c/Users/wu_li/OneDrive/Desktop/Airflow_pract/venv/lib/python3.9/site-packages/airflow/example_dags/example_skip_dag.py
[2025-04-20T21:01:49.088+0800] {processor.py:925} INFO - DAG(s) 'example_skip_dag' retrieved from /mnt/c/Users/wu_li/OneDrive/Desktop/Airflow_pract/venv/lib/python3.9/site-packages/airflow/example_dags/example_skip_dag.py
[2025-04-20T21:01:49.146+0800] {logging_mixin.py:190} INFO - [2025-04-20T21:01:49.145+0800] {dag.py:3239} INFO - Sync 1 DAGs
[2025-04-20T21:01:49.211+0800] {logging_mixin.py:190} INFO - [2025-04-20T21:01:49.210+0800] {dag.py:4180} INFO - Setting next_dagrun for example_skip_dag to 2025-04-19 00:00:00+00:00, run_after=2025-04-20 00:00:00+00:00
[2025-04-20T21:01:49.303+0800] {processor.py:208} INFO - Processing /mnt/c/Users/wu_li/OneDrive/Desktop/Airflow_pract/venv/lib/python3.9/site-packages/airflow/example_dags/example_skip_dag.py took 0.269 seconds
[2025-04-20T21:03:14.912+0800] {processor.py:186} INFO - Started process (PID=92974) to work on /mnt/c/Users/wu_li/OneDrive/Desktop/Airflow_pract/venv/lib/python3.9/site-packages/airflow/example_dags/example_skip_dag.py
[2025-04-20T21:03:14.913+0800] {processor.py:914} INFO - Processing file /mnt/c/Users/wu_li/OneDrive/Desktop/Airflow_pract/venv/lib/python3.9/site-packages/airflow/example_dags/example_skip_dag.py for tasks to queue
[2025-04-20T21:03:14.916+0800] {logging_mixin.py:190} INFO - [2025-04-20T21:03:14.915+0800] {dagbag.py:588} INFO - Filling up the DagBag from /mnt/c/Users/wu_li/OneDrive/Desktop/Airflow_pract/venv/lib/python3.9/site-packages/airflow/example_dags/example_skip_dag.py
[2025-04-20T21:03:14.934+0800] {processor.py:925} INFO - DAG(s) 'example_skip_dag' retrieved from /mnt/c/Users/wu_li/OneDrive/Desktop/Airflow_pract/venv/lib/python3.9/site-packages/airflow/example_dags/example_skip_dag.py
[2025-04-20T21:03:14.958+0800] {logging_mixin.py:190} INFO - [2025-04-20T21:03:14.957+0800] {dag.py:3239} INFO - Sync 1 DAGs
[2025-04-20T21:03:14.981+0800] {logging_mixin.py:190} INFO - [2025-04-20T21:03:14.980+0800] {dag.py:4180} INFO - Setting next_dagrun for example_skip_dag to 2025-04-19 00:00:00+00:00, run_after=2025-04-20 00:00:00+00:00
[2025-04-20T21:03:15.030+0800] {processor.py:208} INFO - Processing /mnt/c/Users/wu_li/OneDrive/Desktop/Airflow_pract/venv/lib/python3.9/site-packages/airflow/example_dags/example_skip_dag.py took 0.130 seconds
[2025-04-20T21:04:43.523+0800] {processor.py:186} INFO - Started process (PID=94013) to work on /mnt/c/Users/wu_li/OneDrive/Desktop/Airflow_pract/venv/lib/python3.9/site-packages/airflow/example_dags/example_skip_dag.py
[2025-04-20T21:04:43.524+0800] {processor.py:914} INFO - Processing file /mnt/c/Users/wu_li/OneDrive/Desktop/Airflow_pract/venv/lib/python3.9/site-packages/airflow/example_dags/example_skip_dag.py for tasks to queue
[2025-04-20T21:04:43.526+0800] {logging_mixin.py:190} INFO - [2025-04-20T21:04:43.526+0800] {dagbag.py:588} INFO - Filling up the DagBag from /mnt/c/Users/wu_li/OneDrive/Desktop/Airflow_pract/venv/lib/python3.9/site-packages/airflow/example_dags/example_skip_dag.py
[2025-04-20T21:04:43.546+0800] {processor.py:925} INFO - DAG(s) 'example_skip_dag' retrieved from /mnt/c/Users/wu_li/OneDrive/Desktop/Airflow_pract/venv/lib/python3.9/site-packages/airflow/example_dags/example_skip_dag.py
[2025-04-20T21:04:43.573+0800] {logging_mixin.py:190} INFO - [2025-04-20T21:04:43.572+0800] {dag.py:3239} INFO - Sync 1 DAGs
[2025-04-20T21:04:43.597+0800] {logging_mixin.py:190} INFO - [2025-04-20T21:04:43.596+0800] {dag.py:4180} INFO - Setting next_dagrun for example_skip_dag to 2025-04-19 00:00:00+00:00, run_after=2025-04-20 00:00:00+00:00
[2025-04-20T21:04:43.651+0800] {processor.py:208} INFO - Processing /mnt/c/Users/wu_li/OneDrive/Desktop/Airflow_pract/venv/lib/python3.9/site-packages/airflow/example_dags/example_skip_dag.py took 0.138 seconds
[2025-04-20T21:06:14.458+0800] {processor.py:186} INFO - Started process (PID=95094) to work on /mnt/c/Users/wu_li/OneDrive/Desktop/Airflow_pract/venv/lib/python3.9/site-packages/airflow/example_dags/example_skip_dag.py
[2025-04-20T21:06:14.460+0800] {processor.py:914} INFO - Processing file /mnt/c/Users/wu_li/OneDrive/Desktop/Airflow_pract/venv/lib/python3.9/site-packages/airflow/example_dags/example_skip_dag.py for tasks to queue
[2025-04-20T21:06:14.463+0800] {logging_mixin.py:190} INFO - [2025-04-20T21:06:14.462+0800] {dagbag.py:588} INFO - Filling up the DagBag from /mnt/c/Users/wu_li/OneDrive/Desktop/Airflow_pract/venv/lib/python3.9/site-packages/airflow/example_dags/example_skip_dag.py
[2025-04-20T21:06:14.482+0800] {processor.py:925} INFO - DAG(s) 'example_skip_dag' retrieved from /mnt/c/Users/wu_li/OneDrive/Desktop/Airflow_pract/venv/lib/python3.9/site-packages/airflow/example_dags/example_skip_dag.py
[2025-04-20T21:06:14.509+0800] {logging_mixin.py:190} INFO - [2025-04-20T21:06:14.508+0800] {dag.py:3239} INFO - Sync 1 DAGs
[2025-04-20T21:06:14.536+0800] {logging_mixin.py:190} INFO - [2025-04-20T21:06:14.535+0800] {dag.py:4180} INFO - Setting next_dagrun for example_skip_dag to 2025-04-19 00:00:00+00:00, run_after=2025-04-20 00:00:00+00:00
[2025-04-20T21:06:14.597+0800] {processor.py:208} INFO - Processing /mnt/c/Users/wu_li/OneDrive/Desktop/Airflow_pract/venv/lib/python3.9/site-packages/airflow/example_dags/example_skip_dag.py took 0.149 seconds
[2025-04-20T21:07:47.406+0800] {processor.py:186} INFO - Started process (PID=96245) to work on /mnt/c/Users/wu_li/OneDrive/Desktop/Airflow_pract/venv/lib/python3.9/site-packages/airflow/example_dags/example_skip_dag.py
[2025-04-20T21:07:47.409+0800] {processor.py:914} INFO - Processing file /mnt/c/Users/wu_li/OneDrive/Desktop/Airflow_pract/venv/lib/python3.9/site-packages/airflow/example_dags/example_skip_dag.py for tasks to queue
[2025-04-20T21:07:47.413+0800] {logging_mixin.py:190} INFO - [2025-04-20T21:07:47.412+0800] {dagbag.py:588} INFO - Filling up the DagBag from /mnt/c/Users/wu_li/OneDrive/Desktop/Airflow_pract/venv/lib/python3.9/site-packages/airflow/example_dags/example_skip_dag.py
[2025-04-20T21:07:47.450+0800] {processor.py:925} INFO - DAG(s) 'example_skip_dag' retrieved from /mnt/c/Users/wu_li/OneDrive/Desktop/Airflow_pract/venv/lib/python3.9/site-packages/airflow/example_dags/example_skip_dag.py
[2025-04-20T21:07:47.497+0800] {logging_mixin.py:190} INFO - [2025-04-20T21:07:47.496+0800] {dag.py:3239} INFO - Sync 1 DAGs
[2025-04-20T21:07:47.560+0800] {logging_mixin.py:190} INFO - [2025-04-20T21:07:47.558+0800] {dag.py:4180} INFO - Setting next_dagrun for example_skip_dag to 2025-04-19 00:00:00+00:00, run_after=2025-04-20 00:00:00+00:00
[2025-04-20T21:07:47.662+0800] {processor.py:208} INFO - Processing /mnt/c/Users/wu_li/OneDrive/Desktop/Airflow_pract/venv/lib/python3.9/site-packages/airflow/example_dags/example_skip_dag.py took 0.275 seconds
[2025-04-20T21:09:17.182+0800] {processor.py:186} INFO - Started process (PID=97324) to work on /mnt/c/Users/wu_li/OneDrive/Desktop/Airflow_pract/venv/lib/python3.9/site-packages/airflow/example_dags/example_skip_dag.py
[2025-04-20T21:09:17.184+0800] {processor.py:914} INFO - Processing file /mnt/c/Users/wu_li/OneDrive/Desktop/Airflow_pract/venv/lib/python3.9/site-packages/airflow/example_dags/example_skip_dag.py for tasks to queue
[2025-04-20T21:09:17.190+0800] {logging_mixin.py:190} INFO - [2025-04-20T21:09:17.187+0800] {dagbag.py:588} INFO - Filling up the DagBag from /mnt/c/Users/wu_li/OneDrive/Desktop/Airflow_pract/venv/lib/python3.9/site-packages/airflow/example_dags/example_skip_dag.py
[2025-04-20T21:09:17.225+0800] {processor.py:925} INFO - DAG(s) 'example_skip_dag' retrieved from /mnt/c/Users/wu_li/OneDrive/Desktop/Airflow_pract/venv/lib/python3.9/site-packages/airflow/example_dags/example_skip_dag.py
[2025-04-20T21:09:17.276+0800] {logging_mixin.py:190} INFO - [2025-04-20T21:09:17.274+0800] {dag.py:3239} INFO - Sync 1 DAGs
[2025-04-20T21:09:17.345+0800] {logging_mixin.py:190} INFO - [2025-04-20T21:09:17.341+0800] {dag.py:4180} INFO - Setting next_dagrun for example_skip_dag to 2025-04-19 00:00:00+00:00, run_after=2025-04-20 00:00:00+00:00
[2025-04-20T21:09:17.457+0800] {processor.py:208} INFO - Processing /mnt/c/Users/wu_li/OneDrive/Desktop/Airflow_pract/venv/lib/python3.9/site-packages/airflow/example_dags/example_skip_dag.py took 0.293 seconds
[2025-04-20T21:10:48.659+0800] {processor.py:186} INFO - Started process (PID=98405) to work on /mnt/c/Users/wu_li/OneDrive/Desktop/Airflow_pract/venv/lib/python3.9/site-packages/airflow/example_dags/example_skip_dag.py
[2025-04-20T21:10:48.662+0800] {processor.py:914} INFO - Processing file /mnt/c/Users/wu_li/OneDrive/Desktop/Airflow_pract/venv/lib/python3.9/site-packages/airflow/example_dags/example_skip_dag.py for tasks to queue
[2025-04-20T21:10:48.666+0800] {logging_mixin.py:190} INFO - [2025-04-20T21:10:48.665+0800] {dagbag.py:588} INFO - Filling up the DagBag from /mnt/c/Users/wu_li/OneDrive/Desktop/Airflow_pract/venv/lib/python3.9/site-packages/airflow/example_dags/example_skip_dag.py
[2025-04-20T21:10:48.706+0800] {processor.py:925} INFO - DAG(s) 'example_skip_dag' retrieved from /mnt/c/Users/wu_li/OneDrive/Desktop/Airflow_pract/venv/lib/python3.9/site-packages/airflow/example_dags/example_skip_dag.py
[2025-04-20T21:10:48.760+0800] {logging_mixin.py:190} INFO - [2025-04-20T21:10:48.759+0800] {dag.py:3239} INFO - Sync 1 DAGs
[2025-04-20T21:10:48.808+0800] {logging_mixin.py:190} INFO - [2025-04-20T21:10:48.807+0800] {dag.py:4180} INFO - Setting next_dagrun for example_skip_dag to 2025-04-19 00:00:00+00:00, run_after=2025-04-20 00:00:00+00:00
[2025-04-20T21:10:48.918+0800] {processor.py:208} INFO - Processing /mnt/c/Users/wu_li/OneDrive/Desktop/Airflow_pract/venv/lib/python3.9/site-packages/airflow/example_dags/example_skip_dag.py took 0.279 seconds
[2025-04-20T21:12:21.612+0800] {processor.py:186} INFO - Started process (PID=99491) to work on /mnt/c/Users/wu_li/OneDrive/Desktop/Airflow_pract/venv/lib/python3.9/site-packages/airflow/example_dags/example_skip_dag.py
[2025-04-20T21:12:21.614+0800] {processor.py:914} INFO - Processing file /mnt/c/Users/wu_li/OneDrive/Desktop/Airflow_pract/venv/lib/python3.9/site-packages/airflow/example_dags/example_skip_dag.py for tasks to queue
[2025-04-20T21:12:21.616+0800] {logging_mixin.py:190} INFO - [2025-04-20T21:12:21.615+0800] {dagbag.py:588} INFO - Filling up the DagBag from /mnt/c/Users/wu_li/OneDrive/Desktop/Airflow_pract/venv/lib/python3.9/site-packages/airflow/example_dags/example_skip_dag.py
[2025-04-20T21:12:21.636+0800] {processor.py:925} INFO - DAG(s) 'example_skip_dag' retrieved from /mnt/c/Users/wu_li/OneDrive/Desktop/Airflow_pract/venv/lib/python3.9/site-packages/airflow/example_dags/example_skip_dag.py
[2025-04-20T21:12:21.664+0800] {logging_mixin.py:190} INFO - [2025-04-20T21:12:21.663+0800] {dag.py:3239} INFO - Sync 1 DAGs
[2025-04-20T21:12:21.689+0800] {logging_mixin.py:190} INFO - [2025-04-20T21:12:21.688+0800] {dag.py:4180} INFO - Setting next_dagrun for example_skip_dag to 2025-04-19 00:00:00+00:00, run_after=2025-04-20 00:00:00+00:00
[2025-04-20T21:12:21.742+0800] {processor.py:208} INFO - Processing /mnt/c/Users/wu_li/OneDrive/Desktop/Airflow_pract/venv/lib/python3.9/site-packages/airflow/example_dags/example_skip_dag.py took 0.141 seconds
[2025-04-20T21:13:48.784+0800] {processor.py:186} INFO - Started process (PID=100495) to work on /mnt/c/Users/wu_li/OneDrive/Desktop/Airflow_pract/venv/lib/python3.9/site-packages/airflow/example_dags/example_skip_dag.py
[2025-04-20T21:13:48.785+0800] {processor.py:914} INFO - Processing file /mnt/c/Users/wu_li/OneDrive/Desktop/Airflow_pract/venv/lib/python3.9/site-packages/airflow/example_dags/example_skip_dag.py for tasks to queue
[2025-04-20T21:13:48.788+0800] {logging_mixin.py:190} INFO - [2025-04-20T21:13:48.787+0800] {dagbag.py:588} INFO - Filling up the DagBag from /mnt/c/Users/wu_li/OneDrive/Desktop/Airflow_pract/venv/lib/python3.9/site-packages/airflow/example_dags/example_skip_dag.py
[2025-04-20T21:13:48.809+0800] {processor.py:925} INFO - DAG(s) 'example_skip_dag' retrieved from /mnt/c/Users/wu_li/OneDrive/Desktop/Airflow_pract/venv/lib/python3.9/site-packages/airflow/example_dags/example_skip_dag.py
[2025-04-20T21:13:48.836+0800] {logging_mixin.py:190} INFO - [2025-04-20T21:13:48.835+0800] {dag.py:3239} INFO - Sync 1 DAGs
[2025-04-20T21:13:48.864+0800] {logging_mixin.py:190} INFO - [2025-04-20T21:13:48.863+0800] {dag.py:4180} INFO - Setting next_dagrun for example_skip_dag to 2025-04-19 00:00:00+00:00, run_after=2025-04-20 00:00:00+00:00
[2025-04-20T21:13:48.927+0800] {processor.py:208} INFO - Processing /mnt/c/Users/wu_li/OneDrive/Desktop/Airflow_pract/venv/lib/python3.9/site-packages/airflow/example_dags/example_skip_dag.py took 0.156 seconds
[2025-04-20T21:15:19.963+0800] {processor.py:186} INFO - Started process (PID=101573) to work on /mnt/c/Users/wu_li/OneDrive/Desktop/Airflow_pract/venv/lib/python3.9/site-packages/airflow/example_dags/example_skip_dag.py
[2025-04-20T21:15:19.967+0800] {processor.py:914} INFO - Processing file /mnt/c/Users/wu_li/OneDrive/Desktop/Airflow_pract/venv/lib/python3.9/site-packages/airflow/example_dags/example_skip_dag.py for tasks to queue
[2025-04-20T21:15:19.972+0800] {logging_mixin.py:190} INFO - [2025-04-20T21:15:19.970+0800] {dagbag.py:588} INFO - Filling up the DagBag from /mnt/c/Users/wu_li/OneDrive/Desktop/Airflow_pract/venv/lib/python3.9/site-packages/airflow/example_dags/example_skip_dag.py
[2025-04-20T21:15:20.015+0800] {processor.py:925} INFO - DAG(s) 'example_skip_dag' retrieved from /mnt/c/Users/wu_li/OneDrive/Desktop/Airflow_pract/venv/lib/python3.9/site-packages/airflow/example_dags/example_skip_dag.py
[2025-04-20T21:15:20.083+0800] {logging_mixin.py:190} INFO - [2025-04-20T21:15:20.082+0800] {dag.py:3239} INFO - Sync 1 DAGs
[2025-04-20T21:15:20.158+0800] {logging_mixin.py:190} INFO - [2025-04-20T21:15:20.156+0800] {dag.py:4180} INFO - Setting next_dagrun for example_skip_dag to 2025-04-19 00:00:00+00:00, run_after=2025-04-20 00:00:00+00:00
[2025-04-20T21:15:20.247+0800] {processor.py:208} INFO - Processing /mnt/c/Users/wu_li/OneDrive/Desktop/Airflow_pract/venv/lib/python3.9/site-packages/airflow/example_dags/example_skip_dag.py took 0.303 seconds
[2025-04-20T21:16:51.706+0800] {processor.py:186} INFO - Started process (PID=102586) to work on /mnt/c/Users/wu_li/OneDrive/Desktop/Airflow_pract/venv/lib/python3.9/site-packages/airflow/example_dags/example_skip_dag.py
[2025-04-20T21:16:51.708+0800] {processor.py:914} INFO - Processing file /mnt/c/Users/wu_li/OneDrive/Desktop/Airflow_pract/venv/lib/python3.9/site-packages/airflow/example_dags/example_skip_dag.py for tasks to queue
[2025-04-20T21:16:51.711+0800] {logging_mixin.py:190} INFO - [2025-04-20T21:16:51.710+0800] {dagbag.py:588} INFO - Filling up the DagBag from /mnt/c/Users/wu_li/OneDrive/Desktop/Airflow_pract/venv/lib/python3.9/site-packages/airflow/example_dags/example_skip_dag.py
[2025-04-20T21:16:51.733+0800] {processor.py:925} INFO - DAG(s) 'example_skip_dag' retrieved from /mnt/c/Users/wu_li/OneDrive/Desktop/Airflow_pract/venv/lib/python3.9/site-packages/airflow/example_dags/example_skip_dag.py
[2025-04-20T21:16:51.760+0800] {logging_mixin.py:190} INFO - [2025-04-20T21:16:51.759+0800] {dag.py:3239} INFO - Sync 1 DAGs
[2025-04-20T21:16:51.786+0800] {logging_mixin.py:190} INFO - [2025-04-20T21:16:51.785+0800] {dag.py:4180} INFO - Setting next_dagrun for example_skip_dag to 2025-04-19 00:00:00+00:00, run_after=2025-04-20 00:00:00+00:00
[2025-04-20T21:16:51.849+0800] {processor.py:208} INFO - Processing /mnt/c/Users/wu_li/OneDrive/Desktop/Airflow_pract/venv/lib/python3.9/site-packages/airflow/example_dags/example_skip_dag.py took 0.154 seconds
[2025-04-20T21:18:16.824+0800] {processor.py:186} INFO - Started process (PID=103663) to work on /mnt/c/Users/wu_li/OneDrive/Desktop/Airflow_pract/venv/lib/python3.9/site-packages/airflow/example_dags/example_skip_dag.py
[2025-04-20T21:18:16.827+0800] {processor.py:914} INFO - Processing file /mnt/c/Users/wu_li/OneDrive/Desktop/Airflow_pract/venv/lib/python3.9/site-packages/airflow/example_dags/example_skip_dag.py for tasks to queue
[2025-04-20T21:18:16.832+0800] {logging_mixin.py:190} INFO - [2025-04-20T21:18:16.830+0800] {dagbag.py:588} INFO - Filling up the DagBag from /mnt/c/Users/wu_li/OneDrive/Desktop/Airflow_pract/venv/lib/python3.9/site-packages/airflow/example_dags/example_skip_dag.py
[2025-04-20T21:18:16.863+0800] {processor.py:925} INFO - DAG(s) 'example_skip_dag' retrieved from /mnt/c/Users/wu_li/OneDrive/Desktop/Airflow_pract/venv/lib/python3.9/site-packages/airflow/example_dags/example_skip_dag.py
[2025-04-20T21:18:16.915+0800] {logging_mixin.py:190} INFO - [2025-04-20T21:18:16.914+0800] {dag.py:3239} INFO - Sync 1 DAGs
[2025-04-20T21:18:16.978+0800] {logging_mixin.py:190} INFO - [2025-04-20T21:18:16.975+0800] {dag.py:4180} INFO - Setting next_dagrun for example_skip_dag to 2025-04-19 00:00:00+00:00, run_after=2025-04-20 00:00:00+00:00
[2025-04-20T21:18:17.064+0800] {processor.py:208} INFO - Processing /mnt/c/Users/wu_li/OneDrive/Desktop/Airflow_pract/venv/lib/python3.9/site-packages/airflow/example_dags/example_skip_dag.py took 0.257 seconds
[2025-04-20T21:19:46.821+0800] {processor.py:186} INFO - Started process (PID=104671) to work on /mnt/c/Users/wu_li/OneDrive/Desktop/Airflow_pract/venv/lib/python3.9/site-packages/airflow/example_dags/example_skip_dag.py
[2025-04-20T21:19:46.823+0800] {processor.py:914} INFO - Processing file /mnt/c/Users/wu_li/OneDrive/Desktop/Airflow_pract/venv/lib/python3.9/site-packages/airflow/example_dags/example_skip_dag.py for tasks to queue
[2025-04-20T21:19:46.825+0800] {logging_mixin.py:190} INFO - [2025-04-20T21:19:46.824+0800] {dagbag.py:588} INFO - Filling up the DagBag from /mnt/c/Users/wu_li/OneDrive/Desktop/Airflow_pract/venv/lib/python3.9/site-packages/airflow/example_dags/example_skip_dag.py
[2025-04-20T21:19:46.849+0800] {processor.py:925} INFO - DAG(s) 'example_skip_dag' retrieved from /mnt/c/Users/wu_li/OneDrive/Desktop/Airflow_pract/venv/lib/python3.9/site-packages/airflow/example_dags/example_skip_dag.py
[2025-04-20T21:19:46.874+0800] {logging_mixin.py:190} INFO - [2025-04-20T21:19:46.874+0800] {dag.py:3239} INFO - Sync 1 DAGs
[2025-04-20T21:19:46.899+0800] {logging_mixin.py:190} INFO - [2025-04-20T21:19:46.898+0800] {dag.py:4180} INFO - Setting next_dagrun for example_skip_dag to 2025-04-19 00:00:00+00:00, run_after=2025-04-20 00:00:00+00:00
[2025-04-20T21:19:46.953+0800] {processor.py:208} INFO - Processing /mnt/c/Users/wu_li/OneDrive/Desktop/Airflow_pract/venv/lib/python3.9/site-packages/airflow/example_dags/example_skip_dag.py took 0.143 seconds
[2025-04-20T21:21:19.040+0800] {processor.py:186} INFO - Started process (PID=105749) to work on /mnt/c/Users/wu_li/OneDrive/Desktop/Airflow_pract/venv/lib/python3.9/site-packages/airflow/example_dags/example_skip_dag.py
[2025-04-20T21:21:19.043+0800] {processor.py:914} INFO - Processing file /mnt/c/Users/wu_li/OneDrive/Desktop/Airflow_pract/venv/lib/python3.9/site-packages/airflow/example_dags/example_skip_dag.py for tasks to queue
[2025-04-20T21:21:19.048+0800] {logging_mixin.py:190} INFO - [2025-04-20T21:21:19.046+0800] {dagbag.py:588} INFO - Filling up the DagBag from /mnt/c/Users/wu_li/OneDrive/Desktop/Airflow_pract/venv/lib/python3.9/site-packages/airflow/example_dags/example_skip_dag.py
[2025-04-20T21:21:19.080+0800] {processor.py:925} INFO - DAG(s) 'example_skip_dag' retrieved from /mnt/c/Users/wu_li/OneDrive/Desktop/Airflow_pract/venv/lib/python3.9/site-packages/airflow/example_dags/example_skip_dag.py
[2025-04-20T21:21:19.129+0800] {logging_mixin.py:190} INFO - [2025-04-20T21:21:19.128+0800] {dag.py:3239} INFO - Sync 1 DAGs
[2025-04-20T21:21:19.207+0800] {logging_mixin.py:190} INFO - [2025-04-20T21:21:19.206+0800] {dag.py:4180} INFO - Setting next_dagrun for example_skip_dag to 2025-04-19 00:00:00+00:00, run_after=2025-04-20 00:00:00+00:00
[2025-04-20T21:21:19.307+0800] {processor.py:208} INFO - Processing /mnt/c/Users/wu_li/OneDrive/Desktop/Airflow_pract/venv/lib/python3.9/site-packages/airflow/example_dags/example_skip_dag.py took 0.287 seconds
[2025-04-20T21:22:52.384+0800] {processor.py:186} INFO - Started process (PID=106729) to work on /mnt/c/Users/wu_li/OneDrive/Desktop/Airflow_pract/venv/lib/python3.9/site-packages/airflow/example_dags/example_skip_dag.py
[2025-04-20T21:22:52.386+0800] {processor.py:914} INFO - Processing file /mnt/c/Users/wu_li/OneDrive/Desktop/Airflow_pract/venv/lib/python3.9/site-packages/airflow/example_dags/example_skip_dag.py for tasks to queue
[2025-04-20T21:22:52.390+0800] {logging_mixin.py:190} INFO - [2025-04-20T21:22:52.389+0800] {dagbag.py:588} INFO - Filling up the DagBag from /mnt/c/Users/wu_li/OneDrive/Desktop/Airflow_pract/venv/lib/python3.9/site-packages/airflow/example_dags/example_skip_dag.py
[2025-04-20T21:22:52.417+0800] {processor.py:925} INFO - DAG(s) 'example_skip_dag' retrieved from /mnt/c/Users/wu_li/OneDrive/Desktop/Airflow_pract/venv/lib/python3.9/site-packages/airflow/example_dags/example_skip_dag.py
[2025-04-20T21:22:52.448+0800] {logging_mixin.py:190} INFO - [2025-04-20T21:22:52.447+0800] {dag.py:3239} INFO - Sync 1 DAGs
[2025-04-20T21:22:52.476+0800] {logging_mixin.py:190} INFO - [2025-04-20T21:22:52.475+0800] {dag.py:4180} INFO - Setting next_dagrun for example_skip_dag to 2025-04-19 00:00:00+00:00, run_after=2025-04-20 00:00:00+00:00
[2025-04-20T21:22:52.533+0800] {processor.py:208} INFO - Processing /mnt/c/Users/wu_li/OneDrive/Desktop/Airflow_pract/venv/lib/python3.9/site-packages/airflow/example_dags/example_skip_dag.py took 0.164 seconds
[2025-04-20T21:24:21.457+0800] {processor.py:186} INFO - Started process (PID=107766) to work on /mnt/c/Users/wu_li/OneDrive/Desktop/Airflow_pract/venv/lib/python3.9/site-packages/airflow/example_dags/example_skip_dag.py
[2025-04-20T21:24:21.460+0800] {processor.py:914} INFO - Processing file /mnt/c/Users/wu_li/OneDrive/Desktop/Airflow_pract/venv/lib/python3.9/site-packages/airflow/example_dags/example_skip_dag.py for tasks to queue
[2025-04-20T21:24:21.464+0800] {logging_mixin.py:190} INFO - [2025-04-20T21:24:21.462+0800] {dagbag.py:588} INFO - Filling up the DagBag from /mnt/c/Users/wu_li/OneDrive/Desktop/Airflow_pract/venv/lib/python3.9/site-packages/airflow/example_dags/example_skip_dag.py
[2025-04-20T21:24:21.501+0800] {processor.py:925} INFO - DAG(s) 'example_skip_dag' retrieved from /mnt/c/Users/wu_li/OneDrive/Desktop/Airflow_pract/venv/lib/python3.9/site-packages/airflow/example_dags/example_skip_dag.py
[2025-04-20T21:24:21.557+0800] {logging_mixin.py:190} INFO - [2025-04-20T21:24:21.556+0800] {dag.py:3239} INFO - Sync 1 DAGs
[2025-04-20T21:24:21.628+0800] {logging_mixin.py:190} INFO - [2025-04-20T21:24:21.627+0800] {dag.py:4180} INFO - Setting next_dagrun for example_skip_dag to 2025-04-19 00:00:00+00:00, run_after=2025-04-20 00:00:00+00:00
[2025-04-20T21:24:21.707+0800] {processor.py:208} INFO - Processing /mnt/c/Users/wu_li/OneDrive/Desktop/Airflow_pract/venv/lib/python3.9/site-packages/airflow/example_dags/example_skip_dag.py took 0.268 seconds
[2025-04-20T21:25:52.365+0800] {processor.py:186} INFO - Started process (PID=108776) to work on /mnt/c/Users/wu_li/OneDrive/Desktop/Airflow_pract/venv/lib/python3.9/site-packages/airflow/example_dags/example_skip_dag.py
[2025-04-20T21:25:52.367+0800] {processor.py:914} INFO - Processing file /mnt/c/Users/wu_li/OneDrive/Desktop/Airflow_pract/venv/lib/python3.9/site-packages/airflow/example_dags/example_skip_dag.py for tasks to queue
[2025-04-20T21:25:52.369+0800] {logging_mixin.py:190} INFO - [2025-04-20T21:25:52.368+0800] {dagbag.py:588} INFO - Filling up the DagBag from /mnt/c/Users/wu_li/OneDrive/Desktop/Airflow_pract/venv/lib/python3.9/site-packages/airflow/example_dags/example_skip_dag.py
[2025-04-20T21:25:52.391+0800] {processor.py:925} INFO - DAG(s) 'example_skip_dag' retrieved from /mnt/c/Users/wu_li/OneDrive/Desktop/Airflow_pract/venv/lib/python3.9/site-packages/airflow/example_dags/example_skip_dag.py
[2025-04-20T21:25:52.420+0800] {logging_mixin.py:190} INFO - [2025-04-20T21:25:52.419+0800] {dag.py:3239} INFO - Sync 1 DAGs
[2025-04-20T21:25:52.448+0800] {logging_mixin.py:190} INFO - [2025-04-20T21:25:52.447+0800] {dag.py:4180} INFO - Setting next_dagrun for example_skip_dag to 2025-04-19 00:00:00+00:00, run_after=2025-04-20 00:00:00+00:00
[2025-04-20T21:25:52.505+0800] {processor.py:208} INFO - Processing /mnt/c/Users/wu_li/OneDrive/Desktop/Airflow_pract/venv/lib/python3.9/site-packages/airflow/example_dags/example_skip_dag.py took 0.152 seconds
[2025-04-20T21:27:20.528+0800] {processor.py:186} INFO - Started process (PID=109783) to work on /mnt/c/Users/wu_li/OneDrive/Desktop/Airflow_pract/venv/lib/python3.9/site-packages/airflow/example_dags/example_skip_dag.py
[2025-04-20T21:27:20.530+0800] {processor.py:914} INFO - Processing file /mnt/c/Users/wu_li/OneDrive/Desktop/Airflow_pract/venv/lib/python3.9/site-packages/airflow/example_dags/example_skip_dag.py for tasks to queue
[2025-04-20T21:27:20.532+0800] {logging_mixin.py:190} INFO - [2025-04-20T21:27:20.531+0800] {dagbag.py:588} INFO - Filling up the DagBag from /mnt/c/Users/wu_li/OneDrive/Desktop/Airflow_pract/venv/lib/python3.9/site-packages/airflow/example_dags/example_skip_dag.py
[2025-04-20T21:27:20.553+0800] {processor.py:925} INFO - DAG(s) 'example_skip_dag' retrieved from /mnt/c/Users/wu_li/OneDrive/Desktop/Airflow_pract/venv/lib/python3.9/site-packages/airflow/example_dags/example_skip_dag.py
[2025-04-20T21:27:20.580+0800] {logging_mixin.py:190} INFO - [2025-04-20T21:27:20.579+0800] {dag.py:3239} INFO - Sync 1 DAGs
[2025-04-20T21:27:20.614+0800] {logging_mixin.py:190} INFO - [2025-04-20T21:27:20.613+0800] {dag.py:4180} INFO - Setting next_dagrun for example_skip_dag to 2025-04-19 00:00:00+00:00, run_after=2025-04-20 00:00:00+00:00
[2025-04-20T21:27:20.672+0800] {processor.py:208} INFO - Processing /mnt/c/Users/wu_li/OneDrive/Desktop/Airflow_pract/venv/lib/python3.9/site-packages/airflow/example_dags/example_skip_dag.py took 0.155 seconds
[2025-04-20T21:28:53.431+0800] {processor.py:186} INFO - Started process (PID=110904) to work on /mnt/c/Users/wu_li/OneDrive/Desktop/Airflow_pract/venv/lib/python3.9/site-packages/airflow/example_dags/example_skip_dag.py
[2025-04-20T21:28:53.433+0800] {processor.py:914} INFO - Processing file /mnt/c/Users/wu_li/OneDrive/Desktop/Airflow_pract/venv/lib/python3.9/site-packages/airflow/example_dags/example_skip_dag.py for tasks to queue
[2025-04-20T21:28:53.435+0800] {logging_mixin.py:190} INFO - [2025-04-20T21:28:53.434+0800] {dagbag.py:588} INFO - Filling up the DagBag from /mnt/c/Users/wu_li/OneDrive/Desktop/Airflow_pract/venv/lib/python3.9/site-packages/airflow/example_dags/example_skip_dag.py
[2025-04-20T21:28:53.458+0800] {processor.py:925} INFO - DAG(s) 'example_skip_dag' retrieved from /mnt/c/Users/wu_li/OneDrive/Desktop/Airflow_pract/venv/lib/python3.9/site-packages/airflow/example_dags/example_skip_dag.py
[2025-04-20T21:28:53.488+0800] {logging_mixin.py:190} INFO - [2025-04-20T21:28:53.487+0800] {dag.py:3239} INFO - Sync 1 DAGs
[2025-04-20T21:28:53.544+0800] {logging_mixin.py:190} INFO - [2025-04-20T21:28:53.543+0800] {dag.py:4180} INFO - Setting next_dagrun for example_skip_dag to 2025-04-19 00:00:00+00:00, run_after=2025-04-20 00:00:00+00:00
[2025-04-20T21:28:53.655+0800] {processor.py:208} INFO - Processing /mnt/c/Users/wu_li/OneDrive/Desktop/Airflow_pract/venv/lib/python3.9/site-packages/airflow/example_dags/example_skip_dag.py took 0.234 seconds
[2025-04-20T21:30:23.613+0800] {processor.py:186} INFO - Started process (PID=111942) to work on /mnt/c/Users/wu_li/OneDrive/Desktop/Airflow_pract/venv/lib/python3.9/site-packages/airflow/example_dags/example_skip_dag.py
[2025-04-20T21:30:23.615+0800] {processor.py:914} INFO - Processing file /mnt/c/Users/wu_li/OneDrive/Desktop/Airflow_pract/venv/lib/python3.9/site-packages/airflow/example_dags/example_skip_dag.py for tasks to queue
[2025-04-20T21:30:23.618+0800] {logging_mixin.py:190} INFO - [2025-04-20T21:30:23.617+0800] {dagbag.py:588} INFO - Filling up the DagBag from /mnt/c/Users/wu_li/OneDrive/Desktop/Airflow_pract/venv/lib/python3.9/site-packages/airflow/example_dags/example_skip_dag.py
[2025-04-20T21:30:23.646+0800] {processor.py:925} INFO - DAG(s) 'example_skip_dag' retrieved from /mnt/c/Users/wu_li/OneDrive/Desktop/Airflow_pract/venv/lib/python3.9/site-packages/airflow/example_dags/example_skip_dag.py
[2025-04-20T21:30:23.675+0800] {logging_mixin.py:190} INFO - [2025-04-20T21:30:23.674+0800] {dag.py:3239} INFO - Sync 1 DAGs
[2025-04-20T21:30:23.702+0800] {logging_mixin.py:190} INFO - [2025-04-20T21:30:23.701+0800] {dag.py:4180} INFO - Setting next_dagrun for example_skip_dag to 2025-04-19 00:00:00+00:00, run_after=2025-04-20 00:00:00+00:00
[2025-04-20T21:30:23.754+0800] {processor.py:208} INFO - Processing /mnt/c/Users/wu_li/OneDrive/Desktop/Airflow_pract/venv/lib/python3.9/site-packages/airflow/example_dags/example_skip_dag.py took 0.152 seconds
[2025-04-20T21:31:58.111+0800] {processor.py:186} INFO - Started process (PID=113023) to work on /mnt/c/Users/wu_li/OneDrive/Desktop/Airflow_pract/venv/lib/python3.9/site-packages/airflow/example_dags/example_skip_dag.py
[2025-04-20T21:31:58.113+0800] {processor.py:914} INFO - Processing file /mnt/c/Users/wu_li/OneDrive/Desktop/Airflow_pract/venv/lib/python3.9/site-packages/airflow/example_dags/example_skip_dag.py for tasks to queue
[2025-04-20T21:31:58.117+0800] {logging_mixin.py:190} INFO - [2025-04-20T21:31:58.116+0800] {dagbag.py:588} INFO - Filling up the DagBag from /mnt/c/Users/wu_li/OneDrive/Desktop/Airflow_pract/venv/lib/python3.9/site-packages/airflow/example_dags/example_skip_dag.py
[2025-04-20T21:31:58.155+0800] {processor.py:925} INFO - DAG(s) 'example_skip_dag' retrieved from /mnt/c/Users/wu_li/OneDrive/Desktop/Airflow_pract/venv/lib/python3.9/site-packages/airflow/example_dags/example_skip_dag.py
[2025-04-20T21:31:58.210+0800] {logging_mixin.py:190} INFO - [2025-04-20T21:31:58.209+0800] {dag.py:3239} INFO - Sync 1 DAGs
[2025-04-20T21:31:58.286+0800] {logging_mixin.py:190} INFO - [2025-04-20T21:31:58.285+0800] {dag.py:4180} INFO - Setting next_dagrun for example_skip_dag to 2025-04-19 00:00:00+00:00, run_after=2025-04-20 00:00:00+00:00
[2025-04-20T21:31:58.385+0800] {processor.py:208} INFO - Processing /mnt/c/Users/wu_li/OneDrive/Desktop/Airflow_pract/venv/lib/python3.9/site-packages/airflow/example_dags/example_skip_dag.py took 0.294 seconds
[2025-04-20T21:33:27.148+0800] {processor.py:186} INFO - Started process (PID=114032) to work on /mnt/c/Users/wu_li/OneDrive/Desktop/Airflow_pract/venv/lib/python3.9/site-packages/airflow/example_dags/example_skip_dag.py
[2025-04-20T21:33:27.150+0800] {processor.py:914} INFO - Processing file /mnt/c/Users/wu_li/OneDrive/Desktop/Airflow_pract/venv/lib/python3.9/site-packages/airflow/example_dags/example_skip_dag.py for tasks to queue
[2025-04-20T21:33:27.152+0800] {logging_mixin.py:190} INFO - [2025-04-20T21:33:27.151+0800] {dagbag.py:588} INFO - Filling up the DagBag from /mnt/c/Users/wu_li/OneDrive/Desktop/Airflow_pract/venv/lib/python3.9/site-packages/airflow/example_dags/example_skip_dag.py
[2025-04-20T21:33:27.172+0800] {processor.py:925} INFO - DAG(s) 'example_skip_dag' retrieved from /mnt/c/Users/wu_li/OneDrive/Desktop/Airflow_pract/venv/lib/python3.9/site-packages/airflow/example_dags/example_skip_dag.py
[2025-04-20T21:33:27.199+0800] {logging_mixin.py:190} INFO - [2025-04-20T21:33:27.198+0800] {dag.py:3239} INFO - Sync 1 DAGs
[2025-04-20T21:33:27.326+0800] {logging_mixin.py:190} INFO - [2025-04-20T21:33:27.325+0800] {dag.py:4180} INFO - Setting next_dagrun for example_skip_dag to 2025-04-19 00:00:00+00:00, run_after=2025-04-20 00:00:00+00:00
[2025-04-20T21:33:27.373+0800] {processor.py:208} INFO - Processing /mnt/c/Users/wu_li/OneDrive/Desktop/Airflow_pract/venv/lib/python3.9/site-packages/airflow/example_dags/example_skip_dag.py took 0.236 seconds
[2025-04-20T21:34:59.738+0800] {processor.py:186} INFO - Started process (PID=115181) to work on /mnt/c/Users/wu_li/OneDrive/Desktop/Airflow_pract/venv/lib/python3.9/site-packages/airflow/example_dags/example_skip_dag.py
[2025-04-20T21:34:59.741+0800] {processor.py:914} INFO - Processing file /mnt/c/Users/wu_li/OneDrive/Desktop/Airflow_pract/venv/lib/python3.9/site-packages/airflow/example_dags/example_skip_dag.py for tasks to queue
[2025-04-20T21:34:59.747+0800] {logging_mixin.py:190} INFO - [2025-04-20T21:34:59.743+0800] {dagbag.py:588} INFO - Filling up the DagBag from /mnt/c/Users/wu_li/OneDrive/Desktop/Airflow_pract/venv/lib/python3.9/site-packages/airflow/example_dags/example_skip_dag.py
[2025-04-20T21:34:59.780+0800] {processor.py:925} INFO - DAG(s) 'example_skip_dag' retrieved from /mnt/c/Users/wu_li/OneDrive/Desktop/Airflow_pract/venv/lib/python3.9/site-packages/airflow/example_dags/example_skip_dag.py
[2025-04-20T21:34:59.830+0800] {logging_mixin.py:190} INFO - [2025-04-20T21:34:59.828+0800] {dag.py:3239} INFO - Sync 1 DAGs
[2025-04-20T21:35:00.153+0800] {logging_mixin.py:190} INFO - [2025-04-20T21:35:00.152+0800] {dag.py:4180} INFO - Setting next_dagrun for example_skip_dag to 2025-04-19 00:00:00+00:00, run_after=2025-04-20 00:00:00+00:00
[2025-04-20T21:35:00.249+0800] {processor.py:208} INFO - Processing /mnt/c/Users/wu_li/OneDrive/Desktop/Airflow_pract/venv/lib/python3.9/site-packages/airflow/example_dags/example_skip_dag.py took 0.530 seconds
[2025-04-20T21:36:39.462+0800] {processor.py:186} INFO - Started process (PID=116335) to work on /mnt/c/Users/wu_li/OneDrive/Desktop/Airflow_pract/venv/lib/python3.9/site-packages/airflow/example_dags/example_skip_dag.py
[2025-04-20T21:36:39.464+0800] {processor.py:914} INFO - Processing file /mnt/c/Users/wu_li/OneDrive/Desktop/Airflow_pract/venv/lib/python3.9/site-packages/airflow/example_dags/example_skip_dag.py for tasks to queue
[2025-04-20T21:36:39.469+0800] {logging_mixin.py:190} INFO - [2025-04-20T21:36:39.468+0800] {dagbag.py:588} INFO - Filling up the DagBag from /mnt/c/Users/wu_li/OneDrive/Desktop/Airflow_pract/venv/lib/python3.9/site-packages/airflow/example_dags/example_skip_dag.py
[2025-04-20T21:36:39.504+0800] {processor.py:925} INFO - DAG(s) 'example_skip_dag' retrieved from /mnt/c/Users/wu_li/OneDrive/Desktop/Airflow_pract/venv/lib/python3.9/site-packages/airflow/example_dags/example_skip_dag.py
[2025-04-20T21:36:39.564+0800] {logging_mixin.py:190} INFO - [2025-04-20T21:36:39.561+0800] {dag.py:3239} INFO - Sync 1 DAGs
[2025-04-20T21:36:39.850+0800] {logging_mixin.py:190} INFO - [2025-04-20T21:36:39.849+0800] {dag.py:4180} INFO - Setting next_dagrun for example_skip_dag to 2025-04-19 00:00:00+00:00, run_after=2025-04-20 00:00:00+00:00
[2025-04-20T21:36:39.948+0800] {processor.py:208} INFO - Processing /mnt/c/Users/wu_li/OneDrive/Desktop/Airflow_pract/venv/lib/python3.9/site-packages/airflow/example_dags/example_skip_dag.py took 0.509 seconds
[2025-04-20T21:38:29.989+0800] {processor.py:186} INFO - Started process (PID=117309) to work on /mnt/c/Users/wu_li/OneDrive/Desktop/Airflow_pract/venv/lib/python3.9/site-packages/airflow/example_dags/example_skip_dag.py
[2025-04-20T21:38:29.991+0800] {processor.py:914} INFO - Processing file /mnt/c/Users/wu_li/OneDrive/Desktop/Airflow_pract/venv/lib/python3.9/site-packages/airflow/example_dags/example_skip_dag.py for tasks to queue
[2025-04-20T21:38:29.993+0800] {logging_mixin.py:190} INFO - [2025-04-20T21:38:29.992+0800] {dagbag.py:588} INFO - Filling up the DagBag from /mnt/c/Users/wu_li/OneDrive/Desktop/Airflow_pract/venv/lib/python3.9/site-packages/airflow/example_dags/example_skip_dag.py
[2025-04-20T21:38:30.014+0800] {processor.py:925} INFO - DAG(s) 'example_skip_dag' retrieved from /mnt/c/Users/wu_li/OneDrive/Desktop/Airflow_pract/venv/lib/python3.9/site-packages/airflow/example_dags/example_skip_dag.py
[2025-04-20T21:38:30.041+0800] {logging_mixin.py:190} INFO - [2025-04-20T21:38:30.040+0800] {dag.py:3239} INFO - Sync 1 DAGs
[2025-04-20T21:38:30.154+0800] {logging_mixin.py:190} INFO - [2025-04-20T21:38:30.153+0800] {dag.py:4180} INFO - Setting next_dagrun for example_skip_dag to 2025-04-19 00:00:00+00:00, run_after=2025-04-20 00:00:00+00:00
[2025-04-20T21:38:30.213+0800] {processor.py:208} INFO - Processing /mnt/c/Users/wu_li/OneDrive/Desktop/Airflow_pract/venv/lib/python3.9/site-packages/airflow/example_dags/example_skip_dag.py took 0.235 seconds
[2025-04-20T21:39:58.730+0800] {processor.py:186} INFO - Started process (PID=118259) to work on /mnt/c/Users/wu_li/OneDrive/Desktop/Airflow_pract/venv/lib/python3.9/site-packages/airflow/example_dags/example_skip_dag.py
[2025-04-20T21:39:58.732+0800] {processor.py:914} INFO - Processing file /mnt/c/Users/wu_li/OneDrive/Desktop/Airflow_pract/venv/lib/python3.9/site-packages/airflow/example_dags/example_skip_dag.py for tasks to queue
[2025-04-20T21:39:58.735+0800] {logging_mixin.py:190} INFO - [2025-04-20T21:39:58.734+0800] {dagbag.py:588} INFO - Filling up the DagBag from /mnt/c/Users/wu_li/OneDrive/Desktop/Airflow_pract/venv/lib/python3.9/site-packages/airflow/example_dags/example_skip_dag.py
[2025-04-20T21:39:58.759+0800] {processor.py:925} INFO - DAG(s) 'example_skip_dag' retrieved from /mnt/c/Users/wu_li/OneDrive/Desktop/Airflow_pract/venv/lib/python3.9/site-packages/airflow/example_dags/example_skip_dag.py
[2025-04-20T21:39:58.791+0800] {logging_mixin.py:190} INFO - [2025-04-20T21:39:58.790+0800] {dag.py:3239} INFO - Sync 1 DAGs
[2025-04-20T21:39:58.821+0800] {logging_mixin.py:190} INFO - [2025-04-20T21:39:58.820+0800] {dag.py:4180} INFO - Setting next_dagrun for example_skip_dag to 2025-04-19 00:00:00+00:00, run_after=2025-04-20 00:00:00+00:00
[2025-04-20T21:39:58.889+0800] {processor.py:208} INFO - Processing /mnt/c/Users/wu_li/OneDrive/Desktop/Airflow_pract/venv/lib/python3.9/site-packages/airflow/example_dags/example_skip_dag.py took 0.171 seconds
[2025-04-20T21:41:26.102+0800] {processor.py:186} INFO - Started process (PID=119376) to work on /mnt/c/Users/wu_li/OneDrive/Desktop/Airflow_pract/venv/lib/python3.9/site-packages/airflow/example_dags/example_skip_dag.py
[2025-04-20T21:41:26.107+0800] {processor.py:914} INFO - Processing file /mnt/c/Users/wu_li/OneDrive/Desktop/Airflow_pract/venv/lib/python3.9/site-packages/airflow/example_dags/example_skip_dag.py for tasks to queue
[2025-04-20T21:41:26.113+0800] {logging_mixin.py:190} INFO - [2025-04-20T21:41:26.111+0800] {dagbag.py:588} INFO - Filling up the DagBag from /mnt/c/Users/wu_li/OneDrive/Desktop/Airflow_pract/venv/lib/python3.9/site-packages/airflow/example_dags/example_skip_dag.py
[2025-04-20T21:41:26.149+0800] {processor.py:925} INFO - DAG(s) 'example_skip_dag' retrieved from /mnt/c/Users/wu_li/OneDrive/Desktop/Airflow_pract/venv/lib/python3.9/site-packages/airflow/example_dags/example_skip_dag.py
[2025-04-20T21:41:26.202+0800] {logging_mixin.py:190} INFO - [2025-04-20T21:41:26.201+0800] {dag.py:3239} INFO - Sync 1 DAGs
[2025-04-20T21:41:26.286+0800] {logging_mixin.py:190} INFO - [2025-04-20T21:41:26.282+0800] {dag.py:4180} INFO - Setting next_dagrun for example_skip_dag to 2025-04-19 00:00:00+00:00, run_after=2025-04-20 00:00:00+00:00
[2025-04-20T21:41:26.394+0800] {processor.py:208} INFO - Processing /mnt/c/Users/wu_li/OneDrive/Desktop/Airflow_pract/venv/lib/python3.9/site-packages/airflow/example_dags/example_skip_dag.py took 0.313 seconds
[2025-04-20T21:43:02.673+0800] {processor.py:186} INFO - Started process (PID=120282) to work on /mnt/c/Users/wu_li/OneDrive/Desktop/Airflow_pract/venv/lib/python3.9/site-packages/airflow/example_dags/example_skip_dag.py
[2025-04-20T21:43:02.675+0800] {processor.py:914} INFO - Processing file /mnt/c/Users/wu_li/OneDrive/Desktop/Airflow_pract/venv/lib/python3.9/site-packages/airflow/example_dags/example_skip_dag.py for tasks to queue
[2025-04-20T21:43:02.679+0800] {logging_mixin.py:190} INFO - [2025-04-20T21:43:02.678+0800] {dagbag.py:588} INFO - Filling up the DagBag from /mnt/c/Users/wu_li/OneDrive/Desktop/Airflow_pract/venv/lib/python3.9/site-packages/airflow/example_dags/example_skip_dag.py
[2025-04-20T21:43:02.781+0800] {processor.py:925} INFO - DAG(s) 'example_skip_dag' retrieved from /mnt/c/Users/wu_li/OneDrive/Desktop/Airflow_pract/venv/lib/python3.9/site-packages/airflow/example_dags/example_skip_dag.py
[2025-04-20T21:43:02.934+0800] {logging_mixin.py:190} INFO - [2025-04-20T21:43:02.932+0800] {dag.py:3239} INFO - Sync 1 DAGs
[2025-04-20T21:43:03.043+0800] {logging_mixin.py:190} INFO - [2025-04-20T21:43:03.042+0800] {dag.py:4180} INFO - Setting next_dagrun for example_skip_dag to 2025-04-19 00:00:00+00:00, run_after=2025-04-20 00:00:00+00:00
[2025-04-20T21:43:03.159+0800] {processor.py:208} INFO - Processing /mnt/c/Users/wu_li/OneDrive/Desktop/Airflow_pract/venv/lib/python3.9/site-packages/airflow/example_dags/example_skip_dag.py took 0.507 seconds
[2025-04-20T21:44:36.984+0800] {processor.py:186} INFO - Started process (PID=121174) to work on /mnt/c/Users/wu_li/OneDrive/Desktop/Airflow_pract/venv/lib/python3.9/site-packages/airflow/example_dags/example_skip_dag.py
[2025-04-20T21:44:36.986+0800] {processor.py:914} INFO - Processing file /mnt/c/Users/wu_li/OneDrive/Desktop/Airflow_pract/venv/lib/python3.9/site-packages/airflow/example_dags/example_skip_dag.py for tasks to queue
[2025-04-20T21:44:36.989+0800] {logging_mixin.py:190} INFO - [2025-04-20T21:44:36.988+0800] {dagbag.py:588} INFO - Filling up the DagBag from /mnt/c/Users/wu_li/OneDrive/Desktop/Airflow_pract/venv/lib/python3.9/site-packages/airflow/example_dags/example_skip_dag.py
[2025-04-20T21:44:37.013+0800] {processor.py:925} INFO - DAG(s) 'example_skip_dag' retrieved from /mnt/c/Users/wu_li/OneDrive/Desktop/Airflow_pract/venv/lib/python3.9/site-packages/airflow/example_dags/example_skip_dag.py
[2025-04-20T21:44:37.044+0800] {logging_mixin.py:190} INFO - [2025-04-20T21:44:37.043+0800] {dag.py:3239} INFO - Sync 1 DAGs
[2025-04-20T21:44:37.072+0800] {logging_mixin.py:190} INFO - [2025-04-20T21:44:37.071+0800] {dag.py:4180} INFO - Setting next_dagrun for example_skip_dag to 2025-04-19 00:00:00+00:00, run_after=2025-04-20 00:00:00+00:00
[2025-04-20T21:44:37.125+0800] {processor.py:208} INFO - Processing /mnt/c/Users/wu_li/OneDrive/Desktop/Airflow_pract/venv/lib/python3.9/site-packages/airflow/example_dags/example_skip_dag.py took 0.154 seconds
[2025-04-20T21:46:13.524+0800] {processor.py:186} INFO - Started process (PID=122050) to work on /mnt/c/Users/wu_li/OneDrive/Desktop/Airflow_pract/venv/lib/python3.9/site-packages/airflow/example_dags/example_skip_dag.py
[2025-04-20T21:46:13.526+0800] {processor.py:914} INFO - Processing file /mnt/c/Users/wu_li/OneDrive/Desktop/Airflow_pract/venv/lib/python3.9/site-packages/airflow/example_dags/example_skip_dag.py for tasks to queue
[2025-04-20T21:46:13.537+0800] {logging_mixin.py:190} INFO - [2025-04-20T21:46:13.529+0800] {dagbag.py:588} INFO - Filling up the DagBag from /mnt/c/Users/wu_li/OneDrive/Desktop/Airflow_pract/venv/lib/python3.9/site-packages/airflow/example_dags/example_skip_dag.py
[2025-04-20T21:46:13.572+0800] {processor.py:925} INFO - DAG(s) 'example_skip_dag' retrieved from /mnt/c/Users/wu_li/OneDrive/Desktop/Airflow_pract/venv/lib/python3.9/site-packages/airflow/example_dags/example_skip_dag.py
[2025-04-20T21:46:13.632+0800] {logging_mixin.py:190} INFO - [2025-04-20T21:46:13.631+0800] {dag.py:3239} INFO - Sync 1 DAGs
[2025-04-20T21:46:13.709+0800] {logging_mixin.py:190} INFO - [2025-04-20T21:46:13.708+0800] {dag.py:4180} INFO - Setting next_dagrun for example_skip_dag to 2025-04-19 00:00:00+00:00, run_after=2025-04-20 00:00:00+00:00
[2025-04-20T21:46:13.804+0800] {processor.py:208} INFO - Processing /mnt/c/Users/wu_li/OneDrive/Desktop/Airflow_pract/venv/lib/python3.9/site-packages/airflow/example_dags/example_skip_dag.py took 0.299 seconds
[2025-04-20T21:48:09.858+0800] {processor.py:186} INFO - Started process (PID=122934) to work on /mnt/c/Users/wu_li/OneDrive/Desktop/Airflow_pract/venv/lib/python3.9/site-packages/airflow/example_dags/example_skip_dag.py
[2025-04-20T21:48:09.860+0800] {processor.py:914} INFO - Processing file /mnt/c/Users/wu_li/OneDrive/Desktop/Airflow_pract/venv/lib/python3.9/site-packages/airflow/example_dags/example_skip_dag.py for tasks to queue
[2025-04-20T21:48:09.863+0800] {logging_mixin.py:190} INFO - [2025-04-20T21:48:09.862+0800] {dagbag.py:588} INFO - Filling up the DagBag from /mnt/c/Users/wu_li/OneDrive/Desktop/Airflow_pract/venv/lib/python3.9/site-packages/airflow/example_dags/example_skip_dag.py
[2025-04-20T21:48:09.885+0800] {processor.py:925} INFO - DAG(s) 'example_skip_dag' retrieved from /mnt/c/Users/wu_li/OneDrive/Desktop/Airflow_pract/venv/lib/python3.9/site-packages/airflow/example_dags/example_skip_dag.py
[2025-04-20T21:48:09.920+0800] {logging_mixin.py:190} INFO - [2025-04-20T21:48:09.919+0800] {dag.py:3239} INFO - Sync 1 DAGs
[2025-04-20T21:48:09.953+0800] {logging_mixin.py:190} INFO - [2025-04-20T21:48:09.952+0800] {dag.py:4180} INFO - Setting next_dagrun for example_skip_dag to 2025-04-19 00:00:00+00:00, run_after=2025-04-20 00:00:00+00:00
[2025-04-20T21:48:10.014+0800] {processor.py:208} INFO - Processing /mnt/c/Users/wu_li/OneDrive/Desktop/Airflow_pract/venv/lib/python3.9/site-packages/airflow/example_dags/example_skip_dag.py took 0.168 seconds
[2025-04-20T21:49:39.151+0800] {processor.py:186} INFO - Started process (PID=123936) to work on /mnt/c/Users/wu_li/OneDrive/Desktop/Airflow_pract/venv/lib/python3.9/site-packages/airflow/example_dags/example_skip_dag.py
[2025-04-20T21:49:39.154+0800] {processor.py:914} INFO - Processing file /mnt/c/Users/wu_li/OneDrive/Desktop/Airflow_pract/venv/lib/python3.9/site-packages/airflow/example_dags/example_skip_dag.py for tasks to queue
[2025-04-20T21:49:39.159+0800] {logging_mixin.py:190} INFO - [2025-04-20T21:49:39.157+0800] {dagbag.py:588} INFO - Filling up the DagBag from /mnt/c/Users/wu_li/OneDrive/Desktop/Airflow_pract/venv/lib/python3.9/site-packages/airflow/example_dags/example_skip_dag.py
[2025-04-20T21:49:39.199+0800] {processor.py:925} INFO - DAG(s) 'example_skip_dag' retrieved from /mnt/c/Users/wu_li/OneDrive/Desktop/Airflow_pract/venv/lib/python3.9/site-packages/airflow/example_dags/example_skip_dag.py
[2025-04-20T21:49:39.293+0800] {logging_mixin.py:190} INFO - [2025-04-20T21:49:39.291+0800] {dag.py:3239} INFO - Sync 1 DAGs
[2025-04-20T21:49:39.441+0800] {logging_mixin.py:190} INFO - [2025-04-20T21:49:39.439+0800] {dag.py:4180} INFO - Setting next_dagrun for example_skip_dag to 2025-04-19 00:00:00+00:00, run_after=2025-04-20 00:00:00+00:00
[2025-04-20T21:49:39.575+0800] {processor.py:208} INFO - Processing /mnt/c/Users/wu_li/OneDrive/Desktop/Airflow_pract/venv/lib/python3.9/site-packages/airflow/example_dags/example_skip_dag.py took 0.456 seconds
