[2025-04-20T20:13:01.327+0800] {processor.py:186} INFO - Started process (PID=64387) to work on /mnt/c/Users/wu_li/OneDrive/Desktop/Airflow_pract/venv/lib/python3.9/site-packages/airflow/example_dags/example_branch_day_of_week_operator.py
[2025-04-20T20:13:01.329+0800] {processor.py:914} INFO - Processing file /mnt/c/Users/wu_li/OneDrive/Desktop/Airflow_pract/venv/lib/python3.9/site-packages/airflow/example_dags/example_branch_day_of_week_operator.py for tasks to queue
[2025-04-20T20:13:01.335+0800] {logging_mixin.py:190} INFO - [2025-04-20T20:13:01.333+0800] {dagbag.py:588} INFO - Filling up the DagBag from /mnt/c/Users/wu_li/OneDrive/Desktop/Airflow_pract/venv/lib/python3.9/site-packages/airflow/example_dags/example_branch_day_of_week_operator.py
[2025-04-20T20:13:01.457+0800] {processor.py:925} INFO - DAG(s) 'example_weekday_branch_operator' retrieved from /mnt/c/Users/wu_li/OneDrive/Desktop/Airflow_pract/venv/lib/python3.9/site-packages/airflow/example_dags/example_branch_day_of_week_operator.py
[2025-04-20T20:13:03.230+0800] {logging_mixin.py:190} INFO - [2025-04-20T20:13:03.228+0800] {override.py:1912} INFO - Created Permission View: can delete on DAG:example_weekday_branch_operator
[2025-04-20T20:13:03.293+0800] {logging_mixin.py:190} INFO - [2025-04-20T20:13:03.292+0800] {override.py:1912} INFO - Created Permission View: can read on DAG:example_weekday_branch_operator
[2025-04-20T20:13:03.342+0800] {logging_mixin.py:190} INFO - [2025-04-20T20:13:03.341+0800] {override.py:1912} INFO - Created Permission View: can edit on DAG:example_weekday_branch_operator
[2025-04-20T20:13:03.430+0800] {logging_mixin.py:190} INFO - [2025-04-20T20:13:03.428+0800] {override.py:1912} INFO - Created Permission View: can delete on DAG Run:example_weekday_branch_operator
[2025-04-20T20:13:03.476+0800] {logging_mixin.py:190} INFO - [2025-04-20T20:13:03.474+0800] {override.py:1912} INFO - Created Permission View: can read on DAG Run:example_weekday_branch_operator
[2025-04-20T20:13:03.536+0800] {logging_mixin.py:190} INFO - [2025-04-20T20:13:03.534+0800] {override.py:1912} INFO - Created Permission View: can create on DAG Run:example_weekday_branch_operator
[2025-04-20T20:13:03.600+0800] {logging_mixin.py:190} INFO - [2025-04-20T20:13:03.598+0800] {override.py:1912} INFO - Created Permission View: menu access on DAG Run:example_weekday_branch_operator
[2025-04-20T20:13:03.603+0800] {logging_mixin.py:190} INFO - [2025-04-20T20:13:03.602+0800] {dag.py:3239} INFO - Sync 1 DAGs
[2025-04-20T20:13:03.640+0800] {logging_mixin.py:190} INFO - [2025-04-20T20:13:03.639+0800] {dag.py:3262} INFO - Creating ORM DAG for example_weekday_branch_operator
[2025-04-20T20:13:03.669+0800] {logging_mixin.py:190} INFO - [2025-04-20T20:13:03.665+0800] {dag.py:4180} INFO - Setting next_dagrun for example_weekday_branch_operator to 2025-04-19 00:00:00+00:00, run_after=2025-04-20 00:00:00+00:00
[2025-04-20T20:13:03.755+0800] {processor.py:208} INFO - Processing /mnt/c/Users/wu_li/OneDrive/Desktop/Airflow_pract/venv/lib/python3.9/site-packages/airflow/example_dags/example_branch_day_of_week_operator.py took 2.447 seconds
[2025-04-20T20:18:07.590+0800] {processor.py:186} INFO - Started process (PID=68305) to work on /mnt/c/Users/wu_li/OneDrive/Desktop/Airflow_pract/venv/lib/python3.9/site-packages/airflow/example_dags/example_branch_day_of_week_operator.py
[2025-04-20T20:18:07.593+0800] {processor.py:914} INFO - Processing file /mnt/c/Users/wu_li/OneDrive/Desktop/Airflow_pract/venv/lib/python3.9/site-packages/airflow/example_dags/example_branch_day_of_week_operator.py for tasks to queue
[2025-04-20T20:18:07.599+0800] {logging_mixin.py:190} INFO - [2025-04-20T20:18:07.598+0800] {dagbag.py:588} INFO - Filling up the DagBag from /mnt/c/Users/wu_li/OneDrive/Desktop/Airflow_pract/venv/lib/python3.9/site-packages/airflow/example_dags/example_branch_day_of_week_operator.py
[2025-04-20T20:18:07.840+0800] {processor.py:925} INFO - DAG(s) 'example_weekday_branch_operator' retrieved from /mnt/c/Users/wu_li/OneDrive/Desktop/Airflow_pract/venv/lib/python3.9/site-packages/airflow/example_dags/example_branch_day_of_week_operator.py
[2025-04-20T20:18:07.909+0800] {logging_mixin.py:190} INFO - [2025-04-20T20:18:07.908+0800] {dag.py:3239} INFO - Sync 1 DAGs
[2025-04-20T20:18:07.969+0800] {logging_mixin.py:190} INFO - [2025-04-20T20:18:07.968+0800] {dag.py:4180} INFO - Setting next_dagrun for example_weekday_branch_operator to 2025-04-19 00:00:00+00:00, run_after=2025-04-20 00:00:00+00:00
[2025-04-20T20:18:08.072+0800] {processor.py:208} INFO - Processing /mnt/c/Users/wu_li/OneDrive/Desktop/Airflow_pract/venv/lib/python3.9/site-packages/airflow/example_dags/example_branch_day_of_week_operator.py took 0.496 seconds
[2025-04-20T20:19:50.355+0800] {processor.py:186} INFO - Started process (PID=69587) to work on /mnt/c/Users/wu_li/OneDrive/Desktop/Airflow_pract/venv/lib/python3.9/site-packages/airflow/example_dags/example_branch_day_of_week_operator.py
[2025-04-20T20:19:50.357+0800] {processor.py:914} INFO - Processing file /mnt/c/Users/wu_li/OneDrive/Desktop/Airflow_pract/venv/lib/python3.9/site-packages/airflow/example_dags/example_branch_day_of_week_operator.py for tasks to queue
[2025-04-20T20:19:50.360+0800] {logging_mixin.py:190} INFO - [2025-04-20T20:19:50.359+0800] {dagbag.py:588} INFO - Filling up the DagBag from /mnt/c/Users/wu_li/OneDrive/Desktop/Airflow_pract/venv/lib/python3.9/site-packages/airflow/example_dags/example_branch_day_of_week_operator.py
[2025-04-20T20:19:50.437+0800] {processor.py:925} INFO - DAG(s) 'example_weekday_branch_operator' retrieved from /mnt/c/Users/wu_li/OneDrive/Desktop/Airflow_pract/venv/lib/python3.9/site-packages/airflow/example_dags/example_branch_day_of_week_operator.py
[2025-04-20T20:19:50.474+0800] {logging_mixin.py:190} INFO - [2025-04-20T20:19:50.473+0800] {dag.py:3239} INFO - Sync 1 DAGs
[2025-04-20T20:19:50.510+0800] {logging_mixin.py:190} INFO - [2025-04-20T20:19:50.507+0800] {dag.py:4180} INFO - Setting next_dagrun for example_weekday_branch_operator to 2025-04-19 00:00:00+00:00, run_after=2025-04-20 00:00:00+00:00
[2025-04-20T20:19:50.578+0800] {processor.py:208} INFO - Processing /mnt/c/Users/wu_li/OneDrive/Desktop/Airflow_pract/venv/lib/python3.9/site-packages/airflow/example_dags/example_branch_day_of_week_operator.py took 0.235 seconds
[2025-04-20T20:21:48.921+0800] {processor.py:186} INFO - Started process (PID=70554) to work on /mnt/c/Users/wu_li/OneDrive/Desktop/Airflow_pract/venv/lib/python3.9/site-packages/airflow/example_dags/example_branch_day_of_week_operator.py
[2025-04-20T20:21:48.925+0800] {processor.py:914} INFO - Processing file /mnt/c/Users/wu_li/OneDrive/Desktop/Airflow_pract/venv/lib/python3.9/site-packages/airflow/example_dags/example_branch_day_of_week_operator.py for tasks to queue
[2025-04-20T20:21:48.932+0800] {logging_mixin.py:190} INFO - [2025-04-20T20:21:48.930+0800] {dagbag.py:588} INFO - Filling up the DagBag from /mnt/c/Users/wu_li/OneDrive/Desktop/Airflow_pract/venv/lib/python3.9/site-packages/airflow/example_dags/example_branch_day_of_week_operator.py
[2025-04-20T20:21:49.083+0800] {processor.py:925} INFO - DAG(s) 'example_weekday_branch_operator' retrieved from /mnt/c/Users/wu_li/OneDrive/Desktop/Airflow_pract/venv/lib/python3.9/site-packages/airflow/example_dags/example_branch_day_of_week_operator.py
[2025-04-20T20:21:49.166+0800] {logging_mixin.py:190} INFO - [2025-04-20T20:21:49.163+0800] {dag.py:3239} INFO - Sync 1 DAGs
[2025-04-20T20:21:49.270+0800] {logging_mixin.py:190} INFO - [2025-04-20T20:21:49.266+0800] {dag.py:4180} INFO - Setting next_dagrun for example_weekday_branch_operator to 2025-04-19 00:00:00+00:00, run_after=2025-04-20 00:00:00+00:00
[2025-04-20T20:21:49.396+0800] {processor.py:208} INFO - Processing /mnt/c/Users/wu_li/OneDrive/Desktop/Airflow_pract/venv/lib/python3.9/site-packages/airflow/example_dags/example_branch_day_of_week_operator.py took 0.497 seconds
[2025-04-20T20:23:44.205+0800] {processor.py:186} INFO - Started process (PID=71432) to work on /mnt/c/Users/wu_li/OneDrive/Desktop/Airflow_pract/venv/lib/python3.9/site-packages/airflow/example_dags/example_branch_day_of_week_operator.py
[2025-04-20T20:23:44.208+0800] {processor.py:914} INFO - Processing file /mnt/c/Users/wu_li/OneDrive/Desktop/Airflow_pract/venv/lib/python3.9/site-packages/airflow/example_dags/example_branch_day_of_week_operator.py for tasks to queue
[2025-04-20T20:23:44.212+0800] {logging_mixin.py:190} INFO - [2025-04-20T20:23:44.211+0800] {dagbag.py:588} INFO - Filling up the DagBag from /mnt/c/Users/wu_li/OneDrive/Desktop/Airflow_pract/venv/lib/python3.9/site-packages/airflow/example_dags/example_branch_day_of_week_operator.py
[2025-04-20T20:23:44.343+0800] {processor.py:925} INFO - DAG(s) 'example_weekday_branch_operator' retrieved from /mnt/c/Users/wu_li/OneDrive/Desktop/Airflow_pract/venv/lib/python3.9/site-packages/airflow/example_dags/example_branch_day_of_week_operator.py
[2025-04-20T20:23:44.392+0800] {logging_mixin.py:190} INFO - [2025-04-20T20:23:44.391+0800] {dag.py:3239} INFO - Sync 1 DAGs
[2025-04-20T20:23:44.452+0800] {logging_mixin.py:190} INFO - [2025-04-20T20:23:44.449+0800] {dag.py:4180} INFO - Setting next_dagrun for example_weekday_branch_operator to 2025-04-19 00:00:00+00:00, run_after=2025-04-20 00:00:00+00:00
[2025-04-20T20:23:44.571+0800] {processor.py:208} INFO - Processing /mnt/c/Users/wu_li/OneDrive/Desktop/Airflow_pract/venv/lib/python3.9/site-packages/airflow/example_dags/example_branch_day_of_week_operator.py took 0.384 seconds
[2025-04-20T20:25:43.363+0800] {processor.py:186} INFO - Started process (PID=72464) to work on /mnt/c/Users/wu_li/OneDrive/Desktop/Airflow_pract/venv/lib/python3.9/site-packages/airflow/example_dags/example_branch_day_of_week_operator.py
[2025-04-20T20:25:43.366+0800] {processor.py:914} INFO - Processing file /mnt/c/Users/wu_li/OneDrive/Desktop/Airflow_pract/venv/lib/python3.9/site-packages/airflow/example_dags/example_branch_day_of_week_operator.py for tasks to queue
[2025-04-20T20:25:43.374+0800] {logging_mixin.py:190} INFO - [2025-04-20T20:25:43.369+0800] {dagbag.py:588} INFO - Filling up the DagBag from /mnt/c/Users/wu_li/OneDrive/Desktop/Airflow_pract/venv/lib/python3.9/site-packages/airflow/example_dags/example_branch_day_of_week_operator.py
[2025-04-20T20:25:43.534+0800] {processor.py:925} INFO - DAG(s) 'example_weekday_branch_operator' retrieved from /mnt/c/Users/wu_li/OneDrive/Desktop/Airflow_pract/venv/lib/python3.9/site-packages/airflow/example_dags/example_branch_day_of_week_operator.py
[2025-04-20T20:25:43.596+0800] {logging_mixin.py:190} INFO - [2025-04-20T20:25:43.590+0800] {dag.py:3239} INFO - Sync 1 DAGs
[2025-04-20T20:25:43.681+0800] {logging_mixin.py:190} INFO - [2025-04-20T20:25:43.677+0800] {dag.py:4180} INFO - Setting next_dagrun for example_weekday_branch_operator to 2025-04-19 00:00:00+00:00, run_after=2025-04-20 00:00:00+00:00
[2025-04-20T20:25:43.817+0800] {processor.py:208} INFO - Processing /mnt/c/Users/wu_li/OneDrive/Desktop/Airflow_pract/venv/lib/python3.9/site-packages/airflow/example_dags/example_branch_day_of_week_operator.py took 0.487 seconds
[2025-04-20T20:27:36.918+0800] {processor.py:186} INFO - Started process (PID=73710) to work on /mnt/c/Users/wu_li/OneDrive/Desktop/Airflow_pract/venv/lib/python3.9/site-packages/airflow/example_dags/example_branch_day_of_week_operator.py
[2025-04-20T20:27:36.922+0800] {processor.py:914} INFO - Processing file /mnt/c/Users/wu_li/OneDrive/Desktop/Airflow_pract/venv/lib/python3.9/site-packages/airflow/example_dags/example_branch_day_of_week_operator.py for tasks to queue
[2025-04-20T20:27:36.938+0800] {logging_mixin.py:190} INFO - [2025-04-20T20:27:36.929+0800] {dagbag.py:588} INFO - Filling up the DagBag from /mnt/c/Users/wu_li/OneDrive/Desktop/Airflow_pract/venv/lib/python3.9/site-packages/airflow/example_dags/example_branch_day_of_week_operator.py
[2025-04-20T20:27:37.072+0800] {processor.py:925} INFO - DAG(s) 'example_weekday_branch_operator' retrieved from /mnt/c/Users/wu_li/OneDrive/Desktop/Airflow_pract/venv/lib/python3.9/site-packages/airflow/example_dags/example_branch_day_of_week_operator.py
[2025-04-20T20:27:37.141+0800] {logging_mixin.py:190} INFO - [2025-04-20T20:27:37.139+0800] {dag.py:3239} INFO - Sync 1 DAGs
[2025-04-20T20:27:37.222+0800] {logging_mixin.py:190} INFO - [2025-04-20T20:27:37.220+0800] {dag.py:4180} INFO - Setting next_dagrun for example_weekday_branch_operator to 2025-04-19 00:00:00+00:00, run_after=2025-04-20 00:00:00+00:00
[2025-04-20T20:27:37.332+0800] {processor.py:208} INFO - Processing /mnt/c/Users/wu_li/OneDrive/Desktop/Airflow_pract/venv/lib/python3.9/site-packages/airflow/example_dags/example_branch_day_of_week_operator.py took 0.449 seconds
[2025-04-20T20:37:16.186+0800] {processor.py:186} INFO - Started process (PID=77567) to work on /mnt/c/Users/wu_li/OneDrive/Desktop/Airflow_pract/venv/lib/python3.9/site-packages/airflow/example_dags/example_branch_day_of_week_operator.py
[2025-04-20T20:37:16.194+0800] {processor.py:914} INFO - Processing file /mnt/c/Users/wu_li/OneDrive/Desktop/Airflow_pract/venv/lib/python3.9/site-packages/airflow/example_dags/example_branch_day_of_week_operator.py for tasks to queue
[2025-04-20T20:37:16.202+0800] {logging_mixin.py:190} INFO - [2025-04-20T20:37:16.197+0800] {dagbag.py:588} INFO - Filling up the DagBag from /mnt/c/Users/wu_li/OneDrive/Desktop/Airflow_pract/venv/lib/python3.9/site-packages/airflow/example_dags/example_branch_day_of_week_operator.py
[2025-04-20T20:37:16.277+0800] {processor.py:925} INFO - DAG(s) 'example_weekday_branch_operator' retrieved from /mnt/c/Users/wu_li/OneDrive/Desktop/Airflow_pract/venv/lib/python3.9/site-packages/airflow/example_dags/example_branch_day_of_week_operator.py
[2025-04-20T20:37:16.342+0800] {logging_mixin.py:190} INFO - [2025-04-20T20:37:16.341+0800] {dag.py:3239} INFO - Sync 1 DAGs
[2025-04-20T20:37:16.365+0800] {logging_mixin.py:190} INFO - [2025-04-20T20:37:16.364+0800] {dag.py:4180} INFO - Setting next_dagrun for example_weekday_branch_operator to 2025-04-19 00:00:00+00:00, run_after=2025-04-20 00:00:00+00:00
[2025-04-20T20:37:16.484+0800] {processor.py:208} INFO - Processing /mnt/c/Users/wu_li/OneDrive/Desktop/Airflow_pract/venv/lib/python3.9/site-packages/airflow/example_dags/example_branch_day_of_week_operator.py took 0.323 seconds
[2025-04-20T20:38:49.534+0800] {processor.py:186} INFO - Started process (PID=78653) to work on /mnt/c/Users/wu_li/OneDrive/Desktop/Airflow_pract/venv/lib/python3.9/site-packages/airflow/example_dags/example_branch_day_of_week_operator.py
[2025-04-20T20:38:49.536+0800] {processor.py:914} INFO - Processing file /mnt/c/Users/wu_li/OneDrive/Desktop/Airflow_pract/venv/lib/python3.9/site-packages/airflow/example_dags/example_branch_day_of_week_operator.py for tasks to queue
[2025-04-20T20:38:49.539+0800] {logging_mixin.py:190} INFO - [2025-04-20T20:38:49.538+0800] {dagbag.py:588} INFO - Filling up the DagBag from /mnt/c/Users/wu_li/OneDrive/Desktop/Airflow_pract/venv/lib/python3.9/site-packages/airflow/example_dags/example_branch_day_of_week_operator.py
[2025-04-20T20:38:49.570+0800] {processor.py:925} INFO - DAG(s) 'example_weekday_branch_operator' retrieved from /mnt/c/Users/wu_li/OneDrive/Desktop/Airflow_pract/venv/lib/python3.9/site-packages/airflow/example_dags/example_branch_day_of_week_operator.py
[2025-04-20T20:38:49.605+0800] {logging_mixin.py:190} INFO - [2025-04-20T20:38:49.604+0800] {dag.py:3239} INFO - Sync 1 DAGs
[2025-04-20T20:38:49.654+0800] {logging_mixin.py:190} INFO - [2025-04-20T20:38:49.648+0800] {dag.py:4180} INFO - Setting next_dagrun for example_weekday_branch_operator to 2025-04-19 00:00:00+00:00, run_after=2025-04-20 00:00:00+00:00
[2025-04-20T20:38:49.723+0800] {processor.py:208} INFO - Processing /mnt/c/Users/wu_li/OneDrive/Desktop/Airflow_pract/venv/lib/python3.9/site-packages/airflow/example_dags/example_branch_day_of_week_operator.py took 0.203 seconds
[2025-04-20T20:40:26.788+0800] {processor.py:186} INFO - Started process (PID=79589) to work on /mnt/c/Users/wu_li/OneDrive/Desktop/Airflow_pract/venv/lib/python3.9/site-packages/airflow/example_dags/example_branch_day_of_week_operator.py
[2025-04-20T20:40:26.800+0800] {processor.py:914} INFO - Processing file /mnt/c/Users/wu_li/OneDrive/Desktop/Airflow_pract/venv/lib/python3.9/site-packages/airflow/example_dags/example_branch_day_of_week_operator.py for tasks to queue
[2025-04-20T20:40:26.807+0800] {logging_mixin.py:190} INFO - [2025-04-20T20:40:26.805+0800] {dagbag.py:588} INFO - Filling up the DagBag from /mnt/c/Users/wu_li/OneDrive/Desktop/Airflow_pract/venv/lib/python3.9/site-packages/airflow/example_dags/example_branch_day_of_week_operator.py
[2025-04-20T20:40:26.896+0800] {processor.py:925} INFO - DAG(s) 'example_weekday_branch_operator' retrieved from /mnt/c/Users/wu_li/OneDrive/Desktop/Airflow_pract/venv/lib/python3.9/site-packages/airflow/example_dags/example_branch_day_of_week_operator.py
[2025-04-20T20:40:26.972+0800] {logging_mixin.py:190} INFO - [2025-04-20T20:40:26.971+0800] {dag.py:3239} INFO - Sync 1 DAGs
[2025-04-20T20:40:27.065+0800] {logging_mixin.py:190} INFO - [2025-04-20T20:40:27.062+0800] {dag.py:4180} INFO - Setting next_dagrun for example_weekday_branch_operator to 2025-04-19 00:00:00+00:00, run_after=2025-04-20 00:00:00+00:00
[2025-04-20T20:40:27.203+0800] {processor.py:208} INFO - Processing /mnt/c/Users/wu_li/OneDrive/Desktop/Airflow_pract/venv/lib/python3.9/site-packages/airflow/example_dags/example_branch_day_of_week_operator.py took 0.459 seconds
[2025-04-20T20:42:22.378+0800] {processor.py:186} INFO - Started process (PID=80605) to work on /mnt/c/Users/wu_li/OneDrive/Desktop/Airflow_pract/venv/lib/python3.9/site-packages/airflow/example_dags/example_branch_day_of_week_operator.py
[2025-04-20T20:42:22.381+0800] {processor.py:914} INFO - Processing file /mnt/c/Users/wu_li/OneDrive/Desktop/Airflow_pract/venv/lib/python3.9/site-packages/airflow/example_dags/example_branch_day_of_week_operator.py for tasks to queue
[2025-04-20T20:42:22.397+0800] {logging_mixin.py:190} INFO - [2025-04-20T20:42:22.393+0800] {dagbag.py:588} INFO - Filling up the DagBag from /mnt/c/Users/wu_li/OneDrive/Desktop/Airflow_pract/venv/lib/python3.9/site-packages/airflow/example_dags/example_branch_day_of_week_operator.py
[2025-04-20T20:42:22.488+0800] {processor.py:925} INFO - DAG(s) 'example_weekday_branch_operator' retrieved from /mnt/c/Users/wu_li/OneDrive/Desktop/Airflow_pract/venv/lib/python3.9/site-packages/airflow/example_dags/example_branch_day_of_week_operator.py
[2025-04-20T20:42:22.572+0800] {logging_mixin.py:190} INFO - [2025-04-20T20:42:22.570+0800] {dag.py:3239} INFO - Sync 1 DAGs
[2025-04-20T20:42:22.695+0800] {logging_mixin.py:190} INFO - [2025-04-20T20:42:22.684+0800] {dag.py:4180} INFO - Setting next_dagrun for example_weekday_branch_operator to 2025-04-19 00:00:00+00:00, run_after=2025-04-20 00:00:00+00:00
[2025-04-20T20:42:22.820+0800] {processor.py:208} INFO - Processing /mnt/c/Users/wu_li/OneDrive/Desktop/Airflow_pract/venv/lib/python3.9/site-packages/airflow/example_dags/example_branch_day_of_week_operator.py took 0.482 seconds
[2025-04-20T20:44:02.280+0800] {processor.py:186} INFO - Started process (PID=81620) to work on /mnt/c/Users/wu_li/OneDrive/Desktop/Airflow_pract/venv/lib/python3.9/site-packages/airflow/example_dags/example_branch_day_of_week_operator.py
[2025-04-20T20:44:02.281+0800] {processor.py:914} INFO - Processing file /mnt/c/Users/wu_li/OneDrive/Desktop/Airflow_pract/venv/lib/python3.9/site-packages/airflow/example_dags/example_branch_day_of_week_operator.py for tasks to queue
[2025-04-20T20:44:02.284+0800] {logging_mixin.py:190} INFO - [2025-04-20T20:44:02.283+0800] {dagbag.py:588} INFO - Filling up the DagBag from /mnt/c/Users/wu_li/OneDrive/Desktop/Airflow_pract/venv/lib/python3.9/site-packages/airflow/example_dags/example_branch_day_of_week_operator.py
[2025-04-20T20:44:02.310+0800] {processor.py:925} INFO - DAG(s) 'example_weekday_branch_operator' retrieved from /mnt/c/Users/wu_li/OneDrive/Desktop/Airflow_pract/venv/lib/python3.9/site-packages/airflow/example_dags/example_branch_day_of_week_operator.py
[2025-04-20T20:44:02.337+0800] {logging_mixin.py:190} INFO - [2025-04-20T20:44:02.335+0800] {dag.py:3239} INFO - Sync 1 DAGs
[2025-04-20T20:44:02.359+0800] {logging_mixin.py:190} INFO - [2025-04-20T20:44:02.358+0800] {dag.py:4180} INFO - Setting next_dagrun for example_weekday_branch_operator to 2025-04-19 00:00:00+00:00, run_after=2025-04-20 00:00:00+00:00
[2025-04-20T20:44:02.415+0800] {processor.py:208} INFO - Processing /mnt/c/Users/wu_li/OneDrive/Desktop/Airflow_pract/venv/lib/python3.9/site-packages/airflow/example_dags/example_branch_day_of_week_operator.py took 0.146 seconds
[2025-04-20T20:45:45.593+0800] {processor.py:186} INFO - Started process (PID=82412) to work on /mnt/c/Users/wu_li/OneDrive/Desktop/Airflow_pract/venv/lib/python3.9/site-packages/airflow/example_dags/example_branch_day_of_week_operator.py
[2025-04-20T20:45:45.596+0800] {processor.py:914} INFO - Processing file /mnt/c/Users/wu_li/OneDrive/Desktop/Airflow_pract/venv/lib/python3.9/site-packages/airflow/example_dags/example_branch_day_of_week_operator.py for tasks to queue
[2025-04-20T20:45:45.601+0800] {logging_mixin.py:190} INFO - [2025-04-20T20:45:45.599+0800] {dagbag.py:588} INFO - Filling up the DagBag from /mnt/c/Users/wu_li/OneDrive/Desktop/Airflow_pract/venv/lib/python3.9/site-packages/airflow/example_dags/example_branch_day_of_week_operator.py
[2025-04-20T20:45:45.664+0800] {processor.py:925} INFO - DAG(s) 'example_weekday_branch_operator' retrieved from /mnt/c/Users/wu_li/OneDrive/Desktop/Airflow_pract/venv/lib/python3.9/site-packages/airflow/example_dags/example_branch_day_of_week_operator.py
[2025-04-20T20:45:45.734+0800] {logging_mixin.py:190} INFO - [2025-04-20T20:45:45.733+0800] {dag.py:3239} INFO - Sync 1 DAGs
[2025-04-20T20:45:45.827+0800] {logging_mixin.py:190} INFO - [2025-04-20T20:45:45.820+0800] {dag.py:4180} INFO - Setting next_dagrun for example_weekday_branch_operator to 2025-04-19 00:00:00+00:00, run_after=2025-04-20 00:00:00+00:00
[2025-04-20T20:45:45.965+0800] {processor.py:208} INFO - Processing /mnt/c/Users/wu_li/OneDrive/Desktop/Airflow_pract/venv/lib/python3.9/site-packages/airflow/example_dags/example_branch_day_of_week_operator.py took 0.403 seconds
[2025-04-20T20:47:35.429+0800] {processor.py:186} INFO - Started process (PID=83281) to work on /mnt/c/Users/wu_li/OneDrive/Desktop/Airflow_pract/venv/lib/python3.9/site-packages/airflow/example_dags/example_branch_day_of_week_operator.py
[2025-04-20T20:47:35.432+0800] {processor.py:914} INFO - Processing file /mnt/c/Users/wu_li/OneDrive/Desktop/Airflow_pract/venv/lib/python3.9/site-packages/airflow/example_dags/example_branch_day_of_week_operator.py for tasks to queue
[2025-04-20T20:47:35.439+0800] {logging_mixin.py:190} INFO - [2025-04-20T20:47:35.437+0800] {dagbag.py:588} INFO - Filling up the DagBag from /mnt/c/Users/wu_li/OneDrive/Desktop/Airflow_pract/venv/lib/python3.9/site-packages/airflow/example_dags/example_branch_day_of_week_operator.py
[2025-04-20T20:47:35.502+0800] {processor.py:925} INFO - DAG(s) 'example_weekday_branch_operator' retrieved from /mnt/c/Users/wu_li/OneDrive/Desktop/Airflow_pract/venv/lib/python3.9/site-packages/airflow/example_dags/example_branch_day_of_week_operator.py
[2025-04-20T20:47:35.572+0800] {logging_mixin.py:190} INFO - [2025-04-20T20:47:35.571+0800] {dag.py:3239} INFO - Sync 1 DAGs
[2025-04-20T20:47:35.649+0800] {logging_mixin.py:190} INFO - [2025-04-20T20:47:35.644+0800] {dag.py:4180} INFO - Setting next_dagrun for example_weekday_branch_operator to 2025-04-19 00:00:00+00:00, run_after=2025-04-20 00:00:00+00:00
[2025-04-20T20:47:35.780+0800] {processor.py:208} INFO - Processing /mnt/c/Users/wu_li/OneDrive/Desktop/Airflow_pract/venv/lib/python3.9/site-packages/airflow/example_dags/example_branch_day_of_week_operator.py took 0.382 seconds
[2025-04-20T20:49:19.932+0800] {processor.py:186} INFO - Started process (PID=84294) to work on /mnt/c/Users/wu_li/OneDrive/Desktop/Airflow_pract/venv/lib/python3.9/site-packages/airflow/example_dags/example_branch_day_of_week_operator.py
[2025-04-20T20:49:19.935+0800] {processor.py:914} INFO - Processing file /mnt/c/Users/wu_li/OneDrive/Desktop/Airflow_pract/venv/lib/python3.9/site-packages/airflow/example_dags/example_branch_day_of_week_operator.py for tasks to queue
[2025-04-20T20:49:19.939+0800] {logging_mixin.py:190} INFO - [2025-04-20T20:49:19.937+0800] {dagbag.py:588} INFO - Filling up the DagBag from /mnt/c/Users/wu_li/OneDrive/Desktop/Airflow_pract/venv/lib/python3.9/site-packages/airflow/example_dags/example_branch_day_of_week_operator.py
[2025-04-20T20:49:20.034+0800] {processor.py:925} INFO - DAG(s) 'example_weekday_branch_operator' retrieved from /mnt/c/Users/wu_li/OneDrive/Desktop/Airflow_pract/venv/lib/python3.9/site-packages/airflow/example_dags/example_branch_day_of_week_operator.py
[2025-04-20T20:49:20.107+0800] {logging_mixin.py:190} INFO - [2025-04-20T20:49:20.105+0800] {dag.py:3239} INFO - Sync 1 DAGs
[2025-04-20T20:49:20.187+0800] {logging_mixin.py:190} INFO - [2025-04-20T20:49:20.185+0800] {dag.py:4180} INFO - Setting next_dagrun for example_weekday_branch_operator to 2025-04-19 00:00:00+00:00, run_after=2025-04-20 00:00:00+00:00
[2025-04-20T20:49:20.313+0800] {processor.py:208} INFO - Processing /mnt/c/Users/wu_li/OneDrive/Desktop/Airflow_pract/venv/lib/python3.9/site-packages/airflow/example_dags/example_branch_day_of_week_operator.py took 0.412 seconds
[2025-04-20T20:51:17.072+0800] {processor.py:186} INFO - Started process (PID=85164) to work on /mnt/c/Users/wu_li/OneDrive/Desktop/Airflow_pract/venv/lib/python3.9/site-packages/airflow/example_dags/example_branch_day_of_week_operator.py
[2025-04-20T20:51:17.078+0800] {processor.py:914} INFO - Processing file /mnt/c/Users/wu_li/OneDrive/Desktop/Airflow_pract/venv/lib/python3.9/site-packages/airflow/example_dags/example_branch_day_of_week_operator.py for tasks to queue
[2025-04-20T20:51:17.084+0800] {logging_mixin.py:190} INFO - [2025-04-20T20:51:17.082+0800] {dagbag.py:588} INFO - Filling up the DagBag from /mnt/c/Users/wu_li/OneDrive/Desktop/Airflow_pract/venv/lib/python3.9/site-packages/airflow/example_dags/example_branch_day_of_week_operator.py
[2025-04-20T20:51:17.140+0800] {processor.py:925} INFO - DAG(s) 'example_weekday_branch_operator' retrieved from /mnt/c/Users/wu_li/OneDrive/Desktop/Airflow_pract/venv/lib/python3.9/site-packages/airflow/example_dags/example_branch_day_of_week_operator.py
[2025-04-20T20:51:17.209+0800] {logging_mixin.py:190} INFO - [2025-04-20T20:51:17.208+0800] {dag.py:3239} INFO - Sync 1 DAGs
[2025-04-20T20:51:17.295+0800] {logging_mixin.py:190} INFO - [2025-04-20T20:51:17.293+0800] {dag.py:4180} INFO - Setting next_dagrun for example_weekday_branch_operator to 2025-04-19 00:00:00+00:00, run_after=2025-04-20 00:00:00+00:00
[2025-04-20T20:51:17.426+0800] {processor.py:208} INFO - Processing /mnt/c/Users/wu_li/OneDrive/Desktop/Airflow_pract/venv/lib/python3.9/site-packages/airflow/example_dags/example_branch_day_of_week_operator.py took 0.375 seconds
[2025-04-20T20:53:10.033+0800] {processor.py:186} INFO - Started process (PID=86183) to work on /mnt/c/Users/wu_li/OneDrive/Desktop/Airflow_pract/venv/lib/python3.9/site-packages/airflow/example_dags/example_branch_day_of_week_operator.py
[2025-04-20T20:53:10.034+0800] {processor.py:914} INFO - Processing file /mnt/c/Users/wu_li/OneDrive/Desktop/Airflow_pract/venv/lib/python3.9/site-packages/airflow/example_dags/example_branch_day_of_week_operator.py for tasks to queue
[2025-04-20T20:53:10.038+0800] {logging_mixin.py:190} INFO - [2025-04-20T20:53:10.037+0800] {dagbag.py:588} INFO - Filling up the DagBag from /mnt/c/Users/wu_li/OneDrive/Desktop/Airflow_pract/venv/lib/python3.9/site-packages/airflow/example_dags/example_branch_day_of_week_operator.py
[2025-04-20T20:53:10.064+0800] {processor.py:925} INFO - DAG(s) 'example_weekday_branch_operator' retrieved from /mnt/c/Users/wu_li/OneDrive/Desktop/Airflow_pract/venv/lib/python3.9/site-packages/airflow/example_dags/example_branch_day_of_week_operator.py
[2025-04-20T20:53:10.103+0800] {logging_mixin.py:190} INFO - [2025-04-20T20:53:10.102+0800] {dag.py:3239} INFO - Sync 1 DAGs
[2025-04-20T20:53:10.135+0800] {logging_mixin.py:190} INFO - [2025-04-20T20:53:10.132+0800] {dag.py:4180} INFO - Setting next_dagrun for example_weekday_branch_operator to 2025-04-19 00:00:00+00:00, run_after=2025-04-20 00:00:00+00:00
[2025-04-20T20:53:10.196+0800] {processor.py:208} INFO - Processing /mnt/c/Users/wu_li/OneDrive/Desktop/Airflow_pract/venv/lib/python3.9/site-packages/airflow/example_dags/example_branch_day_of_week_operator.py took 0.175 seconds
[2025-04-20T20:54:37.654+0800] {processor.py:186} INFO - Started process (PID=87118) to work on /mnt/c/Users/wu_li/OneDrive/Desktop/Airflow_pract/venv/lib/python3.9/site-packages/airflow/example_dags/example_branch_day_of_week_operator.py
[2025-04-20T20:54:37.655+0800] {processor.py:914} INFO - Processing file /mnt/c/Users/wu_li/OneDrive/Desktop/Airflow_pract/venv/lib/python3.9/site-packages/airflow/example_dags/example_branch_day_of_week_operator.py for tasks to queue
[2025-04-20T20:54:37.658+0800] {logging_mixin.py:190} INFO - [2025-04-20T20:54:37.657+0800] {dagbag.py:588} INFO - Filling up the DagBag from /mnt/c/Users/wu_li/OneDrive/Desktop/Airflow_pract/venv/lib/python3.9/site-packages/airflow/example_dags/example_branch_day_of_week_operator.py
[2025-04-20T20:54:37.683+0800] {processor.py:925} INFO - DAG(s) 'example_weekday_branch_operator' retrieved from /mnt/c/Users/wu_li/OneDrive/Desktop/Airflow_pract/venv/lib/python3.9/site-packages/airflow/example_dags/example_branch_day_of_week_operator.py
[2025-04-20T20:54:37.710+0800] {logging_mixin.py:190} INFO - [2025-04-20T20:54:37.709+0800] {dag.py:3239} INFO - Sync 1 DAGs
[2025-04-20T20:54:37.735+0800] {logging_mixin.py:190} INFO - [2025-04-20T20:54:37.734+0800] {dag.py:4180} INFO - Setting next_dagrun for example_weekday_branch_operator to 2025-04-19 00:00:00+00:00, run_after=2025-04-20 00:00:00+00:00
[2025-04-20T20:54:37.799+0800] {processor.py:208} INFO - Processing /mnt/c/Users/wu_li/OneDrive/Desktop/Airflow_pract/venv/lib/python3.9/site-packages/airflow/example_dags/example_branch_day_of_week_operator.py took 0.156 seconds
[2025-04-20T20:56:07.114+0800] {processor.py:186} INFO - Started process (PID=87981) to work on /mnt/c/Users/wu_li/OneDrive/Desktop/Airflow_pract/venv/lib/python3.9/site-packages/airflow/example_dags/example_branch_day_of_week_operator.py
[2025-04-20T20:56:07.116+0800] {processor.py:914} INFO - Processing file /mnt/c/Users/wu_li/OneDrive/Desktop/Airflow_pract/venv/lib/python3.9/site-packages/airflow/example_dags/example_branch_day_of_week_operator.py for tasks to queue
[2025-04-20T20:56:07.118+0800] {logging_mixin.py:190} INFO - [2025-04-20T20:56:07.117+0800] {dagbag.py:588} INFO - Filling up the DagBag from /mnt/c/Users/wu_li/OneDrive/Desktop/Airflow_pract/venv/lib/python3.9/site-packages/airflow/example_dags/example_branch_day_of_week_operator.py
[2025-04-20T20:56:07.147+0800] {processor.py:925} INFO - DAG(s) 'example_weekday_branch_operator' retrieved from /mnt/c/Users/wu_li/OneDrive/Desktop/Airflow_pract/venv/lib/python3.9/site-packages/airflow/example_dags/example_branch_day_of_week_operator.py
[2025-04-20T20:56:07.173+0800] {logging_mixin.py:190} INFO - [2025-04-20T20:56:07.172+0800] {dag.py:3239} INFO - Sync 1 DAGs
[2025-04-20T20:56:07.194+0800] {logging_mixin.py:190} INFO - [2025-04-20T20:56:07.193+0800] {dag.py:4180} INFO - Setting next_dagrun for example_weekday_branch_operator to 2025-04-19 00:00:00+00:00, run_after=2025-04-20 00:00:00+00:00
[2025-04-20T20:56:07.245+0800] {processor.py:208} INFO - Processing /mnt/c/Users/wu_li/OneDrive/Desktop/Airflow_pract/venv/lib/python3.9/site-packages/airflow/example_dags/example_branch_day_of_week_operator.py took 0.144 seconds
[2025-04-20T20:57:37.148+0800] {processor.py:186} INFO - Started process (PID=89062) to work on /mnt/c/Users/wu_li/OneDrive/Desktop/Airflow_pract/venv/lib/python3.9/site-packages/airflow/example_dags/example_branch_day_of_week_operator.py
[2025-04-20T20:57:37.150+0800] {processor.py:914} INFO - Processing file /mnt/c/Users/wu_li/OneDrive/Desktop/Airflow_pract/venv/lib/python3.9/site-packages/airflow/example_dags/example_branch_day_of_week_operator.py for tasks to queue
[2025-04-20T20:57:37.152+0800] {logging_mixin.py:190} INFO - [2025-04-20T20:57:37.151+0800] {dagbag.py:588} INFO - Filling up the DagBag from /mnt/c/Users/wu_li/OneDrive/Desktop/Airflow_pract/venv/lib/python3.9/site-packages/airflow/example_dags/example_branch_day_of_week_operator.py
[2025-04-20T20:57:37.179+0800] {processor.py:925} INFO - DAG(s) 'example_weekday_branch_operator' retrieved from /mnt/c/Users/wu_li/OneDrive/Desktop/Airflow_pract/venv/lib/python3.9/site-packages/airflow/example_dags/example_branch_day_of_week_operator.py
[2025-04-20T20:57:37.204+0800] {logging_mixin.py:190} INFO - [2025-04-20T20:57:37.203+0800] {dag.py:3239} INFO - Sync 1 DAGs
[2025-04-20T20:57:37.224+0800] {logging_mixin.py:190} INFO - [2025-04-20T20:57:37.223+0800] {dag.py:4180} INFO - Setting next_dagrun for example_weekday_branch_operator to 2025-04-19 00:00:00+00:00, run_after=2025-04-20 00:00:00+00:00
[2025-04-20T20:57:37.283+0800] {processor.py:208} INFO - Processing /mnt/c/Users/wu_li/OneDrive/Desktop/Airflow_pract/venv/lib/python3.9/site-packages/airflow/example_dags/example_branch_day_of_week_operator.py took 0.145 seconds
[2025-04-20T20:59:07.052+0800] {processor.py:186} INFO - Started process (PID=90140) to work on /mnt/c/Users/wu_li/OneDrive/Desktop/Airflow_pract/venv/lib/python3.9/site-packages/airflow/example_dags/example_branch_day_of_week_operator.py
[2025-04-20T20:59:07.056+0800] {processor.py:914} INFO - Processing file /mnt/c/Users/wu_li/OneDrive/Desktop/Airflow_pract/venv/lib/python3.9/site-packages/airflow/example_dags/example_branch_day_of_week_operator.py for tasks to queue
[2025-04-20T20:59:07.060+0800] {logging_mixin.py:190} INFO - [2025-04-20T20:59:07.058+0800] {dagbag.py:588} INFO - Filling up the DagBag from /mnt/c/Users/wu_li/OneDrive/Desktop/Airflow_pract/venv/lib/python3.9/site-packages/airflow/example_dags/example_branch_day_of_week_operator.py
[2025-04-20T20:59:07.103+0800] {processor.py:925} INFO - DAG(s) 'example_weekday_branch_operator' retrieved from /mnt/c/Users/wu_li/OneDrive/Desktop/Airflow_pract/venv/lib/python3.9/site-packages/airflow/example_dags/example_branch_day_of_week_operator.py
[2025-04-20T20:59:07.153+0800] {logging_mixin.py:190} INFO - [2025-04-20T20:59:07.152+0800] {dag.py:3239} INFO - Sync 1 DAGs
[2025-04-20T20:59:07.217+0800] {logging_mixin.py:190} INFO - [2025-04-20T20:59:07.213+0800] {dag.py:4180} INFO - Setting next_dagrun for example_weekday_branch_operator to 2025-04-19 00:00:00+00:00, run_after=2025-04-20 00:00:00+00:00
[2025-04-20T20:59:07.318+0800] {processor.py:208} INFO - Processing /mnt/c/Users/wu_li/OneDrive/Desktop/Airflow_pract/venv/lib/python3.9/site-packages/airflow/example_dags/example_branch_day_of_week_operator.py took 0.289 seconds
[2025-04-20T21:00:33.314+0800] {processor.py:186} INFO - Started process (PID=91144) to work on /mnt/c/Users/wu_li/OneDrive/Desktop/Airflow_pract/venv/lib/python3.9/site-packages/airflow/example_dags/example_branch_day_of_week_operator.py
[2025-04-20T21:00:33.318+0800] {processor.py:914} INFO - Processing file /mnt/c/Users/wu_li/OneDrive/Desktop/Airflow_pract/venv/lib/python3.9/site-packages/airflow/example_dags/example_branch_day_of_week_operator.py for tasks to queue
[2025-04-20T21:00:33.322+0800] {logging_mixin.py:190} INFO - [2025-04-20T21:00:33.320+0800] {dagbag.py:588} INFO - Filling up the DagBag from /mnt/c/Users/wu_li/OneDrive/Desktop/Airflow_pract/venv/lib/python3.9/site-packages/airflow/example_dags/example_branch_day_of_week_operator.py
[2025-04-20T21:00:33.367+0800] {processor.py:925} INFO - DAG(s) 'example_weekday_branch_operator' retrieved from /mnt/c/Users/wu_li/OneDrive/Desktop/Airflow_pract/venv/lib/python3.9/site-packages/airflow/example_dags/example_branch_day_of_week_operator.py
[2025-04-20T21:00:33.419+0800] {logging_mixin.py:190} INFO - [2025-04-20T21:00:33.417+0800] {dag.py:3239} INFO - Sync 1 DAGs
[2025-04-20T21:00:33.495+0800] {logging_mixin.py:190} INFO - [2025-04-20T21:00:33.492+0800] {dag.py:4180} INFO - Setting next_dagrun for example_weekday_branch_operator to 2025-04-19 00:00:00+00:00, run_after=2025-04-20 00:00:00+00:00
[2025-04-20T21:00:33.592+0800] {processor.py:208} INFO - Processing /mnt/c/Users/wu_li/OneDrive/Desktop/Airflow_pract/venv/lib/python3.9/site-packages/airflow/example_dags/example_branch_day_of_week_operator.py took 0.296 seconds
[2025-04-20T21:02:06.753+0800] {processor.py:186} INFO - Started process (PID=92155) to work on /mnt/c/Users/wu_li/OneDrive/Desktop/Airflow_pract/venv/lib/python3.9/site-packages/airflow/example_dags/example_branch_day_of_week_operator.py
[2025-04-20T21:02:06.755+0800] {processor.py:914} INFO - Processing file /mnt/c/Users/wu_li/OneDrive/Desktop/Airflow_pract/venv/lib/python3.9/site-packages/airflow/example_dags/example_branch_day_of_week_operator.py for tasks to queue
[2025-04-20T21:02:06.760+0800] {logging_mixin.py:190} INFO - [2025-04-20T21:02:06.758+0800] {dagbag.py:588} INFO - Filling up the DagBag from /mnt/c/Users/wu_li/OneDrive/Desktop/Airflow_pract/venv/lib/python3.9/site-packages/airflow/example_dags/example_branch_day_of_week_operator.py
[2025-04-20T21:02:06.804+0800] {processor.py:925} INFO - DAG(s) 'example_weekday_branch_operator' retrieved from /mnt/c/Users/wu_li/OneDrive/Desktop/Airflow_pract/venv/lib/python3.9/site-packages/airflow/example_dags/example_branch_day_of_week_operator.py
[2025-04-20T21:02:06.845+0800] {logging_mixin.py:190} INFO - [2025-04-20T21:02:06.844+0800] {dag.py:3239} INFO - Sync 1 DAGs
[2025-04-20T21:02:06.905+0800] {logging_mixin.py:190} INFO - [2025-04-20T21:02:06.901+0800] {dag.py:4180} INFO - Setting next_dagrun for example_weekday_branch_operator to 2025-04-19 00:00:00+00:00, run_after=2025-04-20 00:00:00+00:00
[2025-04-20T21:02:06.996+0800] {processor.py:208} INFO - Processing /mnt/c/Users/wu_li/OneDrive/Desktop/Airflow_pract/venv/lib/python3.9/site-packages/airflow/example_dags/example_branch_day_of_week_operator.py took 0.261 seconds
[2025-04-20T21:03:32.737+0800] {processor.py:186} INFO - Started process (PID=93164) to work on /mnt/c/Users/wu_li/OneDrive/Desktop/Airflow_pract/venv/lib/python3.9/site-packages/airflow/example_dags/example_branch_day_of_week_operator.py
[2025-04-20T21:03:32.739+0800] {processor.py:914} INFO - Processing file /mnt/c/Users/wu_li/OneDrive/Desktop/Airflow_pract/venv/lib/python3.9/site-packages/airflow/example_dags/example_branch_day_of_week_operator.py for tasks to queue
[2025-04-20T21:03:32.741+0800] {logging_mixin.py:190} INFO - [2025-04-20T21:03:32.740+0800] {dagbag.py:588} INFO - Filling up the DagBag from /mnt/c/Users/wu_li/OneDrive/Desktop/Airflow_pract/venv/lib/python3.9/site-packages/airflow/example_dags/example_branch_day_of_week_operator.py
[2025-04-20T21:03:32.765+0800] {processor.py:925} INFO - DAG(s) 'example_weekday_branch_operator' retrieved from /mnt/c/Users/wu_li/OneDrive/Desktop/Airflow_pract/venv/lib/python3.9/site-packages/airflow/example_dags/example_branch_day_of_week_operator.py
[2025-04-20T21:03:32.791+0800] {logging_mixin.py:190} INFO - [2025-04-20T21:03:32.790+0800] {dag.py:3239} INFO - Sync 1 DAGs
[2025-04-20T21:03:32.812+0800] {logging_mixin.py:190} INFO - [2025-04-20T21:03:32.811+0800] {dag.py:4180} INFO - Setting next_dagrun for example_weekday_branch_operator to 2025-04-19 00:00:00+00:00, run_after=2025-04-20 00:00:00+00:00
[2025-04-20T21:03:32.866+0800] {processor.py:208} INFO - Processing /mnt/c/Users/wu_li/OneDrive/Desktop/Airflow_pract/venv/lib/python3.9/site-packages/airflow/example_dags/example_branch_day_of_week_operator.py took 0.139 seconds
[2025-04-20T21:05:00.918+0800] {processor.py:186} INFO - Started process (PID=94241) to work on /mnt/c/Users/wu_li/OneDrive/Desktop/Airflow_pract/venv/lib/python3.9/site-packages/airflow/example_dags/example_branch_day_of_week_operator.py
[2025-04-20T21:05:00.921+0800] {processor.py:914} INFO - Processing file /mnt/c/Users/wu_li/OneDrive/Desktop/Airflow_pract/venv/lib/python3.9/site-packages/airflow/example_dags/example_branch_day_of_week_operator.py for tasks to queue
[2025-04-20T21:05:00.925+0800] {logging_mixin.py:190} INFO - [2025-04-20T21:05:00.923+0800] {dagbag.py:588} INFO - Filling up the DagBag from /mnt/c/Users/wu_li/OneDrive/Desktop/Airflow_pract/venv/lib/python3.9/site-packages/airflow/example_dags/example_branch_day_of_week_operator.py
[2025-04-20T21:05:00.963+0800] {processor.py:925} INFO - DAG(s) 'example_weekday_branch_operator' retrieved from /mnt/c/Users/wu_li/OneDrive/Desktop/Airflow_pract/venv/lib/python3.9/site-packages/airflow/example_dags/example_branch_day_of_week_operator.py
[2025-04-20T21:05:01.010+0800] {logging_mixin.py:190} INFO - [2025-04-20T21:05:01.009+0800] {dag.py:3239} INFO - Sync 1 DAGs
[2025-04-20T21:05:01.081+0800] {logging_mixin.py:190} INFO - [2025-04-20T21:05:01.077+0800] {dag.py:4180} INFO - Setting next_dagrun for example_weekday_branch_operator to 2025-04-19 00:00:00+00:00, run_after=2025-04-20 00:00:00+00:00
[2025-04-20T21:05:01.220+0800] {processor.py:208} INFO - Processing /mnt/c/Users/wu_li/OneDrive/Desktop/Airflow_pract/venv/lib/python3.9/site-packages/airflow/example_dags/example_branch_day_of_week_operator.py took 0.319 seconds
[2025-04-20T21:06:33.869+0800] {processor.py:186} INFO - Started process (PID=95323) to work on /mnt/c/Users/wu_li/OneDrive/Desktop/Airflow_pract/venv/lib/python3.9/site-packages/airflow/example_dags/example_branch_day_of_week_operator.py
[2025-04-20T21:06:33.870+0800] {processor.py:914} INFO - Processing file /mnt/c/Users/wu_li/OneDrive/Desktop/Airflow_pract/venv/lib/python3.9/site-packages/airflow/example_dags/example_branch_day_of_week_operator.py for tasks to queue
[2025-04-20T21:06:33.872+0800] {logging_mixin.py:190} INFO - [2025-04-20T21:06:33.871+0800] {dagbag.py:588} INFO - Filling up the DagBag from /mnt/c/Users/wu_li/OneDrive/Desktop/Airflow_pract/venv/lib/python3.9/site-packages/airflow/example_dags/example_branch_day_of_week_operator.py
[2025-04-20T21:06:33.897+0800] {processor.py:925} INFO - DAG(s) 'example_weekday_branch_operator' retrieved from /mnt/c/Users/wu_li/OneDrive/Desktop/Airflow_pract/venv/lib/python3.9/site-packages/airflow/example_dags/example_branch_day_of_week_operator.py
[2025-04-20T21:06:33.922+0800] {logging_mixin.py:190} INFO - [2025-04-20T21:06:33.922+0800] {dag.py:3239} INFO - Sync 1 DAGs
[2025-04-20T21:06:33.946+0800] {logging_mixin.py:190} INFO - [2025-04-20T21:06:33.945+0800] {dag.py:4180} INFO - Setting next_dagrun for example_weekday_branch_operator to 2025-04-19 00:00:00+00:00, run_after=2025-04-20 00:00:00+00:00
[2025-04-20T21:06:33.999+0800] {processor.py:208} INFO - Processing /mnt/c/Users/wu_li/OneDrive/Desktop/Airflow_pract/venv/lib/python3.9/site-packages/airflow/example_dags/example_branch_day_of_week_operator.py took 0.141 seconds
[2025-04-20T21:08:06.722+0800] {processor.py:186} INFO - Started process (PID=96474) to work on /mnt/c/Users/wu_li/OneDrive/Desktop/Airflow_pract/venv/lib/python3.9/site-packages/airflow/example_dags/example_branch_day_of_week_operator.py
[2025-04-20T21:08:06.724+0800] {processor.py:914} INFO - Processing file /mnt/c/Users/wu_li/OneDrive/Desktop/Airflow_pract/venv/lib/python3.9/site-packages/airflow/example_dags/example_branch_day_of_week_operator.py for tasks to queue
[2025-04-20T21:08:06.728+0800] {logging_mixin.py:190} INFO - [2025-04-20T21:08:06.726+0800] {dagbag.py:588} INFO - Filling up the DagBag from /mnt/c/Users/wu_li/OneDrive/Desktop/Airflow_pract/venv/lib/python3.9/site-packages/airflow/example_dags/example_branch_day_of_week_operator.py
[2025-04-20T21:08:06.773+0800] {processor.py:925} INFO - DAG(s) 'example_weekday_branch_operator' retrieved from /mnt/c/Users/wu_li/OneDrive/Desktop/Airflow_pract/venv/lib/python3.9/site-packages/airflow/example_dags/example_branch_day_of_week_operator.py
[2025-04-20T21:08:06.823+0800] {logging_mixin.py:190} INFO - [2025-04-20T21:08:06.822+0800] {dag.py:3239} INFO - Sync 1 DAGs
[2025-04-20T21:08:06.880+0800] {logging_mixin.py:190} INFO - [2025-04-20T21:08:06.876+0800] {dag.py:4180} INFO - Setting next_dagrun for example_weekday_branch_operator to 2025-04-19 00:00:00+00:00, run_after=2025-04-20 00:00:00+00:00
[2025-04-20T21:08:06.963+0800] {processor.py:208} INFO - Processing /mnt/c/Users/wu_li/OneDrive/Desktop/Airflow_pract/venv/lib/python3.9/site-packages/airflow/example_dags/example_branch_day_of_week_operator.py took 0.260 seconds
[2025-04-20T21:09:36.351+0800] {processor.py:186} INFO - Started process (PID=97553) to work on /mnt/c/Users/wu_li/OneDrive/Desktop/Airflow_pract/venv/lib/python3.9/site-packages/airflow/example_dags/example_branch_day_of_week_operator.py
[2025-04-20T21:09:36.354+0800] {processor.py:914} INFO - Processing file /mnt/c/Users/wu_li/OneDrive/Desktop/Airflow_pract/venv/lib/python3.9/site-packages/airflow/example_dags/example_branch_day_of_week_operator.py for tasks to queue
[2025-04-20T21:09:36.358+0800] {logging_mixin.py:190} INFO - [2025-04-20T21:09:36.356+0800] {dagbag.py:588} INFO - Filling up the DagBag from /mnt/c/Users/wu_li/OneDrive/Desktop/Airflow_pract/venv/lib/python3.9/site-packages/airflow/example_dags/example_branch_day_of_week_operator.py
[2025-04-20T21:09:36.404+0800] {processor.py:925} INFO - DAG(s) 'example_weekday_branch_operator' retrieved from /mnt/c/Users/wu_li/OneDrive/Desktop/Airflow_pract/venv/lib/python3.9/site-packages/airflow/example_dags/example_branch_day_of_week_operator.py
[2025-04-20T21:09:36.457+0800] {logging_mixin.py:190} INFO - [2025-04-20T21:09:36.455+0800] {dag.py:3239} INFO - Sync 1 DAGs
[2025-04-20T21:09:36.518+0800] {logging_mixin.py:190} INFO - [2025-04-20T21:09:36.516+0800] {dag.py:4180} INFO - Setting next_dagrun for example_weekday_branch_operator to 2025-04-19 00:00:00+00:00, run_after=2025-04-20 00:00:00+00:00
[2025-04-20T21:09:36.609+0800] {processor.py:208} INFO - Processing /mnt/c/Users/wu_li/OneDrive/Desktop/Airflow_pract/venv/lib/python3.9/site-packages/airflow/example_dags/example_branch_day_of_week_operator.py took 0.275 seconds
[2025-04-20T21:11:08.132+0800] {processor.py:186} INFO - Started process (PID=98634) to work on /mnt/c/Users/wu_li/OneDrive/Desktop/Airflow_pract/venv/lib/python3.9/site-packages/airflow/example_dags/example_branch_day_of_week_operator.py
[2025-04-20T21:11:08.134+0800] {processor.py:914} INFO - Processing file /mnt/c/Users/wu_li/OneDrive/Desktop/Airflow_pract/venv/lib/python3.9/site-packages/airflow/example_dags/example_branch_day_of_week_operator.py for tasks to queue
[2025-04-20T21:11:08.138+0800] {logging_mixin.py:190} INFO - [2025-04-20T21:11:08.136+0800] {dagbag.py:588} INFO - Filling up the DagBag from /mnt/c/Users/wu_li/OneDrive/Desktop/Airflow_pract/venv/lib/python3.9/site-packages/airflow/example_dags/example_branch_day_of_week_operator.py
[2025-04-20T21:11:08.176+0800] {processor.py:925} INFO - DAG(s) 'example_weekday_branch_operator' retrieved from /mnt/c/Users/wu_li/OneDrive/Desktop/Airflow_pract/venv/lib/python3.9/site-packages/airflow/example_dags/example_branch_day_of_week_operator.py
[2025-04-20T21:11:08.220+0800] {logging_mixin.py:190} INFO - [2025-04-20T21:11:08.219+0800] {dag.py:3239} INFO - Sync 1 DAGs
[2025-04-20T21:11:08.294+0800] {logging_mixin.py:190} INFO - [2025-04-20T21:11:08.291+0800] {dag.py:4180} INFO - Setting next_dagrun for example_weekday_branch_operator to 2025-04-19 00:00:00+00:00, run_after=2025-04-20 00:00:00+00:00
[2025-04-20T21:11:08.381+0800] {processor.py:208} INFO - Processing /mnt/c/Users/wu_li/OneDrive/Desktop/Airflow_pract/venv/lib/python3.9/site-packages/airflow/example_dags/example_branch_day_of_week_operator.py took 0.267 seconds
[2025-04-20T21:12:39.796+0800] {processor.py:186} INFO - Started process (PID=99717) to work on /mnt/c/Users/wu_li/OneDrive/Desktop/Airflow_pract/venv/lib/python3.9/site-packages/airflow/example_dags/example_branch_day_of_week_operator.py
[2025-04-20T21:12:39.799+0800] {processor.py:914} INFO - Processing file /mnt/c/Users/wu_li/OneDrive/Desktop/Airflow_pract/venv/lib/python3.9/site-packages/airflow/example_dags/example_branch_day_of_week_operator.py for tasks to queue
[2025-04-20T21:12:39.803+0800] {logging_mixin.py:190} INFO - [2025-04-20T21:12:39.801+0800] {dagbag.py:588} INFO - Filling up the DagBag from /mnt/c/Users/wu_li/OneDrive/Desktop/Airflow_pract/venv/lib/python3.9/site-packages/airflow/example_dags/example_branch_day_of_week_operator.py
[2025-04-20T21:12:39.843+0800] {processor.py:925} INFO - DAG(s) 'example_weekday_branch_operator' retrieved from /mnt/c/Users/wu_li/OneDrive/Desktop/Airflow_pract/venv/lib/python3.9/site-packages/airflow/example_dags/example_branch_day_of_week_operator.py
[2025-04-20T21:12:39.894+0800] {logging_mixin.py:190} INFO - [2025-04-20T21:12:39.893+0800] {dag.py:3239} INFO - Sync 1 DAGs
[2025-04-20T21:12:39.961+0800] {logging_mixin.py:190} INFO - [2025-04-20T21:12:39.958+0800] {dag.py:4180} INFO - Setting next_dagrun for example_weekday_branch_operator to 2025-04-19 00:00:00+00:00, run_after=2025-04-20 00:00:00+00:00
[2025-04-20T21:12:40.061+0800] {processor.py:208} INFO - Processing /mnt/c/Users/wu_li/OneDrive/Desktop/Airflow_pract/venv/lib/python3.9/site-packages/airflow/example_dags/example_branch_day_of_week_operator.py took 0.283 seconds
[2025-04-20T21:14:09.584+0800] {processor.py:186} INFO - Started process (PID=100724) to work on /mnt/c/Users/wu_li/OneDrive/Desktop/Airflow_pract/venv/lib/python3.9/site-packages/airflow/example_dags/example_branch_day_of_week_operator.py
[2025-04-20T21:14:09.586+0800] {processor.py:914} INFO - Processing file /mnt/c/Users/wu_li/OneDrive/Desktop/Airflow_pract/venv/lib/python3.9/site-packages/airflow/example_dags/example_branch_day_of_week_operator.py for tasks to queue
[2025-04-20T21:14:09.589+0800] {logging_mixin.py:190} INFO - [2025-04-20T21:14:09.588+0800] {dagbag.py:588} INFO - Filling up the DagBag from /mnt/c/Users/wu_li/OneDrive/Desktop/Airflow_pract/venv/lib/python3.9/site-packages/airflow/example_dags/example_branch_day_of_week_operator.py
[2025-04-20T21:14:09.616+0800] {processor.py:925} INFO - DAG(s) 'example_weekday_branch_operator' retrieved from /mnt/c/Users/wu_li/OneDrive/Desktop/Airflow_pract/venv/lib/python3.9/site-packages/airflow/example_dags/example_branch_day_of_week_operator.py
[2025-04-20T21:14:09.647+0800] {logging_mixin.py:190} INFO - [2025-04-20T21:14:09.646+0800] {dag.py:3239} INFO - Sync 1 DAGs
[2025-04-20T21:14:09.674+0800] {logging_mixin.py:190} INFO - [2025-04-20T21:14:09.673+0800] {dag.py:4180} INFO - Setting next_dagrun for example_weekday_branch_operator to 2025-04-19 00:00:00+00:00, run_after=2025-04-20 00:00:00+00:00
[2025-04-20T21:14:09.739+0800] {processor.py:208} INFO - Processing /mnt/c/Users/wu_li/OneDrive/Desktop/Airflow_pract/venv/lib/python3.9/site-packages/airflow/example_dags/example_branch_day_of_week_operator.py took 0.165 seconds
[2025-04-20T21:15:38.592+0800] {processor.py:186} INFO - Started process (PID=101802) to work on /mnt/c/Users/wu_li/OneDrive/Desktop/Airflow_pract/venv/lib/python3.9/site-packages/airflow/example_dags/example_branch_day_of_week_operator.py
[2025-04-20T21:15:38.594+0800] {processor.py:914} INFO - Processing file /mnt/c/Users/wu_li/OneDrive/Desktop/Airflow_pract/venv/lib/python3.9/site-packages/airflow/example_dags/example_branch_day_of_week_operator.py for tasks to queue
[2025-04-20T21:15:38.598+0800] {logging_mixin.py:190} INFO - [2025-04-20T21:15:38.597+0800] {dagbag.py:588} INFO - Filling up the DagBag from /mnt/c/Users/wu_li/OneDrive/Desktop/Airflow_pract/venv/lib/python3.9/site-packages/airflow/example_dags/example_branch_day_of_week_operator.py
[2025-04-20T21:15:38.637+0800] {processor.py:925} INFO - DAG(s) 'example_weekday_branch_operator' retrieved from /mnt/c/Users/wu_li/OneDrive/Desktop/Airflow_pract/venv/lib/python3.9/site-packages/airflow/example_dags/example_branch_day_of_week_operator.py
[2025-04-20T21:15:38.681+0800] {logging_mixin.py:190} INFO - [2025-04-20T21:15:38.679+0800] {dag.py:3239} INFO - Sync 1 DAGs
[2025-04-20T21:15:38.752+0800] {logging_mixin.py:190} INFO - [2025-04-20T21:15:38.748+0800] {dag.py:4180} INFO - Setting next_dagrun for example_weekday_branch_operator to 2025-04-19 00:00:00+00:00, run_after=2025-04-20 00:00:00+00:00
[2025-04-20T21:15:38.843+0800] {processor.py:208} INFO - Processing /mnt/c/Users/wu_li/OneDrive/Desktop/Airflow_pract/venv/lib/python3.9/site-packages/airflow/example_dags/example_branch_day_of_week_operator.py took 0.271 seconds
[2025-04-20T21:17:09.548+0800] {processor.py:186} INFO - Started process (PID=102818) to work on /mnt/c/Users/wu_li/OneDrive/Desktop/Airflow_pract/venv/lib/python3.9/site-packages/airflow/example_dags/example_branch_day_of_week_operator.py
[2025-04-20T21:17:09.550+0800] {processor.py:914} INFO - Processing file /mnt/c/Users/wu_li/OneDrive/Desktop/Airflow_pract/venv/lib/python3.9/site-packages/airflow/example_dags/example_branch_day_of_week_operator.py for tasks to queue
[2025-04-20T21:17:09.552+0800] {logging_mixin.py:190} INFO - [2025-04-20T21:17:09.551+0800] {dagbag.py:588} INFO - Filling up the DagBag from /mnt/c/Users/wu_li/OneDrive/Desktop/Airflow_pract/venv/lib/python3.9/site-packages/airflow/example_dags/example_branch_day_of_week_operator.py
[2025-04-20T21:17:09.578+0800] {processor.py:925} INFO - DAG(s) 'example_weekday_branch_operator' retrieved from /mnt/c/Users/wu_li/OneDrive/Desktop/Airflow_pract/venv/lib/python3.9/site-packages/airflow/example_dags/example_branch_day_of_week_operator.py
[2025-04-20T21:17:09.603+0800] {logging_mixin.py:190} INFO - [2025-04-20T21:17:09.602+0800] {dag.py:3239} INFO - Sync 1 DAGs
[2025-04-20T21:17:09.624+0800] {logging_mixin.py:190} INFO - [2025-04-20T21:17:09.623+0800] {dag.py:4180} INFO - Setting next_dagrun for example_weekday_branch_operator to 2025-04-19 00:00:00+00:00, run_after=2025-04-20 00:00:00+00:00
[2025-04-20T21:17:09.672+0800] {processor.py:208} INFO - Processing /mnt/c/Users/wu_li/OneDrive/Desktop/Airflow_pract/venv/lib/python3.9/site-packages/airflow/example_dags/example_branch_day_of_week_operator.py took 0.135 seconds
[2025-04-20T21:18:34.967+0800] {processor.py:186} INFO - Started process (PID=103820) to work on /mnt/c/Users/wu_li/OneDrive/Desktop/Airflow_pract/venv/lib/python3.9/site-packages/airflow/example_dags/example_branch_day_of_week_operator.py
[2025-04-20T21:18:34.969+0800] {processor.py:914} INFO - Processing file /mnt/c/Users/wu_li/OneDrive/Desktop/Airflow_pract/venv/lib/python3.9/site-packages/airflow/example_dags/example_branch_day_of_week_operator.py for tasks to queue
[2025-04-20T21:18:34.974+0800] {logging_mixin.py:190} INFO - [2025-04-20T21:18:34.973+0800] {dagbag.py:588} INFO - Filling up the DagBag from /mnt/c/Users/wu_li/OneDrive/Desktop/Airflow_pract/venv/lib/python3.9/site-packages/airflow/example_dags/example_branch_day_of_week_operator.py
[2025-04-20T21:18:35.019+0800] {processor.py:925} INFO - DAG(s) 'example_weekday_branch_operator' retrieved from /mnt/c/Users/wu_li/OneDrive/Desktop/Airflow_pract/venv/lib/python3.9/site-packages/airflow/example_dags/example_branch_day_of_week_operator.py
[2025-04-20T21:18:35.080+0800] {logging_mixin.py:190} INFO - [2025-04-20T21:18:35.078+0800] {dag.py:3239} INFO - Sync 1 DAGs
[2025-04-20T21:18:35.132+0800] {logging_mixin.py:190} INFO - [2025-04-20T21:18:35.127+0800] {dag.py:4180} INFO - Setting next_dagrun for example_weekday_branch_operator to 2025-04-19 00:00:00+00:00, run_after=2025-04-20 00:00:00+00:00
[2025-04-20T21:18:35.208+0800] {processor.py:208} INFO - Processing /mnt/c/Users/wu_li/OneDrive/Desktop/Airflow_pract/venv/lib/python3.9/site-packages/airflow/example_dags/example_branch_day_of_week_operator.py took 0.260 seconds
[2025-04-20T21:20:04.429+0800] {processor.py:186} INFO - Started process (PID=104899) to work on /mnt/c/Users/wu_li/OneDrive/Desktop/Airflow_pract/venv/lib/python3.9/site-packages/airflow/example_dags/example_branch_day_of_week_operator.py
[2025-04-20T21:20:04.434+0800] {processor.py:914} INFO - Processing file /mnt/c/Users/wu_li/OneDrive/Desktop/Airflow_pract/venv/lib/python3.9/site-packages/airflow/example_dags/example_branch_day_of_week_operator.py for tasks to queue
[2025-04-20T21:20:04.443+0800] {logging_mixin.py:190} INFO - [2025-04-20T21:20:04.440+0800] {dagbag.py:588} INFO - Filling up the DagBag from /mnt/c/Users/wu_li/OneDrive/Desktop/Airflow_pract/venv/lib/python3.9/site-packages/airflow/example_dags/example_branch_day_of_week_operator.py
[2025-04-20T21:20:04.498+0800] {processor.py:925} INFO - DAG(s) 'example_weekday_branch_operator' retrieved from /mnt/c/Users/wu_li/OneDrive/Desktop/Airflow_pract/venv/lib/python3.9/site-packages/airflow/example_dags/example_branch_day_of_week_operator.py
[2025-04-20T21:20:04.553+0800] {logging_mixin.py:190} INFO - [2025-04-20T21:20:04.551+0800] {dag.py:3239} INFO - Sync 1 DAGs
[2025-04-20T21:20:04.622+0800] {logging_mixin.py:190} INFO - [2025-04-20T21:20:04.619+0800] {dag.py:4180} INFO - Setting next_dagrun for example_weekday_branch_operator to 2025-04-19 00:00:00+00:00, run_after=2025-04-20 00:00:00+00:00
[2025-04-20T21:20:04.716+0800] {processor.py:208} INFO - Processing /mnt/c/Users/wu_li/OneDrive/Desktop/Airflow_pract/venv/lib/python3.9/site-packages/airflow/example_dags/example_branch_day_of_week_operator.py took 0.306 seconds
[2025-04-20T21:21:35.697+0800] {processor.py:186} INFO - Started process (PID=105948) to work on /mnt/c/Users/wu_li/OneDrive/Desktop/Airflow_pract/venv/lib/python3.9/site-packages/airflow/example_dags/example_branch_day_of_week_operator.py
[2025-04-20T21:21:35.709+0800] {processor.py:914} INFO - Processing file /mnt/c/Users/wu_li/OneDrive/Desktop/Airflow_pract/venv/lib/python3.9/site-packages/airflow/example_dags/example_branch_day_of_week_operator.py for tasks to queue
[2025-04-20T21:21:35.713+0800] {logging_mixin.py:190} INFO - [2025-04-20T21:21:35.712+0800] {dagbag.py:588} INFO - Filling up the DagBag from /mnt/c/Users/wu_li/OneDrive/Desktop/Airflow_pract/venv/lib/python3.9/site-packages/airflow/example_dags/example_branch_day_of_week_operator.py
[2025-04-20T21:21:35.769+0800] {processor.py:925} INFO - DAG(s) 'example_weekday_branch_operator' retrieved from /mnt/c/Users/wu_li/OneDrive/Desktop/Airflow_pract/venv/lib/python3.9/site-packages/airflow/example_dags/example_branch_day_of_week_operator.py
[2025-04-20T21:21:35.813+0800] {logging_mixin.py:190} INFO - [2025-04-20T21:21:35.812+0800] {dag.py:3239} INFO - Sync 1 DAGs
[2025-04-20T21:21:35.899+0800] {logging_mixin.py:190} INFO - [2025-04-20T21:21:35.897+0800] {dag.py:4180} INFO - Setting next_dagrun for example_weekday_branch_operator to 2025-04-19 00:00:00+00:00, run_after=2025-04-20 00:00:00+00:00
[2025-04-20T21:21:35.974+0800] {processor.py:208} INFO - Processing /mnt/c/Users/wu_li/OneDrive/Desktop/Airflow_pract/venv/lib/python3.9/site-packages/airflow/example_dags/example_branch_day_of_week_operator.py took 0.288 seconds
[2025-04-20T21:23:09.461+0800] {processor.py:186} INFO - Started process (PID=106916) to work on /mnt/c/Users/wu_li/OneDrive/Desktop/Airflow_pract/venv/lib/python3.9/site-packages/airflow/example_dags/example_branch_day_of_week_operator.py
[2025-04-20T21:23:09.465+0800] {processor.py:914} INFO - Processing file /mnt/c/Users/wu_li/OneDrive/Desktop/Airflow_pract/venv/lib/python3.9/site-packages/airflow/example_dags/example_branch_day_of_week_operator.py for tasks to queue
[2025-04-20T21:23:09.469+0800] {logging_mixin.py:190} INFO - [2025-04-20T21:23:09.467+0800] {dagbag.py:588} INFO - Filling up the DagBag from /mnt/c/Users/wu_li/OneDrive/Desktop/Airflow_pract/venv/lib/python3.9/site-packages/airflow/example_dags/example_branch_day_of_week_operator.py
[2025-04-20T21:23:09.521+0800] {processor.py:925} INFO - DAG(s) 'example_weekday_branch_operator' retrieved from /mnt/c/Users/wu_li/OneDrive/Desktop/Airflow_pract/venv/lib/python3.9/site-packages/airflow/example_dags/example_branch_day_of_week_operator.py
[2025-04-20T21:23:09.574+0800] {logging_mixin.py:190} INFO - [2025-04-20T21:23:09.572+0800] {dag.py:3239} INFO - Sync 1 DAGs
[2025-04-20T21:23:09.641+0800] {logging_mixin.py:190} INFO - [2025-04-20T21:23:09.638+0800] {dag.py:4180} INFO - Setting next_dagrun for example_weekday_branch_operator to 2025-04-19 00:00:00+00:00, run_after=2025-04-20 00:00:00+00:00
[2025-04-20T21:23:09.759+0800] {processor.py:208} INFO - Processing /mnt/c/Users/wu_li/OneDrive/Desktop/Airflow_pract/venv/lib/python3.9/site-packages/airflow/example_dags/example_branch_day_of_week_operator.py took 0.316 seconds
[2025-04-20T21:24:39.061+0800] {processor.py:186} INFO - Started process (PID=107995) to work on /mnt/c/Users/wu_li/OneDrive/Desktop/Airflow_pract/venv/lib/python3.9/site-packages/airflow/example_dags/example_branch_day_of_week_operator.py
[2025-04-20T21:24:39.064+0800] {processor.py:914} INFO - Processing file /mnt/c/Users/wu_li/OneDrive/Desktop/Airflow_pract/venv/lib/python3.9/site-packages/airflow/example_dags/example_branch_day_of_week_operator.py for tasks to queue
[2025-04-20T21:24:39.069+0800] {logging_mixin.py:190} INFO - [2025-04-20T21:24:39.067+0800] {dagbag.py:588} INFO - Filling up the DagBag from /mnt/c/Users/wu_li/OneDrive/Desktop/Airflow_pract/venv/lib/python3.9/site-packages/airflow/example_dags/example_branch_day_of_week_operator.py
[2025-04-20T21:24:39.121+0800] {processor.py:925} INFO - DAG(s) 'example_weekday_branch_operator' retrieved from /mnt/c/Users/wu_li/OneDrive/Desktop/Airflow_pract/venv/lib/python3.9/site-packages/airflow/example_dags/example_branch_day_of_week_operator.py
[2025-04-20T21:24:39.207+0800] {logging_mixin.py:190} INFO - [2025-04-20T21:24:39.199+0800] {dag.py:3239} INFO - Sync 1 DAGs
[2025-04-20T21:24:39.266+0800] {logging_mixin.py:190} INFO - [2025-04-20T21:24:39.263+0800] {dag.py:4180} INFO - Setting next_dagrun for example_weekday_branch_operator to 2025-04-19 00:00:00+00:00, run_after=2025-04-20 00:00:00+00:00
[2025-04-20T21:24:39.354+0800] {processor.py:208} INFO - Processing /mnt/c/Users/wu_li/OneDrive/Desktop/Airflow_pract/venv/lib/python3.9/site-packages/airflow/example_dags/example_branch_day_of_week_operator.py took 0.312 seconds
[2025-04-20T21:26:10.377+0800] {processor.py:186} INFO - Started process (PID=109002) to work on /mnt/c/Users/wu_li/OneDrive/Desktop/Airflow_pract/venv/lib/python3.9/site-packages/airflow/example_dags/example_branch_day_of_week_operator.py
[2025-04-20T21:26:10.379+0800] {processor.py:914} INFO - Processing file /mnt/c/Users/wu_li/OneDrive/Desktop/Airflow_pract/venv/lib/python3.9/site-packages/airflow/example_dags/example_branch_day_of_week_operator.py for tasks to queue
[2025-04-20T21:26:10.383+0800] {logging_mixin.py:190} INFO - [2025-04-20T21:26:10.381+0800] {dagbag.py:588} INFO - Filling up the DagBag from /mnt/c/Users/wu_li/OneDrive/Desktop/Airflow_pract/venv/lib/python3.9/site-packages/airflow/example_dags/example_branch_day_of_week_operator.py
[2025-04-20T21:26:10.432+0800] {processor.py:925} INFO - DAG(s) 'example_weekday_branch_operator' retrieved from /mnt/c/Users/wu_li/OneDrive/Desktop/Airflow_pract/venv/lib/python3.9/site-packages/airflow/example_dags/example_branch_day_of_week_operator.py
[2025-04-20T21:26:10.500+0800] {logging_mixin.py:190} INFO - [2025-04-20T21:26:10.498+0800] {dag.py:3239} INFO - Sync 1 DAGs
[2025-04-20T21:26:10.568+0800] {logging_mixin.py:190} INFO - [2025-04-20T21:26:10.564+0800] {dag.py:4180} INFO - Setting next_dagrun for example_weekday_branch_operator to 2025-04-19 00:00:00+00:00, run_after=2025-04-20 00:00:00+00:00
[2025-04-20T21:26:10.666+0800] {processor.py:208} INFO - Processing /mnt/c/Users/wu_li/OneDrive/Desktop/Airflow_pract/venv/lib/python3.9/site-packages/airflow/example_dags/example_branch_day_of_week_operator.py took 0.309 seconds
[2025-04-20T21:27:39.893+0800] {processor.py:186} INFO - Started process (PID=110012) to work on /mnt/c/Users/wu_li/OneDrive/Desktop/Airflow_pract/venv/lib/python3.9/site-packages/airflow/example_dags/example_branch_day_of_week_operator.py
[2025-04-20T21:27:39.895+0800] {processor.py:914} INFO - Processing file /mnt/c/Users/wu_li/OneDrive/Desktop/Airflow_pract/venv/lib/python3.9/site-packages/airflow/example_dags/example_branch_day_of_week_operator.py for tasks to queue
[2025-04-20T21:27:39.897+0800] {logging_mixin.py:190} INFO - [2025-04-20T21:27:39.896+0800] {dagbag.py:588} INFO - Filling up the DagBag from /mnt/c/Users/wu_li/OneDrive/Desktop/Airflow_pract/venv/lib/python3.9/site-packages/airflow/example_dags/example_branch_day_of_week_operator.py
[2025-04-20T21:27:39.924+0800] {processor.py:925} INFO - DAG(s) 'example_weekday_branch_operator' retrieved from /mnt/c/Users/wu_li/OneDrive/Desktop/Airflow_pract/venv/lib/python3.9/site-packages/airflow/example_dags/example_branch_day_of_week_operator.py
[2025-04-20T21:27:39.948+0800] {logging_mixin.py:190} INFO - [2025-04-20T21:27:39.948+0800] {dag.py:3239} INFO - Sync 1 DAGs
[2025-04-20T21:27:39.970+0800] {logging_mixin.py:190} INFO - [2025-04-20T21:27:39.969+0800] {dag.py:4180} INFO - Setting next_dagrun for example_weekday_branch_operator to 2025-04-19 00:00:00+00:00, run_after=2025-04-20 00:00:00+00:00
[2025-04-20T21:27:40.018+0800] {processor.py:208} INFO - Processing /mnt/c/Users/wu_li/OneDrive/Desktop/Airflow_pract/venv/lib/python3.9/site-packages/airflow/example_dags/example_branch_day_of_week_operator.py took 0.135 seconds
[2025-04-20T21:29:12.757+0800] {processor.py:186} INFO - Started process (PID=111133) to work on /mnt/c/Users/wu_li/OneDrive/Desktop/Airflow_pract/venv/lib/python3.9/site-packages/airflow/example_dags/example_branch_day_of_week_operator.py
[2025-04-20T21:29:12.759+0800] {processor.py:914} INFO - Processing file /mnt/c/Users/wu_li/OneDrive/Desktop/Airflow_pract/venv/lib/python3.9/site-packages/airflow/example_dags/example_branch_day_of_week_operator.py for tasks to queue
[2025-04-20T21:29:12.762+0800] {logging_mixin.py:190} INFO - [2025-04-20T21:29:12.761+0800] {dagbag.py:588} INFO - Filling up the DagBag from /mnt/c/Users/wu_li/OneDrive/Desktop/Airflow_pract/venv/lib/python3.9/site-packages/airflow/example_dags/example_branch_day_of_week_operator.py
[2025-04-20T21:29:12.797+0800] {processor.py:925} INFO - DAG(s) 'example_weekday_branch_operator' retrieved from /mnt/c/Users/wu_li/OneDrive/Desktop/Airflow_pract/venv/lib/python3.9/site-packages/airflow/example_dags/example_branch_day_of_week_operator.py
[2025-04-20T21:29:12.824+0800] {logging_mixin.py:190} INFO - [2025-04-20T21:29:12.823+0800] {dag.py:3239} INFO - Sync 1 DAGs
[2025-04-20T21:29:12.849+0800] {logging_mixin.py:190} INFO - [2025-04-20T21:29:12.847+0800] {dag.py:4180} INFO - Setting next_dagrun for example_weekday_branch_operator to 2025-04-19 00:00:00+00:00, run_after=2025-04-20 00:00:00+00:00
[2025-04-20T21:29:12.914+0800] {processor.py:208} INFO - Processing /mnt/c/Users/wu_li/OneDrive/Desktop/Airflow_pract/venv/lib/python3.9/site-packages/airflow/example_dags/example_branch_day_of_week_operator.py took 0.172 seconds
[2025-04-20T21:30:42.702+0800] {processor.py:186} INFO - Started process (PID=112170) to work on /mnt/c/Users/wu_li/OneDrive/Desktop/Airflow_pract/venv/lib/python3.9/site-packages/airflow/example_dags/example_branch_day_of_week_operator.py
[2025-04-20T21:30:42.706+0800] {processor.py:914} INFO - Processing file /mnt/c/Users/wu_li/OneDrive/Desktop/Airflow_pract/venv/lib/python3.9/site-packages/airflow/example_dags/example_branch_day_of_week_operator.py for tasks to queue
[2025-04-20T21:30:42.717+0800] {logging_mixin.py:190} INFO - [2025-04-20T21:30:42.714+0800] {dagbag.py:588} INFO - Filling up the DagBag from /mnt/c/Users/wu_li/OneDrive/Desktop/Airflow_pract/venv/lib/python3.9/site-packages/airflow/example_dags/example_branch_day_of_week_operator.py
[2025-04-20T21:30:42.786+0800] {processor.py:925} INFO - DAG(s) 'example_weekday_branch_operator' retrieved from /mnt/c/Users/wu_li/OneDrive/Desktop/Airflow_pract/venv/lib/python3.9/site-packages/airflow/example_dags/example_branch_day_of_week_operator.py
[2025-04-20T21:30:42.841+0800] {logging_mixin.py:190} INFO - [2025-04-20T21:30:42.840+0800] {dag.py:3239} INFO - Sync 1 DAGs
[2025-04-20T21:30:42.909+0800] {logging_mixin.py:190} INFO - [2025-04-20T21:30:42.906+0800] {dag.py:4180} INFO - Setting next_dagrun for example_weekday_branch_operator to 2025-04-19 00:00:00+00:00, run_after=2025-04-20 00:00:00+00:00
[2025-04-20T21:30:43.032+0800] {processor.py:208} INFO - Processing /mnt/c/Users/wu_li/OneDrive/Desktop/Airflow_pract/venv/lib/python3.9/site-packages/airflow/example_dags/example_branch_day_of_week_operator.py took 0.350 seconds
[2025-04-20T21:32:16.087+0800] {processor.py:186} INFO - Started process (PID=113252) to work on /mnt/c/Users/wu_li/OneDrive/Desktop/Airflow_pract/venv/lib/python3.9/site-packages/airflow/example_dags/example_branch_day_of_week_operator.py
[2025-04-20T21:32:16.089+0800] {processor.py:914} INFO - Processing file /mnt/c/Users/wu_li/OneDrive/Desktop/Airflow_pract/venv/lib/python3.9/site-packages/airflow/example_dags/example_branch_day_of_week_operator.py for tasks to queue
[2025-04-20T21:32:16.093+0800] {logging_mixin.py:190} INFO - [2025-04-20T21:32:16.092+0800] {dagbag.py:588} INFO - Filling up the DagBag from /mnt/c/Users/wu_li/OneDrive/Desktop/Airflow_pract/venv/lib/python3.9/site-packages/airflow/example_dags/example_branch_day_of_week_operator.py
[2025-04-20T21:32:16.139+0800] {processor.py:925} INFO - DAG(s) 'example_weekday_branch_operator' retrieved from /mnt/c/Users/wu_li/OneDrive/Desktop/Airflow_pract/venv/lib/python3.9/site-packages/airflow/example_dags/example_branch_day_of_week_operator.py
[2025-04-20T21:32:16.187+0800] {logging_mixin.py:190} INFO - [2025-04-20T21:32:16.186+0800] {dag.py:3239} INFO - Sync 1 DAGs
[2025-04-20T21:32:16.230+0800] {logging_mixin.py:190} INFO - [2025-04-20T21:32:16.226+0800] {dag.py:4180} INFO - Setting next_dagrun for example_weekday_branch_operator to 2025-04-19 00:00:00+00:00, run_after=2025-04-20 00:00:00+00:00
[2025-04-20T21:32:16.327+0800] {processor.py:208} INFO - Processing /mnt/c/Users/wu_li/OneDrive/Desktop/Airflow_pract/venv/lib/python3.9/site-packages/airflow/example_dags/example_branch_day_of_week_operator.py took 0.261 seconds
[2025-04-20T21:33:43.397+0800] {processor.py:186} INFO - Started process (PID=114258) to work on /mnt/c/Users/wu_li/OneDrive/Desktop/Airflow_pract/venv/lib/python3.9/site-packages/airflow/example_dags/example_branch_day_of_week_operator.py
[2025-04-20T21:33:43.401+0800] {processor.py:914} INFO - Processing file /mnt/c/Users/wu_li/OneDrive/Desktop/Airflow_pract/venv/lib/python3.9/site-packages/airflow/example_dags/example_branch_day_of_week_operator.py for tasks to queue
[2025-04-20T21:33:43.405+0800] {logging_mixin.py:190} INFO - [2025-04-20T21:33:43.403+0800] {dagbag.py:588} INFO - Filling up the DagBag from /mnt/c/Users/wu_li/OneDrive/Desktop/Airflow_pract/venv/lib/python3.9/site-packages/airflow/example_dags/example_branch_day_of_week_operator.py
[2025-04-20T21:33:43.457+0800] {processor.py:925} INFO - DAG(s) 'example_weekday_branch_operator' retrieved from /mnt/c/Users/wu_li/OneDrive/Desktop/Airflow_pract/venv/lib/python3.9/site-packages/airflow/example_dags/example_branch_day_of_week_operator.py
[2025-04-20T21:33:43.512+0800] {logging_mixin.py:190} INFO - [2025-04-20T21:33:43.511+0800] {dag.py:3239} INFO - Sync 1 DAGs
[2025-04-20T21:33:43.576+0800] {logging_mixin.py:190} INFO - [2025-04-20T21:33:43.572+0800] {dag.py:4180} INFO - Setting next_dagrun for example_weekday_branch_operator to 2025-04-19 00:00:00+00:00, run_after=2025-04-20 00:00:00+00:00
[2025-04-20T21:33:43.665+0800] {processor.py:208} INFO - Processing /mnt/c/Users/wu_li/OneDrive/Desktop/Airflow_pract/venv/lib/python3.9/site-packages/airflow/example_dags/example_branch_day_of_week_operator.py took 0.291 seconds
[2025-04-20T21:35:21.417+0800] {processor.py:186} INFO - Started process (PID=115410) to work on /mnt/c/Users/wu_li/OneDrive/Desktop/Airflow_pract/venv/lib/python3.9/site-packages/airflow/example_dags/example_branch_day_of_week_operator.py
[2025-04-20T21:35:21.420+0800] {processor.py:914} INFO - Processing file /mnt/c/Users/wu_li/OneDrive/Desktop/Airflow_pract/venv/lib/python3.9/site-packages/airflow/example_dags/example_branch_day_of_week_operator.py for tasks to queue
[2025-04-20T21:35:21.424+0800] {logging_mixin.py:190} INFO - [2025-04-20T21:35:21.422+0800] {dagbag.py:588} INFO - Filling up the DagBag from /mnt/c/Users/wu_li/OneDrive/Desktop/Airflow_pract/venv/lib/python3.9/site-packages/airflow/example_dags/example_branch_day_of_week_operator.py
[2025-04-20T21:35:21.467+0800] {processor.py:925} INFO - DAG(s) 'example_weekday_branch_operator' retrieved from /mnt/c/Users/wu_li/OneDrive/Desktop/Airflow_pract/venv/lib/python3.9/site-packages/airflow/example_dags/example_branch_day_of_week_operator.py
[2025-04-20T21:35:21.513+0800] {logging_mixin.py:190} INFO - [2025-04-20T21:35:21.512+0800] {dag.py:3239} INFO - Sync 1 DAGs
[2025-04-20T21:35:21.575+0800] {logging_mixin.py:190} INFO - [2025-04-20T21:35:21.569+0800] {dag.py:4180} INFO - Setting next_dagrun for example_weekday_branch_operator to 2025-04-19 00:00:00+00:00, run_after=2025-04-20 00:00:00+00:00
[2025-04-20T21:35:21.670+0800] {processor.py:208} INFO - Processing /mnt/c/Users/wu_li/OneDrive/Desktop/Airflow_pract/venv/lib/python3.9/site-packages/airflow/example_dags/example_branch_day_of_week_operator.py took 0.272 seconds
[2025-04-20T21:36:59.804+0800] {processor.py:186} INFO - Started process (PID=116565) to work on /mnt/c/Users/wu_li/OneDrive/Desktop/Airflow_pract/venv/lib/python3.9/site-packages/airflow/example_dags/example_branch_day_of_week_operator.py
[2025-04-20T21:36:59.806+0800] {processor.py:914} INFO - Processing file /mnt/c/Users/wu_li/OneDrive/Desktop/Airflow_pract/venv/lib/python3.9/site-packages/airflow/example_dags/example_branch_day_of_week_operator.py for tasks to queue
[2025-04-20T21:36:59.810+0800] {logging_mixin.py:190} INFO - [2025-04-20T21:36:59.809+0800] {dagbag.py:588} INFO - Filling up the DagBag from /mnt/c/Users/wu_li/OneDrive/Desktop/Airflow_pract/venv/lib/python3.9/site-packages/airflow/example_dags/example_branch_day_of_week_operator.py
[2025-04-20T21:36:59.852+0800] {processor.py:925} INFO - DAG(s) 'example_weekday_branch_operator' retrieved from /mnt/c/Users/wu_li/OneDrive/Desktop/Airflow_pract/venv/lib/python3.9/site-packages/airflow/example_dags/example_branch_day_of_week_operator.py
[2025-04-20T21:36:59.896+0800] {logging_mixin.py:190} INFO - [2025-04-20T21:36:59.894+0800] {dag.py:3239} INFO - Sync 1 DAGs
[2025-04-20T21:36:59.958+0800] {logging_mixin.py:190} INFO - [2025-04-20T21:36:59.953+0800] {dag.py:4180} INFO - Setting next_dagrun for example_weekday_branch_operator to 2025-04-19 00:00:00+00:00, run_after=2025-04-20 00:00:00+00:00
[2025-04-20T21:37:00.047+0800] {processor.py:208} INFO - Processing /mnt/c/Users/wu_li/OneDrive/Desktop/Airflow_pract/venv/lib/python3.9/site-packages/airflow/example_dags/example_branch_day_of_week_operator.py took 0.262 seconds
[2025-04-20T21:38:49.104+0800] {processor.py:186} INFO - Started process (PID=117550) to work on /mnt/c/Users/wu_li/OneDrive/Desktop/Airflow_pract/venv/lib/python3.9/site-packages/airflow/example_dags/example_branch_day_of_week_operator.py
[2025-04-20T21:38:49.106+0800] {processor.py:914} INFO - Processing file /mnt/c/Users/wu_li/OneDrive/Desktop/Airflow_pract/venv/lib/python3.9/site-packages/airflow/example_dags/example_branch_day_of_week_operator.py for tasks to queue
[2025-04-20T21:38:49.108+0800] {logging_mixin.py:190} INFO - [2025-04-20T21:38:49.107+0800] {dagbag.py:588} INFO - Filling up the DagBag from /mnt/c/Users/wu_li/OneDrive/Desktop/Airflow_pract/venv/lib/python3.9/site-packages/airflow/example_dags/example_branch_day_of_week_operator.py
[2025-04-20T21:38:49.140+0800] {processor.py:925} INFO - DAG(s) 'example_weekday_branch_operator' retrieved from /mnt/c/Users/wu_li/OneDrive/Desktop/Airflow_pract/venv/lib/python3.9/site-packages/airflow/example_dags/example_branch_day_of_week_operator.py
[2025-04-20T21:38:49.289+0800] {logging_mixin.py:190} INFO - [2025-04-20T21:38:49.288+0800] {dag.py:3239} INFO - Sync 1 DAGs
[2025-04-20T21:38:49.311+0800] {logging_mixin.py:190} INFO - [2025-04-20T21:38:49.310+0800] {dag.py:4180} INFO - Setting next_dagrun for example_weekday_branch_operator to 2025-04-19 00:00:00+00:00, run_after=2025-04-20 00:00:00+00:00
[2025-04-20T21:38:49.375+0800] {processor.py:208} INFO - Processing /mnt/c/Users/wu_li/OneDrive/Desktop/Airflow_pract/venv/lib/python3.9/site-packages/airflow/example_dags/example_branch_day_of_week_operator.py took 0.283 seconds
[2025-04-20T21:40:17.936+0800] {processor.py:186} INFO - Started process (PID=118426) to work on /mnt/c/Users/wu_li/OneDrive/Desktop/Airflow_pract/venv/lib/python3.9/site-packages/airflow/example_dags/example_branch_day_of_week_operator.py
[2025-04-20T21:40:17.938+0800] {processor.py:914} INFO - Processing file /mnt/c/Users/wu_li/OneDrive/Desktop/Airflow_pract/venv/lib/python3.9/site-packages/airflow/example_dags/example_branch_day_of_week_operator.py for tasks to queue
[2025-04-20T21:40:17.942+0800] {logging_mixin.py:190} INFO - [2025-04-20T21:40:17.940+0800] {dagbag.py:588} INFO - Filling up the DagBag from /mnt/c/Users/wu_li/OneDrive/Desktop/Airflow_pract/venv/lib/python3.9/site-packages/airflow/example_dags/example_branch_day_of_week_operator.py
[2025-04-20T21:40:17.973+0800] {processor.py:925} INFO - DAG(s) 'example_weekday_branch_operator' retrieved from /mnt/c/Users/wu_li/OneDrive/Desktop/Airflow_pract/venv/lib/python3.9/site-packages/airflow/example_dags/example_branch_day_of_week_operator.py
[2025-04-20T21:40:18.006+0800] {logging_mixin.py:190} INFO - [2025-04-20T21:40:18.005+0800] {dag.py:3239} INFO - Sync 1 DAGs
[2025-04-20T21:40:18.030+0800] {logging_mixin.py:190} INFO - [2025-04-20T21:40:18.029+0800] {dag.py:4180} INFO - Setting next_dagrun for example_weekday_branch_operator to 2025-04-19 00:00:00+00:00, run_after=2025-04-20 00:00:00+00:00
[2025-04-20T21:40:18.098+0800] {processor.py:208} INFO - Processing /mnt/c/Users/wu_li/OneDrive/Desktop/Airflow_pract/venv/lib/python3.9/site-packages/airflow/example_dags/example_branch_day_of_week_operator.py took 0.181 seconds
[2025-04-20T21:41:44.699+0800] {processor.py:186} INFO - Started process (PID=119537) to work on /mnt/c/Users/wu_li/OneDrive/Desktop/Airflow_pract/venv/lib/python3.9/site-packages/airflow/example_dags/example_branch_day_of_week_operator.py
[2025-04-20T21:41:44.700+0800] {processor.py:914} INFO - Processing file /mnt/c/Users/wu_li/OneDrive/Desktop/Airflow_pract/venv/lib/python3.9/site-packages/airflow/example_dags/example_branch_day_of_week_operator.py for tasks to queue
[2025-04-20T21:41:44.703+0800] {logging_mixin.py:190} INFO - [2025-04-20T21:41:44.702+0800] {dagbag.py:588} INFO - Filling up the DagBag from /mnt/c/Users/wu_li/OneDrive/Desktop/Airflow_pract/venv/lib/python3.9/site-packages/airflow/example_dags/example_branch_day_of_week_operator.py
[2025-04-20T21:41:44.728+0800] {processor.py:925} INFO - DAG(s) 'example_weekday_branch_operator' retrieved from /mnt/c/Users/wu_li/OneDrive/Desktop/Airflow_pract/venv/lib/python3.9/site-packages/airflow/example_dags/example_branch_day_of_week_operator.py
[2025-04-20T21:41:44.754+0800] {logging_mixin.py:190} INFO - [2025-04-20T21:41:44.753+0800] {dag.py:3239} INFO - Sync 1 DAGs
[2025-04-20T21:41:44.775+0800] {logging_mixin.py:190} INFO - [2025-04-20T21:41:44.774+0800] {dag.py:4180} INFO - Setting next_dagrun for example_weekday_branch_operator to 2025-04-19 00:00:00+00:00, run_after=2025-04-20 00:00:00+00:00
[2025-04-20T21:41:44.832+0800] {processor.py:208} INFO - Processing /mnt/c/Users/wu_li/OneDrive/Desktop/Airflow_pract/venv/lib/python3.9/site-packages/airflow/example_dags/example_branch_day_of_week_operator.py took 0.144 seconds
[2025-04-20T21:43:23.417+0800] {processor.py:186} INFO - Started process (PID=120371) to work on /mnt/c/Users/wu_li/OneDrive/Desktop/Airflow_pract/venv/lib/python3.9/site-packages/airflow/example_dags/example_branch_day_of_week_operator.py
[2025-04-20T21:43:23.420+0800] {processor.py:914} INFO - Processing file /mnt/c/Users/wu_li/OneDrive/Desktop/Airflow_pract/venv/lib/python3.9/site-packages/airflow/example_dags/example_branch_day_of_week_operator.py for tasks to queue
[2025-04-20T21:43:23.431+0800] {logging_mixin.py:190} INFO - [2025-04-20T21:43:23.423+0800] {dagbag.py:588} INFO - Filling up the DagBag from /mnt/c/Users/wu_li/OneDrive/Desktop/Airflow_pract/venv/lib/python3.9/site-packages/airflow/example_dags/example_branch_day_of_week_operator.py
[2025-04-20T21:43:23.482+0800] {processor.py:925} INFO - DAG(s) 'example_weekday_branch_operator' retrieved from /mnt/c/Users/wu_li/OneDrive/Desktop/Airflow_pract/venv/lib/python3.9/site-packages/airflow/example_dags/example_branch_day_of_week_operator.py
[2025-04-20T21:43:23.579+0800] {logging_mixin.py:190} INFO - [2025-04-20T21:43:23.577+0800] {dag.py:3239} INFO - Sync 1 DAGs
[2025-04-20T21:43:23.665+0800] {logging_mixin.py:190} INFO - [2025-04-20T21:43:23.655+0800] {dag.py:4180} INFO - Setting next_dagrun for example_weekday_branch_operator to 2025-04-19 00:00:00+00:00, run_after=2025-04-20 00:00:00+00:00
[2025-04-20T21:43:23.805+0800] {processor.py:208} INFO - Processing /mnt/c/Users/wu_li/OneDrive/Desktop/Airflow_pract/venv/lib/python3.9/site-packages/airflow/example_dags/example_branch_day_of_week_operator.py took 0.423 seconds
[2025-04-20T21:44:56.553+0800] {processor.py:186} INFO - Started process (PID=121337) to work on /mnt/c/Users/wu_li/OneDrive/Desktop/Airflow_pract/venv/lib/python3.9/site-packages/airflow/example_dags/example_branch_day_of_week_operator.py
[2025-04-20T21:44:56.555+0800] {processor.py:914} INFO - Processing file /mnt/c/Users/wu_li/OneDrive/Desktop/Airflow_pract/venv/lib/python3.9/site-packages/airflow/example_dags/example_branch_day_of_week_operator.py for tasks to queue
[2025-04-20T21:44:56.558+0800] {logging_mixin.py:190} INFO - [2025-04-20T21:44:56.557+0800] {dagbag.py:588} INFO - Filling up the DagBag from /mnt/c/Users/wu_li/OneDrive/Desktop/Airflow_pract/venv/lib/python3.9/site-packages/airflow/example_dags/example_branch_day_of_week_operator.py
[2025-04-20T21:44:56.591+0800] {processor.py:925} INFO - DAG(s) 'example_weekday_branch_operator' retrieved from /mnt/c/Users/wu_li/OneDrive/Desktop/Airflow_pract/venv/lib/python3.9/site-packages/airflow/example_dags/example_branch_day_of_week_operator.py
[2025-04-20T21:44:56.661+0800] {logging_mixin.py:190} INFO - [2025-04-20T21:44:56.658+0800] {dag.py:3239} INFO - Sync 1 DAGs
[2025-04-20T21:44:56.728+0800] {logging_mixin.py:190} INFO - [2025-04-20T21:44:56.723+0800] {dag.py:4180} INFO - Setting next_dagrun for example_weekday_branch_operator to 2025-04-19 00:00:00+00:00, run_after=2025-04-20 00:00:00+00:00
[2025-04-20T21:44:56.819+0800] {processor.py:208} INFO - Processing /mnt/c/Users/wu_li/OneDrive/Desktop/Airflow_pract/venv/lib/python3.9/site-packages/airflow/example_dags/example_branch_day_of_week_operator.py took 0.285 seconds
