[2025-04-20T20:11:38.521+0800] {processor.py:186} INFO - Started process (PID=63615) to work on /mnt/c/Users/wu_li/OneDrive/Desktop/Airflow_pract/venv/lib/python3.9/site-packages/airflow/example_dags/example_python_operator.py
[2025-04-20T20:11:38.525+0800] {processor.py:914} INFO - Processing file /mnt/c/Users/wu_li/OneDrive/Desktop/Airflow_pract/venv/lib/python3.9/site-packages/airflow/example_dags/example_python_operator.py for tasks to queue
[2025-04-20T20:11:38.529+0800] {logging_mixin.py:190} INFO - [2025-04-20T20:11:38.528+0800] {dagbag.py:588} INFO - Filling up the DagBag from /mnt/c/Users/wu_li/OneDrive/Desktop/Airflow_pract/venv/lib/python3.9/site-packages/airflow/example_dags/example_python_operator.py
[2025-04-20T20:11:38.633+0800] {logging_mixin.py:190} INFO - [2025-04-20T20:11:38.632+0800] {example_python_operator.py:93} WARNING - The virtalenv_python example task requires virtualenv, please install it.
[2025-04-20T20:11:38.695+0800] {processor.py:925} INFO - DAG(s) 'example_python_operator' retrieved from /mnt/c/Users/wu_li/OneDrive/Desktop/Airflow_pract/venv/lib/python3.9/site-packages/airflow/example_dags/example_python_operator.py
[2025-04-20T20:11:40.466+0800] {logging_mixin.py:190} INFO - [2025-04-20T20:11:40.464+0800] {override.py:1912} INFO - Created Permission View: can delete on DAG:example_python_operator
[2025-04-20T20:11:40.510+0800] {logging_mixin.py:190} INFO - [2025-04-20T20:11:40.509+0800] {override.py:1912} INFO - Created Permission View: can read on DAG:example_python_operator
[2025-04-20T20:11:40.553+0800] {logging_mixin.py:190} INFO - [2025-04-20T20:11:40.551+0800] {override.py:1912} INFO - Created Permission View: can edit on DAG:example_python_operator
[2025-04-20T20:11:40.616+0800] {logging_mixin.py:190} INFO - [2025-04-20T20:11:40.614+0800] {override.py:1912} INFO - Created Permission View: can delete on DAG Run:example_python_operator
[2025-04-20T20:11:40.655+0800] {logging_mixin.py:190} INFO - [2025-04-20T20:11:40.654+0800] {override.py:1912} INFO - Created Permission View: can read on DAG Run:example_python_operator
[2025-04-20T20:11:40.692+0800] {logging_mixin.py:190} INFO - [2025-04-20T20:11:40.691+0800] {override.py:1912} INFO - Created Permission View: can create on DAG Run:example_python_operator
[2025-04-20T20:11:40.740+0800] {logging_mixin.py:190} INFO - [2025-04-20T20:11:40.738+0800] {override.py:1912} INFO - Created Permission View: menu access on DAG Run:example_python_operator
[2025-04-20T20:11:40.742+0800] {logging_mixin.py:190} INFO - [2025-04-20T20:11:40.741+0800] {dag.py:3239} INFO - Sync 1 DAGs
[2025-04-20T20:11:40.766+0800] {logging_mixin.py:190} INFO - [2025-04-20T20:11:40.764+0800] {dag.py:3262} INFO - Creating ORM DAG for example_python_operator
[2025-04-20T20:11:40.768+0800] {logging_mixin.py:190} INFO - [2025-04-20T20:11:40.767+0800] {dag.py:4180} INFO - Setting next_dagrun for example_python_operator to None, run_after=None
[2025-04-20T20:11:40.825+0800] {processor.py:208} INFO - Processing /mnt/c/Users/wu_li/OneDrive/Desktop/Airflow_pract/venv/lib/python3.9/site-packages/airflow/example_dags/example_python_operator.py took 2.321 seconds
[2025-04-20T20:17:29.540+0800] {processor.py:186} INFO - Started process (PID=67791) to work on /mnt/c/Users/wu_li/OneDrive/Desktop/Airflow_pract/venv/lib/python3.9/site-packages/airflow/example_dags/example_python_operator.py
[2025-04-20T20:17:29.542+0800] {processor.py:914} INFO - Processing file /mnt/c/Users/wu_li/OneDrive/Desktop/Airflow_pract/venv/lib/python3.9/site-packages/airflow/example_dags/example_python_operator.py for tasks to queue
[2025-04-20T20:17:29.545+0800] {logging_mixin.py:190} INFO - [2025-04-20T20:17:29.544+0800] {dagbag.py:588} INFO - Filling up the DagBag from /mnt/c/Users/wu_li/OneDrive/Desktop/Airflow_pract/venv/lib/python3.9/site-packages/airflow/example_dags/example_python_operator.py
[2025-04-20T20:17:29.632+0800] {logging_mixin.py:190} INFO - [2025-04-20T20:17:29.631+0800] {example_python_operator.py:93} WARNING - The virtalenv_python example task requires virtualenv, please install it.
[2025-04-20T20:17:29.683+0800] {processor.py:925} INFO - DAG(s) 'example_python_operator' retrieved from /mnt/c/Users/wu_li/OneDrive/Desktop/Airflow_pract/venv/lib/python3.9/site-packages/airflow/example_dags/example_python_operator.py
[2025-04-20T20:17:29.732+0800] {logging_mixin.py:190} INFO - [2025-04-20T20:17:29.731+0800] {dag.py:3239} INFO - Sync 1 DAGs
[2025-04-20T20:17:29.853+0800] {logging_mixin.py:190} INFO - [2025-04-20T20:17:29.852+0800] {dag.py:4180} INFO - Setting next_dagrun for example_python_operator to None, run_after=None
[2025-04-20T20:17:29.914+0800] {processor.py:208} INFO - Processing /mnt/c/Users/wu_li/OneDrive/Desktop/Airflow_pract/venv/lib/python3.9/site-packages/airflow/example_dags/example_python_operator.py took 0.388 seconds
[2025-04-20T20:18:49.951+0800] {processor.py:186} INFO - Started process (PID=68906) to work on /mnt/c/Users/wu_li/OneDrive/Desktop/Airflow_pract/venv/lib/python3.9/site-packages/airflow/example_dags/example_python_operator.py
[2025-04-20T20:18:49.953+0800] {processor.py:914} INFO - Processing file /mnt/c/Users/wu_li/OneDrive/Desktop/Airflow_pract/venv/lib/python3.9/site-packages/airflow/example_dags/example_python_operator.py for tasks to queue
[2025-04-20T20:18:49.956+0800] {logging_mixin.py:190} INFO - [2025-04-20T20:18:49.955+0800] {dagbag.py:588} INFO - Filling up the DagBag from /mnt/c/Users/wu_li/OneDrive/Desktop/Airflow_pract/venv/lib/python3.9/site-packages/airflow/example_dags/example_python_operator.py
[2025-04-20T20:18:50.032+0800] {logging_mixin.py:190} INFO - [2025-04-20T20:18:50.031+0800] {example_python_operator.py:93} WARNING - The virtalenv_python example task requires virtualenv, please install it.
[2025-04-20T20:18:50.075+0800] {processor.py:925} INFO - DAG(s) 'example_python_operator' retrieved from /mnt/c/Users/wu_li/OneDrive/Desktop/Airflow_pract/venv/lib/python3.9/site-packages/airflow/example_dags/example_python_operator.py
[2025-04-20T20:18:50.108+0800] {logging_mixin.py:190} INFO - [2025-04-20T20:18:50.107+0800] {dag.py:3239} INFO - Sync 1 DAGs
[2025-04-20T20:18:50.132+0800] {logging_mixin.py:190} INFO - [2025-04-20T20:18:50.131+0800] {dag.py:4180} INFO - Setting next_dagrun for example_python_operator to None, run_after=None
[2025-04-20T20:18:50.196+0800] {processor.py:208} INFO - Processing /mnt/c/Users/wu_li/OneDrive/Desktop/Airflow_pract/venv/lib/python3.9/site-packages/airflow/example_dags/example_python_operator.py took 0.259 seconds
[2025-04-20T20:20:34.805+0800] {processor.py:186} INFO - Started process (PID=69995) to work on /mnt/c/Users/wu_li/OneDrive/Desktop/Airflow_pract/venv/lib/python3.9/site-packages/airflow/example_dags/example_python_operator.py
[2025-04-20T20:20:34.808+0800] {processor.py:914} INFO - Processing file /mnt/c/Users/wu_li/OneDrive/Desktop/Airflow_pract/venv/lib/python3.9/site-packages/airflow/example_dags/example_python_operator.py for tasks to queue
[2025-04-20T20:20:34.813+0800] {logging_mixin.py:190} INFO - [2025-04-20T20:20:34.812+0800] {dagbag.py:588} INFO - Filling up the DagBag from /mnt/c/Users/wu_li/OneDrive/Desktop/Airflow_pract/venv/lib/python3.9/site-packages/airflow/example_dags/example_python_operator.py
[2025-04-20T20:20:35.129+0800] {logging_mixin.py:190} INFO - [2025-04-20T20:20:35.127+0800] {example_python_operator.py:93} WARNING - The virtalenv_python example task requires virtualenv, please install it.
[2025-04-20T20:20:35.228+0800] {processor.py:925} INFO - DAG(s) 'example_python_operator' retrieved from /mnt/c/Users/wu_li/OneDrive/Desktop/Airflow_pract/venv/lib/python3.9/site-packages/airflow/example_dags/example_python_operator.py
[2025-04-20T20:20:35.279+0800] {logging_mixin.py:190} INFO - [2025-04-20T20:20:35.278+0800] {dag.py:3239} INFO - Sync 1 DAGs
[2025-04-20T20:20:35.330+0800] {logging_mixin.py:190} INFO - [2025-04-20T20:20:35.328+0800] {dag.py:4180} INFO - Setting next_dagrun for example_python_operator to None, run_after=None
[2025-04-20T20:20:35.444+0800] {processor.py:208} INFO - Processing /mnt/c/Users/wu_li/OneDrive/Desktop/Airflow_pract/venv/lib/python3.9/site-packages/airflow/example_dags/example_python_operator.py took 0.664 seconds
[2025-04-20T20:22:36.065+0800] {processor.py:186} INFO - Started process (PID=70806) to work on /mnt/c/Users/wu_li/OneDrive/Desktop/Airflow_pract/venv/lib/python3.9/site-packages/airflow/example_dags/example_python_operator.py
[2025-04-20T20:22:36.068+0800] {processor.py:914} INFO - Processing file /mnt/c/Users/wu_li/OneDrive/Desktop/Airflow_pract/venv/lib/python3.9/site-packages/airflow/example_dags/example_python_operator.py for tasks to queue
[2025-04-20T20:22:36.075+0800] {logging_mixin.py:190} INFO - [2025-04-20T20:22:36.074+0800] {dagbag.py:588} INFO - Filling up the DagBag from /mnt/c/Users/wu_li/OneDrive/Desktop/Airflow_pract/venv/lib/python3.9/site-packages/airflow/example_dags/example_python_operator.py
[2025-04-20T20:22:36.230+0800] {logging_mixin.py:190} INFO - [2025-04-20T20:22:36.228+0800] {example_python_operator.py:93} WARNING - The virtalenv_python example task requires virtualenv, please install it.
[2025-04-20T20:22:36.379+0800] {processor.py:925} INFO - DAG(s) 'example_python_operator' retrieved from /mnt/c/Users/wu_li/OneDrive/Desktop/Airflow_pract/venv/lib/python3.9/site-packages/airflow/example_dags/example_python_operator.py
[2025-04-20T20:22:36.442+0800] {logging_mixin.py:190} INFO - [2025-04-20T20:22:36.440+0800] {dag.py:3239} INFO - Sync 1 DAGs
[2025-04-20T20:22:36.512+0800] {logging_mixin.py:190} INFO - [2025-04-20T20:22:36.510+0800] {dag.py:4180} INFO - Setting next_dagrun for example_python_operator to None, run_after=None
[2025-04-20T20:22:36.630+0800] {processor.py:208} INFO - Processing /mnt/c/Users/wu_li/OneDrive/Desktop/Airflow_pract/venv/lib/python3.9/site-packages/airflow/example_dags/example_python_operator.py took 0.589 seconds
[2025-04-20T20:24:28.435+0800] {processor.py:186} INFO - Started process (PID=71827) to work on /mnt/c/Users/wu_li/OneDrive/Desktop/Airflow_pract/venv/lib/python3.9/site-packages/airflow/example_dags/example_python_operator.py
[2025-04-20T20:24:28.438+0800] {processor.py:914} INFO - Processing file /mnt/c/Users/wu_li/OneDrive/Desktop/Airflow_pract/venv/lib/python3.9/site-packages/airflow/example_dags/example_python_operator.py for tasks to queue
[2025-04-20T20:24:28.453+0800] {logging_mixin.py:190} INFO - [2025-04-20T20:24:28.451+0800] {dagbag.py:588} INFO - Filling up the DagBag from /mnt/c/Users/wu_li/OneDrive/Desktop/Airflow_pract/venv/lib/python3.9/site-packages/airflow/example_dags/example_python_operator.py
[2025-04-20T20:24:28.596+0800] {logging_mixin.py:190} INFO - [2025-04-20T20:24:28.595+0800] {example_python_operator.py:93} WARNING - The virtalenv_python example task requires virtualenv, please install it.
[2025-04-20T20:24:28.684+0800] {processor.py:925} INFO - DAG(s) 'example_python_operator' retrieved from /mnt/c/Users/wu_li/OneDrive/Desktop/Airflow_pract/venv/lib/python3.9/site-packages/airflow/example_dags/example_python_operator.py
[2025-04-20T20:24:28.741+0800] {logging_mixin.py:190} INFO - [2025-04-20T20:24:28.739+0800] {dag.py:3239} INFO - Sync 1 DAGs
[2025-04-20T20:24:28.801+0800] {logging_mixin.py:190} INFO - [2025-04-20T20:24:28.799+0800] {dag.py:4180} INFO - Setting next_dagrun for example_python_operator to None, run_after=None
[2025-04-20T20:24:28.939+0800] {processor.py:208} INFO - Processing /mnt/c/Users/wu_li/OneDrive/Desktop/Airflow_pract/venv/lib/python3.9/site-packages/airflow/example_dags/example_python_operator.py took 0.524 seconds
[2025-04-20T20:26:27.623+0800] {processor.py:186} INFO - Started process (PID=72713) to work on /mnt/c/Users/wu_li/OneDrive/Desktop/Airflow_pract/venv/lib/python3.9/site-packages/airflow/example_dags/example_python_operator.py
[2025-04-20T20:26:27.633+0800] {processor.py:914} INFO - Processing file /mnt/c/Users/wu_li/OneDrive/Desktop/Airflow_pract/venv/lib/python3.9/site-packages/airflow/example_dags/example_python_operator.py for tasks to queue
[2025-04-20T20:26:27.647+0800] {logging_mixin.py:190} INFO - [2025-04-20T20:26:27.637+0800] {dagbag.py:588} INFO - Filling up the DagBag from /mnt/c/Users/wu_li/OneDrive/Desktop/Airflow_pract/venv/lib/python3.9/site-packages/airflow/example_dags/example_python_operator.py
[2025-04-20T20:26:27.816+0800] {logging_mixin.py:190} INFO - [2025-04-20T20:26:27.815+0800] {example_python_operator.py:93} WARNING - The virtalenv_python example task requires virtualenv, please install it.
[2025-04-20T20:26:27.880+0800] {processor.py:925} INFO - DAG(s) 'example_python_operator' retrieved from /mnt/c/Users/wu_li/OneDrive/Desktop/Airflow_pract/venv/lib/python3.9/site-packages/airflow/example_dags/example_python_operator.py
[2025-04-20T20:26:27.950+0800] {logging_mixin.py:190} INFO - [2025-04-20T20:26:27.948+0800] {dag.py:3239} INFO - Sync 1 DAGs
[2025-04-20T20:26:28.018+0800] {logging_mixin.py:190} INFO - [2025-04-20T20:26:28.015+0800] {dag.py:4180} INFO - Setting next_dagrun for example_python_operator to None, run_after=None
[2025-04-20T20:26:28.231+0800] {processor.py:208} INFO - Processing /mnt/c/Users/wu_li/OneDrive/Desktop/Airflow_pract/venv/lib/python3.9/site-packages/airflow/example_dags/example_python_operator.py took 0.665 seconds
[2025-04-20T20:36:35.664+0800] {processor.py:186} INFO - Started process (PID=77184) to work on /mnt/c/Users/wu_li/OneDrive/Desktop/Airflow_pract/venv/lib/python3.9/site-packages/airflow/example_dags/example_python_operator.py
[2025-04-20T20:36:35.666+0800] {processor.py:914} INFO - Processing file /mnt/c/Users/wu_li/OneDrive/Desktop/Airflow_pract/venv/lib/python3.9/site-packages/airflow/example_dags/example_python_operator.py for tasks to queue
[2025-04-20T20:36:35.669+0800] {logging_mixin.py:190} INFO - [2025-04-20T20:36:35.668+0800] {dagbag.py:588} INFO - Filling up the DagBag from /mnt/c/Users/wu_li/OneDrive/Desktop/Airflow_pract/venv/lib/python3.9/site-packages/airflow/example_dags/example_python_operator.py
[2025-04-20T20:36:35.765+0800] {logging_mixin.py:190} INFO - [2025-04-20T20:36:35.760+0800] {example_python_operator.py:93} WARNING - The virtalenv_python example task requires virtualenv, please install it.
[2025-04-20T20:36:35.769+0800] {processor.py:925} INFO - DAG(s) 'example_python_operator' retrieved from /mnt/c/Users/wu_li/OneDrive/Desktop/Airflow_pract/venv/lib/python3.9/site-packages/airflow/example_dags/example_python_operator.py
[2025-04-20T20:36:35.824+0800] {logging_mixin.py:190} INFO - [2025-04-20T20:36:35.823+0800] {dag.py:3239} INFO - Sync 1 DAGs
[2025-04-20T20:36:35.850+0800] {logging_mixin.py:190} INFO - [2025-04-20T20:36:35.847+0800] {dag.py:4180} INFO - Setting next_dagrun for example_python_operator to None, run_after=None
[2025-04-20T20:36:35.938+0800] {processor.py:208} INFO - Processing /mnt/c/Users/wu_li/OneDrive/Desktop/Airflow_pract/venv/lib/python3.9/site-packages/airflow/example_dags/example_python_operator.py took 0.288 seconds
[2025-04-20T20:37:58.578+0800] {processor.py:186} INFO - Started process (PID=77964) to work on /mnt/c/Users/wu_li/OneDrive/Desktop/Airflow_pract/venv/lib/python3.9/site-packages/airflow/example_dags/example_python_operator.py
[2025-04-20T20:37:58.581+0800] {processor.py:914} INFO - Processing file /mnt/c/Users/wu_li/OneDrive/Desktop/Airflow_pract/venv/lib/python3.9/site-packages/airflow/example_dags/example_python_operator.py for tasks to queue
[2025-04-20T20:37:58.584+0800] {logging_mixin.py:190} INFO - [2025-04-20T20:37:58.583+0800] {dagbag.py:588} INFO - Filling up the DagBag from /mnt/c/Users/wu_li/OneDrive/Desktop/Airflow_pract/venv/lib/python3.9/site-packages/airflow/example_dags/example_python_operator.py
[2025-04-20T20:37:58.697+0800] {logging_mixin.py:190} INFO - [2025-04-20T20:37:58.695+0800] {example_python_operator.py:93} WARNING - The virtalenv_python example task requires virtualenv, please install it.
[2025-04-20T20:37:58.699+0800] {processor.py:925} INFO - DAG(s) 'example_python_operator' retrieved from /mnt/c/Users/wu_li/OneDrive/Desktop/Airflow_pract/venv/lib/python3.9/site-packages/airflow/example_dags/example_python_operator.py
[2025-04-20T20:37:58.944+0800] {logging_mixin.py:190} INFO - [2025-04-20T20:37:58.941+0800] {dag.py:3239} INFO - Sync 1 DAGs
[2025-04-20T20:37:59.029+0800] {logging_mixin.py:190} INFO - [2025-04-20T20:37:59.027+0800] {dag.py:4180} INFO - Setting next_dagrun for example_python_operator to None, run_after=None
[2025-04-20T20:37:59.123+0800] {processor.py:208} INFO - Processing /mnt/c/Users/wu_li/OneDrive/Desktop/Airflow_pract/venv/lib/python3.9/site-packages/airflow/example_dags/example_python_operator.py took 0.562 seconds
[2025-04-20T20:39:22.771+0800] {processor.py:186} INFO - Started process (PID=79114) to work on /mnt/c/Users/wu_li/OneDrive/Desktop/Airflow_pract/venv/lib/python3.9/site-packages/airflow/example_dags/example_python_operator.py
[2025-04-20T20:39:22.774+0800] {processor.py:914} INFO - Processing file /mnt/c/Users/wu_li/OneDrive/Desktop/Airflow_pract/venv/lib/python3.9/site-packages/airflow/example_dags/example_python_operator.py for tasks to queue
[2025-04-20T20:39:22.777+0800] {logging_mixin.py:190} INFO - [2025-04-20T20:39:22.776+0800] {dagbag.py:588} INFO - Filling up the DagBag from /mnt/c/Users/wu_li/OneDrive/Desktop/Airflow_pract/venv/lib/python3.9/site-packages/airflow/example_dags/example_python_operator.py
[2025-04-20T20:39:22.858+0800] {logging_mixin.py:190} INFO - [2025-04-20T20:39:22.858+0800] {example_python_operator.py:93} WARNING - The virtalenv_python example task requires virtualenv, please install it.
[2025-04-20T20:39:22.860+0800] {processor.py:925} INFO - DAG(s) 'example_python_operator' retrieved from /mnt/c/Users/wu_li/OneDrive/Desktop/Airflow_pract/venv/lib/python3.9/site-packages/airflow/example_dags/example_python_operator.py
[2025-04-20T20:39:22.898+0800] {logging_mixin.py:190} INFO - [2025-04-20T20:39:22.897+0800] {dag.py:3239} INFO - Sync 1 DAGs
[2025-04-20T20:39:22.935+0800] {logging_mixin.py:190} INFO - [2025-04-20T20:39:22.934+0800] {dag.py:4180} INFO - Setting next_dagrun for example_python_operator to None, run_after=None
[2025-04-20T20:39:23.027+0800] {processor.py:208} INFO - Processing /mnt/c/Users/wu_li/OneDrive/Desktop/Airflow_pract/venv/lib/python3.9/site-packages/airflow/example_dags/example_python_operator.py took 0.278 seconds
[2025-04-20T20:41:13.117+0800] {processor.py:186} INFO - Started process (PID=79984) to work on /mnt/c/Users/wu_li/OneDrive/Desktop/Airflow_pract/venv/lib/python3.9/site-packages/airflow/example_dags/example_python_operator.py
[2025-04-20T20:41:13.119+0800] {processor.py:914} INFO - Processing file /mnt/c/Users/wu_li/OneDrive/Desktop/Airflow_pract/venv/lib/python3.9/site-packages/airflow/example_dags/example_python_operator.py for tasks to queue
[2025-04-20T20:41:13.122+0800] {logging_mixin.py:190} INFO - [2025-04-20T20:41:13.121+0800] {dagbag.py:588} INFO - Filling up the DagBag from /mnt/c/Users/wu_li/OneDrive/Desktop/Airflow_pract/venv/lib/python3.9/site-packages/airflow/example_dags/example_python_operator.py
[2025-04-20T20:41:13.220+0800] {logging_mixin.py:190} INFO - [2025-04-20T20:41:13.219+0800] {example_python_operator.py:93} WARNING - The virtalenv_python example task requires virtualenv, please install it.
[2025-04-20T20:41:13.222+0800] {processor.py:925} INFO - DAG(s) 'example_python_operator' retrieved from /mnt/c/Users/wu_li/OneDrive/Desktop/Airflow_pract/venv/lib/python3.9/site-packages/airflow/example_dags/example_python_operator.py
[2025-04-20T20:41:13.257+0800] {logging_mixin.py:190} INFO - [2025-04-20T20:41:13.256+0800] {dag.py:3239} INFO - Sync 1 DAGs
[2025-04-20T20:41:13.273+0800] {logging_mixin.py:190} INFO - [2025-04-20T20:41:13.272+0800] {dag.py:4180} INFO - Setting next_dagrun for example_python_operator to None, run_after=None
[2025-04-20T20:41:13.336+0800] {processor.py:208} INFO - Processing /mnt/c/Users/wu_li/OneDrive/Desktop/Airflow_pract/venv/lib/python3.9/site-packages/airflow/example_dags/example_python_operator.py took 0.231 seconds
[2025-04-20T20:43:02.467+0800] {processor.py:186} INFO - Started process (PID=80929) to work on /mnt/c/Users/wu_li/OneDrive/Desktop/Airflow_pract/venv/lib/python3.9/site-packages/airflow/example_dags/example_python_operator.py
[2025-04-20T20:43:02.469+0800] {processor.py:914} INFO - Processing file /mnt/c/Users/wu_li/OneDrive/Desktop/Airflow_pract/venv/lib/python3.9/site-packages/airflow/example_dags/example_python_operator.py for tasks to queue
[2025-04-20T20:43:02.471+0800] {logging_mixin.py:190} INFO - [2025-04-20T20:43:02.470+0800] {dagbag.py:588} INFO - Filling up the DagBag from /mnt/c/Users/wu_li/OneDrive/Desktop/Airflow_pract/venv/lib/python3.9/site-packages/airflow/example_dags/example_python_operator.py
[2025-04-20T20:43:02.538+0800] {logging_mixin.py:190} INFO - [2025-04-20T20:43:02.537+0800] {example_python_operator.py:93} WARNING - The virtalenv_python example task requires virtualenv, please install it.
[2025-04-20T20:43:02.539+0800] {processor.py:925} INFO - DAG(s) 'example_python_operator' retrieved from /mnt/c/Users/wu_li/OneDrive/Desktop/Airflow_pract/venv/lib/python3.9/site-packages/airflow/example_dags/example_python_operator.py
[2025-04-20T20:43:02.565+0800] {logging_mixin.py:190} INFO - [2025-04-20T20:43:02.564+0800] {dag.py:3239} INFO - Sync 1 DAGs
[2025-04-20T20:43:02.577+0800] {logging_mixin.py:190} INFO - [2025-04-20T20:43:02.577+0800] {dag.py:4180} INFO - Setting next_dagrun for example_python_operator to None, run_after=None
[2025-04-20T20:43:02.627+0800] {processor.py:208} INFO - Processing /mnt/c/Users/wu_li/OneDrive/Desktop/Airflow_pract/venv/lib/python3.9/site-packages/airflow/example_dags/example_python_operator.py took 0.171 seconds
[2025-04-20T20:44:36.538+0800] {processor.py:186} INFO - Started process (PID=81934) to work on /mnt/c/Users/wu_li/OneDrive/Desktop/Airflow_pract/venv/lib/python3.9/site-packages/airflow/example_dags/example_python_operator.py
[2025-04-20T20:44:36.542+0800] {processor.py:914} INFO - Processing file /mnt/c/Users/wu_li/OneDrive/Desktop/Airflow_pract/venv/lib/python3.9/site-packages/airflow/example_dags/example_python_operator.py for tasks to queue
[2025-04-20T20:44:36.550+0800] {logging_mixin.py:190} INFO - [2025-04-20T20:44:36.545+0800] {dagbag.py:588} INFO - Filling up the DagBag from /mnt/c/Users/wu_li/OneDrive/Desktop/Airflow_pract/venv/lib/python3.9/site-packages/airflow/example_dags/example_python_operator.py
[2025-04-20T20:44:36.681+0800] {logging_mixin.py:190} INFO - [2025-04-20T20:44:36.679+0800] {example_python_operator.py:93} WARNING - The virtalenv_python example task requires virtualenv, please install it.
[2025-04-20T20:44:36.686+0800] {processor.py:925} INFO - DAG(s) 'example_python_operator' retrieved from /mnt/c/Users/wu_li/OneDrive/Desktop/Airflow_pract/venv/lib/python3.9/site-packages/airflow/example_dags/example_python_operator.py
[2025-04-20T20:44:36.747+0800] {logging_mixin.py:190} INFO - [2025-04-20T20:44:36.746+0800] {dag.py:3239} INFO - Sync 1 DAGs
[2025-04-20T20:44:36.795+0800] {logging_mixin.py:190} INFO - [2025-04-20T20:44:36.792+0800] {dag.py:4180} INFO - Setting next_dagrun for example_python_operator to None, run_after=None
[2025-04-20T20:44:36.910+0800] {processor.py:208} INFO - Processing /mnt/c/Users/wu_li/OneDrive/Desktop/Airflow_pract/venv/lib/python3.9/site-packages/airflow/example_dags/example_python_operator.py took 0.394 seconds
[2025-04-20T20:46:27.242+0800] {processor.py:186} INFO - Started process (PID=82732) to work on /mnt/c/Users/wu_li/OneDrive/Desktop/Airflow_pract/venv/lib/python3.9/site-packages/airflow/example_dags/example_python_operator.py
[2025-04-20T20:46:27.245+0800] {processor.py:914} INFO - Processing file /mnt/c/Users/wu_li/OneDrive/Desktop/Airflow_pract/venv/lib/python3.9/site-packages/airflow/example_dags/example_python_operator.py for tasks to queue
[2025-04-20T20:46:27.248+0800] {logging_mixin.py:190} INFO - [2025-04-20T20:46:27.247+0800] {dagbag.py:588} INFO - Filling up the DagBag from /mnt/c/Users/wu_li/OneDrive/Desktop/Airflow_pract/venv/lib/python3.9/site-packages/airflow/example_dags/example_python_operator.py
[2025-04-20T20:46:27.331+0800] {logging_mixin.py:190} INFO - [2025-04-20T20:46:27.330+0800] {example_python_operator.py:93} WARNING - The virtalenv_python example task requires virtualenv, please install it.
[2025-04-20T20:46:27.332+0800] {processor.py:925} INFO - DAG(s) 'example_python_operator' retrieved from /mnt/c/Users/wu_li/OneDrive/Desktop/Airflow_pract/venv/lib/python3.9/site-packages/airflow/example_dags/example_python_operator.py
[2025-04-20T20:46:27.365+0800] {logging_mixin.py:190} INFO - [2025-04-20T20:46:27.364+0800] {dag.py:3239} INFO - Sync 1 DAGs
[2025-04-20T20:46:27.385+0800] {logging_mixin.py:190} INFO - [2025-04-20T20:46:27.384+0800] {dag.py:4180} INFO - Setting next_dagrun for example_python_operator to None, run_after=None
[2025-04-20T20:46:27.454+0800] {processor.py:208} INFO - Processing /mnt/c/Users/wu_li/OneDrive/Desktop/Airflow_pract/venv/lib/python3.9/site-packages/airflow/example_dags/example_python_operator.py took 0.229 seconds
[2025-04-20T20:48:11.931+0800] {processor.py:186} INFO - Started process (PID=83674) to work on /mnt/c/Users/wu_li/OneDrive/Desktop/Airflow_pract/venv/lib/python3.9/site-packages/airflow/example_dags/example_python_operator.py
[2025-04-20T20:48:11.933+0800] {processor.py:914} INFO - Processing file /mnt/c/Users/wu_li/OneDrive/Desktop/Airflow_pract/venv/lib/python3.9/site-packages/airflow/example_dags/example_python_operator.py for tasks to queue
[2025-04-20T20:48:11.935+0800] {logging_mixin.py:190} INFO - [2025-04-20T20:48:11.934+0800] {dagbag.py:588} INFO - Filling up the DagBag from /mnt/c/Users/wu_li/OneDrive/Desktop/Airflow_pract/venv/lib/python3.9/site-packages/airflow/example_dags/example_python_operator.py
[2025-04-20T20:48:12.013+0800] {logging_mixin.py:190} INFO - [2025-04-20T20:48:12.011+0800] {example_python_operator.py:93} WARNING - The virtalenv_python example task requires virtualenv, please install it.
[2025-04-20T20:48:12.014+0800] {processor.py:925} INFO - DAG(s) 'example_python_operator' retrieved from /mnt/c/Users/wu_li/OneDrive/Desktop/Airflow_pract/venv/lib/python3.9/site-packages/airflow/example_dags/example_python_operator.py
[2025-04-20T20:48:12.039+0800] {logging_mixin.py:190} INFO - [2025-04-20T20:48:12.038+0800] {dag.py:3239} INFO - Sync 1 DAGs
[2025-04-20T20:48:12.053+0800] {logging_mixin.py:190} INFO - [2025-04-20T20:48:12.052+0800] {dag.py:4180} INFO - Setting next_dagrun for example_python_operator to None, run_after=None
[2025-04-20T20:48:12.106+0800] {processor.py:208} INFO - Processing /mnt/c/Users/wu_li/OneDrive/Desktop/Airflow_pract/venv/lib/python3.9/site-packages/airflow/example_dags/example_python_operator.py took 0.186 seconds
[2025-04-20T20:50:02.521+0800] {processor.py:186} INFO - Started process (PID=84613) to work on /mnt/c/Users/wu_li/OneDrive/Desktop/Airflow_pract/venv/lib/python3.9/site-packages/airflow/example_dags/example_python_operator.py
[2025-04-20T20:50:02.523+0800] {processor.py:914} INFO - Processing file /mnt/c/Users/wu_li/OneDrive/Desktop/Airflow_pract/venv/lib/python3.9/site-packages/airflow/example_dags/example_python_operator.py for tasks to queue
[2025-04-20T20:50:02.528+0800] {logging_mixin.py:190} INFO - [2025-04-20T20:50:02.526+0800] {dagbag.py:588} INFO - Filling up the DagBag from /mnt/c/Users/wu_li/OneDrive/Desktop/Airflow_pract/venv/lib/python3.9/site-packages/airflow/example_dags/example_python_operator.py
[2025-04-20T20:50:02.927+0800] {logging_mixin.py:190} INFO - [2025-04-20T20:50:02.925+0800] {example_python_operator.py:93} WARNING - The virtalenv_python example task requires virtualenv, please install it.
[2025-04-20T20:50:02.930+0800] {processor.py:925} INFO - DAG(s) 'example_python_operator' retrieved from /mnt/c/Users/wu_li/OneDrive/Desktop/Airflow_pract/venv/lib/python3.9/site-packages/airflow/example_dags/example_python_operator.py
[2025-04-20T20:50:03.018+0800] {logging_mixin.py:190} INFO - [2025-04-20T20:50:03.016+0800] {dag.py:3239} INFO - Sync 1 DAGs
[2025-04-20T20:50:03.066+0800] {logging_mixin.py:190} INFO - [2025-04-20T20:50:03.065+0800] {dag.py:4180} INFO - Setting next_dagrun for example_python_operator to None, run_after=None
[2025-04-20T20:50:03.184+0800] {processor.py:208} INFO - Processing /mnt/c/Users/wu_li/OneDrive/Desktop/Airflow_pract/venv/lib/python3.9/site-packages/airflow/example_dags/example_python_operator.py took 0.683 seconds
[2025-04-20T20:52:02.038+0800] {processor.py:186} INFO - Started process (PID=85412) to work on /mnt/c/Users/wu_li/OneDrive/Desktop/Airflow_pract/venv/lib/python3.9/site-packages/airflow/example_dags/example_python_operator.py
[2025-04-20T20:52:02.042+0800] {processor.py:914} INFO - Processing file /mnt/c/Users/wu_li/OneDrive/Desktop/Airflow_pract/venv/lib/python3.9/site-packages/airflow/example_dags/example_python_operator.py for tasks to queue
[2025-04-20T20:52:02.046+0800] {logging_mixin.py:190} INFO - [2025-04-20T20:52:02.044+0800] {dagbag.py:588} INFO - Filling up the DagBag from /mnt/c/Users/wu_li/OneDrive/Desktop/Airflow_pract/venv/lib/python3.9/site-packages/airflow/example_dags/example_python_operator.py
[2025-04-20T20:52:02.266+0800] {logging_mixin.py:190} INFO - [2025-04-20T20:52:02.250+0800] {example_python_operator.py:93} WARNING - The virtalenv_python example task requires virtualenv, please install it.
[2025-04-20T20:52:02.274+0800] {processor.py:925} INFO - DAG(s) 'example_python_operator' retrieved from /mnt/c/Users/wu_li/OneDrive/Desktop/Airflow_pract/venv/lib/python3.9/site-packages/airflow/example_dags/example_python_operator.py
[2025-04-20T20:52:02.383+0800] {logging_mixin.py:190} INFO - [2025-04-20T20:52:02.379+0800] {dag.py:3239} INFO - Sync 1 DAGs
[2025-04-20T20:52:02.537+0800] {logging_mixin.py:190} INFO - [2025-04-20T20:52:02.533+0800] {dag.py:4180} INFO - Setting next_dagrun for example_python_operator to None, run_after=None
[2025-04-20T20:52:02.657+0800] {processor.py:208} INFO - Processing /mnt/c/Users/wu_li/OneDrive/Desktop/Airflow_pract/venv/lib/python3.9/site-packages/airflow/example_dags/example_python_operator.py took 0.653 seconds
[2025-04-20T20:53:44.476+0800] {processor.py:186} INFO - Started process (PID=86498) to work on /mnt/c/Users/wu_li/OneDrive/Desktop/Airflow_pract/venv/lib/python3.9/site-packages/airflow/example_dags/example_python_operator.py
[2025-04-20T20:53:44.478+0800] {processor.py:914} INFO - Processing file /mnt/c/Users/wu_li/OneDrive/Desktop/Airflow_pract/venv/lib/python3.9/site-packages/airflow/example_dags/example_python_operator.py for tasks to queue
[2025-04-20T20:53:44.482+0800] {logging_mixin.py:190} INFO - [2025-04-20T20:53:44.480+0800] {dagbag.py:588} INFO - Filling up the DagBag from /mnt/c/Users/wu_li/OneDrive/Desktop/Airflow_pract/venv/lib/python3.9/site-packages/airflow/example_dags/example_python_operator.py
[2025-04-20T20:53:44.565+0800] {logging_mixin.py:190} INFO - [2025-04-20T20:53:44.564+0800] {example_python_operator.py:93} WARNING - The virtalenv_python example task requires virtualenv, please install it.
[2025-04-20T20:53:44.567+0800] {processor.py:925} INFO - DAG(s) 'example_python_operator' retrieved from /mnt/c/Users/wu_li/OneDrive/Desktop/Airflow_pract/venv/lib/python3.9/site-packages/airflow/example_dags/example_python_operator.py
[2025-04-20T20:53:44.594+0800] {logging_mixin.py:190} INFO - [2025-04-20T20:53:44.593+0800] {dag.py:3239} INFO - Sync 1 DAGs
[2025-04-20T20:53:44.609+0800] {logging_mixin.py:190} INFO - [2025-04-20T20:53:44.608+0800] {dag.py:4180} INFO - Setting next_dagrun for example_python_operator to None, run_after=None
[2025-04-20T20:53:44.666+0800] {processor.py:208} INFO - Processing /mnt/c/Users/wu_li/OneDrive/Desktop/Airflow_pract/venv/lib/python3.9/site-packages/airflow/example_dags/example_python_operator.py took 0.211 seconds
[2025-04-20T20:55:09.825+0800] {processor.py:186} INFO - Started process (PID=87358) to work on /mnt/c/Users/wu_li/OneDrive/Desktop/Airflow_pract/venv/lib/python3.9/site-packages/airflow/example_dags/example_python_operator.py
[2025-04-20T20:55:09.827+0800] {processor.py:914} INFO - Processing file /mnt/c/Users/wu_li/OneDrive/Desktop/Airflow_pract/venv/lib/python3.9/site-packages/airflow/example_dags/example_python_operator.py for tasks to queue
[2025-04-20T20:55:09.830+0800] {logging_mixin.py:190} INFO - [2025-04-20T20:55:09.829+0800] {dagbag.py:588} INFO - Filling up the DagBag from /mnt/c/Users/wu_li/OneDrive/Desktop/Airflow_pract/venv/lib/python3.9/site-packages/airflow/example_dags/example_python_operator.py
[2025-04-20T20:55:09.924+0800] {logging_mixin.py:190} INFO - [2025-04-20T20:55:09.923+0800] {example_python_operator.py:93} WARNING - The virtalenv_python example task requires virtualenv, please install it.
[2025-04-20T20:55:09.925+0800] {processor.py:925} INFO - DAG(s) 'example_python_operator' retrieved from /mnt/c/Users/wu_li/OneDrive/Desktop/Airflow_pract/venv/lib/python3.9/site-packages/airflow/example_dags/example_python_operator.py
[2025-04-20T20:55:09.963+0800] {logging_mixin.py:190} INFO - [2025-04-20T20:55:09.962+0800] {dag.py:3239} INFO - Sync 1 DAGs
[2025-04-20T20:55:09.997+0800] {logging_mixin.py:190} INFO - [2025-04-20T20:55:09.996+0800] {dag.py:4180} INFO - Setting next_dagrun for example_python_operator to None, run_after=None
[2025-04-20T20:55:10.068+0800] {processor.py:208} INFO - Processing /mnt/c/Users/wu_li/OneDrive/Desktop/Airflow_pract/venv/lib/python3.9/site-packages/airflow/example_dags/example_python_operator.py took 0.258 seconds
[2025-04-20T20:56:38.490+0800] {processor.py:186} INFO - Started process (PID=88437) to work on /mnt/c/Users/wu_li/OneDrive/Desktop/Airflow_pract/venv/lib/python3.9/site-packages/airflow/example_dags/example_python_operator.py
[2025-04-20T20:56:38.492+0800] {processor.py:914} INFO - Processing file /mnt/c/Users/wu_li/OneDrive/Desktop/Airflow_pract/venv/lib/python3.9/site-packages/airflow/example_dags/example_python_operator.py for tasks to queue
[2025-04-20T20:56:38.494+0800] {logging_mixin.py:190} INFO - [2025-04-20T20:56:38.493+0800] {dagbag.py:588} INFO - Filling up the DagBag from /mnt/c/Users/wu_li/OneDrive/Desktop/Airflow_pract/venv/lib/python3.9/site-packages/airflow/example_dags/example_python_operator.py
[2025-04-20T20:56:38.568+0800] {logging_mixin.py:190} INFO - [2025-04-20T20:56:38.567+0800] {example_python_operator.py:93} WARNING - The virtalenv_python example task requires virtualenv, please install it.
[2025-04-20T20:56:38.569+0800] {processor.py:925} INFO - DAG(s) 'example_python_operator' retrieved from /mnt/c/Users/wu_li/OneDrive/Desktop/Airflow_pract/venv/lib/python3.9/site-packages/airflow/example_dags/example_python_operator.py
[2025-04-20T20:56:38.613+0800] {logging_mixin.py:190} INFO - [2025-04-20T20:56:38.612+0800] {dag.py:3239} INFO - Sync 1 DAGs
[2025-04-20T20:56:38.629+0800] {logging_mixin.py:190} INFO - [2025-04-20T20:56:38.628+0800] {dag.py:4180} INFO - Setting next_dagrun for example_python_operator to None, run_after=None
[2025-04-20T20:56:38.689+0800] {processor.py:208} INFO - Processing /mnt/c/Users/wu_li/OneDrive/Desktop/Airflow_pract/venv/lib/python3.9/site-packages/airflow/example_dags/example_python_operator.py took 0.212 seconds
[2025-04-20T20:58:09.010+0800] {processor.py:186} INFO - Started process (PID=89448) to work on /mnt/c/Users/wu_li/OneDrive/Desktop/Airflow_pract/venv/lib/python3.9/site-packages/airflow/example_dags/example_python_operator.py
[2025-04-20T20:58:09.012+0800] {processor.py:914} INFO - Processing file /mnt/c/Users/wu_li/OneDrive/Desktop/Airflow_pract/venv/lib/python3.9/site-packages/airflow/example_dags/example_python_operator.py for tasks to queue
[2025-04-20T20:58:09.014+0800] {logging_mixin.py:190} INFO - [2025-04-20T20:58:09.013+0800] {dagbag.py:588} INFO - Filling up the DagBag from /mnt/c/Users/wu_li/OneDrive/Desktop/Airflow_pract/venv/lib/python3.9/site-packages/airflow/example_dags/example_python_operator.py
[2025-04-20T20:58:09.078+0800] {logging_mixin.py:190} INFO - [2025-04-20T20:58:09.077+0800] {example_python_operator.py:93} WARNING - The virtalenv_python example task requires virtualenv, please install it.
[2025-04-20T20:58:09.080+0800] {processor.py:925} INFO - DAG(s) 'example_python_operator' retrieved from /mnt/c/Users/wu_li/OneDrive/Desktop/Airflow_pract/venv/lib/python3.9/site-packages/airflow/example_dags/example_python_operator.py
[2025-04-20T20:58:09.106+0800] {logging_mixin.py:190} INFO - [2025-04-20T20:58:09.105+0800] {dag.py:3239} INFO - Sync 1 DAGs
[2025-04-20T20:58:09.119+0800] {logging_mixin.py:190} INFO - [2025-04-20T20:58:09.118+0800] {dag.py:4180} INFO - Setting next_dagrun for example_python_operator to None, run_after=None
[2025-04-20T20:58:09.185+0800] {processor.py:208} INFO - Processing /mnt/c/Users/wu_li/OneDrive/Desktop/Airflow_pract/venv/lib/python3.9/site-packages/airflow/example_dags/example_python_operator.py took 0.185 seconds
[2025-04-20T20:59:37.878+0800] {processor.py:186} INFO - Started process (PID=90456) to work on /mnt/c/Users/wu_li/OneDrive/Desktop/Airflow_pract/venv/lib/python3.9/site-packages/airflow/example_dags/example_python_operator.py
[2025-04-20T20:59:37.879+0800] {processor.py:914} INFO - Processing file /mnt/c/Users/wu_li/OneDrive/Desktop/Airflow_pract/venv/lib/python3.9/site-packages/airflow/example_dags/example_python_operator.py for tasks to queue
[2025-04-20T20:59:37.882+0800] {logging_mixin.py:190} INFO - [2025-04-20T20:59:37.881+0800] {dagbag.py:588} INFO - Filling up the DagBag from /mnt/c/Users/wu_li/OneDrive/Desktop/Airflow_pract/venv/lib/python3.9/site-packages/airflow/example_dags/example_python_operator.py
[2025-04-20T20:59:37.961+0800] {logging_mixin.py:190} INFO - [2025-04-20T20:59:37.960+0800] {example_python_operator.py:93} WARNING - The virtalenv_python example task requires virtualenv, please install it.
[2025-04-20T20:59:37.962+0800] {processor.py:925} INFO - DAG(s) 'example_python_operator' retrieved from /mnt/c/Users/wu_li/OneDrive/Desktop/Airflow_pract/venv/lib/python3.9/site-packages/airflow/example_dags/example_python_operator.py
[2025-04-20T20:59:37.991+0800] {logging_mixin.py:190} INFO - [2025-04-20T20:59:37.990+0800] {dag.py:3239} INFO - Sync 1 DAGs
[2025-04-20T20:59:38.006+0800] {logging_mixin.py:190} INFO - [2025-04-20T20:59:38.005+0800] {dag.py:4180} INFO - Setting next_dagrun for example_python_operator to None, run_after=None
[2025-04-20T20:59:38.064+0800] {processor.py:208} INFO - Processing /mnt/c/Users/wu_li/OneDrive/Desktop/Airflow_pract/venv/lib/python3.9/site-packages/airflow/example_dags/example_python_operator.py took 0.197 seconds
[2025-04-20T21:01:08.058+0800] {processor.py:186} INFO - Started process (PID=91533) to work on /mnt/c/Users/wu_li/OneDrive/Desktop/Airflow_pract/venv/lib/python3.9/site-packages/airflow/example_dags/example_python_operator.py
[2025-04-20T21:01:08.061+0800] {processor.py:914} INFO - Processing file /mnt/c/Users/wu_li/OneDrive/Desktop/Airflow_pract/venv/lib/python3.9/site-packages/airflow/example_dags/example_python_operator.py for tasks to queue
[2025-04-20T21:01:08.064+0800] {logging_mixin.py:190} INFO - [2025-04-20T21:01:08.063+0800] {dagbag.py:588} INFO - Filling up the DagBag from /mnt/c/Users/wu_li/OneDrive/Desktop/Airflow_pract/venv/lib/python3.9/site-packages/airflow/example_dags/example_python_operator.py
[2025-04-20T21:01:08.164+0800] {logging_mixin.py:190} INFO - [2025-04-20T21:01:08.163+0800] {example_python_operator.py:93} WARNING - The virtalenv_python example task requires virtualenv, please install it.
[2025-04-20T21:01:08.166+0800] {processor.py:925} INFO - DAG(s) 'example_python_operator' retrieved from /mnt/c/Users/wu_li/OneDrive/Desktop/Airflow_pract/venv/lib/python3.9/site-packages/airflow/example_dags/example_python_operator.py
[2025-04-20T21:01:08.218+0800] {logging_mixin.py:190} INFO - [2025-04-20T21:01:08.214+0800] {dag.py:3239} INFO - Sync 1 DAGs
[2025-04-20T21:01:08.264+0800] {logging_mixin.py:190} INFO - [2025-04-20T21:01:08.260+0800] {dag.py:4180} INFO - Setting next_dagrun for example_python_operator to None, run_after=None
[2025-04-20T21:01:08.364+0800] {processor.py:208} INFO - Processing /mnt/c/Users/wu_li/OneDrive/Desktop/Airflow_pract/venv/lib/python3.9/site-packages/airflow/example_dags/example_python_operator.py took 0.339 seconds
[2025-04-20T21:02:37.895+0800] {processor.py:186} INFO - Started process (PID=92541) to work on /mnt/c/Users/wu_li/OneDrive/Desktop/Airflow_pract/venv/lib/python3.9/site-packages/airflow/example_dags/example_python_operator.py
[2025-04-20T21:02:37.900+0800] {processor.py:914} INFO - Processing file /mnt/c/Users/wu_li/OneDrive/Desktop/Airflow_pract/venv/lib/python3.9/site-packages/airflow/example_dags/example_python_operator.py for tasks to queue
[2025-04-20T21:02:37.905+0800] {logging_mixin.py:190} INFO - [2025-04-20T21:02:37.903+0800] {dagbag.py:588} INFO - Filling up the DagBag from /mnt/c/Users/wu_li/OneDrive/Desktop/Airflow_pract/venv/lib/python3.9/site-packages/airflow/example_dags/example_python_operator.py
[2025-04-20T21:02:38.002+0800] {logging_mixin.py:190} INFO - [2025-04-20T21:02:38.000+0800] {example_python_operator.py:93} WARNING - The virtalenv_python example task requires virtualenv, please install it.
[2025-04-20T21:02:38.004+0800] {processor.py:925} INFO - DAG(s) 'example_python_operator' retrieved from /mnt/c/Users/wu_li/OneDrive/Desktop/Airflow_pract/venv/lib/python3.9/site-packages/airflow/example_dags/example_python_operator.py
[2025-04-20T21:02:38.048+0800] {logging_mixin.py:190} INFO - [2025-04-20T21:02:38.046+0800] {dag.py:3239} INFO - Sync 1 DAGs
[2025-04-20T21:02:38.082+0800] {logging_mixin.py:190} INFO - [2025-04-20T21:02:38.080+0800] {dag.py:4180} INFO - Setting next_dagrun for example_python_operator to None, run_after=None
[2025-04-20T21:02:38.172+0800] {processor.py:208} INFO - Processing /mnt/c/Users/wu_li/OneDrive/Desktop/Airflow_pract/venv/lib/python3.9/site-packages/airflow/example_dags/example_python_operator.py took 0.303 seconds
[2025-04-20T21:04:04.628+0800] {processor.py:186} INFO - Started process (PID=93588) to work on /mnt/c/Users/wu_li/OneDrive/Desktop/Airflow_pract/venv/lib/python3.9/site-packages/airflow/example_dags/example_python_operator.py
[2025-04-20T21:04:04.630+0800] {processor.py:914} INFO - Processing file /mnt/c/Users/wu_li/OneDrive/Desktop/Airflow_pract/venv/lib/python3.9/site-packages/airflow/example_dags/example_python_operator.py for tasks to queue
[2025-04-20T21:04:04.632+0800] {logging_mixin.py:190} INFO - [2025-04-20T21:04:04.631+0800] {dagbag.py:588} INFO - Filling up the DagBag from /mnt/c/Users/wu_li/OneDrive/Desktop/Airflow_pract/venv/lib/python3.9/site-packages/airflow/example_dags/example_python_operator.py
[2025-04-20T21:04:04.712+0800] {logging_mixin.py:190} INFO - [2025-04-20T21:04:04.711+0800] {example_python_operator.py:93} WARNING - The virtalenv_python example task requires virtualenv, please install it.
[2025-04-20T21:04:04.714+0800] {processor.py:925} INFO - DAG(s) 'example_python_operator' retrieved from /mnt/c/Users/wu_li/OneDrive/Desktop/Airflow_pract/venv/lib/python3.9/site-packages/airflow/example_dags/example_python_operator.py
[2025-04-20T21:04:04.751+0800] {logging_mixin.py:190} INFO - [2025-04-20T21:04:04.750+0800] {dag.py:3239} INFO - Sync 1 DAGs
[2025-04-20T21:04:04.769+0800] {logging_mixin.py:190} INFO - [2025-04-20T21:04:04.767+0800] {dag.py:4180} INFO - Setting next_dagrun for example_python_operator to None, run_after=None
[2025-04-20T21:04:04.827+0800] {processor.py:208} INFO - Processing /mnt/c/Users/wu_li/OneDrive/Desktop/Airflow_pract/venv/lib/python3.9/site-packages/airflow/example_dags/example_python_operator.py took 0.213 seconds
[2025-04-20T21:05:33.729+0800] {processor.py:186} INFO - Started process (PID=94628) to work on /mnt/c/Users/wu_li/OneDrive/Desktop/Airflow_pract/venv/lib/python3.9/site-packages/airflow/example_dags/example_python_operator.py
[2025-04-20T21:05:33.731+0800] {processor.py:914} INFO - Processing file /mnt/c/Users/wu_li/OneDrive/Desktop/Airflow_pract/venv/lib/python3.9/site-packages/airflow/example_dags/example_python_operator.py for tasks to queue
[2025-04-20T21:05:33.735+0800] {logging_mixin.py:190} INFO - [2025-04-20T21:05:33.734+0800] {dagbag.py:588} INFO - Filling up the DagBag from /mnt/c/Users/wu_li/OneDrive/Desktop/Airflow_pract/venv/lib/python3.9/site-packages/airflow/example_dags/example_python_operator.py
[2025-04-20T21:05:33.866+0800] {logging_mixin.py:190} INFO - [2025-04-20T21:05:33.864+0800] {example_python_operator.py:93} WARNING - The virtalenv_python example task requires virtualenv, please install it.
[2025-04-20T21:05:33.868+0800] {processor.py:925} INFO - DAG(s) 'example_python_operator' retrieved from /mnt/c/Users/wu_li/OneDrive/Desktop/Airflow_pract/venv/lib/python3.9/site-packages/airflow/example_dags/example_python_operator.py
[2025-04-20T21:05:33.917+0800] {logging_mixin.py:190} INFO - [2025-04-20T21:05:33.915+0800] {dag.py:3239} INFO - Sync 1 DAGs
[2025-04-20T21:05:33.953+0800] {logging_mixin.py:190} INFO - [2025-04-20T21:05:33.951+0800] {dag.py:4180} INFO - Setting next_dagrun for example_python_operator to None, run_after=None
[2025-04-20T21:05:34.040+0800] {processor.py:208} INFO - Processing /mnt/c/Users/wu_li/OneDrive/Desktop/Airflow_pract/venv/lib/python3.9/site-packages/airflow/example_dags/example_python_operator.py took 0.328 seconds
[2025-04-20T21:07:08.517+0800] {processor.py:186} INFO - Started process (PID=95780) to work on /mnt/c/Users/wu_li/OneDrive/Desktop/Airflow_pract/venv/lib/python3.9/site-packages/airflow/example_dags/example_python_operator.py
[2025-04-20T21:07:08.522+0800] {processor.py:914} INFO - Processing file /mnt/c/Users/wu_li/OneDrive/Desktop/Airflow_pract/venv/lib/python3.9/site-packages/airflow/example_dags/example_python_operator.py for tasks to queue
[2025-04-20T21:07:08.526+0800] {logging_mixin.py:190} INFO - [2025-04-20T21:07:08.524+0800] {dagbag.py:588} INFO - Filling up the DagBag from /mnt/c/Users/wu_li/OneDrive/Desktop/Airflow_pract/venv/lib/python3.9/site-packages/airflow/example_dags/example_python_operator.py
[2025-04-20T21:07:08.625+0800] {logging_mixin.py:190} INFO - [2025-04-20T21:07:08.623+0800] {example_python_operator.py:93} WARNING - The virtalenv_python example task requires virtualenv, please install it.
[2025-04-20T21:07:08.627+0800] {processor.py:925} INFO - DAG(s) 'example_python_operator' retrieved from /mnt/c/Users/wu_li/OneDrive/Desktop/Airflow_pract/venv/lib/python3.9/site-packages/airflow/example_dags/example_python_operator.py
[2025-04-20T21:07:08.675+0800] {logging_mixin.py:190} INFO - [2025-04-20T21:07:08.673+0800] {dag.py:3239} INFO - Sync 1 DAGs
[2025-04-20T21:07:08.708+0800] {logging_mixin.py:190} INFO - [2025-04-20T21:07:08.707+0800] {dag.py:4180} INFO - Setting next_dagrun for example_python_operator to None, run_after=None
[2025-04-20T21:07:08.802+0800] {processor.py:208} INFO - Processing /mnt/c/Users/wu_li/OneDrive/Desktop/Airflow_pract/venv/lib/python3.9/site-packages/airflow/example_dags/example_python_operator.py took 0.307 seconds
[2025-04-20T21:08:40.423+0800] {processor.py:186} INFO - Started process (PID=96861) to work on /mnt/c/Users/wu_li/OneDrive/Desktop/Airflow_pract/venv/lib/python3.9/site-packages/airflow/example_dags/example_python_operator.py
[2025-04-20T21:08:40.425+0800] {processor.py:914} INFO - Processing file /mnt/c/Users/wu_li/OneDrive/Desktop/Airflow_pract/venv/lib/python3.9/site-packages/airflow/example_dags/example_python_operator.py for tasks to queue
[2025-04-20T21:08:40.427+0800] {logging_mixin.py:190} INFO - [2025-04-20T21:08:40.426+0800] {dagbag.py:588} INFO - Filling up the DagBag from /mnt/c/Users/wu_li/OneDrive/Desktop/Airflow_pract/venv/lib/python3.9/site-packages/airflow/example_dags/example_python_operator.py
[2025-04-20T21:08:40.496+0800] {logging_mixin.py:190} INFO - [2025-04-20T21:08:40.495+0800] {example_python_operator.py:93} WARNING - The virtalenv_python example task requires virtualenv, please install it.
[2025-04-20T21:08:40.498+0800] {processor.py:925} INFO - DAG(s) 'example_python_operator' retrieved from /mnt/c/Users/wu_li/OneDrive/Desktop/Airflow_pract/venv/lib/python3.9/site-packages/airflow/example_dags/example_python_operator.py
[2025-04-20T21:08:40.526+0800] {logging_mixin.py:190} INFO - [2025-04-20T21:08:40.525+0800] {dag.py:3239} INFO - Sync 1 DAGs
[2025-04-20T21:08:40.539+0800] {logging_mixin.py:190} INFO - [2025-04-20T21:08:40.538+0800] {dag.py:4180} INFO - Setting next_dagrun for example_python_operator to None, run_after=None
[2025-04-20T21:08:40.600+0800] {processor.py:208} INFO - Processing /mnt/c/Users/wu_li/OneDrive/Desktop/Airflow_pract/venv/lib/python3.9/site-packages/airflow/example_dags/example_python_operator.py took 0.190 seconds
[2025-04-20T21:10:08.531+0800] {processor.py:186} INFO - Started process (PID=97872) to work on /mnt/c/Users/wu_li/OneDrive/Desktop/Airflow_pract/venv/lib/python3.9/site-packages/airflow/example_dags/example_python_operator.py
[2025-04-20T21:10:08.533+0800] {processor.py:914} INFO - Processing file /mnt/c/Users/wu_li/OneDrive/Desktop/Airflow_pract/venv/lib/python3.9/site-packages/airflow/example_dags/example_python_operator.py for tasks to queue
[2025-04-20T21:10:08.536+0800] {logging_mixin.py:190} INFO - [2025-04-20T21:10:08.535+0800] {dagbag.py:588} INFO - Filling up the DagBag from /mnt/c/Users/wu_li/OneDrive/Desktop/Airflow_pract/venv/lib/python3.9/site-packages/airflow/example_dags/example_python_operator.py
[2025-04-20T21:10:08.603+0800] {logging_mixin.py:190} INFO - [2025-04-20T21:10:08.602+0800] {example_python_operator.py:93} WARNING - The virtalenv_python example task requires virtualenv, please install it.
[2025-04-20T21:10:08.604+0800] {processor.py:925} INFO - DAG(s) 'example_python_operator' retrieved from /mnt/c/Users/wu_li/OneDrive/Desktop/Airflow_pract/venv/lib/python3.9/site-packages/airflow/example_dags/example_python_operator.py
[2025-04-20T21:10:08.632+0800] {logging_mixin.py:190} INFO - [2025-04-20T21:10:08.632+0800] {dag.py:3239} INFO - Sync 1 DAGs
[2025-04-20T21:10:08.646+0800] {logging_mixin.py:190} INFO - [2025-04-20T21:10:08.645+0800] {dag.py:4180} INFO - Setting next_dagrun for example_python_operator to None, run_after=None
[2025-04-20T21:10:08.702+0800] {processor.py:208} INFO - Processing /mnt/c/Users/wu_li/OneDrive/Desktop/Airflow_pract/venv/lib/python3.9/site-packages/airflow/example_dags/example_python_operator.py took 0.184 seconds
[2025-04-20T21:11:42.065+0800] {processor.py:186} INFO - Started process (PID=99024) to work on /mnt/c/Users/wu_li/OneDrive/Desktop/Airflow_pract/venv/lib/python3.9/site-packages/airflow/example_dags/example_python_operator.py
[2025-04-20T21:11:42.067+0800] {processor.py:914} INFO - Processing file /mnt/c/Users/wu_li/OneDrive/Desktop/Airflow_pract/venv/lib/python3.9/site-packages/airflow/example_dags/example_python_operator.py for tasks to queue
[2025-04-20T21:11:42.069+0800] {logging_mixin.py:190} INFO - [2025-04-20T21:11:42.068+0800] {dagbag.py:588} INFO - Filling up the DagBag from /mnt/c/Users/wu_li/OneDrive/Desktop/Airflow_pract/venv/lib/python3.9/site-packages/airflow/example_dags/example_python_operator.py
[2025-04-20T21:11:42.139+0800] {logging_mixin.py:190} INFO - [2025-04-20T21:11:42.138+0800] {example_python_operator.py:93} WARNING - The virtalenv_python example task requires virtualenv, please install it.
[2025-04-20T21:11:42.141+0800] {processor.py:925} INFO - DAG(s) 'example_python_operator' retrieved from /mnt/c/Users/wu_li/OneDrive/Desktop/Airflow_pract/venv/lib/python3.9/site-packages/airflow/example_dags/example_python_operator.py
[2025-04-20T21:11:42.168+0800] {logging_mixin.py:190} INFO - [2025-04-20T21:11:42.167+0800] {dag.py:3239} INFO - Sync 1 DAGs
[2025-04-20T21:11:42.183+0800] {logging_mixin.py:190} INFO - [2025-04-20T21:11:42.182+0800] {dag.py:4180} INFO - Setting next_dagrun for example_python_operator to None, run_after=None
[2025-04-20T21:11:42.249+0800] {processor.py:208} INFO - Processing /mnt/c/Users/wu_li/OneDrive/Desktop/Airflow_pract/venv/lib/python3.9/site-packages/airflow/example_dags/example_python_operator.py took 0.196 seconds
[2025-04-20T21:13:12.460+0800] {processor.py:186} INFO - Started process (PID=100103) to work on /mnt/c/Users/wu_li/OneDrive/Desktop/Airflow_pract/venv/lib/python3.9/site-packages/airflow/example_dags/example_python_operator.py
[2025-04-20T21:13:12.465+0800] {processor.py:914} INFO - Processing file /mnt/c/Users/wu_li/OneDrive/Desktop/Airflow_pract/venv/lib/python3.9/site-packages/airflow/example_dags/example_python_operator.py for tasks to queue
[2025-04-20T21:13:12.471+0800] {logging_mixin.py:190} INFO - [2025-04-20T21:13:12.468+0800] {dagbag.py:588} INFO - Filling up the DagBag from /mnt/c/Users/wu_li/OneDrive/Desktop/Airflow_pract/venv/lib/python3.9/site-packages/airflow/example_dags/example_python_operator.py
[2025-04-20T21:13:12.581+0800] {logging_mixin.py:190} INFO - [2025-04-20T21:13:12.579+0800] {example_python_operator.py:93} WARNING - The virtalenv_python example task requires virtualenv, please install it.
[2025-04-20T21:13:12.584+0800] {processor.py:925} INFO - DAG(s) 'example_python_operator' retrieved from /mnt/c/Users/wu_li/OneDrive/Desktop/Airflow_pract/venv/lib/python3.9/site-packages/airflow/example_dags/example_python_operator.py
[2025-04-20T21:13:12.636+0800] {logging_mixin.py:190} INFO - [2025-04-20T21:13:12.634+0800] {dag.py:3239} INFO - Sync 1 DAGs
[2025-04-20T21:13:12.695+0800] {logging_mixin.py:190} INFO - [2025-04-20T21:13:12.684+0800] {dag.py:4180} INFO - Setting next_dagrun for example_python_operator to None, run_after=None
[2025-04-20T21:13:12.842+0800] {processor.py:208} INFO - Processing /mnt/c/Users/wu_li/OneDrive/Desktop/Airflow_pract/venv/lib/python3.9/site-packages/airflow/example_dags/example_python_operator.py took 0.406 seconds
[2025-04-20T21:14:43.871+0800] {processor.py:186} INFO - Started process (PID=101183) to work on /mnt/c/Users/wu_li/OneDrive/Desktop/Airflow_pract/venv/lib/python3.9/site-packages/airflow/example_dags/example_python_operator.py
[2025-04-20T21:14:43.873+0800] {processor.py:914} INFO - Processing file /mnt/c/Users/wu_li/OneDrive/Desktop/Airflow_pract/venv/lib/python3.9/site-packages/airflow/example_dags/example_python_operator.py for tasks to queue
[2025-04-20T21:14:43.878+0800] {logging_mixin.py:190} INFO - [2025-04-20T21:14:43.876+0800] {dagbag.py:588} INFO - Filling up the DagBag from /mnt/c/Users/wu_li/OneDrive/Desktop/Airflow_pract/venv/lib/python3.9/site-packages/airflow/example_dags/example_python_operator.py
[2025-04-20T21:14:43.995+0800] {logging_mixin.py:190} INFO - [2025-04-20T21:14:43.994+0800] {example_python_operator.py:93} WARNING - The virtalenv_python example task requires virtualenv, please install it.
[2025-04-20T21:14:43.997+0800] {processor.py:925} INFO - DAG(s) 'example_python_operator' retrieved from /mnt/c/Users/wu_li/OneDrive/Desktop/Airflow_pract/venv/lib/python3.9/site-packages/airflow/example_dags/example_python_operator.py
[2025-04-20T21:14:44.045+0800] {logging_mixin.py:190} INFO - [2025-04-20T21:14:44.043+0800] {dag.py:3239} INFO - Sync 1 DAGs
[2025-04-20T21:14:44.079+0800] {logging_mixin.py:190} INFO - [2025-04-20T21:14:44.077+0800] {dag.py:4180} INFO - Setting next_dagrun for example_python_operator to None, run_after=None
[2025-04-20T21:14:44.176+0800] {processor.py:208} INFO - Processing /mnt/c/Users/wu_li/OneDrive/Desktop/Airflow_pract/venv/lib/python3.9/site-packages/airflow/example_dags/example_python_operator.py took 0.326 seconds
[2025-04-20T21:16:13.662+0800] {processor.py:186} INFO - Started process (PID=102191) to work on /mnt/c/Users/wu_li/OneDrive/Desktop/Airflow_pract/venv/lib/python3.9/site-packages/airflow/example_dags/example_python_operator.py
[2025-04-20T21:16:13.665+0800] {processor.py:914} INFO - Processing file /mnt/c/Users/wu_li/OneDrive/Desktop/Airflow_pract/venv/lib/python3.9/site-packages/airflow/example_dags/example_python_operator.py for tasks to queue
[2025-04-20T21:16:13.669+0800] {logging_mixin.py:190} INFO - [2025-04-20T21:16:13.667+0800] {dagbag.py:588} INFO - Filling up the DagBag from /mnt/c/Users/wu_li/OneDrive/Desktop/Airflow_pract/venv/lib/python3.9/site-packages/airflow/example_dags/example_python_operator.py
[2025-04-20T21:16:13.774+0800] {logging_mixin.py:190} INFO - [2025-04-20T21:16:13.772+0800] {example_python_operator.py:93} WARNING - The virtalenv_python example task requires virtualenv, please install it.
[2025-04-20T21:16:13.776+0800] {processor.py:925} INFO - DAG(s) 'example_python_operator' retrieved from /mnt/c/Users/wu_li/OneDrive/Desktop/Airflow_pract/venv/lib/python3.9/site-packages/airflow/example_dags/example_python_operator.py
[2025-04-20T21:16:13.821+0800] {logging_mixin.py:190} INFO - [2025-04-20T21:16:13.819+0800] {dag.py:3239} INFO - Sync 1 DAGs
[2025-04-20T21:16:13.860+0800] {logging_mixin.py:190} INFO - [2025-04-20T21:16:13.858+0800] {dag.py:4180} INFO - Setting next_dagrun for example_python_operator to None, run_after=None
[2025-04-20T21:16:13.953+0800] {processor.py:208} INFO - Processing /mnt/c/Users/wu_li/OneDrive/Desktop/Airflow_pract/venv/lib/python3.9/site-packages/airflow/example_dags/example_python_operator.py took 0.308 seconds
[2025-04-20T21:17:41.293+0800] {processor.py:186} INFO - Started process (PID=103201) to work on /mnt/c/Users/wu_li/OneDrive/Desktop/Airflow_pract/venv/lib/python3.9/site-packages/airflow/example_dags/example_python_operator.py
[2025-04-20T21:17:41.299+0800] {processor.py:914} INFO - Processing file /mnt/c/Users/wu_li/OneDrive/Desktop/Airflow_pract/venv/lib/python3.9/site-packages/airflow/example_dags/example_python_operator.py for tasks to queue
[2025-04-20T21:17:41.303+0800] {logging_mixin.py:190} INFO - [2025-04-20T21:17:41.302+0800] {dagbag.py:588} INFO - Filling up the DagBag from /mnt/c/Users/wu_li/OneDrive/Desktop/Airflow_pract/venv/lib/python3.9/site-packages/airflow/example_dags/example_python_operator.py
[2025-04-20T21:17:41.415+0800] {logging_mixin.py:190} INFO - [2025-04-20T21:17:41.414+0800] {example_python_operator.py:93} WARNING - The virtalenv_python example task requires virtualenv, please install it.
[2025-04-20T21:17:41.417+0800] {processor.py:925} INFO - DAG(s) 'example_python_operator' retrieved from /mnt/c/Users/wu_li/OneDrive/Desktop/Airflow_pract/venv/lib/python3.9/site-packages/airflow/example_dags/example_python_operator.py
[2025-04-20T21:17:41.469+0800] {logging_mixin.py:190} INFO - [2025-04-20T21:17:41.468+0800] {dag.py:3239} INFO - Sync 1 DAGs
[2025-04-20T21:17:41.508+0800] {logging_mixin.py:190} INFO - [2025-04-20T21:17:41.506+0800] {dag.py:4180} INFO - Setting next_dagrun for example_python_operator to None, run_after=None
[2025-04-20T21:17:41.573+0800] {processor.py:208} INFO - Processing /mnt/c/Users/wu_li/OneDrive/Desktop/Airflow_pract/venv/lib/python3.9/site-packages/airflow/example_dags/example_python_operator.py took 0.298 seconds
[2025-04-20T21:19:06.207+0800] {processor.py:186} INFO - Started process (PID=104206) to work on /mnt/c/Users/wu_li/OneDrive/Desktop/Airflow_pract/venv/lib/python3.9/site-packages/airflow/example_dags/example_python_operator.py
[2025-04-20T21:19:06.210+0800] {processor.py:914} INFO - Processing file /mnt/c/Users/wu_li/OneDrive/Desktop/Airflow_pract/venv/lib/python3.9/site-packages/airflow/example_dags/example_python_operator.py for tasks to queue
[2025-04-20T21:19:06.213+0800] {logging_mixin.py:190} INFO - [2025-04-20T21:19:06.212+0800] {dagbag.py:588} INFO - Filling up the DagBag from /mnt/c/Users/wu_li/OneDrive/Desktop/Airflow_pract/venv/lib/python3.9/site-packages/airflow/example_dags/example_python_operator.py
[2025-04-20T21:19:06.329+0800] {logging_mixin.py:190} INFO - [2025-04-20T21:19:06.328+0800] {example_python_operator.py:93} WARNING - The virtalenv_python example task requires virtualenv, please install it.
[2025-04-20T21:19:06.331+0800] {processor.py:925} INFO - DAG(s) 'example_python_operator' retrieved from /mnt/c/Users/wu_li/OneDrive/Desktop/Airflow_pract/venv/lib/python3.9/site-packages/airflow/example_dags/example_python_operator.py
[2025-04-20T21:19:06.373+0800] {logging_mixin.py:190} INFO - [2025-04-20T21:19:06.372+0800] {dag.py:3239} INFO - Sync 1 DAGs
[2025-04-20T21:19:06.407+0800] {logging_mixin.py:190} INFO - [2025-04-20T21:19:06.405+0800] {dag.py:4180} INFO - Setting next_dagrun for example_python_operator to None, run_after=None
[2025-04-20T21:19:06.514+0800] {processor.py:208} INFO - Processing /mnt/c/Users/wu_li/OneDrive/Desktop/Airflow_pract/venv/lib/python3.9/site-packages/airflow/example_dags/example_python_operator.py took 0.325 seconds
[2025-04-20T21:20:37.575+0800] {processor.py:186} INFO - Started process (PID=105286) to work on /mnt/c/Users/wu_li/OneDrive/Desktop/Airflow_pract/venv/lib/python3.9/site-packages/airflow/example_dags/example_python_operator.py
[2025-04-20T21:20:37.577+0800] {processor.py:914} INFO - Processing file /mnt/c/Users/wu_li/OneDrive/Desktop/Airflow_pract/venv/lib/python3.9/site-packages/airflow/example_dags/example_python_operator.py for tasks to queue
[2025-04-20T21:20:37.582+0800] {logging_mixin.py:190} INFO - [2025-04-20T21:20:37.580+0800] {dagbag.py:588} INFO - Filling up the DagBag from /mnt/c/Users/wu_li/OneDrive/Desktop/Airflow_pract/venv/lib/python3.9/site-packages/airflow/example_dags/example_python_operator.py
[2025-04-20T21:20:37.691+0800] {logging_mixin.py:190} INFO - [2025-04-20T21:20:37.689+0800] {example_python_operator.py:93} WARNING - The virtalenv_python example task requires virtualenv, please install it.
[2025-04-20T21:20:37.693+0800] {processor.py:925} INFO - DAG(s) 'example_python_operator' retrieved from /mnt/c/Users/wu_li/OneDrive/Desktop/Airflow_pract/venv/lib/python3.9/site-packages/airflow/example_dags/example_python_operator.py
[2025-04-20T21:20:37.743+0800] {logging_mixin.py:190} INFO - [2025-04-20T21:20:37.742+0800] {dag.py:3239} INFO - Sync 1 DAGs
[2025-04-20T21:20:37.778+0800] {logging_mixin.py:190} INFO - [2025-04-20T21:20:37.777+0800] {dag.py:4180} INFO - Setting next_dagrun for example_python_operator to None, run_after=None
[2025-04-20T21:20:37.889+0800] {processor.py:208} INFO - Processing /mnt/c/Users/wu_li/OneDrive/Desktop/Airflow_pract/venv/lib/python3.9/site-packages/airflow/example_dags/example_python_operator.py took 0.335 seconds
[2025-04-20T21:22:09.031+0800] {processor.py:186} INFO - Started process (PID=106365) to work on /mnt/c/Users/wu_li/OneDrive/Desktop/Airflow_pract/venv/lib/python3.9/site-packages/airflow/example_dags/example_python_operator.py
[2025-04-20T21:22:09.039+0800] {processor.py:914} INFO - Processing file /mnt/c/Users/wu_li/OneDrive/Desktop/Airflow_pract/venv/lib/python3.9/site-packages/airflow/example_dags/example_python_operator.py for tasks to queue
[2025-04-20T21:22:09.044+0800] {logging_mixin.py:190} INFO - [2025-04-20T21:22:09.042+0800] {dagbag.py:588} INFO - Filling up the DagBag from /mnt/c/Users/wu_li/OneDrive/Desktop/Airflow_pract/venv/lib/python3.9/site-packages/airflow/example_dags/example_python_operator.py
[2025-04-20T21:22:09.166+0800] {logging_mixin.py:190} INFO - [2025-04-20T21:22:09.164+0800] {example_python_operator.py:93} WARNING - The virtalenv_python example task requires virtualenv, please install it.
[2025-04-20T21:22:09.169+0800] {processor.py:925} INFO - DAG(s) 'example_python_operator' retrieved from /mnt/c/Users/wu_li/OneDrive/Desktop/Airflow_pract/venv/lib/python3.9/site-packages/airflow/example_dags/example_python_operator.py
[2025-04-20T21:22:09.228+0800] {logging_mixin.py:190} INFO - [2025-04-20T21:22:09.219+0800] {dag.py:3239} INFO - Sync 1 DAGs
[2025-04-20T21:22:09.255+0800] {logging_mixin.py:190} INFO - [2025-04-20T21:22:09.252+0800] {dag.py:4180} INFO - Setting next_dagrun for example_python_operator to None, run_after=None
[2025-04-20T21:22:09.353+0800] {processor.py:208} INFO - Processing /mnt/c/Users/wu_li/OneDrive/Desktop/Airflow_pract/venv/lib/python3.9/site-packages/airflow/example_dags/example_python_operator.py took 0.332 seconds
[2025-04-20T21:23:40.903+0800] {processor.py:186} INFO - Started process (PID=107302) to work on /mnt/c/Users/wu_li/OneDrive/Desktop/Airflow_pract/venv/lib/python3.9/site-packages/airflow/example_dags/example_python_operator.py
[2025-04-20T21:23:40.906+0800] {processor.py:914} INFO - Processing file /mnt/c/Users/wu_li/OneDrive/Desktop/Airflow_pract/venv/lib/python3.9/site-packages/airflow/example_dags/example_python_operator.py for tasks to queue
[2025-04-20T21:23:40.910+0800] {logging_mixin.py:190} INFO - [2025-04-20T21:23:40.908+0800] {dagbag.py:588} INFO - Filling up the DagBag from /mnt/c/Users/wu_li/OneDrive/Desktop/Airflow_pract/venv/lib/python3.9/site-packages/airflow/example_dags/example_python_operator.py
[2025-04-20T21:23:41.024+0800] {logging_mixin.py:190} INFO - [2025-04-20T21:23:41.022+0800] {example_python_operator.py:93} WARNING - The virtalenv_python example task requires virtualenv, please install it.
[2025-04-20T21:23:41.031+0800] {processor.py:925} INFO - DAG(s) 'example_python_operator' retrieved from /mnt/c/Users/wu_li/OneDrive/Desktop/Airflow_pract/venv/lib/python3.9/site-packages/airflow/example_dags/example_python_operator.py
[2025-04-20T21:23:41.079+0800] {logging_mixin.py:190} INFO - [2025-04-20T21:23:41.078+0800] {dag.py:3239} INFO - Sync 1 DAGs
[2025-04-20T21:23:41.117+0800] {logging_mixin.py:190} INFO - [2025-04-20T21:23:41.116+0800] {dag.py:4180} INFO - Setting next_dagrun for example_python_operator to None, run_after=None
[2025-04-20T21:23:41.211+0800] {processor.py:208} INFO - Processing /mnt/c/Users/wu_li/OneDrive/Desktop/Airflow_pract/venv/lib/python3.9/site-packages/airflow/example_dags/example_python_operator.py took 0.331 seconds
[2025-04-20T21:25:11.116+0800] {processor.py:186} INFO - Started process (PID=108310) to work on /mnt/c/Users/wu_li/OneDrive/Desktop/Airflow_pract/venv/lib/python3.9/site-packages/airflow/example_dags/example_python_operator.py
[2025-04-20T21:25:11.118+0800] {processor.py:914} INFO - Processing file /mnt/c/Users/wu_li/OneDrive/Desktop/Airflow_pract/venv/lib/python3.9/site-packages/airflow/example_dags/example_python_operator.py for tasks to queue
[2025-04-20T21:25:11.120+0800] {logging_mixin.py:190} INFO - [2025-04-20T21:25:11.119+0800] {dagbag.py:588} INFO - Filling up the DagBag from /mnt/c/Users/wu_li/OneDrive/Desktop/Airflow_pract/venv/lib/python3.9/site-packages/airflow/example_dags/example_python_operator.py
[2025-04-20T21:25:11.193+0800] {logging_mixin.py:190} INFO - [2025-04-20T21:25:11.191+0800] {example_python_operator.py:93} WARNING - The virtalenv_python example task requires virtualenv, please install it.
[2025-04-20T21:25:11.194+0800] {processor.py:925} INFO - DAG(s) 'example_python_operator' retrieved from /mnt/c/Users/wu_li/OneDrive/Desktop/Airflow_pract/venv/lib/python3.9/site-packages/airflow/example_dags/example_python_operator.py
[2025-04-20T21:25:11.221+0800] {logging_mixin.py:190} INFO - [2025-04-20T21:25:11.220+0800] {dag.py:3239} INFO - Sync 1 DAGs
[2025-04-20T21:25:11.235+0800] {logging_mixin.py:190} INFO - [2025-04-20T21:25:11.234+0800] {dag.py:4180} INFO - Setting next_dagrun for example_python_operator to None, run_after=None
[2025-04-20T21:25:11.300+0800] {processor.py:208} INFO - Processing /mnt/c/Users/wu_li/OneDrive/Desktop/Airflow_pract/venv/lib/python3.9/site-packages/airflow/example_dags/example_python_operator.py took 0.194 seconds
[2025-04-20T21:26:42.544+0800] {processor.py:186} INFO - Started process (PID=109389) to work on /mnt/c/Users/wu_li/OneDrive/Desktop/Airflow_pract/venv/lib/python3.9/site-packages/airflow/example_dags/example_python_operator.py
[2025-04-20T21:26:42.551+0800] {processor.py:914} INFO - Processing file /mnt/c/Users/wu_li/OneDrive/Desktop/Airflow_pract/venv/lib/python3.9/site-packages/airflow/example_dags/example_python_operator.py for tasks to queue
[2025-04-20T21:26:42.555+0800] {logging_mixin.py:190} INFO - [2025-04-20T21:26:42.553+0800] {dagbag.py:588} INFO - Filling up the DagBag from /mnt/c/Users/wu_li/OneDrive/Desktop/Airflow_pract/venv/lib/python3.9/site-packages/airflow/example_dags/example_python_operator.py
[2025-04-20T21:26:42.665+0800] {logging_mixin.py:190} INFO - [2025-04-20T21:26:42.663+0800] {example_python_operator.py:93} WARNING - The virtalenv_python example task requires virtualenv, please install it.
[2025-04-20T21:26:42.669+0800] {processor.py:925} INFO - DAG(s) 'example_python_operator' retrieved from /mnt/c/Users/wu_li/OneDrive/Desktop/Airflow_pract/venv/lib/python3.9/site-packages/airflow/example_dags/example_python_operator.py
[2025-04-20T21:26:42.713+0800] {logging_mixin.py:190} INFO - [2025-04-20T21:26:42.712+0800] {dag.py:3239} INFO - Sync 1 DAGs
[2025-04-20T21:26:42.748+0800] {logging_mixin.py:190} INFO - [2025-04-20T21:26:42.746+0800] {dag.py:4180} INFO - Setting next_dagrun for example_python_operator to None, run_after=None
[2025-04-20T21:26:42.843+0800] {processor.py:208} INFO - Processing /mnt/c/Users/wu_li/OneDrive/Desktop/Airflow_pract/venv/lib/python3.9/site-packages/airflow/example_dags/example_python_operator.py took 0.320 seconds
[2025-04-20T21:28:13.600+0800] {processor.py:186} INFO - Started process (PID=110399) to work on /mnt/c/Users/wu_li/OneDrive/Desktop/Airflow_pract/venv/lib/python3.9/site-packages/airflow/example_dags/example_python_operator.py
[2025-04-20T21:28:13.602+0800] {processor.py:914} INFO - Processing file /mnt/c/Users/wu_li/OneDrive/Desktop/Airflow_pract/venv/lib/python3.9/site-packages/airflow/example_dags/example_python_operator.py for tasks to queue
[2025-04-20T21:28:13.604+0800] {logging_mixin.py:190} INFO - [2025-04-20T21:28:13.603+0800] {dagbag.py:588} INFO - Filling up the DagBag from /mnt/c/Users/wu_li/OneDrive/Desktop/Airflow_pract/venv/lib/python3.9/site-packages/airflow/example_dags/example_python_operator.py
[2025-04-20T21:28:13.667+0800] {logging_mixin.py:190} INFO - [2025-04-20T21:28:13.666+0800] {example_python_operator.py:93} WARNING - The virtalenv_python example task requires virtualenv, please install it.
[2025-04-20T21:28:13.668+0800] {processor.py:925} INFO - DAG(s) 'example_python_operator' retrieved from /mnt/c/Users/wu_li/OneDrive/Desktop/Airflow_pract/venv/lib/python3.9/site-packages/airflow/example_dags/example_python_operator.py
[2025-04-20T21:28:13.693+0800] {logging_mixin.py:190} INFO - [2025-04-20T21:28:13.693+0800] {dag.py:3239} INFO - Sync 1 DAGs
[2025-04-20T21:28:13.706+0800] {logging_mixin.py:190} INFO - [2025-04-20T21:28:13.705+0800] {dag.py:4180} INFO - Setting next_dagrun for example_python_operator to None, run_after=None
[2025-04-20T21:28:13.759+0800] {processor.py:208} INFO - Processing /mnt/c/Users/wu_li/OneDrive/Desktop/Airflow_pract/venv/lib/python3.9/site-packages/airflow/example_dags/example_python_operator.py took 0.170 seconds
[2025-04-20T21:29:44.661+0800] {processor.py:186} INFO - Started process (PID=111481) to work on /mnt/c/Users/wu_li/OneDrive/Desktop/Airflow_pract/venv/lib/python3.9/site-packages/airflow/example_dags/example_python_operator.py
[2025-04-20T21:29:44.663+0800] {processor.py:914} INFO - Processing file /mnt/c/Users/wu_li/OneDrive/Desktop/Airflow_pract/venv/lib/python3.9/site-packages/airflow/example_dags/example_python_operator.py for tasks to queue
[2025-04-20T21:29:44.665+0800] {logging_mixin.py:190} INFO - [2025-04-20T21:29:44.664+0800] {dagbag.py:588} INFO - Filling up the DagBag from /mnt/c/Users/wu_li/OneDrive/Desktop/Airflow_pract/venv/lib/python3.9/site-packages/airflow/example_dags/example_python_operator.py
[2025-04-20T21:29:44.729+0800] {logging_mixin.py:190} INFO - [2025-04-20T21:29:44.728+0800] {example_python_operator.py:93} WARNING - The virtalenv_python example task requires virtualenv, please install it.
[2025-04-20T21:29:44.730+0800] {processor.py:925} INFO - DAG(s) 'example_python_operator' retrieved from /mnt/c/Users/wu_li/OneDrive/Desktop/Airflow_pract/venv/lib/python3.9/site-packages/airflow/example_dags/example_python_operator.py
[2025-04-20T21:29:44.756+0800] {logging_mixin.py:190} INFO - [2025-04-20T21:29:44.755+0800] {dag.py:3239} INFO - Sync 1 DAGs
[2025-04-20T21:29:44.770+0800] {logging_mixin.py:190} INFO - [2025-04-20T21:29:44.769+0800] {dag.py:4180} INFO - Setting next_dagrun for example_python_operator to None, run_after=None
[2025-04-20T21:29:44.830+0800] {processor.py:208} INFO - Processing /mnt/c/Users/wu_li/OneDrive/Desktop/Airflow_pract/venv/lib/python3.9/site-packages/airflow/example_dags/example_python_operator.py took 0.179 seconds
[2025-04-20T21:31:17.003+0800] {processor.py:186} INFO - Started process (PID=112558) to work on /mnt/c/Users/wu_li/OneDrive/Desktop/Airflow_pract/venv/lib/python3.9/site-packages/airflow/example_dags/example_python_operator.py
[2025-04-20T21:31:17.004+0800] {processor.py:914} INFO - Processing file /mnt/c/Users/wu_li/OneDrive/Desktop/Airflow_pract/venv/lib/python3.9/site-packages/airflow/example_dags/example_python_operator.py for tasks to queue
[2025-04-20T21:31:17.006+0800] {logging_mixin.py:190} INFO - [2025-04-20T21:31:17.006+0800] {dagbag.py:588} INFO - Filling up the DagBag from /mnt/c/Users/wu_li/OneDrive/Desktop/Airflow_pract/venv/lib/python3.9/site-packages/airflow/example_dags/example_python_operator.py
[2025-04-20T21:31:17.077+0800] {logging_mixin.py:190} INFO - [2025-04-20T21:31:17.076+0800] {example_python_operator.py:93} WARNING - The virtalenv_python example task requires virtualenv, please install it.
[2025-04-20T21:31:17.079+0800] {processor.py:925} INFO - DAG(s) 'example_python_operator' retrieved from /mnt/c/Users/wu_li/OneDrive/Desktop/Airflow_pract/venv/lib/python3.9/site-packages/airflow/example_dags/example_python_operator.py
[2025-04-20T21:31:17.107+0800] {logging_mixin.py:190} INFO - [2025-04-20T21:31:17.106+0800] {dag.py:3239} INFO - Sync 1 DAGs
[2025-04-20T21:31:17.121+0800] {logging_mixin.py:190} INFO - [2025-04-20T21:31:17.120+0800] {dag.py:4180} INFO - Setting next_dagrun for example_python_operator to None, run_after=None
[2025-04-20T21:31:17.182+0800] {processor.py:208} INFO - Processing /mnt/c/Users/wu_li/OneDrive/Desktop/Airflow_pract/venv/lib/python3.9/site-packages/airflow/example_dags/example_python_operator.py took 0.191 seconds
[2025-04-20T21:32:47.582+0800] {processor.py:186} INFO - Started process (PID=113569) to work on /mnt/c/Users/wu_li/OneDrive/Desktop/Airflow_pract/venv/lib/python3.9/site-packages/airflow/example_dags/example_python_operator.py
[2025-04-20T21:32:47.583+0800] {processor.py:914} INFO - Processing file /mnt/c/Users/wu_li/OneDrive/Desktop/Airflow_pract/venv/lib/python3.9/site-packages/airflow/example_dags/example_python_operator.py for tasks to queue
[2025-04-20T21:32:47.586+0800] {logging_mixin.py:190} INFO - [2025-04-20T21:32:47.585+0800] {dagbag.py:588} INFO - Filling up the DagBag from /mnt/c/Users/wu_li/OneDrive/Desktop/Airflow_pract/venv/lib/python3.9/site-packages/airflow/example_dags/example_python_operator.py
[2025-04-20T21:32:47.655+0800] {logging_mixin.py:190} INFO - [2025-04-20T21:32:47.653+0800] {example_python_operator.py:93} WARNING - The virtalenv_python example task requires virtualenv, please install it.
[2025-04-20T21:32:47.656+0800] {processor.py:925} INFO - DAG(s) 'example_python_operator' retrieved from /mnt/c/Users/wu_li/OneDrive/Desktop/Airflow_pract/venv/lib/python3.9/site-packages/airflow/example_dags/example_python_operator.py
[2025-04-20T21:32:47.690+0800] {logging_mixin.py:190} INFO - [2025-04-20T21:32:47.689+0800] {dag.py:3239} INFO - Sync 1 DAGs
[2025-04-20T21:32:47.703+0800] {logging_mixin.py:190} INFO - [2025-04-20T21:32:47.703+0800] {dag.py:4180} INFO - Setting next_dagrun for example_python_operator to None, run_after=None
[2025-04-20T21:32:47.776+0800] {processor.py:208} INFO - Processing /mnt/c/Users/wu_li/OneDrive/Desktop/Airflow_pract/venv/lib/python3.9/site-packages/airflow/example_dags/example_python_operator.py took 0.206 seconds
[2025-04-20T21:34:16.846+0800] {processor.py:186} INFO - Started process (PID=114644) to work on /mnt/c/Users/wu_li/OneDrive/Desktop/Airflow_pract/venv/lib/python3.9/site-packages/airflow/example_dags/example_python_operator.py
[2025-04-20T21:34:16.854+0800] {processor.py:914} INFO - Processing file /mnt/c/Users/wu_li/OneDrive/Desktop/Airflow_pract/venv/lib/python3.9/site-packages/airflow/example_dags/example_python_operator.py for tasks to queue
[2025-04-20T21:34:16.859+0800] {logging_mixin.py:190} INFO - [2025-04-20T21:34:16.857+0800] {dagbag.py:588} INFO - Filling up the DagBag from /mnt/c/Users/wu_li/OneDrive/Desktop/Airflow_pract/venv/lib/python3.9/site-packages/airflow/example_dags/example_python_operator.py
[2025-04-20T21:34:17.066+0800] {logging_mixin.py:190} INFO - [2025-04-20T21:34:17.050+0800] {example_python_operator.py:93} WARNING - The virtalenv_python example task requires virtualenv, please install it.
[2025-04-20T21:34:17.069+0800] {processor.py:925} INFO - DAG(s) 'example_python_operator' retrieved from /mnt/c/Users/wu_li/OneDrive/Desktop/Airflow_pract/venv/lib/python3.9/site-packages/airflow/example_dags/example_python_operator.py
[2025-04-20T21:34:17.143+0800] {logging_mixin.py:190} INFO - [2025-04-20T21:34:17.141+0800] {dag.py:3239} INFO - Sync 1 DAGs
[2025-04-20T21:34:17.180+0800] {logging_mixin.py:190} INFO - [2025-04-20T21:34:17.178+0800] {dag.py:4180} INFO - Setting next_dagrun for example_python_operator to None, run_after=None
[2025-04-20T21:34:17.264+0800] {processor.py:208} INFO - Processing /mnt/c/Users/wu_li/OneDrive/Desktop/Airflow_pract/venv/lib/python3.9/site-packages/airflow/example_dags/example_python_operator.py took 0.437 seconds
[2025-04-20T21:35:55.337+0800] {processor.py:186} INFO - Started process (PID=115798) to work on /mnt/c/Users/wu_li/OneDrive/Desktop/Airflow_pract/venv/lib/python3.9/site-packages/airflow/example_dags/example_python_operator.py
[2025-04-20T21:35:55.340+0800] {processor.py:914} INFO - Processing file /mnt/c/Users/wu_li/OneDrive/Desktop/Airflow_pract/venv/lib/python3.9/site-packages/airflow/example_dags/example_python_operator.py for tasks to queue
[2025-04-20T21:35:55.343+0800] {logging_mixin.py:190} INFO - [2025-04-20T21:35:55.342+0800] {dagbag.py:588} INFO - Filling up the DagBag from /mnt/c/Users/wu_li/OneDrive/Desktop/Airflow_pract/venv/lib/python3.9/site-packages/airflow/example_dags/example_python_operator.py
[2025-04-20T21:35:55.418+0800] {logging_mixin.py:190} INFO - [2025-04-20T21:35:55.417+0800] {example_python_operator.py:93} WARNING - The virtalenv_python example task requires virtualenv, please install it.
[2025-04-20T21:35:55.420+0800] {processor.py:925} INFO - DAG(s) 'example_python_operator' retrieved from /mnt/c/Users/wu_li/OneDrive/Desktop/Airflow_pract/venv/lib/python3.9/site-packages/airflow/example_dags/example_python_operator.py
[2025-04-20T21:35:55.447+0800] {logging_mixin.py:190} INFO - [2025-04-20T21:35:55.446+0800] {dag.py:3239} INFO - Sync 1 DAGs
[2025-04-20T21:35:55.462+0800] {logging_mixin.py:190} INFO - [2025-04-20T21:35:55.461+0800] {dag.py:4180} INFO - Setting next_dagrun for example_python_operator to None, run_after=None
[2025-04-20T21:35:55.518+0800] {processor.py:208} INFO - Processing /mnt/c/Users/wu_li/OneDrive/Desktop/Airflow_pract/venv/lib/python3.9/site-packages/airflow/example_dags/example_python_operator.py took 0.195 seconds
[2025-04-20T21:37:38.748+0800] {processor.py:186} INFO - Started process (PID=116881) to work on /mnt/c/Users/wu_li/OneDrive/Desktop/Airflow_pract/venv/lib/python3.9/site-packages/airflow/example_dags/example_python_operator.py
[2025-04-20T21:37:38.757+0800] {processor.py:914} INFO - Processing file /mnt/c/Users/wu_li/OneDrive/Desktop/Airflow_pract/venv/lib/python3.9/site-packages/airflow/example_dags/example_python_operator.py for tasks to queue
[2025-04-20T21:37:38.771+0800] {logging_mixin.py:190} INFO - [2025-04-20T21:37:38.769+0800] {dagbag.py:588} INFO - Filling up the DagBag from /mnt/c/Users/wu_li/OneDrive/Desktop/Airflow_pract/venv/lib/python3.9/site-packages/airflow/example_dags/example_python_operator.py
[2025-04-20T21:37:38.966+0800] {logging_mixin.py:190} INFO - [2025-04-20T21:37:38.964+0800] {example_python_operator.py:93} WARNING - The virtalenv_python example task requires virtualenv, please install it.
[2025-04-20T21:37:38.976+0800] {processor.py:925} INFO - DAG(s) 'example_python_operator' retrieved from /mnt/c/Users/wu_li/OneDrive/Desktop/Airflow_pract/venv/lib/python3.9/site-packages/airflow/example_dags/example_python_operator.py
[2025-04-20T21:37:39.048+0800] {logging_mixin.py:190} INFO - [2025-04-20T21:37:39.047+0800] {dag.py:3239} INFO - Sync 1 DAGs
[2025-04-20T21:37:39.101+0800] {logging_mixin.py:190} INFO - [2025-04-20T21:37:39.100+0800] {dag.py:4180} INFO - Setting next_dagrun for example_python_operator to None, run_after=None
[2025-04-20T21:37:39.274+0800] {processor.py:208} INFO - Processing /mnt/c/Users/wu_li/OneDrive/Desktop/Airflow_pract/venv/lib/python3.9/site-packages/airflow/example_dags/example_python_operator.py took 0.565 seconds
[2025-04-20T21:39:22.227+0800] {processor.py:186} INFO - Started process (PID=117934) to work on /mnt/c/Users/wu_li/OneDrive/Desktop/Airflow_pract/venv/lib/python3.9/site-packages/airflow/example_dags/example_python_operator.py
[2025-04-20T21:39:22.229+0800] {processor.py:914} INFO - Processing file /mnt/c/Users/wu_li/OneDrive/Desktop/Airflow_pract/venv/lib/python3.9/site-packages/airflow/example_dags/example_python_operator.py for tasks to queue
[2025-04-20T21:39:22.232+0800] {logging_mixin.py:190} INFO - [2025-04-20T21:39:22.231+0800] {dagbag.py:588} INFO - Filling up the DagBag from /mnt/c/Users/wu_li/OneDrive/Desktop/Airflow_pract/venv/lib/python3.9/site-packages/airflow/example_dags/example_python_operator.py
[2025-04-20T21:39:22.314+0800] {logging_mixin.py:190} INFO - [2025-04-20T21:39:22.313+0800] {example_python_operator.py:93} WARNING - The virtalenv_python example task requires virtualenv, please install it.
[2025-04-20T21:39:22.315+0800] {processor.py:925} INFO - DAG(s) 'example_python_operator' retrieved from /mnt/c/Users/wu_li/OneDrive/Desktop/Airflow_pract/venv/lib/python3.9/site-packages/airflow/example_dags/example_python_operator.py
[2025-04-20T21:39:22.348+0800] {logging_mixin.py:190} INFO - [2025-04-20T21:39:22.348+0800] {dag.py:3239} INFO - Sync 1 DAGs
[2025-04-20T21:39:22.375+0800] {logging_mixin.py:190} INFO - [2025-04-20T21:39:22.373+0800] {dag.py:4180} INFO - Setting next_dagrun for example_python_operator to None, run_after=None
[2025-04-20T21:39:22.453+0800] {processor.py:208} INFO - Processing /mnt/c/Users/wu_li/OneDrive/Desktop/Airflow_pract/venv/lib/python3.9/site-packages/airflow/example_dags/example_python_operator.py took 0.240 seconds
[2025-04-20T21:40:49.515+0800] {processor.py:186} INFO - Started process (PID=118897) to work on /mnt/c/Users/wu_li/OneDrive/Desktop/Airflow_pract/venv/lib/python3.9/site-packages/airflow/example_dags/example_python_operator.py
[2025-04-20T21:40:49.516+0800] {processor.py:914} INFO - Processing file /mnt/c/Users/wu_li/OneDrive/Desktop/Airflow_pract/venv/lib/python3.9/site-packages/airflow/example_dags/example_python_operator.py for tasks to queue
[2025-04-20T21:40:49.523+0800] {logging_mixin.py:190} INFO - [2025-04-20T21:40:49.520+0800] {dagbag.py:588} INFO - Filling up the DagBag from /mnt/c/Users/wu_li/OneDrive/Desktop/Airflow_pract/venv/lib/python3.9/site-packages/airflow/example_dags/example_python_operator.py
[2025-04-20T21:40:49.592+0800] {logging_mixin.py:190} INFO - [2025-04-20T21:40:49.591+0800] {example_python_operator.py:93} WARNING - The virtalenv_python example task requires virtualenv, please install it.
[2025-04-20T21:40:49.593+0800] {processor.py:925} INFO - DAG(s) 'example_python_operator' retrieved from /mnt/c/Users/wu_li/OneDrive/Desktop/Airflow_pract/venv/lib/python3.9/site-packages/airflow/example_dags/example_python_operator.py
[2025-04-20T21:40:49.632+0800] {logging_mixin.py:190} INFO - [2025-04-20T21:40:49.631+0800] {dag.py:3239} INFO - Sync 1 DAGs
[2025-04-20T21:40:49.661+0800] {logging_mixin.py:190} INFO - [2025-04-20T21:40:49.659+0800] {dag.py:4180} INFO - Setting next_dagrun for example_python_operator to None, run_after=None
[2025-04-20T21:40:49.761+0800] {processor.py:208} INFO - Processing /mnt/c/Users/wu_li/OneDrive/Desktop/Airflow_pract/venv/lib/python3.9/site-packages/airflow/example_dags/example_python_operator.py took 0.268 seconds
[2025-04-20T21:42:17.757+0800] {processor.py:186} INFO - Started process (PID=119806) to work on /mnt/c/Users/wu_li/OneDrive/Desktop/Airflow_pract/venv/lib/python3.9/site-packages/airflow/example_dags/example_python_operator.py
[2025-04-20T21:42:17.761+0800] {processor.py:914} INFO - Processing file /mnt/c/Users/wu_li/OneDrive/Desktop/Airflow_pract/venv/lib/python3.9/site-packages/airflow/example_dags/example_python_operator.py for tasks to queue
[2025-04-20T21:42:17.767+0800] {logging_mixin.py:190} INFO - [2025-04-20T21:42:17.764+0800] {dagbag.py:588} INFO - Filling up the DagBag from /mnt/c/Users/wu_li/OneDrive/Desktop/Airflow_pract/venv/lib/python3.9/site-packages/airflow/example_dags/example_python_operator.py
[2025-04-20T21:42:17.930+0800] {logging_mixin.py:190} INFO - [2025-04-20T21:42:17.929+0800] {example_python_operator.py:93} WARNING - The virtalenv_python example task requires virtualenv, please install it.
[2025-04-20T21:42:17.933+0800] {processor.py:925} INFO - DAG(s) 'example_python_operator' retrieved from /mnt/c/Users/wu_li/OneDrive/Desktop/Airflow_pract/venv/lib/python3.9/site-packages/airflow/example_dags/example_python_operator.py
[2025-04-20T21:42:17.971+0800] {logging_mixin.py:190} INFO - [2025-04-20T21:42:17.970+0800] {dag.py:3239} INFO - Sync 1 DAGs
[2025-04-20T21:42:17.990+0800] {logging_mixin.py:190} INFO - [2025-04-20T21:42:17.989+0800] {dag.py:4180} INFO - Setting next_dagrun for example_python_operator to None, run_after=None
[2025-04-20T21:42:18.075+0800] {processor.py:208} INFO - Processing /mnt/c/Users/wu_li/OneDrive/Desktop/Airflow_pract/venv/lib/python3.9/site-packages/airflow/example_dags/example_python_operator.py took 0.339 seconds
[2025-04-20T21:44:02.560+0800] {processor.py:186} INFO - Started process (PID=120711) to work on /mnt/c/Users/wu_li/OneDrive/Desktop/Airflow_pract/venv/lib/python3.9/site-packages/airflow/example_dags/example_python_operator.py
[2025-04-20T21:44:02.562+0800] {processor.py:914} INFO - Processing file /mnt/c/Users/wu_li/OneDrive/Desktop/Airflow_pract/venv/lib/python3.9/site-packages/airflow/example_dags/example_python_operator.py for tasks to queue
[2025-04-20T21:44:02.566+0800] {logging_mixin.py:190} INFO - [2025-04-20T21:44:02.565+0800] {dagbag.py:588} INFO - Filling up the DagBag from /mnt/c/Users/wu_li/OneDrive/Desktop/Airflow_pract/venv/lib/python3.9/site-packages/airflow/example_dags/example_python_operator.py
[2025-04-20T21:44:02.677+0800] {logging_mixin.py:190} INFO - [2025-04-20T21:44:02.675+0800] {example_python_operator.py:93} WARNING - The virtalenv_python example task requires virtualenv, please install it.
[2025-04-20T21:44:02.679+0800] {processor.py:925} INFO - DAG(s) 'example_python_operator' retrieved from /mnt/c/Users/wu_li/OneDrive/Desktop/Airflow_pract/venv/lib/python3.9/site-packages/airflow/example_dags/example_python_operator.py
[2025-04-20T21:44:02.729+0800] {logging_mixin.py:190} INFO - [2025-04-20T21:44:02.727+0800] {dag.py:3239} INFO - Sync 1 DAGs
[2025-04-20T21:44:02.765+0800] {logging_mixin.py:190} INFO - [2025-04-20T21:44:02.763+0800] {dag.py:4180} INFO - Setting next_dagrun for example_python_operator to None, run_after=None
[2025-04-20T21:44:02.862+0800] {processor.py:208} INFO - Processing /mnt/c/Users/wu_li/OneDrive/Desktop/Airflow_pract/venv/lib/python3.9/site-packages/airflow/example_dags/example_python_operator.py took 0.325 seconds
