[2025-04-20T20:12:59.428+0800] {processor.py:186} INFO - Started process (PID=64316) to work on /mnt/c/Users/wu_li/OneDrive/Desktop/Airflow_pract/venv/lib/python3.9/site-packages/airflow/example_dags/example_branch_labels.py
[2025-04-20T20:12:59.430+0800] {processor.py:914} INFO - Processing file /mnt/c/Users/wu_li/OneDrive/Desktop/Airflow_pract/venv/lib/python3.9/site-packages/airflow/example_dags/example_branch_labels.py for tasks to queue
[2025-04-20T20:12:59.434+0800] {logging_mixin.py:190} INFO - [2025-04-20T20:12:59.433+0800] {dagbag.py:588} INFO - Filling up the DagBag from /mnt/c/Users/wu_li/OneDrive/Desktop/Airflow_pract/venv/lib/python3.9/site-packages/airflow/example_dags/example_branch_labels.py
[2025-04-20T20:12:59.503+0800] {processor.py:925} INFO - DAG(s) 'example_branch_labels' retrieved from /mnt/c/Users/wu_li/OneDrive/Desktop/Airflow_pract/venv/lib/python3.9/site-packages/airflow/example_dags/example_branch_labels.py
[2025-04-20T20:13:00.545+0800] {logging_mixin.py:190} INFO - [2025-04-20T20:13:00.543+0800] {override.py:1912} INFO - Created Permission View: can delete on DAG:example_branch_labels
[2025-04-20T20:13:00.581+0800] {logging_mixin.py:190} INFO - [2025-04-20T20:13:00.579+0800] {override.py:1912} INFO - Created Permission View: can read on DAG:example_branch_labels
[2025-04-20T20:13:00.616+0800] {logging_mixin.py:190} INFO - [2025-04-20T20:13:00.614+0800] {override.py:1912} INFO - Created Permission View: can edit on DAG:example_branch_labels
[2025-04-20T20:13:00.687+0800] {logging_mixin.py:190} INFO - [2025-04-20T20:13:00.686+0800] {override.py:1912} INFO - Created Permission View: can delete on DAG Run:example_branch_labels
[2025-04-20T20:13:00.719+0800] {logging_mixin.py:190} INFO - [2025-04-20T20:13:00.717+0800] {override.py:1912} INFO - Created Permission View: can read on DAG Run:example_branch_labels
[2025-04-20T20:13:00.750+0800] {logging_mixin.py:190} INFO - [2025-04-20T20:13:00.748+0800] {override.py:1912} INFO - Created Permission View: can create on DAG Run:example_branch_labels
[2025-04-20T20:13:00.779+0800] {logging_mixin.py:190} INFO - [2025-04-20T20:13:00.778+0800] {override.py:1912} INFO - Created Permission View: menu access on DAG Run:example_branch_labels
[2025-04-20T20:13:00.781+0800] {logging_mixin.py:190} INFO - [2025-04-20T20:13:00.780+0800] {dag.py:3239} INFO - Sync 1 DAGs
[2025-04-20T20:13:00.802+0800] {logging_mixin.py:190} INFO - [2025-04-20T20:13:00.801+0800] {dag.py:3262} INFO - Creating ORM DAG for example_branch_labels
[2025-04-20T20:13:00.813+0800] {logging_mixin.py:190} INFO - [2025-04-20T20:13:00.813+0800] {dag.py:4180} INFO - Setting next_dagrun for example_branch_labels to 2025-04-19 00:00:00+00:00, run_after=2025-04-20 00:00:00+00:00
[2025-04-20T20:13:00.861+0800] {processor.py:208} INFO - Processing /mnt/c/Users/wu_li/OneDrive/Desktop/Airflow_pract/venv/lib/python3.9/site-packages/airflow/example_dags/example_branch_labels.py took 1.444 seconds
[2025-04-20T20:18:06.023+0800] {processor.py:186} INFO - Started process (PID=68303) to work on /mnt/c/Users/wu_li/OneDrive/Desktop/Airflow_pract/venv/lib/python3.9/site-packages/airflow/example_dags/example_branch_labels.py
[2025-04-20T20:18:06.024+0800] {processor.py:914} INFO - Processing file /mnt/c/Users/wu_li/OneDrive/Desktop/Airflow_pract/venv/lib/python3.9/site-packages/airflow/example_dags/example_branch_labels.py for tasks to queue
[2025-04-20T20:18:06.029+0800] {logging_mixin.py:190} INFO - [2025-04-20T20:18:06.028+0800] {dagbag.py:588} INFO - Filling up the DagBag from /mnt/c/Users/wu_li/OneDrive/Desktop/Airflow_pract/venv/lib/python3.9/site-packages/airflow/example_dags/example_branch_labels.py
[2025-04-20T20:18:06.105+0800] {processor.py:925} INFO - DAG(s) 'example_branch_labels' retrieved from /mnt/c/Users/wu_li/OneDrive/Desktop/Airflow_pract/venv/lib/python3.9/site-packages/airflow/example_dags/example_branch_labels.py
[2025-04-20T20:18:06.143+0800] {logging_mixin.py:190} INFO - [2025-04-20T20:18:06.142+0800] {dag.py:3239} INFO - Sync 1 DAGs
[2025-04-20T20:18:06.205+0800] {logging_mixin.py:190} INFO - [2025-04-20T20:18:06.202+0800] {dag.py:4180} INFO - Setting next_dagrun for example_branch_labels to 2025-04-19 00:00:00+00:00, run_after=2025-04-20 00:00:00+00:00
[2025-04-20T20:18:06.319+0800] {processor.py:208} INFO - Processing /mnt/c/Users/wu_li/OneDrive/Desktop/Airflow_pract/venv/lib/python3.9/site-packages/airflow/example_dags/example_branch_labels.py took 0.308 seconds
[2025-04-20T20:19:49.021+0800] {processor.py:186} INFO - Started process (PID=69556) to work on /mnt/c/Users/wu_li/OneDrive/Desktop/Airflow_pract/venv/lib/python3.9/site-packages/airflow/example_dags/example_branch_labels.py
[2025-04-20T20:19:49.023+0800] {processor.py:914} INFO - Processing file /mnt/c/Users/wu_li/OneDrive/Desktop/Airflow_pract/venv/lib/python3.9/site-packages/airflow/example_dags/example_branch_labels.py for tasks to queue
[2025-04-20T20:19:49.026+0800] {logging_mixin.py:190} INFO - [2025-04-20T20:19:49.025+0800] {dagbag.py:588} INFO - Filling up the DagBag from /mnt/c/Users/wu_li/OneDrive/Desktop/Airflow_pract/venv/lib/python3.9/site-packages/airflow/example_dags/example_branch_labels.py
[2025-04-20T20:19:49.091+0800] {processor.py:925} INFO - DAG(s) 'example_branch_labels' retrieved from /mnt/c/Users/wu_li/OneDrive/Desktop/Airflow_pract/venv/lib/python3.9/site-packages/airflow/example_dags/example_branch_labels.py
[2025-04-20T20:19:49.116+0800] {logging_mixin.py:190} INFO - [2025-04-20T20:19:49.115+0800] {dag.py:3239} INFO - Sync 1 DAGs
[2025-04-20T20:19:49.141+0800] {logging_mixin.py:190} INFO - [2025-04-20T20:19:49.140+0800] {dag.py:4180} INFO - Setting next_dagrun for example_branch_labels to 2025-04-19 00:00:00+00:00, run_after=2025-04-20 00:00:00+00:00
[2025-04-20T20:19:49.194+0800] {processor.py:208} INFO - Processing /mnt/c/Users/wu_li/OneDrive/Desktop/Airflow_pract/venv/lib/python3.9/site-packages/airflow/example_dags/example_branch_labels.py took 0.184 seconds
[2025-04-20T20:21:47.180+0800] {processor.py:186} INFO - Started process (PID=70553) to work on /mnt/c/Users/wu_li/OneDrive/Desktop/Airflow_pract/venv/lib/python3.9/site-packages/airflow/example_dags/example_branch_labels.py
[2025-04-20T20:21:47.183+0800] {processor.py:914} INFO - Processing file /mnt/c/Users/wu_li/OneDrive/Desktop/Airflow_pract/venv/lib/python3.9/site-packages/airflow/example_dags/example_branch_labels.py for tasks to queue
[2025-04-20T20:21:47.191+0800] {logging_mixin.py:190} INFO - [2025-04-20T20:21:47.188+0800] {dagbag.py:588} INFO - Filling up the DagBag from /mnt/c/Users/wu_li/OneDrive/Desktop/Airflow_pract/venv/lib/python3.9/site-packages/airflow/example_dags/example_branch_labels.py
[2025-04-20T20:21:47.326+0800] {processor.py:925} INFO - DAG(s) 'example_branch_labels' retrieved from /mnt/c/Users/wu_li/OneDrive/Desktop/Airflow_pract/venv/lib/python3.9/site-packages/airflow/example_dags/example_branch_labels.py
[2025-04-20T20:21:47.374+0800] {logging_mixin.py:190} INFO - [2025-04-20T20:21:47.373+0800] {dag.py:3239} INFO - Sync 1 DAGs
[2025-04-20T20:21:47.481+0800] {logging_mixin.py:190} INFO - [2025-04-20T20:21:47.480+0800] {dag.py:4180} INFO - Setting next_dagrun for example_branch_labels to 2025-04-19 00:00:00+00:00, run_after=2025-04-20 00:00:00+00:00
[2025-04-20T20:21:47.737+0800] {processor.py:208} INFO - Processing /mnt/c/Users/wu_li/OneDrive/Desktop/Airflow_pract/venv/lib/python3.9/site-packages/airflow/example_dags/example_branch_labels.py took 0.592 seconds
[2025-04-20T20:23:42.600+0800] {processor.py:186} INFO - Started process (PID=71431) to work on /mnt/c/Users/wu_li/OneDrive/Desktop/Airflow_pract/venv/lib/python3.9/site-packages/airflow/example_dags/example_branch_labels.py
[2025-04-20T20:23:42.603+0800] {processor.py:914} INFO - Processing file /mnt/c/Users/wu_li/OneDrive/Desktop/Airflow_pract/venv/lib/python3.9/site-packages/airflow/example_dags/example_branch_labels.py for tasks to queue
[2025-04-20T20:23:42.608+0800] {logging_mixin.py:190} INFO - [2025-04-20T20:23:42.606+0800] {dagbag.py:588} INFO - Filling up the DagBag from /mnt/c/Users/wu_li/OneDrive/Desktop/Airflow_pract/venv/lib/python3.9/site-packages/airflow/example_dags/example_branch_labels.py
[2025-04-20T20:23:42.724+0800] {processor.py:925} INFO - DAG(s) 'example_branch_labels' retrieved from /mnt/c/Users/wu_li/OneDrive/Desktop/Airflow_pract/venv/lib/python3.9/site-packages/airflow/example_dags/example_branch_labels.py
[2025-04-20T20:23:42.768+0800] {logging_mixin.py:190} INFO - [2025-04-20T20:23:42.766+0800] {dag.py:3239} INFO - Sync 1 DAGs
[2025-04-20T20:23:42.835+0800] {logging_mixin.py:190} INFO - [2025-04-20T20:23:42.832+0800] {dag.py:4180} INFO - Setting next_dagrun for example_branch_labels to 2025-04-19 00:00:00+00:00, run_after=2025-04-20 00:00:00+00:00
[2025-04-20T20:23:42.929+0800] {processor.py:208} INFO - Processing /mnt/c/Users/wu_li/OneDrive/Desktop/Airflow_pract/venv/lib/python3.9/site-packages/airflow/example_dags/example_branch_labels.py took 0.349 seconds
[2025-04-20T20:25:41.785+0800] {processor.py:186} INFO - Started process (PID=72463) to work on /mnt/c/Users/wu_li/OneDrive/Desktop/Airflow_pract/venv/lib/python3.9/site-packages/airflow/example_dags/example_branch_labels.py
[2025-04-20T20:25:41.791+0800] {processor.py:914} INFO - Processing file /mnt/c/Users/wu_li/OneDrive/Desktop/Airflow_pract/venv/lib/python3.9/site-packages/airflow/example_dags/example_branch_labels.py for tasks to queue
[2025-04-20T20:25:41.796+0800] {logging_mixin.py:190} INFO - [2025-04-20T20:25:41.794+0800] {dagbag.py:588} INFO - Filling up the DagBag from /mnt/c/Users/wu_li/OneDrive/Desktop/Airflow_pract/venv/lib/python3.9/site-packages/airflow/example_dags/example_branch_labels.py
[2025-04-20T20:25:41.946+0800] {processor.py:925} INFO - DAG(s) 'example_branch_labels' retrieved from /mnt/c/Users/wu_li/OneDrive/Desktop/Airflow_pract/venv/lib/python3.9/site-packages/airflow/example_dags/example_branch_labels.py
[2025-04-20T20:25:42.013+0800] {logging_mixin.py:190} INFO - [2025-04-20T20:25:42.011+0800] {dag.py:3239} INFO - Sync 1 DAGs
[2025-04-20T20:25:42.286+0800] {logging_mixin.py:190} INFO - [2025-04-20T20:25:42.254+0800] {dag.py:4180} INFO - Setting next_dagrun for example_branch_labels to 2025-04-19 00:00:00+00:00, run_after=2025-04-20 00:00:00+00:00
[2025-04-20T20:25:42.440+0800] {processor.py:208} INFO - Processing /mnt/c/Users/wu_li/OneDrive/Desktop/Airflow_pract/venv/lib/python3.9/site-packages/airflow/example_dags/example_branch_labels.py took 0.679 seconds
[2025-04-20T20:27:35.094+0800] {processor.py:186} INFO - Started process (PID=73708) to work on /mnt/c/Users/wu_li/OneDrive/Desktop/Airflow_pract/venv/lib/python3.9/site-packages/airflow/example_dags/example_branch_labels.py
[2025-04-20T20:27:35.102+0800] {processor.py:914} INFO - Processing file /mnt/c/Users/wu_li/OneDrive/Desktop/Airflow_pract/venv/lib/python3.9/site-packages/airflow/example_dags/example_branch_labels.py for tasks to queue
[2025-04-20T20:27:35.108+0800] {logging_mixin.py:190} INFO - [2025-04-20T20:27:35.106+0800] {dagbag.py:588} INFO - Filling up the DagBag from /mnt/c/Users/wu_li/OneDrive/Desktop/Airflow_pract/venv/lib/python3.9/site-packages/airflow/example_dags/example_branch_labels.py
[2025-04-20T20:27:35.237+0800] {processor.py:925} INFO - DAG(s) 'example_branch_labels' retrieved from /mnt/c/Users/wu_li/OneDrive/Desktop/Airflow_pract/venv/lib/python3.9/site-packages/airflow/example_dags/example_branch_labels.py
[2025-04-20T20:27:35.287+0800] {logging_mixin.py:190} INFO - [2025-04-20T20:27:35.285+0800] {dag.py:3239} INFO - Sync 1 DAGs
[2025-04-20T20:27:35.369+0800] {logging_mixin.py:190} INFO - [2025-04-20T20:27:35.364+0800] {dag.py:4180} INFO - Setting next_dagrun for example_branch_labels to 2025-04-19 00:00:00+00:00, run_after=2025-04-20 00:00:00+00:00
[2025-04-20T20:27:35.491+0800] {processor.py:208} INFO - Processing /mnt/c/Users/wu_li/OneDrive/Desktop/Airflow_pract/venv/lib/python3.9/site-packages/airflow/example_dags/example_branch_labels.py took 0.417 seconds
[2025-04-20T20:37:15.366+0800] {processor.py:186} INFO - Started process (PID=77497) to work on /mnt/c/Users/wu_li/OneDrive/Desktop/Airflow_pract/venv/lib/python3.9/site-packages/airflow/example_dags/example_branch_labels.py
[2025-04-20T20:37:15.368+0800] {processor.py:914} INFO - Processing file /mnt/c/Users/wu_li/OneDrive/Desktop/Airflow_pract/venv/lib/python3.9/site-packages/airflow/example_dags/example_branch_labels.py for tasks to queue
[2025-04-20T20:37:15.370+0800] {logging_mixin.py:190} INFO - [2025-04-20T20:37:15.370+0800] {dagbag.py:588} INFO - Filling up the DagBag from /mnt/c/Users/wu_li/OneDrive/Desktop/Airflow_pract/venv/lib/python3.9/site-packages/airflow/example_dags/example_branch_labels.py
[2025-04-20T20:37:15.401+0800] {processor.py:925} INFO - DAG(s) 'example_branch_labels' retrieved from /mnt/c/Users/wu_li/OneDrive/Desktop/Airflow_pract/venv/lib/python3.9/site-packages/airflow/example_dags/example_branch_labels.py
[2025-04-20T20:37:15.432+0800] {logging_mixin.py:190} INFO - [2025-04-20T20:37:15.431+0800] {dag.py:3239} INFO - Sync 1 DAGs
[2025-04-20T20:37:15.454+0800] {logging_mixin.py:190} INFO - [2025-04-20T20:37:15.453+0800] {dag.py:4180} INFO - Setting next_dagrun for example_branch_labels to 2025-04-19 00:00:00+00:00, run_after=2025-04-20 00:00:00+00:00
[2025-04-20T20:37:15.513+0800] {processor.py:208} INFO - Processing /mnt/c/Users/wu_li/OneDrive/Desktop/Airflow_pract/venv/lib/python3.9/site-packages/airflow/example_dags/example_branch_labels.py took 0.162 seconds
[2025-04-20T20:38:48.138+0800] {processor.py:186} INFO - Started process (PID=78652) to work on /mnt/c/Users/wu_li/OneDrive/Desktop/Airflow_pract/venv/lib/python3.9/site-packages/airflow/example_dags/example_branch_labels.py
[2025-04-20T20:38:48.140+0800] {processor.py:914} INFO - Processing file /mnt/c/Users/wu_li/OneDrive/Desktop/Airflow_pract/venv/lib/python3.9/site-packages/airflow/example_dags/example_branch_labels.py for tasks to queue
[2025-04-20T20:38:48.143+0800] {logging_mixin.py:190} INFO - [2025-04-20T20:38:48.142+0800] {dagbag.py:588} INFO - Filling up the DagBag from /mnt/c/Users/wu_li/OneDrive/Desktop/Airflow_pract/venv/lib/python3.9/site-packages/airflow/example_dags/example_branch_labels.py
[2025-04-20T20:38:48.173+0800] {processor.py:925} INFO - DAG(s) 'example_branch_labels' retrieved from /mnt/c/Users/wu_li/OneDrive/Desktop/Airflow_pract/venv/lib/python3.9/site-packages/airflow/example_dags/example_branch_labels.py
[2025-04-20T20:38:48.203+0800] {logging_mixin.py:190} INFO - [2025-04-20T20:38:48.202+0800] {dag.py:3239} INFO - Sync 1 DAGs
[2025-04-20T20:38:48.244+0800] {logging_mixin.py:190} INFO - [2025-04-20T20:38:48.242+0800] {dag.py:4180} INFO - Setting next_dagrun for example_branch_labels to 2025-04-19 00:00:00+00:00, run_after=2025-04-20 00:00:00+00:00
[2025-04-20T20:38:48.312+0800] {processor.py:208} INFO - Processing /mnt/c/Users/wu_li/OneDrive/Desktop/Airflow_pract/venv/lib/python3.9/site-packages/airflow/example_dags/example_branch_labels.py took 0.185 seconds
[2025-04-20T20:40:25.140+0800] {processor.py:186} INFO - Started process (PID=79586) to work on /mnt/c/Users/wu_li/OneDrive/Desktop/Airflow_pract/venv/lib/python3.9/site-packages/airflow/example_dags/example_branch_labels.py
[2025-04-20T20:40:25.143+0800] {processor.py:914} INFO - Processing file /mnt/c/Users/wu_li/OneDrive/Desktop/Airflow_pract/venv/lib/python3.9/site-packages/airflow/example_dags/example_branch_labels.py for tasks to queue
[2025-04-20T20:40:25.146+0800] {logging_mixin.py:190} INFO - [2025-04-20T20:40:25.145+0800] {dagbag.py:588} INFO - Filling up the DagBag from /mnt/c/Users/wu_li/OneDrive/Desktop/Airflow_pract/venv/lib/python3.9/site-packages/airflow/example_dags/example_branch_labels.py
[2025-04-20T20:40:25.230+0800] {processor.py:925} INFO - DAG(s) 'example_branch_labels' retrieved from /mnt/c/Users/wu_li/OneDrive/Desktop/Airflow_pract/venv/lib/python3.9/site-packages/airflow/example_dags/example_branch_labels.py
[2025-04-20T20:40:25.289+0800] {logging_mixin.py:190} INFO - [2025-04-20T20:40:25.288+0800] {dag.py:3239} INFO - Sync 1 DAGs
[2025-04-20T20:40:25.357+0800] {logging_mixin.py:190} INFO - [2025-04-20T20:40:25.355+0800] {dag.py:4180} INFO - Setting next_dagrun for example_branch_labels to 2025-04-19 00:00:00+00:00, run_after=2025-04-20 00:00:00+00:00
[2025-04-20T20:40:25.488+0800] {processor.py:208} INFO - Processing /mnt/c/Users/wu_li/OneDrive/Desktop/Airflow_pract/venv/lib/python3.9/site-packages/airflow/example_dags/example_branch_labels.py took 0.371 seconds
[2025-04-20T20:42:20.961+0800] {processor.py:186} INFO - Started process (PID=80535) to work on /mnt/c/Users/wu_li/OneDrive/Desktop/Airflow_pract/venv/lib/python3.9/site-packages/airflow/example_dags/example_branch_labels.py
[2025-04-20T20:42:20.966+0800] {processor.py:914} INFO - Processing file /mnt/c/Users/wu_li/OneDrive/Desktop/Airflow_pract/venv/lib/python3.9/site-packages/airflow/example_dags/example_branch_labels.py for tasks to queue
[2025-04-20T20:42:20.977+0800] {logging_mixin.py:190} INFO - [2025-04-20T20:42:20.974+0800] {dagbag.py:588} INFO - Filling up the DagBag from /mnt/c/Users/wu_li/OneDrive/Desktop/Airflow_pract/venv/lib/python3.9/site-packages/airflow/example_dags/example_branch_labels.py
[2025-04-20T20:42:21.007+0800] {processor.py:925} INFO - DAG(s) 'example_branch_labels' retrieved from /mnt/c/Users/wu_li/OneDrive/Desktop/Airflow_pract/venv/lib/python3.9/site-packages/airflow/example_dags/example_branch_labels.py
[2025-04-20T20:42:21.040+0800] {logging_mixin.py:190} INFO - [2025-04-20T20:42:21.039+0800] {dag.py:3239} INFO - Sync 1 DAGs
[2025-04-20T20:42:21.069+0800] {logging_mixin.py:190} INFO - [2025-04-20T20:42:21.068+0800] {dag.py:4180} INFO - Setting next_dagrun for example_branch_labels to 2025-04-19 00:00:00+00:00, run_after=2025-04-20 00:00:00+00:00
[2025-04-20T20:42:21.138+0800] {processor.py:208} INFO - Processing /mnt/c/Users/wu_li/OneDrive/Desktop/Airflow_pract/venv/lib/python3.9/site-packages/airflow/example_dags/example_branch_labels.py took 0.187 seconds
[2025-04-20T20:44:01.736+0800] {processor.py:186} INFO - Started process (PID=81618) to work on /mnt/c/Users/wu_li/OneDrive/Desktop/Airflow_pract/venv/lib/python3.9/site-packages/airflow/example_dags/example_branch_labels.py
[2025-04-20T20:44:01.738+0800] {processor.py:914} INFO - Processing file /mnt/c/Users/wu_li/OneDrive/Desktop/Airflow_pract/venv/lib/python3.9/site-packages/airflow/example_dags/example_branch_labels.py for tasks to queue
[2025-04-20T20:44:01.743+0800] {logging_mixin.py:190} INFO - [2025-04-20T20:44:01.741+0800] {dagbag.py:588} INFO - Filling up the DagBag from /mnt/c/Users/wu_li/OneDrive/Desktop/Airflow_pract/venv/lib/python3.9/site-packages/airflow/example_dags/example_branch_labels.py
[2025-04-20T20:44:01.809+0800] {processor.py:925} INFO - DAG(s) 'example_branch_labels' retrieved from /mnt/c/Users/wu_li/OneDrive/Desktop/Airflow_pract/venv/lib/python3.9/site-packages/airflow/example_dags/example_branch_labels.py
[2025-04-20T20:44:01.881+0800] {logging_mixin.py:190} INFO - [2025-04-20T20:44:01.880+0800] {dag.py:3239} INFO - Sync 1 DAGs
[2025-04-20T20:44:01.931+0800] {logging_mixin.py:190} INFO - [2025-04-20T20:44:01.930+0800] {dag.py:4180} INFO - Setting next_dagrun for example_branch_labels to 2025-04-19 00:00:00+00:00, run_after=2025-04-20 00:00:00+00:00
[2025-04-20T20:44:01.983+0800] {processor.py:208} INFO - Processing /mnt/c/Users/wu_li/OneDrive/Desktop/Airflow_pract/venv/lib/python3.9/site-packages/airflow/example_dags/example_branch_labels.py took 0.269 seconds
[2025-04-20T20:45:43.872+0800] {processor.py:186} INFO - Started process (PID=82411) to work on /mnt/c/Users/wu_li/OneDrive/Desktop/Airflow_pract/venv/lib/python3.9/site-packages/airflow/example_dags/example_branch_labels.py
[2025-04-20T20:45:43.879+0800] {processor.py:914} INFO - Processing file /mnt/c/Users/wu_li/OneDrive/Desktop/Airflow_pract/venv/lib/python3.9/site-packages/airflow/example_dags/example_branch_labels.py for tasks to queue
[2025-04-20T20:45:43.885+0800] {logging_mixin.py:190} INFO - [2025-04-20T20:45:43.883+0800] {dagbag.py:588} INFO - Filling up the DagBag from /mnt/c/Users/wu_li/OneDrive/Desktop/Airflow_pract/venv/lib/python3.9/site-packages/airflow/example_dags/example_branch_labels.py
[2025-04-20T20:45:43.944+0800] {processor.py:925} INFO - DAG(s) 'example_branch_labels' retrieved from /mnt/c/Users/wu_li/OneDrive/Desktop/Airflow_pract/venv/lib/python3.9/site-packages/airflow/example_dags/example_branch_labels.py
[2025-04-20T20:45:44.017+0800] {logging_mixin.py:190} INFO - [2025-04-20T20:45:44.013+0800] {dag.py:3239} INFO - Sync 1 DAGs
[2025-04-20T20:45:44.105+0800] {logging_mixin.py:190} INFO - [2025-04-20T20:45:44.098+0800] {dag.py:4180} INFO - Setting next_dagrun for example_branch_labels to 2025-04-19 00:00:00+00:00, run_after=2025-04-20 00:00:00+00:00
[2025-04-20T20:45:44.218+0800] {processor.py:208} INFO - Processing /mnt/c/Users/wu_li/OneDrive/Desktop/Airflow_pract/venv/lib/python3.9/site-packages/airflow/example_dags/example_branch_labels.py took 0.366 seconds
[2025-04-20T20:47:33.719+0800] {processor.py:186} INFO - Started process (PID=83280) to work on /mnt/c/Users/wu_li/OneDrive/Desktop/Airflow_pract/venv/lib/python3.9/site-packages/airflow/example_dags/example_branch_labels.py
[2025-04-20T20:47:33.722+0800] {processor.py:914} INFO - Processing file /mnt/c/Users/wu_li/OneDrive/Desktop/Airflow_pract/venv/lib/python3.9/site-packages/airflow/example_dags/example_branch_labels.py for tasks to queue
[2025-04-20T20:47:33.729+0800] {logging_mixin.py:190} INFO - [2025-04-20T20:47:33.724+0800] {dagbag.py:588} INFO - Filling up the DagBag from /mnt/c/Users/wu_li/OneDrive/Desktop/Airflow_pract/venv/lib/python3.9/site-packages/airflow/example_dags/example_branch_labels.py
[2025-04-20T20:47:33.791+0800] {processor.py:925} INFO - DAG(s) 'example_branch_labels' retrieved from /mnt/c/Users/wu_li/OneDrive/Desktop/Airflow_pract/venv/lib/python3.9/site-packages/airflow/example_dags/example_branch_labels.py
[2025-04-20T20:47:33.864+0800] {logging_mixin.py:190} INFO - [2025-04-20T20:47:33.862+0800] {dag.py:3239} INFO - Sync 1 DAGs
[2025-04-20T20:47:33.934+0800] {logging_mixin.py:190} INFO - [2025-04-20T20:47:33.930+0800] {dag.py:4180} INFO - Setting next_dagrun for example_branch_labels to 2025-04-19 00:00:00+00:00, run_after=2025-04-20 00:00:00+00:00
[2025-04-20T20:47:34.078+0800] {processor.py:208} INFO - Processing /mnt/c/Users/wu_li/OneDrive/Desktop/Airflow_pract/venv/lib/python3.9/site-packages/airflow/example_dags/example_branch_labels.py took 0.385 seconds
[2025-04-20T20:49:18.205+0800] {processor.py:186} INFO - Started process (PID=84293) to work on /mnt/c/Users/wu_li/OneDrive/Desktop/Airflow_pract/venv/lib/python3.9/site-packages/airflow/example_dags/example_branch_labels.py
[2025-04-20T20:49:18.208+0800] {processor.py:914} INFO - Processing file /mnt/c/Users/wu_li/OneDrive/Desktop/Airflow_pract/venv/lib/python3.9/site-packages/airflow/example_dags/example_branch_labels.py for tasks to queue
[2025-04-20T20:49:18.213+0800] {logging_mixin.py:190} INFO - [2025-04-20T20:49:18.211+0800] {dagbag.py:588} INFO - Filling up the DagBag from /mnt/c/Users/wu_li/OneDrive/Desktop/Airflow_pract/venv/lib/python3.9/site-packages/airflow/example_dags/example_branch_labels.py
[2025-04-20T20:49:18.285+0800] {processor.py:925} INFO - DAG(s) 'example_branch_labels' retrieved from /mnt/c/Users/wu_li/OneDrive/Desktop/Airflow_pract/venv/lib/python3.9/site-packages/airflow/example_dags/example_branch_labels.py
[2025-04-20T20:49:18.354+0800] {logging_mixin.py:190} INFO - [2025-04-20T20:49:18.352+0800] {dag.py:3239} INFO - Sync 1 DAGs
[2025-04-20T20:49:18.416+0800] {logging_mixin.py:190} INFO - [2025-04-20T20:49:18.407+0800] {dag.py:4180} INFO - Setting next_dagrun for example_branch_labels to 2025-04-19 00:00:00+00:00, run_after=2025-04-20 00:00:00+00:00
[2025-04-20T20:49:18.529+0800] {processor.py:208} INFO - Processing /mnt/c/Users/wu_li/OneDrive/Desktop/Airflow_pract/venv/lib/python3.9/site-packages/airflow/example_dags/example_branch_labels.py took 0.353 seconds
[2025-04-20T20:51:15.277+0800] {processor.py:186} INFO - Started process (PID=85163) to work on /mnt/c/Users/wu_li/OneDrive/Desktop/Airflow_pract/venv/lib/python3.9/site-packages/airflow/example_dags/example_branch_labels.py
[2025-04-20T20:51:15.280+0800] {processor.py:914} INFO - Processing file /mnt/c/Users/wu_li/OneDrive/Desktop/Airflow_pract/venv/lib/python3.9/site-packages/airflow/example_dags/example_branch_labels.py for tasks to queue
[2025-04-20T20:51:15.284+0800] {logging_mixin.py:190} INFO - [2025-04-20T20:51:15.283+0800] {dagbag.py:588} INFO - Filling up the DagBag from /mnt/c/Users/wu_li/OneDrive/Desktop/Airflow_pract/venv/lib/python3.9/site-packages/airflow/example_dags/example_branch_labels.py
[2025-04-20T20:51:15.345+0800] {processor.py:925} INFO - DAG(s) 'example_branch_labels' retrieved from /mnt/c/Users/wu_li/OneDrive/Desktop/Airflow_pract/venv/lib/python3.9/site-packages/airflow/example_dags/example_branch_labels.py
[2025-04-20T20:51:15.407+0800] {logging_mixin.py:190} INFO - [2025-04-20T20:51:15.405+0800] {dag.py:3239} INFO - Sync 1 DAGs
[2025-04-20T20:51:15.504+0800] {logging_mixin.py:190} INFO - [2025-04-20T20:51:15.495+0800] {dag.py:4180} INFO - Setting next_dagrun for example_branch_labels to 2025-04-19 00:00:00+00:00, run_after=2025-04-20 00:00:00+00:00
[2025-04-20T20:51:15.661+0800] {processor.py:208} INFO - Processing /mnt/c/Users/wu_li/OneDrive/Desktop/Airflow_pract/venv/lib/python3.9/site-packages/airflow/example_dags/example_branch_labels.py took 0.413 seconds
[2025-04-20T20:53:08.496+0800] {processor.py:186} INFO - Started process (PID=86152) to work on /mnt/c/Users/wu_li/OneDrive/Desktop/Airflow_pract/venv/lib/python3.9/site-packages/airflow/example_dags/example_branch_labels.py
[2025-04-20T20:53:08.497+0800] {processor.py:914} INFO - Processing file /mnt/c/Users/wu_li/OneDrive/Desktop/Airflow_pract/venv/lib/python3.9/site-packages/airflow/example_dags/example_branch_labels.py for tasks to queue
[2025-04-20T20:53:08.499+0800] {logging_mixin.py:190} INFO - [2025-04-20T20:53:08.499+0800] {dagbag.py:588} INFO - Filling up the DagBag from /mnt/c/Users/wu_li/OneDrive/Desktop/Airflow_pract/venv/lib/python3.9/site-packages/airflow/example_dags/example_branch_labels.py
[2025-04-20T20:53:08.530+0800] {processor.py:925} INFO - DAG(s) 'example_branch_labels' retrieved from /mnt/c/Users/wu_li/OneDrive/Desktop/Airflow_pract/venv/lib/python3.9/site-packages/airflow/example_dags/example_branch_labels.py
[2025-04-20T20:53:08.677+0800] {logging_mixin.py:190} INFO - [2025-04-20T20:53:08.662+0800] {dag.py:3239} INFO - Sync 1 DAGs
[2025-04-20T20:53:08.704+0800] {logging_mixin.py:190} INFO - [2025-04-20T20:53:08.703+0800] {dag.py:4180} INFO - Setting next_dagrun for example_branch_labels to 2025-04-19 00:00:00+00:00, run_after=2025-04-20 00:00:00+00:00
[2025-04-20T20:53:08.789+0800] {processor.py:208} INFO - Processing /mnt/c/Users/wu_li/OneDrive/Desktop/Airflow_pract/venv/lib/python3.9/site-packages/airflow/example_dags/example_branch_labels.py took 0.304 seconds
[2025-04-20T20:54:36.269+0800] {processor.py:186} INFO - Started process (PID=87116) to work on /mnt/c/Users/wu_li/OneDrive/Desktop/Airflow_pract/venv/lib/python3.9/site-packages/airflow/example_dags/example_branch_labels.py
[2025-04-20T20:54:36.273+0800] {processor.py:914} INFO - Processing file /mnt/c/Users/wu_li/OneDrive/Desktop/Airflow_pract/venv/lib/python3.9/site-packages/airflow/example_dags/example_branch_labels.py for tasks to queue
[2025-04-20T20:54:36.276+0800] {logging_mixin.py:190} INFO - [2025-04-20T20:54:36.275+0800] {dagbag.py:588} INFO - Filling up the DagBag from /mnt/c/Users/wu_li/OneDrive/Desktop/Airflow_pract/venv/lib/python3.9/site-packages/airflow/example_dags/example_branch_labels.py
[2025-04-20T20:54:36.316+0800] {processor.py:925} INFO - DAG(s) 'example_branch_labels' retrieved from /mnt/c/Users/wu_li/OneDrive/Desktop/Airflow_pract/venv/lib/python3.9/site-packages/airflow/example_dags/example_branch_labels.py
[2025-04-20T20:54:36.351+0800] {logging_mixin.py:190} INFO - [2025-04-20T20:54:36.350+0800] {dag.py:3239} INFO - Sync 1 DAGs
[2025-04-20T20:54:36.388+0800] {logging_mixin.py:190} INFO - [2025-04-20T20:54:36.386+0800] {dag.py:4180} INFO - Setting next_dagrun for example_branch_labels to 2025-04-19 00:00:00+00:00, run_after=2025-04-20 00:00:00+00:00
[2025-04-20T20:54:36.452+0800] {processor.py:208} INFO - Processing /mnt/c/Users/wu_li/OneDrive/Desktop/Airflow_pract/venv/lib/python3.9/site-packages/airflow/example_dags/example_branch_labels.py took 0.203 seconds
[2025-04-20T20:56:05.591+0800] {processor.py:186} INFO - Started process (PID=87978) to work on /mnt/c/Users/wu_li/OneDrive/Desktop/Airflow_pract/venv/lib/python3.9/site-packages/airflow/example_dags/example_branch_labels.py
[2025-04-20T20:56:05.593+0800] {processor.py:914} INFO - Processing file /mnt/c/Users/wu_li/OneDrive/Desktop/Airflow_pract/venv/lib/python3.9/site-packages/airflow/example_dags/example_branch_labels.py for tasks to queue
[2025-04-20T20:56:05.600+0800] {logging_mixin.py:190} INFO - [2025-04-20T20:56:05.598+0800] {dagbag.py:588} INFO - Filling up the DagBag from /mnt/c/Users/wu_li/OneDrive/Desktop/Airflow_pract/venv/lib/python3.9/site-packages/airflow/example_dags/example_branch_labels.py
[2025-04-20T20:56:05.630+0800] {processor.py:925} INFO - DAG(s) 'example_branch_labels' retrieved from /mnt/c/Users/wu_li/OneDrive/Desktop/Airflow_pract/venv/lib/python3.9/site-packages/airflow/example_dags/example_branch_labels.py
[2025-04-20T20:56:05.671+0800] {logging_mixin.py:190} INFO - [2025-04-20T20:56:05.670+0800] {dag.py:3239} INFO - Sync 1 DAGs
[2025-04-20T20:56:05.719+0800] {logging_mixin.py:190} INFO - [2025-04-20T20:56:05.716+0800] {dag.py:4180} INFO - Setting next_dagrun for example_branch_labels to 2025-04-19 00:00:00+00:00, run_after=2025-04-20 00:00:00+00:00
[2025-04-20T20:56:05.793+0800] {processor.py:208} INFO - Processing /mnt/c/Users/wu_li/OneDrive/Desktop/Airflow_pract/venv/lib/python3.9/site-packages/airflow/example_dags/example_branch_labels.py took 0.220 seconds
[2025-04-20T20:57:36.632+0800] {processor.py:186} INFO - Started process (PID=89061) to work on /mnt/c/Users/wu_li/OneDrive/Desktop/Airflow_pract/venv/lib/python3.9/site-packages/airflow/example_dags/example_branch_labels.py
[2025-04-20T20:57:36.634+0800] {processor.py:914} INFO - Processing file /mnt/c/Users/wu_li/OneDrive/Desktop/Airflow_pract/venv/lib/python3.9/site-packages/airflow/example_dags/example_branch_labels.py for tasks to queue
[2025-04-20T20:57:36.636+0800] {logging_mixin.py:190} INFO - [2025-04-20T20:57:36.635+0800] {dagbag.py:588} INFO - Filling up the DagBag from /mnt/c/Users/wu_li/OneDrive/Desktop/Airflow_pract/venv/lib/python3.9/site-packages/airflow/example_dags/example_branch_labels.py
[2025-04-20T20:57:36.661+0800] {processor.py:925} INFO - DAG(s) 'example_branch_labels' retrieved from /mnt/c/Users/wu_li/OneDrive/Desktop/Airflow_pract/venv/lib/python3.9/site-packages/airflow/example_dags/example_branch_labels.py
[2025-04-20T20:57:36.687+0800] {logging_mixin.py:190} INFO - [2025-04-20T20:57:36.686+0800] {dag.py:3239} INFO - Sync 1 DAGs
[2025-04-20T20:57:36.707+0800] {logging_mixin.py:190} INFO - [2025-04-20T20:57:36.706+0800] {dag.py:4180} INFO - Setting next_dagrun for example_branch_labels to 2025-04-19 00:00:00+00:00, run_after=2025-04-20 00:00:00+00:00
[2025-04-20T20:57:36.764+0800] {processor.py:208} INFO - Processing /mnt/c/Users/wu_li/OneDrive/Desktop/Airflow_pract/venv/lib/python3.9/site-packages/airflow/example_dags/example_branch_labels.py took 0.142 seconds
[2025-04-20T20:59:06.454+0800] {processor.py:186} INFO - Started process (PID=90139) to work on /mnt/c/Users/wu_li/OneDrive/Desktop/Airflow_pract/venv/lib/python3.9/site-packages/airflow/example_dags/example_branch_labels.py
[2025-04-20T20:59:06.457+0800] {processor.py:914} INFO - Processing file /mnt/c/Users/wu_li/OneDrive/Desktop/Airflow_pract/venv/lib/python3.9/site-packages/airflow/example_dags/example_branch_labels.py for tasks to queue
[2025-04-20T20:59:06.473+0800] {logging_mixin.py:190} INFO - [2025-04-20T20:59:06.465+0800] {dagbag.py:588} INFO - Filling up the DagBag from /mnt/c/Users/wu_li/OneDrive/Desktop/Airflow_pract/venv/lib/python3.9/site-packages/airflow/example_dags/example_branch_labels.py
[2025-04-20T20:59:05.998+0800] {processor.py:925} INFO - DAG(s) 'example_branch_labels' retrieved from /mnt/c/Users/wu_li/OneDrive/Desktop/Airflow_pract/venv/lib/python3.9/site-packages/airflow/example_dags/example_branch_labels.py
[2025-04-20T20:59:06.043+0800] {logging_mixin.py:190} INFO - [2025-04-20T20:59:06.042+0800] {dag.py:3239} INFO - Sync 1 DAGs
[2025-04-20T20:59:06.104+0800] {logging_mixin.py:190} INFO - [2025-04-20T20:59:06.101+0800] {dag.py:4180} INFO - Setting next_dagrun for example_branch_labels to 2025-04-19 00:00:00+00:00, run_after=2025-04-20 00:00:00+00:00
[2025-04-20T20:59:06.190+0800] {processor.py:208} INFO - Processing /mnt/c/Users/wu_li/OneDrive/Desktop/Airflow_pract/venv/lib/python3.9/site-packages/airflow/example_dags/example_branch_labels.py took 0.273 seconds
[2025-04-20T21:00:31.901+0800] {processor.py:186} INFO - Started process (PID=91113) to work on /mnt/c/Users/wu_li/OneDrive/Desktop/Airflow_pract/venv/lib/python3.9/site-packages/airflow/example_dags/example_branch_labels.py
[2025-04-20T21:00:31.903+0800] {processor.py:914} INFO - Processing file /mnt/c/Users/wu_li/OneDrive/Desktop/Airflow_pract/venv/lib/python3.9/site-packages/airflow/example_dags/example_branch_labels.py for tasks to queue
[2025-04-20T21:00:31.905+0800] {logging_mixin.py:190} INFO - [2025-04-20T21:00:31.904+0800] {dagbag.py:588} INFO - Filling up the DagBag from /mnt/c/Users/wu_li/OneDrive/Desktop/Airflow_pract/venv/lib/python3.9/site-packages/airflow/example_dags/example_branch_labels.py
[2025-04-20T21:00:31.931+0800] {processor.py:925} INFO - DAG(s) 'example_branch_labels' retrieved from /mnt/c/Users/wu_li/OneDrive/Desktop/Airflow_pract/venv/lib/python3.9/site-packages/airflow/example_dags/example_branch_labels.py
[2025-04-20T21:00:31.962+0800] {logging_mixin.py:190} INFO - [2025-04-20T21:00:31.961+0800] {dag.py:3239} INFO - Sync 1 DAGs
[2025-04-20T21:00:31.986+0800] {logging_mixin.py:190} INFO - [2025-04-20T21:00:31.985+0800] {dag.py:4180} INFO - Setting next_dagrun for example_branch_labels to 2025-04-19 00:00:00+00:00, run_after=2025-04-20 00:00:00+00:00
[2025-04-20T21:00:32.043+0800] {processor.py:208} INFO - Processing /mnt/c/Users/wu_li/OneDrive/Desktop/Airflow_pract/venv/lib/python3.9/site-packages/airflow/example_dags/example_branch_labels.py took 0.154 seconds
[2025-04-20T21:02:05.992+0800] {processor.py:186} INFO - Started process (PID=92154) to work on /mnt/c/Users/wu_li/OneDrive/Desktop/Airflow_pract/venv/lib/python3.9/site-packages/airflow/example_dags/example_branch_labels.py
[2025-04-20T21:02:05.995+0800] {processor.py:914} INFO - Processing file /mnt/c/Users/wu_li/OneDrive/Desktop/Airflow_pract/venv/lib/python3.9/site-packages/airflow/example_dags/example_branch_labels.py for tasks to queue
[2025-04-20T21:02:05.998+0800] {logging_mixin.py:190} INFO - [2025-04-20T21:02:05.997+0800] {dagbag.py:588} INFO - Filling up the DagBag from /mnt/c/Users/wu_li/OneDrive/Desktop/Airflow_pract/venv/lib/python3.9/site-packages/airflow/example_dags/example_branch_labels.py
[2025-04-20T21:02:06.042+0800] {processor.py:925} INFO - DAG(s) 'example_branch_labels' retrieved from /mnt/c/Users/wu_li/OneDrive/Desktop/Airflow_pract/venv/lib/python3.9/site-packages/airflow/example_dags/example_branch_labels.py
[2025-04-20T21:02:06.092+0800] {logging_mixin.py:190} INFO - [2025-04-20T21:02:06.091+0800] {dag.py:3239} INFO - Sync 1 DAGs
[2025-04-20T21:02:06.156+0800] {logging_mixin.py:190} INFO - [2025-04-20T21:02:06.152+0800] {dag.py:4180} INFO - Setting next_dagrun for example_branch_labels to 2025-04-19 00:00:00+00:00, run_after=2025-04-20 00:00:00+00:00
[2025-04-20T21:02:06.248+0800] {processor.py:208} INFO - Processing /mnt/c/Users/wu_li/OneDrive/Desktop/Airflow_pract/venv/lib/python3.9/site-packages/airflow/example_dags/example_branch_labels.py took 0.273 seconds
[2025-04-20T21:03:31.321+0800] {processor.py:186} INFO - Started process (PID=93160) to work on /mnt/c/Users/wu_li/OneDrive/Desktop/Airflow_pract/venv/lib/python3.9/site-packages/airflow/example_dags/example_branch_labels.py
[2025-04-20T21:03:31.324+0800] {processor.py:914} INFO - Processing file /mnt/c/Users/wu_li/OneDrive/Desktop/Airflow_pract/venv/lib/python3.9/site-packages/airflow/example_dags/example_branch_labels.py for tasks to queue
[2025-04-20T21:03:31.328+0800] {logging_mixin.py:190} INFO - [2025-04-20T21:03:31.326+0800] {dagbag.py:588} INFO - Filling up the DagBag from /mnt/c/Users/wu_li/OneDrive/Desktop/Airflow_pract/venv/lib/python3.9/site-packages/airflow/example_dags/example_branch_labels.py
[2025-04-20T21:03:31.375+0800] {processor.py:925} INFO - DAG(s) 'example_branch_labels' retrieved from /mnt/c/Users/wu_li/OneDrive/Desktop/Airflow_pract/venv/lib/python3.9/site-packages/airflow/example_dags/example_branch_labels.py
[2025-04-20T21:03:31.416+0800] {logging_mixin.py:190} INFO - [2025-04-20T21:03:31.415+0800] {dag.py:3239} INFO - Sync 1 DAGs
[2025-04-20T21:03:31.439+0800] {logging_mixin.py:190} INFO - [2025-04-20T21:03:31.438+0800] {dag.py:4180} INFO - Setting next_dagrun for example_branch_labels to 2025-04-19 00:00:00+00:00, run_after=2025-04-20 00:00:00+00:00
[2025-04-20T21:03:31.506+0800] {processor.py:208} INFO - Processing /mnt/c/Users/wu_li/OneDrive/Desktop/Airflow_pract/venv/lib/python3.9/site-packages/airflow/example_dags/example_branch_labels.py took 0.204 seconds
[2025-04-20T21:04:59.366+0800] {processor.py:186} INFO - Started process (PID=94240) to work on /mnt/c/Users/wu_li/OneDrive/Desktop/Airflow_pract/venv/lib/python3.9/site-packages/airflow/example_dags/example_branch_labels.py
[2025-04-20T21:04:59.369+0800] {processor.py:914} INFO - Processing file /mnt/c/Users/wu_li/OneDrive/Desktop/Airflow_pract/venv/lib/python3.9/site-packages/airflow/example_dags/example_branch_labels.py for tasks to queue
[2025-04-20T21:04:59.373+0800] {logging_mixin.py:190} INFO - [2025-04-20T21:04:59.372+0800] {dagbag.py:588} INFO - Filling up the DagBag from /mnt/c/Users/wu_li/OneDrive/Desktop/Airflow_pract/venv/lib/python3.9/site-packages/airflow/example_dags/example_branch_labels.py
[2025-04-20T21:04:59.433+0800] {processor.py:925} INFO - DAG(s) 'example_branch_labels' retrieved from /mnt/c/Users/wu_li/OneDrive/Desktop/Airflow_pract/venv/lib/python3.9/site-packages/airflow/example_dags/example_branch_labels.py
[2025-04-20T21:04:59.487+0800] {logging_mixin.py:190} INFO - [2025-04-20T21:04:59.486+0800] {dag.py:3239} INFO - Sync 1 DAGs
[2025-04-20T21:04:59.577+0800] {logging_mixin.py:190} INFO - [2025-04-20T21:04:59.575+0800] {dag.py:4180} INFO - Setting next_dagrun for example_branch_labels to 2025-04-19 00:00:00+00:00, run_after=2025-04-20 00:00:00+00:00
[2025-04-20T21:04:59.671+0800] {processor.py:208} INFO - Processing /mnt/c/Users/wu_li/OneDrive/Desktop/Airflow_pract/venv/lib/python3.9/site-packages/airflow/example_dags/example_branch_labels.py took 0.323 seconds
[2025-04-20T21:06:33.136+0800] {processor.py:186} INFO - Started process (PID=95319) to work on /mnt/c/Users/wu_li/OneDrive/Desktop/Airflow_pract/venv/lib/python3.9/site-packages/airflow/example_dags/example_branch_labels.py
[2025-04-20T21:06:33.138+0800] {processor.py:914} INFO - Processing file /mnt/c/Users/wu_li/OneDrive/Desktop/Airflow_pract/venv/lib/python3.9/site-packages/airflow/example_dags/example_branch_labels.py for tasks to queue
[2025-04-20T21:06:33.141+0800] {logging_mixin.py:190} INFO - [2025-04-20T21:06:33.140+0800] {dagbag.py:588} INFO - Filling up the DagBag from /mnt/c/Users/wu_li/OneDrive/Desktop/Airflow_pract/venv/lib/python3.9/site-packages/airflow/example_dags/example_branch_labels.py
[2025-04-20T21:06:33.170+0800] {processor.py:925} INFO - DAG(s) 'example_branch_labels' retrieved from /mnt/c/Users/wu_li/OneDrive/Desktop/Airflow_pract/venv/lib/python3.9/site-packages/airflow/example_dags/example_branch_labels.py
[2025-04-20T21:06:33.201+0800] {logging_mixin.py:190} INFO - [2025-04-20T21:06:33.200+0800] {dag.py:3239} INFO - Sync 1 DAGs
[2025-04-20T21:06:33.229+0800] {logging_mixin.py:190} INFO - [2025-04-20T21:06:33.228+0800] {dag.py:4180} INFO - Setting next_dagrun for example_branch_labels to 2025-04-19 00:00:00+00:00, run_after=2025-04-20 00:00:00+00:00
[2025-04-20T21:06:33.286+0800] {processor.py:208} INFO - Processing /mnt/c/Users/wu_li/OneDrive/Desktop/Airflow_pract/venv/lib/python3.9/site-packages/airflow/example_dags/example_branch_labels.py took 0.162 seconds
[2025-04-20T21:08:05.174+0800] {processor.py:186} INFO - Started process (PID=96473) to work on /mnt/c/Users/wu_li/OneDrive/Desktop/Airflow_pract/venv/lib/python3.9/site-packages/airflow/example_dags/example_branch_labels.py
[2025-04-20T21:08:05.176+0800] {processor.py:914} INFO - Processing file /mnt/c/Users/wu_li/OneDrive/Desktop/Airflow_pract/venv/lib/python3.9/site-packages/airflow/example_dags/example_branch_labels.py for tasks to queue
[2025-04-20T21:08:05.180+0800] {logging_mixin.py:190} INFO - [2025-04-20T21:08:05.179+0800] {dagbag.py:588} INFO - Filling up the DagBag from /mnt/c/Users/wu_li/OneDrive/Desktop/Airflow_pract/venv/lib/python3.9/site-packages/airflow/example_dags/example_branch_labels.py
[2025-04-20T21:08:05.225+0800] {processor.py:925} INFO - DAG(s) 'example_branch_labels' retrieved from /mnt/c/Users/wu_li/OneDrive/Desktop/Airflow_pract/venv/lib/python3.9/site-packages/airflow/example_dags/example_branch_labels.py
[2025-04-20T21:08:05.267+0800] {logging_mixin.py:190} INFO - [2025-04-20T21:08:05.266+0800] {dag.py:3239} INFO - Sync 1 DAGs
[2025-04-20T21:08:05.327+0800] {logging_mixin.py:190} INFO - [2025-04-20T21:08:05.323+0800] {dag.py:4180} INFO - Setting next_dagrun for example_branch_labels to 2025-04-19 00:00:00+00:00, run_after=2025-04-20 00:00:00+00:00
[2025-04-20T21:08:05.422+0800] {processor.py:208} INFO - Processing /mnt/c/Users/wu_li/OneDrive/Desktop/Airflow_pract/venv/lib/python3.9/site-packages/airflow/example_dags/example_branch_labels.py took 0.268 seconds
[2025-04-20T21:09:34.932+0800] {processor.py:186} INFO - Started process (PID=97522) to work on /mnt/c/Users/wu_li/OneDrive/Desktop/Airflow_pract/venv/lib/python3.9/site-packages/airflow/example_dags/example_branch_labels.py
[2025-04-20T21:09:34.935+0800] {processor.py:914} INFO - Processing file /mnt/c/Users/wu_li/OneDrive/Desktop/Airflow_pract/venv/lib/python3.9/site-packages/airflow/example_dags/example_branch_labels.py for tasks to queue
[2025-04-20T21:09:34.938+0800] {logging_mixin.py:190} INFO - [2025-04-20T21:09:34.937+0800] {dagbag.py:588} INFO - Filling up the DagBag from /mnt/c/Users/wu_li/OneDrive/Desktop/Airflow_pract/venv/lib/python3.9/site-packages/airflow/example_dags/example_branch_labels.py
[2025-04-20T21:09:34.974+0800] {processor.py:925} INFO - DAG(s) 'example_branch_labels' retrieved from /mnt/c/Users/wu_li/OneDrive/Desktop/Airflow_pract/venv/lib/python3.9/site-packages/airflow/example_dags/example_branch_labels.py
[2025-04-20T21:09:35.007+0800] {logging_mixin.py:190} INFO - [2025-04-20T21:09:35.006+0800] {dag.py:3239} INFO - Sync 1 DAGs
[2025-04-20T21:09:35.040+0800] {logging_mixin.py:190} INFO - [2025-04-20T21:09:35.039+0800] {dag.py:4180} INFO - Setting next_dagrun for example_branch_labels to 2025-04-19 00:00:00+00:00, run_after=2025-04-20 00:00:00+00:00
[2025-04-20T21:09:35.119+0800] {processor.py:208} INFO - Processing /mnt/c/Users/wu_li/OneDrive/Desktop/Airflow_pract/venv/lib/python3.9/site-packages/airflow/example_dags/example_branch_labels.py took 0.203 seconds
[2025-04-20T21:11:06.690+0800] {processor.py:186} INFO - Started process (PID=98633) to work on /mnt/c/Users/wu_li/OneDrive/Desktop/Airflow_pract/venv/lib/python3.9/site-packages/airflow/example_dags/example_branch_labels.py
[2025-04-20T21:11:06.692+0800] {processor.py:914} INFO - Processing file /mnt/c/Users/wu_li/OneDrive/Desktop/Airflow_pract/venv/lib/python3.9/site-packages/airflow/example_dags/example_branch_labels.py for tasks to queue
[2025-04-20T21:11:06.695+0800] {logging_mixin.py:190} INFO - [2025-04-20T21:11:06.694+0800] {dagbag.py:588} INFO - Filling up the DagBag from /mnt/c/Users/wu_li/OneDrive/Desktop/Airflow_pract/venv/lib/python3.9/site-packages/airflow/example_dags/example_branch_labels.py
[2025-04-20T21:11:06.724+0800] {processor.py:925} INFO - DAG(s) 'example_branch_labels' retrieved from /mnt/c/Users/wu_li/OneDrive/Desktop/Airflow_pract/venv/lib/python3.9/site-packages/airflow/example_dags/example_branch_labels.py
[2025-04-20T21:11:06.774+0800] {logging_mixin.py:190} INFO - [2025-04-20T21:11:06.773+0800] {dag.py:3239} INFO - Sync 1 DAGs
[2025-04-20T21:11:06.831+0800] {logging_mixin.py:190} INFO - [2025-04-20T21:11:06.827+0800] {dag.py:4180} INFO - Setting next_dagrun for example_branch_labels to 2025-04-19 00:00:00+00:00, run_after=2025-04-20 00:00:00+00:00
[2025-04-20T21:11:06.919+0800] {processor.py:208} INFO - Processing /mnt/c/Users/wu_li/OneDrive/Desktop/Airflow_pract/venv/lib/python3.9/site-packages/airflow/example_dags/example_branch_labels.py took 0.247 seconds
[2025-04-20T21:12:38.233+0800] {processor.py:186} INFO - Started process (PID=99716) to work on /mnt/c/Users/wu_li/OneDrive/Desktop/Airflow_pract/venv/lib/python3.9/site-packages/airflow/example_dags/example_branch_labels.py
[2025-04-20T21:12:38.235+0800] {processor.py:914} INFO - Processing file /mnt/c/Users/wu_li/OneDrive/Desktop/Airflow_pract/venv/lib/python3.9/site-packages/airflow/example_dags/example_branch_labels.py for tasks to queue
[2025-04-20T21:12:38.239+0800] {logging_mixin.py:190} INFO - [2025-04-20T21:12:38.238+0800] {dagbag.py:588} INFO - Filling up the DagBag from /mnt/c/Users/wu_li/OneDrive/Desktop/Airflow_pract/venv/lib/python3.9/site-packages/airflow/example_dags/example_branch_labels.py
[2025-04-20T21:12:38.284+0800] {processor.py:925} INFO - DAG(s) 'example_branch_labels' retrieved from /mnt/c/Users/wu_li/OneDrive/Desktop/Airflow_pract/venv/lib/python3.9/site-packages/airflow/example_dags/example_branch_labels.py
[2025-04-20T21:12:38.330+0800] {logging_mixin.py:190} INFO - [2025-04-20T21:12:38.327+0800] {dag.py:3239} INFO - Sync 1 DAGs
[2025-04-20T21:12:38.394+0800] {logging_mixin.py:190} INFO - [2025-04-20T21:12:38.388+0800] {dag.py:4180} INFO - Setting next_dagrun for example_branch_labels to 2025-04-19 00:00:00+00:00, run_after=2025-04-20 00:00:00+00:00
[2025-04-20T21:12:38.487+0800] {processor.py:208} INFO - Processing /mnt/c/Users/wu_li/OneDrive/Desktop/Airflow_pract/venv/lib/python3.9/site-packages/airflow/example_dags/example_branch_labels.py took 0.272 seconds
[2025-04-20T21:14:08.037+0800] {processor.py:186} INFO - Started process (PID=100722) to work on /mnt/c/Users/wu_li/OneDrive/Desktop/Airflow_pract/venv/lib/python3.9/site-packages/airflow/example_dags/example_branch_labels.py
[2025-04-20T21:14:08.041+0800] {processor.py:914} INFO - Processing file /mnt/c/Users/wu_li/OneDrive/Desktop/Airflow_pract/venv/lib/python3.9/site-packages/airflow/example_dags/example_branch_labels.py for tasks to queue
[2025-04-20T21:14:08.045+0800] {logging_mixin.py:190} INFO - [2025-04-20T21:14:08.044+0800] {dagbag.py:588} INFO - Filling up the DagBag from /mnt/c/Users/wu_li/OneDrive/Desktop/Airflow_pract/venv/lib/python3.9/site-packages/airflow/example_dags/example_branch_labels.py
[2025-04-20T21:14:08.095+0800] {processor.py:925} INFO - DAG(s) 'example_branch_labels' retrieved from /mnt/c/Users/wu_li/OneDrive/Desktop/Airflow_pract/venv/lib/python3.9/site-packages/airflow/example_dags/example_branch_labels.py
[2025-04-20T21:14:08.144+0800] {logging_mixin.py:190} INFO - [2025-04-20T21:14:08.143+0800] {dag.py:3239} INFO - Sync 1 DAGs
[2025-04-20T21:14:08.190+0800] {logging_mixin.py:190} INFO - [2025-04-20T21:14:08.187+0800] {dag.py:4180} INFO - Setting next_dagrun for example_branch_labels to 2025-04-19 00:00:00+00:00, run_after=2025-04-20 00:00:00+00:00
[2025-04-20T21:14:08.302+0800] {processor.py:208} INFO - Processing /mnt/c/Users/wu_li/OneDrive/Desktop/Airflow_pract/venv/lib/python3.9/site-packages/airflow/example_dags/example_branch_labels.py took 0.284 seconds
[2025-04-20T21:15:37.609+0800] {processor.py:186} INFO - Started process (PID=101771) to work on /mnt/c/Users/wu_li/OneDrive/Desktop/Airflow_pract/venv/lib/python3.9/site-packages/airflow/example_dags/example_branch_labels.py
[2025-04-20T21:15:37.611+0800] {processor.py:914} INFO - Processing file /mnt/c/Users/wu_li/OneDrive/Desktop/Airflow_pract/venv/lib/python3.9/site-packages/airflow/example_dags/example_branch_labels.py for tasks to queue
[2025-04-20T21:15:37.613+0800] {logging_mixin.py:190} INFO - [2025-04-20T21:15:37.612+0800] {dagbag.py:588} INFO - Filling up the DagBag from /mnt/c/Users/wu_li/OneDrive/Desktop/Airflow_pract/venv/lib/python3.9/site-packages/airflow/example_dags/example_branch_labels.py
[2025-04-20T21:15:37.640+0800] {processor.py:925} INFO - DAG(s) 'example_branch_labels' retrieved from /mnt/c/Users/wu_li/OneDrive/Desktop/Airflow_pract/venv/lib/python3.9/site-packages/airflow/example_dags/example_branch_labels.py
[2025-04-20T21:15:37.667+0800] {logging_mixin.py:190} INFO - [2025-04-20T21:15:37.666+0800] {dag.py:3239} INFO - Sync 1 DAGs
[2025-04-20T21:15:37.687+0800] {logging_mixin.py:190} INFO - [2025-04-20T21:15:37.687+0800] {dag.py:4180} INFO - Setting next_dagrun for example_branch_labels to 2025-04-19 00:00:00+00:00, run_after=2025-04-20 00:00:00+00:00
[2025-04-20T21:15:37.745+0800] {processor.py:208} INFO - Processing /mnt/c/Users/wu_li/OneDrive/Desktop/Airflow_pract/venv/lib/python3.9/site-packages/airflow/example_dags/example_branch_labels.py took 0.146 seconds
[2025-04-20T21:17:08.641+0800] {processor.py:186} INFO - Started process (PID=102814) to work on /mnt/c/Users/wu_li/OneDrive/Desktop/Airflow_pract/venv/lib/python3.9/site-packages/airflow/example_dags/example_branch_labels.py
[2025-04-20T21:17:08.646+0800] {processor.py:914} INFO - Processing file /mnt/c/Users/wu_li/OneDrive/Desktop/Airflow_pract/venv/lib/python3.9/site-packages/airflow/example_dags/example_branch_labels.py for tasks to queue
[2025-04-20T21:17:08.650+0800] {logging_mixin.py:190} INFO - [2025-04-20T21:17:08.649+0800] {dagbag.py:588} INFO - Filling up the DagBag from /mnt/c/Users/wu_li/OneDrive/Desktop/Airflow_pract/venv/lib/python3.9/site-packages/airflow/example_dags/example_branch_labels.py
[2025-04-20T21:17:08.698+0800] {processor.py:925} INFO - DAG(s) 'example_branch_labels' retrieved from /mnt/c/Users/wu_li/OneDrive/Desktop/Airflow_pract/venv/lib/python3.9/site-packages/airflow/example_dags/example_branch_labels.py
[2025-04-20T21:17:08.746+0800] {logging_mixin.py:190} INFO - [2025-04-20T21:17:08.744+0800] {dag.py:3239} INFO - Sync 1 DAGs
[2025-04-20T21:17:08.808+0800] {logging_mixin.py:190} INFO - [2025-04-20T21:17:08.805+0800] {dag.py:4180} INFO - Setting next_dagrun for example_branch_labels to 2025-04-19 00:00:00+00:00, run_after=2025-04-20 00:00:00+00:00
[2025-04-20T21:17:08.890+0800] {processor.py:208} INFO - Processing /mnt/c/Users/wu_li/OneDrive/Desktop/Airflow_pract/venv/lib/python3.9/site-packages/airflow/example_dags/example_branch_labels.py took 0.274 seconds
[2025-04-20T21:18:33.362+0800] {processor.py:186} INFO - Started process (PID=103819) to work on /mnt/c/Users/wu_li/OneDrive/Desktop/Airflow_pract/venv/lib/python3.9/site-packages/airflow/example_dags/example_branch_labels.py
[2025-04-20T21:18:33.364+0800] {processor.py:914} INFO - Processing file /mnt/c/Users/wu_li/OneDrive/Desktop/Airflow_pract/venv/lib/python3.9/site-packages/airflow/example_dags/example_branch_labels.py for tasks to queue
[2025-04-20T21:18:33.368+0800] {logging_mixin.py:190} INFO - [2025-04-20T21:18:33.367+0800] {dagbag.py:588} INFO - Filling up the DagBag from /mnt/c/Users/wu_li/OneDrive/Desktop/Airflow_pract/venv/lib/python3.9/site-packages/airflow/example_dags/example_branch_labels.py
[2025-04-20T21:18:33.414+0800] {processor.py:925} INFO - DAG(s) 'example_branch_labels' retrieved from /mnt/c/Users/wu_li/OneDrive/Desktop/Airflow_pract/venv/lib/python3.9/site-packages/airflow/example_dags/example_branch_labels.py
[2025-04-20T21:18:33.463+0800] {logging_mixin.py:190} INFO - [2025-04-20T21:18:33.462+0800] {dag.py:3239} INFO - Sync 1 DAGs
[2025-04-20T21:18:33.524+0800] {logging_mixin.py:190} INFO - [2025-04-20T21:18:33.521+0800] {dag.py:4180} INFO - Setting next_dagrun for example_branch_labels to 2025-04-19 00:00:00+00:00, run_after=2025-04-20 00:00:00+00:00
[2025-04-20T21:18:33.613+0800] {processor.py:208} INFO - Processing /mnt/c/Users/wu_li/OneDrive/Desktop/Airflow_pract/venv/lib/python3.9/site-packages/airflow/example_dags/example_branch_labels.py took 0.278 seconds
[2025-04-20T21:20:03.189+0800] {processor.py:186} INFO - Started process (PID=104868) to work on /mnt/c/Users/wu_li/OneDrive/Desktop/Airflow_pract/venv/lib/python3.9/site-packages/airflow/example_dags/example_branch_labels.py
[2025-04-20T21:20:03.190+0800] {processor.py:914} INFO - Processing file /mnt/c/Users/wu_li/OneDrive/Desktop/Airflow_pract/venv/lib/python3.9/site-packages/airflow/example_dags/example_branch_labels.py for tasks to queue
[2025-04-20T21:20:03.192+0800] {logging_mixin.py:190} INFO - [2025-04-20T21:20:03.192+0800] {dagbag.py:588} INFO - Filling up the DagBag from /mnt/c/Users/wu_li/OneDrive/Desktop/Airflow_pract/venv/lib/python3.9/site-packages/airflow/example_dags/example_branch_labels.py
[2025-04-20T21:20:03.217+0800] {processor.py:925} INFO - DAG(s) 'example_branch_labels' retrieved from /mnt/c/Users/wu_li/OneDrive/Desktop/Airflow_pract/venv/lib/python3.9/site-packages/airflow/example_dags/example_branch_labels.py
[2025-04-20T21:20:03.246+0800] {logging_mixin.py:190} INFO - [2025-04-20T21:20:03.246+0800] {dag.py:3239} INFO - Sync 1 DAGs
[2025-04-20T21:20:03.271+0800] {logging_mixin.py:190} INFO - [2025-04-20T21:20:03.270+0800] {dag.py:4180} INFO - Setting next_dagrun for example_branch_labels to 2025-04-19 00:00:00+00:00, run_after=2025-04-20 00:00:00+00:00
[2025-04-20T21:20:03.326+0800] {processor.py:208} INFO - Processing /mnt/c/Users/wu_li/OneDrive/Desktop/Airflow_pract/venv/lib/python3.9/site-packages/airflow/example_dags/example_branch_labels.py took 0.148 seconds
[2025-04-20T21:21:34.374+0800] {processor.py:186} INFO - Started process (PID=105908) to work on /mnt/c/Users/wu_li/OneDrive/Desktop/Airflow_pract/venv/lib/python3.9/site-packages/airflow/example_dags/example_branch_labels.py
[2025-04-20T21:21:34.375+0800] {processor.py:914} INFO - Processing file /mnt/c/Users/wu_li/OneDrive/Desktop/Airflow_pract/venv/lib/python3.9/site-packages/airflow/example_dags/example_branch_labels.py for tasks to queue
[2025-04-20T21:21:34.378+0800] {logging_mixin.py:190} INFO - [2025-04-20T21:21:34.377+0800] {dagbag.py:588} INFO - Filling up the DagBag from /mnt/c/Users/wu_li/OneDrive/Desktop/Airflow_pract/venv/lib/python3.9/site-packages/airflow/example_dags/example_branch_labels.py
[2025-04-20T21:21:34.402+0800] {processor.py:925} INFO - DAG(s) 'example_branch_labels' retrieved from /mnt/c/Users/wu_li/OneDrive/Desktop/Airflow_pract/venv/lib/python3.9/site-packages/airflow/example_dags/example_branch_labels.py
[2025-04-20T21:21:34.428+0800] {logging_mixin.py:190} INFO - [2025-04-20T21:21:34.427+0800] {dag.py:3239} INFO - Sync 1 DAGs
[2025-04-20T21:21:34.449+0800] {logging_mixin.py:190} INFO - [2025-04-20T21:21:34.448+0800] {dag.py:4180} INFO - Setting next_dagrun for example_branch_labels to 2025-04-19 00:00:00+00:00, run_after=2025-04-20 00:00:00+00:00
[2025-04-20T21:21:34.498+0800] {processor.py:208} INFO - Processing /mnt/c/Users/wu_li/OneDrive/Desktop/Airflow_pract/venv/lib/python3.9/site-packages/airflow/example_dags/example_branch_labels.py took 0.135 seconds
[2025-04-20T21:23:07.934+0800] {processor.py:186} INFO - Started process (PID=106915) to work on /mnt/c/Users/wu_li/OneDrive/Desktop/Airflow_pract/venv/lib/python3.9/site-packages/airflow/example_dags/example_branch_labels.py
[2025-04-20T21:23:07.936+0800] {processor.py:914} INFO - Processing file /mnt/c/Users/wu_li/OneDrive/Desktop/Airflow_pract/venv/lib/python3.9/site-packages/airflow/example_dags/example_branch_labels.py for tasks to queue
[2025-04-20T21:23:07.940+0800] {logging_mixin.py:190} INFO - [2025-04-20T21:23:07.939+0800] {dagbag.py:588} INFO - Filling up the DagBag from /mnt/c/Users/wu_li/OneDrive/Desktop/Airflow_pract/venv/lib/python3.9/site-packages/airflow/example_dags/example_branch_labels.py
[2025-04-20T21:23:07.984+0800] {processor.py:925} INFO - DAG(s) 'example_branch_labels' retrieved from /mnt/c/Users/wu_li/OneDrive/Desktop/Airflow_pract/venv/lib/python3.9/site-packages/airflow/example_dags/example_branch_labels.py
[2025-04-20T21:23:08.038+0800] {logging_mixin.py:190} INFO - [2025-04-20T21:23:08.036+0800] {dag.py:3239} INFO - Sync 1 DAGs
[2025-04-20T21:23:08.113+0800] {logging_mixin.py:190} INFO - [2025-04-20T21:23:08.112+0800] {dag.py:4180} INFO - Setting next_dagrun for example_branch_labels to 2025-04-19 00:00:00+00:00, run_after=2025-04-20 00:00:00+00:00
[2025-04-20T21:23:08.224+0800] {processor.py:208} INFO - Processing /mnt/c/Users/wu_li/OneDrive/Desktop/Airflow_pract/venv/lib/python3.9/site-packages/airflow/example_dags/example_branch_labels.py took 0.308 seconds
[2025-04-20T21:24:37.682+0800] {processor.py:186} INFO - Started process (PID=107925) to work on /mnt/c/Users/wu_li/OneDrive/Desktop/Airflow_pract/venv/lib/python3.9/site-packages/airflow/example_dags/example_branch_labels.py
[2025-04-20T21:24:37.683+0800] {processor.py:914} INFO - Processing file /mnt/c/Users/wu_li/OneDrive/Desktop/Airflow_pract/venv/lib/python3.9/site-packages/airflow/example_dags/example_branch_labels.py for tasks to queue
[2025-04-20T21:24:37.686+0800] {logging_mixin.py:190} INFO - [2025-04-20T21:24:37.685+0800] {dagbag.py:588} INFO - Filling up the DagBag from /mnt/c/Users/wu_li/OneDrive/Desktop/Airflow_pract/venv/lib/python3.9/site-packages/airflow/example_dags/example_branch_labels.py
[2025-04-20T21:24:37.710+0800] {processor.py:925} INFO - DAG(s) 'example_branch_labels' retrieved from /mnt/c/Users/wu_li/OneDrive/Desktop/Airflow_pract/venv/lib/python3.9/site-packages/airflow/example_dags/example_branch_labels.py
[2025-04-20T21:24:37.735+0800] {logging_mixin.py:190} INFO - [2025-04-20T21:24:37.734+0800] {dag.py:3239} INFO - Sync 1 DAGs
[2025-04-20T21:24:37.757+0800] {logging_mixin.py:190} INFO - [2025-04-20T21:24:37.756+0800] {dag.py:4180} INFO - Setting next_dagrun for example_branch_labels to 2025-04-19 00:00:00+00:00, run_after=2025-04-20 00:00:00+00:00
[2025-04-20T21:24:37.808+0800] {processor.py:208} INFO - Processing /mnt/c/Users/wu_li/OneDrive/Desktop/Airflow_pract/venv/lib/python3.9/site-packages/airflow/example_dags/example_branch_labels.py took 0.137 seconds
[2025-04-20T21:26:09.701+0800] {processor.py:186} INFO - Started process (PID=109001) to work on /mnt/c/Users/wu_li/OneDrive/Desktop/Airflow_pract/venv/lib/python3.9/site-packages/airflow/example_dags/example_branch_labels.py
[2025-04-20T21:26:09.703+0800] {processor.py:914} INFO - Processing file /mnt/c/Users/wu_li/OneDrive/Desktop/Airflow_pract/venv/lib/python3.9/site-packages/airflow/example_dags/example_branch_labels.py for tasks to queue
[2025-04-20T21:26:09.707+0800] {logging_mixin.py:190} INFO - [2025-04-20T21:26:09.705+0800] {dagbag.py:588} INFO - Filling up the DagBag from /mnt/c/Users/wu_li/OneDrive/Desktop/Airflow_pract/venv/lib/python3.9/site-packages/airflow/example_dags/example_branch_labels.py
[2025-04-20T21:26:09.750+0800] {processor.py:925} INFO - DAG(s) 'example_branch_labels' retrieved from /mnt/c/Users/wu_li/OneDrive/Desktop/Airflow_pract/venv/lib/python3.9/site-packages/airflow/example_dags/example_branch_labels.py
[2025-04-20T21:26:09.799+0800] {logging_mixin.py:190} INFO - [2025-04-20T21:26:09.797+0800] {dag.py:3239} INFO - Sync 1 DAGs
[2025-04-20T21:26:09.848+0800] {logging_mixin.py:190} INFO - [2025-04-20T21:26:09.845+0800] {dag.py:4180} INFO - Setting next_dagrun for example_branch_labels to 2025-04-19 00:00:00+00:00, run_after=2025-04-20 00:00:00+00:00
[2025-04-20T21:26:09.942+0800] {processor.py:208} INFO - Processing /mnt/c/Users/wu_li/OneDrive/Desktop/Airflow_pract/venv/lib/python3.9/site-packages/airflow/example_dags/example_branch_labels.py took 0.259 seconds
[2025-04-20T21:27:38.446+0800] {processor.py:186} INFO - Started process (PID=110008) to work on /mnt/c/Users/wu_li/OneDrive/Desktop/Airflow_pract/venv/lib/python3.9/site-packages/airflow/example_dags/example_branch_labels.py
[2025-04-20T21:27:38.449+0800] {processor.py:914} INFO - Processing file /mnt/c/Users/wu_li/OneDrive/Desktop/Airflow_pract/venv/lib/python3.9/site-packages/airflow/example_dags/example_branch_labels.py for tasks to queue
[2025-04-20T21:27:38.453+0800] {logging_mixin.py:190} INFO - [2025-04-20T21:27:38.452+0800] {dagbag.py:588} INFO - Filling up the DagBag from /mnt/c/Users/wu_li/OneDrive/Desktop/Airflow_pract/venv/lib/python3.9/site-packages/airflow/example_dags/example_branch_labels.py
[2025-04-20T21:27:38.494+0800] {processor.py:925} INFO - DAG(s) 'example_branch_labels' retrieved from /mnt/c/Users/wu_li/OneDrive/Desktop/Airflow_pract/venv/lib/python3.9/site-packages/airflow/example_dags/example_branch_labels.py
[2025-04-20T21:27:38.542+0800] {logging_mixin.py:190} INFO - [2025-04-20T21:27:38.540+0800] {dag.py:3239} INFO - Sync 1 DAGs
[2025-04-20T21:27:38.604+0800] {logging_mixin.py:190} INFO - [2025-04-20T21:27:38.602+0800] {dag.py:4180} INFO - Setting next_dagrun for example_branch_labels to 2025-04-19 00:00:00+00:00, run_after=2025-04-20 00:00:00+00:00
[2025-04-20T21:27:38.697+0800] {processor.py:208} INFO - Processing /mnt/c/Users/wu_li/OneDrive/Desktop/Airflow_pract/venv/lib/python3.9/site-packages/airflow/example_dags/example_branch_labels.py took 0.269 seconds
[2025-04-20T21:29:11.426+0800] {processor.py:186} INFO - Started process (PID=111093) to work on /mnt/c/Users/wu_li/OneDrive/Desktop/Airflow_pract/venv/lib/python3.9/site-packages/airflow/example_dags/example_branch_labels.py
[2025-04-20T21:29:11.427+0800] {processor.py:914} INFO - Processing file /mnt/c/Users/wu_li/OneDrive/Desktop/Airflow_pract/venv/lib/python3.9/site-packages/airflow/example_dags/example_branch_labels.py for tasks to queue
[2025-04-20T21:29:11.429+0800] {logging_mixin.py:190} INFO - [2025-04-20T21:29:11.429+0800] {dagbag.py:588} INFO - Filling up the DagBag from /mnt/c/Users/wu_li/OneDrive/Desktop/Airflow_pract/venv/lib/python3.9/site-packages/airflow/example_dags/example_branch_labels.py
[2025-04-20T21:29:11.455+0800] {processor.py:925} INFO - DAG(s) 'example_branch_labels' retrieved from /mnt/c/Users/wu_li/OneDrive/Desktop/Airflow_pract/venv/lib/python3.9/site-packages/airflow/example_dags/example_branch_labels.py
[2025-04-20T21:29:11.480+0800] {logging_mixin.py:190} INFO - [2025-04-20T21:29:11.479+0800] {dag.py:3239} INFO - Sync 1 DAGs
[2025-04-20T21:29:11.500+0800] {logging_mixin.py:190} INFO - [2025-04-20T21:29:11.500+0800] {dag.py:4180} INFO - Setting next_dagrun for example_branch_labels to 2025-04-19 00:00:00+00:00, run_after=2025-04-20 00:00:00+00:00
[2025-04-20T21:29:11.547+0800] {processor.py:208} INFO - Processing /mnt/c/Users/wu_li/OneDrive/Desktop/Airflow_pract/venv/lib/python3.9/site-packages/airflow/example_dags/example_branch_labels.py took 0.132 seconds
[2025-04-20T21:30:41.469+0800] {processor.py:186} INFO - Started process (PID=112169) to work on /mnt/c/Users/wu_li/OneDrive/Desktop/Airflow_pract/venv/lib/python3.9/site-packages/airflow/example_dags/example_branch_labels.py
[2025-04-20T21:30:41.472+0800] {processor.py:914} INFO - Processing file /mnt/c/Users/wu_li/OneDrive/Desktop/Airflow_pract/venv/lib/python3.9/site-packages/airflow/example_dags/example_branch_labels.py for tasks to queue
[2025-04-20T21:30:41.476+0800] {logging_mixin.py:190} INFO - [2025-04-20T21:30:41.475+0800] {dagbag.py:588} INFO - Filling up the DagBag from /mnt/c/Users/wu_li/OneDrive/Desktop/Airflow_pract/venv/lib/python3.9/site-packages/airflow/example_dags/example_branch_labels.py
[2025-04-20T21:30:41.522+0800] {processor.py:925} INFO - DAG(s) 'example_branch_labels' retrieved from /mnt/c/Users/wu_li/OneDrive/Desktop/Airflow_pract/venv/lib/python3.9/site-packages/airflow/example_dags/example_branch_labels.py
[2025-04-20T21:30:41.569+0800] {logging_mixin.py:190} INFO - [2025-04-20T21:30:41.565+0800] {dag.py:3239} INFO - Sync 1 DAGs
[2025-04-20T21:30:41.634+0800] {logging_mixin.py:190} INFO - [2025-04-20T21:30:41.631+0800] {dag.py:4180} INFO - Setting next_dagrun for example_branch_labels to 2025-04-19 00:00:00+00:00, run_after=2025-04-20 00:00:00+00:00
[2025-04-20T21:30:41.732+0800] {processor.py:208} INFO - Processing /mnt/c/Users/wu_li/OneDrive/Desktop/Airflow_pract/venv/lib/python3.9/site-packages/airflow/example_dags/example_branch_labels.py took 0.282 seconds
[2025-04-20T21:32:14.722+0800] {processor.py:186} INFO - Started process (PID=113221) to work on /mnt/c/Users/wu_li/OneDrive/Desktop/Airflow_pract/venv/lib/python3.9/site-packages/airflow/example_dags/example_branch_labels.py
[2025-04-20T21:32:14.724+0800] {processor.py:914} INFO - Processing file /mnt/c/Users/wu_li/OneDrive/Desktop/Airflow_pract/venv/lib/python3.9/site-packages/airflow/example_dags/example_branch_labels.py for tasks to queue
[2025-04-20T21:32:14.728+0800] {logging_mixin.py:190} INFO - [2025-04-20T21:32:14.726+0800] {dagbag.py:588} INFO - Filling up the DagBag from /mnt/c/Users/wu_li/OneDrive/Desktop/Airflow_pract/venv/lib/python3.9/site-packages/airflow/example_dags/example_branch_labels.py
[2025-04-20T21:32:14.760+0800] {processor.py:925} INFO - DAG(s) 'example_branch_labels' retrieved from /mnt/c/Users/wu_li/OneDrive/Desktop/Airflow_pract/venv/lib/python3.9/site-packages/airflow/example_dags/example_branch_labels.py
[2025-04-20T21:32:14.793+0800] {logging_mixin.py:190} INFO - [2025-04-20T21:32:14.792+0800] {dag.py:3239} INFO - Sync 1 DAGs
[2025-04-20T21:32:14.816+0800] {logging_mixin.py:190} INFO - [2025-04-20T21:32:14.815+0800] {dag.py:4180} INFO - Setting next_dagrun for example_branch_labels to 2025-04-19 00:00:00+00:00, run_after=2025-04-20 00:00:00+00:00
[2025-04-20T21:32:14.874+0800] {processor.py:208} INFO - Processing /mnt/c/Users/wu_li/OneDrive/Desktop/Airflow_pract/venv/lib/python3.9/site-packages/airflow/example_dags/example_branch_labels.py took 0.165 seconds
[2025-04-20T21:33:42.569+0800] {processor.py:186} INFO - Started process (PID=114257) to work on /mnt/c/Users/wu_li/OneDrive/Desktop/Airflow_pract/venv/lib/python3.9/site-packages/airflow/example_dags/example_branch_labels.py
[2025-04-20T21:33:42.574+0800] {processor.py:914} INFO - Processing file /mnt/c/Users/wu_li/OneDrive/Desktop/Airflow_pract/venv/lib/python3.9/site-packages/airflow/example_dags/example_branch_labels.py for tasks to queue
[2025-04-20T21:33:42.578+0800] {logging_mixin.py:190} INFO - [2025-04-20T21:33:42.576+0800] {dagbag.py:588} INFO - Filling up the DagBag from /mnt/c/Users/wu_li/OneDrive/Desktop/Airflow_pract/venv/lib/python3.9/site-packages/airflow/example_dags/example_branch_labels.py
[2025-04-20T21:33:42.622+0800] {processor.py:925} INFO - DAG(s) 'example_branch_labels' retrieved from /mnt/c/Users/wu_li/OneDrive/Desktop/Airflow_pract/venv/lib/python3.9/site-packages/airflow/example_dags/example_branch_labels.py
[2025-04-20T21:33:42.670+0800] {logging_mixin.py:190} INFO - [2025-04-20T21:33:42.669+0800] {dag.py:3239} INFO - Sync 1 DAGs
[2025-04-20T21:33:42.739+0800] {logging_mixin.py:190} INFO - [2025-04-20T21:33:42.737+0800] {dag.py:4180} INFO - Setting next_dagrun for example_branch_labels to 2025-04-19 00:00:00+00:00, run_after=2025-04-20 00:00:00+00:00
[2025-04-20T21:33:42.824+0800] {processor.py:208} INFO - Processing /mnt/c/Users/wu_li/OneDrive/Desktop/Airflow_pract/venv/lib/python3.9/site-packages/airflow/example_dags/example_branch_labels.py took 0.272 seconds
[2025-04-20T21:35:19.860+0800] {processor.py:186} INFO - Started process (PID=115409) to work on /mnt/c/Users/wu_li/OneDrive/Desktop/Airflow_pract/venv/lib/python3.9/site-packages/airflow/example_dags/example_branch_labels.py
[2025-04-20T21:35:19.863+0800] {processor.py:914} INFO - Processing file /mnt/c/Users/wu_li/OneDrive/Desktop/Airflow_pract/venv/lib/python3.9/site-packages/airflow/example_dags/example_branch_labels.py for tasks to queue
[2025-04-20T21:35:19.867+0800] {logging_mixin.py:190} INFO - [2025-04-20T21:35:19.865+0800] {dagbag.py:588} INFO - Filling up the DagBag from /mnt/c/Users/wu_li/OneDrive/Desktop/Airflow_pract/venv/lib/python3.9/site-packages/airflow/example_dags/example_branch_labels.py
[2025-04-20T21:35:19.914+0800] {processor.py:925} INFO - DAG(s) 'example_branch_labels' retrieved from /mnt/c/Users/wu_li/OneDrive/Desktop/Airflow_pract/venv/lib/python3.9/site-packages/airflow/example_dags/example_branch_labels.py
[2025-04-20T21:35:19.963+0800] {logging_mixin.py:190} INFO - [2025-04-20T21:35:19.962+0800] {dag.py:3239} INFO - Sync 1 DAGs
[2025-04-20T21:35:20.024+0800] {logging_mixin.py:190} INFO - [2025-04-20T21:35:20.020+0800] {dag.py:4180} INFO - Setting next_dagrun for example_branch_labels to 2025-04-19 00:00:00+00:00, run_after=2025-04-20 00:00:00+00:00
[2025-04-20T21:35:20.105+0800] {processor.py:208} INFO - Processing /mnt/c/Users/wu_li/OneDrive/Desktop/Airflow_pract/venv/lib/python3.9/site-packages/airflow/example_dags/example_branch_labels.py took 0.266 seconds
[2025-04-20T21:36:58.198+0800] {processor.py:186} INFO - Started process (PID=116564) to work on /mnt/c/Users/wu_li/OneDrive/Desktop/Airflow_pract/venv/lib/python3.9/site-packages/airflow/example_dags/example_branch_labels.py
[2025-04-20T21:36:58.200+0800] {processor.py:914} INFO - Processing file /mnt/c/Users/wu_li/OneDrive/Desktop/Airflow_pract/venv/lib/python3.9/site-packages/airflow/example_dags/example_branch_labels.py for tasks to queue
[2025-04-20T21:36:58.205+0800] {logging_mixin.py:190} INFO - [2025-04-20T21:36:58.204+0800] {dagbag.py:588} INFO - Filling up the DagBag from /mnt/c/Users/wu_li/OneDrive/Desktop/Airflow_pract/venv/lib/python3.9/site-packages/airflow/example_dags/example_branch_labels.py
[2025-04-20T21:36:58.245+0800] {processor.py:925} INFO - DAG(s) 'example_branch_labels' retrieved from /mnt/c/Users/wu_li/OneDrive/Desktop/Airflow_pract/venv/lib/python3.9/site-packages/airflow/example_dags/example_branch_labels.py
[2025-04-20T21:36:58.293+0800] {logging_mixin.py:190} INFO - [2025-04-20T21:36:58.292+0800] {dag.py:3239} INFO - Sync 1 DAGs
[2025-04-20T21:36:58.353+0800] {logging_mixin.py:190} INFO - [2025-04-20T21:36:58.349+0800] {dag.py:4180} INFO - Setting next_dagrun for example_branch_labels to 2025-04-19 00:00:00+00:00, run_after=2025-04-20 00:00:00+00:00
[2025-04-20T21:36:58.477+0800] {processor.py:208} INFO - Processing /mnt/c/Users/wu_li/OneDrive/Desktop/Airflow_pract/venv/lib/python3.9/site-packages/airflow/example_dags/example_branch_labels.py took 0.297 seconds
[2025-04-20T21:38:47.806+0800] {processor.py:186} INFO - Started process (PID=117543) to work on /mnt/c/Users/wu_li/OneDrive/Desktop/Airflow_pract/venv/lib/python3.9/site-packages/airflow/example_dags/example_branch_labels.py
[2025-04-20T21:38:47.807+0800] {processor.py:914} INFO - Processing file /mnt/c/Users/wu_li/OneDrive/Desktop/Airflow_pract/venv/lib/python3.9/site-packages/airflow/example_dags/example_branch_labels.py for tasks to queue
[2025-04-20T21:38:47.810+0800] {logging_mixin.py:190} INFO - [2025-04-20T21:38:47.809+0800] {dagbag.py:588} INFO - Filling up the DagBag from /mnt/c/Users/wu_li/OneDrive/Desktop/Airflow_pract/venv/lib/python3.9/site-packages/airflow/example_dags/example_branch_labels.py
[2025-04-20T21:38:47.840+0800] {processor.py:925} INFO - DAG(s) 'example_branch_labels' retrieved from /mnt/c/Users/wu_li/OneDrive/Desktop/Airflow_pract/venv/lib/python3.9/site-packages/airflow/example_dags/example_branch_labels.py
[2025-04-20T21:38:48.001+0800] {logging_mixin.py:190} INFO - [2025-04-20T21:38:48.000+0800] {dag.py:3239} INFO - Sync 1 DAGs
[2025-04-20T21:38:48.026+0800] {logging_mixin.py:190} INFO - [2025-04-20T21:38:48.025+0800] {dag.py:4180} INFO - Setting next_dagrun for example_branch_labels to 2025-04-19 00:00:00+00:00, run_after=2025-04-20 00:00:00+00:00
[2025-04-20T21:38:48.082+0800] {processor.py:208} INFO - Processing /mnt/c/Users/wu_li/OneDrive/Desktop/Airflow_pract/venv/lib/python3.9/site-packages/airflow/example_dags/example_branch_labels.py took 0.290 seconds
[2025-04-20T21:40:16.489+0800] {processor.py:186} INFO - Started process (PID=118425) to work on /mnt/c/Users/wu_li/OneDrive/Desktop/Airflow_pract/venv/lib/python3.9/site-packages/airflow/example_dags/example_branch_labels.py
[2025-04-20T21:40:16.491+0800] {processor.py:914} INFO - Processing file /mnt/c/Users/wu_li/OneDrive/Desktop/Airflow_pract/venv/lib/python3.9/site-packages/airflow/example_dags/example_branch_labels.py for tasks to queue
[2025-04-20T21:40:16.494+0800] {logging_mixin.py:190} INFO - [2025-04-20T21:40:16.493+0800] {dagbag.py:588} INFO - Filling up the DagBag from /mnt/c/Users/wu_li/OneDrive/Desktop/Airflow_pract/venv/lib/python3.9/site-packages/airflow/example_dags/example_branch_labels.py
[2025-04-20T21:40:16.524+0800] {processor.py:925} INFO - DAG(s) 'example_branch_labels' retrieved from /mnt/c/Users/wu_li/OneDrive/Desktop/Airflow_pract/venv/lib/python3.9/site-packages/airflow/example_dags/example_branch_labels.py
[2025-04-20T21:40:16.567+0800] {logging_mixin.py:190} INFO - [2025-04-20T21:40:16.566+0800] {dag.py:3239} INFO - Sync 1 DAGs
[2025-04-20T21:40:16.615+0800] {logging_mixin.py:190} INFO - [2025-04-20T21:40:16.612+0800] {dag.py:4180} INFO - Setting next_dagrun for example_branch_labels to 2025-04-19 00:00:00+00:00, run_after=2025-04-20 00:00:00+00:00
[2025-04-20T21:40:16.684+0800] {processor.py:208} INFO - Processing /mnt/c/Users/wu_li/OneDrive/Desktop/Airflow_pract/venv/lib/python3.9/site-packages/airflow/example_dags/example_branch_labels.py took 0.210 seconds
[2025-04-20T21:41:43.181+0800] {processor.py:186} INFO - Started process (PID=119533) to work on /mnt/c/Users/wu_li/OneDrive/Desktop/Airflow_pract/venv/lib/python3.9/site-packages/airflow/example_dags/example_branch_labels.py
[2025-04-20T21:41:43.184+0800] {processor.py:914} INFO - Processing file /mnt/c/Users/wu_li/OneDrive/Desktop/Airflow_pract/venv/lib/python3.9/site-packages/airflow/example_dags/example_branch_labels.py for tasks to queue
[2025-04-20T21:41:43.188+0800] {logging_mixin.py:190} INFO - [2025-04-20T21:41:43.187+0800] {dagbag.py:588} INFO - Filling up the DagBag from /mnt/c/Users/wu_li/OneDrive/Desktop/Airflow_pract/venv/lib/python3.9/site-packages/airflow/example_dags/example_branch_labels.py
[2025-04-20T21:41:43.233+0800] {processor.py:925} INFO - DAG(s) 'example_branch_labels' retrieved from /mnt/c/Users/wu_li/OneDrive/Desktop/Airflow_pract/venv/lib/python3.9/site-packages/airflow/example_dags/example_branch_labels.py
[2025-04-20T21:41:43.289+0800] {logging_mixin.py:190} INFO - [2025-04-20T21:41:43.287+0800] {dag.py:3239} INFO - Sync 1 DAGs
[2025-04-20T21:41:43.392+0800] {logging_mixin.py:190} INFO - [2025-04-20T21:41:43.384+0800] {dag.py:4180} INFO - Setting next_dagrun for example_branch_labels to 2025-04-19 00:00:00+00:00, run_after=2025-04-20 00:00:00+00:00
[2025-04-20T21:41:43.520+0800] {processor.py:208} INFO - Processing /mnt/c/Users/wu_li/OneDrive/Desktop/Airflow_pract/venv/lib/python3.9/site-packages/airflow/example_dags/example_branch_labels.py took 0.360 seconds
[2025-04-20T21:43:21.569+0800] {processor.py:186} INFO - Started process (PID=120370) to work on /mnt/c/Users/wu_li/OneDrive/Desktop/Airflow_pract/venv/lib/python3.9/site-packages/airflow/example_dags/example_branch_labels.py
[2025-04-20T21:43:21.572+0800] {processor.py:914} INFO - Processing file /mnt/c/Users/wu_li/OneDrive/Desktop/Airflow_pract/venv/lib/python3.9/site-packages/airflow/example_dags/example_branch_labels.py for tasks to queue
[2025-04-20T21:43:21.576+0800] {logging_mixin.py:190} INFO - [2025-04-20T21:43:21.574+0800] {dagbag.py:588} INFO - Filling up the DagBag from /mnt/c/Users/wu_li/OneDrive/Desktop/Airflow_pract/venv/lib/python3.9/site-packages/airflow/example_dags/example_branch_labels.py
[2025-04-20T21:43:21.642+0800] {processor.py:925} INFO - DAG(s) 'example_branch_labels' retrieved from /mnt/c/Users/wu_li/OneDrive/Desktop/Airflow_pract/venv/lib/python3.9/site-packages/airflow/example_dags/example_branch_labels.py
[2025-04-20T21:43:21.720+0800] {logging_mixin.py:190} INFO - [2025-04-20T21:43:21.714+0800] {dag.py:3239} INFO - Sync 1 DAGs
[2025-04-20T21:43:21.806+0800] {logging_mixin.py:190} INFO - [2025-04-20T21:43:21.801+0800] {dag.py:4180} INFO - Setting next_dagrun for example_branch_labels to 2025-04-19 00:00:00+00:00, run_after=2025-04-20 00:00:00+00:00
[2025-04-20T21:43:21.951+0800] {processor.py:208} INFO - Processing /mnt/c/Users/wu_li/OneDrive/Desktop/Airflow_pract/venv/lib/python3.9/site-packages/airflow/example_dags/example_branch_labels.py took 0.408 seconds
[2025-04-20T21:44:55.045+0800] {processor.py:186} INFO - Started process (PID=121330) to work on /mnt/c/Users/wu_li/OneDrive/Desktop/Airflow_pract/venv/lib/python3.9/site-packages/airflow/example_dags/example_branch_labels.py
[2025-04-20T21:44:55.047+0800] {processor.py:914} INFO - Processing file /mnt/c/Users/wu_li/OneDrive/Desktop/Airflow_pract/venv/lib/python3.9/site-packages/airflow/example_dags/example_branch_labels.py for tasks to queue
[2025-04-20T21:44:55.053+0800] {logging_mixin.py:190} INFO - [2025-04-20T21:44:55.050+0800] {dagbag.py:588} INFO - Filling up the DagBag from /mnt/c/Users/wu_li/OneDrive/Desktop/Airflow_pract/venv/lib/python3.9/site-packages/airflow/example_dags/example_branch_labels.py
[2025-04-20T21:44:55.111+0800] {processor.py:925} INFO - DAG(s) 'example_branch_labels' retrieved from /mnt/c/Users/wu_li/OneDrive/Desktop/Airflow_pract/venv/lib/python3.9/site-packages/airflow/example_dags/example_branch_labels.py
[2025-04-20T21:44:55.154+0800] {logging_mixin.py:190} INFO - [2025-04-20T21:44:55.153+0800] {dag.py:3239} INFO - Sync 1 DAGs
[2025-04-20T21:44:55.214+0800] {logging_mixin.py:190} INFO - [2025-04-20T21:44:55.206+0800] {dag.py:4180} INFO - Setting next_dagrun for example_branch_labels to 2025-04-19 00:00:00+00:00, run_after=2025-04-20 00:00:00+00:00
[2025-04-20T21:44:55.332+0800] {processor.py:208} INFO - Processing /mnt/c/Users/wu_li/OneDrive/Desktop/Airflow_pract/venv/lib/python3.9/site-packages/airflow/example_dags/example_branch_labels.py took 0.313 seconds
[2025-04-20T21:46:32.028+0800] {processor.py:186} INFO - Started process (PID=122215) to work on /mnt/c/Users/wu_li/OneDrive/Desktop/Airflow_pract/venv/lib/python3.9/site-packages/airflow/example_dags/example_branch_labels.py
[2025-04-20T21:46:32.030+0800] {processor.py:914} INFO - Processing file /mnt/c/Users/wu_li/OneDrive/Desktop/Airflow_pract/venv/lib/python3.9/site-packages/airflow/example_dags/example_branch_labels.py for tasks to queue
[2025-04-20T21:46:32.033+0800] {logging_mixin.py:190} INFO - [2025-04-20T21:46:32.032+0800] {dagbag.py:588} INFO - Filling up the DagBag from /mnt/c/Users/wu_li/OneDrive/Desktop/Airflow_pract/venv/lib/python3.9/site-packages/airflow/example_dags/example_branch_labels.py
[2025-04-20T21:46:32.070+0800] {processor.py:925} INFO - DAG(s) 'example_branch_labels' retrieved from /mnt/c/Users/wu_li/OneDrive/Desktop/Airflow_pract/venv/lib/python3.9/site-packages/airflow/example_dags/example_branch_labels.py
[2025-04-20T21:46:32.111+0800] {logging_mixin.py:190} INFO - [2025-04-20T21:46:32.110+0800] {dag.py:3239} INFO - Sync 1 DAGs
[2025-04-20T21:46:32.139+0800] {logging_mixin.py:190} INFO - [2025-04-20T21:46:32.138+0800] {dag.py:4180} INFO - Setting next_dagrun for example_branch_labels to 2025-04-19 00:00:00+00:00, run_after=2025-04-20 00:00:00+00:00
[2025-04-20T21:46:32.204+0800] {processor.py:208} INFO - Processing /mnt/c/Users/wu_li/OneDrive/Desktop/Airflow_pract/venv/lib/python3.9/site-packages/airflow/example_dags/example_branch_labels.py took 0.191 seconds
[2025-04-20T21:48:26.592+0800] {processor.py:186} INFO - Started process (PID=123161) to work on /mnt/c/Users/wu_li/OneDrive/Desktop/Airflow_pract/venv/lib/python3.9/site-packages/airflow/example_dags/example_branch_labels.py
[2025-04-20T21:48:26.594+0800] {processor.py:914} INFO - Processing file /mnt/c/Users/wu_li/OneDrive/Desktop/Airflow_pract/venv/lib/python3.9/site-packages/airflow/example_dags/example_branch_labels.py for tasks to queue
[2025-04-20T21:48:26.596+0800] {logging_mixin.py:190} INFO - [2025-04-20T21:48:26.595+0800] {dagbag.py:588} INFO - Filling up the DagBag from /mnt/c/Users/wu_li/OneDrive/Desktop/Airflow_pract/venv/lib/python3.9/site-packages/airflow/example_dags/example_branch_labels.py
[2025-04-20T21:48:26.622+0800] {processor.py:925} INFO - DAG(s) 'example_branch_labels' retrieved from /mnt/c/Users/wu_li/OneDrive/Desktop/Airflow_pract/venv/lib/python3.9/site-packages/airflow/example_dags/example_branch_labels.py
[2025-04-20T21:48:26.658+0800] {logging_mixin.py:190} INFO - [2025-04-20T21:48:26.657+0800] {dag.py:3239} INFO - Sync 1 DAGs
[2025-04-20T21:48:26.680+0800] {logging_mixin.py:190} INFO - [2025-04-20T21:48:26.679+0800] {dag.py:4180} INFO - Setting next_dagrun for example_branch_labels to 2025-04-19 00:00:00+00:00, run_after=2025-04-20 00:00:00+00:00
[2025-04-20T21:48:26.744+0800] {processor.py:208} INFO - Processing /mnt/c/Users/wu_li/OneDrive/Desktop/Airflow_pract/venv/lib/python3.9/site-packages/airflow/example_dags/example_branch_labels.py took 0.163 seconds
[2025-04-20T21:50:00.981+0800] {processor.py:186} INFO - Started process (PID=124093) to work on /mnt/c/Users/wu_li/OneDrive/Desktop/Airflow_pract/venv/lib/python3.9/site-packages/airflow/example_dags/example_branch_labels.py
[2025-04-20T21:50:00.991+0800] {processor.py:914} INFO - Processing file /mnt/c/Users/wu_li/OneDrive/Desktop/Airflow_pract/venv/lib/python3.9/site-packages/airflow/example_dags/example_branch_labels.py for tasks to queue
[2025-04-20T21:50:00.995+0800] {logging_mixin.py:190} INFO - [2025-04-20T21:50:00.994+0800] {dagbag.py:588} INFO - Filling up the DagBag from /mnt/c/Users/wu_li/OneDrive/Desktop/Airflow_pract/venv/lib/python3.9/site-packages/airflow/example_dags/example_branch_labels.py
[2025-04-20T21:50:01.147+0800] {processor.py:925} INFO - DAG(s) 'example_branch_labels' retrieved from /mnt/c/Users/wu_li/OneDrive/Desktop/Airflow_pract/venv/lib/python3.9/site-packages/airflow/example_dags/example_branch_labels.py
[2025-04-20T21:50:01.262+0800] {logging_mixin.py:190} INFO - [2025-04-20T21:50:01.256+0800] {dag.py:3239} INFO - Sync 1 DAGs
[2025-04-20T21:50:01.418+0800] {logging_mixin.py:190} INFO - [2025-04-20T21:50:01.392+0800] {dag.py:4180} INFO - Setting next_dagrun for example_branch_labels to 2025-04-19 00:00:00+00:00, run_after=2025-04-20 00:00:00+00:00
[2025-04-20T21:50:01.593+0800] {processor.py:208} INFO - Processing /mnt/c/Users/wu_li/OneDrive/Desktop/Airflow_pract/venv/lib/python3.9/site-packages/airflow/example_dags/example_branch_labels.py took 0.677 seconds
[2025-04-20T21:52:01.591+0800] {processor.py:186} INFO - Started process (PID=124891) to work on /mnt/c/Users/wu_li/OneDrive/Desktop/Airflow_pract/venv/lib/python3.9/site-packages/airflow/example_dags/example_branch_labels.py
[2025-04-20T21:52:01.598+0800] {processor.py:914} INFO - Processing file /mnt/c/Users/wu_li/OneDrive/Desktop/Airflow_pract/venv/lib/python3.9/site-packages/airflow/example_dags/example_branch_labels.py for tasks to queue
[2025-04-20T21:52:01.602+0800] {logging_mixin.py:190} INFO - [2025-04-20T21:52:01.601+0800] {dagbag.py:588} INFO - Filling up the DagBag from /mnt/c/Users/wu_li/OneDrive/Desktop/Airflow_pract/venv/lib/python3.9/site-packages/airflow/example_dags/example_branch_labels.py
[2025-04-20T21:52:01.666+0800] {processor.py:925} INFO - DAG(s) 'example_branch_labels' retrieved from /mnt/c/Users/wu_li/OneDrive/Desktop/Airflow_pract/venv/lib/python3.9/site-packages/airflow/example_dags/example_branch_labels.py
[2025-04-20T21:52:01.744+0800] {logging_mixin.py:190} INFO - [2025-04-20T21:52:01.741+0800] {dag.py:3239} INFO - Sync 1 DAGs
[2025-04-20T21:52:01.847+0800] {logging_mixin.py:190} INFO - [2025-04-20T21:52:01.839+0800] {dag.py:4180} INFO - Setting next_dagrun for example_branch_labels to 2025-04-19 00:00:00+00:00, run_after=2025-04-20 00:00:00+00:00
[2025-04-20T21:52:02.010+0800] {processor.py:208} INFO - Processing /mnt/c/Users/wu_li/OneDrive/Desktop/Airflow_pract/venv/lib/python3.9/site-packages/airflow/example_dags/example_branch_labels.py took 0.445 seconds
[2025-04-20T21:53:57.262+0800] {processor.py:186} INFO - Started process (PID=125761) to work on /mnt/c/Users/wu_li/OneDrive/Desktop/Airflow_pract/venv/lib/python3.9/site-packages/airflow/example_dags/example_branch_labels.py
[2025-04-20T21:53:57.270+0800] {processor.py:914} INFO - Processing file /mnt/c/Users/wu_li/OneDrive/Desktop/Airflow_pract/venv/lib/python3.9/site-packages/airflow/example_dags/example_branch_labels.py for tasks to queue
[2025-04-20T21:53:57.275+0800] {logging_mixin.py:190} INFO - [2025-04-20T21:53:57.273+0800] {dagbag.py:588} INFO - Filling up the DagBag from /mnt/c/Users/wu_li/OneDrive/Desktop/Airflow_pract/venv/lib/python3.9/site-packages/airflow/example_dags/example_branch_labels.py
[2025-04-20T21:53:57.321+0800] {processor.py:925} INFO - DAG(s) 'example_branch_labels' retrieved from /mnt/c/Users/wu_li/OneDrive/Desktop/Airflow_pract/venv/lib/python3.9/site-packages/airflow/example_dags/example_branch_labels.py
[2025-04-20T21:53:57.358+0800] {logging_mixin.py:190} INFO - [2025-04-20T21:53:57.357+0800] {dag.py:3239} INFO - Sync 1 DAGs
[2025-04-20T21:53:57.395+0800] {logging_mixin.py:190} INFO - [2025-04-20T21:53:57.394+0800] {dag.py:4180} INFO - Setting next_dagrun for example_branch_labels to 2025-04-19 00:00:00+00:00, run_after=2025-04-20 00:00:00+00:00
[2025-04-20T21:53:57.493+0800] {processor.py:208} INFO - Processing /mnt/c/Users/wu_li/OneDrive/Desktop/Airflow_pract/venv/lib/python3.9/site-packages/airflow/example_dags/example_branch_labels.py took 0.248 seconds
[2025-04-20T21:56:00.646+0800] {processor.py:186} INFO - Started process (PID=126778) to work on /mnt/c/Users/wu_li/OneDrive/Desktop/Airflow_pract/venv/lib/python3.9/site-packages/airflow/example_dags/example_branch_labels.py
[2025-04-20T21:56:00.648+0800] {processor.py:914} INFO - Processing file /mnt/c/Users/wu_li/OneDrive/Desktop/Airflow_pract/venv/lib/python3.9/site-packages/airflow/example_dags/example_branch_labels.py for tasks to queue
[2025-04-20T21:56:00.656+0800] {logging_mixin.py:190} INFO - [2025-04-20T21:56:00.655+0800] {dagbag.py:588} INFO - Filling up the DagBag from /mnt/c/Users/wu_li/OneDrive/Desktop/Airflow_pract/venv/lib/python3.9/site-packages/airflow/example_dags/example_branch_labels.py
[2025-04-20T21:56:00.709+0800] {processor.py:925} INFO - DAG(s) 'example_branch_labels' retrieved from /mnt/c/Users/wu_li/OneDrive/Desktop/Airflow_pract/venv/lib/python3.9/site-packages/airflow/example_dags/example_branch_labels.py
[2025-04-20T21:56:00.764+0800] {logging_mixin.py:190} INFO - [2025-04-20T21:56:00.762+0800] {dag.py:3239} INFO - Sync 1 DAGs
[2025-04-20T21:56:00.840+0800] {logging_mixin.py:190} INFO - [2025-04-20T21:56:00.839+0800] {dag.py:4180} INFO - Setting next_dagrun for example_branch_labels to 2025-04-19 00:00:00+00:00, run_after=2025-04-20 00:00:00+00:00
[2025-04-20T21:56:00.995+0800] {processor.py:208} INFO - Processing /mnt/c/Users/wu_li/OneDrive/Desktop/Airflow_pract/venv/lib/python3.9/site-packages/airflow/example_dags/example_branch_labels.py took 0.368 seconds
[2025-04-20T21:58:15.185+0800] {processor.py:186} INFO - Started process (PID=127512) to work on /mnt/c/Users/wu_li/OneDrive/Desktop/Airflow_pract/venv/lib/python3.9/site-packages/airflow/example_dags/example_branch_labels.py
[2025-04-20T21:58:15.189+0800] {processor.py:914} INFO - Processing file /mnt/c/Users/wu_li/OneDrive/Desktop/Airflow_pract/venv/lib/python3.9/site-packages/airflow/example_dags/example_branch_labels.py for tasks to queue
[2025-04-20T21:58:15.193+0800] {logging_mixin.py:190} INFO - [2025-04-20T21:58:15.192+0800] {dagbag.py:588} INFO - Filling up the DagBag from /mnt/c/Users/wu_li/OneDrive/Desktop/Airflow_pract/venv/lib/python3.9/site-packages/airflow/example_dags/example_branch_labels.py
[2025-04-20T21:58:15.277+0800] {processor.py:925} INFO - DAG(s) 'example_branch_labels' retrieved from /mnt/c/Users/wu_li/OneDrive/Desktop/Airflow_pract/venv/lib/python3.9/site-packages/airflow/example_dags/example_branch_labels.py
[2025-04-20T21:58:15.338+0800] {logging_mixin.py:190} INFO - [2025-04-20T21:58:15.337+0800] {dag.py:3239} INFO - Sync 1 DAGs
[2025-04-20T21:58:15.448+0800] {logging_mixin.py:190} INFO - [2025-04-20T21:58:15.447+0800] {dag.py:4180} INFO - Setting next_dagrun for example_branch_labels to 2025-04-19 00:00:00+00:00, run_after=2025-04-20 00:00:00+00:00
[2025-04-20T21:58:15.659+0800] {processor.py:208} INFO - Processing /mnt/c/Users/wu_li/OneDrive/Desktop/Airflow_pract/venv/lib/python3.9/site-packages/airflow/example_dags/example_branch_labels.py took 0.505 seconds
[2025-04-20T22:00:00.289+0800] {processor.py:186} INFO - Started process (PID=128532) to work on /mnt/c/Users/wu_li/OneDrive/Desktop/Airflow_pract/venv/lib/python3.9/site-packages/airflow/example_dags/example_branch_labels.py
[2025-04-20T22:00:00.291+0800] {processor.py:914} INFO - Processing file /mnt/c/Users/wu_li/OneDrive/Desktop/Airflow_pract/venv/lib/python3.9/site-packages/airflow/example_dags/example_branch_labels.py for tasks to queue
[2025-04-20T22:00:00.293+0800] {logging_mixin.py:190} INFO - [2025-04-20T22:00:00.292+0800] {dagbag.py:588} INFO - Filling up the DagBag from /mnt/c/Users/wu_li/OneDrive/Desktop/Airflow_pract/venv/lib/python3.9/site-packages/airflow/example_dags/example_branch_labels.py
[2025-04-20T22:00:00.327+0800] {processor.py:925} INFO - DAG(s) 'example_branch_labels' retrieved from /mnt/c/Users/wu_li/OneDrive/Desktop/Airflow_pract/venv/lib/python3.9/site-packages/airflow/example_dags/example_branch_labels.py
[2025-04-20T22:00:00.355+0800] {logging_mixin.py:190} INFO - [2025-04-20T22:00:00.354+0800] {dag.py:3239} INFO - Sync 1 DAGs
[2025-04-20T22:00:00.381+0800] {logging_mixin.py:190} INFO - [2025-04-20T22:00:00.380+0800] {dag.py:4180} INFO - Setting next_dagrun for example_branch_labels to 2025-04-19 00:00:00+00:00, run_after=2025-04-20 00:00:00+00:00
[2025-04-20T22:00:00.456+0800] {processor.py:208} INFO - Processing /mnt/c/Users/wu_li/OneDrive/Desktop/Airflow_pract/venv/lib/python3.9/site-packages/airflow/example_dags/example_branch_labels.py took 0.179 seconds
[2025-04-20T22:01:52.509+0800] {processor.py:186} INFO - Started process (PID=129401) to work on /mnt/c/Users/wu_li/OneDrive/Desktop/Airflow_pract/venv/lib/python3.9/site-packages/airflow/example_dags/example_branch_labels.py
[2025-04-20T22:01:52.511+0800] {processor.py:914} INFO - Processing file /mnt/c/Users/wu_li/OneDrive/Desktop/Airflow_pract/venv/lib/python3.9/site-packages/airflow/example_dags/example_branch_labels.py for tasks to queue
[2025-04-20T22:01:52.516+0800] {logging_mixin.py:190} INFO - [2025-04-20T22:01:52.513+0800] {dagbag.py:588} INFO - Filling up the DagBag from /mnt/c/Users/wu_li/OneDrive/Desktop/Airflow_pract/venv/lib/python3.9/site-packages/airflow/example_dags/example_branch_labels.py
[2025-04-20T22:01:52.556+0800] {processor.py:925} INFO - DAG(s) 'example_branch_labels' retrieved from /mnt/c/Users/wu_li/OneDrive/Desktop/Airflow_pract/venv/lib/python3.9/site-packages/airflow/example_dags/example_branch_labels.py
[2025-04-20T22:01:52.604+0800] {logging_mixin.py:190} INFO - [2025-04-20T22:01:52.599+0800] {dag.py:3239} INFO - Sync 1 DAGs
[2025-04-20T22:01:52.645+0800] {logging_mixin.py:190} INFO - [2025-04-20T22:01:52.643+0800] {dag.py:4180} INFO - Setting next_dagrun for example_branch_labels to 2025-04-19 00:00:00+00:00, run_after=2025-04-20 00:00:00+00:00
[2025-04-20T22:01:52.744+0800] {processor.py:208} INFO - Processing /mnt/c/Users/wu_li/OneDrive/Desktop/Airflow_pract/venv/lib/python3.9/site-packages/airflow/example_dags/example_branch_labels.py took 0.252 seconds
[2025-04-20T22:03:44.701+0800] {processor.py:186} INFO - Started process (PID=130270) to work on /mnt/c/Users/wu_li/OneDrive/Desktop/Airflow_pract/venv/lib/python3.9/site-packages/airflow/example_dags/example_branch_labels.py
[2025-04-20T22:03:44.706+0800] {processor.py:914} INFO - Processing file /mnt/c/Users/wu_li/OneDrive/Desktop/Airflow_pract/venv/lib/python3.9/site-packages/airflow/example_dags/example_branch_labels.py for tasks to queue
[2025-04-20T22:03:44.710+0800] {logging_mixin.py:190} INFO - [2025-04-20T22:03:44.709+0800] {dagbag.py:588} INFO - Filling up the DagBag from /mnt/c/Users/wu_li/OneDrive/Desktop/Airflow_pract/venv/lib/python3.9/site-packages/airflow/example_dags/example_branch_labels.py
[2025-04-20T22:03:44.757+0800] {processor.py:925} INFO - DAG(s) 'example_branch_labels' retrieved from /mnt/c/Users/wu_li/OneDrive/Desktop/Airflow_pract/venv/lib/python3.9/site-packages/airflow/example_dags/example_branch_labels.py
[2025-04-20T22:03:44.833+0800] {logging_mixin.py:190} INFO - [2025-04-20T22:03:44.832+0800] {dag.py:3239} INFO - Sync 1 DAGs
[2025-04-20T22:03:44.891+0800] {logging_mixin.py:190} INFO - [2025-04-20T22:03:44.884+0800] {dag.py:4180} INFO - Setting next_dagrun for example_branch_labels to 2025-04-19 00:00:00+00:00, run_after=2025-04-20 00:00:00+00:00
[2025-04-20T22:03:44.996+0800] {processor.py:208} INFO - Processing /mnt/c/Users/wu_li/OneDrive/Desktop/Airflow_pract/venv/lib/python3.9/site-packages/airflow/example_dags/example_branch_labels.py took 0.313 seconds
[2025-04-20T22:05:38.463+0800] {processor.py:186} INFO - Started process (PID=131067) to work on /mnt/c/Users/wu_li/OneDrive/Desktop/Airflow_pract/venv/lib/python3.9/site-packages/airflow/example_dags/example_branch_labels.py
[2025-04-20T22:05:38.466+0800] {processor.py:914} INFO - Processing file /mnt/c/Users/wu_li/OneDrive/Desktop/Airflow_pract/venv/lib/python3.9/site-packages/airflow/example_dags/example_branch_labels.py for tasks to queue
[2025-04-20T22:05:38.472+0800] {logging_mixin.py:190} INFO - [2025-04-20T22:05:38.469+0800] {dagbag.py:588} INFO - Filling up the DagBag from /mnt/c/Users/wu_li/OneDrive/Desktop/Airflow_pract/venv/lib/python3.9/site-packages/airflow/example_dags/example_branch_labels.py
[2025-04-20T22:05:38.523+0800] {processor.py:925} INFO - DAG(s) 'example_branch_labels' retrieved from /mnt/c/Users/wu_li/OneDrive/Desktop/Airflow_pract/venv/lib/python3.9/site-packages/airflow/example_dags/example_branch_labels.py
[2025-04-20T22:05:38.591+0800] {logging_mixin.py:190} INFO - [2025-04-20T22:05:38.590+0800] {dag.py:3239} INFO - Sync 1 DAGs
[2025-04-20T22:05:38.669+0800] {logging_mixin.py:190} INFO - [2025-04-20T22:05:38.666+0800] {dag.py:4180} INFO - Setting next_dagrun for example_branch_labels to 2025-04-19 00:00:00+00:00, run_after=2025-04-20 00:00:00+00:00
[2025-04-20T22:05:38.764+0800] {processor.py:208} INFO - Processing /mnt/c/Users/wu_li/OneDrive/Desktop/Airflow_pract/venv/lib/python3.9/site-packages/airflow/example_dags/example_branch_labels.py took 0.321 seconds
