[2025-04-20T20:11:13.486+0800] {processor.py:186} INFO - Started process (PID=63297) to work on /mnt/c/Users/wu_li/OneDrive/Desktop/Airflow_pract/venv/lib/python3.9/site-packages/airflow/example_dags/example_sla_dag.py
[2025-04-20T20:11:13.488+0800] {processor.py:914} INFO - Processing file /mnt/c/Users/wu_li/OneDrive/Desktop/Airflow_pract/venv/lib/python3.9/site-packages/airflow/example_dags/example_sla_dag.py for tasks to queue
[2025-04-20T20:11:13.492+0800] {logging_mixin.py:190} INFO - [2025-04-20T20:11:13.490+0800] {dagbag.py:588} INFO - Filling up the DagBag from /mnt/c/Users/wu_li/OneDrive/Desktop/Airflow_pract/venv/lib/python3.9/site-packages/airflow/example_dags/example_sla_dag.py
[2025-04-20T20:11:13.577+0800] {processor.py:925} INFO - DAG(s) 'example_sla_dag' retrieved from /mnt/c/Users/wu_li/OneDrive/Desktop/Airflow_pract/venv/lib/python3.9/site-packages/airflow/example_dags/example_sla_dag.py
[2025-04-20T20:11:15.211+0800] {logging_mixin.py:190} INFO - [2025-04-20T20:11:15.209+0800] {override.py:1912} INFO - Created Permission View: can delete on DAG:example_sla_dag
[2025-04-20T20:11:15.264+0800] {logging_mixin.py:190} INFO - [2025-04-20T20:11:15.263+0800] {override.py:1912} INFO - Created Permission View: can read on DAG:example_sla_dag
[2025-04-20T20:11:15.329+0800] {logging_mixin.py:190} INFO - [2025-04-20T20:11:15.326+0800] {override.py:1912} INFO - Created Permission View: can edit on DAG:example_sla_dag
[2025-04-20T20:11:15.398+0800] {logging_mixin.py:190} INFO - [2025-04-20T20:11:15.397+0800] {override.py:1912} INFO - Created Permission View: can delete on DAG Run:example_sla_dag
[2025-04-20T20:11:15.447+0800] {logging_mixin.py:190} INFO - [2025-04-20T20:11:15.445+0800] {override.py:1912} INFO - Created Permission View: can read on DAG Run:example_sla_dag
[2025-04-20T20:11:15.491+0800] {logging_mixin.py:190} INFO - [2025-04-20T20:11:15.487+0800] {override.py:1912} INFO - Created Permission View: can create on DAG Run:example_sla_dag
[2025-04-20T20:11:15.534+0800] {logging_mixin.py:190} INFO - [2025-04-20T20:11:15.533+0800] {override.py:1912} INFO - Created Permission View: menu access on DAG Run:example_sla_dag
[2025-04-20T20:11:15.536+0800] {logging_mixin.py:190} INFO - [2025-04-20T20:11:15.535+0800] {dag.py:3239} INFO - Sync 1 DAGs
[2025-04-20T20:11:15.568+0800] {logging_mixin.py:190} INFO - [2025-04-20T20:11:15.567+0800] {dag.py:3262} INFO - Creating ORM DAG for example_sla_dag
[2025-04-20T20:11:15.618+0800] {logging_mixin.py:190} INFO - [2025-04-20T20:11:15.617+0800] {dag.py:4180} INFO - Setting next_dagrun for example_sla_dag to 2025-04-20 12:08:00+00:00, run_after=2025-04-20 12:10:00+00:00
[2025-04-20T20:11:15.708+0800] {processor.py:208} INFO - Processing /mnt/c/Users/wu_li/OneDrive/Desktop/Airflow_pract/venv/lib/python3.9/site-packages/airflow/example_dags/example_sla_dag.py took 2.239 seconds
[2025-04-20T20:17:17.079+0800] {processor.py:186} INFO - Started process (PID=67694) to work on /mnt/c/Users/wu_li/OneDrive/Desktop/Airflow_pract/venv/lib/python3.9/site-packages/airflow/example_dags/example_sla_dag.py
[2025-04-20T20:17:17.081+0800] {processor.py:914} INFO - Processing file /mnt/c/Users/wu_li/OneDrive/Desktop/Airflow_pract/venv/lib/python3.9/site-packages/airflow/example_dags/example_sla_dag.py for tasks to queue
[2025-04-20T20:17:17.088+0800] {logging_mixin.py:190} INFO - [2025-04-20T20:17:17.084+0800] {dagbag.py:588} INFO - Filling up the DagBag from /mnt/c/Users/wu_li/OneDrive/Desktop/Airflow_pract/venv/lib/python3.9/site-packages/airflow/example_dags/example_sla_dag.py
[2025-04-20T20:17:17.168+0800] {processor.py:925} INFO - DAG(s) 'example_sla_dag' retrieved from /mnt/c/Users/wu_li/OneDrive/Desktop/Airflow_pract/venv/lib/python3.9/site-packages/airflow/example_dags/example_sla_dag.py
[2025-04-20T20:17:17.211+0800] {logging_mixin.py:190} INFO - [2025-04-20T20:17:17.210+0800] {dag.py:3239} INFO - Sync 1 DAGs
[2025-04-20T20:17:17.531+0800] {logging_mixin.py:190} INFO - [2025-04-20T20:17:17.530+0800] {dag.py:4180} INFO - Setting next_dagrun for example_sla_dag to 2025-04-20 12:14:00+00:00, run_after=2025-04-20 12:16:00+00:00
[2025-04-20T20:17:17.630+0800] {processor.py:208} INFO - Processing /mnt/c/Users/wu_li/OneDrive/Desktop/Airflow_pract/venv/lib/python3.9/site-packages/airflow/example_dags/example_sla_dag.py took 0.566 seconds
[2025-04-20T20:18:40.001+0800] {processor.py:186} INFO - Started process (PID=68748) to work on /mnt/c/Users/wu_li/OneDrive/Desktop/Airflow_pract/venv/lib/python3.9/site-packages/airflow/example_dags/example_sla_dag.py
[2025-04-20T20:18:40.004+0800] {processor.py:914} INFO - Processing file /mnt/c/Users/wu_li/OneDrive/Desktop/Airflow_pract/venv/lib/python3.9/site-packages/airflow/example_dags/example_sla_dag.py for tasks to queue
[2025-04-20T20:18:40.007+0800] {logging_mixin.py:190} INFO - [2025-04-20T20:18:40.006+0800] {dagbag.py:588} INFO - Filling up the DagBag from /mnt/c/Users/wu_li/OneDrive/Desktop/Airflow_pract/venv/lib/python3.9/site-packages/airflow/example_dags/example_sla_dag.py
[2025-04-20T20:18:40.088+0800] {processor.py:925} INFO - DAG(s) 'example_sla_dag' retrieved from /mnt/c/Users/wu_li/OneDrive/Desktop/Airflow_pract/venv/lib/python3.9/site-packages/airflow/example_dags/example_sla_dag.py
[2025-04-20T20:18:40.117+0800] {logging_mixin.py:190} INFO - [2025-04-20T20:18:40.116+0800] {dag.py:3239} INFO - Sync 1 DAGs
[2025-04-20T20:18:40.155+0800] {logging_mixin.py:190} INFO - [2025-04-20T20:18:40.154+0800] {dag.py:4180} INFO - Setting next_dagrun for example_sla_dag to 2025-04-20 12:16:00+00:00, run_after=2025-04-20 12:18:00+00:00
[2025-04-20T20:18:40.214+0800] {processor.py:208} INFO - Processing /mnt/c/Users/wu_li/OneDrive/Desktop/Airflow_pract/venv/lib/python3.9/site-packages/airflow/example_dags/example_sla_dag.py took 0.233 seconds
[2025-04-20T20:20:20.885+0800] {processor.py:186} INFO - Started process (PID=69909) to work on /mnt/c/Users/wu_li/OneDrive/Desktop/Airflow_pract/venv/lib/python3.9/site-packages/airflow/example_dags/example_sla_dag.py
[2025-04-20T20:20:21.004+0800] {processor.py:914} INFO - Processing file /mnt/c/Users/wu_li/OneDrive/Desktop/Airflow_pract/venv/lib/python3.9/site-packages/airflow/example_dags/example_sla_dag.py for tasks to queue
[2025-04-20T20:20:21.013+0800] {logging_mixin.py:190} INFO - [2025-04-20T20:20:21.008+0800] {dagbag.py:588} INFO - Filling up the DagBag from /mnt/c/Users/wu_li/OneDrive/Desktop/Airflow_pract/venv/lib/python3.9/site-packages/airflow/example_dags/example_sla_dag.py
[2025-04-20T20:20:21.424+0800] {processor.py:925} INFO - DAG(s) 'example_sla_dag' retrieved from /mnt/c/Users/wu_li/OneDrive/Desktop/Airflow_pract/venv/lib/python3.9/site-packages/airflow/example_dags/example_sla_dag.py
[2025-04-20T20:20:21.479+0800] {logging_mixin.py:190} INFO - [2025-04-20T20:20:21.478+0800] {dag.py:3239} INFO - Sync 1 DAGs
[2025-04-20T20:20:21.684+0800] {logging_mixin.py:190} INFO - [2025-04-20T20:20:21.683+0800] {dag.py:4180} INFO - Setting next_dagrun for example_sla_dag to 2025-04-20 12:18:00+00:00, run_after=2025-04-20 12:20:00+00:00
[2025-04-20T20:20:21.848+0800] {processor.py:208} INFO - Processing /mnt/c/Users/wu_li/OneDrive/Desktop/Airflow_pract/venv/lib/python3.9/site-packages/airflow/example_dags/example_sla_dag.py took 1.035 seconds
[2025-04-20T20:22:23.768+0800] {processor.py:186} INFO - Started process (PID=70724) to work on /mnt/c/Users/wu_li/OneDrive/Desktop/Airflow_pract/venv/lib/python3.9/site-packages/airflow/example_dags/example_sla_dag.py
[2025-04-20T20:22:23.772+0800] {processor.py:914} INFO - Processing file /mnt/c/Users/wu_li/OneDrive/Desktop/Airflow_pract/venv/lib/python3.9/site-packages/airflow/example_dags/example_sla_dag.py for tasks to queue
[2025-04-20T20:22:23.779+0800] {logging_mixin.py:190} INFO - [2025-04-20T20:22:23.777+0800] {dagbag.py:588} INFO - Filling up the DagBag from /mnt/c/Users/wu_li/OneDrive/Desktop/Airflow_pract/venv/lib/python3.9/site-packages/airflow/example_dags/example_sla_dag.py
[2025-04-20T20:22:23.903+0800] {processor.py:925} INFO - DAG(s) 'example_sla_dag' retrieved from /mnt/c/Users/wu_li/OneDrive/Desktop/Airflow_pract/venv/lib/python3.9/site-packages/airflow/example_dags/example_sla_dag.py
[2025-04-20T20:22:23.982+0800] {logging_mixin.py:190} INFO - [2025-04-20T20:22:23.975+0800] {dag.py:3239} INFO - Sync 1 DAGs
[2025-04-20T20:22:24.104+0800] {logging_mixin.py:190} INFO - [2025-04-20T20:22:24.103+0800] {dag.py:4180} INFO - Setting next_dagrun for example_sla_dag to 2025-04-20 12:20:00+00:00, run_after=2025-04-20 12:22:00+00:00
[2025-04-20T20:22:24.206+0800] {processor.py:208} INFO - Processing /mnt/c/Users/wu_li/OneDrive/Desktop/Airflow_pract/venv/lib/python3.9/site-packages/airflow/example_dags/example_sla_dag.py took 0.467 seconds
[2025-04-20T20:24:15.707+0800] {processor.py:186} INFO - Started process (PID=71747) to work on /mnt/c/Users/wu_li/OneDrive/Desktop/Airflow_pract/venv/lib/python3.9/site-packages/airflow/example_dags/example_sla_dag.py
[2025-04-20T20:24:15.725+0800] {processor.py:914} INFO - Processing file /mnt/c/Users/wu_li/OneDrive/Desktop/Airflow_pract/venv/lib/python3.9/site-packages/airflow/example_dags/example_sla_dag.py for tasks to queue
[2025-04-20T20:24:15.732+0800] {logging_mixin.py:190} INFO - [2025-04-20T20:24:15.729+0800] {dagbag.py:588} INFO - Filling up the DagBag from /mnt/c/Users/wu_li/OneDrive/Desktop/Airflow_pract/venv/lib/python3.9/site-packages/airflow/example_dags/example_sla_dag.py
[2025-04-20T20:24:15.893+0800] {processor.py:925} INFO - DAG(s) 'example_sla_dag' retrieved from /mnt/c/Users/wu_li/OneDrive/Desktop/Airflow_pract/venv/lib/python3.9/site-packages/airflow/example_dags/example_sla_dag.py
[2025-04-20T20:24:15.961+0800] {logging_mixin.py:190} INFO - [2025-04-20T20:24:15.959+0800] {dag.py:3239} INFO - Sync 1 DAGs
[2025-04-20T20:24:16.123+0800] {logging_mixin.py:190} INFO - [2025-04-20T20:24:16.122+0800] {dag.py:4180} INFO - Setting next_dagrun for example_sla_dag to 2025-04-20 12:22:00+00:00, run_after=2025-04-20 12:24:00+00:00
[2025-04-20T20:24:16.287+0800] {processor.py:208} INFO - Processing /mnt/c/Users/wu_li/OneDrive/Desktop/Airflow_pract/venv/lib/python3.9/site-packages/airflow/example_dags/example_sla_dag.py took 0.697 seconds
[2025-04-20T20:25:17.771+0800] {processor.py:186} INFO - Started process (PID=72234) to work on /mnt/c/Users/wu_li/OneDrive/Desktop/Airflow_pract/venv/lib/python3.9/site-packages/airflow/example_dags/example_sla_dag.py
[2025-04-20T20:25:17.773+0800] {processor.py:914} INFO - Processing file /mnt/c/Users/wu_li/OneDrive/Desktop/Airflow_pract/venv/lib/python3.9/site-packages/airflow/example_dags/example_sla_dag.py for tasks to queue
[2025-04-20T20:25:17.778+0800] {logging_mixin.py:190} INFO - [2025-04-20T20:25:17.776+0800] {dagbag.py:588} INFO - Filling up the DagBag from /mnt/c/Users/wu_li/OneDrive/Desktop/Airflow_pract/venv/lib/python3.9/site-packages/airflow/example_dags/example_sla_dag.py
[2025-04-20T20:25:17.843+0800] {processor.py:925} INFO - DAG(s) 'example_sla_dag' retrieved from /mnt/c/Users/wu_li/OneDrive/Desktop/Airflow_pract/venv/lib/python3.9/site-packages/airflow/example_dags/example_sla_dag.py
[2025-04-20T20:25:17.871+0800] {logging_mixin.py:190} INFO - [2025-04-20T20:25:17.870+0800] {dag.py:3239} INFO - Sync 1 DAGs
[2025-04-20T20:25:17.908+0800] {logging_mixin.py:190} INFO - [2025-04-20T20:25:17.907+0800] {dag.py:4180} INFO - Setting next_dagrun for example_sla_dag to 2025-04-20 12:22:00+00:00, run_after=2025-04-20 12:24:00+00:00
[2025-04-20T20:25:17.965+0800] {processor.py:208} INFO - Processing /mnt/c/Users/wu_li/OneDrive/Desktop/Airflow_pract/venv/lib/python3.9/site-packages/airflow/example_dags/example_sla_dag.py took 0.206 seconds
[2025-04-20T20:26:16.554+0800] {processor.py:186} INFO - Started process (PID=72632) to work on /mnt/c/Users/wu_li/OneDrive/Desktop/Airflow_pract/venv/lib/python3.9/site-packages/airflow/example_dags/example_sla_dag.py
[2025-04-20T20:26:16.556+0800] {processor.py:914} INFO - Processing file /mnt/c/Users/wu_li/OneDrive/Desktop/Airflow_pract/venv/lib/python3.9/site-packages/airflow/example_dags/example_sla_dag.py for tasks to queue
[2025-04-20T20:26:16.560+0800] {logging_mixin.py:190} INFO - [2025-04-20T20:26:16.558+0800] {dagbag.py:588} INFO - Filling up the DagBag from /mnt/c/Users/wu_li/OneDrive/Desktop/Airflow_pract/venv/lib/python3.9/site-packages/airflow/example_dags/example_sla_dag.py
[2025-04-20T20:26:16.652+0800] {processor.py:925} INFO - DAG(s) 'example_sla_dag' retrieved from /mnt/c/Users/wu_li/OneDrive/Desktop/Airflow_pract/venv/lib/python3.9/site-packages/airflow/example_dags/example_sla_dag.py
[2025-04-20T20:26:16.685+0800] {logging_mixin.py:190} INFO - [2025-04-20T20:26:16.683+0800] {dag.py:3239} INFO - Sync 1 DAGs
[2025-04-20T20:26:16.730+0800] {logging_mixin.py:190} INFO - [2025-04-20T20:26:16.729+0800] {dag.py:4180} INFO - Setting next_dagrun for example_sla_dag to 2025-04-20 12:24:00+00:00, run_after=2025-04-20 12:26:00+00:00
[2025-04-20T20:26:16.809+0800] {processor.py:208} INFO - Processing /mnt/c/Users/wu_li/OneDrive/Desktop/Airflow_pract/venv/lib/python3.9/site-packages/airflow/example_dags/example_sla_dag.py took 0.270 seconds
[2025-04-20T20:36:23.577+0800] {processor.py:186} INFO - Started process (PID=77103) to work on /mnt/c/Users/wu_li/OneDrive/Desktop/Airflow_pract/venv/lib/python3.9/site-packages/airflow/example_dags/example_sla_dag.py
[2025-04-20T20:36:23.579+0800] {processor.py:914} INFO - Processing file /mnt/c/Users/wu_li/OneDrive/Desktop/Airflow_pract/venv/lib/python3.9/site-packages/airflow/example_dags/example_sla_dag.py for tasks to queue
[2025-04-20T20:36:23.581+0800] {logging_mixin.py:190} INFO - [2025-04-20T20:36:23.580+0800] {dagbag.py:588} INFO - Filling up the DagBag from /mnt/c/Users/wu_li/OneDrive/Desktop/Airflow_pract/venv/lib/python3.9/site-packages/airflow/example_dags/example_sla_dag.py
[2025-04-20T20:36:23.612+0800] {processor.py:925} INFO - DAG(s) 'example_sla_dag' retrieved from /mnt/c/Users/wu_li/OneDrive/Desktop/Airflow_pract/venv/lib/python3.9/site-packages/airflow/example_dags/example_sla_dag.py
[2025-04-20T20:36:23.656+0800] {logging_mixin.py:190} INFO - [2025-04-20T20:36:23.652+0800] {dag.py:3239} INFO - Sync 1 DAGs
[2025-04-20T20:36:23.702+0800] {logging_mixin.py:190} INFO - [2025-04-20T20:36:23.701+0800] {dag.py:4180} INFO - Setting next_dagrun for example_sla_dag to 2025-04-20 12:34:00+00:00, run_after=2025-04-20 12:36:00+00:00
[2025-04-20T20:36:23.767+0800] {processor.py:208} INFO - Processing /mnt/c/Users/wu_li/OneDrive/Desktop/Airflow_pract/venv/lib/python3.9/site-packages/airflow/example_dags/example_sla_dag.py took 0.203 seconds
[2025-04-20T20:37:48.339+0800] {processor.py:186} INFO - Started process (PID=77882) to work on /mnt/c/Users/wu_li/OneDrive/Desktop/Airflow_pract/venv/lib/python3.9/site-packages/airflow/example_dags/example_sla_dag.py
[2025-04-20T20:37:48.340+0800] {processor.py:914} INFO - Processing file /mnt/c/Users/wu_li/OneDrive/Desktop/Airflow_pract/venv/lib/python3.9/site-packages/airflow/example_dags/example_sla_dag.py for tasks to queue
[2025-04-20T20:37:48.343+0800] {logging_mixin.py:190} INFO - [2025-04-20T20:37:48.342+0800] {dagbag.py:588} INFO - Filling up the DagBag from /mnt/c/Users/wu_li/OneDrive/Desktop/Airflow_pract/venv/lib/python3.9/site-packages/airflow/example_dags/example_sla_dag.py
[2025-04-20T20:37:48.371+0800] {processor.py:925} INFO - DAG(s) 'example_sla_dag' retrieved from /mnt/c/Users/wu_li/OneDrive/Desktop/Airflow_pract/venv/lib/python3.9/site-packages/airflow/example_dags/example_sla_dag.py
[2025-04-20T20:37:48.429+0800] {logging_mixin.py:190} INFO - [2025-04-20T20:37:48.423+0800] {dag.py:3239} INFO - Sync 1 DAGs
[2025-04-20T20:37:47.988+0800] {logging_mixin.py:190} INFO - [2025-04-20T20:37:47.987+0800] {dag.py:4180} INFO - Setting next_dagrun for example_sla_dag to 2025-04-20 12:34:00+00:00, run_after=2025-04-20 12:36:00+00:00
[2025-04-20T20:37:48.090+0800] {processor.py:208} INFO - Processing /mnt/c/Users/wu_li/OneDrive/Desktop/Airflow_pract/venv/lib/python3.9/site-packages/airflow/example_dags/example_sla_dag.py took 0.287 seconds
[2025-04-20T20:39:12.497+0800] {processor.py:186} INFO - Started process (PID=78963) to work on /mnt/c/Users/wu_li/OneDrive/Desktop/Airflow_pract/venv/lib/python3.9/site-packages/airflow/example_dags/example_sla_dag.py
[2025-04-20T20:39:12.498+0800] {processor.py:914} INFO - Processing file /mnt/c/Users/wu_li/OneDrive/Desktop/Airflow_pract/venv/lib/python3.9/site-packages/airflow/example_dags/example_sla_dag.py for tasks to queue
[2025-04-20T20:39:12.502+0800] {logging_mixin.py:190} INFO - [2025-04-20T20:39:12.501+0800] {dagbag.py:588} INFO - Filling up the DagBag from /mnt/c/Users/wu_li/OneDrive/Desktop/Airflow_pract/venv/lib/python3.9/site-packages/airflow/example_dags/example_sla_dag.py
[2025-04-20T20:39:12.528+0800] {processor.py:925} INFO - DAG(s) 'example_sla_dag' retrieved from /mnt/c/Users/wu_li/OneDrive/Desktop/Airflow_pract/venv/lib/python3.9/site-packages/airflow/example_dags/example_sla_dag.py
[2025-04-20T20:39:12.553+0800] {logging_mixin.py:190} INFO - [2025-04-20T20:39:12.552+0800] {dag.py:3239} INFO - Sync 1 DAGs
[2025-04-20T20:39:12.585+0800] {logging_mixin.py:190} INFO - [2025-04-20T20:39:12.584+0800] {dag.py:4180} INFO - Setting next_dagrun for example_sla_dag to 2025-04-20 12:36:00+00:00, run_after=2025-04-20 12:38:00+00:00
[2025-04-20T20:39:12.638+0800] {processor.py:208} INFO - Processing /mnt/c/Users/wu_li/OneDrive/Desktop/Airflow_pract/venv/lib/python3.9/site-packages/airflow/example_dags/example_sla_dag.py took 0.154 seconds
[2025-04-20T20:41:02.082+0800] {processor.py:186} INFO - Started process (PID=79904) to work on /mnt/c/Users/wu_li/OneDrive/Desktop/Airflow_pract/venv/lib/python3.9/site-packages/airflow/example_dags/example_sla_dag.py
[2025-04-20T20:41:02.083+0800] {processor.py:914} INFO - Processing file /mnt/c/Users/wu_li/OneDrive/Desktop/Airflow_pract/venv/lib/python3.9/site-packages/airflow/example_dags/example_sla_dag.py for tasks to queue
[2025-04-20T20:41:02.086+0800] {logging_mixin.py:190} INFO - [2025-04-20T20:41:02.085+0800] {dagbag.py:588} INFO - Filling up the DagBag from /mnt/c/Users/wu_li/OneDrive/Desktop/Airflow_pract/venv/lib/python3.9/site-packages/airflow/example_dags/example_sla_dag.py
[2025-04-20T20:41:02.116+0800] {processor.py:925} INFO - DAG(s) 'example_sla_dag' retrieved from /mnt/c/Users/wu_li/OneDrive/Desktop/Airflow_pract/venv/lib/python3.9/site-packages/airflow/example_dags/example_sla_dag.py
[2025-04-20T20:41:02.145+0800] {logging_mixin.py:190} INFO - [2025-04-20T20:41:02.144+0800] {dag.py:3239} INFO - Sync 1 DAGs
[2025-04-20T20:41:02.182+0800] {logging_mixin.py:190} INFO - [2025-04-20T20:41:02.181+0800] {dag.py:4180} INFO - Setting next_dagrun for example_sla_dag to 2025-04-20 12:38:00+00:00, run_after=2025-04-20 12:40:00+00:00
[2025-04-20T20:41:02.281+0800] {processor.py:208} INFO - Processing /mnt/c/Users/wu_li/OneDrive/Desktop/Airflow_pract/venv/lib/python3.9/site-packages/airflow/example_dags/example_sla_dag.py took 0.212 seconds
[2025-04-20T20:42:02.353+0800] {processor.py:186} INFO - Started process (PID=80380) to work on /mnt/c/Users/wu_li/OneDrive/Desktop/Airflow_pract/venv/lib/python3.9/site-packages/airflow/example_dags/example_sla_dag.py
[2025-04-20T20:42:02.354+0800] {processor.py:914} INFO - Processing file /mnt/c/Users/wu_li/OneDrive/Desktop/Airflow_pract/venv/lib/python3.9/site-packages/airflow/example_dags/example_sla_dag.py for tasks to queue
[2025-04-20T20:42:02.358+0800] {logging_mixin.py:190} INFO - [2025-04-20T20:42:02.356+0800] {dagbag.py:588} INFO - Filling up the DagBag from /mnt/c/Users/wu_li/OneDrive/Desktop/Airflow_pract/venv/lib/python3.9/site-packages/airflow/example_dags/example_sla_dag.py
[2025-04-20T20:42:02.386+0800] {processor.py:925} INFO - DAG(s) 'example_sla_dag' retrieved from /mnt/c/Users/wu_li/OneDrive/Desktop/Airflow_pract/venv/lib/python3.9/site-packages/airflow/example_dags/example_sla_dag.py
[2025-04-20T20:42:02.415+0800] {logging_mixin.py:190} INFO - [2025-04-20T20:42:02.414+0800] {dag.py:3239} INFO - Sync 1 DAGs
[2025-04-20T20:42:02.456+0800] {logging_mixin.py:190} INFO - [2025-04-20T20:42:02.455+0800] {dag.py:4180} INFO - Setting next_dagrun for example_sla_dag to 2025-04-20 12:40:00+00:00, run_after=2025-04-20 12:42:00+00:00
[2025-04-20T20:42:02.523+0800] {processor.py:208} INFO - Processing /mnt/c/Users/wu_li/OneDrive/Desktop/Airflow_pract/venv/lib/python3.9/site-packages/airflow/example_dags/example_sla_dag.py took 0.187 seconds
[2025-04-20T20:43:44.754+0800] {processor.py:186} INFO - Started process (PID=81394) to work on /mnt/c/Users/wu_li/OneDrive/Desktop/Airflow_pract/venv/lib/python3.9/site-packages/airflow/example_dags/example_sla_dag.py
[2025-04-20T20:43:44.756+0800] {processor.py:914} INFO - Processing file /mnt/c/Users/wu_li/OneDrive/Desktop/Airflow_pract/venv/lib/python3.9/site-packages/airflow/example_dags/example_sla_dag.py for tasks to queue
[2025-04-20T20:43:44.758+0800] {logging_mixin.py:190} INFO - [2025-04-20T20:43:44.757+0800] {dagbag.py:588} INFO - Filling up the DagBag from /mnt/c/Users/wu_li/OneDrive/Desktop/Airflow_pract/venv/lib/python3.9/site-packages/airflow/example_dags/example_sla_dag.py
[2025-04-20T20:43:44.782+0800] {processor.py:925} INFO - DAG(s) 'example_sla_dag' retrieved from /mnt/c/Users/wu_li/OneDrive/Desktop/Airflow_pract/venv/lib/python3.9/site-packages/airflow/example_dags/example_sla_dag.py
[2025-04-20T20:43:44.806+0800] {logging_mixin.py:190} INFO - [2025-04-20T20:43:44.805+0800] {dag.py:3239} INFO - Sync 1 DAGs
[2025-04-20T20:43:44.840+0800] {logging_mixin.py:190} INFO - [2025-04-20T20:43:44.839+0800] {dag.py:4180} INFO - Setting next_dagrun for example_sla_dag to 2025-04-20 12:40:00+00:00, run_after=2025-04-20 12:42:00+00:00
[2025-04-20T20:43:44.893+0800] {processor.py:208} INFO - Processing /mnt/c/Users/wu_li/OneDrive/Desktop/Airflow_pract/venv/lib/python3.9/site-packages/airflow/example_dags/example_sla_dag.py took 0.149 seconds
[2025-04-20T20:45:23.733+0800] {processor.py:186} INFO - Started process (PID=82256) to work on /mnt/c/Users/wu_li/OneDrive/Desktop/Airflow_pract/venv/lib/python3.9/site-packages/airflow/example_dags/example_sla_dag.py
[2025-04-20T20:45:23.737+0800] {processor.py:914} INFO - Processing file /mnt/c/Users/wu_li/OneDrive/Desktop/Airflow_pract/venv/lib/python3.9/site-packages/airflow/example_dags/example_sla_dag.py for tasks to queue
[2025-04-20T20:45:23.742+0800] {logging_mixin.py:190} INFO - [2025-04-20T20:45:23.741+0800] {dagbag.py:588} INFO - Filling up the DagBag from /mnt/c/Users/wu_li/OneDrive/Desktop/Airflow_pract/venv/lib/python3.9/site-packages/airflow/example_dags/example_sla_dag.py
[2025-04-20T20:45:23.802+0800] {processor.py:925} INFO - DAG(s) 'example_sla_dag' retrieved from /mnt/c/Users/wu_li/OneDrive/Desktop/Airflow_pract/venv/lib/python3.9/site-packages/airflow/example_dags/example_sla_dag.py
[2025-04-20T20:45:23.860+0800] {logging_mixin.py:190} INFO - [2025-04-20T20:45:23.858+0800] {dag.py:3239} INFO - Sync 1 DAGs
[2025-04-20T20:45:23.961+0800] {logging_mixin.py:190} INFO - [2025-04-20T20:45:23.960+0800] {dag.py:4180} INFO - Setting next_dagrun for example_sla_dag to 2025-04-20 12:42:00+00:00, run_after=2025-04-20 12:44:00+00:00
[2025-04-20T20:45:24.080+0800] {processor.py:208} INFO - Processing /mnt/c/Users/wu_li/OneDrive/Desktop/Airflow_pract/venv/lib/python3.9/site-packages/airflow/example_dags/example_sla_dag.py took 0.379 seconds
[2025-04-20T20:47:14.251+0800] {processor.py:186} INFO - Started process (PID=83125) to work on /mnt/c/Users/wu_li/OneDrive/Desktop/Airflow_pract/venv/lib/python3.9/site-packages/airflow/example_dags/example_sla_dag.py
[2025-04-20T20:47:14.254+0800] {processor.py:914} INFO - Processing file /mnt/c/Users/wu_li/OneDrive/Desktop/Airflow_pract/venv/lib/python3.9/site-packages/airflow/example_dags/example_sla_dag.py for tasks to queue
[2025-04-20T20:47:14.258+0800] {logging_mixin.py:190} INFO - [2025-04-20T20:47:14.256+0800] {dagbag.py:588} INFO - Filling up the DagBag from /mnt/c/Users/wu_li/OneDrive/Desktop/Airflow_pract/venv/lib/python3.9/site-packages/airflow/example_dags/example_sla_dag.py
[2025-04-20T20:47:14.314+0800] {processor.py:925} INFO - DAG(s) 'example_sla_dag' retrieved from /mnt/c/Users/wu_li/OneDrive/Desktop/Airflow_pract/venv/lib/python3.9/site-packages/airflow/example_dags/example_sla_dag.py
[2025-04-20T20:47:14.374+0800] {logging_mixin.py:190} INFO - [2025-04-20T20:47:14.372+0800] {dag.py:3239} INFO - Sync 1 DAGs
[2025-04-20T20:47:14.482+0800] {logging_mixin.py:190} INFO - [2025-04-20T20:47:14.481+0800] {dag.py:4180} INFO - Setting next_dagrun for example_sla_dag to 2025-04-20 12:44:00+00:00, run_after=2025-04-20 12:46:00+00:00
[2025-04-20T20:47:14.598+0800] {processor.py:208} INFO - Processing /mnt/c/Users/wu_li/OneDrive/Desktop/Airflow_pract/venv/lib/python3.9/site-packages/airflow/example_dags/example_sla_dag.py took 0.377 seconds
[2025-04-20T20:48:57.808+0800] {processor.py:186} INFO - Started process (PID=84138) to work on /mnt/c/Users/wu_li/OneDrive/Desktop/Airflow_pract/venv/lib/python3.9/site-packages/airflow/example_dags/example_sla_dag.py
[2025-04-20T20:48:57.811+0800] {processor.py:914} INFO - Processing file /mnt/c/Users/wu_li/OneDrive/Desktop/Airflow_pract/venv/lib/python3.9/site-packages/airflow/example_dags/example_sla_dag.py for tasks to queue
[2025-04-20T20:48:57.815+0800] {logging_mixin.py:190} INFO - [2025-04-20T20:48:57.813+0800] {dagbag.py:588} INFO - Filling up the DagBag from /mnt/c/Users/wu_li/OneDrive/Desktop/Airflow_pract/venv/lib/python3.9/site-packages/airflow/example_dags/example_sla_dag.py
[2025-04-20T20:48:57.292+0800] {processor.py:925} INFO - DAG(s) 'example_sla_dag' retrieved from /mnt/c/Users/wu_li/OneDrive/Desktop/Airflow_pract/venv/lib/python3.9/site-packages/airflow/example_dags/example_sla_dag.py
[2025-04-20T20:48:57.368+0800] {logging_mixin.py:190} INFO - [2025-04-20T20:48:57.366+0800] {dag.py:3239} INFO - Sync 1 DAGs
[2025-04-20T20:48:57.464+0800] {logging_mixin.py:190} INFO - [2025-04-20T20:48:57.463+0800] {dag.py:4180} INFO - Setting next_dagrun for example_sla_dag to 2025-04-20 12:46:00+00:00, run_after=2025-04-20 12:48:00+00:00
[2025-04-20T20:48:57.584+0800] {processor.py:208} INFO - Processing /mnt/c/Users/wu_li/OneDrive/Desktop/Airflow_pract/venv/lib/python3.9/site-packages/airflow/example_dags/example_sla_dag.py took 0.386 seconds
[2025-04-20T20:50:52.877+0800] {processor.py:186} INFO - Started process (PID=84938) to work on /mnt/c/Users/wu_li/OneDrive/Desktop/Airflow_pract/venv/lib/python3.9/site-packages/airflow/example_dags/example_sla_dag.py
[2025-04-20T20:50:52.879+0800] {processor.py:914} INFO - Processing file /mnt/c/Users/wu_li/OneDrive/Desktop/Airflow_pract/venv/lib/python3.9/site-packages/airflow/example_dags/example_sla_dag.py for tasks to queue
[2025-04-20T20:50:52.883+0800] {logging_mixin.py:190} INFO - [2025-04-20T20:50:52.881+0800] {dagbag.py:588} INFO - Filling up the DagBag from /mnt/c/Users/wu_li/OneDrive/Desktop/Airflow_pract/venv/lib/python3.9/site-packages/airflow/example_dags/example_sla_dag.py
[2025-04-20T20:50:52.911+0800] {processor.py:925} INFO - DAG(s) 'example_sla_dag' retrieved from /mnt/c/Users/wu_li/OneDrive/Desktop/Airflow_pract/venv/lib/python3.9/site-packages/airflow/example_dags/example_sla_dag.py
[2025-04-20T20:50:52.943+0800] {logging_mixin.py:190} INFO - [2025-04-20T20:50:52.942+0800] {dag.py:3239} INFO - Sync 1 DAGs
[2025-04-20T20:50:52.982+0800] {logging_mixin.py:190} INFO - [2025-04-20T20:50:52.981+0800] {dag.py:4180} INFO - Setting next_dagrun for example_sla_dag to 2025-04-20 12:48:00+00:00, run_after=2025-04-20 12:50:00+00:00
[2025-04-20T20:50:53.050+0800] {processor.py:208} INFO - Processing /mnt/c/Users/wu_li/OneDrive/Desktop/Airflow_pract/venv/lib/python3.9/site-packages/airflow/example_dags/example_sla_dag.py took 0.190 seconds
[2025-04-20T20:52:48.692+0800] {processor.py:186} INFO - Started process (PID=85881) to work on /mnt/c/Users/wu_li/OneDrive/Desktop/Airflow_pract/venv/lib/python3.9/site-packages/airflow/example_dags/example_sla_dag.py
[2025-04-20T20:52:48.694+0800] {processor.py:914} INFO - Processing file /mnt/c/Users/wu_li/OneDrive/Desktop/Airflow_pract/venv/lib/python3.9/site-packages/airflow/example_dags/example_sla_dag.py for tasks to queue
[2025-04-20T20:52:48.697+0800] {logging_mixin.py:190} INFO - [2025-04-20T20:52:48.695+0800] {dagbag.py:588} INFO - Filling up the DagBag from /mnt/c/Users/wu_li/OneDrive/Desktop/Airflow_pract/venv/lib/python3.9/site-packages/airflow/example_dags/example_sla_dag.py
[2025-04-20T20:52:48.730+0800] {processor.py:925} INFO - DAG(s) 'example_sla_dag' retrieved from /mnt/c/Users/wu_li/OneDrive/Desktop/Airflow_pract/venv/lib/python3.9/site-packages/airflow/example_dags/example_sla_dag.py
[2025-04-20T20:52:48.761+0800] {logging_mixin.py:190} INFO - [2025-04-20T20:52:48.760+0800] {dag.py:3239} INFO - Sync 1 DAGs
[2025-04-20T20:52:48.809+0800] {logging_mixin.py:190} INFO - [2025-04-20T20:52:48.808+0800] {dag.py:4180} INFO - Setting next_dagrun for example_sla_dag to 2025-04-20 12:50:00+00:00, run_after=2025-04-20 12:52:00+00:00
[2025-04-20T20:52:48.863+0800] {processor.py:208} INFO - Processing /mnt/c/Users/wu_li/OneDrive/Desktop/Airflow_pract/venv/lib/python3.9/site-packages/airflow/example_dags/example_sla_dag.py took 0.185 seconds
[2025-04-20T20:54:18.174+0800] {processor.py:186} INFO - Started process (PID=86957) to work on /mnt/c/Users/wu_li/OneDrive/Desktop/Airflow_pract/venv/lib/python3.9/site-packages/airflow/example_dags/example_sla_dag.py
[2025-04-20T20:54:18.176+0800] {processor.py:914} INFO - Processing file /mnt/c/Users/wu_li/OneDrive/Desktop/Airflow_pract/venv/lib/python3.9/site-packages/airflow/example_dags/example_sla_dag.py for tasks to queue
[2025-04-20T20:54:18.179+0800] {logging_mixin.py:190} INFO - [2025-04-20T20:54:18.178+0800] {dagbag.py:588} INFO - Filling up the DagBag from /mnt/c/Users/wu_li/OneDrive/Desktop/Airflow_pract/venv/lib/python3.9/site-packages/airflow/example_dags/example_sla_dag.py
[2025-04-20T20:54:18.207+0800] {processor.py:925} INFO - DAG(s) 'example_sla_dag' retrieved from /mnt/c/Users/wu_li/OneDrive/Desktop/Airflow_pract/venv/lib/python3.9/site-packages/airflow/example_dags/example_sla_dag.py
[2025-04-20T20:54:18.237+0800] {logging_mixin.py:190} INFO - [2025-04-20T20:54:18.236+0800] {dag.py:3239} INFO - Sync 1 DAGs
[2025-04-20T20:54:18.292+0800] {logging_mixin.py:190} INFO - [2025-04-20T20:54:18.291+0800] {dag.py:4180} INFO - Setting next_dagrun for example_sla_dag to 2025-04-20 12:52:00+00:00, run_after=2025-04-20 12:54:00+00:00
[2025-04-20T20:54:18.349+0800] {processor.py:208} INFO - Processing /mnt/c/Users/wu_li/OneDrive/Desktop/Airflow_pract/venv/lib/python3.9/site-packages/airflow/example_dags/example_sla_dag.py took 0.188 seconds
[2025-04-20T20:55:47.096+0800] {processor.py:186} INFO - Started process (PID=87820) to work on /mnt/c/Users/wu_li/OneDrive/Desktop/Airflow_pract/venv/lib/python3.9/site-packages/airflow/example_dags/example_sla_dag.py
[2025-04-20T20:55:47.098+0800] {processor.py:914} INFO - Processing file /mnt/c/Users/wu_li/OneDrive/Desktop/Airflow_pract/venv/lib/python3.9/site-packages/airflow/example_dags/example_sla_dag.py for tasks to queue
[2025-04-20T20:55:47.107+0800] {logging_mixin.py:190} INFO - [2025-04-20T20:55:47.104+0800] {dagbag.py:588} INFO - Filling up the DagBag from /mnt/c/Users/wu_li/OneDrive/Desktop/Airflow_pract/venv/lib/python3.9/site-packages/airflow/example_dags/example_sla_dag.py
[2025-04-20T20:55:47.140+0800] {processor.py:925} INFO - DAG(s) 'example_sla_dag' retrieved from /mnt/c/Users/wu_li/OneDrive/Desktop/Airflow_pract/venv/lib/python3.9/site-packages/airflow/example_dags/example_sla_dag.py
[2025-04-20T20:55:47.179+0800] {logging_mixin.py:190} INFO - [2025-04-20T20:55:47.178+0800] {dag.py:3239} INFO - Sync 1 DAGs
[2025-04-20T20:55:47.254+0800] {logging_mixin.py:190} INFO - [2025-04-20T20:55:47.253+0800] {dag.py:4180} INFO - Setting next_dagrun for example_sla_dag to 2025-04-20 12:52:00+00:00, run_after=2025-04-20 12:54:00+00:00
[2025-04-20T20:55:47.353+0800] {processor.py:208} INFO - Processing /mnt/c/Users/wu_li/OneDrive/Desktop/Airflow_pract/venv/lib/python3.9/site-packages/airflow/example_dags/example_sla_dag.py took 0.274 seconds
[2025-04-20T20:57:18.013+0800] {processor.py:186} INFO - Started process (PID=88831) to work on /mnt/c/Users/wu_li/OneDrive/Desktop/Airflow_pract/venv/lib/python3.9/site-packages/airflow/example_dags/example_sla_dag.py
[2025-04-20T20:57:18.015+0800] {processor.py:914} INFO - Processing file /mnt/c/Users/wu_li/OneDrive/Desktop/Airflow_pract/venv/lib/python3.9/site-packages/airflow/example_dags/example_sla_dag.py for tasks to queue
[2025-04-20T20:57:18.018+0800] {logging_mixin.py:190} INFO - [2025-04-20T20:57:18.017+0800] {dagbag.py:588} INFO - Filling up the DagBag from /mnt/c/Users/wu_li/OneDrive/Desktop/Airflow_pract/venv/lib/python3.9/site-packages/airflow/example_dags/example_sla_dag.py
[2025-04-20T20:57:18.043+0800] {processor.py:925} INFO - DAG(s) 'example_sla_dag' retrieved from /mnt/c/Users/wu_li/OneDrive/Desktop/Airflow_pract/venv/lib/python3.9/site-packages/airflow/example_dags/example_sla_dag.py
[2025-04-20T20:57:18.068+0800] {logging_mixin.py:190} INFO - [2025-04-20T20:57:18.067+0800] {dag.py:3239} INFO - Sync 1 DAGs
[2025-04-20T20:57:18.101+0800] {logging_mixin.py:190} INFO - [2025-04-20T20:57:18.100+0800] {dag.py:4180} INFO - Setting next_dagrun for example_sla_dag to 2025-04-20 12:54:00+00:00, run_after=2025-04-20 12:56:00+00:00
[2025-04-20T20:57:18.163+0800] {processor.py:208} INFO - Processing /mnt/c/Users/wu_li/OneDrive/Desktop/Airflow_pract/venv/lib/python3.9/site-packages/airflow/example_dags/example_sla_dag.py took 0.161 seconds
[2025-04-20T20:58:48.211+0800] {processor.py:186} INFO - Started process (PID=89910) to work on /mnt/c/Users/wu_li/OneDrive/Desktop/Airflow_pract/venv/lib/python3.9/site-packages/airflow/example_dags/example_sla_dag.py
[2025-04-20T20:58:48.214+0800] {processor.py:914} INFO - Processing file /mnt/c/Users/wu_li/OneDrive/Desktop/Airflow_pract/venv/lib/python3.9/site-packages/airflow/example_dags/example_sla_dag.py for tasks to queue
[2025-04-20T20:58:48.219+0800] {logging_mixin.py:190} INFO - [2025-04-20T20:58:48.217+0800] {dagbag.py:588} INFO - Filling up the DagBag from /mnt/c/Users/wu_li/OneDrive/Desktop/Airflow_pract/venv/lib/python3.9/site-packages/airflow/example_dags/example_sla_dag.py
[2025-04-20T20:58:48.259+0800] {processor.py:925} INFO - DAG(s) 'example_sla_dag' retrieved from /mnt/c/Users/wu_li/OneDrive/Desktop/Airflow_pract/venv/lib/python3.9/site-packages/airflow/example_dags/example_sla_dag.py
[2025-04-20T20:58:48.305+0800] {logging_mixin.py:190} INFO - [2025-04-20T20:58:48.303+0800] {dag.py:3239} INFO - Sync 1 DAGs
[2025-04-20T20:58:48.384+0800] {logging_mixin.py:190} INFO - [2025-04-20T20:58:48.383+0800] {dag.py:4180} INFO - Setting next_dagrun for example_sla_dag to 2025-04-20 12:56:00+00:00, run_after=2025-04-20 12:58:00+00:00
[2025-04-20T20:58:48.513+0800] {processor.py:208} INFO - Processing /mnt/c/Users/wu_li/OneDrive/Desktop/Airflow_pract/venv/lib/python3.9/site-packages/airflow/example_dags/example_sla_dag.py took 0.321 seconds
[2025-04-20T21:00:12.562+0800] {processor.py:186} INFO - Started process (PID=90914) to work on /mnt/c/Users/wu_li/OneDrive/Desktop/Airflow_pract/venv/lib/python3.9/site-packages/airflow/example_dags/example_sla_dag.py
[2025-04-20T21:00:12.565+0800] {processor.py:914} INFO - Processing file /mnt/c/Users/wu_li/OneDrive/Desktop/Airflow_pract/venv/lib/python3.9/site-packages/airflow/example_dags/example_sla_dag.py for tasks to queue
[2025-04-20T21:00:12.569+0800] {logging_mixin.py:190} INFO - [2025-04-20T21:00:12.567+0800] {dagbag.py:588} INFO - Filling up the DagBag from /mnt/c/Users/wu_li/OneDrive/Desktop/Airflow_pract/venv/lib/python3.9/site-packages/airflow/example_dags/example_sla_dag.py
[2025-04-20T21:00:12.604+0800] {processor.py:925} INFO - DAG(s) 'example_sla_dag' retrieved from /mnt/c/Users/wu_li/OneDrive/Desktop/Airflow_pract/venv/lib/python3.9/site-packages/airflow/example_dags/example_sla_dag.py
[2025-04-20T21:00:12.643+0800] {logging_mixin.py:190} INFO - [2025-04-20T21:00:12.641+0800] {dag.py:3239} INFO - Sync 1 DAGs
[2025-04-20T21:00:12.733+0800] {logging_mixin.py:190} INFO - [2025-04-20T21:00:12.732+0800] {dag.py:4180} INFO - Setting next_dagrun for example_sla_dag to 2025-04-20 12:58:00+00:00, run_after=2025-04-20 13:00:00+00:00
[2025-04-20T21:00:12.813+0800] {processor.py:208} INFO - Processing /mnt/c/Users/wu_li/OneDrive/Desktop/Airflow_pract/venv/lib/python3.9/site-packages/airflow/example_dags/example_sla_dag.py took 0.269 seconds
[2025-04-20T21:01:47.694+0800] {processor.py:186} INFO - Started process (PID=91928) to work on /mnt/c/Users/wu_li/OneDrive/Desktop/Airflow_pract/venv/lib/python3.9/site-packages/airflow/example_dags/example_sla_dag.py
[2025-04-20T21:01:47.696+0800] {processor.py:914} INFO - Processing file /mnt/c/Users/wu_li/OneDrive/Desktop/Airflow_pract/venv/lib/python3.9/site-packages/airflow/example_dags/example_sla_dag.py for tasks to queue
[2025-04-20T21:01:47.698+0800] {logging_mixin.py:190} INFO - [2025-04-20T21:01:47.697+0800] {dagbag.py:588} INFO - Filling up the DagBag from /mnt/c/Users/wu_li/OneDrive/Desktop/Airflow_pract/venv/lib/python3.9/site-packages/airflow/example_dags/example_sla_dag.py
[2025-04-20T21:01:47.721+0800] {processor.py:925} INFO - DAG(s) 'example_sla_dag' retrieved from /mnt/c/Users/wu_li/OneDrive/Desktop/Airflow_pract/venv/lib/python3.9/site-packages/airflow/example_dags/example_sla_dag.py
[2025-04-20T21:01:47.744+0800] {logging_mixin.py:190} INFO - [2025-04-20T21:01:47.743+0800] {dag.py:3239} INFO - Sync 1 DAGs
[2025-04-20T21:01:47.774+0800] {logging_mixin.py:190} INFO - [2025-04-20T21:01:47.773+0800] {dag.py:4180} INFO - Setting next_dagrun for example_sla_dag to 2025-04-20 12:58:00+00:00, run_after=2025-04-20 13:00:00+00:00
[2025-04-20T21:01:47.825+0800] {processor.py:208} INFO - Processing /mnt/c/Users/wu_li/OneDrive/Desktop/Airflow_pract/venv/lib/python3.9/site-packages/airflow/example_dags/example_sla_dag.py took 0.141 seconds
[2025-04-20T21:03:14.373+0800] {processor.py:186} INFO - Started process (PID=92934) to work on /mnt/c/Users/wu_li/OneDrive/Desktop/Airflow_pract/venv/lib/python3.9/site-packages/airflow/example_dags/example_sla_dag.py
[2025-04-20T21:03:14.375+0800] {processor.py:914} INFO - Processing file /mnt/c/Users/wu_li/OneDrive/Desktop/Airflow_pract/venv/lib/python3.9/site-packages/airflow/example_dags/example_sla_dag.py for tasks to queue
[2025-04-20T21:03:14.378+0800] {logging_mixin.py:190} INFO - [2025-04-20T21:03:14.377+0800] {dagbag.py:588} INFO - Filling up the DagBag from /mnt/c/Users/wu_li/OneDrive/Desktop/Airflow_pract/venv/lib/python3.9/site-packages/airflow/example_dags/example_sla_dag.py
[2025-04-20T21:03:14.402+0800] {processor.py:925} INFO - DAG(s) 'example_sla_dag' retrieved from /mnt/c/Users/wu_li/OneDrive/Desktop/Airflow_pract/venv/lib/python3.9/site-packages/airflow/example_dags/example_sla_dag.py
[2025-04-20T21:03:14.429+0800] {logging_mixin.py:190} INFO - [2025-04-20T21:03:14.428+0800] {dag.py:3239} INFO - Sync 1 DAGs
[2025-04-20T21:03:14.462+0800] {logging_mixin.py:190} INFO - [2025-04-20T21:03:14.461+0800] {dag.py:4180} INFO - Setting next_dagrun for example_sla_dag to 2025-04-20 13:00:00+00:00, run_after=2025-04-20 13:02:00+00:00
[2025-04-20T21:03:14.520+0800] {processor.py:208} INFO - Processing /mnt/c/Users/wu_li/OneDrive/Desktop/Airflow_pract/venv/lib/python3.9/site-packages/airflow/example_dags/example_sla_dag.py took 0.158 seconds
[2025-04-20T21:04:42.017+0800] {processor.py:186} INFO - Started process (PID=94009) to work on /mnt/c/Users/wu_li/OneDrive/Desktop/Airflow_pract/venv/lib/python3.9/site-packages/airflow/example_dags/example_sla_dag.py
[2025-04-20T21:04:42.020+0800] {processor.py:914} INFO - Processing file /mnt/c/Users/wu_li/OneDrive/Desktop/Airflow_pract/venv/lib/python3.9/site-packages/airflow/example_dags/example_sla_dag.py for tasks to queue
[2025-04-20T21:04:42.024+0800] {logging_mixin.py:190} INFO - [2025-04-20T21:04:42.023+0800] {dagbag.py:588} INFO - Filling up the DagBag from /mnt/c/Users/wu_li/OneDrive/Desktop/Airflow_pract/venv/lib/python3.9/site-packages/airflow/example_dags/example_sla_dag.py
[2025-04-20T21:04:42.072+0800] {processor.py:925} INFO - DAG(s) 'example_sla_dag' retrieved from /mnt/c/Users/wu_li/OneDrive/Desktop/Airflow_pract/venv/lib/python3.9/site-packages/airflow/example_dags/example_sla_dag.py
[2025-04-20T21:04:42.119+0800] {logging_mixin.py:190} INFO - [2025-04-20T21:04:42.118+0800] {dag.py:3239} INFO - Sync 1 DAGs
[2025-04-20T21:04:42.200+0800] {logging_mixin.py:190} INFO - [2025-04-20T21:04:42.198+0800] {dag.py:4180} INFO - Setting next_dagrun for example_sla_dag to 2025-04-20 13:02:00+00:00, run_after=2025-04-20 13:04:00+00:00
[2025-04-20T21:04:42.280+0800] {processor.py:208} INFO - Processing /mnt/c/Users/wu_li/OneDrive/Desktop/Airflow_pract/venv/lib/python3.9/site-packages/airflow/example_dags/example_sla_dag.py took 0.282 seconds
[2025-04-20T21:06:12.913+0800] {processor.py:186} INFO - Started process (PID=95090) to work on /mnt/c/Users/wu_li/OneDrive/Desktop/Airflow_pract/venv/lib/python3.9/site-packages/airflow/example_dags/example_sla_dag.py
[2025-04-20T21:06:12.917+0800] {processor.py:914} INFO - Processing file /mnt/c/Users/wu_li/OneDrive/Desktop/Airflow_pract/venv/lib/python3.9/site-packages/airflow/example_dags/example_sla_dag.py for tasks to queue
[2025-04-20T21:06:12.921+0800] {logging_mixin.py:190} INFO - [2025-04-20T21:06:12.920+0800] {dagbag.py:588} INFO - Filling up the DagBag from /mnt/c/Users/wu_li/OneDrive/Desktop/Airflow_pract/venv/lib/python3.9/site-packages/airflow/example_dags/example_sla_dag.py
[2025-04-20T21:06:12.968+0800] {processor.py:925} INFO - DAG(s) 'example_sla_dag' retrieved from /mnt/c/Users/wu_li/OneDrive/Desktop/Airflow_pract/venv/lib/python3.9/site-packages/airflow/example_dags/example_sla_dag.py
[2025-04-20T21:06:13.009+0800] {logging_mixin.py:190} INFO - [2025-04-20T21:06:13.008+0800] {dag.py:3239} INFO - Sync 1 DAGs
[2025-04-20T21:06:13.087+0800] {logging_mixin.py:190} INFO - [2025-04-20T21:06:13.086+0800] {dag.py:4180} INFO - Setting next_dagrun for example_sla_dag to 2025-04-20 13:04:00+00:00, run_after=2025-04-20 13:06:00+00:00
[2025-04-20T21:06:13.192+0800] {processor.py:208} INFO - Processing /mnt/c/Users/wu_li/OneDrive/Desktop/Airflow_pract/venv/lib/python3.9/site-packages/airflow/example_dags/example_sla_dag.py took 0.297 seconds
[2025-04-20T21:07:45.804+0800] {processor.py:186} INFO - Started process (PID=96244) to work on /mnt/c/Users/wu_li/OneDrive/Desktop/Airflow_pract/venv/lib/python3.9/site-packages/airflow/example_dags/example_sla_dag.py
[2025-04-20T21:07:45.806+0800] {processor.py:914} INFO - Processing file /mnt/c/Users/wu_li/OneDrive/Desktop/Airflow_pract/venv/lib/python3.9/site-packages/airflow/example_dags/example_sla_dag.py for tasks to queue
[2025-04-20T21:07:45.810+0800] {logging_mixin.py:190} INFO - [2025-04-20T21:07:45.809+0800] {dagbag.py:588} INFO - Filling up the DagBag from /mnt/c/Users/wu_li/OneDrive/Desktop/Airflow_pract/venv/lib/python3.9/site-packages/airflow/example_dags/example_sla_dag.py
[2025-04-20T21:07:45.850+0800] {processor.py:925} INFO - DAG(s) 'example_sla_dag' retrieved from /mnt/c/Users/wu_li/OneDrive/Desktop/Airflow_pract/venv/lib/python3.9/site-packages/airflow/example_dags/example_sla_dag.py
[2025-04-20T21:07:45.903+0800] {logging_mixin.py:190} INFO - [2025-04-20T21:07:45.902+0800] {dag.py:3239} INFO - Sync 1 DAGs
[2025-04-20T21:07:45.992+0800] {logging_mixin.py:190} INFO - [2025-04-20T21:07:45.990+0800] {dag.py:4180} INFO - Setting next_dagrun for example_sla_dag to 2025-04-20 13:04:00+00:00, run_after=2025-04-20 13:06:00+00:00
[2025-04-20T21:07:46.086+0800] {processor.py:208} INFO - Processing /mnt/c/Users/wu_li/OneDrive/Desktop/Airflow_pract/venv/lib/python3.9/site-packages/airflow/example_dags/example_sla_dag.py took 0.300 seconds
[2025-04-20T21:09:16.578+0800] {processor.py:186} INFO - Started process (PID=97323) to work on /mnt/c/Users/wu_li/OneDrive/Desktop/Airflow_pract/venv/lib/python3.9/site-packages/airflow/example_dags/example_sla_dag.py
[2025-04-20T21:09:16.580+0800] {processor.py:914} INFO - Processing file /mnt/c/Users/wu_li/OneDrive/Desktop/Airflow_pract/venv/lib/python3.9/site-packages/airflow/example_dags/example_sla_dag.py for tasks to queue
[2025-04-20T21:09:16.584+0800] {logging_mixin.py:190} INFO - [2025-04-20T21:09:16.583+0800] {dagbag.py:588} INFO - Filling up the DagBag from /mnt/c/Users/wu_li/OneDrive/Desktop/Airflow_pract/venv/lib/python3.9/site-packages/airflow/example_dags/example_sla_dag.py
[2025-04-20T21:09:16.620+0800] {processor.py:925} INFO - DAG(s) 'example_sla_dag' retrieved from /mnt/c/Users/wu_li/OneDrive/Desktop/Airflow_pract/venv/lib/python3.9/site-packages/airflow/example_dags/example_sla_dag.py
[2025-04-20T21:09:16.663+0800] {logging_mixin.py:190} INFO - [2025-04-20T21:09:16.662+0800] {dag.py:3239} INFO - Sync 1 DAGs
[2025-04-20T21:09:16.741+0800] {logging_mixin.py:190} INFO - [2025-04-20T21:09:16.740+0800] {dag.py:4180} INFO - Setting next_dagrun for example_sla_dag to 2025-04-20 13:06:00+00:00, run_after=2025-04-20 13:08:00+00:00
[2025-04-20T21:09:16.824+0800] {processor.py:208} INFO - Processing /mnt/c/Users/wu_li/OneDrive/Desktop/Airflow_pract/venv/lib/python3.9/site-packages/airflow/example_dags/example_sla_dag.py took 0.264 seconds
[2025-04-20T21:10:47.577+0800] {processor.py:186} INFO - Started process (PID=98404) to work on /mnt/c/Users/wu_li/OneDrive/Desktop/Airflow_pract/venv/lib/python3.9/site-packages/airflow/example_dags/example_sla_dag.py
[2025-04-20T21:10:47.579+0800] {processor.py:914} INFO - Processing file /mnt/c/Users/wu_li/OneDrive/Desktop/Airflow_pract/venv/lib/python3.9/site-packages/airflow/example_dags/example_sla_dag.py for tasks to queue
[2025-04-20T21:10:47.583+0800] {logging_mixin.py:190} INFO - [2025-04-20T21:10:47.582+0800] {dagbag.py:588} INFO - Filling up the DagBag from /mnt/c/Users/wu_li/OneDrive/Desktop/Airflow_pract/venv/lib/python3.9/site-packages/airflow/example_dags/example_sla_dag.py
[2025-04-20T21:10:47.624+0800] {processor.py:925} INFO - DAG(s) 'example_sla_dag' retrieved from /mnt/c/Users/wu_li/OneDrive/Desktop/Airflow_pract/venv/lib/python3.9/site-packages/airflow/example_dags/example_sla_dag.py
[2025-04-20T21:10:47.674+0800] {logging_mixin.py:190} INFO - [2025-04-20T21:10:47.672+0800] {dag.py:3239} INFO - Sync 1 DAGs
[2025-04-20T21:10:47.755+0800] {logging_mixin.py:190} INFO - [2025-04-20T21:10:47.752+0800] {dag.py:4180} INFO - Setting next_dagrun for example_sla_dag to 2025-04-20 13:08:00+00:00, run_after=2025-04-20 13:10:00+00:00
[2025-04-20T21:10:47.863+0800] {processor.py:208} INFO - Processing /mnt/c/Users/wu_li/OneDrive/Desktop/Airflow_pract/venv/lib/python3.9/site-packages/airflow/example_dags/example_sla_dag.py took 0.303 seconds
[2025-04-20T21:12:20.086+0800] {processor.py:186} INFO - Started process (PID=99487) to work on /mnt/c/Users/wu_li/OneDrive/Desktop/Airflow_pract/venv/lib/python3.9/site-packages/airflow/example_dags/example_sla_dag.py
[2025-04-20T21:12:20.089+0800] {processor.py:914} INFO - Processing file /mnt/c/Users/wu_li/OneDrive/Desktop/Airflow_pract/venv/lib/python3.9/site-packages/airflow/example_dags/example_sla_dag.py for tasks to queue
[2025-04-20T21:12:20.093+0800] {logging_mixin.py:190} INFO - [2025-04-20T21:12:20.092+0800] {dagbag.py:588} INFO - Filling up the DagBag from /mnt/c/Users/wu_li/OneDrive/Desktop/Airflow_pract/venv/lib/python3.9/site-packages/airflow/example_dags/example_sla_dag.py
[2025-04-20T21:12:20.132+0800] {processor.py:925} INFO - DAG(s) 'example_sla_dag' retrieved from /mnt/c/Users/wu_li/OneDrive/Desktop/Airflow_pract/venv/lib/python3.9/site-packages/airflow/example_dags/example_sla_dag.py
[2025-04-20T21:12:20.174+0800] {logging_mixin.py:190} INFO - [2025-04-20T21:12:20.172+0800] {dag.py:3239} INFO - Sync 1 DAGs
[2025-04-20T21:12:20.257+0800] {logging_mixin.py:190} INFO - [2025-04-20T21:12:20.256+0800] {dag.py:4180} INFO - Setting next_dagrun for example_sla_dag to 2025-04-20 13:10:00+00:00, run_after=2025-04-20 13:12:00+00:00
[2025-04-20T21:12:20.361+0800] {processor.py:208} INFO - Processing /mnt/c/Users/wu_li/OneDrive/Desktop/Airflow_pract/venv/lib/python3.9/site-packages/airflow/example_dags/example_sla_dag.py took 0.293 seconds
[2025-04-20T21:13:47.210+0800] {processor.py:186} INFO - Started process (PID=100493) to work on /mnt/c/Users/wu_li/OneDrive/Desktop/Airflow_pract/venv/lib/python3.9/site-packages/airflow/example_dags/example_sla_dag.py
[2025-04-20T21:13:47.212+0800] {processor.py:914} INFO - Processing file /mnt/c/Users/wu_li/OneDrive/Desktop/Airflow_pract/venv/lib/python3.9/site-packages/airflow/example_dags/example_sla_dag.py for tasks to queue
[2025-04-20T21:13:47.217+0800] {logging_mixin.py:190} INFO - [2025-04-20T21:13:47.216+0800] {dagbag.py:588} INFO - Filling up the DagBag from /mnt/c/Users/wu_li/OneDrive/Desktop/Airflow_pract/venv/lib/python3.9/site-packages/airflow/example_dags/example_sla_dag.py
[2025-04-20T21:13:47.257+0800] {processor.py:925} INFO - DAG(s) 'example_sla_dag' retrieved from /mnt/c/Users/wu_li/OneDrive/Desktop/Airflow_pract/venv/lib/python3.9/site-packages/airflow/example_dags/example_sla_dag.py
[2025-04-20T21:13:47.301+0800] {logging_mixin.py:190} INFO - [2025-04-20T21:13:47.300+0800] {dag.py:3239} INFO - Sync 1 DAGs
[2025-04-20T21:13:47.381+0800] {logging_mixin.py:190} INFO - [2025-04-20T21:13:47.380+0800] {dag.py:4180} INFO - Setting next_dagrun for example_sla_dag to 2025-04-20 13:10:00+00:00, run_after=2025-04-20 13:12:00+00:00
[2025-04-20T21:13:47.468+0800] {processor.py:208} INFO - Processing /mnt/c/Users/wu_li/OneDrive/Desktop/Airflow_pract/venv/lib/python3.9/site-packages/airflow/example_dags/example_sla_dag.py took 0.276 seconds
[2025-04-20T21:15:18.389+0800] {processor.py:186} INFO - Started process (PID=101572) to work on /mnt/c/Users/wu_li/OneDrive/Desktop/Airflow_pract/venv/lib/python3.9/site-packages/airflow/example_dags/example_sla_dag.py
[2025-04-20T21:15:18.392+0800] {processor.py:914} INFO - Processing file /mnt/c/Users/wu_li/OneDrive/Desktop/Airflow_pract/venv/lib/python3.9/site-packages/airflow/example_dags/example_sla_dag.py for tasks to queue
[2025-04-20T21:15:18.397+0800] {logging_mixin.py:190} INFO - [2025-04-20T21:15:18.395+0800] {dagbag.py:588} INFO - Filling up the DagBag from /mnt/c/Users/wu_li/OneDrive/Desktop/Airflow_pract/venv/lib/python3.9/site-packages/airflow/example_dags/example_sla_dag.py
[2025-04-20T21:15:18.442+0800] {processor.py:925} INFO - DAG(s) 'example_sla_dag' retrieved from /mnt/c/Users/wu_li/OneDrive/Desktop/Airflow_pract/venv/lib/python3.9/site-packages/airflow/example_dags/example_sla_dag.py
[2025-04-20T21:15:18.481+0800] {logging_mixin.py:190} INFO - [2025-04-20T21:15:18.480+0800] {dag.py:3239} INFO - Sync 1 DAGs
[2025-04-20T21:15:18.554+0800] {logging_mixin.py:190} INFO - [2025-04-20T21:15:18.553+0800] {dag.py:4180} INFO - Setting next_dagrun for example_sla_dag to 2025-04-20 13:12:00+00:00, run_after=2025-04-20 13:14:00+00:00
[2025-04-20T21:15:18.637+0800] {processor.py:208} INFO - Processing /mnt/c/Users/wu_li/OneDrive/Desktop/Airflow_pract/venv/lib/python3.9/site-packages/airflow/example_dags/example_sla_dag.py took 0.267 seconds
[2025-04-20T21:16:51.190+0800] {processor.py:186} INFO - Started process (PID=102585) to work on /mnt/c/Users/wu_li/OneDrive/Desktop/Airflow_pract/venv/lib/python3.9/site-packages/airflow/example_dags/example_sla_dag.py
[2025-04-20T21:16:51.191+0800] {processor.py:914} INFO - Processing file /mnt/c/Users/wu_li/OneDrive/Desktop/Airflow_pract/venv/lib/python3.9/site-packages/airflow/example_dags/example_sla_dag.py for tasks to queue
[2025-04-20T21:16:51.194+0800] {logging_mixin.py:190} INFO - [2025-04-20T21:16:51.193+0800] {dagbag.py:588} INFO - Filling up the DagBag from /mnt/c/Users/wu_li/OneDrive/Desktop/Airflow_pract/venv/lib/python3.9/site-packages/airflow/example_dags/example_sla_dag.py
[2025-04-20T21:16:51.217+0800] {processor.py:925} INFO - DAG(s) 'example_sla_dag' retrieved from /mnt/c/Users/wu_li/OneDrive/Desktop/Airflow_pract/venv/lib/python3.9/site-packages/airflow/example_dags/example_sla_dag.py
[2025-04-20T21:16:51.242+0800] {logging_mixin.py:190} INFO - [2025-04-20T21:16:51.240+0800] {dag.py:3239} INFO - Sync 1 DAGs
[2025-04-20T21:16:51.276+0800] {logging_mixin.py:190} INFO - [2025-04-20T21:16:51.275+0800] {dag.py:4180} INFO - Setting next_dagrun for example_sla_dag to 2025-04-20 13:14:00+00:00, run_after=2025-04-20 13:16:00+00:00
[2025-04-20T21:16:51.325+0800] {processor.py:208} INFO - Processing /mnt/c/Users/wu_li/OneDrive/Desktop/Airflow_pract/venv/lib/python3.9/site-packages/airflow/example_dags/example_sla_dag.py took 0.147 seconds
[2025-04-20T21:18:15.641+0800] {processor.py:186} INFO - Started process (PID=103632) to work on /mnt/c/Users/wu_li/OneDrive/Desktop/Airflow_pract/venv/lib/python3.9/site-packages/airflow/example_dags/example_sla_dag.py
[2025-04-20T21:18:15.643+0800] {processor.py:914} INFO - Processing file /mnt/c/Users/wu_li/OneDrive/Desktop/Airflow_pract/venv/lib/python3.9/site-packages/airflow/example_dags/example_sla_dag.py for tasks to queue
[2025-04-20T21:18:15.646+0800] {logging_mixin.py:190} INFO - [2025-04-20T21:18:15.645+0800] {dagbag.py:588} INFO - Filling up the DagBag from /mnt/c/Users/wu_li/OneDrive/Desktop/Airflow_pract/venv/lib/python3.9/site-packages/airflow/example_dags/example_sla_dag.py
[2025-04-20T21:18:15.678+0800] {processor.py:925} INFO - DAG(s) 'example_sla_dag' retrieved from /mnt/c/Users/wu_li/OneDrive/Desktop/Airflow_pract/venv/lib/python3.9/site-packages/airflow/example_dags/example_sla_dag.py
[2025-04-20T21:18:15.707+0800] {logging_mixin.py:190} INFO - [2025-04-20T21:18:15.706+0800] {dag.py:3239} INFO - Sync 1 DAGs
[2025-04-20T21:18:15.741+0800] {logging_mixin.py:190} INFO - [2025-04-20T21:18:15.740+0800] {dag.py:4180} INFO - Setting next_dagrun for example_sla_dag to 2025-04-20 13:16:00+00:00, run_after=2025-04-20 13:18:00+00:00
[2025-04-20T21:18:15.795+0800] {processor.py:208} INFO - Processing /mnt/c/Users/wu_li/OneDrive/Desktop/Airflow_pract/venv/lib/python3.9/site-packages/airflow/example_dags/example_sla_dag.py took 0.167 seconds
[2025-04-20T21:19:45.318+0800] {processor.py:186} INFO - Started process (PID=104669) to work on /mnt/c/Users/wu_li/OneDrive/Desktop/Airflow_pract/venv/lib/python3.9/site-packages/airflow/example_dags/example_sla_dag.py
[2025-04-20T21:19:45.325+0800] {processor.py:914} INFO - Processing file /mnt/c/Users/wu_li/OneDrive/Desktop/Airflow_pract/venv/lib/python3.9/site-packages/airflow/example_dags/example_sla_dag.py for tasks to queue
[2025-04-20T21:19:45.330+0800] {logging_mixin.py:190} INFO - [2025-04-20T21:19:45.328+0800] {dagbag.py:588} INFO - Filling up the DagBag from /mnt/c/Users/wu_li/OneDrive/Desktop/Airflow_pract/venv/lib/python3.9/site-packages/airflow/example_dags/example_sla_dag.py
[2025-04-20T21:19:45.372+0800] {processor.py:925} INFO - DAG(s) 'example_sla_dag' retrieved from /mnt/c/Users/wu_li/OneDrive/Desktop/Airflow_pract/venv/lib/python3.9/site-packages/airflow/example_dags/example_sla_dag.py
[2025-04-20T21:19:45.420+0800] {logging_mixin.py:190} INFO - [2025-04-20T21:19:45.418+0800] {dag.py:3239} INFO - Sync 1 DAGs
[2025-04-20T21:19:45.497+0800] {logging_mixin.py:190} INFO - [2025-04-20T21:19:45.495+0800] {dag.py:4180} INFO - Setting next_dagrun for example_sla_dag to 2025-04-20 13:16:00+00:00, run_after=2025-04-20 13:18:00+00:00
[2025-04-20T21:19:45.587+0800] {processor.py:208} INFO - Processing /mnt/c/Users/wu_li/OneDrive/Desktop/Airflow_pract/venv/lib/python3.9/site-packages/airflow/example_dags/example_sla_dag.py took 0.290 seconds
[2025-04-20T21:21:17.436+0800] {processor.py:186} INFO - Started process (PID=105748) to work on /mnt/c/Users/wu_li/OneDrive/Desktop/Airflow_pract/venv/lib/python3.9/site-packages/airflow/example_dags/example_sla_dag.py
[2025-04-20T21:21:17.439+0800] {processor.py:914} INFO - Processing file /mnt/c/Users/wu_li/OneDrive/Desktop/Airflow_pract/venv/lib/python3.9/site-packages/airflow/example_dags/example_sla_dag.py for tasks to queue
[2025-04-20T21:21:17.443+0800] {logging_mixin.py:190} INFO - [2025-04-20T21:21:17.442+0800] {dagbag.py:588} INFO - Filling up the DagBag from /mnt/c/Users/wu_li/OneDrive/Desktop/Airflow_pract/venv/lib/python3.9/site-packages/airflow/example_dags/example_sla_dag.py
[2025-04-20T21:21:17.484+0800] {processor.py:925} INFO - DAG(s) 'example_sla_dag' retrieved from /mnt/c/Users/wu_li/OneDrive/Desktop/Airflow_pract/venv/lib/python3.9/site-packages/airflow/example_dags/example_sla_dag.py
[2025-04-20T21:21:17.528+0800] {logging_mixin.py:190} INFO - [2025-04-20T21:21:17.526+0800] {dag.py:3239} INFO - Sync 1 DAGs
[2025-04-20T21:21:17.622+0800] {logging_mixin.py:190} INFO - [2025-04-20T21:21:17.619+0800] {dag.py:4180} INFO - Setting next_dagrun for example_sla_dag to 2025-04-20 13:18:00+00:00, run_after=2025-04-20 13:20:00+00:00
[2025-04-20T21:21:17.713+0800] {processor.py:208} INFO - Processing /mnt/c/Users/wu_li/OneDrive/Desktop/Airflow_pract/venv/lib/python3.9/site-packages/airflow/example_dags/example_sla_dag.py took 0.295 seconds
[2025-04-20T21:22:51.080+0800] {processor.py:186} INFO - Started process (PID=106687) to work on /mnt/c/Users/wu_li/OneDrive/Desktop/Airflow_pract/venv/lib/python3.9/site-packages/airflow/example_dags/example_sla_dag.py
[2025-04-20T21:22:51.082+0800] {processor.py:914} INFO - Processing file /mnt/c/Users/wu_li/OneDrive/Desktop/Airflow_pract/venv/lib/python3.9/site-packages/airflow/example_dags/example_sla_dag.py for tasks to queue
[2025-04-20T21:22:51.084+0800] {logging_mixin.py:190} INFO - [2025-04-20T21:22:51.083+0800] {dagbag.py:588} INFO - Filling up the DagBag from /mnt/c/Users/wu_li/OneDrive/Desktop/Airflow_pract/venv/lib/python3.9/site-packages/airflow/example_dags/example_sla_dag.py
[2025-04-20T21:22:51.112+0800] {processor.py:925} INFO - DAG(s) 'example_sla_dag' retrieved from /mnt/c/Users/wu_li/OneDrive/Desktop/Airflow_pract/venv/lib/python3.9/site-packages/airflow/example_dags/example_sla_dag.py
[2025-04-20T21:22:51.136+0800] {logging_mixin.py:190} INFO - [2025-04-20T21:22:51.135+0800] {dag.py:3239} INFO - Sync 1 DAGs
[2025-04-20T21:22:51.167+0800] {logging_mixin.py:190} INFO - [2025-04-20T21:22:51.167+0800] {dag.py:4180} INFO - Setting next_dagrun for example_sla_dag to 2025-04-20 13:20:00+00:00, run_after=2025-04-20 13:22:00+00:00
[2025-04-20T21:22:51.223+0800] {processor.py:208} INFO - Processing /mnt/c/Users/wu_li/OneDrive/Desktop/Airflow_pract/venv/lib/python3.9/site-packages/airflow/example_dags/example_sla_dag.py took 0.155 seconds
[2025-04-20T21:24:20.005+0800] {processor.py:186} INFO - Started process (PID=107735) to work on /mnt/c/Users/wu_li/OneDrive/Desktop/Airflow_pract/venv/lib/python3.9/site-packages/airflow/example_dags/example_sla_dag.py
[2025-04-20T21:24:20.007+0800] {processor.py:914} INFO - Processing file /mnt/c/Users/wu_li/OneDrive/Desktop/Airflow_pract/venv/lib/python3.9/site-packages/airflow/example_dags/example_sla_dag.py for tasks to queue
[2025-04-20T21:24:20.009+0800] {logging_mixin.py:190} INFO - [2025-04-20T21:24:20.008+0800] {dagbag.py:588} INFO - Filling up the DagBag from /mnt/c/Users/wu_li/OneDrive/Desktop/Airflow_pract/venv/lib/python3.9/site-packages/airflow/example_dags/example_sla_dag.py
[2025-04-20T21:24:20.033+0800] {processor.py:925} INFO - DAG(s) 'example_sla_dag' retrieved from /mnt/c/Users/wu_li/OneDrive/Desktop/Airflow_pract/venv/lib/python3.9/site-packages/airflow/example_dags/example_sla_dag.py
[2025-04-20T21:24:20.057+0800] {logging_mixin.py:190} INFO - [2025-04-20T21:24:20.056+0800] {dag.py:3239} INFO - Sync 1 DAGs
[2025-04-20T21:24:20.094+0800] {logging_mixin.py:190} INFO - [2025-04-20T21:24:20.093+0800] {dag.py:4180} INFO - Setting next_dagrun for example_sla_dag to 2025-04-20 13:22:00+00:00, run_after=2025-04-20 13:24:00+00:00
[2025-04-20T21:24:20.157+0800] {processor.py:208} INFO - Processing /mnt/c/Users/wu_li/OneDrive/Desktop/Airflow_pract/venv/lib/python3.9/site-packages/airflow/example_dags/example_sla_dag.py took 0.162 seconds
[2025-04-20T21:25:50.860+0800] {processor.py:186} INFO - Started process (PID=108772) to work on /mnt/c/Users/wu_li/OneDrive/Desktop/Airflow_pract/venv/lib/python3.9/site-packages/airflow/example_dags/example_sla_dag.py
[2025-04-20T21:25:50.863+0800] {processor.py:914} INFO - Processing file /mnt/c/Users/wu_li/OneDrive/Desktop/Airflow_pract/venv/lib/python3.9/site-packages/airflow/example_dags/example_sla_dag.py for tasks to queue
[2025-04-20T21:25:50.867+0800] {logging_mixin.py:190} INFO - [2025-04-20T21:25:50.866+0800] {dagbag.py:588} INFO - Filling up the DagBag from /mnt/c/Users/wu_li/OneDrive/Desktop/Airflow_pract/venv/lib/python3.9/site-packages/airflow/example_dags/example_sla_dag.py
[2025-04-20T21:25:50.908+0800] {processor.py:925} INFO - DAG(s) 'example_sla_dag' retrieved from /mnt/c/Users/wu_li/OneDrive/Desktop/Airflow_pract/venv/lib/python3.9/site-packages/airflow/example_dags/example_sla_dag.py
[2025-04-20T21:25:50.960+0800] {logging_mixin.py:190} INFO - [2025-04-20T21:25:50.959+0800] {dag.py:3239} INFO - Sync 1 DAGs
[2025-04-20T21:25:51.051+0800] {logging_mixin.py:190} INFO - [2025-04-20T21:25:51.050+0800] {dag.py:4180} INFO - Setting next_dagrun for example_sla_dag to 2025-04-20 13:22:00+00:00, run_after=2025-04-20 13:24:00+00:00
[2025-04-20T21:25:51.156+0800] {processor.py:208} INFO - Processing /mnt/c/Users/wu_li/OneDrive/Desktop/Airflow_pract/venv/lib/python3.9/site-packages/airflow/example_dags/example_sla_dag.py took 0.316 seconds
[2025-04-20T21:27:19.738+0800] {processor.py:186} INFO - Started process (PID=109782) to work on /mnt/c/Users/wu_li/OneDrive/Desktop/Airflow_pract/venv/lib/python3.9/site-packages/airflow/example_dags/example_sla_dag.py
[2025-04-20T21:27:19.739+0800] {processor.py:914} INFO - Processing file /mnt/c/Users/wu_li/OneDrive/Desktop/Airflow_pract/venv/lib/python3.9/site-packages/airflow/example_dags/example_sla_dag.py for tasks to queue
[2025-04-20T21:27:19.742+0800] {logging_mixin.py:190} INFO - [2025-04-20T21:27:19.741+0800] {dagbag.py:588} INFO - Filling up the DagBag from /mnt/c/Users/wu_li/OneDrive/Desktop/Airflow_pract/venv/lib/python3.9/site-packages/airflow/example_dags/example_sla_dag.py
[2025-04-20T21:27:19.767+0800] {processor.py:925} INFO - DAG(s) 'example_sla_dag' retrieved from /mnt/c/Users/wu_li/OneDrive/Desktop/Airflow_pract/venv/lib/python3.9/site-packages/airflow/example_dags/example_sla_dag.py
[2025-04-20T21:27:19.790+0800] {logging_mixin.py:190} INFO - [2025-04-20T21:27:19.789+0800] {dag.py:3239} INFO - Sync 1 DAGs
[2025-04-20T21:27:19.821+0800] {logging_mixin.py:190} INFO - [2025-04-20T21:27:19.820+0800] {dag.py:4180} INFO - Setting next_dagrun for example_sla_dag to 2025-04-20 13:24:00+00:00, run_after=2025-04-20 13:26:00+00:00
[2025-04-20T21:27:19.880+0800] {processor.py:208} INFO - Processing /mnt/c/Users/wu_li/OneDrive/Desktop/Airflow_pract/venv/lib/python3.9/site-packages/airflow/example_dags/example_sla_dag.py took 0.153 seconds
[2025-04-20T21:28:52.125+0800] {processor.py:186} INFO - Started process (PID=110864) to work on /mnt/c/Users/wu_li/OneDrive/Desktop/Airflow_pract/venv/lib/python3.9/site-packages/airflow/example_dags/example_sla_dag.py
[2025-04-20T21:28:52.127+0800] {processor.py:914} INFO - Processing file /mnt/c/Users/wu_li/OneDrive/Desktop/Airflow_pract/venv/lib/python3.9/site-packages/airflow/example_dags/example_sla_dag.py for tasks to queue
[2025-04-20T21:28:52.130+0800] {logging_mixin.py:190} INFO - [2025-04-20T21:28:52.129+0800] {dagbag.py:588} INFO - Filling up the DagBag from /mnt/c/Users/wu_li/OneDrive/Desktop/Airflow_pract/venv/lib/python3.9/site-packages/airflow/example_dags/example_sla_dag.py
[2025-04-20T21:28:52.156+0800] {processor.py:925} INFO - DAG(s) 'example_sla_dag' retrieved from /mnt/c/Users/wu_li/OneDrive/Desktop/Airflow_pract/venv/lib/python3.9/site-packages/airflow/example_dags/example_sla_dag.py
[2025-04-20T21:28:52.182+0800] {logging_mixin.py:190} INFO - [2025-04-20T21:28:52.181+0800] {dag.py:3239} INFO - Sync 1 DAGs
[2025-04-20T21:28:52.217+0800] {logging_mixin.py:190} INFO - [2025-04-20T21:28:52.216+0800] {dag.py:4180} INFO - Setting next_dagrun for example_sla_dag to 2025-04-20 13:26:00+00:00, run_after=2025-04-20 13:28:00+00:00
[2025-04-20T21:28:52.279+0800] {processor.py:208} INFO - Processing /mnt/c/Users/wu_li/OneDrive/Desktop/Airflow_pract/venv/lib/python3.9/site-packages/airflow/example_dags/example_sla_dag.py took 0.165 seconds
[2025-04-20T21:30:23.021+0800] {processor.py:186} INFO - Started process (PID=111940) to work on /mnt/c/Users/wu_li/OneDrive/Desktop/Airflow_pract/venv/lib/python3.9/site-packages/airflow/example_dags/example_sla_dag.py
[2025-04-20T21:30:23.025+0800] {processor.py:914} INFO - Processing file /mnt/c/Users/wu_li/OneDrive/Desktop/Airflow_pract/venv/lib/python3.9/site-packages/airflow/example_dags/example_sla_dag.py for tasks to queue
[2025-04-20T21:30:23.029+0800] {logging_mixin.py:190} INFO - [2025-04-20T21:30:23.028+0800] {dagbag.py:588} INFO - Filling up the DagBag from /mnt/c/Users/wu_li/OneDrive/Desktop/Airflow_pract/venv/lib/python3.9/site-packages/airflow/example_dags/example_sla_dag.py
[2025-04-20T21:30:23.065+0800] {processor.py:925} INFO - DAG(s) 'example_sla_dag' retrieved from /mnt/c/Users/wu_li/OneDrive/Desktop/Airflow_pract/venv/lib/python3.9/site-packages/airflow/example_dags/example_sla_dag.py
[2025-04-20T21:30:23.110+0800] {logging_mixin.py:190} INFO - [2025-04-20T21:30:23.109+0800] {dag.py:3239} INFO - Sync 1 DAGs
[2025-04-20T21:30:23.179+0800] {logging_mixin.py:190} INFO - [2025-04-20T21:30:23.178+0800] {dag.py:4180} INFO - Setting next_dagrun for example_sla_dag to 2025-04-20 13:28:00+00:00, run_after=2025-04-20 13:30:00+00:00
[2025-04-20T21:30:23.570+0800] {processor.py:208} INFO - Processing /mnt/c/Users/wu_li/OneDrive/Desktop/Airflow_pract/venv/lib/python3.9/site-packages/airflow/example_dags/example_sla_dag.py took 0.571 seconds
[2025-04-20T21:31:57.268+0800] {processor.py:186} INFO - Started process (PID=113022) to work on /mnt/c/Users/wu_li/OneDrive/Desktop/Airflow_pract/venv/lib/python3.9/site-packages/airflow/example_dags/example_sla_dag.py
[2025-04-20T21:31:57.270+0800] {processor.py:914} INFO - Processing file /mnt/c/Users/wu_li/OneDrive/Desktop/Airflow_pract/venv/lib/python3.9/site-packages/airflow/example_dags/example_sla_dag.py for tasks to queue
[2025-04-20T21:31:57.275+0800] {logging_mixin.py:190} INFO - [2025-04-20T21:31:57.273+0800] {dagbag.py:588} INFO - Filling up the DagBag from /mnt/c/Users/wu_li/OneDrive/Desktop/Airflow_pract/venv/lib/python3.9/site-packages/airflow/example_dags/example_sla_dag.py
[2025-04-20T21:31:57.315+0800] {processor.py:925} INFO - DAG(s) 'example_sla_dag' retrieved from /mnt/c/Users/wu_li/OneDrive/Desktop/Airflow_pract/venv/lib/python3.9/site-packages/airflow/example_dags/example_sla_dag.py
[2025-04-20T21:31:57.357+0800] {logging_mixin.py:190} INFO - [2025-04-20T21:31:57.355+0800] {dag.py:3239} INFO - Sync 1 DAGs
[2025-04-20T21:31:57.433+0800] {logging_mixin.py:190} INFO - [2025-04-20T21:31:57.432+0800] {dag.py:4180} INFO - Setting next_dagrun for example_sla_dag to 2025-04-20 13:28:00+00:00, run_after=2025-04-20 13:30:00+00:00
[2025-04-20T21:31:57.518+0800] {processor.py:208} INFO - Processing /mnt/c/Users/wu_li/OneDrive/Desktop/Airflow_pract/venv/lib/python3.9/site-packages/airflow/example_dags/example_sla_dag.py took 0.279 seconds
[2025-04-20T21:33:25.655+0800] {processor.py:186} INFO - Started process (PID=114028) to work on /mnt/c/Users/wu_li/OneDrive/Desktop/Airflow_pract/venv/lib/python3.9/site-packages/airflow/example_dags/example_sla_dag.py
[2025-04-20T21:33:25.657+0800] {processor.py:914} INFO - Processing file /mnt/c/Users/wu_li/OneDrive/Desktop/Airflow_pract/venv/lib/python3.9/site-packages/airflow/example_dags/example_sla_dag.py for tasks to queue
[2025-04-20T21:33:25.663+0800] {logging_mixin.py:190} INFO - [2025-04-20T21:33:25.661+0800] {dagbag.py:588} INFO - Filling up the DagBag from /mnt/c/Users/wu_li/OneDrive/Desktop/Airflow_pract/venv/lib/python3.9/site-packages/airflow/example_dags/example_sla_dag.py
[2025-04-20T21:33:25.698+0800] {processor.py:925} INFO - DAG(s) 'example_sla_dag' retrieved from /mnt/c/Users/wu_li/OneDrive/Desktop/Airflow_pract/venv/lib/python3.9/site-packages/airflow/example_dags/example_sla_dag.py
[2025-04-20T21:33:25.724+0800] {logging_mixin.py:190} INFO - [2025-04-20T21:33:25.723+0800] {dag.py:3239} INFO - Sync 1 DAGs
[2025-04-20T21:33:25.762+0800] {logging_mixin.py:190} INFO - [2025-04-20T21:33:25.761+0800] {dag.py:4180} INFO - Setting next_dagrun for example_sla_dag to 2025-04-20 13:30:00+00:00, run_after=2025-04-20 13:32:00+00:00
[2025-04-20T21:33:25.914+0800] {processor.py:208} INFO - Processing /mnt/c/Users/wu_li/OneDrive/Desktop/Airflow_pract/venv/lib/python3.9/site-packages/airflow/example_dags/example_sla_dag.py took 0.277 seconds
[2025-04-20T21:34:58.280+0800] {processor.py:186} INFO - Started process (PID=115111) to work on /mnt/c/Users/wu_li/OneDrive/Desktop/Airflow_pract/venv/lib/python3.9/site-packages/airflow/example_dags/example_sla_dag.py
[2025-04-20T21:34:58.281+0800] {processor.py:914} INFO - Processing file /mnt/c/Users/wu_li/OneDrive/Desktop/Airflow_pract/venv/lib/python3.9/site-packages/airflow/example_dags/example_sla_dag.py for tasks to queue
[2025-04-20T21:34:58.284+0800] {logging_mixin.py:190} INFO - [2025-04-20T21:34:58.283+0800] {dagbag.py:588} INFO - Filling up the DagBag from /mnt/c/Users/wu_li/OneDrive/Desktop/Airflow_pract/venv/lib/python3.9/site-packages/airflow/example_dags/example_sla_dag.py
[2025-04-20T21:34:58.310+0800] {processor.py:925} INFO - DAG(s) 'example_sla_dag' retrieved from /mnt/c/Users/wu_li/OneDrive/Desktop/Airflow_pract/venv/lib/python3.9/site-packages/airflow/example_dags/example_sla_dag.py
[2025-04-20T21:34:58.336+0800] {logging_mixin.py:190} INFO - [2025-04-20T21:34:58.335+0800] {dag.py:3239} INFO - Sync 1 DAGs
[2025-04-20T21:34:58.460+0800] {logging_mixin.py:190} INFO - [2025-04-20T21:34:58.459+0800] {dag.py:4180} INFO - Setting next_dagrun for example_sla_dag to 2025-04-20 13:32:00+00:00, run_after=2025-04-20 13:34:00+00:00
[2025-04-20T21:34:58.521+0800] {processor.py:208} INFO - Processing /mnt/c/Users/wu_li/OneDrive/Desktop/Airflow_pract/venv/lib/python3.9/site-packages/airflow/example_dags/example_sla_dag.py took 0.252 seconds
[2025-04-20T21:36:38.510+0800] {processor.py:186} INFO - Started process (PID=116334) to work on /mnt/c/Users/wu_li/OneDrive/Desktop/Airflow_pract/venv/lib/python3.9/site-packages/airflow/example_dags/example_sla_dag.py
[2025-04-20T21:36:38.513+0800] {processor.py:914} INFO - Processing file /mnt/c/Users/wu_li/OneDrive/Desktop/Airflow_pract/venv/lib/python3.9/site-packages/airflow/example_dags/example_sla_dag.py for tasks to queue
[2025-04-20T21:36:38.518+0800] {logging_mixin.py:190} INFO - [2025-04-20T21:36:38.515+0800] {dagbag.py:588} INFO - Filling up the DagBag from /mnt/c/Users/wu_li/OneDrive/Desktop/Airflow_pract/venv/lib/python3.9/site-packages/airflow/example_dags/example_sla_dag.py
[2025-04-20T21:36:38.559+0800] {processor.py:925} INFO - DAG(s) 'example_sla_dag' retrieved from /mnt/c/Users/wu_li/OneDrive/Desktop/Airflow_pract/venv/lib/python3.9/site-packages/airflow/example_dags/example_sla_dag.py
[2025-04-20T21:36:38.614+0800] {logging_mixin.py:190} INFO - [2025-04-20T21:36:38.613+0800] {dag.py:3239} INFO - Sync 1 DAGs
[2025-04-20T21:36:38.865+0800] {logging_mixin.py:190} INFO - [2025-04-20T21:36:38.863+0800] {dag.py:4180} INFO - Setting next_dagrun for example_sla_dag to 2025-04-20 13:34:00+00:00, run_after=2025-04-20 13:36:00+00:00
[2025-04-20T21:36:38.956+0800] {processor.py:208} INFO - Processing /mnt/c/Users/wu_li/OneDrive/Desktop/Airflow_pract/venv/lib/python3.9/site-packages/airflow/example_dags/example_sla_dag.py took 0.464 seconds
[2025-04-20T21:38:29.478+0800] {processor.py:186} INFO - Started process (PID=117308) to work on /mnt/c/Users/wu_li/OneDrive/Desktop/Airflow_pract/venv/lib/python3.9/site-packages/airflow/example_dags/example_sla_dag.py
[2025-04-20T21:38:29.480+0800] {processor.py:914} INFO - Processing file /mnt/c/Users/wu_li/OneDrive/Desktop/Airflow_pract/venv/lib/python3.9/site-packages/airflow/example_dags/example_sla_dag.py for tasks to queue
[2025-04-20T21:38:29.482+0800] {logging_mixin.py:190} INFO - [2025-04-20T21:38:29.481+0800] {dagbag.py:588} INFO - Filling up the DagBag from /mnt/c/Users/wu_li/OneDrive/Desktop/Airflow_pract/venv/lib/python3.9/site-packages/airflow/example_dags/example_sla_dag.py
[2025-04-20T21:38:29.515+0800] {processor.py:925} INFO - DAG(s) 'example_sla_dag' retrieved from /mnt/c/Users/wu_li/OneDrive/Desktop/Airflow_pract/venv/lib/python3.9/site-packages/airflow/example_dags/example_sla_dag.py
[2025-04-20T21:38:29.540+0800] {logging_mixin.py:190} INFO - [2025-04-20T21:38:29.540+0800] {dag.py:3239} INFO - Sync 1 DAGs
[2025-04-20T21:38:29.665+0800] {logging_mixin.py:190} INFO - [2025-04-20T21:38:29.664+0800] {dag.py:4180} INFO - Setting next_dagrun for example_sla_dag to 2025-04-20 13:36:00+00:00, run_after=2025-04-20 13:38:00+00:00
[2025-04-20T21:38:29.720+0800] {processor.py:208} INFO - Processing /mnt/c/Users/wu_li/OneDrive/Desktop/Airflow_pract/venv/lib/python3.9/site-packages/airflow/example_dags/example_sla_dag.py took 0.253 seconds
[2025-04-20T21:39:57.281+0800] {processor.py:186} INFO - Started process (PID=118254) to work on /mnt/c/Users/wu_li/OneDrive/Desktop/Airflow_pract/venv/lib/python3.9/site-packages/airflow/example_dags/example_sla_dag.py
[2025-04-20T21:39:57.291+0800] {processor.py:914} INFO - Processing file /mnt/c/Users/wu_li/OneDrive/Desktop/Airflow_pract/venv/lib/python3.9/site-packages/airflow/example_dags/example_sla_dag.py for tasks to queue
[2025-04-20T21:39:57.294+0800] {logging_mixin.py:190} INFO - [2025-04-20T21:39:57.293+0800] {dagbag.py:588} INFO - Filling up the DagBag from /mnt/c/Users/wu_li/OneDrive/Desktop/Airflow_pract/venv/lib/python3.9/site-packages/airflow/example_dags/example_sla_dag.py
[2025-04-20T21:39:57.327+0800] {processor.py:925} INFO - DAG(s) 'example_sla_dag' retrieved from /mnt/c/Users/wu_li/OneDrive/Desktop/Airflow_pract/venv/lib/python3.9/site-packages/airflow/example_dags/example_sla_dag.py
[2025-04-20T21:39:57.358+0800] {logging_mixin.py:190} INFO - [2025-04-20T21:39:57.357+0800] {dag.py:3239} INFO - Sync 1 DAGs
[2025-04-20T21:39:57.396+0800] {logging_mixin.py:190} INFO - [2025-04-20T21:39:57.395+0800] {dag.py:4180} INFO - Setting next_dagrun for example_sla_dag to 2025-04-20 13:36:00+00:00, run_after=2025-04-20 13:38:00+00:00
[2025-04-20T21:39:57.462+0800] {processor.py:208} INFO - Processing /mnt/c/Users/wu_li/OneDrive/Desktop/Airflow_pract/venv/lib/python3.9/site-packages/airflow/example_dags/example_sla_dag.py took 0.196 seconds
[2025-04-20T21:41:24.524+0800] {processor.py:186} INFO - Started process (PID=119375) to work on /mnt/c/Users/wu_li/OneDrive/Desktop/Airflow_pract/venv/lib/python3.9/site-packages/airflow/example_dags/example_sla_dag.py
[2025-04-20T21:41:24.527+0800] {processor.py:914} INFO - Processing file /mnt/c/Users/wu_li/OneDrive/Desktop/Airflow_pract/venv/lib/python3.9/site-packages/airflow/example_dags/example_sla_dag.py for tasks to queue
[2025-04-20T21:41:24.532+0800] {logging_mixin.py:190} INFO - [2025-04-20T21:41:24.531+0800] {dagbag.py:588} INFO - Filling up the DagBag from /mnt/c/Users/wu_li/OneDrive/Desktop/Airflow_pract/venv/lib/python3.9/site-packages/airflow/example_dags/example_sla_dag.py
[2025-04-20T21:41:24.573+0800] {processor.py:925} INFO - DAG(s) 'example_sla_dag' retrieved from /mnt/c/Users/wu_li/OneDrive/Desktop/Airflow_pract/venv/lib/python3.9/site-packages/airflow/example_dags/example_sla_dag.py
[2025-04-20T21:41:24.624+0800] {logging_mixin.py:190} INFO - [2025-04-20T21:41:24.623+0800] {dag.py:3239} INFO - Sync 1 DAGs
[2025-04-20T21:41:24.716+0800] {logging_mixin.py:190} INFO - [2025-04-20T21:41:24.715+0800] {dag.py:4180} INFO - Setting next_dagrun for example_sla_dag to 2025-04-20 13:38:00+00:00, run_after=2025-04-20 13:40:00+00:00
[2025-04-20T21:41:24.820+0800] {processor.py:208} INFO - Processing /mnt/c/Users/wu_li/OneDrive/Desktop/Airflow_pract/venv/lib/python3.9/site-packages/airflow/example_dags/example_sla_dag.py took 0.315 seconds
[2025-04-20T21:43:01.097+0800] {processor.py:186} INFO - Started process (PID=120212) to work on /mnt/c/Users/wu_li/OneDrive/Desktop/Airflow_pract/venv/lib/python3.9/site-packages/airflow/example_dags/example_sla_dag.py
[2025-04-20T21:43:01.101+0800] {processor.py:914} INFO - Processing file /mnt/c/Users/wu_li/OneDrive/Desktop/Airflow_pract/venv/lib/python3.9/site-packages/airflow/example_dags/example_sla_dag.py for tasks to queue
[2025-04-20T21:43:01.105+0800] {logging_mixin.py:190} INFO - [2025-04-20T21:43:01.104+0800] {dagbag.py:588} INFO - Filling up the DagBag from /mnt/c/Users/wu_li/OneDrive/Desktop/Airflow_pract/venv/lib/python3.9/site-packages/airflow/example_dags/example_sla_dag.py
[2025-04-20T21:43:01.145+0800] {processor.py:925} INFO - DAG(s) 'example_sla_dag' retrieved from /mnt/c/Users/wu_li/OneDrive/Desktop/Airflow_pract/venv/lib/python3.9/site-packages/airflow/example_dags/example_sla_dag.py
[2025-04-20T21:43:01.190+0800] {logging_mixin.py:190} INFO - [2025-04-20T21:43:01.189+0800] {dag.py:3239} INFO - Sync 1 DAGs
[2025-04-20T21:43:01.243+0800] {logging_mixin.py:190} INFO - [2025-04-20T21:43:01.242+0800] {dag.py:4180} INFO - Setting next_dagrun for example_sla_dag to 2025-04-20 13:40:00+00:00, run_after=2025-04-20 13:42:00+00:00
[2025-04-20T21:43:01.342+0800] {processor.py:208} INFO - Processing /mnt/c/Users/wu_li/OneDrive/Desktop/Airflow_pract/venv/lib/python3.9/site-packages/airflow/example_dags/example_sla_dag.py took 0.258 seconds
[2025-04-20T21:44:36.333+0800] {processor.py:186} INFO - Started process (PID=121173) to work on /mnt/c/Users/wu_li/OneDrive/Desktop/Airflow_pract/venv/lib/python3.9/site-packages/airflow/example_dags/example_sla_dag.py
[2025-04-20T21:44:36.334+0800] {processor.py:914} INFO - Processing file /mnt/c/Users/wu_li/OneDrive/Desktop/Airflow_pract/venv/lib/python3.9/site-packages/airflow/example_dags/example_sla_dag.py for tasks to queue
[2025-04-20T21:44:36.337+0800] {logging_mixin.py:190} INFO - [2025-04-20T21:44:36.336+0800] {dagbag.py:588} INFO - Filling up the DagBag from /mnt/c/Users/wu_li/OneDrive/Desktop/Airflow_pract/venv/lib/python3.9/site-packages/airflow/example_dags/example_sla_dag.py
[2025-04-20T21:44:36.368+0800] {processor.py:925} INFO - DAG(s) 'example_sla_dag' retrieved from /mnt/c/Users/wu_li/OneDrive/Desktop/Airflow_pract/venv/lib/python3.9/site-packages/airflow/example_dags/example_sla_dag.py
[2025-04-20T21:44:36.393+0800] {logging_mixin.py:190} INFO - [2025-04-20T21:44:36.392+0800] {dag.py:3239} INFO - Sync 1 DAGs
[2025-04-20T21:44:36.445+0800] {logging_mixin.py:190} INFO - [2025-04-20T21:44:36.445+0800] {dag.py:4180} INFO - Setting next_dagrun for example_sla_dag to 2025-04-20 13:42:00+00:00, run_after=2025-04-20 13:44:00+00:00
[2025-04-20T21:44:36.506+0800] {processor.py:208} INFO - Processing /mnt/c/Users/wu_li/OneDrive/Desktop/Airflow_pract/venv/lib/python3.9/site-packages/airflow/example_dags/example_sla_dag.py took 0.188 seconds
[2025-04-20T21:46:12.064+0800] {processor.py:186} INFO - Started process (PID=122049) to work on /mnt/c/Users/wu_li/OneDrive/Desktop/Airflow_pract/venv/lib/python3.9/site-packages/airflow/example_dags/example_sla_dag.py
[2025-04-20T21:46:12.066+0800] {processor.py:914} INFO - Processing file /mnt/c/Users/wu_li/OneDrive/Desktop/Airflow_pract/venv/lib/python3.9/site-packages/airflow/example_dags/example_sla_dag.py for tasks to queue
[2025-04-20T21:46:12.070+0800] {logging_mixin.py:190} INFO - [2025-04-20T21:46:12.069+0800] {dagbag.py:588} INFO - Filling up the DagBag from /mnt/c/Users/wu_li/OneDrive/Desktop/Airflow_pract/venv/lib/python3.9/site-packages/airflow/example_dags/example_sla_dag.py
[2025-04-20T21:46:12.117+0800] {processor.py:925} INFO - DAG(s) 'example_sla_dag' retrieved from /mnt/c/Users/wu_li/OneDrive/Desktop/Airflow_pract/venv/lib/python3.9/site-packages/airflow/example_dags/example_sla_dag.py
[2025-04-20T21:46:12.160+0800] {logging_mixin.py:190} INFO - [2025-04-20T21:46:12.159+0800] {dag.py:3239} INFO - Sync 1 DAGs
[2025-04-20T21:46:12.231+0800] {logging_mixin.py:190} INFO - [2025-04-20T21:46:12.230+0800] {dag.py:4180} INFO - Setting next_dagrun for example_sla_dag to 2025-04-20 13:44:00+00:00, run_after=2025-04-20 13:46:00+00:00
[2025-04-20T21:46:12.304+0800] {processor.py:208} INFO - Processing /mnt/c/Users/wu_li/OneDrive/Desktop/Airflow_pract/venv/lib/python3.9/site-packages/airflow/example_dags/example_sla_dag.py took 0.263 seconds
[2025-04-20T21:48:09.505+0800] {processor.py:186} INFO - Started process (PID=122931) to work on /mnt/c/Users/wu_li/OneDrive/Desktop/Airflow_pract/venv/lib/python3.9/site-packages/airflow/example_dags/example_sla_dag.py
[2025-04-20T21:48:09.506+0800] {processor.py:914} INFO - Processing file /mnt/c/Users/wu_li/OneDrive/Desktop/Airflow_pract/venv/lib/python3.9/site-packages/airflow/example_dags/example_sla_dag.py for tasks to queue
[2025-04-20T21:48:09.509+0800] {logging_mixin.py:190} INFO - [2025-04-20T21:48:09.508+0800] {dagbag.py:588} INFO - Filling up the DagBag from /mnt/c/Users/wu_li/OneDrive/Desktop/Airflow_pract/venv/lib/python3.9/site-packages/airflow/example_dags/example_sla_dag.py
[2025-04-20T21:48:09.533+0800] {processor.py:925} INFO - DAG(s) 'example_sla_dag' retrieved from /mnt/c/Users/wu_li/OneDrive/Desktop/Airflow_pract/venv/lib/python3.9/site-packages/airflow/example_dags/example_sla_dag.py
[2025-04-20T21:48:09.558+0800] {logging_mixin.py:190} INFO - [2025-04-20T21:48:09.557+0800] {dag.py:3239} INFO - Sync 1 DAGs
[2025-04-20T21:48:09.592+0800] {logging_mixin.py:190} INFO - [2025-04-20T21:48:09.591+0800] {dag.py:4180} INFO - Setting next_dagrun for example_sla_dag to 2025-04-20 13:46:00+00:00, run_after=2025-04-20 13:48:00+00:00
[2025-04-20T21:48:09.641+0800] {processor.py:208} INFO - Processing /mnt/c/Users/wu_li/OneDrive/Desktop/Airflow_pract/venv/lib/python3.9/site-packages/airflow/example_dags/example_sla_dag.py took 0.148 seconds
[2025-04-20T21:49:37.625+0800] {processor.py:186} INFO - Started process (PID=123935) to work on /mnt/c/Users/wu_li/OneDrive/Desktop/Airflow_pract/venv/lib/python3.9/site-packages/airflow/example_dags/example_sla_dag.py
[2025-04-20T21:49:37.629+0800] {processor.py:914} INFO - Processing file /mnt/c/Users/wu_li/OneDrive/Desktop/Airflow_pract/venv/lib/python3.9/site-packages/airflow/example_dags/example_sla_dag.py for tasks to queue
[2025-04-20T21:49:37.638+0800] {logging_mixin.py:190} INFO - [2025-04-20T21:49:37.636+0800] {dagbag.py:588} INFO - Filling up the DagBag from /mnt/c/Users/wu_li/OneDrive/Desktop/Airflow_pract/venv/lib/python3.9/site-packages/airflow/example_dags/example_sla_dag.py
[2025-04-20T21:49:37.698+0800] {processor.py:925} INFO - DAG(s) 'example_sla_dag' retrieved from /mnt/c/Users/wu_li/OneDrive/Desktop/Airflow_pract/venv/lib/python3.9/site-packages/airflow/example_dags/example_sla_dag.py
[2025-04-20T21:49:37.769+0800] {logging_mixin.py:190} INFO - [2025-04-20T21:49:37.767+0800] {dag.py:3239} INFO - Sync 1 DAGs
[2025-04-20T21:49:37.874+0800] {logging_mixin.py:190} INFO - [2025-04-20T21:49:37.871+0800] {dag.py:4180} INFO - Setting next_dagrun for example_sla_dag to 2025-04-20 13:46:00+00:00, run_after=2025-04-20 13:48:00+00:00
[2025-04-20T21:49:37.971+0800] {processor.py:208} INFO - Processing /mnt/c/Users/wu_li/OneDrive/Desktop/Airflow_pract/venv/lib/python3.9/site-packages/airflow/example_dags/example_sla_dag.py took 0.383 seconds
[2025-04-20T21:50:38.011+0800] {processor.py:186} INFO - Started process (PID=124338) to work on /mnt/c/Users/wu_li/OneDrive/Desktop/Airflow_pract/venv/lib/python3.9/site-packages/airflow/example_dags/example_sla_dag.py
[2025-04-20T21:50:38.013+0800] {processor.py:914} INFO - Processing file /mnt/c/Users/wu_li/OneDrive/Desktop/Airflow_pract/venv/lib/python3.9/site-packages/airflow/example_dags/example_sla_dag.py for tasks to queue
[2025-04-20T21:50:38.016+0800] {logging_mixin.py:190} INFO - [2025-04-20T21:50:38.014+0800] {dagbag.py:588} INFO - Filling up the DagBag from /mnt/c/Users/wu_li/OneDrive/Desktop/Airflow_pract/venv/lib/python3.9/site-packages/airflow/example_dags/example_sla_dag.py
[2025-04-20T21:50:38.043+0800] {processor.py:925} INFO - DAG(s) 'example_sla_dag' retrieved from /mnt/c/Users/wu_li/OneDrive/Desktop/Airflow_pract/venv/lib/python3.9/site-packages/airflow/example_dags/example_sla_dag.py
[2025-04-20T21:50:38.067+0800] {logging_mixin.py:190} INFO - [2025-04-20T21:50:38.067+0800] {dag.py:3239} INFO - Sync 1 DAGs
[2025-04-20T21:50:38.100+0800] {logging_mixin.py:190} INFO - [2025-04-20T21:50:38.099+0800] {dag.py:4180} INFO - Setting next_dagrun for example_sla_dag to 2025-04-20 13:48:00+00:00, run_after=2025-04-20 13:50:00+00:00
[2025-04-20T21:50:38.166+0800] {processor.py:208} INFO - Processing /mnt/c/Users/wu_li/OneDrive/Desktop/Airflow_pract/venv/lib/python3.9/site-packages/airflow/example_dags/example_sla_dag.py took 0.169 seconds
