[2025-04-20T20:13:09.035+0800] {processor.py:186} INFO - Started process (PID=64394) to work on /mnt/c/Users/wu_li/OneDrive/Desktop/Airflow_pract/venv/lib/python3.9/site-packages/airflow/example_dags/example_bash_operator.py
[2025-04-20T20:13:09.036+0800] {processor.py:914} INFO - Processing file /mnt/c/Users/wu_li/OneDrive/Desktop/Airflow_pract/venv/lib/python3.9/site-packages/airflow/example_dags/example_bash_operator.py for tasks to queue
[2025-04-20T20:13:09.039+0800] {logging_mixin.py:190} INFO - [2025-04-20T20:13:09.038+0800] {dagbag.py:588} INFO - Filling up the DagBag from /mnt/c/Users/wu_li/OneDrive/Desktop/Airflow_pract/venv/lib/python3.9/site-packages/airflow/example_dags/example_bash_operator.py
[2025-04-20T20:13:09.119+0800] {processor.py:925} INFO - DAG(s) 'example_bash_operator' retrieved from /mnt/c/Users/wu_li/OneDrive/Desktop/Airflow_pract/venv/lib/python3.9/site-packages/airflow/example_dags/example_bash_operator.py
[2025-04-20T20:13:10.602+0800] {logging_mixin.py:190} INFO - [2025-04-20T20:13:10.600+0800] {override.py:1912} INFO - Created Permission View: can delete on DAG:example_bash_operator
[2025-04-20T20:13:10.661+0800] {logging_mixin.py:190} INFO - [2025-04-20T20:13:10.660+0800] {override.py:1912} INFO - Created Permission View: can read on DAG:example_bash_operator
[2025-04-20T20:13:10.725+0800] {logging_mixin.py:190} INFO - [2025-04-20T20:13:10.723+0800] {override.py:1912} INFO - Created Permission View: can edit on DAG:example_bash_operator
[2025-04-20T20:13:10.832+0800] {logging_mixin.py:190} INFO - [2025-04-20T20:13:10.827+0800] {override.py:1912} INFO - Created Permission View: can delete on DAG Run:example_bash_operator
[2025-04-20T20:13:10.909+0800] {logging_mixin.py:190} INFO - [2025-04-20T20:13:10.908+0800] {override.py:1912} INFO - Created Permission View: can read on DAG Run:example_bash_operator
[2025-04-20T20:13:10.978+0800] {logging_mixin.py:190} INFO - [2025-04-20T20:13:10.976+0800] {override.py:1912} INFO - Created Permission View: can create on DAG Run:example_bash_operator
[2025-04-20T20:13:11.044+0800] {logging_mixin.py:190} INFO - [2025-04-20T20:13:11.043+0800] {override.py:1912} INFO - Created Permission View: menu access on DAG Run:example_bash_operator
[2025-04-20T20:13:11.048+0800] {logging_mixin.py:190} INFO - [2025-04-20T20:13:11.047+0800] {dag.py:3239} INFO - Sync 1 DAGs
[2025-04-20T20:13:11.093+0800] {logging_mixin.py:190} INFO - [2025-04-20T20:13:11.091+0800] {dag.py:3262} INFO - Creating ORM DAG for example_bash_operator
[2025-04-20T20:13:11.127+0800] {logging_mixin.py:190} INFO - [2025-04-20T20:13:11.124+0800] {dag.py:4180} INFO - Setting next_dagrun for example_bash_operator to 2025-04-19 00:00:00+00:00, run_after=2025-04-20 00:00:00+00:00
[2025-04-20T20:13:11.238+0800] {processor.py:208} INFO - Processing /mnt/c/Users/wu_li/OneDrive/Desktop/Airflow_pract/venv/lib/python3.9/site-packages/airflow/example_dags/example_bash_operator.py took 2.214 seconds
[2025-04-20T20:18:10.224+0800] {processor.py:186} INFO - Started process (PID=68333) to work on /mnt/c/Users/wu_li/OneDrive/Desktop/Airflow_pract/venv/lib/python3.9/site-packages/airflow/example_dags/example_bash_operator.py
[2025-04-20T20:18:10.225+0800] {processor.py:914} INFO - Processing file /mnt/c/Users/wu_li/OneDrive/Desktop/Airflow_pract/venv/lib/python3.9/site-packages/airflow/example_dags/example_bash_operator.py for tasks to queue
[2025-04-20T20:18:10.228+0800] {logging_mixin.py:190} INFO - [2025-04-20T20:18:10.227+0800] {dagbag.py:588} INFO - Filling up the DagBag from /mnt/c/Users/wu_li/OneDrive/Desktop/Airflow_pract/venv/lib/python3.9/site-packages/airflow/example_dags/example_bash_operator.py
[2025-04-20T20:18:10.295+0800] {processor.py:925} INFO - DAG(s) 'example_bash_operator' retrieved from /mnt/c/Users/wu_li/OneDrive/Desktop/Airflow_pract/venv/lib/python3.9/site-packages/airflow/example_dags/example_bash_operator.py
[2025-04-20T20:18:10.327+0800] {logging_mixin.py:190} INFO - [2025-04-20T20:18:10.326+0800] {dag.py:3239} INFO - Sync 1 DAGs
[2025-04-20T20:18:10.350+0800] {logging_mixin.py:190} INFO - [2025-04-20T20:18:10.349+0800] {dag.py:4180} INFO - Setting next_dagrun for example_bash_operator to 2025-04-19 00:00:00+00:00, run_after=2025-04-20 00:00:00+00:00
[2025-04-20T20:18:10.409+0800] {processor.py:208} INFO - Processing /mnt/c/Users/wu_li/OneDrive/Desktop/Airflow_pract/venv/lib/python3.9/site-packages/airflow/example_dags/example_bash_operator.py took 0.196 seconds
[2025-04-20T20:19:53.159+0800] {processor.py:186} INFO - Started process (PID=69598) to work on /mnt/c/Users/wu_li/OneDrive/Desktop/Airflow_pract/venv/lib/python3.9/site-packages/airflow/example_dags/example_bash_operator.py
[2025-04-20T20:19:53.160+0800] {processor.py:914} INFO - Processing file /mnt/c/Users/wu_li/OneDrive/Desktop/Airflow_pract/venv/lib/python3.9/site-packages/airflow/example_dags/example_bash_operator.py for tasks to queue
[2025-04-20T20:19:53.164+0800] {logging_mixin.py:190} INFO - [2025-04-20T20:19:53.163+0800] {dagbag.py:588} INFO - Filling up the DagBag from /mnt/c/Users/wu_li/OneDrive/Desktop/Airflow_pract/venv/lib/python3.9/site-packages/airflow/example_dags/example_bash_operator.py
[2025-04-20T20:19:53.238+0800] {processor.py:925} INFO - DAG(s) 'example_bash_operator' retrieved from /mnt/c/Users/wu_li/OneDrive/Desktop/Airflow_pract/venv/lib/python3.9/site-packages/airflow/example_dags/example_bash_operator.py
[2025-04-20T20:19:53.275+0800] {logging_mixin.py:190} INFO - [2025-04-20T20:19:53.274+0800] {dag.py:3239} INFO - Sync 1 DAGs
[2025-04-20T20:19:53.306+0800] {logging_mixin.py:190} INFO - [2025-04-20T20:19:53.305+0800] {dag.py:4180} INFO - Setting next_dagrun for example_bash_operator to 2025-04-19 00:00:00+00:00, run_after=2025-04-20 00:00:00+00:00
[2025-04-20T20:19:53.373+0800] {processor.py:208} INFO - Processing /mnt/c/Users/wu_li/OneDrive/Desktop/Airflow_pract/venv/lib/python3.9/site-packages/airflow/example_dags/example_bash_operator.py took 0.228 seconds
[2025-04-20T20:21:51.783+0800] {processor.py:186} INFO - Started process (PID=70556) to work on /mnt/c/Users/wu_li/OneDrive/Desktop/Airflow_pract/venv/lib/python3.9/site-packages/airflow/example_dags/example_bash_operator.py
[2025-04-20T20:21:51.786+0800] {processor.py:914} INFO - Processing file /mnt/c/Users/wu_li/OneDrive/Desktop/Airflow_pract/venv/lib/python3.9/site-packages/airflow/example_dags/example_bash_operator.py for tasks to queue
[2025-04-20T20:21:51.792+0800] {logging_mixin.py:190} INFO - [2025-04-20T20:21:51.790+0800] {dagbag.py:588} INFO - Filling up the DagBag from /mnt/c/Users/wu_li/OneDrive/Desktop/Airflow_pract/venv/lib/python3.9/site-packages/airflow/example_dags/example_bash_operator.py
[2025-04-20T20:21:51.909+0800] {processor.py:925} INFO - DAG(s) 'example_bash_operator' retrieved from /mnt/c/Users/wu_li/OneDrive/Desktop/Airflow_pract/venv/lib/python3.9/site-packages/airflow/example_dags/example_bash_operator.py
[2025-04-20T20:21:52.009+0800] {logging_mixin.py:190} INFO - [2025-04-20T20:21:52.008+0800] {dag.py:3239} INFO - Sync 1 DAGs
[2025-04-20T20:21:52.095+0800] {logging_mixin.py:190} INFO - [2025-04-20T20:21:52.093+0800] {dag.py:4180} INFO - Setting next_dagrun for example_bash_operator to 2025-04-19 00:00:00+00:00, run_after=2025-04-20 00:00:00+00:00
[2025-04-20T20:21:52.211+0800] {processor.py:208} INFO - Processing /mnt/c/Users/wu_li/OneDrive/Desktop/Airflow_pract/venv/lib/python3.9/site-packages/airflow/example_dags/example_bash_operator.py took 0.452 seconds
[2025-04-20T20:23:46.421+0800] {processor.py:186} INFO - Started process (PID=71437) to work on /mnt/c/Users/wu_li/OneDrive/Desktop/Airflow_pract/venv/lib/python3.9/site-packages/airflow/example_dags/example_bash_operator.py
[2025-04-20T20:23:46.423+0800] {processor.py:914} INFO - Processing file /mnt/c/Users/wu_li/OneDrive/Desktop/Airflow_pract/venv/lib/python3.9/site-packages/airflow/example_dags/example_bash_operator.py for tasks to queue
[2025-04-20T20:23:46.426+0800] {logging_mixin.py:190} INFO - [2025-04-20T20:23:46.425+0800] {dagbag.py:588} INFO - Filling up the DagBag from /mnt/c/Users/wu_li/OneDrive/Desktop/Airflow_pract/venv/lib/python3.9/site-packages/airflow/example_dags/example_bash_operator.py
[2025-04-20T20:23:46.516+0800] {processor.py:925} INFO - DAG(s) 'example_bash_operator' retrieved from /mnt/c/Users/wu_li/OneDrive/Desktop/Airflow_pract/venv/lib/python3.9/site-packages/airflow/example_dags/example_bash_operator.py
[2025-04-20T20:23:46.555+0800] {logging_mixin.py:190} INFO - [2025-04-20T20:23:46.554+0800] {dag.py:3239} INFO - Sync 1 DAGs
[2025-04-20T20:23:46.587+0800] {logging_mixin.py:190} INFO - [2025-04-20T20:23:46.585+0800] {dag.py:4180} INFO - Setting next_dagrun for example_bash_operator to 2025-04-19 00:00:00+00:00, run_after=2025-04-20 00:00:00+00:00
[2025-04-20T20:23:46.665+0800] {processor.py:208} INFO - Processing /mnt/c/Users/wu_li/OneDrive/Desktop/Airflow_pract/venv/lib/python3.9/site-packages/airflow/example_dags/example_bash_operator.py took 0.256 seconds
[2025-04-20T20:24:41.905+0800] {processor.py:186} INFO - Started process (PID=71953) to work on /mnt/c/Users/wu_li/OneDrive/Desktop/Airflow_pract/venv/lib/python3.9/site-packages/airflow/example_dags/example_bash_operator.py
[2025-04-20T20:24:41.907+0800] {processor.py:914} INFO - Processing file /mnt/c/Users/wu_li/OneDrive/Desktop/Airflow_pract/venv/lib/python3.9/site-packages/airflow/example_dags/example_bash_operator.py for tasks to queue
[2025-04-20T20:24:41.912+0800] {logging_mixin.py:190} INFO - [2025-04-20T20:24:41.911+0800] {dagbag.py:588} INFO - Filling up the DagBag from /mnt/c/Users/wu_li/OneDrive/Desktop/Airflow_pract/venv/lib/python3.9/site-packages/airflow/example_dags/example_bash_operator.py
[2025-04-20T20:24:41.999+0800] {processor.py:925} INFO - DAG(s) 'example_bash_operator' retrieved from /mnt/c/Users/wu_li/OneDrive/Desktop/Airflow_pract/venv/lib/python3.9/site-packages/airflow/example_dags/example_bash_operator.py
[2025-04-20T20:24:42.045+0800] {logging_mixin.py:190} INFO - [2025-04-20T20:24:42.044+0800] {dag.py:3239} INFO - Sync 1 DAGs
[2025-04-20T20:24:42.070+0800] {logging_mixin.py:190} INFO - [2025-04-20T20:24:42.069+0800] {dag.py:4180} INFO - Setting next_dagrun for example_bash_operator to 2025-04-19 00:00:00+00:00, run_after=2025-04-20 00:00:00+00:00
[2025-04-20T20:24:42.133+0800] {processor.py:208} INFO - Processing /mnt/c/Users/wu_li/OneDrive/Desktop/Airflow_pract/venv/lib/python3.9/site-packages/airflow/example_dags/example_bash_operator.py took 0.243 seconds
[2025-04-20T20:24:46.859+0800] {processor.py:186} INFO - Started process (PID=71989) to work on /mnt/c/Users/wu_li/OneDrive/Desktop/Airflow_pract/venv/lib/python3.9/site-packages/airflow/example_dags/example_bash_operator.py
[2025-04-20T20:24:46.864+0800] {processor.py:914} INFO - Processing file /mnt/c/Users/wu_li/OneDrive/Desktop/Airflow_pract/venv/lib/python3.9/site-packages/airflow/example_dags/example_bash_operator.py for tasks to queue
[2025-04-20T20:24:46.869+0800] {logging_mixin.py:190} INFO - [2025-04-20T20:24:46.867+0800] {dagbag.py:588} INFO - Filling up the DagBag from /mnt/c/Users/wu_li/OneDrive/Desktop/Airflow_pract/venv/lib/python3.9/site-packages/airflow/example_dags/example_bash_operator.py
[2025-04-20T20:24:46.999+0800] {processor.py:925} INFO - DAG(s) 'example_bash_operator' retrieved from /mnt/c/Users/wu_li/OneDrive/Desktop/Airflow_pract/venv/lib/python3.9/site-packages/airflow/example_dags/example_bash_operator.py
[2025-04-20T20:24:47.072+0800] {logging_mixin.py:190} INFO - [2025-04-20T20:24:47.067+0800] {dag.py:3239} INFO - Sync 1 DAGs
[2025-04-20T20:24:47.159+0800] {logging_mixin.py:190} INFO - [2025-04-20T20:24:47.155+0800] {dag.py:4180} INFO - Setting next_dagrun for example_bash_operator to 2025-04-19 00:00:00+00:00, run_after=2025-04-20 00:00:00+00:00
[2025-04-20T20:24:47.252+0800] {processor.py:208} INFO - Processing /mnt/c/Users/wu_li/OneDrive/Desktop/Airflow_pract/venv/lib/python3.9/site-packages/airflow/example_dags/example_bash_operator.py took 0.413 seconds
[2025-04-20T20:25:01.376+0800] {processor.py:186} INFO - Started process (PID=72146) to work on /mnt/c/Users/wu_li/OneDrive/Desktop/Airflow_pract/venv/lib/python3.9/site-packages/airflow/example_dags/example_bash_operator.py
[2025-04-20T20:25:01.379+0800] {processor.py:914} INFO - Processing file /mnt/c/Users/wu_li/OneDrive/Desktop/Airflow_pract/venv/lib/python3.9/site-packages/airflow/example_dags/example_bash_operator.py for tasks to queue
[2025-04-20T20:25:01.390+0800] {logging_mixin.py:190} INFO - [2025-04-20T20:25:01.384+0800] {dagbag.py:588} INFO - Filling up the DagBag from /mnt/c/Users/wu_li/OneDrive/Desktop/Airflow_pract/venv/lib/python3.9/site-packages/airflow/example_dags/example_bash_operator.py
[2025-04-20T20:25:01.550+0800] {processor.py:925} INFO - DAG(s) 'example_bash_operator' retrieved from /mnt/c/Users/wu_li/OneDrive/Desktop/Airflow_pract/venv/lib/python3.9/site-packages/airflow/example_dags/example_bash_operator.py
[2025-04-20T20:25:01.660+0800] {logging_mixin.py:190} INFO - [2025-04-20T20:25:01.659+0800] {dag.py:3239} INFO - Sync 1 DAGs
[2025-04-20T20:25:01.773+0800] {logging_mixin.py:190} INFO - [2025-04-20T20:25:01.769+0800] {dag.py:4180} INFO - Setting next_dagrun for example_bash_operator to 2025-04-19 00:00:00+00:00, run_after=2025-04-20 00:00:00+00:00
[2025-04-20T20:25:01.937+0800] {processor.py:208} INFO - Processing /mnt/c/Users/wu_li/OneDrive/Desktop/Airflow_pract/venv/lib/python3.9/site-packages/airflow/example_dags/example_bash_operator.py took 0.599 seconds
[2025-04-20T20:25:22.353+0800] {processor.py:186} INFO - Started process (PID=72306) to work on /mnt/c/Users/wu_li/OneDrive/Desktop/Airflow_pract/venv/lib/python3.9/site-packages/airflow/example_dags/example_bash_operator.py
[2025-04-20T20:25:22.356+0800] {processor.py:914} INFO - Processing file /mnt/c/Users/wu_li/OneDrive/Desktop/Airflow_pract/venv/lib/python3.9/site-packages/airflow/example_dags/example_bash_operator.py for tasks to queue
[2025-04-20T20:25:22.364+0800] {logging_mixin.py:190} INFO - [2025-04-20T20:25:22.361+0800] {dagbag.py:588} INFO - Filling up the DagBag from /mnt/c/Users/wu_li/OneDrive/Desktop/Airflow_pract/venv/lib/python3.9/site-packages/airflow/example_dags/example_bash_operator.py
[2025-04-20T20:25:22.578+0800] {processor.py:925} INFO - DAG(s) 'example_bash_operator' retrieved from /mnt/c/Users/wu_li/OneDrive/Desktop/Airflow_pract/venv/lib/python3.9/site-packages/airflow/example_dags/example_bash_operator.py
[2025-04-20T20:25:22.684+0800] {logging_mixin.py:190} INFO - [2025-04-20T20:25:22.683+0800] {dag.py:3239} INFO - Sync 1 DAGs
[2025-04-20T20:25:22.756+0800] {logging_mixin.py:190} INFO - [2025-04-20T20:25:22.754+0800] {dag.py:4180} INFO - Setting next_dagrun for example_bash_operator to 2025-04-19 00:00:00+00:00, run_after=2025-04-20 00:00:00+00:00
[2025-04-20T20:25:22.851+0800] {processor.py:208} INFO - Processing /mnt/c/Users/wu_li/OneDrive/Desktop/Airflow_pract/venv/lib/python3.9/site-packages/airflow/example_dags/example_bash_operator.py took 0.529 seconds
[2025-04-20T20:27:40.097+0800] {processor.py:186} INFO - Started process (PID=73713) to work on /mnt/c/Users/wu_li/OneDrive/Desktop/Airflow_pract/venv/lib/python3.9/site-packages/airflow/example_dags/example_bash_operator.py
[2025-04-20T20:27:40.100+0800] {processor.py:914} INFO - Processing file /mnt/c/Users/wu_li/OneDrive/Desktop/Airflow_pract/venv/lib/python3.9/site-packages/airflow/example_dags/example_bash_operator.py for tasks to queue
[2025-04-20T20:27:40.105+0800] {logging_mixin.py:190} INFO - [2025-04-20T20:27:40.104+0800] {dagbag.py:588} INFO - Filling up the DagBag from /mnt/c/Users/wu_li/OneDrive/Desktop/Airflow_pract/venv/lib/python3.9/site-packages/airflow/example_dags/example_bash_operator.py
[2025-04-20T20:27:40.209+0800] {processor.py:925} INFO - DAG(s) 'example_bash_operator' retrieved from /mnt/c/Users/wu_li/OneDrive/Desktop/Airflow_pract/venv/lib/python3.9/site-packages/airflow/example_dags/example_bash_operator.py
[2025-04-20T20:27:40.241+0800] {logging_mixin.py:190} INFO - [2025-04-20T20:27:40.241+0800] {dag.py:3239} INFO - Sync 1 DAGs
[2025-04-20T20:27:40.270+0800] {logging_mixin.py:190} INFO - [2025-04-20T20:27:40.269+0800] {dag.py:4180} INFO - Setting next_dagrun for example_bash_operator to 2025-04-19 00:00:00+00:00, run_after=2025-04-20 00:00:00+00:00
[2025-04-20T20:27:40.330+0800] {processor.py:208} INFO - Processing /mnt/c/Users/wu_li/OneDrive/Desktop/Airflow_pract/venv/lib/python3.9/site-packages/airflow/example_dags/example_bash_operator.py took 0.254 seconds
[2025-04-20T20:34:12.968+0800] {processor.py:186} INFO - Started process (PID=76288) to work on /mnt/c/Users/wu_li/OneDrive/Desktop/Airflow_pract/venv/lib/python3.9/site-packages/airflow/example_dags/example_bash_operator.py
[2025-04-20T20:34:12.982+0800] {processor.py:914} INFO - Processing file /mnt/c/Users/wu_li/OneDrive/Desktop/Airflow_pract/venv/lib/python3.9/site-packages/airflow/example_dags/example_bash_operator.py for tasks to queue
[2025-04-20T20:34:12.988+0800] {logging_mixin.py:190} INFO - [2025-04-20T20:34:12.985+0800] {dagbag.py:588} INFO - Filling up the DagBag from /mnt/c/Users/wu_li/OneDrive/Desktop/Airflow_pract/venv/lib/python3.9/site-packages/airflow/example_dags/example_bash_operator.py
[2025-04-20T20:34:13.126+0800] {processor.py:925} INFO - DAG(s) 'example_bash_operator' retrieved from /mnt/c/Users/wu_li/OneDrive/Desktop/Airflow_pract/venv/lib/python3.9/site-packages/airflow/example_dags/example_bash_operator.py
[2025-04-20T20:34:13.540+0800] {logging_mixin.py:190} INFO - [2025-04-20T20:34:13.536+0800] {dag.py:3239} INFO - Sync 1 DAGs
[2025-04-20T20:34:13.649+0800] {logging_mixin.py:190} INFO - [2025-04-20T20:34:13.646+0800] {dag.py:4180} INFO - Setting next_dagrun for example_bash_operator to 2025-04-20 00:00:00+00:00, run_after=2025-04-21 00:00:00+00:00
[2025-04-20T20:34:13.785+0800] {processor.py:208} INFO - Processing /mnt/c/Users/wu_li/OneDrive/Desktop/Airflow_pract/venv/lib/python3.9/site-packages/airflow/example_dags/example_bash_operator.py took 0.865 seconds
[2025-04-20T20:37:18.478+0800] {processor.py:186} INFO - Started process (PID=77569) to work on /mnt/c/Users/wu_li/OneDrive/Desktop/Airflow_pract/venv/lib/python3.9/site-packages/airflow/example_dags/example_bash_operator.py
[2025-04-20T20:37:18.481+0800] {processor.py:914} INFO - Processing file /mnt/c/Users/wu_li/OneDrive/Desktop/Airflow_pract/venv/lib/python3.9/site-packages/airflow/example_dags/example_bash_operator.py for tasks to queue
[2025-04-20T20:37:18.488+0800] {logging_mixin.py:190} INFO - [2025-04-20T20:37:18.487+0800] {dagbag.py:588} INFO - Filling up the DagBag from /mnt/c/Users/wu_li/OneDrive/Desktop/Airflow_pract/venv/lib/python3.9/site-packages/airflow/example_dags/example_bash_operator.py
[2025-04-20T20:37:18.533+0800] {processor.py:925} INFO - DAG(s) 'example_bash_operator' retrieved from /mnt/c/Users/wu_li/OneDrive/Desktop/Airflow_pract/venv/lib/python3.9/site-packages/airflow/example_dags/example_bash_operator.py
[2025-04-20T20:37:18.614+0800] {logging_mixin.py:190} INFO - [2025-04-20T20:37:18.613+0800] {dag.py:3239} INFO - Sync 1 DAGs
[2025-04-20T20:37:18.670+0800] {logging_mixin.py:190} INFO - [2025-04-20T20:37:18.666+0800] {dag.py:4180} INFO - Setting next_dagrun for example_bash_operator to 2025-04-20 00:00:00+00:00, run_after=2025-04-21 00:00:00+00:00
[2025-04-20T20:37:18.781+0800] {processor.py:208} INFO - Processing /mnt/c/Users/wu_li/OneDrive/Desktop/Airflow_pract/venv/lib/python3.9/site-packages/airflow/example_dags/example_bash_operator.py took 0.319 seconds
[2025-04-20T20:38:51.843+0800] {processor.py:186} INFO - Started process (PID=78691) to work on /mnt/c/Users/wu_li/OneDrive/Desktop/Airflow_pract/venv/lib/python3.9/site-packages/airflow/example_dags/example_bash_operator.py
[2025-04-20T20:38:51.845+0800] {processor.py:914} INFO - Processing file /mnt/c/Users/wu_li/OneDrive/Desktop/Airflow_pract/venv/lib/python3.9/site-packages/airflow/example_dags/example_bash_operator.py for tasks to queue
[2025-04-20T20:38:51.847+0800] {logging_mixin.py:190} INFO - [2025-04-20T20:38:51.846+0800] {dagbag.py:588} INFO - Filling up the DagBag from /mnt/c/Users/wu_li/OneDrive/Desktop/Airflow_pract/venv/lib/python3.9/site-packages/airflow/example_dags/example_bash_operator.py
[2025-04-20T20:38:51.874+0800] {processor.py:925} INFO - DAG(s) 'example_bash_operator' retrieved from /mnt/c/Users/wu_li/OneDrive/Desktop/Airflow_pract/venv/lib/python3.9/site-packages/airflow/example_dags/example_bash_operator.py
[2025-04-20T20:38:51.909+0800] {logging_mixin.py:190} INFO - [2025-04-20T20:38:51.907+0800] {dag.py:3239} INFO - Sync 1 DAGs
[2025-04-20T20:38:51.937+0800] {logging_mixin.py:190} INFO - [2025-04-20T20:38:51.936+0800] {dag.py:4180} INFO - Setting next_dagrun for example_bash_operator to 2025-04-20 00:00:00+00:00, run_after=2025-04-21 00:00:00+00:00
[2025-04-20T20:38:51.999+0800] {processor.py:208} INFO - Processing /mnt/c/Users/wu_li/OneDrive/Desktop/Airflow_pract/venv/lib/python3.9/site-packages/airflow/example_dags/example_bash_operator.py took 0.168 seconds
[2025-04-20T20:40:29.785+0800] {processor.py:186} INFO - Started process (PID=79594) to work on /mnt/c/Users/wu_li/OneDrive/Desktop/Airflow_pract/venv/lib/python3.9/site-packages/airflow/example_dags/example_bash_operator.py
[2025-04-20T20:40:29.787+0800] {processor.py:914} INFO - Processing file /mnt/c/Users/wu_li/OneDrive/Desktop/Airflow_pract/venv/lib/python3.9/site-packages/airflow/example_dags/example_bash_operator.py for tasks to queue
[2025-04-20T20:40:29.790+0800] {logging_mixin.py:190} INFO - [2025-04-20T20:40:29.789+0800] {dagbag.py:588} INFO - Filling up the DagBag from /mnt/c/Users/wu_li/OneDrive/Desktop/Airflow_pract/venv/lib/python3.9/site-packages/airflow/example_dags/example_bash_operator.py
[2025-04-20T20:40:29.823+0800] {processor.py:925} INFO - DAG(s) 'example_bash_operator' retrieved from /mnt/c/Users/wu_li/OneDrive/Desktop/Airflow_pract/venv/lib/python3.9/site-packages/airflow/example_dags/example_bash_operator.py
[2025-04-20T20:40:29.862+0800] {logging_mixin.py:190} INFO - [2025-04-20T20:40:29.861+0800] {dag.py:3239} INFO - Sync 1 DAGs
[2025-04-20T20:40:29.891+0800] {logging_mixin.py:190} INFO - [2025-04-20T20:40:29.890+0800] {dag.py:4180} INFO - Setting next_dagrun for example_bash_operator to 2025-04-20 00:00:00+00:00, run_after=2025-04-21 00:00:00+00:00
[2025-04-20T20:40:30.218+0800] {processor.py:208} INFO - Processing /mnt/c/Users/wu_li/OneDrive/Desktop/Airflow_pract/venv/lib/python3.9/site-packages/airflow/example_dags/example_bash_operator.py took 0.448 seconds
[2025-04-20T20:42:26.007+0800] {processor.py:186} INFO - Started process (PID=80607) to work on /mnt/c/Users/wu_li/OneDrive/Desktop/Airflow_pract/venv/lib/python3.9/site-packages/airflow/example_dags/example_bash_operator.py
[2025-04-20T20:42:26.014+0800] {processor.py:914} INFO - Processing file /mnt/c/Users/wu_li/OneDrive/Desktop/Airflow_pract/venv/lib/python3.9/site-packages/airflow/example_dags/example_bash_operator.py for tasks to queue
[2025-04-20T20:42:26.019+0800] {logging_mixin.py:190} INFO - [2025-04-20T20:42:26.018+0800] {dagbag.py:588} INFO - Filling up the DagBag from /mnt/c/Users/wu_li/OneDrive/Desktop/Airflow_pract/venv/lib/python3.9/site-packages/airflow/example_dags/example_bash_operator.py
[2025-04-20T20:42:26.085+0800] {processor.py:925} INFO - DAG(s) 'example_bash_operator' retrieved from /mnt/c/Users/wu_li/OneDrive/Desktop/Airflow_pract/venv/lib/python3.9/site-packages/airflow/example_dags/example_bash_operator.py
[2025-04-20T20:42:26.206+0800] {logging_mixin.py:190} INFO - [2025-04-20T20:42:26.205+0800] {dag.py:3239} INFO - Sync 1 DAGs
[2025-04-20T20:42:26.287+0800] {logging_mixin.py:190} INFO - [2025-04-20T20:42:26.284+0800] {dag.py:4180} INFO - Setting next_dagrun for example_bash_operator to 2025-04-20 00:00:00+00:00, run_after=2025-04-21 00:00:00+00:00
[2025-04-20T20:42:26.411+0800] {processor.py:208} INFO - Processing /mnt/c/Users/wu_li/OneDrive/Desktop/Airflow_pract/venv/lib/python3.9/site-packages/airflow/example_dags/example_bash_operator.py took 0.427 seconds
[2025-04-20T20:44:04.632+0800] {processor.py:186} INFO - Started process (PID=81693) to work on /mnt/c/Users/wu_li/OneDrive/Desktop/Airflow_pract/venv/lib/python3.9/site-packages/airflow/example_dags/example_bash_operator.py
[2025-04-20T20:44:04.636+0800] {processor.py:914} INFO - Processing file /mnt/c/Users/wu_li/OneDrive/Desktop/Airflow_pract/venv/lib/python3.9/site-packages/airflow/example_dags/example_bash_operator.py for tasks to queue
[2025-04-20T20:44:04.640+0800] {logging_mixin.py:190} INFO - [2025-04-20T20:44:04.639+0800] {dagbag.py:588} INFO - Filling up the DagBag from /mnt/c/Users/wu_li/OneDrive/Desktop/Airflow_pract/venv/lib/python3.9/site-packages/airflow/example_dags/example_bash_operator.py
[2025-04-20T20:44:04.689+0800] {processor.py:925} INFO - DAG(s) 'example_bash_operator' retrieved from /mnt/c/Users/wu_li/OneDrive/Desktop/Airflow_pract/venv/lib/python3.9/site-packages/airflow/example_dags/example_bash_operator.py
[2025-04-20T20:44:04.745+0800] {logging_mixin.py:190} INFO - [2025-04-20T20:44:04.744+0800] {dag.py:3239} INFO - Sync 1 DAGs
[2025-04-20T20:44:04.804+0800] {logging_mixin.py:190} INFO - [2025-04-20T20:44:04.800+0800] {dag.py:4180} INFO - Setting next_dagrun for example_bash_operator to 2025-04-20 00:00:00+00:00, run_after=2025-04-21 00:00:00+00:00
[2025-04-20T20:44:04.920+0800] {processor.py:208} INFO - Processing /mnt/c/Users/wu_li/OneDrive/Desktop/Airflow_pract/venv/lib/python3.9/site-packages/airflow/example_dags/example_bash_operator.py took 0.319 seconds
[2025-04-20T20:45:47.252+0800] {processor.py:186} INFO - Started process (PID=82417) to work on /mnt/c/Users/wu_li/OneDrive/Desktop/Airflow_pract/venv/lib/python3.9/site-packages/airflow/example_dags/example_bash_operator.py
[2025-04-20T20:45:47.254+0800] {processor.py:914} INFO - Processing file /mnt/c/Users/wu_li/OneDrive/Desktop/Airflow_pract/venv/lib/python3.9/site-packages/airflow/example_dags/example_bash_operator.py for tasks to queue
[2025-04-20T20:45:47.256+0800] {logging_mixin.py:190} INFO - [2025-04-20T20:45:47.255+0800] {dagbag.py:588} INFO - Filling up the DagBag from /mnt/c/Users/wu_li/OneDrive/Desktop/Airflow_pract/venv/lib/python3.9/site-packages/airflow/example_dags/example_bash_operator.py
[2025-04-20T20:45:47.288+0800] {processor.py:925} INFO - DAG(s) 'example_bash_operator' retrieved from /mnt/c/Users/wu_li/OneDrive/Desktop/Airflow_pract/venv/lib/python3.9/site-packages/airflow/example_dags/example_bash_operator.py
[2025-04-20T20:45:47.330+0800] {logging_mixin.py:190} INFO - [2025-04-20T20:45:47.325+0800] {dag.py:3239} INFO - Sync 1 DAGs
[2025-04-20T20:45:47.356+0800] {logging_mixin.py:190} INFO - [2025-04-20T20:45:47.355+0800] {dag.py:4180} INFO - Setting next_dagrun for example_bash_operator to 2025-04-20 00:00:00+00:00, run_after=2025-04-21 00:00:00+00:00
[2025-04-20T20:45:47.424+0800] {processor.py:208} INFO - Processing /mnt/c/Users/wu_li/OneDrive/Desktop/Airflow_pract/venv/lib/python3.9/site-packages/airflow/example_dags/example_bash_operator.py took 0.187 seconds
[2025-04-20T20:47:37.649+0800] {processor.py:186} INFO - Started process (PID=83286) to work on /mnt/c/Users/wu_li/OneDrive/Desktop/Airflow_pract/venv/lib/python3.9/site-packages/airflow/example_dags/example_bash_operator.py
[2025-04-20T20:47:37.650+0800] {processor.py:914} INFO - Processing file /mnt/c/Users/wu_li/OneDrive/Desktop/Airflow_pract/venv/lib/python3.9/site-packages/airflow/example_dags/example_bash_operator.py for tasks to queue
[2025-04-20T20:47:37.653+0800] {logging_mixin.py:190} INFO - [2025-04-20T20:47:37.652+0800] {dagbag.py:588} INFO - Filling up the DagBag from /mnt/c/Users/wu_li/OneDrive/Desktop/Airflow_pract/venv/lib/python3.9/site-packages/airflow/example_dags/example_bash_operator.py
[2025-04-20T20:47:37.685+0800] {processor.py:925} INFO - DAG(s) 'example_bash_operator' retrieved from /mnt/c/Users/wu_li/OneDrive/Desktop/Airflow_pract/venv/lib/python3.9/site-packages/airflow/example_dags/example_bash_operator.py
[2025-04-20T20:47:37.723+0800] {logging_mixin.py:190} INFO - [2025-04-20T20:47:37.720+0800] {dag.py:3239} INFO - Sync 1 DAGs
[2025-04-20T20:47:37.749+0800] {logging_mixin.py:190} INFO - [2025-04-20T20:47:37.748+0800] {dag.py:4180} INFO - Setting next_dagrun for example_bash_operator to 2025-04-20 00:00:00+00:00, run_after=2025-04-21 00:00:00+00:00
[2025-04-20T20:47:37.817+0800] {processor.py:208} INFO - Processing /mnt/c/Users/wu_li/OneDrive/Desktop/Airflow_pract/venv/lib/python3.9/site-packages/airflow/example_dags/example_bash_operator.py took 0.183 seconds
[2025-04-20T20:49:22.087+0800] {processor.py:186} INFO - Started process (PID=84299) to work on /mnt/c/Users/wu_li/OneDrive/Desktop/Airflow_pract/venv/lib/python3.9/site-packages/airflow/example_dags/example_bash_operator.py
[2025-04-20T20:49:22.089+0800] {processor.py:914} INFO - Processing file /mnt/c/Users/wu_li/OneDrive/Desktop/Airflow_pract/venv/lib/python3.9/site-packages/airflow/example_dags/example_bash_operator.py for tasks to queue
[2025-04-20T20:49:22.091+0800] {logging_mixin.py:190} INFO - [2025-04-20T20:49:22.090+0800] {dagbag.py:588} INFO - Filling up the DagBag from /mnt/c/Users/wu_li/OneDrive/Desktop/Airflow_pract/venv/lib/python3.9/site-packages/airflow/example_dags/example_bash_operator.py
[2025-04-20T20:49:22.125+0800] {processor.py:925} INFO - DAG(s) 'example_bash_operator' retrieved from /mnt/c/Users/wu_li/OneDrive/Desktop/Airflow_pract/venv/lib/python3.9/site-packages/airflow/example_dags/example_bash_operator.py
[2025-04-20T20:49:22.168+0800] {logging_mixin.py:190} INFO - [2025-04-20T20:49:22.167+0800] {dag.py:3239} INFO - Sync 1 DAGs
[2025-04-20T20:49:22.193+0800] {logging_mixin.py:190} INFO - [2025-04-20T20:49:22.192+0800] {dag.py:4180} INFO - Setting next_dagrun for example_bash_operator to 2025-04-20 00:00:00+00:00, run_after=2025-04-21 00:00:00+00:00
[2025-04-20T20:49:22.263+0800] {processor.py:208} INFO - Processing /mnt/c/Users/wu_li/OneDrive/Desktop/Airflow_pract/venv/lib/python3.9/site-packages/airflow/example_dags/example_bash_operator.py took 0.189 seconds
[2025-04-20T20:51:20.417+0800] {processor.py:186} INFO - Started process (PID=85167) to work on /mnt/c/Users/wu_li/OneDrive/Desktop/Airflow_pract/venv/lib/python3.9/site-packages/airflow/example_dags/example_bash_operator.py
[2025-04-20T20:51:20.419+0800] {processor.py:914} INFO - Processing file /mnt/c/Users/wu_li/OneDrive/Desktop/Airflow_pract/venv/lib/python3.9/site-packages/airflow/example_dags/example_bash_operator.py for tasks to queue
[2025-04-20T20:51:20.422+0800] {logging_mixin.py:190} INFO - [2025-04-20T20:51:20.421+0800] {dagbag.py:588} INFO - Filling up the DagBag from /mnt/c/Users/wu_li/OneDrive/Desktop/Airflow_pract/venv/lib/python3.9/site-packages/airflow/example_dags/example_bash_operator.py
[2025-04-20T20:51:20.458+0800] {processor.py:925} INFO - DAG(s) 'example_bash_operator' retrieved from /mnt/c/Users/wu_li/OneDrive/Desktop/Airflow_pract/venv/lib/python3.9/site-packages/airflow/example_dags/example_bash_operator.py
[2025-04-20T20:51:20.500+0800] {logging_mixin.py:190} INFO - [2025-04-20T20:51:20.496+0800] {dag.py:3239} INFO - Sync 1 DAGs
[2025-04-20T20:51:20.533+0800] {logging_mixin.py:190} INFO - [2025-04-20T20:51:20.532+0800] {dag.py:4180} INFO - Setting next_dagrun for example_bash_operator to 2025-04-20 00:00:00+00:00, run_after=2025-04-21 00:00:00+00:00
[2025-04-20T20:51:20.618+0800] {processor.py:208} INFO - Processing /mnt/c/Users/wu_li/OneDrive/Desktop/Airflow_pract/venv/lib/python3.9/site-packages/airflow/example_dags/example_bash_operator.py took 0.213 seconds
[2025-04-20T20:53:12.502+0800] {processor.py:186} INFO - Started process (PID=86188) to work on /mnt/c/Users/wu_li/OneDrive/Desktop/Airflow_pract/venv/lib/python3.9/site-packages/airflow/example_dags/example_bash_operator.py
[2025-04-20T20:53:12.503+0800] {processor.py:914} INFO - Processing file /mnt/c/Users/wu_li/OneDrive/Desktop/Airflow_pract/venv/lib/python3.9/site-packages/airflow/example_dags/example_bash_operator.py for tasks to queue
[2025-04-20T20:53:12.506+0800] {logging_mixin.py:190} INFO - [2025-04-20T20:53:12.505+0800] {dagbag.py:588} INFO - Filling up the DagBag from /mnt/c/Users/wu_li/OneDrive/Desktop/Airflow_pract/venv/lib/python3.9/site-packages/airflow/example_dags/example_bash_operator.py
[2025-04-20T20:53:12.533+0800] {processor.py:925} INFO - DAG(s) 'example_bash_operator' retrieved from /mnt/c/Users/wu_li/OneDrive/Desktop/Airflow_pract/venv/lib/python3.9/site-packages/airflow/example_dags/example_bash_operator.py
[2025-04-20T20:53:12.566+0800] {logging_mixin.py:190} INFO - [2025-04-20T20:53:12.565+0800] {dag.py:3239} INFO - Sync 1 DAGs
[2025-04-20T20:53:12.592+0800] {logging_mixin.py:190} INFO - [2025-04-20T20:53:12.591+0800] {dag.py:4180} INFO - Setting next_dagrun for example_bash_operator to 2025-04-20 00:00:00+00:00, run_after=2025-04-21 00:00:00+00:00
[2025-04-20T20:53:12.659+0800] {processor.py:208} INFO - Processing /mnt/c/Users/wu_li/OneDrive/Desktop/Airflow_pract/venv/lib/python3.9/site-packages/airflow/example_dags/example_bash_operator.py took 0.168 seconds
[2025-04-20T20:54:39.448+0800] {processor.py:186} INFO - Started process (PID=87161) to work on /mnt/c/Users/wu_li/OneDrive/Desktop/Airflow_pract/venv/lib/python3.9/site-packages/airflow/example_dags/example_bash_operator.py
[2025-04-20T20:54:39.450+0800] {processor.py:914} INFO - Processing file /mnt/c/Users/wu_li/OneDrive/Desktop/Airflow_pract/venv/lib/python3.9/site-packages/airflow/example_dags/example_bash_operator.py for tasks to queue
[2025-04-20T20:54:39.453+0800] {logging_mixin.py:190} INFO - [2025-04-20T20:54:39.452+0800] {dagbag.py:588} INFO - Filling up the DagBag from /mnt/c/Users/wu_li/OneDrive/Desktop/Airflow_pract/venv/lib/python3.9/site-packages/airflow/example_dags/example_bash_operator.py
[2025-04-20T20:54:39.479+0800] {processor.py:925} INFO - DAG(s) 'example_bash_operator' retrieved from /mnt/c/Users/wu_li/OneDrive/Desktop/Airflow_pract/venv/lib/python3.9/site-packages/airflow/example_dags/example_bash_operator.py
[2025-04-20T20:54:39.511+0800] {logging_mixin.py:190} INFO - [2025-04-20T20:54:39.510+0800] {dag.py:3239} INFO - Sync 1 DAGs
[2025-04-20T20:54:39.535+0800] {logging_mixin.py:190} INFO - [2025-04-20T20:54:39.534+0800] {dag.py:4180} INFO - Setting next_dagrun for example_bash_operator to 2025-04-20 00:00:00+00:00, run_after=2025-04-21 00:00:00+00:00
[2025-04-20T20:54:39.593+0800] {processor.py:208} INFO - Processing /mnt/c/Users/wu_li/OneDrive/Desktop/Airflow_pract/venv/lib/python3.9/site-packages/airflow/example_dags/example_bash_operator.py took 0.156 seconds
[2025-04-20T20:56:09.814+0800] {processor.py:186} INFO - Started process (PID=88053) to work on /mnt/c/Users/wu_li/OneDrive/Desktop/Airflow_pract/venv/lib/python3.9/site-packages/airflow/example_dags/example_bash_operator.py
[2025-04-20T20:56:09.818+0800] {processor.py:914} INFO - Processing file /mnt/c/Users/wu_li/OneDrive/Desktop/Airflow_pract/venv/lib/python3.9/site-packages/airflow/example_dags/example_bash_operator.py for tasks to queue
[2025-04-20T20:56:09.820+0800] {logging_mixin.py:190} INFO - [2025-04-20T20:56:09.819+0800] {dagbag.py:588} INFO - Filling up the DagBag from /mnt/c/Users/wu_li/OneDrive/Desktop/Airflow_pract/venv/lib/python3.9/site-packages/airflow/example_dags/example_bash_operator.py
[2025-04-20T20:56:09.854+0800] {processor.py:925} INFO - DAG(s) 'example_bash_operator' retrieved from /mnt/c/Users/wu_li/OneDrive/Desktop/Airflow_pract/venv/lib/python3.9/site-packages/airflow/example_dags/example_bash_operator.py
[2025-04-20T20:56:09.923+0800] {logging_mixin.py:190} INFO - [2025-04-20T20:56:09.922+0800] {dag.py:3239} INFO - Sync 1 DAGs
[2025-04-20T20:56:09.968+0800] {logging_mixin.py:190} INFO - [2025-04-20T20:56:09.963+0800] {dag.py:4180} INFO - Setting next_dagrun for example_bash_operator to 2025-04-20 00:00:00+00:00, run_after=2025-04-21 00:00:00+00:00
[2025-04-20T20:56:10.042+0800] {processor.py:208} INFO - Processing /mnt/c/Users/wu_li/OneDrive/Desktop/Airflow_pract/venv/lib/python3.9/site-packages/airflow/example_dags/example_bash_operator.py took 0.244 seconds
[2025-04-20T20:57:40.061+0800] {processor.py:186} INFO - Started process (PID=89135) to work on /mnt/c/Users/wu_li/OneDrive/Desktop/Airflow_pract/venv/lib/python3.9/site-packages/airflow/example_dags/example_bash_operator.py
[2025-04-20T20:57:40.063+0800] {processor.py:914} INFO - Processing file /mnt/c/Users/wu_li/OneDrive/Desktop/Airflow_pract/venv/lib/python3.9/site-packages/airflow/example_dags/example_bash_operator.py for tasks to queue
[2025-04-20T20:57:40.067+0800] {logging_mixin.py:190} INFO - [2025-04-20T20:57:40.066+0800] {dagbag.py:588} INFO - Filling up the DagBag from /mnt/c/Users/wu_li/OneDrive/Desktop/Airflow_pract/venv/lib/python3.9/site-packages/airflow/example_dags/example_bash_operator.py
[2025-04-20T20:57:40.113+0800] {processor.py:925} INFO - DAG(s) 'example_bash_operator' retrieved from /mnt/c/Users/wu_li/OneDrive/Desktop/Airflow_pract/venv/lib/python3.9/site-packages/airflow/example_dags/example_bash_operator.py
[2025-04-20T20:57:40.191+0800] {logging_mixin.py:190} INFO - [2025-04-20T20:57:40.189+0800] {dag.py:3239} INFO - Sync 1 DAGs
[2025-04-20T20:57:40.266+0800] {logging_mixin.py:190} INFO - [2025-04-20T20:57:40.259+0800] {dag.py:4180} INFO - Setting next_dagrun for example_bash_operator to 2025-04-20 00:00:00+00:00, run_after=2025-04-21 00:00:00+00:00
[2025-04-20T20:57:40.363+0800] {processor.py:208} INFO - Processing /mnt/c/Users/wu_li/OneDrive/Desktop/Airflow_pract/venv/lib/python3.9/site-packages/airflow/example_dags/example_bash_operator.py took 0.321 seconds
[2025-04-20T20:59:09.979+0800] {processor.py:186} INFO - Started process (PID=90143) to work on /mnt/c/Users/wu_li/OneDrive/Desktop/Airflow_pract/venv/lib/python3.9/site-packages/airflow/example_dags/example_bash_operator.py
[2025-04-20T20:59:09.981+0800] {processor.py:914} INFO - Processing file /mnt/c/Users/wu_li/OneDrive/Desktop/Airflow_pract/venv/lib/python3.9/site-packages/airflow/example_dags/example_bash_operator.py for tasks to queue
[2025-04-20T20:59:09.983+0800] {logging_mixin.py:190} INFO - [2025-04-20T20:59:09.982+0800] {dagbag.py:588} INFO - Filling up the DagBag from /mnt/c/Users/wu_li/OneDrive/Desktop/Airflow_pract/venv/lib/python3.9/site-packages/airflow/example_dags/example_bash_operator.py
[2025-04-20T20:59:10.011+0800] {processor.py:925} INFO - DAG(s) 'example_bash_operator' retrieved from /mnt/c/Users/wu_li/OneDrive/Desktop/Airflow_pract/venv/lib/python3.9/site-packages/airflow/example_dags/example_bash_operator.py
[2025-04-20T20:59:10.044+0800] {logging_mixin.py:190} INFO - [2025-04-20T20:59:10.043+0800] {dag.py:3239} INFO - Sync 1 DAGs
[2025-04-20T20:59:10.066+0800] {logging_mixin.py:190} INFO - [2025-04-20T20:59:10.065+0800] {dag.py:4180} INFO - Setting next_dagrun for example_bash_operator to 2025-04-20 00:00:00+00:00, run_after=2025-04-21 00:00:00+00:00
[2025-04-20T20:59:10.123+0800] {processor.py:208} INFO - Processing /mnt/c/Users/wu_li/OneDrive/Desktop/Airflow_pract/venv/lib/python3.9/site-packages/airflow/example_dags/example_bash_operator.py took 0.155 seconds
[2025-04-20T21:00:35.943+0800] {processor.py:186} INFO - Started process (PID=91146) to work on /mnt/c/Users/wu_li/OneDrive/Desktop/Airflow_pract/venv/lib/python3.9/site-packages/airflow/example_dags/example_bash_operator.py
[2025-04-20T21:00:35.945+0800] {processor.py:914} INFO - Processing file /mnt/c/Users/wu_li/OneDrive/Desktop/Airflow_pract/venv/lib/python3.9/site-packages/airflow/example_dags/example_bash_operator.py for tasks to queue
[2025-04-20T21:00:35.949+0800] {logging_mixin.py:190} INFO - [2025-04-20T21:00:35.947+0800] {dagbag.py:588} INFO - Filling up the DagBag from /mnt/c/Users/wu_li/OneDrive/Desktop/Airflow_pract/venv/lib/python3.9/site-packages/airflow/example_dags/example_bash_operator.py
[2025-04-20T21:00:35.993+0800] {processor.py:925} INFO - DAG(s) 'example_bash_operator' retrieved from /mnt/c/Users/wu_li/OneDrive/Desktop/Airflow_pract/venv/lib/python3.9/site-packages/airflow/example_dags/example_bash_operator.py
[2025-04-20T21:00:36.068+0800] {logging_mixin.py:190} INFO - [2025-04-20T21:00:36.067+0800] {dag.py:3239} INFO - Sync 1 DAGs
[2025-04-20T21:00:36.090+0800] {logging_mixin.py:190} INFO - [2025-04-20T21:00:36.089+0800] {dag.py:4180} INFO - Setting next_dagrun for example_bash_operator to 2025-04-20 00:00:00+00:00, run_after=2025-04-21 00:00:00+00:00
[2025-04-20T21:00:36.155+0800] {processor.py:208} INFO - Processing /mnt/c/Users/wu_li/OneDrive/Desktop/Airflow_pract/venv/lib/python3.9/site-packages/airflow/example_dags/example_bash_operator.py took 0.232 seconds
[2025-04-20T21:02:09.832+0800] {processor.py:186} INFO - Started process (PID=92158) to work on /mnt/c/Users/wu_li/OneDrive/Desktop/Airflow_pract/venv/lib/python3.9/site-packages/airflow/example_dags/example_bash_operator.py
[2025-04-20T21:02:09.834+0800] {processor.py:914} INFO - Processing file /mnt/c/Users/wu_li/OneDrive/Desktop/Airflow_pract/venv/lib/python3.9/site-packages/airflow/example_dags/example_bash_operator.py for tasks to queue
[2025-04-20T21:02:09.836+0800] {logging_mixin.py:190} INFO - [2025-04-20T21:02:09.835+0800] {dagbag.py:588} INFO - Filling up the DagBag from /mnt/c/Users/wu_li/OneDrive/Desktop/Airflow_pract/venv/lib/python3.9/site-packages/airflow/example_dags/example_bash_operator.py
[2025-04-20T21:02:09.864+0800] {processor.py:925} INFO - DAG(s) 'example_bash_operator' retrieved from /mnt/c/Users/wu_li/OneDrive/Desktop/Airflow_pract/venv/lib/python3.9/site-packages/airflow/example_dags/example_bash_operator.py
[2025-04-20T21:02:09.898+0800] {logging_mixin.py:190} INFO - [2025-04-20T21:02:09.897+0800] {dag.py:3239} INFO - Sync 1 DAGs
[2025-04-20T21:02:09.922+0800] {logging_mixin.py:190} INFO - [2025-04-20T21:02:09.921+0800] {dag.py:4180} INFO - Setting next_dagrun for example_bash_operator to 2025-04-20 00:00:00+00:00, run_after=2025-04-21 00:00:00+00:00
[2025-04-20T21:02:09.982+0800] {processor.py:208} INFO - Processing /mnt/c/Users/wu_li/OneDrive/Desktop/Airflow_pract/venv/lib/python3.9/site-packages/airflow/example_dags/example_bash_operator.py took 0.161 seconds
[2025-04-20T21:03:35.426+0800] {processor.py:186} INFO - Started process (PID=93235) to work on /mnt/c/Users/wu_li/OneDrive/Desktop/Airflow_pract/venv/lib/python3.9/site-packages/airflow/example_dags/example_bash_operator.py
[2025-04-20T21:03:35.429+0800] {processor.py:914} INFO - Processing file /mnt/c/Users/wu_li/OneDrive/Desktop/Airflow_pract/venv/lib/python3.9/site-packages/airflow/example_dags/example_bash_operator.py for tasks to queue
[2025-04-20T21:03:35.436+0800] {logging_mixin.py:190} INFO - [2025-04-20T21:03:35.434+0800] {dagbag.py:588} INFO - Filling up the DagBag from /mnt/c/Users/wu_li/OneDrive/Desktop/Airflow_pract/venv/lib/python3.9/site-packages/airflow/example_dags/example_bash_operator.py
[2025-04-20T21:03:35.487+0800] {processor.py:925} INFO - DAG(s) 'example_bash_operator' retrieved from /mnt/c/Users/wu_li/OneDrive/Desktop/Airflow_pract/venv/lib/python3.9/site-packages/airflow/example_dags/example_bash_operator.py
[2025-04-20T21:03:35.569+0800] {logging_mixin.py:190} INFO - [2025-04-20T21:03:35.567+0800] {dag.py:3239} INFO - Sync 1 DAGs
[2025-04-20T21:03:35.646+0800] {logging_mixin.py:190} INFO - [2025-04-20T21:03:35.638+0800] {dag.py:4180} INFO - Setting next_dagrun for example_bash_operator to 2025-04-20 00:00:00+00:00, run_after=2025-04-21 00:00:00+00:00
[2025-04-20T21:03:35.736+0800] {processor.py:208} INFO - Processing /mnt/c/Users/wu_li/OneDrive/Desktop/Airflow_pract/venv/lib/python3.9/site-packages/airflow/example_dags/example_bash_operator.py took 0.330 seconds
[2025-04-20T21:05:03.386+0800] {processor.py:186} INFO - Started process (PID=94246) to work on /mnt/c/Users/wu_li/OneDrive/Desktop/Airflow_pract/venv/lib/python3.9/site-packages/airflow/example_dags/example_bash_operator.py
[2025-04-20T21:05:03.388+0800] {processor.py:914} INFO - Processing file /mnt/c/Users/wu_li/OneDrive/Desktop/Airflow_pract/venv/lib/python3.9/site-packages/airflow/example_dags/example_bash_operator.py for tasks to queue
[2025-04-20T21:05:03.390+0800] {logging_mixin.py:190} INFO - [2025-04-20T21:05:03.390+0800] {dagbag.py:588} INFO - Filling up the DagBag from /mnt/c/Users/wu_li/OneDrive/Desktop/Airflow_pract/venv/lib/python3.9/site-packages/airflow/example_dags/example_bash_operator.py
[2025-04-20T21:05:03.417+0800] {processor.py:925} INFO - DAG(s) 'example_bash_operator' retrieved from /mnt/c/Users/wu_li/OneDrive/Desktop/Airflow_pract/venv/lib/python3.9/site-packages/airflow/example_dags/example_bash_operator.py
[2025-04-20T21:05:03.448+0800] {logging_mixin.py:190} INFO - [2025-04-20T21:05:03.447+0800] {dag.py:3239} INFO - Sync 1 DAGs
[2025-04-20T21:05:03.471+0800] {logging_mixin.py:190} INFO - [2025-04-20T21:05:03.470+0800] {dag.py:4180} INFO - Setting next_dagrun for example_bash_operator to 2025-04-20 00:00:00+00:00, run_after=2025-04-21 00:00:00+00:00
[2025-04-20T21:05:03.521+0800] {processor.py:208} INFO - Processing /mnt/c/Users/wu_li/OneDrive/Desktop/Airflow_pract/venv/lib/python3.9/site-packages/airflow/example_dags/example_bash_operator.py took 0.145 seconds
[2025-04-20T21:06:36.784+0800] {processor.py:186} INFO - Started process (PID=95394) to work on /mnt/c/Users/wu_li/OneDrive/Desktop/Airflow_pract/venv/lib/python3.9/site-packages/airflow/example_dags/example_bash_operator.py
[2025-04-20T21:06:36.787+0800] {processor.py:914} INFO - Processing file /mnt/c/Users/wu_li/OneDrive/Desktop/Airflow_pract/venv/lib/python3.9/site-packages/airflow/example_dags/example_bash_operator.py for tasks to queue
[2025-04-20T21:06:36.790+0800] {logging_mixin.py:190} INFO - [2025-04-20T21:06:36.789+0800] {dagbag.py:588} INFO - Filling up the DagBag from /mnt/c/Users/wu_li/OneDrive/Desktop/Airflow_pract/venv/lib/python3.9/site-packages/airflow/example_dags/example_bash_operator.py
[2025-04-20T21:06:36.835+0800] {processor.py:925} INFO - DAG(s) 'example_bash_operator' retrieved from /mnt/c/Users/wu_li/OneDrive/Desktop/Airflow_pract/venv/lib/python3.9/site-packages/airflow/example_dags/example_bash_operator.py
[2025-04-20T21:06:36.921+0800] {logging_mixin.py:190} INFO - [2025-04-20T21:06:36.920+0800] {dag.py:3239} INFO - Sync 1 DAGs
[2025-04-20T21:06:36.984+0800] {logging_mixin.py:190} INFO - [2025-04-20T21:06:36.983+0800] {dag.py:4180} INFO - Setting next_dagrun for example_bash_operator to 2025-04-20 00:00:00+00:00, run_after=2025-04-21 00:00:00+00:00
[2025-04-20T21:06:37.074+0800] {processor.py:208} INFO - Processing /mnt/c/Users/wu_li/OneDrive/Desktop/Airflow_pract/venv/lib/python3.9/site-packages/airflow/example_dags/example_bash_operator.py took 0.320 seconds
[2025-04-20T21:08:09.099+0800] {processor.py:186} INFO - Started process (PID=96479) to work on /mnt/c/Users/wu_li/OneDrive/Desktop/Airflow_pract/venv/lib/python3.9/site-packages/airflow/example_dags/example_bash_operator.py
[2025-04-20T21:08:09.101+0800] {processor.py:914} INFO - Processing file /mnt/c/Users/wu_li/OneDrive/Desktop/Airflow_pract/venv/lib/python3.9/site-packages/airflow/example_dags/example_bash_operator.py for tasks to queue
[2025-04-20T21:08:09.104+0800] {logging_mixin.py:190} INFO - [2025-04-20T21:08:09.103+0800] {dagbag.py:588} INFO - Filling up the DagBag from /mnt/c/Users/wu_li/OneDrive/Desktop/Airflow_pract/venv/lib/python3.9/site-packages/airflow/example_dags/example_bash_operator.py
[2025-04-20T21:08:09.129+0800] {processor.py:925} INFO - DAG(s) 'example_bash_operator' retrieved from /mnt/c/Users/wu_li/OneDrive/Desktop/Airflow_pract/venv/lib/python3.9/site-packages/airflow/example_dags/example_bash_operator.py
[2025-04-20T21:08:09.159+0800] {logging_mixin.py:190} INFO - [2025-04-20T21:08:09.158+0800] {dag.py:3239} INFO - Sync 1 DAGs
[2025-04-20T21:08:09.182+0800] {logging_mixin.py:190} INFO - [2025-04-20T21:08:09.182+0800] {dag.py:4180} INFO - Setting next_dagrun for example_bash_operator to 2025-04-20 00:00:00+00:00, run_after=2025-04-21 00:00:00+00:00
[2025-04-20T21:08:08.717+0800] {processor.py:208} INFO - Processing /mnt/c/Users/wu_li/OneDrive/Desktop/Airflow_pract/venv/lib/python3.9/site-packages/airflow/example_dags/example_bash_operator.py took 0.142 seconds
[2025-04-20T21:09:38.929+0800] {processor.py:186} INFO - Started process (PID=97555) to work on /mnt/c/Users/wu_li/OneDrive/Desktop/Airflow_pract/venv/lib/python3.9/site-packages/airflow/example_dags/example_bash_operator.py
[2025-04-20T21:09:38.932+0800] {processor.py:914} INFO - Processing file /mnt/c/Users/wu_li/OneDrive/Desktop/Airflow_pract/venv/lib/python3.9/site-packages/airflow/example_dags/example_bash_operator.py for tasks to queue
[2025-04-20T21:09:38.936+0800] {logging_mixin.py:190} INFO - [2025-04-20T21:09:38.934+0800] {dagbag.py:588} INFO - Filling up the DagBag from /mnt/c/Users/wu_li/OneDrive/Desktop/Airflow_pract/venv/lib/python3.9/site-packages/airflow/example_dags/example_bash_operator.py
[2025-04-20T21:09:38.980+0800] {processor.py:925} INFO - DAG(s) 'example_bash_operator' retrieved from /mnt/c/Users/wu_li/OneDrive/Desktop/Airflow_pract/venv/lib/python3.9/site-packages/airflow/example_dags/example_bash_operator.py
[2025-04-20T21:09:39.045+0800] {logging_mixin.py:190} INFO - [2025-04-20T21:09:39.044+0800] {dag.py:3239} INFO - Sync 1 DAGs
[2025-04-20T21:09:39.104+0800] {logging_mixin.py:190} INFO - [2025-04-20T21:09:39.100+0800] {dag.py:4180} INFO - Setting next_dagrun for example_bash_operator to 2025-04-20 00:00:00+00:00, run_after=2025-04-21 00:00:00+00:00
[2025-04-20T21:09:39.187+0800] {processor.py:208} INFO - Processing /mnt/c/Users/wu_li/OneDrive/Desktop/Airflow_pract/venv/lib/python3.9/site-packages/airflow/example_dags/example_bash_operator.py took 0.276 seconds
[2025-04-20T21:11:10.925+0800] {processor.py:186} INFO - Started process (PID=98637) to work on /mnt/c/Users/wu_li/OneDrive/Desktop/Airflow_pract/venv/lib/python3.9/site-packages/airflow/example_dags/example_bash_operator.py
[2025-04-20T21:11:10.926+0800] {processor.py:914} INFO - Processing file /mnt/c/Users/wu_li/OneDrive/Desktop/Airflow_pract/venv/lib/python3.9/site-packages/airflow/example_dags/example_bash_operator.py for tasks to queue
[2025-04-20T21:11:10.929+0800] {logging_mixin.py:190} INFO - [2025-04-20T21:11:10.928+0800] {dagbag.py:588} INFO - Filling up the DagBag from /mnt/c/Users/wu_li/OneDrive/Desktop/Airflow_pract/venv/lib/python3.9/site-packages/airflow/example_dags/example_bash_operator.py
[2025-04-20T21:11:10.956+0800] {processor.py:925} INFO - DAG(s) 'example_bash_operator' retrieved from /mnt/c/Users/wu_li/OneDrive/Desktop/Airflow_pract/venv/lib/python3.9/site-packages/airflow/example_dags/example_bash_operator.py
[2025-04-20T21:11:10.990+0800] {logging_mixin.py:190} INFO - [2025-04-20T21:11:10.989+0800] {dag.py:3239} INFO - Sync 1 DAGs
[2025-04-20T21:11:11.012+0800] {logging_mixin.py:190} INFO - [2025-04-20T21:11:11.011+0800] {dag.py:4180} INFO - Setting next_dagrun for example_bash_operator to 2025-04-20 00:00:00+00:00, run_after=2025-04-21 00:00:00+00:00
[2025-04-20T21:11:11.062+0800] {processor.py:208} INFO - Processing /mnt/c/Users/wu_li/OneDrive/Desktop/Airflow_pract/venv/lib/python3.9/site-packages/airflow/example_dags/example_bash_operator.py took 0.148 seconds
[2025-04-20T21:12:42.671+0800] {processor.py:186} INFO - Started process (PID=99761) to work on /mnt/c/Users/wu_li/OneDrive/Desktop/Airflow_pract/venv/lib/python3.9/site-packages/airflow/example_dags/example_bash_operator.py
[2025-04-20T21:12:42.673+0800] {processor.py:914} INFO - Processing file /mnt/c/Users/wu_li/OneDrive/Desktop/Airflow_pract/venv/lib/python3.9/site-packages/airflow/example_dags/example_bash_operator.py for tasks to queue
[2025-04-20T21:12:42.676+0800] {logging_mixin.py:190} INFO - [2025-04-20T21:12:42.674+0800] {dagbag.py:588} INFO - Filling up the DagBag from /mnt/c/Users/wu_li/OneDrive/Desktop/Airflow_pract/venv/lib/python3.9/site-packages/airflow/example_dags/example_bash_operator.py
[2025-04-20T21:12:42.703+0800] {processor.py:925} INFO - DAG(s) 'example_bash_operator' retrieved from /mnt/c/Users/wu_li/OneDrive/Desktop/Airflow_pract/venv/lib/python3.9/site-packages/airflow/example_dags/example_bash_operator.py
[2025-04-20T21:12:42.736+0800] {logging_mixin.py:190} INFO - [2025-04-20T21:12:42.736+0800] {dag.py:3239} INFO - Sync 1 DAGs
[2025-04-20T21:12:42.762+0800] {logging_mixin.py:190} INFO - [2025-04-20T21:12:42.761+0800] {dag.py:4180} INFO - Setting next_dagrun for example_bash_operator to 2025-04-20 00:00:00+00:00, run_after=2025-04-21 00:00:00+00:00
[2025-04-20T21:12:42.830+0800] {processor.py:208} INFO - Processing /mnt/c/Users/wu_li/OneDrive/Desktop/Airflow_pract/venv/lib/python3.9/site-packages/airflow/example_dags/example_bash_operator.py took 0.170 seconds
[2025-04-20T21:14:12.027+0800] {processor.py:186} INFO - Started process (PID=100797) to work on /mnt/c/Users/wu_li/OneDrive/Desktop/Airflow_pract/venv/lib/python3.9/site-packages/airflow/example_dags/example_bash_operator.py
[2025-04-20T21:14:12.029+0800] {processor.py:914} INFO - Processing file /mnt/c/Users/wu_li/OneDrive/Desktop/Airflow_pract/venv/lib/python3.9/site-packages/airflow/example_dags/example_bash_operator.py for tasks to queue
[2025-04-20T21:14:12.034+0800] {logging_mixin.py:190} INFO - [2025-04-20T21:14:12.032+0800] {dagbag.py:588} INFO - Filling up the DagBag from /mnt/c/Users/wu_li/OneDrive/Desktop/Airflow_pract/venv/lib/python3.9/site-packages/airflow/example_dags/example_bash_operator.py
[2025-04-20T21:14:12.075+0800] {processor.py:925} INFO - DAG(s) 'example_bash_operator' retrieved from /mnt/c/Users/wu_li/OneDrive/Desktop/Airflow_pract/venv/lib/python3.9/site-packages/airflow/example_dags/example_bash_operator.py
[2025-04-20T21:14:12.159+0800] {logging_mixin.py:190} INFO - [2025-04-20T21:14:12.158+0800] {dag.py:3239} INFO - Sync 1 DAGs
[2025-04-20T21:14:12.225+0800] {logging_mixin.py:190} INFO - [2025-04-20T21:14:12.222+0800] {dag.py:4180} INFO - Setting next_dagrun for example_bash_operator to 2025-04-20 00:00:00+00:00, run_after=2025-04-21 00:00:00+00:00
[2025-04-20T21:14:12.309+0800] {processor.py:208} INFO - Processing /mnt/c/Users/wu_li/OneDrive/Desktop/Airflow_pract/venv/lib/python3.9/site-packages/airflow/example_dags/example_bash_operator.py took 0.300 seconds
[2025-04-20T21:15:41.796+0800] {processor.py:186} INFO - Started process (PID=101804) to work on /mnt/c/Users/wu_li/OneDrive/Desktop/Airflow_pract/venv/lib/python3.9/site-packages/airflow/example_dags/example_bash_operator.py
[2025-04-20T21:15:41.799+0800] {processor.py:914} INFO - Processing file /mnt/c/Users/wu_li/OneDrive/Desktop/Airflow_pract/venv/lib/python3.9/site-packages/airflow/example_dags/example_bash_operator.py for tasks to queue
[2025-04-20T21:15:41.803+0800] {logging_mixin.py:190} INFO - [2025-04-20T21:15:41.801+0800] {dagbag.py:588} INFO - Filling up the DagBag from /mnt/c/Users/wu_li/OneDrive/Desktop/Airflow_pract/venv/lib/python3.9/site-packages/airflow/example_dags/example_bash_operator.py
[2025-04-20T21:15:41.840+0800] {processor.py:925} INFO - DAG(s) 'example_bash_operator' retrieved from /mnt/c/Users/wu_li/OneDrive/Desktop/Airflow_pract/venv/lib/python3.9/site-packages/airflow/example_dags/example_bash_operator.py
[2025-04-20T21:15:41.871+0800] {logging_mixin.py:190} INFO - [2025-04-20T21:15:41.871+0800] {dag.py:3239} INFO - Sync 1 DAGs
[2025-04-20T21:15:41.895+0800] {logging_mixin.py:190} INFO - [2025-04-20T21:15:41.894+0800] {dag.py:4180} INFO - Setting next_dagrun for example_bash_operator to 2025-04-20 00:00:00+00:00, run_after=2025-04-21 00:00:00+00:00
[2025-04-20T21:15:41.961+0800] {processor.py:208} INFO - Processing /mnt/c/Users/wu_li/OneDrive/Desktop/Airflow_pract/venv/lib/python3.9/site-packages/airflow/example_dags/example_bash_operator.py took 0.190 seconds
[2025-04-20T21:17:11.545+0800] {processor.py:186} INFO - Started process (PID=102889) to work on /mnt/c/Users/wu_li/OneDrive/Desktop/Airflow_pract/venv/lib/python3.9/site-packages/airflow/example_dags/example_bash_operator.py
[2025-04-20T21:17:11.548+0800] {processor.py:914} INFO - Processing file /mnt/c/Users/wu_li/OneDrive/Desktop/Airflow_pract/venv/lib/python3.9/site-packages/airflow/example_dags/example_bash_operator.py for tasks to queue
[2025-04-20T21:17:11.552+0800] {logging_mixin.py:190} INFO - [2025-04-20T21:17:11.551+0800] {dagbag.py:588} INFO - Filling up the DagBag from /mnt/c/Users/wu_li/OneDrive/Desktop/Airflow_pract/venv/lib/python3.9/site-packages/airflow/example_dags/example_bash_operator.py
[2025-04-20T21:17:11.600+0800] {processor.py:925} INFO - DAG(s) 'example_bash_operator' retrieved from /mnt/c/Users/wu_li/OneDrive/Desktop/Airflow_pract/venv/lib/python3.9/site-packages/airflow/example_dags/example_bash_operator.py
[2025-04-20T21:17:11.683+0800] {logging_mixin.py:190} INFO - [2025-04-20T21:17:11.680+0800] {dag.py:3239} INFO - Sync 1 DAGs
[2025-04-20T21:17:11.737+0800] {logging_mixin.py:190} INFO - [2025-04-20T21:17:11.733+0800] {dag.py:4180} INFO - Setting next_dagrun for example_bash_operator to 2025-04-20 00:00:00+00:00, run_after=2025-04-21 00:00:00+00:00
[2025-04-20T21:17:11.830+0800] {processor.py:208} INFO - Processing /mnt/c/Users/wu_li/OneDrive/Desktop/Airflow_pract/venv/lib/python3.9/site-packages/airflow/example_dags/example_bash_operator.py took 0.308 seconds
[2025-04-20T21:18:37.741+0800] {processor.py:186} INFO - Started process (PID=103894) to work on /mnt/c/Users/wu_li/OneDrive/Desktop/Airflow_pract/venv/lib/python3.9/site-packages/airflow/example_dags/example_bash_operator.py
[2025-04-20T21:18:37.747+0800] {processor.py:914} INFO - Processing file /mnt/c/Users/wu_li/OneDrive/Desktop/Airflow_pract/venv/lib/python3.9/site-packages/airflow/example_dags/example_bash_operator.py for tasks to queue
[2025-04-20T21:18:37.752+0800] {logging_mixin.py:190} INFO - [2025-04-20T21:18:37.751+0800] {dagbag.py:588} INFO - Filling up the DagBag from /mnt/c/Users/wu_li/OneDrive/Desktop/Airflow_pract/venv/lib/python3.9/site-packages/airflow/example_dags/example_bash_operator.py
[2025-04-20T21:18:37.793+0800] {processor.py:925} INFO - DAG(s) 'example_bash_operator' retrieved from /mnt/c/Users/wu_li/OneDrive/Desktop/Airflow_pract/venv/lib/python3.9/site-packages/airflow/example_dags/example_bash_operator.py
[2025-04-20T21:18:37.839+0800] {logging_mixin.py:190} INFO - [2025-04-20T21:18:37.838+0800] {dag.py:3239} INFO - Sync 1 DAGs
[2025-04-20T21:18:37.876+0800] {logging_mixin.py:190} INFO - [2025-04-20T21:18:37.875+0800] {dag.py:4180} INFO - Setting next_dagrun for example_bash_operator to 2025-04-20 00:00:00+00:00, run_after=2025-04-21 00:00:00+00:00
[2025-04-20T21:18:37.989+0800] {processor.py:208} INFO - Processing /mnt/c/Users/wu_li/OneDrive/Desktop/Airflow_pract/venv/lib/python3.9/site-packages/airflow/example_dags/example_bash_operator.py took 0.275 seconds
[2025-04-20T21:20:07.581+0800] {processor.py:186} INFO - Started process (PID=104901) to work on /mnt/c/Users/wu_li/OneDrive/Desktop/Airflow_pract/venv/lib/python3.9/site-packages/airflow/example_dags/example_bash_operator.py
[2025-04-20T21:20:07.585+0800] {processor.py:914} INFO - Processing file /mnt/c/Users/wu_li/OneDrive/Desktop/Airflow_pract/venv/lib/python3.9/site-packages/airflow/example_dags/example_bash_operator.py for tasks to queue
[2025-04-20T21:20:07.589+0800] {logging_mixin.py:190} INFO - [2025-04-20T21:20:07.587+0800] {dagbag.py:588} INFO - Filling up the DagBag from /mnt/c/Users/wu_li/OneDrive/Desktop/Airflow_pract/venv/lib/python3.9/site-packages/airflow/example_dags/example_bash_operator.py
[2025-04-20T21:20:07.631+0800] {processor.py:925} INFO - DAG(s) 'example_bash_operator' retrieved from /mnt/c/Users/wu_li/OneDrive/Desktop/Airflow_pract/venv/lib/python3.9/site-packages/airflow/example_dags/example_bash_operator.py
[2025-04-20T21:20:07.705+0800] {logging_mixin.py:190} INFO - [2025-04-20T21:20:07.704+0800] {dag.py:3239} INFO - Sync 1 DAGs
[2025-04-20T21:20:07.770+0800] {logging_mixin.py:190} INFO - [2025-04-20T21:20:07.766+0800] {dag.py:4180} INFO - Setting next_dagrun for example_bash_operator to 2025-04-20 00:00:00+00:00, run_after=2025-04-21 00:00:00+00:00
[2025-04-20T21:20:07.887+0800] {processor.py:208} INFO - Processing /mnt/c/Users/wu_li/OneDrive/Desktop/Airflow_pract/venv/lib/python3.9/site-packages/airflow/example_dags/example_bash_operator.py took 0.324 seconds
[2025-04-20T21:21:38.857+0800] {processor.py:186} INFO - Started process (PID=105980) to work on /mnt/c/Users/wu_li/OneDrive/Desktop/Airflow_pract/venv/lib/python3.9/site-packages/airflow/example_dags/example_bash_operator.py
[2025-04-20T21:21:38.865+0800] {processor.py:914} INFO - Processing file /mnt/c/Users/wu_li/OneDrive/Desktop/Airflow_pract/venv/lib/python3.9/site-packages/airflow/example_dags/example_bash_operator.py for tasks to queue
[2025-04-20T21:21:38.869+0800] {logging_mixin.py:190} INFO - [2025-04-20T21:21:38.867+0800] {dagbag.py:588} INFO - Filling up the DagBag from /mnt/c/Users/wu_li/OneDrive/Desktop/Airflow_pract/venv/lib/python3.9/site-packages/airflow/example_dags/example_bash_operator.py
[2025-04-20T21:21:38.924+0800] {processor.py:925} INFO - DAG(s) 'example_bash_operator' retrieved from /mnt/c/Users/wu_li/OneDrive/Desktop/Airflow_pract/venv/lib/python3.9/site-packages/airflow/example_dags/example_bash_operator.py
[2025-04-20T21:21:39.015+0800] {logging_mixin.py:190} INFO - [2025-04-20T21:21:39.013+0800] {dag.py:3239} INFO - Sync 1 DAGs
[2025-04-20T21:21:39.084+0800] {logging_mixin.py:190} INFO - [2025-04-20T21:21:39.083+0800] {dag.py:4180} INFO - Setting next_dagrun for example_bash_operator to 2025-04-20 00:00:00+00:00, run_after=2025-04-21 00:00:00+00:00
[2025-04-20T21:21:39.348+0800] {processor.py:208} INFO - Processing /mnt/c/Users/wu_li/OneDrive/Desktop/Airflow_pract/venv/lib/python3.9/site-packages/airflow/example_dags/example_bash_operator.py took 0.510 seconds
[2025-04-20T21:23:12.347+0800] {processor.py:186} INFO - Started process (PID=106921) to work on /mnt/c/Users/wu_li/OneDrive/Desktop/Airflow_pract/venv/lib/python3.9/site-packages/airflow/example_dags/example_bash_operator.py
[2025-04-20T21:23:12.348+0800] {processor.py:914} INFO - Processing file /mnt/c/Users/wu_li/OneDrive/Desktop/Airflow_pract/venv/lib/python3.9/site-packages/airflow/example_dags/example_bash_operator.py for tasks to queue
[2025-04-20T21:23:12.351+0800] {logging_mixin.py:190} INFO - [2025-04-20T21:23:12.350+0800] {dagbag.py:588} INFO - Filling up the DagBag from /mnt/c/Users/wu_li/OneDrive/Desktop/Airflow_pract/venv/lib/python3.9/site-packages/airflow/example_dags/example_bash_operator.py
[2025-04-20T21:23:12.376+0800] {processor.py:925} INFO - DAG(s) 'example_bash_operator' retrieved from /mnt/c/Users/wu_li/OneDrive/Desktop/Airflow_pract/venv/lib/python3.9/site-packages/airflow/example_dags/example_bash_operator.py
[2025-04-20T21:23:12.408+0800] {logging_mixin.py:190} INFO - [2025-04-20T21:23:12.407+0800] {dag.py:3239} INFO - Sync 1 DAGs
[2025-04-20T21:23:12.431+0800] {logging_mixin.py:190} INFO - [2025-04-20T21:23:12.430+0800] {dag.py:4180} INFO - Setting next_dagrun for example_bash_operator to 2025-04-20 00:00:00+00:00, run_after=2025-04-21 00:00:00+00:00
[2025-04-20T21:23:12.484+0800] {processor.py:208} INFO - Processing /mnt/c/Users/wu_li/OneDrive/Desktop/Airflow_pract/venv/lib/python3.9/site-packages/airflow/example_dags/example_bash_operator.py took 0.148 seconds
[2025-04-20T21:24:41.505+0800] {processor.py:186} INFO - Started process (PID=107997) to work on /mnt/c/Users/wu_li/OneDrive/Desktop/Airflow_pract/venv/lib/python3.9/site-packages/airflow/example_dags/example_bash_operator.py
[2025-04-20T21:24:41.507+0800] {processor.py:914} INFO - Processing file /mnt/c/Users/wu_li/OneDrive/Desktop/Airflow_pract/venv/lib/python3.9/site-packages/airflow/example_dags/example_bash_operator.py for tasks to queue
[2025-04-20T21:24:41.511+0800] {logging_mixin.py:190} INFO - [2025-04-20T21:24:41.510+0800] {dagbag.py:588} INFO - Filling up the DagBag from /mnt/c/Users/wu_li/OneDrive/Desktop/Airflow_pract/venv/lib/python3.9/site-packages/airflow/example_dags/example_bash_operator.py
[2025-04-20T21:24:41.555+0800] {processor.py:925} INFO - DAG(s) 'example_bash_operator' retrieved from /mnt/c/Users/wu_li/OneDrive/Desktop/Airflow_pract/venv/lib/python3.9/site-packages/airflow/example_dags/example_bash_operator.py
[2025-04-20T21:24:41.635+0800] {logging_mixin.py:190} INFO - [2025-04-20T21:24:41.633+0800] {dag.py:3239} INFO - Sync 1 DAGs
[2025-04-20T21:24:41.697+0800] {logging_mixin.py:190} INFO - [2025-04-20T21:24:41.693+0800] {dag.py:4180} INFO - Setting next_dagrun for example_bash_operator to 2025-04-20 00:00:00+00:00, run_after=2025-04-21 00:00:00+00:00
[2025-04-20T21:24:41.798+0800] {processor.py:208} INFO - Processing /mnt/c/Users/wu_li/OneDrive/Desktop/Airflow_pract/venv/lib/python3.9/site-packages/airflow/example_dags/example_bash_operator.py took 0.315 seconds
[2025-04-20T21:26:13.353+0800] {processor.py:186} INFO - Started process (PID=109046) to work on /mnt/c/Users/wu_li/OneDrive/Desktop/Airflow_pract/venv/lib/python3.9/site-packages/airflow/example_dags/example_bash_operator.py
[2025-04-20T21:26:13.355+0800] {processor.py:914} INFO - Processing file /mnt/c/Users/wu_li/OneDrive/Desktop/Airflow_pract/venv/lib/python3.9/site-packages/airflow/example_dags/example_bash_operator.py for tasks to queue
[2025-04-20T21:26:13.357+0800] {logging_mixin.py:190} INFO - [2025-04-20T21:26:13.356+0800] {dagbag.py:588} INFO - Filling up the DagBag from /mnt/c/Users/wu_li/OneDrive/Desktop/Airflow_pract/venv/lib/python3.9/site-packages/airflow/example_dags/example_bash_operator.py
[2025-04-20T21:26:13.389+0800] {processor.py:925} INFO - DAG(s) 'example_bash_operator' retrieved from /mnt/c/Users/wu_li/OneDrive/Desktop/Airflow_pract/venv/lib/python3.9/site-packages/airflow/example_dags/example_bash_operator.py
[2025-04-20T21:26:13.427+0800] {logging_mixin.py:190} INFO - [2025-04-20T21:26:13.426+0800] {dag.py:3239} INFO - Sync 1 DAGs
[2025-04-20T21:26:13.452+0800] {logging_mixin.py:190} INFO - [2025-04-20T21:26:13.450+0800] {dag.py:4180} INFO - Setting next_dagrun for example_bash_operator to 2025-04-20 00:00:00+00:00, run_after=2025-04-21 00:00:00+00:00
[2025-04-20T21:26:13.515+0800] {processor.py:208} INFO - Processing /mnt/c/Users/wu_li/OneDrive/Desktop/Airflow_pract/venv/lib/python3.9/site-packages/airflow/example_dags/example_bash_operator.py took 0.175 seconds
[2025-04-20T21:27:41.997+0800] {processor.py:186} INFO - Started process (PID=110083) to work on /mnt/c/Users/wu_li/OneDrive/Desktop/Airflow_pract/venv/lib/python3.9/site-packages/airflow/example_dags/example_bash_operator.py
[2025-04-20T21:27:41.999+0800] {processor.py:914} INFO - Processing file /mnt/c/Users/wu_li/OneDrive/Desktop/Airflow_pract/venv/lib/python3.9/site-packages/airflow/example_dags/example_bash_operator.py for tasks to queue
[2025-04-20T21:27:42.008+0800] {logging_mixin.py:190} INFO - [2025-04-20T21:27:42.006+0800] {dagbag.py:588} INFO - Filling up the DagBag from /mnt/c/Users/wu_li/OneDrive/Desktop/Airflow_pract/venv/lib/python3.9/site-packages/airflow/example_dags/example_bash_operator.py
[2025-04-20T21:27:42.056+0800] {processor.py:925} INFO - DAG(s) 'example_bash_operator' retrieved from /mnt/c/Users/wu_li/OneDrive/Desktop/Airflow_pract/venv/lib/python3.9/site-packages/airflow/example_dags/example_bash_operator.py
[2025-04-20T21:27:42.140+0800] {logging_mixin.py:190} INFO - [2025-04-20T21:27:42.139+0800] {dag.py:3239} INFO - Sync 1 DAGs
[2025-04-20T21:27:42.201+0800] {logging_mixin.py:190} INFO - [2025-04-20T21:27:42.197+0800] {dag.py:4180} INFO - Setting next_dagrun for example_bash_operator to 2025-04-20 00:00:00+00:00, run_after=2025-04-21 00:00:00+00:00
[2025-04-20T21:27:42.298+0800] {processor.py:208} INFO - Processing /mnt/c/Users/wu_li/OneDrive/Desktop/Airflow_pract/venv/lib/python3.9/site-packages/airflow/example_dags/example_bash_operator.py took 0.321 seconds
[2025-04-20T21:29:15.698+0800] {processor.py:186} INFO - Started process (PID=111165) to work on /mnt/c/Users/wu_li/OneDrive/Desktop/Airflow_pract/venv/lib/python3.9/site-packages/airflow/example_dags/example_bash_operator.py
[2025-04-20T21:29:15.701+0800] {processor.py:914} INFO - Processing file /mnt/c/Users/wu_li/OneDrive/Desktop/Airflow_pract/venv/lib/python3.9/site-packages/airflow/example_dags/example_bash_operator.py for tasks to queue
[2025-04-20T21:29:15.704+0800] {logging_mixin.py:190} INFO - [2025-04-20T21:29:15.703+0800] {dagbag.py:588} INFO - Filling up the DagBag from /mnt/c/Users/wu_li/OneDrive/Desktop/Airflow_pract/venv/lib/python3.9/site-packages/airflow/example_dags/example_bash_operator.py
[2025-04-20T21:29:15.752+0800] {processor.py:925} INFO - DAG(s) 'example_bash_operator' retrieved from /mnt/c/Users/wu_li/OneDrive/Desktop/Airflow_pract/venv/lib/python3.9/site-packages/airflow/example_dags/example_bash_operator.py
[2025-04-20T21:29:15.831+0800] {logging_mixin.py:190} INFO - [2025-04-20T21:29:15.830+0800] {dag.py:3239} INFO - Sync 1 DAGs
[2025-04-20T21:29:15.895+0800] {logging_mixin.py:190} INFO - [2025-04-20T21:29:15.891+0800] {dag.py:4180} INFO - Setting next_dagrun for example_bash_operator to 2025-04-20 00:00:00+00:00, run_after=2025-04-21 00:00:00+00:00
[2025-04-20T21:29:15.996+0800] {processor.py:208} INFO - Processing /mnt/c/Users/wu_li/OneDrive/Desktop/Airflow_pract/venv/lib/python3.9/site-packages/airflow/example_dags/example_bash_operator.py took 0.317 seconds
[2025-04-20T21:30:45.571+0800] {processor.py:186} INFO - Started process (PID=112175) to work on /mnt/c/Users/wu_li/OneDrive/Desktop/Airflow_pract/venv/lib/python3.9/site-packages/airflow/example_dags/example_bash_operator.py
[2025-04-20T21:30:45.573+0800] {processor.py:914} INFO - Processing file /mnt/c/Users/wu_li/OneDrive/Desktop/Airflow_pract/venv/lib/python3.9/site-packages/airflow/example_dags/example_bash_operator.py for tasks to queue
[2025-04-20T21:30:45.575+0800] {logging_mixin.py:190} INFO - [2025-04-20T21:30:45.574+0800] {dagbag.py:588} INFO - Filling up the DagBag from /mnt/c/Users/wu_li/OneDrive/Desktop/Airflow_pract/venv/lib/python3.9/site-packages/airflow/example_dags/example_bash_operator.py
[2025-04-20T21:30:45.601+0800] {processor.py:925} INFO - DAG(s) 'example_bash_operator' retrieved from /mnt/c/Users/wu_li/OneDrive/Desktop/Airflow_pract/venv/lib/python3.9/site-packages/airflow/example_dags/example_bash_operator.py
[2025-04-20T21:30:45.631+0800] {logging_mixin.py:190} INFO - [2025-04-20T21:30:45.630+0800] {dag.py:3239} INFO - Sync 1 DAGs
[2025-04-20T21:30:45.653+0800] {logging_mixin.py:190} INFO - [2025-04-20T21:30:45.652+0800] {dag.py:4180} INFO - Setting next_dagrun for example_bash_operator to 2025-04-20 00:00:00+00:00, run_after=2025-04-21 00:00:00+00:00
[2025-04-20T21:30:45.701+0800] {processor.py:208} INFO - Processing /mnt/c/Users/wu_li/OneDrive/Desktop/Airflow_pract/venv/lib/python3.9/site-packages/airflow/example_dags/example_bash_operator.py took 0.141 seconds
[2025-04-20T21:32:18.473+0800] {processor.py:186} INFO - Started process (PID=113254) to work on /mnt/c/Users/wu_li/OneDrive/Desktop/Airflow_pract/venv/lib/python3.9/site-packages/airflow/example_dags/example_bash_operator.py
[2025-04-20T21:32:18.476+0800] {processor.py:914} INFO - Processing file /mnt/c/Users/wu_li/OneDrive/Desktop/Airflow_pract/venv/lib/python3.9/site-packages/airflow/example_dags/example_bash_operator.py for tasks to queue
[2025-04-20T21:32:18.483+0800] {logging_mixin.py:190} INFO - [2025-04-20T21:32:18.481+0800] {dagbag.py:588} INFO - Filling up the DagBag from /mnt/c/Users/wu_li/OneDrive/Desktop/Airflow_pract/venv/lib/python3.9/site-packages/airflow/example_dags/example_bash_operator.py
[2025-04-20T21:32:18.535+0800] {processor.py:925} INFO - DAG(s) 'example_bash_operator' retrieved from /mnt/c/Users/wu_li/OneDrive/Desktop/Airflow_pract/venv/lib/python3.9/site-packages/airflow/example_dags/example_bash_operator.py
[2025-04-20T21:32:18.614+0800] {logging_mixin.py:190} INFO - [2025-04-20T21:32:18.612+0800] {dag.py:3239} INFO - Sync 1 DAGs
[2025-04-20T21:32:18.734+0800] {logging_mixin.py:190} INFO - [2025-04-20T21:32:18.732+0800] {dag.py:4180} INFO - Setting next_dagrun for example_bash_operator to 2025-04-20 00:00:00+00:00, run_after=2025-04-21 00:00:00+00:00
[2025-04-20T21:32:18.877+0800] {processor.py:208} INFO - Processing /mnt/c/Users/wu_li/OneDrive/Desktop/Airflow_pract/venv/lib/python3.9/site-packages/airflow/example_dags/example_bash_operator.py took 0.430 seconds
[2025-04-20T21:33:46.527+0800] {processor.py:186} INFO - Started process (PID=114263) to work on /mnt/c/Users/wu_li/OneDrive/Desktop/Airflow_pract/venv/lib/python3.9/site-packages/airflow/example_dags/example_bash_operator.py
[2025-04-20T21:33:46.529+0800] {processor.py:914} INFO - Processing file /mnt/c/Users/wu_li/OneDrive/Desktop/Airflow_pract/venv/lib/python3.9/site-packages/airflow/example_dags/example_bash_operator.py for tasks to queue
[2025-04-20T21:33:46.531+0800] {logging_mixin.py:190} INFO - [2025-04-20T21:33:46.530+0800] {dagbag.py:588} INFO - Filling up the DagBag from /mnt/c/Users/wu_li/OneDrive/Desktop/Airflow_pract/venv/lib/python3.9/site-packages/airflow/example_dags/example_bash_operator.py
[2025-04-20T21:33:46.560+0800] {processor.py:925} INFO - DAG(s) 'example_bash_operator' retrieved from /mnt/c/Users/wu_li/OneDrive/Desktop/Airflow_pract/venv/lib/python3.9/site-packages/airflow/example_dags/example_bash_operator.py
[2025-04-20T21:33:46.596+0800] {logging_mixin.py:190} INFO - [2025-04-20T21:33:46.595+0800] {dag.py:3239} INFO - Sync 1 DAGs
[2025-04-20T21:33:46.625+0800] {logging_mixin.py:190} INFO - [2025-04-20T21:33:46.624+0800] {dag.py:4180} INFO - Setting next_dagrun for example_bash_operator to 2025-04-20 00:00:00+00:00, run_after=2025-04-21 00:00:00+00:00
[2025-04-20T21:33:46.687+0800] {processor.py:208} INFO - Processing /mnt/c/Users/wu_li/OneDrive/Desktop/Airflow_pract/venv/lib/python3.9/site-packages/airflow/example_dags/example_bash_operator.py took 0.172 seconds
[2025-04-20T21:35:23.587+0800] {processor.py:186} INFO - Started process (PID=115412) to work on /mnt/c/Users/wu_li/OneDrive/Desktop/Airflow_pract/venv/lib/python3.9/site-packages/airflow/example_dags/example_bash_operator.py
[2025-04-20T21:35:23.590+0800] {processor.py:914} INFO - Processing file /mnt/c/Users/wu_li/OneDrive/Desktop/Airflow_pract/venv/lib/python3.9/site-packages/airflow/example_dags/example_bash_operator.py for tasks to queue
[2025-04-20T21:35:23.594+0800] {logging_mixin.py:190} INFO - [2025-04-20T21:35:23.592+0800] {dagbag.py:588} INFO - Filling up the DagBag from /mnt/c/Users/wu_li/OneDrive/Desktop/Airflow_pract/venv/lib/python3.9/site-packages/airflow/example_dags/example_bash_operator.py
[2025-04-20T21:35:23.641+0800] {processor.py:925} INFO - DAG(s) 'example_bash_operator' retrieved from /mnt/c/Users/wu_li/OneDrive/Desktop/Airflow_pract/venv/lib/python3.9/site-packages/airflow/example_dags/example_bash_operator.py
[2025-04-20T21:35:23.725+0800] {logging_mixin.py:190} INFO - [2025-04-20T21:35:23.724+0800] {dag.py:3239} INFO - Sync 1 DAGs
[2025-04-20T21:35:23.780+0800] {logging_mixin.py:190} INFO - [2025-04-20T21:35:23.775+0800] {dag.py:4180} INFO - Setting next_dagrun for example_bash_operator to 2025-04-20 00:00:00+00:00, run_after=2025-04-21 00:00:00+00:00
[2025-04-20T21:35:23.874+0800] {processor.py:208} INFO - Processing /mnt/c/Users/wu_li/OneDrive/Desktop/Airflow_pract/venv/lib/python3.9/site-packages/airflow/example_dags/example_bash_operator.py took 0.306 seconds
[2025-04-20T21:37:02.175+0800] {processor.py:186} INFO - Started process (PID=116570) to work on /mnt/c/Users/wu_li/OneDrive/Desktop/Airflow_pract/venv/lib/python3.9/site-packages/airflow/example_dags/example_bash_operator.py
[2025-04-20T21:37:02.176+0800] {processor.py:914} INFO - Processing file /mnt/c/Users/wu_li/OneDrive/Desktop/Airflow_pract/venv/lib/python3.9/site-packages/airflow/example_dags/example_bash_operator.py for tasks to queue
[2025-04-20T21:37:02.179+0800] {logging_mixin.py:190} INFO - [2025-04-20T21:37:02.178+0800] {dagbag.py:588} INFO - Filling up the DagBag from /mnt/c/Users/wu_li/OneDrive/Desktop/Airflow_pract/venv/lib/python3.9/site-packages/airflow/example_dags/example_bash_operator.py
[2025-04-20T21:37:02.205+0800] {processor.py:925} INFO - DAG(s) 'example_bash_operator' retrieved from /mnt/c/Users/wu_li/OneDrive/Desktop/Airflow_pract/venv/lib/python3.9/site-packages/airflow/example_dags/example_bash_operator.py
[2025-04-20T21:37:02.237+0800] {logging_mixin.py:190} INFO - [2025-04-20T21:37:02.236+0800] {dag.py:3239} INFO - Sync 1 DAGs
[2025-04-20T21:37:02.260+0800] {logging_mixin.py:190} INFO - [2025-04-20T21:37:02.259+0800] {dag.py:4180} INFO - Setting next_dagrun for example_bash_operator to 2025-04-20 00:00:00+00:00, run_after=2025-04-21 00:00:00+00:00
[2025-04-20T21:37:02.319+0800] {processor.py:208} INFO - Processing /mnt/c/Users/wu_li/OneDrive/Desktop/Airflow_pract/venv/lib/python3.9/site-packages/airflow/example_dags/example_bash_operator.py took 0.156 seconds
[2025-04-20T21:38:51.789+0800] {processor.py:186} INFO - Started process (PID=117621) to work on /mnt/c/Users/wu_li/OneDrive/Desktop/Airflow_pract/venv/lib/python3.9/site-packages/airflow/example_dags/example_bash_operator.py
[2025-04-20T21:38:51.791+0800] {processor.py:914} INFO - Processing file /mnt/c/Users/wu_li/OneDrive/Desktop/Airflow_pract/venv/lib/python3.9/site-packages/airflow/example_dags/example_bash_operator.py for tasks to queue
[2025-04-20T21:38:51.794+0800] {logging_mixin.py:190} INFO - [2025-04-20T21:38:51.793+0800] {dagbag.py:588} INFO - Filling up the DagBag from /mnt/c/Users/wu_li/OneDrive/Desktop/Airflow_pract/venv/lib/python3.9/site-packages/airflow/example_dags/example_bash_operator.py
[2025-04-20T21:38:51.466+0800] {processor.py:925} INFO - DAG(s) 'example_bash_operator' retrieved from /mnt/c/Users/wu_li/OneDrive/Desktop/Airflow_pract/venv/lib/python3.9/site-packages/airflow/example_dags/example_bash_operator.py
[2025-04-20T21:38:51.535+0800] {logging_mixin.py:190} INFO - [2025-04-20T21:38:51.528+0800] {dag.py:3239} INFO - Sync 1 DAGs
[2025-04-20T21:38:51.586+0800] {logging_mixin.py:190} INFO - [2025-04-20T21:38:51.583+0800] {dag.py:4180} INFO - Setting next_dagrun for example_bash_operator to 2025-04-20 00:00:00+00:00, run_after=2025-04-21 00:00:00+00:00
[2025-04-20T21:38:51.665+0800] {processor.py:208} INFO - Processing /mnt/c/Users/wu_li/OneDrive/Desktop/Airflow_pract/venv/lib/python3.9/site-packages/airflow/example_dags/example_bash_operator.py took 0.570 seconds
[2025-04-20T21:40:20.287+0800] {processor.py:186} INFO - Started process (PID=118471) to work on /mnt/c/Users/wu_li/OneDrive/Desktop/Airflow_pract/venv/lib/python3.9/site-packages/airflow/example_dags/example_bash_operator.py
[2025-04-20T21:40:20.289+0800] {processor.py:914} INFO - Processing file /mnt/c/Users/wu_li/OneDrive/Desktop/Airflow_pract/venv/lib/python3.9/site-packages/airflow/example_dags/example_bash_operator.py for tasks to queue
[2025-04-20T21:40:20.292+0800] {logging_mixin.py:190} INFO - [2025-04-20T21:40:20.290+0800] {dagbag.py:588} INFO - Filling up the DagBag from /mnt/c/Users/wu_li/OneDrive/Desktop/Airflow_pract/venv/lib/python3.9/site-packages/airflow/example_dags/example_bash_operator.py
[2025-04-20T21:40:20.320+0800] {processor.py:925} INFO - DAG(s) 'example_bash_operator' retrieved from /mnt/c/Users/wu_li/OneDrive/Desktop/Airflow_pract/venv/lib/python3.9/site-packages/airflow/example_dags/example_bash_operator.py
[2025-04-20T21:40:20.412+0800] {logging_mixin.py:190} INFO - [2025-04-20T21:40:20.411+0800] {dag.py:3239} INFO - Sync 1 DAGs
[2025-04-20T21:40:20.457+0800] {logging_mixin.py:190} INFO - [2025-04-20T21:40:20.456+0800] {dag.py:4180} INFO - Setting next_dagrun for example_bash_operator to 2025-04-20 00:00:00+00:00, run_after=2025-04-21 00:00:00+00:00
[2025-04-20T21:40:20.564+0800] {processor.py:208} INFO - Processing /mnt/c/Users/wu_li/OneDrive/Desktop/Airflow_pract/venv/lib/python3.9/site-packages/airflow/example_dags/example_bash_operator.py took 0.290 seconds
[2025-04-20T21:41:47.110+0800] {processor.py:186} INFO - Started process (PID=119608) to work on /mnt/c/Users/wu_li/OneDrive/Desktop/Airflow_pract/venv/lib/python3.9/site-packages/airflow/example_dags/example_bash_operator.py
[2025-04-20T21:41:47.115+0800] {processor.py:914} INFO - Processing file /mnt/c/Users/wu_li/OneDrive/Desktop/Airflow_pract/venv/lib/python3.9/site-packages/airflow/example_dags/example_bash_operator.py for tasks to queue
[2025-04-20T21:41:47.132+0800] {logging_mixin.py:190} INFO - [2025-04-20T21:41:47.130+0800] {dagbag.py:588} INFO - Filling up the DagBag from /mnt/c/Users/wu_li/OneDrive/Desktop/Airflow_pract/venv/lib/python3.9/site-packages/airflow/example_dags/example_bash_operator.py
[2025-04-20T21:41:47.178+0800] {processor.py:925} INFO - DAG(s) 'example_bash_operator' retrieved from /mnt/c/Users/wu_li/OneDrive/Desktop/Airflow_pract/venv/lib/python3.9/site-packages/airflow/example_dags/example_bash_operator.py
[2025-04-20T21:41:47.271+0800] {logging_mixin.py:190} INFO - [2025-04-20T21:41:47.270+0800] {dag.py:3239} INFO - Sync 1 DAGs
[2025-04-20T21:41:47.359+0800] {logging_mixin.py:190} INFO - [2025-04-20T21:41:47.354+0800] {dag.py:4180} INFO - Setting next_dagrun for example_bash_operator to 2025-04-20 00:00:00+00:00, run_after=2025-04-21 00:00:00+00:00
[2025-04-20T21:41:47.479+0800] {processor.py:208} INFO - Processing /mnt/c/Users/wu_li/OneDrive/Desktop/Airflow_pract/venv/lib/python3.9/site-packages/airflow/example_dags/example_bash_operator.py took 0.418 seconds
[2025-04-20T21:43:26.846+0800] {processor.py:186} INFO - Started process (PID=120374) to work on /mnt/c/Users/wu_li/OneDrive/Desktop/Airflow_pract/venv/lib/python3.9/site-packages/airflow/example_dags/example_bash_operator.py
[2025-04-20T21:43:26.847+0800] {processor.py:914} INFO - Processing file /mnt/c/Users/wu_li/OneDrive/Desktop/Airflow_pract/venv/lib/python3.9/site-packages/airflow/example_dags/example_bash_operator.py for tasks to queue
[2025-04-20T21:43:26.850+0800] {logging_mixin.py:190} INFO - [2025-04-20T21:43:26.849+0800] {dagbag.py:588} INFO - Filling up the DagBag from /mnt/c/Users/wu_li/OneDrive/Desktop/Airflow_pract/venv/lib/python3.9/site-packages/airflow/example_dags/example_bash_operator.py
[2025-04-20T21:43:26.887+0800] {processor.py:925} INFO - DAG(s) 'example_bash_operator' retrieved from /mnt/c/Users/wu_li/OneDrive/Desktop/Airflow_pract/venv/lib/python3.9/site-packages/airflow/example_dags/example_bash_operator.py
[2025-04-20T21:43:26.933+0800] {logging_mixin.py:190} INFO - [2025-04-20T21:43:26.932+0800] {dag.py:3239} INFO - Sync 1 DAGs
[2025-04-20T21:43:26.972+0800] {logging_mixin.py:190} INFO - [2025-04-20T21:43:26.970+0800] {dag.py:4180} INFO - Setting next_dagrun for example_bash_operator to 2025-04-20 00:00:00+00:00, run_after=2025-04-21 00:00:00+00:00
[2025-04-20T21:43:27.076+0800] {processor.py:208} INFO - Processing /mnt/c/Users/wu_li/OneDrive/Desktop/Airflow_pract/venv/lib/python3.9/site-packages/airflow/example_dags/example_bash_operator.py took 0.244 seconds
[2025-04-20T21:44:58.998+0800] {processor.py:186} INFO - Started process (PID=121339) to work on /mnt/c/Users/wu_li/OneDrive/Desktop/Airflow_pract/venv/lib/python3.9/site-packages/airflow/example_dags/example_bash_operator.py
[2025-04-20T21:44:58.999+0800] {processor.py:914} INFO - Processing file /mnt/c/Users/wu_li/OneDrive/Desktop/Airflow_pract/venv/lib/python3.9/site-packages/airflow/example_dags/example_bash_operator.py for tasks to queue
[2025-04-20T21:44:59.002+0800] {logging_mixin.py:190} INFO - [2025-04-20T21:44:59.001+0800] {dagbag.py:588} INFO - Filling up the DagBag from /mnt/c/Users/wu_li/OneDrive/Desktop/Airflow_pract/venv/lib/python3.9/site-packages/airflow/example_dags/example_bash_operator.py
[2025-04-20T21:44:59.044+0800] {processor.py:925} INFO - DAG(s) 'example_bash_operator' retrieved from /mnt/c/Users/wu_li/OneDrive/Desktop/Airflow_pract/venv/lib/python3.9/site-packages/airflow/example_dags/example_bash_operator.py
[2025-04-20T21:44:59.125+0800] {logging_mixin.py:190} INFO - [2025-04-20T21:44:59.124+0800] {dag.py:3239} INFO - Sync 1 DAGs
[2025-04-20T21:44:59.175+0800] {logging_mixin.py:190} INFO - [2025-04-20T21:44:59.172+0800] {dag.py:4180} INFO - Setting next_dagrun for example_bash_operator to 2025-04-20 00:00:00+00:00, run_after=2025-04-21 00:00:00+00:00
[2025-04-20T21:44:59.242+0800] {processor.py:208} INFO - Processing /mnt/c/Users/wu_li/OneDrive/Desktop/Airflow_pract/venv/lib/python3.9/site-packages/airflow/example_dags/example_bash_operator.py took 0.262 seconds
[2025-04-20T21:46:36.206+0800] {processor.py:186} INFO - Started process (PID=122289) to work on /mnt/c/Users/wu_li/OneDrive/Desktop/Airflow_pract/venv/lib/python3.9/site-packages/airflow/example_dags/example_bash_operator.py
[2025-04-20T21:46:36.208+0800] {processor.py:914} INFO - Processing file /mnt/c/Users/wu_li/OneDrive/Desktop/Airflow_pract/venv/lib/python3.9/site-packages/airflow/example_dags/example_bash_operator.py for tasks to queue
[2025-04-20T21:46:36.213+0800] {logging_mixin.py:190} INFO - [2025-04-20T21:46:36.211+0800] {dagbag.py:588} INFO - Filling up the DagBag from /mnt/c/Users/wu_li/OneDrive/Desktop/Airflow_pract/venv/lib/python3.9/site-packages/airflow/example_dags/example_bash_operator.py
[2025-04-20T21:46:36.258+0800] {processor.py:925} INFO - DAG(s) 'example_bash_operator' retrieved from /mnt/c/Users/wu_li/OneDrive/Desktop/Airflow_pract/venv/lib/python3.9/site-packages/airflow/example_dags/example_bash_operator.py
[2025-04-20T21:46:36.610+0800] {logging_mixin.py:190} INFO - [2025-04-20T21:46:36.598+0800] {dag.py:3239} INFO - Sync 1 DAGs
[2025-04-20T21:46:36.700+0800] {logging_mixin.py:190} INFO - [2025-04-20T21:46:36.690+0800] {dag.py:4180} INFO - Setting next_dagrun for example_bash_operator to 2025-04-20 00:00:00+00:00, run_after=2025-04-21 00:00:00+00:00
[2025-04-20T21:46:36.891+0800] {processor.py:208} INFO - Processing /mnt/c/Users/wu_li/OneDrive/Desktop/Airflow_pract/venv/lib/python3.9/site-packages/airflow/example_dags/example_bash_operator.py took 0.712 seconds
[2025-04-20T21:48:30.656+0800] {processor.py:186} INFO - Started process (PID=123235) to work on /mnt/c/Users/wu_li/OneDrive/Desktop/Airflow_pract/venv/lib/python3.9/site-packages/airflow/example_dags/example_bash_operator.py
[2025-04-20T21:48:30.658+0800] {processor.py:914} INFO - Processing file /mnt/c/Users/wu_li/OneDrive/Desktop/Airflow_pract/venv/lib/python3.9/site-packages/airflow/example_dags/example_bash_operator.py for tasks to queue
[2025-04-20T21:48:30.662+0800] {logging_mixin.py:190} INFO - [2025-04-20T21:48:30.660+0800] {dagbag.py:588} INFO - Filling up the DagBag from /mnt/c/Users/wu_li/OneDrive/Desktop/Airflow_pract/venv/lib/python3.9/site-packages/airflow/example_dags/example_bash_operator.py
[2025-04-20T21:48:30.704+0800] {processor.py:925} INFO - DAG(s) 'example_bash_operator' retrieved from /mnt/c/Users/wu_li/OneDrive/Desktop/Airflow_pract/venv/lib/python3.9/site-packages/airflow/example_dags/example_bash_operator.py
[2025-04-20T21:48:30.783+0800] {logging_mixin.py:190} INFO - [2025-04-20T21:48:30.781+0800] {dag.py:3239} INFO - Sync 1 DAGs
[2025-04-20T21:48:30.850+0800] {logging_mixin.py:190} INFO - [2025-04-20T21:48:30.845+0800] {dag.py:4180} INFO - Setting next_dagrun for example_bash_operator to 2025-04-20 00:00:00+00:00, run_after=2025-04-21 00:00:00+00:00
[2025-04-20T21:48:30.958+0800] {processor.py:208} INFO - Processing /mnt/c/Users/wu_li/OneDrive/Desktop/Airflow_pract/venv/lib/python3.9/site-packages/airflow/example_dags/example_bash_operator.py took 0.324 seconds
[2025-04-20T21:50:06.959+0800] {processor.py:186} INFO - Started process (PID=124096) to work on /mnt/c/Users/wu_li/OneDrive/Desktop/Airflow_pract/venv/lib/python3.9/site-packages/airflow/example_dags/example_bash_operator.py
[2025-04-20T21:50:06.962+0800] {processor.py:914} INFO - Processing file /mnt/c/Users/wu_li/OneDrive/Desktop/Airflow_pract/venv/lib/python3.9/site-packages/airflow/example_dags/example_bash_operator.py for tasks to queue
[2025-04-20T21:50:06.968+0800] {logging_mixin.py:190} INFO - [2025-04-20T21:50:06.965+0800] {dagbag.py:588} INFO - Filling up the DagBag from /mnt/c/Users/wu_li/OneDrive/Desktop/Airflow_pract/venv/lib/python3.9/site-packages/airflow/example_dags/example_bash_operator.py
[2025-04-20T21:50:07.032+0800] {processor.py:925} INFO - DAG(s) 'example_bash_operator' retrieved from /mnt/c/Users/wu_li/OneDrive/Desktop/Airflow_pract/venv/lib/python3.9/site-packages/airflow/example_dags/example_bash_operator.py
[2025-04-20T21:50:07.141+0800] {logging_mixin.py:190} INFO - [2025-04-20T21:50:07.139+0800] {dag.py:3239} INFO - Sync 1 DAGs
[2025-04-20T21:50:07.211+0800] {logging_mixin.py:190} INFO - [2025-04-20T21:50:07.209+0800] {dag.py:4180} INFO - Setting next_dagrun for example_bash_operator to 2025-04-20 00:00:00+00:00, run_after=2025-04-21 00:00:00+00:00
[2025-04-20T21:50:07.341+0800] {processor.py:208} INFO - Processing /mnt/c/Users/wu_li/OneDrive/Desktop/Airflow_pract/venv/lib/python3.9/site-packages/airflow/example_dags/example_bash_operator.py took 0.406 seconds
