[2025-04-20T20:11:05.960+0800] {processor.py:186} INFO - Started process (PID=63255) to work on /mnt/c/Users/wu_li/OneDrive/Desktop/Airflow_pract/venv/lib/python3.9/site-packages/airflow/example_dags/example_task_group.py
[2025-04-20T20:11:05.962+0800] {processor.py:914} INFO - Processing file /mnt/c/Users/wu_li/OneDrive/Desktop/Airflow_pract/venv/lib/python3.9/site-packages/airflow/example_dags/example_task_group.py for tasks to queue
[2025-04-20T20:11:05.965+0800] {logging_mixin.py:190} INFO - [2025-04-20T20:11:05.964+0800] {dagbag.py:588} INFO - Filling up the DagBag from /mnt/c/Users/wu_li/OneDrive/Desktop/Airflow_pract/venv/lib/python3.9/site-packages/airflow/example_dags/example_task_group.py
[2025-04-20T20:11:06.063+0800] {processor.py:925} INFO - DAG(s) 'example_task_group' retrieved from /mnt/c/Users/wu_li/OneDrive/Desktop/Airflow_pract/venv/lib/python3.9/site-packages/airflow/example_dags/example_task_group.py
[2025-04-20T20:11:08.004+0800] {logging_mixin.py:190} INFO - [2025-04-20T20:11:08.002+0800] {override.py:1912} INFO - Created Permission View: can delete on DAG:example_task_group
[2025-04-20T20:11:08.051+0800] {logging_mixin.py:190} INFO - [2025-04-20T20:11:08.050+0800] {override.py:1912} INFO - Created Permission View: can read on DAG:example_task_group
[2025-04-20T20:11:08.099+0800] {logging_mixin.py:190} INFO - [2025-04-20T20:11:08.098+0800] {override.py:1912} INFO - Created Permission View: can edit on DAG:example_task_group
[2025-04-20T20:11:08.172+0800] {logging_mixin.py:190} INFO - [2025-04-20T20:11:08.171+0800] {override.py:1912} INFO - Created Permission View: can delete on DAG Run:example_task_group
[2025-04-20T20:11:08.226+0800] {logging_mixin.py:190} INFO - [2025-04-20T20:11:08.224+0800] {override.py:1912} INFO - Created Permission View: can read on DAG Run:example_task_group
[2025-04-20T20:11:08.272+0800] {logging_mixin.py:190} INFO - [2025-04-20T20:11:08.271+0800] {override.py:1912} INFO - Created Permission View: can create on DAG Run:example_task_group
[2025-04-20T20:11:08.316+0800] {logging_mixin.py:190} INFO - [2025-04-20T20:11:08.314+0800] {override.py:1912} INFO - Created Permission View: menu access on DAG Run:example_task_group
[2025-04-20T20:11:08.319+0800] {logging_mixin.py:190} INFO - [2025-04-20T20:11:08.317+0800] {dag.py:3239} INFO - Sync 1 DAGs
[2025-04-20T20:11:08.349+0800] {logging_mixin.py:190} INFO - [2025-04-20T20:11:08.348+0800] {dag.py:3262} INFO - Creating ORM DAG for example_task_group
[2025-04-20T20:11:08.352+0800] {logging_mixin.py:190} INFO - [2025-04-20T20:11:08.351+0800] {dag.py:4180} INFO - Setting next_dagrun for example_task_group to None, run_after=None
[2025-04-20T20:11:08.429+0800] {processor.py:208} INFO - Processing /mnt/c/Users/wu_li/OneDrive/Desktop/Airflow_pract/venv/lib/python3.9/site-packages/airflow/example_dags/example_task_group.py took 2.490 seconds
[2025-04-20T20:17:14.667+0800] {processor.py:186} INFO - Started process (PID=67621) to work on /mnt/c/Users/wu_li/OneDrive/Desktop/Airflow_pract/venv/lib/python3.9/site-packages/airflow/example_dags/example_task_group.py
[2025-04-20T20:17:14.669+0800] {processor.py:914} INFO - Processing file /mnt/c/Users/wu_li/OneDrive/Desktop/Airflow_pract/venv/lib/python3.9/site-packages/airflow/example_dags/example_task_group.py for tasks to queue
[2025-04-20T20:17:14.673+0800] {logging_mixin.py:190} INFO - [2025-04-20T20:17:14.672+0800] {dagbag.py:588} INFO - Filling up the DagBag from /mnt/c/Users/wu_li/OneDrive/Desktop/Airflow_pract/venv/lib/python3.9/site-packages/airflow/example_dags/example_task_group.py
[2025-04-20T20:17:14.740+0800] {processor.py:925} INFO - DAG(s) 'example_task_group' retrieved from /mnt/c/Users/wu_li/OneDrive/Desktop/Airflow_pract/venv/lib/python3.9/site-packages/airflow/example_dags/example_task_group.py
[2025-04-20T20:17:14.784+0800] {logging_mixin.py:190} INFO - [2025-04-20T20:17:14.783+0800] {dag.py:3239} INFO - Sync 1 DAGs
[2025-04-20T20:17:14.801+0800] {logging_mixin.py:190} INFO - [2025-04-20T20:17:14.800+0800] {dag.py:4180} INFO - Setting next_dagrun for example_task_group to None, run_after=None
[2025-04-20T20:17:14.971+0800] {processor.py:208} INFO - Processing /mnt/c/Users/wu_li/OneDrive/Desktop/Airflow_pract/venv/lib/python3.9/site-packages/airflow/example_dags/example_task_group.py took 0.317 seconds
[2025-04-20T20:18:37.397+0800] {processor.py:186} INFO - Started process (PID=68743) to work on /mnt/c/Users/wu_li/OneDrive/Desktop/Airflow_pract/venv/lib/python3.9/site-packages/airflow/example_dags/example_task_group.py
[2025-04-20T20:18:37.399+0800] {processor.py:914} INFO - Processing file /mnt/c/Users/wu_li/OneDrive/Desktop/Airflow_pract/venv/lib/python3.9/site-packages/airflow/example_dags/example_task_group.py for tasks to queue
[2025-04-20T20:18:37.402+0800] {logging_mixin.py:190} INFO - [2025-04-20T20:18:37.401+0800] {dagbag.py:588} INFO - Filling up the DagBag from /mnt/c/Users/wu_li/OneDrive/Desktop/Airflow_pract/venv/lib/python3.9/site-packages/airflow/example_dags/example_task_group.py
[2025-04-20T20:18:37.467+0800] {processor.py:925} INFO - DAG(s) 'example_task_group' retrieved from /mnt/c/Users/wu_li/OneDrive/Desktop/Airflow_pract/venv/lib/python3.9/site-packages/airflow/example_dags/example_task_group.py
[2025-04-20T20:18:37.499+0800] {logging_mixin.py:190} INFO - [2025-04-20T20:18:37.496+0800] {dag.py:3239} INFO - Sync 1 DAGs
[2025-04-20T20:18:37.525+0800] {logging_mixin.py:190} INFO - [2025-04-20T20:18:37.524+0800] {dag.py:4180} INFO - Setting next_dagrun for example_task_group to None, run_after=None
[2025-04-20T20:18:37.591+0800] {processor.py:208} INFO - Processing /mnt/c/Users/wu_li/OneDrive/Desktop/Airflow_pract/venv/lib/python3.9/site-packages/airflow/example_dags/example_task_group.py took 0.206 seconds
[2025-04-20T20:20:18.048+0800] {processor.py:186} INFO - Started process (PID=69875) to work on /mnt/c/Users/wu_li/OneDrive/Desktop/Airflow_pract/venv/lib/python3.9/site-packages/airflow/example_dags/example_task_group.py
[2025-04-20T20:20:18.050+0800] {processor.py:914} INFO - Processing file /mnt/c/Users/wu_li/OneDrive/Desktop/Airflow_pract/venv/lib/python3.9/site-packages/airflow/example_dags/example_task_group.py for tasks to queue
[2025-04-20T20:20:18.053+0800] {logging_mixin.py:190} INFO - [2025-04-20T20:20:18.052+0800] {dagbag.py:588} INFO - Filling up the DagBag from /mnt/c/Users/wu_li/OneDrive/Desktop/Airflow_pract/venv/lib/python3.9/site-packages/airflow/example_dags/example_task_group.py
[2025-04-20T20:20:18.114+0800] {processor.py:925} INFO - DAG(s) 'example_task_group' retrieved from /mnt/c/Users/wu_li/OneDrive/Desktop/Airflow_pract/venv/lib/python3.9/site-packages/airflow/example_dags/example_task_group.py
[2025-04-20T20:20:18.141+0800] {logging_mixin.py:190} INFO - [2025-04-20T20:20:18.140+0800] {dag.py:3239} INFO - Sync 1 DAGs
[2025-04-20T20:20:18.156+0800] {logging_mixin.py:190} INFO - [2025-04-20T20:20:18.155+0800] {dag.py:4180} INFO - Setting next_dagrun for example_task_group to None, run_after=None
[2025-04-20T20:20:18.208+0800] {processor.py:208} INFO - Processing /mnt/c/Users/wu_li/OneDrive/Desktop/Airflow_pract/venv/lib/python3.9/site-packages/airflow/example_dags/example_task_group.py took 0.172 seconds
[2025-04-20T20:21:18.580+0800] {processor.py:186} INFO - Started process (PID=70290) to work on /mnt/c/Users/wu_li/OneDrive/Desktop/Airflow_pract/venv/lib/python3.9/site-packages/airflow/example_dags/example_task_group.py
[2025-04-20T20:21:18.582+0800] {processor.py:914} INFO - Processing file /mnt/c/Users/wu_li/OneDrive/Desktop/Airflow_pract/venv/lib/python3.9/site-packages/airflow/example_dags/example_task_group.py for tasks to queue
[2025-04-20T20:21:18.586+0800] {logging_mixin.py:190} INFO - [2025-04-20T20:21:18.585+0800] {dagbag.py:588} INFO - Filling up the DagBag from /mnt/c/Users/wu_li/OneDrive/Desktop/Airflow_pract/venv/lib/python3.9/site-packages/airflow/example_dags/example_task_group.py
[2025-04-20T20:21:18.673+0800] {processor.py:925} INFO - DAG(s) 'example_task_group' retrieved from /mnt/c/Users/wu_li/OneDrive/Desktop/Airflow_pract/venv/lib/python3.9/site-packages/airflow/example_dags/example_task_group.py
[2025-04-20T20:21:18.744+0800] {logging_mixin.py:190} INFO - [2025-04-20T20:21:18.730+0800] {dag.py:3239} INFO - Sync 1 DAGs
[2025-04-20T20:21:18.804+0800] {logging_mixin.py:190} INFO - [2025-04-20T20:21:18.798+0800] {dag.py:4180} INFO - Setting next_dagrun for example_task_group to None, run_after=None
[2025-04-20T20:21:18.999+0800] {processor.py:208} INFO - Processing /mnt/c/Users/wu_li/OneDrive/Desktop/Airflow_pract/venv/lib/python3.9/site-packages/airflow/example_dags/example_task_group.py took 0.437 seconds
[2025-04-20T20:22:21.492+0800] {processor.py:186} INFO - Started process (PID=70722) to work on /mnt/c/Users/wu_li/OneDrive/Desktop/Airflow_pract/venv/lib/python3.9/site-packages/airflow/example_dags/example_task_group.py
[2025-04-20T20:22:21.495+0800] {processor.py:914} INFO - Processing file /mnt/c/Users/wu_li/OneDrive/Desktop/Airflow_pract/venv/lib/python3.9/site-packages/airflow/example_dags/example_task_group.py for tasks to queue
[2025-04-20T20:22:21.509+0800] {logging_mixin.py:190} INFO - [2025-04-20T20:22:21.502+0800] {dagbag.py:588} INFO - Filling up the DagBag from /mnt/c/Users/wu_li/OneDrive/Desktop/Airflow_pract/venv/lib/python3.9/site-packages/airflow/example_dags/example_task_group.py
[2025-04-20T20:22:21.672+0800] {processor.py:925} INFO - DAG(s) 'example_task_group' retrieved from /mnt/c/Users/wu_li/OneDrive/Desktop/Airflow_pract/venv/lib/python3.9/site-packages/airflow/example_dags/example_task_group.py
[2025-04-20T20:22:21.734+0800] {logging_mixin.py:190} INFO - [2025-04-20T20:22:21.732+0800] {dag.py:3239} INFO - Sync 1 DAGs
[2025-04-20T20:22:21.784+0800] {logging_mixin.py:190} INFO - [2025-04-20T20:22:21.781+0800] {dag.py:4180} INFO - Setting next_dagrun for example_task_group to None, run_after=None
[2025-04-20T20:22:21.953+0800] {processor.py:208} INFO - Processing /mnt/c/Users/wu_li/OneDrive/Desktop/Airflow_pract/venv/lib/python3.9/site-packages/airflow/example_dags/example_task_group.py took 0.498 seconds
[2025-04-20T20:23:19.062+0800] {processor.py:186} INFO - Started process (PID=71202) to work on /mnt/c/Users/wu_li/OneDrive/Desktop/Airflow_pract/venv/lib/python3.9/site-packages/airflow/example_dags/example_task_group.py
[2025-04-20T20:23:19.064+0800] {processor.py:914} INFO - Processing file /mnt/c/Users/wu_li/OneDrive/Desktop/Airflow_pract/venv/lib/python3.9/site-packages/airflow/example_dags/example_task_group.py for tasks to queue
[2025-04-20T20:23:19.068+0800] {logging_mixin.py:190} INFO - [2025-04-20T20:23:19.067+0800] {dagbag.py:588} INFO - Filling up the DagBag from /mnt/c/Users/wu_li/OneDrive/Desktop/Airflow_pract/venv/lib/python3.9/site-packages/airflow/example_dags/example_task_group.py
[2025-04-20T20:23:19.144+0800] {processor.py:925} INFO - DAG(s) 'example_task_group' retrieved from /mnt/c/Users/wu_li/OneDrive/Desktop/Airflow_pract/venv/lib/python3.9/site-packages/airflow/example_dags/example_task_group.py
[2025-04-20T20:23:19.186+0800] {logging_mixin.py:190} INFO - [2025-04-20T20:23:19.184+0800] {dag.py:3239} INFO - Sync 1 DAGs
[2025-04-20T20:23:19.207+0800] {logging_mixin.py:190} INFO - [2025-04-20T20:23:19.205+0800] {dag.py:4180} INFO - Setting next_dagrun for example_task_group to None, run_after=None
[2025-04-20T20:23:19.266+0800] {processor.py:208} INFO - Processing /mnt/c/Users/wu_li/OneDrive/Desktop/Airflow_pract/venv/lib/python3.9/site-packages/airflow/example_dags/example_task_group.py took 0.218 seconds
[2025-04-20T20:24:13.133+0800] {processor.py:186} INFO - Started process (PID=71746) to work on /mnt/c/Users/wu_li/OneDrive/Desktop/Airflow_pract/venv/lib/python3.9/site-packages/airflow/example_dags/example_task_group.py
[2025-04-20T20:24:13.136+0800] {processor.py:914} INFO - Processing file /mnt/c/Users/wu_li/OneDrive/Desktop/Airflow_pract/venv/lib/python3.9/site-packages/airflow/example_dags/example_task_group.py for tasks to queue
[2025-04-20T20:24:13.147+0800] {logging_mixin.py:190} INFO - [2025-04-20T20:24:13.141+0800] {dagbag.py:588} INFO - Filling up the DagBag from /mnt/c/Users/wu_li/OneDrive/Desktop/Airflow_pract/venv/lib/python3.9/site-packages/airflow/example_dags/example_task_group.py
[2025-04-20T20:24:13.305+0800] {processor.py:925} INFO - DAG(s) 'example_task_group' retrieved from /mnt/c/Users/wu_li/OneDrive/Desktop/Airflow_pract/venv/lib/python3.9/site-packages/airflow/example_dags/example_task_group.py
[2025-04-20T20:24:13.452+0800] {logging_mixin.py:190} INFO - [2025-04-20T20:24:13.448+0800] {dag.py:3239} INFO - Sync 1 DAGs
[2025-04-20T20:24:13.592+0800] {logging_mixin.py:190} INFO - [2025-04-20T20:24:13.577+0800] {dag.py:4180} INFO - Setting next_dagrun for example_task_group to None, run_after=None
[2025-04-20T20:24:13.840+0800] {processor.py:208} INFO - Processing /mnt/c/Users/wu_li/OneDrive/Desktop/Airflow_pract/venv/lib/python3.9/site-packages/airflow/example_dags/example_task_group.py took 0.734 seconds
[2025-04-20T20:25:14.263+0800] {processor.py:186} INFO - Started process (PID=72229) to work on /mnt/c/Users/wu_li/OneDrive/Desktop/Airflow_pract/venv/lib/python3.9/site-packages/airflow/example_dags/example_task_group.py
[2025-04-20T20:25:14.265+0800] {processor.py:914} INFO - Processing file /mnt/c/Users/wu_li/OneDrive/Desktop/Airflow_pract/venv/lib/python3.9/site-packages/airflow/example_dags/example_task_group.py for tasks to queue
[2025-04-20T20:25:14.270+0800] {logging_mixin.py:190} INFO - [2025-04-20T20:25:14.268+0800] {dagbag.py:588} INFO - Filling up the DagBag from /mnt/c/Users/wu_li/OneDrive/Desktop/Airflow_pract/venv/lib/python3.9/site-packages/airflow/example_dags/example_task_group.py
[2025-04-20T20:25:14.383+0800] {processor.py:925} INFO - DAG(s) 'example_task_group' retrieved from /mnt/c/Users/wu_li/OneDrive/Desktop/Airflow_pract/venv/lib/python3.9/site-packages/airflow/example_dags/example_task_group.py
[2025-04-20T20:25:14.434+0800] {logging_mixin.py:190} INFO - [2025-04-20T20:25:14.432+0800] {dag.py:3239} INFO - Sync 1 DAGs
[2025-04-20T20:25:14.476+0800] {logging_mixin.py:190} INFO - [2025-04-20T20:25:14.473+0800] {dag.py:4180} INFO - Setting next_dagrun for example_task_group to None, run_after=None
[2025-04-20T20:25:14.579+0800] {processor.py:208} INFO - Processing /mnt/c/Users/wu_li/OneDrive/Desktop/Airflow_pract/venv/lib/python3.9/site-packages/airflow/example_dags/example_task_group.py took 0.334 seconds
[2025-04-20T20:26:12.709+0800] {processor.py:186} INFO - Started process (PID=72629) to work on /mnt/c/Users/wu_li/OneDrive/Desktop/Airflow_pract/venv/lib/python3.9/site-packages/airflow/example_dags/example_task_group.py
[2025-04-20T20:26:12.713+0800] {processor.py:914} INFO - Processing file /mnt/c/Users/wu_li/OneDrive/Desktop/Airflow_pract/venv/lib/python3.9/site-packages/airflow/example_dags/example_task_group.py for tasks to queue
[2025-04-20T20:26:12.723+0800] {logging_mixin.py:190} INFO - [2025-04-20T20:26:12.717+0800] {dagbag.py:588} INFO - Filling up the DagBag from /mnt/c/Users/wu_li/OneDrive/Desktop/Airflow_pract/venv/lib/python3.9/site-packages/airflow/example_dags/example_task_group.py
[2025-04-20T20:26:12.927+0800] {processor.py:925} INFO - DAG(s) 'example_task_group' retrieved from /mnt/c/Users/wu_li/OneDrive/Desktop/Airflow_pract/venv/lib/python3.9/site-packages/airflow/example_dags/example_task_group.py
[2025-04-20T20:26:12.989+0800] {logging_mixin.py:190} INFO - [2025-04-20T20:26:12.987+0800] {dag.py:3239} INFO - Sync 1 DAGs
[2025-04-20T20:26:13.052+0800] {logging_mixin.py:190} INFO - [2025-04-20T20:26:13.051+0800] {dag.py:4180} INFO - Setting next_dagrun for example_task_group to None, run_after=None
[2025-04-20T20:26:13.230+0800] {processor.py:208} INFO - Processing /mnt/c/Users/wu_li/OneDrive/Desktop/Airflow_pract/venv/lib/python3.9/site-packages/airflow/example_dags/example_task_group.py took 0.549 seconds
[2025-04-20T20:27:14.636+0800] {processor.py:186} INFO - Started process (PID=73479) to work on /mnt/c/Users/wu_li/OneDrive/Desktop/Airflow_pract/venv/lib/python3.9/site-packages/airflow/example_dags/example_task_group.py
[2025-04-20T20:27:14.638+0800] {processor.py:914} INFO - Processing file /mnt/c/Users/wu_li/OneDrive/Desktop/Airflow_pract/venv/lib/python3.9/site-packages/airflow/example_dags/example_task_group.py for tasks to queue
[2025-04-20T20:27:14.643+0800] {logging_mixin.py:190} INFO - [2025-04-20T20:27:14.642+0800] {dagbag.py:588} INFO - Filling up the DagBag from /mnt/c/Users/wu_li/OneDrive/Desktop/Airflow_pract/venv/lib/python3.9/site-packages/airflow/example_dags/example_task_group.py
[2025-04-20T20:27:14.744+0800] {processor.py:925} INFO - DAG(s) 'example_task_group' retrieved from /mnt/c/Users/wu_li/OneDrive/Desktop/Airflow_pract/venv/lib/python3.9/site-packages/airflow/example_dags/example_task_group.py
[2025-04-20T20:27:14.811+0800] {logging_mixin.py:190} INFO - [2025-04-20T20:27:14.809+0800] {dag.py:3239} INFO - Sync 1 DAGs
[2025-04-20T20:27:14.857+0800] {logging_mixin.py:190} INFO - [2025-04-20T20:27:14.856+0800] {dag.py:4180} INFO - Setting next_dagrun for example_task_group to None, run_after=None
[2025-04-20T20:27:14.962+0800] {processor.py:208} INFO - Processing /mnt/c/Users/wu_li/OneDrive/Desktop/Airflow_pract/venv/lib/python3.9/site-packages/airflow/example_dags/example_task_group.py took 0.345 seconds
[2025-04-20T20:36:21.415+0800] {processor.py:186} INFO - Started process (PID=77098) to work on /mnt/c/Users/wu_li/OneDrive/Desktop/Airflow_pract/venv/lib/python3.9/site-packages/airflow/example_dags/example_task_group.py
[2025-04-20T20:36:21.420+0800] {processor.py:914} INFO - Processing file /mnt/c/Users/wu_li/OneDrive/Desktop/Airflow_pract/venv/lib/python3.9/site-packages/airflow/example_dags/example_task_group.py for tasks to queue
[2025-04-20T20:36:21.425+0800] {logging_mixin.py:190} INFO - [2025-04-20T20:36:21.423+0800] {dagbag.py:588} INFO - Filling up the DagBag from /mnt/c/Users/wu_li/OneDrive/Desktop/Airflow_pract/venv/lib/python3.9/site-packages/airflow/example_dags/example_task_group.py
[2025-04-20T20:36:21.466+0800] {processor.py:925} INFO - DAG(s) 'example_task_group' retrieved from /mnt/c/Users/wu_li/OneDrive/Desktop/Airflow_pract/venv/lib/python3.9/site-packages/airflow/example_dags/example_task_group.py
[2025-04-20T20:36:21.547+0800] {logging_mixin.py:190} INFO - [2025-04-20T20:36:21.545+0800] {dag.py:3239} INFO - Sync 1 DAGs
[2025-04-20T20:36:21.607+0800] {logging_mixin.py:190} INFO - [2025-04-20T20:36:21.601+0800] {dag.py:4180} INFO - Setting next_dagrun for example_task_group to None, run_after=None
[2025-04-20T20:36:21.751+0800] {processor.py:208} INFO - Processing /mnt/c/Users/wu_li/OneDrive/Desktop/Airflow_pract/venv/lib/python3.9/site-packages/airflow/example_dags/example_task_group.py took 0.357 seconds
[2025-04-20T20:37:45.280+0800] {processor.py:186} INFO - Started process (PID=77807) to work on /mnt/c/Users/wu_li/OneDrive/Desktop/Airflow_pract/venv/lib/python3.9/site-packages/airflow/example_dags/example_task_group.py
[2025-04-20T20:37:45.282+0800] {processor.py:914} INFO - Processing file /mnt/c/Users/wu_li/OneDrive/Desktop/Airflow_pract/venv/lib/python3.9/site-packages/airflow/example_dags/example_task_group.py for tasks to queue
[2025-04-20T20:37:45.288+0800] {logging_mixin.py:190} INFO - [2025-04-20T20:37:45.285+0800] {dagbag.py:588} INFO - Filling up the DagBag from /mnt/c/Users/wu_li/OneDrive/Desktop/Airflow_pract/venv/lib/python3.9/site-packages/airflow/example_dags/example_task_group.py
[2025-04-20T20:37:45.348+0800] {processor.py:925} INFO - DAG(s) 'example_task_group' retrieved from /mnt/c/Users/wu_li/OneDrive/Desktop/Airflow_pract/venv/lib/python3.9/site-packages/airflow/example_dags/example_task_group.py
[2025-04-20T20:37:45.430+0800] {logging_mixin.py:190} INFO - [2025-04-20T20:37:45.429+0800] {dag.py:3239} INFO - Sync 1 DAGs
[2025-04-20T20:37:45.490+0800] {logging_mixin.py:190} INFO - [2025-04-20T20:37:45.488+0800] {dag.py:4180} INFO - Setting next_dagrun for example_task_group to None, run_after=None
[2025-04-20T20:37:45.585+0800] {processor.py:208} INFO - Processing /mnt/c/Users/wu_li/OneDrive/Desktop/Airflow_pract/venv/lib/python3.9/site-packages/airflow/example_dags/example_task_group.py took 0.330 seconds
[2025-04-20T20:39:10.400+0800] {processor.py:186} INFO - Started process (PID=78958) to work on /mnt/c/Users/wu_li/OneDrive/Desktop/Airflow_pract/venv/lib/python3.9/site-packages/airflow/example_dags/example_task_group.py
[2025-04-20T20:39:10.402+0800] {processor.py:914} INFO - Processing file /mnt/c/Users/wu_li/OneDrive/Desktop/Airflow_pract/venv/lib/python3.9/site-packages/airflow/example_dags/example_task_group.py for tasks to queue
[2025-04-20T20:39:10.406+0800] {logging_mixin.py:190} INFO - [2025-04-20T20:39:10.405+0800] {dagbag.py:588} INFO - Filling up the DagBag from /mnt/c/Users/wu_li/OneDrive/Desktop/Airflow_pract/venv/lib/python3.9/site-packages/airflow/example_dags/example_task_group.py
[2025-04-20T20:39:10.435+0800] {processor.py:925} INFO - DAG(s) 'example_task_group' retrieved from /mnt/c/Users/wu_li/OneDrive/Desktop/Airflow_pract/venv/lib/python3.9/site-packages/airflow/example_dags/example_task_group.py
[2025-04-20T20:39:10.469+0800] {logging_mixin.py:190} INFO - [2025-04-20T20:39:10.468+0800] {dag.py:3239} INFO - Sync 1 DAGs
[2025-04-20T20:39:10.504+0800] {logging_mixin.py:190} INFO - [2025-04-20T20:39:10.502+0800] {dag.py:4180} INFO - Setting next_dagrun for example_task_group to None, run_after=None
[2025-04-20T20:39:10.570+0800] {processor.py:208} INFO - Processing /mnt/c/Users/wu_li/OneDrive/Desktop/Airflow_pract/venv/lib/python3.9/site-packages/airflow/example_dags/example_task_group.py took 0.182 seconds
[2025-04-20T20:40:59.034+0800] {processor.py:186} INFO - Started process (PID=79899) to work on /mnt/c/Users/wu_li/OneDrive/Desktop/Airflow_pract/venv/lib/python3.9/site-packages/airflow/example_dags/example_task_group.py
[2025-04-20T20:40:59.037+0800] {processor.py:914} INFO - Processing file /mnt/c/Users/wu_li/OneDrive/Desktop/Airflow_pract/venv/lib/python3.9/site-packages/airflow/example_dags/example_task_group.py for tasks to queue
[2025-04-20T20:40:59.048+0800] {logging_mixin.py:190} INFO - [2025-04-20T20:40:59.046+0800] {dagbag.py:588} INFO - Filling up the DagBag from /mnt/c/Users/wu_li/OneDrive/Desktop/Airflow_pract/venv/lib/python3.9/site-packages/airflow/example_dags/example_task_group.py
[2025-04-20T20:40:59.091+0800] {processor.py:925} INFO - DAG(s) 'example_task_group' retrieved from /mnt/c/Users/wu_li/OneDrive/Desktop/Airflow_pract/venv/lib/python3.9/site-packages/airflow/example_dags/example_task_group.py
[2025-04-20T20:40:59.162+0800] {logging_mixin.py:190} INFO - [2025-04-20T20:40:59.161+0800] {dag.py:3239} INFO - Sync 1 DAGs
[2025-04-20T20:40:59.221+0800] {logging_mixin.py:190} INFO - [2025-04-20T20:40:59.220+0800] {dag.py:4180} INFO - Setting next_dagrun for example_task_group to None, run_after=None
[2025-04-20T20:40:59.334+0800] {processor.py:208} INFO - Processing /mnt/c/Users/wu_li/OneDrive/Desktop/Airflow_pract/venv/lib/python3.9/site-packages/airflow/example_dags/example_task_group.py took 0.334 seconds
[2025-04-20T20:41:59.049+0800] {processor.py:186} INFO - Started process (PID=80375) to work on /mnt/c/Users/wu_li/OneDrive/Desktop/Airflow_pract/venv/lib/python3.9/site-packages/airflow/example_dags/example_task_group.py
[2025-04-20T20:41:59.052+0800] {processor.py:914} INFO - Processing file /mnt/c/Users/wu_li/OneDrive/Desktop/Airflow_pract/venv/lib/python3.9/site-packages/airflow/example_dags/example_task_group.py for tasks to queue
[2025-04-20T20:41:59.061+0800] {logging_mixin.py:190} INFO - [2025-04-20T20:41:59.059+0800] {dagbag.py:588} INFO - Filling up the DagBag from /mnt/c/Users/wu_li/OneDrive/Desktop/Airflow_pract/venv/lib/python3.9/site-packages/airflow/example_dags/example_task_group.py
[2025-04-20T20:41:59.105+0800] {processor.py:925} INFO - DAG(s) 'example_task_group' retrieved from /mnt/c/Users/wu_li/OneDrive/Desktop/Airflow_pract/venv/lib/python3.9/site-packages/airflow/example_dags/example_task_group.py
[2025-04-20T20:41:59.169+0800] {logging_mixin.py:190} INFO - [2025-04-20T20:41:59.167+0800] {dag.py:3239} INFO - Sync 1 DAGs
[2025-04-20T20:41:59.226+0800] {logging_mixin.py:190} INFO - [2025-04-20T20:41:59.220+0800] {dag.py:4180} INFO - Setting next_dagrun for example_task_group to None, run_after=None
[2025-04-20T20:41:59.334+0800] {processor.py:208} INFO - Processing /mnt/c/Users/wu_li/OneDrive/Desktop/Airflow_pract/venv/lib/python3.9/site-packages/airflow/example_dags/example_task_group.py took 0.308 seconds
[2025-04-20T20:42:51.811+0800] {processor.py:186} INFO - Started process (PID=80844) to work on /mnt/c/Users/wu_li/OneDrive/Desktop/Airflow_pract/venv/lib/python3.9/site-packages/airflow/example_dags/example_task_group.py
[2025-04-20T20:42:51.814+0800] {processor.py:914} INFO - Processing file /mnt/c/Users/wu_li/OneDrive/Desktop/Airflow_pract/venv/lib/python3.9/site-packages/airflow/example_dags/example_task_group.py for tasks to queue
[2025-04-20T20:42:51.818+0800] {logging_mixin.py:190} INFO - [2025-04-20T20:42:51.816+0800] {dagbag.py:588} INFO - Filling up the DagBag from /mnt/c/Users/wu_li/OneDrive/Desktop/Airflow_pract/venv/lib/python3.9/site-packages/airflow/example_dags/example_task_group.py
[2025-04-20T20:42:51.850+0800] {processor.py:925} INFO - DAG(s) 'example_task_group' retrieved from /mnt/c/Users/wu_li/OneDrive/Desktop/Airflow_pract/venv/lib/python3.9/site-packages/airflow/example_dags/example_task_group.py
[2025-04-20T20:42:51.907+0800] {logging_mixin.py:190} INFO - [2025-04-20T20:42:51.905+0800] {dag.py:3239} INFO - Sync 1 DAGs
[2025-04-20T20:42:51.948+0800] {logging_mixin.py:190} INFO - [2025-04-20T20:42:51.946+0800] {dag.py:4180} INFO - Setting next_dagrun for example_task_group to None, run_after=None
[2025-04-20T20:42:52.052+0800] {processor.py:208} INFO - Processing /mnt/c/Users/wu_li/OneDrive/Desktop/Airflow_pract/venv/lib/python3.9/site-packages/airflow/example_dags/example_task_group.py took 0.259 seconds
[2025-04-20T20:44:24.590+0800] {processor.py:186} INFO - Started process (PID=81852) to work on /mnt/c/Users/wu_li/OneDrive/Desktop/Airflow_pract/venv/lib/python3.9/site-packages/airflow/example_dags/example_task_group.py
[2025-04-20T20:44:24.594+0800] {processor.py:914} INFO - Processing file /mnt/c/Users/wu_li/OneDrive/Desktop/Airflow_pract/venv/lib/python3.9/site-packages/airflow/example_dags/example_task_group.py for tasks to queue
[2025-04-20T20:44:24.598+0800] {logging_mixin.py:190} INFO - [2025-04-20T20:44:24.596+0800] {dagbag.py:588} INFO - Filling up the DagBag from /mnt/c/Users/wu_li/OneDrive/Desktop/Airflow_pract/venv/lib/python3.9/site-packages/airflow/example_dags/example_task_group.py
[2025-04-20T20:44:24.644+0800] {processor.py:925} INFO - DAG(s) 'example_task_group' retrieved from /mnt/c/Users/wu_li/OneDrive/Desktop/Airflow_pract/venv/lib/python3.9/site-packages/airflow/example_dags/example_task_group.py
[2025-04-20T20:44:24.703+0800] {logging_mixin.py:190} INFO - [2025-04-20T20:44:24.702+0800] {dag.py:3239} INFO - Sync 1 DAGs
[2025-04-20T20:44:24.757+0800] {logging_mixin.py:190} INFO - [2025-04-20T20:44:24.751+0800] {dag.py:4180} INFO - Setting next_dagrun for example_task_group to None, run_after=None
[2025-04-20T20:44:24.887+0800] {processor.py:208} INFO - Processing /mnt/c/Users/wu_li/OneDrive/Desktop/Airflow_pract/venv/lib/python3.9/site-packages/airflow/example_dags/example_task_group.py took 0.324 seconds
[2025-04-20T20:45:20.395+0800] {processor.py:186} INFO - Started process (PID=82254) to work on /mnt/c/Users/wu_li/OneDrive/Desktop/Airflow_pract/venv/lib/python3.9/site-packages/airflow/example_dags/example_task_group.py
[2025-04-20T20:45:20.397+0800] {processor.py:914} INFO - Processing file /mnt/c/Users/wu_li/OneDrive/Desktop/Airflow_pract/venv/lib/python3.9/site-packages/airflow/example_dags/example_task_group.py for tasks to queue
[2025-04-20T20:45:20.402+0800] {logging_mixin.py:190} INFO - [2025-04-20T20:45:20.400+0800] {dagbag.py:588} INFO - Filling up the DagBag from /mnt/c/Users/wu_li/OneDrive/Desktop/Airflow_pract/venv/lib/python3.9/site-packages/airflow/example_dags/example_task_group.py
[2025-04-20T20:45:20.453+0800] {processor.py:925} INFO - DAG(s) 'example_task_group' retrieved from /mnt/c/Users/wu_li/OneDrive/Desktop/Airflow_pract/venv/lib/python3.9/site-packages/airflow/example_dags/example_task_group.py
[2025-04-20T20:45:20.532+0800] {logging_mixin.py:190} INFO - [2025-04-20T20:45:20.531+0800] {dag.py:3239} INFO - Sync 1 DAGs
[2025-04-20T20:45:20.570+0800] {logging_mixin.py:190} INFO - [2025-04-20T20:45:20.567+0800] {dag.py:4180} INFO - Setting next_dagrun for example_task_group to None, run_after=None
[2025-04-20T20:45:20.706+0800] {processor.py:208} INFO - Processing /mnt/c/Users/wu_li/OneDrive/Desktop/Airflow_pract/venv/lib/python3.9/site-packages/airflow/example_dags/example_task_group.py took 0.338 seconds
[2025-04-20T20:47:11.158+0800] {processor.py:186} INFO - Started process (PID=83123) to work on /mnt/c/Users/wu_li/OneDrive/Desktop/Airflow_pract/venv/lib/python3.9/site-packages/airflow/example_dags/example_task_group.py
[2025-04-20T20:47:11.160+0800] {processor.py:914} INFO - Processing file /mnt/c/Users/wu_li/OneDrive/Desktop/Airflow_pract/venv/lib/python3.9/site-packages/airflow/example_dags/example_task_group.py for tasks to queue
[2025-04-20T20:47:11.169+0800] {logging_mixin.py:190} INFO - [2025-04-20T20:47:11.167+0800] {dagbag.py:588} INFO - Filling up the DagBag from /mnt/c/Users/wu_li/OneDrive/Desktop/Airflow_pract/venv/lib/python3.9/site-packages/airflow/example_dags/example_task_group.py
[2025-04-20T20:47:11.211+0800] {processor.py:925} INFO - DAG(s) 'example_task_group' retrieved from /mnt/c/Users/wu_li/OneDrive/Desktop/Airflow_pract/venv/lib/python3.9/site-packages/airflow/example_dags/example_task_group.py
[2025-04-20T20:47:11.288+0800] {logging_mixin.py:190} INFO - [2025-04-20T20:47:11.286+0800] {dag.py:3239} INFO - Sync 1 DAGs
[2025-04-20T20:47:11.321+0800] {logging_mixin.py:190} INFO - [2025-04-20T20:47:11.319+0800] {dag.py:4180} INFO - Setting next_dagrun for example_task_group to None, run_after=None
[2025-04-20T20:47:11.478+0800] {processor.py:208} INFO - Processing /mnt/c/Users/wu_li/OneDrive/Desktop/Airflow_pract/venv/lib/python3.9/site-packages/airflow/example_dags/example_task_group.py took 0.341 seconds
[2025-04-20T20:48:55.158+0800] {processor.py:186} INFO - Started process (PID=84136) to work on /mnt/c/Users/wu_li/OneDrive/Desktop/Airflow_pract/venv/lib/python3.9/site-packages/airflow/example_dags/example_task_group.py
[2025-04-20T20:48:55.165+0800] {processor.py:914} INFO - Processing file /mnt/c/Users/wu_li/OneDrive/Desktop/Airflow_pract/venv/lib/python3.9/site-packages/airflow/example_dags/example_task_group.py for tasks to queue
[2025-04-20T20:48:55.171+0800] {logging_mixin.py:190} INFO - [2025-04-20T20:48:55.169+0800] {dagbag.py:588} INFO - Filling up the DagBag from /mnt/c/Users/wu_li/OneDrive/Desktop/Airflow_pract/venv/lib/python3.9/site-packages/airflow/example_dags/example_task_group.py
[2025-04-20T20:48:55.229+0800] {processor.py:925} INFO - DAG(s) 'example_task_group' retrieved from /mnt/c/Users/wu_li/OneDrive/Desktop/Airflow_pract/venv/lib/python3.9/site-packages/airflow/example_dags/example_task_group.py
[2025-04-20T20:48:55.310+0800] {logging_mixin.py:190} INFO - [2025-04-20T20:48:55.308+0800] {dag.py:3239} INFO - Sync 1 DAGs
[2025-04-20T20:48:55.363+0800] {logging_mixin.py:190} INFO - [2025-04-20T20:48:55.360+0800] {dag.py:4180} INFO - Setting next_dagrun for example_task_group to None, run_after=None
[2025-04-20T20:48:55.517+0800] {processor.py:208} INFO - Processing /mnt/c/Users/wu_li/OneDrive/Desktop/Airflow_pract/venv/lib/python3.9/site-packages/airflow/example_dags/example_task_group.py took 0.397 seconds
[2025-04-20T20:50:49.539+0800] {processor.py:186} INFO - Started process (PID=84933) to work on /mnt/c/Users/wu_li/OneDrive/Desktop/Airflow_pract/venv/lib/python3.9/site-packages/airflow/example_dags/example_task_group.py
[2025-04-20T20:50:49.545+0800] {processor.py:914} INFO - Processing file /mnt/c/Users/wu_li/OneDrive/Desktop/Airflow_pract/venv/lib/python3.9/site-packages/airflow/example_dags/example_task_group.py for tasks to queue
[2025-04-20T20:50:49.554+0800] {logging_mixin.py:190} INFO - [2025-04-20T20:50:49.552+0800] {dagbag.py:588} INFO - Filling up the DagBag from /mnt/c/Users/wu_li/OneDrive/Desktop/Airflow_pract/venv/lib/python3.9/site-packages/airflow/example_dags/example_task_group.py
[2025-04-20T20:50:49.608+0800] {processor.py:925} INFO - DAG(s) 'example_task_group' retrieved from /mnt/c/Users/wu_li/OneDrive/Desktop/Airflow_pract/venv/lib/python3.9/site-packages/airflow/example_dags/example_task_group.py
[2025-04-20T20:50:49.688+0800] {logging_mixin.py:190} INFO - [2025-04-20T20:50:49.678+0800] {dag.py:3239} INFO - Sync 1 DAGs
[2025-04-20T20:50:49.740+0800] {logging_mixin.py:190} INFO - [2025-04-20T20:50:49.736+0800] {dag.py:4180} INFO - Setting next_dagrun for example_task_group to None, run_after=None
[2025-04-20T20:50:49.879+0800] {processor.py:208} INFO - Processing /mnt/c/Users/wu_li/OneDrive/Desktop/Airflow_pract/venv/lib/python3.9/site-packages/airflow/example_dags/example_task_group.py took 0.362 seconds
[2025-04-20T20:51:46.268+0800] {processor.py:186} INFO - Started process (PID=85402) to work on /mnt/c/Users/wu_li/OneDrive/Desktop/Airflow_pract/venv/lib/python3.9/site-packages/airflow/example_dags/example_task_group.py
[2025-04-20T20:51:46.271+0800] {processor.py:914} INFO - Processing file /mnt/c/Users/wu_li/OneDrive/Desktop/Airflow_pract/venv/lib/python3.9/site-packages/airflow/example_dags/example_task_group.py for tasks to queue
[2025-04-20T20:51:46.279+0800] {logging_mixin.py:190} INFO - [2025-04-20T20:51:46.277+0800] {dagbag.py:588} INFO - Filling up the DagBag from /mnt/c/Users/wu_li/OneDrive/Desktop/Airflow_pract/venv/lib/python3.9/site-packages/airflow/example_dags/example_task_group.py
[2025-04-20T20:51:46.329+0800] {processor.py:925} INFO - DAG(s) 'example_task_group' retrieved from /mnt/c/Users/wu_li/OneDrive/Desktop/Airflow_pract/venv/lib/python3.9/site-packages/airflow/example_dags/example_task_group.py
[2025-04-20T20:51:46.402+0800] {logging_mixin.py:190} INFO - [2025-04-20T20:51:46.400+0800] {dag.py:3239} INFO - Sync 1 DAGs
[2025-04-20T20:51:46.436+0800] {logging_mixin.py:190} INFO - [2025-04-20T20:51:46.435+0800] {dag.py:4180} INFO - Setting next_dagrun for example_task_group to None, run_after=None
[2025-04-20T20:51:46.576+0800] {processor.py:208} INFO - Processing /mnt/c/Users/wu_li/OneDrive/Desktop/Airflow_pract/venv/lib/python3.9/site-packages/airflow/example_dags/example_task_group.py took 0.338 seconds
[2025-04-20T20:52:46.556+0800] {processor.py:186} INFO - Started process (PID=85810) to work on /mnt/c/Users/wu_li/OneDrive/Desktop/Airflow_pract/venv/lib/python3.9/site-packages/airflow/example_dags/example_task_group.py
[2025-04-20T20:52:46.557+0800] {processor.py:914} INFO - Processing file /mnt/c/Users/wu_li/OneDrive/Desktop/Airflow_pract/venv/lib/python3.9/site-packages/airflow/example_dags/example_task_group.py for tasks to queue
[2025-04-20T20:52:46.560+0800] {logging_mixin.py:190} INFO - [2025-04-20T20:52:46.559+0800] {dagbag.py:588} INFO - Filling up the DagBag from /mnt/c/Users/wu_li/OneDrive/Desktop/Airflow_pract/venv/lib/python3.9/site-packages/airflow/example_dags/example_task_group.py
[2025-04-20T20:52:46.581+0800] {processor.py:925} INFO - DAG(s) 'example_task_group' retrieved from /mnt/c/Users/wu_li/OneDrive/Desktop/Airflow_pract/venv/lib/python3.9/site-packages/airflow/example_dags/example_task_group.py
[2025-04-20T20:52:46.614+0800] {logging_mixin.py:190} INFO - [2025-04-20T20:52:46.613+0800] {dag.py:3239} INFO - Sync 1 DAGs
[2025-04-20T20:52:46.628+0800] {logging_mixin.py:190} INFO - [2025-04-20T20:52:46.627+0800] {dag.py:4180} INFO - Setting next_dagrun for example_task_group to None, run_after=None
[2025-04-20T20:52:46.689+0800] {processor.py:208} INFO - Processing /mnt/c/Users/wu_li/OneDrive/Desktop/Airflow_pract/venv/lib/python3.9/site-packages/airflow/example_dags/example_task_group.py took 0.145 seconds
[2025-04-20T20:54:15.316+0800] {processor.py:186} INFO - Started process (PID=86955) to work on /mnt/c/Users/wu_li/OneDrive/Desktop/Airflow_pract/venv/lib/python3.9/site-packages/airflow/example_dags/example_task_group.py
[2025-04-20T20:54:15.321+0800] {processor.py:914} INFO - Processing file /mnt/c/Users/wu_li/OneDrive/Desktop/Airflow_pract/venv/lib/python3.9/site-packages/airflow/example_dags/example_task_group.py for tasks to queue
[2025-04-20T20:54:15.324+0800] {logging_mixin.py:190} INFO - [2025-04-20T20:54:15.323+0800] {dagbag.py:588} INFO - Filling up the DagBag from /mnt/c/Users/wu_li/OneDrive/Desktop/Airflow_pract/venv/lib/python3.9/site-packages/airflow/example_dags/example_task_group.py
[2025-04-20T20:54:15.356+0800] {processor.py:925} INFO - DAG(s) 'example_task_group' retrieved from /mnt/c/Users/wu_li/OneDrive/Desktop/Airflow_pract/venv/lib/python3.9/site-packages/airflow/example_dags/example_task_group.py
[2025-04-20T20:54:15.405+0800] {logging_mixin.py:190} INFO - [2025-04-20T20:54:15.404+0800] {dag.py:3239} INFO - Sync 1 DAGs
[2025-04-20T20:54:15.435+0800] {logging_mixin.py:190} INFO - [2025-04-20T20:54:15.431+0800] {dag.py:4180} INFO - Setting next_dagrun for example_task_group to None, run_after=None
[2025-04-20T20:54:15.530+0800] {processor.py:208} INFO - Processing /mnt/c/Users/wu_li/OneDrive/Desktop/Airflow_pract/venv/lib/python3.9/site-packages/airflow/example_dags/example_task_group.py took 0.235 seconds
[2025-04-20T20:55:44.200+0800] {processor.py:186} INFO - Started process (PID=87747) to work on /mnt/c/Users/wu_li/OneDrive/Desktop/Airflow_pract/venv/lib/python3.9/site-packages/airflow/example_dags/example_task_group.py
[2025-04-20T20:55:44.202+0800] {processor.py:914} INFO - Processing file /mnt/c/Users/wu_li/OneDrive/Desktop/Airflow_pract/venv/lib/python3.9/site-packages/airflow/example_dags/example_task_group.py for tasks to queue
[2025-04-20T20:55:44.204+0800] {logging_mixin.py:190} INFO - [2025-04-20T20:55:44.203+0800] {dagbag.py:588} INFO - Filling up the DagBag from /mnt/c/Users/wu_li/OneDrive/Desktop/Airflow_pract/venv/lib/python3.9/site-packages/airflow/example_dags/example_task_group.py
[2025-04-20T20:55:44.229+0800] {processor.py:925} INFO - DAG(s) 'example_task_group' retrieved from /mnt/c/Users/wu_li/OneDrive/Desktop/Airflow_pract/venv/lib/python3.9/site-packages/airflow/example_dags/example_task_group.py
[2025-04-20T20:55:44.264+0800] {logging_mixin.py:190} INFO - [2025-04-20T20:55:44.263+0800] {dag.py:3239} INFO - Sync 1 DAGs
[2025-04-20T20:55:44.279+0800] {logging_mixin.py:190} INFO - [2025-04-20T20:55:44.278+0800] {dag.py:4180} INFO - Setting next_dagrun for example_task_group to None, run_after=None
[2025-04-20T20:55:44.337+0800] {processor.py:208} INFO - Processing /mnt/c/Users/wu_li/OneDrive/Desktop/Airflow_pract/venv/lib/python3.9/site-packages/airflow/example_dags/example_task_group.py took 0.150 seconds
[2025-04-20T20:57:15.631+0800] {processor.py:186} INFO - Started process (PID=88826) to work on /mnt/c/Users/wu_li/OneDrive/Desktop/Airflow_pract/venv/lib/python3.9/site-packages/airflow/example_dags/example_task_group.py
[2025-04-20T20:57:15.633+0800] {processor.py:914} INFO - Processing file /mnt/c/Users/wu_li/OneDrive/Desktop/Airflow_pract/venv/lib/python3.9/site-packages/airflow/example_dags/example_task_group.py for tasks to queue
[2025-04-20T20:57:15.637+0800] {logging_mixin.py:190} INFO - [2025-04-20T20:57:15.636+0800] {dagbag.py:588} INFO - Filling up the DagBag from /mnt/c/Users/wu_li/OneDrive/Desktop/Airflow_pract/venv/lib/python3.9/site-packages/airflow/example_dags/example_task_group.py
[2025-04-20T20:57:15.672+0800] {processor.py:925} INFO - DAG(s) 'example_task_group' retrieved from /mnt/c/Users/wu_li/OneDrive/Desktop/Airflow_pract/venv/lib/python3.9/site-packages/airflow/example_dags/example_task_group.py
[2025-04-20T20:57:15.722+0800] {logging_mixin.py:190} INFO - [2025-04-20T20:57:15.721+0800] {dag.py:3239} INFO - Sync 1 DAGs
[2025-04-20T20:57:15.762+0800] {logging_mixin.py:190} INFO - [2025-04-20T20:57:15.761+0800] {dag.py:4180} INFO - Setting next_dagrun for example_task_group to None, run_after=None
[2025-04-20T20:57:15.859+0800] {processor.py:208} INFO - Processing /mnt/c/Users/wu_li/OneDrive/Desktop/Airflow_pract/venv/lib/python3.9/site-packages/airflow/example_dags/example_task_group.py took 0.246 seconds
[2025-04-20T20:58:45.605+0800] {processor.py:186} INFO - Started process (PID=89908) to work on /mnt/c/Users/wu_li/OneDrive/Desktop/Airflow_pract/venv/lib/python3.9/site-packages/airflow/example_dags/example_task_group.py
[2025-04-20T20:58:45.608+0800] {processor.py:914} INFO - Processing file /mnt/c/Users/wu_li/OneDrive/Desktop/Airflow_pract/venv/lib/python3.9/site-packages/airflow/example_dags/example_task_group.py for tasks to queue
[2025-04-20T20:58:45.612+0800] {logging_mixin.py:190} INFO - [2025-04-20T20:58:45.611+0800] {dagbag.py:588} INFO - Filling up the DagBag from /mnt/c/Users/wu_li/OneDrive/Desktop/Airflow_pract/venv/lib/python3.9/site-packages/airflow/example_dags/example_task_group.py
[2025-04-20T20:58:45.660+0800] {processor.py:925} INFO - DAG(s) 'example_task_group' retrieved from /mnt/c/Users/wu_li/OneDrive/Desktop/Airflow_pract/venv/lib/python3.9/site-packages/airflow/example_dags/example_task_group.py
[2025-04-20T20:58:45.717+0800] {logging_mixin.py:190} INFO - [2025-04-20T20:58:45.713+0800] {dag.py:3239} INFO - Sync 1 DAGs
[2025-04-20T20:58:45.757+0800] {logging_mixin.py:190} INFO - [2025-04-20T20:58:45.755+0800] {dag.py:4180} INFO - Setting next_dagrun for example_task_group to None, run_after=None
[2025-04-20T20:58:45.849+0800] {processor.py:208} INFO - Processing /mnt/c/Users/wu_li/OneDrive/Desktop/Airflow_pract/venv/lib/python3.9/site-packages/airflow/example_dags/example_task_group.py took 0.275 seconds
[2025-04-20T21:00:10.335+0800] {processor.py:186} INFO - Started process (PID=90912) to work on /mnt/c/Users/wu_li/OneDrive/Desktop/Airflow_pract/venv/lib/python3.9/site-packages/airflow/example_dags/example_task_group.py
[2025-04-20T21:00:10.339+0800] {processor.py:914} INFO - Processing file /mnt/c/Users/wu_li/OneDrive/Desktop/Airflow_pract/venv/lib/python3.9/site-packages/airflow/example_dags/example_task_group.py for tasks to queue
[2025-04-20T21:00:10.348+0800] {logging_mixin.py:190} INFO - [2025-04-20T21:00:10.346+0800] {dagbag.py:588} INFO - Filling up the DagBag from /mnt/c/Users/wu_li/OneDrive/Desktop/Airflow_pract/venv/lib/python3.9/site-packages/airflow/example_dags/example_task_group.py
[2025-04-20T21:00:10.380+0800] {processor.py:925} INFO - DAG(s) 'example_task_group' retrieved from /mnt/c/Users/wu_li/OneDrive/Desktop/Airflow_pract/venv/lib/python3.9/site-packages/airflow/example_dags/example_task_group.py
[2025-04-20T21:00:10.427+0800] {logging_mixin.py:190} INFO - [2025-04-20T21:00:10.426+0800] {dag.py:3239} INFO - Sync 1 DAGs
[2025-04-20T21:00:10.469+0800] {logging_mixin.py:190} INFO - [2025-04-20T21:00:10.462+0800] {dag.py:4180} INFO - Setting next_dagrun for example_task_group to None, run_after=None
[2025-04-20T21:00:10.565+0800] {processor.py:208} INFO - Processing /mnt/c/Users/wu_li/OneDrive/Desktop/Airflow_pract/venv/lib/python3.9/site-packages/airflow/example_dags/example_task_group.py took 0.250 seconds
[2025-04-20T21:01:45.243+0800] {processor.py:186} INFO - Started process (PID=91923) to work on /mnt/c/Users/wu_li/OneDrive/Desktop/Airflow_pract/venv/lib/python3.9/site-packages/airflow/example_dags/example_task_group.py
[2025-04-20T21:01:45.246+0800] {processor.py:914} INFO - Processing file /mnt/c/Users/wu_li/OneDrive/Desktop/Airflow_pract/venv/lib/python3.9/site-packages/airflow/example_dags/example_task_group.py for tasks to queue
[2025-04-20T21:01:45.251+0800] {logging_mixin.py:190} INFO - [2025-04-20T21:01:45.249+0800] {dagbag.py:588} INFO - Filling up the DagBag from /mnt/c/Users/wu_li/OneDrive/Desktop/Airflow_pract/venv/lib/python3.9/site-packages/airflow/example_dags/example_task_group.py
[2025-04-20T21:01:45.284+0800] {processor.py:925} INFO - DAG(s) 'example_task_group' retrieved from /mnt/c/Users/wu_li/OneDrive/Desktop/Airflow_pract/venv/lib/python3.9/site-packages/airflow/example_dags/example_task_group.py
[2025-04-20T21:01:45.338+0800] {logging_mixin.py:190} INFO - [2025-04-20T21:01:45.337+0800] {dag.py:3239} INFO - Sync 1 DAGs
[2025-04-20T21:01:45.375+0800] {logging_mixin.py:190} INFO - [2025-04-20T21:01:45.374+0800] {dag.py:4180} INFO - Setting next_dagrun for example_task_group to None, run_after=None
[2025-04-20T21:01:45.483+0800] {processor.py:208} INFO - Processing /mnt/c/Users/wu_li/OneDrive/Desktop/Airflow_pract/venv/lib/python3.9/site-packages/airflow/example_dags/example_task_group.py took 0.258 seconds
[2025-04-20T21:03:11.590+0800] {processor.py:186} INFO - Started process (PID=92929) to work on /mnt/c/Users/wu_li/OneDrive/Desktop/Airflow_pract/venv/lib/python3.9/site-packages/airflow/example_dags/example_task_group.py
[2025-04-20T21:03:11.593+0800] {processor.py:914} INFO - Processing file /mnt/c/Users/wu_li/OneDrive/Desktop/Airflow_pract/venv/lib/python3.9/site-packages/airflow/example_dags/example_task_group.py for tasks to queue
[2025-04-20T21:03:11.597+0800] {logging_mixin.py:190} INFO - [2025-04-20T21:03:11.595+0800] {dagbag.py:588} INFO - Filling up the DagBag from /mnt/c/Users/wu_li/OneDrive/Desktop/Airflow_pract/venv/lib/python3.9/site-packages/airflow/example_dags/example_task_group.py
[2025-04-20T21:03:11.627+0800] {processor.py:925} INFO - DAG(s) 'example_task_group' retrieved from /mnt/c/Users/wu_li/OneDrive/Desktop/Airflow_pract/venv/lib/python3.9/site-packages/airflow/example_dags/example_task_group.py
[2025-04-20T21:03:11.675+0800] {logging_mixin.py:190} INFO - [2025-04-20T21:03:11.674+0800] {dag.py:3239} INFO - Sync 1 DAGs
[2025-04-20T21:03:11.712+0800] {logging_mixin.py:190} INFO - [2025-04-20T21:03:11.711+0800] {dag.py:4180} INFO - Setting next_dagrun for example_task_group to None, run_after=None
[2025-04-20T21:03:11.804+0800] {processor.py:208} INFO - Processing /mnt/c/Users/wu_li/OneDrive/Desktop/Airflow_pract/venv/lib/python3.9/site-packages/airflow/example_dags/example_task_group.py took 0.240 seconds
[2025-04-20T21:04:38.709+0800] {processor.py:186} INFO - Started process (PID=94007) to work on /mnt/c/Users/wu_li/OneDrive/Desktop/Airflow_pract/venv/lib/python3.9/site-packages/airflow/example_dags/example_task_group.py
[2025-04-20T21:04:38.711+0800] {processor.py:914} INFO - Processing file /mnt/c/Users/wu_li/OneDrive/Desktop/Airflow_pract/venv/lib/python3.9/site-packages/airflow/example_dags/example_task_group.py for tasks to queue
[2025-04-20T21:04:38.715+0800] {logging_mixin.py:190} INFO - [2025-04-20T21:04:38.713+0800] {dagbag.py:588} INFO - Filling up the DagBag from /mnt/c/Users/wu_li/OneDrive/Desktop/Airflow_pract/venv/lib/python3.9/site-packages/airflow/example_dags/example_task_group.py
[2025-04-20T21:04:38.746+0800] {processor.py:925} INFO - DAG(s) 'example_task_group' retrieved from /mnt/c/Users/wu_li/OneDrive/Desktop/Airflow_pract/venv/lib/python3.9/site-packages/airflow/example_dags/example_task_group.py
[2025-04-20T21:04:38.795+0800] {logging_mixin.py:190} INFO - [2025-04-20T21:04:38.794+0800] {dag.py:3239} INFO - Sync 1 DAGs
[2025-04-20T21:04:38.833+0800] {logging_mixin.py:190} INFO - [2025-04-20T21:04:38.832+0800] {dag.py:4180} INFO - Setting next_dagrun for example_task_group to None, run_after=None
[2025-04-20T21:04:38.928+0800] {processor.py:208} INFO - Processing /mnt/c/Users/wu_li/OneDrive/Desktop/Airflow_pract/venv/lib/python3.9/site-packages/airflow/example_dags/example_task_group.py took 0.238 seconds
[2025-04-20T21:06:09.920+0800] {processor.py:186} INFO - Started process (PID=95088) to work on /mnt/c/Users/wu_li/OneDrive/Desktop/Airflow_pract/venv/lib/python3.9/site-packages/airflow/example_dags/example_task_group.py
[2025-04-20T21:06:09.923+0800] {processor.py:914} INFO - Processing file /mnt/c/Users/wu_li/OneDrive/Desktop/Airflow_pract/venv/lib/python3.9/site-packages/airflow/example_dags/example_task_group.py for tasks to queue
[2025-04-20T21:06:09.927+0800] {logging_mixin.py:190} INFO - [2025-04-20T21:06:09.926+0800] {dagbag.py:588} INFO - Filling up the DagBag from /mnt/c/Users/wu_li/OneDrive/Desktop/Airflow_pract/venv/lib/python3.9/site-packages/airflow/example_dags/example_task_group.py
[2025-04-20T21:06:09.963+0800] {processor.py:925} INFO - DAG(s) 'example_task_group' retrieved from /mnt/c/Users/wu_li/OneDrive/Desktop/Airflow_pract/venv/lib/python3.9/site-packages/airflow/example_dags/example_task_group.py
[2025-04-20T21:06:10.018+0800] {logging_mixin.py:190} INFO - [2025-04-20T21:06:10.013+0800] {dag.py:3239} INFO - Sync 1 DAGs
[2025-04-20T21:06:10.057+0800] {logging_mixin.py:190} INFO - [2025-04-20T21:06:10.055+0800] {dag.py:4180} INFO - Setting next_dagrun for example_task_group to None, run_after=None
[2025-04-20T21:06:10.165+0800] {processor.py:208} INFO - Processing /mnt/c/Users/wu_li/OneDrive/Desktop/Airflow_pract/venv/lib/python3.9/site-packages/airflow/example_dags/example_task_group.py took 0.267 seconds
[2025-04-20T21:07:43.056+0800] {processor.py:186} INFO - Started process (PID=96171) to work on /mnt/c/Users/wu_li/OneDrive/Desktop/Airflow_pract/venv/lib/python3.9/site-packages/airflow/example_dags/example_task_group.py
[2025-04-20T21:07:43.057+0800] {processor.py:914} INFO - Processing file /mnt/c/Users/wu_li/OneDrive/Desktop/Airflow_pract/venv/lib/python3.9/site-packages/airflow/example_dags/example_task_group.py for tasks to queue
[2025-04-20T21:07:43.059+0800] {logging_mixin.py:190} INFO - [2025-04-20T21:07:43.058+0800] {dagbag.py:588} INFO - Filling up the DagBag from /mnt/c/Users/wu_li/OneDrive/Desktop/Airflow_pract/venv/lib/python3.9/site-packages/airflow/example_dags/example_task_group.py
[2025-04-20T21:07:43.082+0800] {processor.py:925} INFO - DAG(s) 'example_task_group' retrieved from /mnt/c/Users/wu_li/OneDrive/Desktop/Airflow_pract/venv/lib/python3.9/site-packages/airflow/example_dags/example_task_group.py
[2025-04-20T21:07:43.109+0800] {logging_mixin.py:190} INFO - [2025-04-20T21:07:43.109+0800] {dag.py:3239} INFO - Sync 1 DAGs
[2025-04-20T21:07:43.124+0800] {logging_mixin.py:190} INFO - [2025-04-20T21:07:43.123+0800] {dag.py:4180} INFO - Setting next_dagrun for example_task_group to None, run_after=None
[2025-04-20T21:07:43.183+0800] {processor.py:208} INFO - Processing /mnt/c/Users/wu_li/OneDrive/Desktop/Airflow_pract/venv/lib/python3.9/site-packages/airflow/example_dags/example_task_group.py took 0.138 seconds
[2025-04-20T21:09:13.778+0800] {processor.py:186} INFO - Started process (PID=97252) to work on /mnt/c/Users/wu_li/OneDrive/Desktop/Airflow_pract/venv/lib/python3.9/site-packages/airflow/example_dags/example_task_group.py
[2025-04-20T21:09:13.779+0800] {processor.py:914} INFO - Processing file /mnt/c/Users/wu_li/OneDrive/Desktop/Airflow_pract/venv/lib/python3.9/site-packages/airflow/example_dags/example_task_group.py for tasks to queue
[2025-04-20T21:09:13.781+0800] {logging_mixin.py:190} INFO - [2025-04-20T21:09:13.780+0800] {dagbag.py:588} INFO - Filling up the DagBag from /mnt/c/Users/wu_li/OneDrive/Desktop/Airflow_pract/venv/lib/python3.9/site-packages/airflow/example_dags/example_task_group.py
[2025-04-20T21:09:13.801+0800] {processor.py:925} INFO - DAG(s) 'example_task_group' retrieved from /mnt/c/Users/wu_li/OneDrive/Desktop/Airflow_pract/venv/lib/python3.9/site-packages/airflow/example_dags/example_task_group.py
[2025-04-20T21:09:13.827+0800] {logging_mixin.py:190} INFO - [2025-04-20T21:09:13.826+0800] {dag.py:3239} INFO - Sync 1 DAGs
[2025-04-20T21:09:13.841+0800] {logging_mixin.py:190} INFO - [2025-04-20T21:09:13.840+0800] {dag.py:4180} INFO - Setting next_dagrun for example_task_group to None, run_after=None
[2025-04-20T21:09:13.898+0800] {processor.py:208} INFO - Processing /mnt/c/Users/wu_li/OneDrive/Desktop/Airflow_pract/venv/lib/python3.9/site-packages/airflow/example_dags/example_task_group.py took 0.131 seconds
[2025-04-20T21:10:44.824+0800] {processor.py:186} INFO - Started process (PID=98331) to work on /mnt/c/Users/wu_li/OneDrive/Desktop/Airflow_pract/venv/lib/python3.9/site-packages/airflow/example_dags/example_task_group.py
[2025-04-20T21:10:44.825+0800] {processor.py:914} INFO - Processing file /mnt/c/Users/wu_li/OneDrive/Desktop/Airflow_pract/venv/lib/python3.9/site-packages/airflow/example_dags/example_task_group.py for tasks to queue
[2025-04-20T21:10:44.828+0800] {logging_mixin.py:190} INFO - [2025-04-20T21:10:44.827+0800] {dagbag.py:588} INFO - Filling up the DagBag from /mnt/c/Users/wu_li/OneDrive/Desktop/Airflow_pract/venv/lib/python3.9/site-packages/airflow/example_dags/example_task_group.py
[2025-04-20T21:10:44.849+0800] {processor.py:925} INFO - DAG(s) 'example_task_group' retrieved from /mnt/c/Users/wu_li/OneDrive/Desktop/Airflow_pract/venv/lib/python3.9/site-packages/airflow/example_dags/example_task_group.py
[2025-04-20T21:10:44.876+0800] {logging_mixin.py:190} INFO - [2025-04-20T21:10:44.875+0800] {dag.py:3239} INFO - Sync 1 DAGs
[2025-04-20T21:10:44.890+0800] {logging_mixin.py:190} INFO - [2025-04-20T21:10:44.889+0800] {dag.py:4180} INFO - Setting next_dagrun for example_task_group to None, run_after=None
[2025-04-20T21:10:44.952+0800] {processor.py:208} INFO - Processing /mnt/c/Users/wu_li/OneDrive/Desktop/Airflow_pract/venv/lib/python3.9/site-packages/airflow/example_dags/example_task_group.py took 0.139 seconds
[2025-04-20T21:12:17.779+0800] {processor.py:186} INFO - Started process (PID=99483) to work on /mnt/c/Users/wu_li/OneDrive/Desktop/Airflow_pract/venv/lib/python3.9/site-packages/airflow/example_dags/example_task_group.py
[2025-04-20T21:12:17.781+0800] {processor.py:914} INFO - Processing file /mnt/c/Users/wu_li/OneDrive/Desktop/Airflow_pract/venv/lib/python3.9/site-packages/airflow/example_dags/example_task_group.py for tasks to queue
[2025-04-20T21:12:17.785+0800] {logging_mixin.py:190} INFO - [2025-04-20T21:12:17.784+0800] {dagbag.py:588} INFO - Filling up the DagBag from /mnt/c/Users/wu_li/OneDrive/Desktop/Airflow_pract/venv/lib/python3.9/site-packages/airflow/example_dags/example_task_group.py
[2025-04-20T21:12:17.817+0800] {processor.py:925} INFO - DAG(s) 'example_task_group' retrieved from /mnt/c/Users/wu_li/OneDrive/Desktop/Airflow_pract/venv/lib/python3.9/site-packages/airflow/example_dags/example_task_group.py
[2025-04-20T21:12:17.868+0800] {logging_mixin.py:190} INFO - [2025-04-20T21:12:17.866+0800] {dag.py:3239} INFO - Sync 1 DAGs
[2025-04-20T21:12:17.909+0800] {logging_mixin.py:190} INFO - [2025-04-20T21:12:17.907+0800] {dag.py:4180} INFO - Setting next_dagrun for example_task_group to None, run_after=None
[2025-04-20T21:12:18.017+0800] {processor.py:208} INFO - Processing /mnt/c/Users/wu_li/OneDrive/Desktop/Airflow_pract/venv/lib/python3.9/site-packages/airflow/example_dags/example_task_group.py took 0.256 seconds
[2025-04-20T21:13:45.028+0800] {processor.py:186} INFO - Started process (PID=100491) to work on /mnt/c/Users/wu_li/OneDrive/Desktop/Airflow_pract/venv/lib/python3.9/site-packages/airflow/example_dags/example_task_group.py
[2025-04-20T21:13:45.030+0800] {processor.py:914} INFO - Processing file /mnt/c/Users/wu_li/OneDrive/Desktop/Airflow_pract/venv/lib/python3.9/site-packages/airflow/example_dags/example_task_group.py for tasks to queue
[2025-04-20T21:13:45.034+0800] {logging_mixin.py:190} INFO - [2025-04-20T21:13:45.033+0800] {dagbag.py:588} INFO - Filling up the DagBag from /mnt/c/Users/wu_li/OneDrive/Desktop/Airflow_pract/venv/lib/python3.9/site-packages/airflow/example_dags/example_task_group.py
[2025-04-20T21:13:45.066+0800] {processor.py:925} INFO - DAG(s) 'example_task_group' retrieved from /mnt/c/Users/wu_li/OneDrive/Desktop/Airflow_pract/venv/lib/python3.9/site-packages/airflow/example_dags/example_task_group.py
[2025-04-20T21:13:45.115+0800] {logging_mixin.py:190} INFO - [2025-04-20T21:13:45.113+0800] {dag.py:3239} INFO - Sync 1 DAGs
[2025-04-20T21:13:45.151+0800] {logging_mixin.py:190} INFO - [2025-04-20T21:13:45.149+0800] {dag.py:4180} INFO - Setting next_dagrun for example_task_group to None, run_after=None
[2025-04-20T21:13:45.235+0800] {processor.py:208} INFO - Processing /mnt/c/Users/wu_li/OneDrive/Desktop/Airflow_pract/venv/lib/python3.9/site-packages/airflow/example_dags/example_task_group.py took 0.226 seconds
[2025-04-20T21:15:15.956+0800] {processor.py:186} INFO - Started process (PID=101501) to work on /mnt/c/Users/wu_li/OneDrive/Desktop/Airflow_pract/venv/lib/python3.9/site-packages/airflow/example_dags/example_task_group.py
[2025-04-20T21:15:15.958+0800] {processor.py:914} INFO - Processing file /mnt/c/Users/wu_li/OneDrive/Desktop/Airflow_pract/venv/lib/python3.9/site-packages/airflow/example_dags/example_task_group.py for tasks to queue
[2025-04-20T21:15:15.960+0800] {logging_mixin.py:190} INFO - [2025-04-20T21:15:15.959+0800] {dagbag.py:588} INFO - Filling up the DagBag from /mnt/c/Users/wu_li/OneDrive/Desktop/Airflow_pract/venv/lib/python3.9/site-packages/airflow/example_dags/example_task_group.py
[2025-04-20T21:15:15.981+0800] {processor.py:925} INFO - DAG(s) 'example_task_group' retrieved from /mnt/c/Users/wu_li/OneDrive/Desktop/Airflow_pract/venv/lib/python3.9/site-packages/airflow/example_dags/example_task_group.py
[2025-04-20T21:15:16.010+0800] {logging_mixin.py:190} INFO - [2025-04-20T21:15:16.009+0800] {dag.py:3239} INFO - Sync 1 DAGs
[2025-04-20T21:15:16.026+0800] {logging_mixin.py:190} INFO - [2025-04-20T21:15:16.025+0800] {dag.py:4180} INFO - Setting next_dagrun for example_task_group to None, run_after=None
[2025-04-20T21:15:16.084+0800] {processor.py:208} INFO - Processing /mnt/c/Users/wu_li/OneDrive/Desktop/Airflow_pract/venv/lib/python3.9/site-packages/airflow/example_dags/example_task_group.py took 0.139 seconds
[2025-04-20T21:16:48.232+0800] {processor.py:186} INFO - Started process (PID=102580) to work on /mnt/c/Users/wu_li/OneDrive/Desktop/Airflow_pract/venv/lib/python3.9/site-packages/airflow/example_dags/example_task_group.py
[2025-04-20T21:16:48.234+0800] {processor.py:914} INFO - Processing file /mnt/c/Users/wu_li/OneDrive/Desktop/Airflow_pract/venv/lib/python3.9/site-packages/airflow/example_dags/example_task_group.py for tasks to queue
[2025-04-20T21:16:48.240+0800] {logging_mixin.py:190} INFO - [2025-04-20T21:16:48.237+0800] {dagbag.py:588} INFO - Filling up the DagBag from /mnt/c/Users/wu_li/OneDrive/Desktop/Airflow_pract/venv/lib/python3.9/site-packages/airflow/example_dags/example_task_group.py
[2025-04-20T21:16:48.277+0800] {processor.py:925} INFO - DAG(s) 'example_task_group' retrieved from /mnt/c/Users/wu_li/OneDrive/Desktop/Airflow_pract/venv/lib/python3.9/site-packages/airflow/example_dags/example_task_group.py
[2025-04-20T21:16:48.333+0800] {logging_mixin.py:190} INFO - [2025-04-20T21:16:48.332+0800] {dag.py:3239} INFO - Sync 1 DAGs
[2025-04-20T21:16:48.376+0800] {logging_mixin.py:190} INFO - [2025-04-20T21:16:48.373+0800] {dag.py:4180} INFO - Setting next_dagrun for example_task_group to None, run_after=None
[2025-04-20T21:16:48.466+0800] {processor.py:208} INFO - Processing /mnt/c/Users/wu_li/OneDrive/Desktop/Airflow_pract/venv/lib/python3.9/site-packages/airflow/example_dags/example_task_group.py took 0.260 seconds
[2025-04-20T21:18:13.479+0800] {processor.py:186} INFO - Started process (PID=103588) to work on /mnt/c/Users/wu_li/OneDrive/Desktop/Airflow_pract/venv/lib/python3.9/site-packages/airflow/example_dags/example_task_group.py
[2025-04-20T21:18:13.483+0800] {processor.py:914} INFO - Processing file /mnt/c/Users/wu_li/OneDrive/Desktop/Airflow_pract/venv/lib/python3.9/site-packages/airflow/example_dags/example_task_group.py for tasks to queue
[2025-04-20T21:18:13.487+0800] {logging_mixin.py:190} INFO - [2025-04-20T21:18:13.486+0800] {dagbag.py:588} INFO - Filling up the DagBag from /mnt/c/Users/wu_li/OneDrive/Desktop/Airflow_pract/venv/lib/python3.9/site-packages/airflow/example_dags/example_task_group.py
[2025-04-20T21:18:13.522+0800] {processor.py:925} INFO - DAG(s) 'example_task_group' retrieved from /mnt/c/Users/wu_li/OneDrive/Desktop/Airflow_pract/venv/lib/python3.9/site-packages/airflow/example_dags/example_task_group.py
[2025-04-20T21:18:12.921+0800] {logging_mixin.py:190} INFO - [2025-04-20T21:18:12.920+0800] {dag.py:3239} INFO - Sync 1 DAGs
[2025-04-20T21:18:12.960+0800] {logging_mixin.py:190} INFO - [2025-04-20T21:18:12.958+0800] {dag.py:4180} INFO - Setting next_dagrun for example_task_group to None, run_after=None
[2025-04-20T21:18:13.055+0800] {processor.py:208} INFO - Processing /mnt/c/Users/wu_li/OneDrive/Desktop/Airflow_pract/venv/lib/python3.9/site-packages/airflow/example_dags/example_task_group.py took 0.247 seconds
[2025-04-20T21:19:42.058+0800] {processor.py:186} INFO - Started process (PID=104667) to work on /mnt/c/Users/wu_li/OneDrive/Desktop/Airflow_pract/venv/lib/python3.9/site-packages/airflow/example_dags/example_task_group.py
[2025-04-20T21:19:42.062+0800] {processor.py:914} INFO - Processing file /mnt/c/Users/wu_li/OneDrive/Desktop/Airflow_pract/venv/lib/python3.9/site-packages/airflow/example_dags/example_task_group.py for tasks to queue
[2025-04-20T21:19:42.066+0800] {logging_mixin.py:190} INFO - [2025-04-20T21:19:42.064+0800] {dagbag.py:588} INFO - Filling up the DagBag from /mnt/c/Users/wu_li/OneDrive/Desktop/Airflow_pract/venv/lib/python3.9/site-packages/airflow/example_dags/example_task_group.py
[2025-04-20T21:19:42.113+0800] {processor.py:925} INFO - DAG(s) 'example_task_group' retrieved from /mnt/c/Users/wu_li/OneDrive/Desktop/Airflow_pract/venv/lib/python3.9/site-packages/airflow/example_dags/example_task_group.py
[2025-04-20T21:19:42.167+0800] {logging_mixin.py:190} INFO - [2025-04-20T21:19:42.166+0800] {dag.py:3239} INFO - Sync 1 DAGs
[2025-04-20T21:19:42.225+0800] {logging_mixin.py:190} INFO - [2025-04-20T21:19:42.222+0800] {dag.py:4180} INFO - Setting next_dagrun for example_task_group to None, run_after=None
[2025-04-20T21:19:42.317+0800] {processor.py:208} INFO - Processing /mnt/c/Users/wu_li/OneDrive/Desktop/Airflow_pract/venv/lib/python3.9/site-packages/airflow/example_dags/example_task_group.py took 0.278 seconds
[2025-04-20T21:21:15.406+0800] {processor.py:186} INFO - Started process (PID=105677) to work on /mnt/c/Users/wu_li/OneDrive/Desktop/Airflow_pract/venv/lib/python3.9/site-packages/airflow/example_dags/example_task_group.py
[2025-04-20T21:21:15.408+0800] {processor.py:914} INFO - Processing file /mnt/c/Users/wu_li/OneDrive/Desktop/Airflow_pract/venv/lib/python3.9/site-packages/airflow/example_dags/example_task_group.py for tasks to queue
[2025-04-20T21:21:15.412+0800] {logging_mixin.py:190} INFO - [2025-04-20T21:21:15.410+0800] {dagbag.py:588} INFO - Filling up the DagBag from /mnt/c/Users/wu_li/OneDrive/Desktop/Airflow_pract/venv/lib/python3.9/site-packages/airflow/example_dags/example_task_group.py
[2025-04-20T21:21:15.437+0800] {processor.py:925} INFO - DAG(s) 'example_task_group' retrieved from /mnt/c/Users/wu_li/OneDrive/Desktop/Airflow_pract/venv/lib/python3.9/site-packages/airflow/example_dags/example_task_group.py
[2025-04-20T21:21:15.470+0800] {logging_mixin.py:190} INFO - [2025-04-20T21:21:15.469+0800] {dag.py:3239} INFO - Sync 1 DAGs
[2025-04-20T21:21:15.484+0800] {logging_mixin.py:190} INFO - [2025-04-20T21:21:15.483+0800] {dag.py:4180} INFO - Setting next_dagrun for example_task_group to None, run_after=None
[2025-04-20T21:21:15.537+0800] {processor.py:208} INFO - Processing /mnt/c/Users/wu_li/OneDrive/Desktop/Airflow_pract/venv/lib/python3.9/site-packages/airflow/example_dags/example_task_group.py took 0.142 seconds
[2025-04-20T21:22:47.972+0800] {processor.py:186} INFO - Started process (PID=106684) to work on /mnt/c/Users/wu_li/OneDrive/Desktop/Airflow_pract/venv/lib/python3.9/site-packages/airflow/example_dags/example_task_group.py
[2025-04-20T21:22:47.978+0800] {processor.py:914} INFO - Processing file /mnt/c/Users/wu_li/OneDrive/Desktop/Airflow_pract/venv/lib/python3.9/site-packages/airflow/example_dags/example_task_group.py for tasks to queue
[2025-04-20T21:22:47.983+0800] {logging_mixin.py:190} INFO - [2025-04-20T21:22:47.981+0800] {dagbag.py:588} INFO - Filling up the DagBag from /mnt/c/Users/wu_li/OneDrive/Desktop/Airflow_pract/venv/lib/python3.9/site-packages/airflow/example_dags/example_task_group.py
[2025-04-20T21:22:48.019+0800] {processor.py:925} INFO - DAG(s) 'example_task_group' retrieved from /mnt/c/Users/wu_li/OneDrive/Desktop/Airflow_pract/venv/lib/python3.9/site-packages/airflow/example_dags/example_task_group.py
[2025-04-20T21:22:48.071+0800] {logging_mixin.py:190} INFO - [2025-04-20T21:22:48.069+0800] {dag.py:3239} INFO - Sync 1 DAGs
[2025-04-20T21:22:48.107+0800] {logging_mixin.py:190} INFO - [2025-04-20T21:22:48.104+0800] {dag.py:4180} INFO - Setting next_dagrun for example_task_group to None, run_after=None
[2025-04-20T21:22:48.196+0800] {processor.py:208} INFO - Processing /mnt/c/Users/wu_li/OneDrive/Desktop/Airflow_pract/venv/lib/python3.9/site-packages/airflow/example_dags/example_task_group.py took 0.242 seconds
[2025-04-20T21:24:17.951+0800] {processor.py:186} INFO - Started process (PID=107692) to work on /mnt/c/Users/wu_li/OneDrive/Desktop/Airflow_pract/venv/lib/python3.9/site-packages/airflow/example_dags/example_task_group.py
[2025-04-20T21:24:17.953+0800] {processor.py:914} INFO - Processing file /mnt/c/Users/wu_li/OneDrive/Desktop/Airflow_pract/venv/lib/python3.9/site-packages/airflow/example_dags/example_task_group.py for tasks to queue
[2025-04-20T21:24:17.956+0800] {logging_mixin.py:190} INFO - [2025-04-20T21:24:17.955+0800] {dagbag.py:588} INFO - Filling up the DagBag from /mnt/c/Users/wu_li/OneDrive/Desktop/Airflow_pract/venv/lib/python3.9/site-packages/airflow/example_dags/example_task_group.py
[2025-04-20T21:24:17.978+0800] {processor.py:925} INFO - DAG(s) 'example_task_group' retrieved from /mnt/c/Users/wu_li/OneDrive/Desktop/Airflow_pract/venv/lib/python3.9/site-packages/airflow/example_dags/example_task_group.py
[2025-04-20T21:24:18.007+0800] {logging_mixin.py:190} INFO - [2025-04-20T21:24:18.006+0800] {dag.py:3239} INFO - Sync 1 DAGs
[2025-04-20T21:24:18.021+0800] {logging_mixin.py:190} INFO - [2025-04-20T21:24:18.020+0800] {dag.py:4180} INFO - Setting next_dagrun for example_task_group to None, run_after=None
[2025-04-20T21:24:18.085+0800] {processor.py:208} INFO - Processing /mnt/c/Users/wu_li/OneDrive/Desktop/Airflow_pract/venv/lib/python3.9/site-packages/airflow/example_dags/example_task_group.py took 0.146 seconds
[2025-04-20T21:25:48.376+0800] {processor.py:186} INFO - Started process (PID=108770) to work on /mnt/c/Users/wu_li/OneDrive/Desktop/Airflow_pract/venv/lib/python3.9/site-packages/airflow/example_dags/example_task_group.py
[2025-04-20T21:25:48.378+0800] {processor.py:914} INFO - Processing file /mnt/c/Users/wu_li/OneDrive/Desktop/Airflow_pract/venv/lib/python3.9/site-packages/airflow/example_dags/example_task_group.py for tasks to queue
[2025-04-20T21:25:48.382+0800] {logging_mixin.py:190} INFO - [2025-04-20T21:25:48.380+0800] {dagbag.py:588} INFO - Filling up the DagBag from /mnt/c/Users/wu_li/OneDrive/Desktop/Airflow_pract/venv/lib/python3.9/site-packages/airflow/example_dags/example_task_group.py
[2025-04-20T21:25:48.414+0800] {processor.py:925} INFO - DAG(s) 'example_task_group' retrieved from /mnt/c/Users/wu_li/OneDrive/Desktop/Airflow_pract/venv/lib/python3.9/site-packages/airflow/example_dags/example_task_group.py
[2025-04-20T21:25:48.471+0800] {logging_mixin.py:190} INFO - [2025-04-20T21:25:48.470+0800] {dag.py:3239} INFO - Sync 1 DAGs
[2025-04-20T21:25:48.509+0800] {logging_mixin.py:190} INFO - [2025-04-20T21:25:48.506+0800] {dag.py:4180} INFO - Setting next_dagrun for example_task_group to None, run_after=None
[2025-04-20T21:25:48.599+0800] {processor.py:208} INFO - Processing /mnt/c/Users/wu_li/OneDrive/Desktop/Airflow_pract/venv/lib/python3.9/site-packages/airflow/example_dags/example_task_group.py took 0.242 seconds
[2025-04-20T21:27:17.227+0800] {processor.py:186} INFO - Started process (PID=109777) to work on /mnt/c/Users/wu_li/OneDrive/Desktop/Airflow_pract/venv/lib/python3.9/site-packages/airflow/example_dags/example_task_group.py
[2025-04-20T21:27:17.229+0800] {processor.py:914} INFO - Processing file /mnt/c/Users/wu_li/OneDrive/Desktop/Airflow_pract/venv/lib/python3.9/site-packages/airflow/example_dags/example_task_group.py for tasks to queue
[2025-04-20T21:27:17.238+0800] {logging_mixin.py:190} INFO - [2025-04-20T21:27:17.233+0800] {dagbag.py:588} INFO - Filling up the DagBag from /mnt/c/Users/wu_li/OneDrive/Desktop/Airflow_pract/venv/lib/python3.9/site-packages/airflow/example_dags/example_task_group.py
[2025-04-20T21:27:17.279+0800] {processor.py:925} INFO - DAG(s) 'example_task_group' retrieved from /mnt/c/Users/wu_li/OneDrive/Desktop/Airflow_pract/venv/lib/python3.9/site-packages/airflow/example_dags/example_task_group.py
[2025-04-20T21:27:17.331+0800] {logging_mixin.py:190} INFO - [2025-04-20T21:27:17.329+0800] {dag.py:3239} INFO - Sync 1 DAGs
[2025-04-20T21:27:17.372+0800] {logging_mixin.py:190} INFO - [2025-04-20T21:27:17.371+0800] {dag.py:4180} INFO - Setting next_dagrun for example_task_group to None, run_after=None
[2025-04-20T21:27:17.464+0800] {processor.py:208} INFO - Processing /mnt/c/Users/wu_li/OneDrive/Desktop/Airflow_pract/venv/lib/python3.9/site-packages/airflow/example_dags/example_task_group.py took 0.260 seconds
[2025-04-20T21:28:49.872+0800] {processor.py:186} INFO - Started process (PID=110859) to work on /mnt/c/Users/wu_li/OneDrive/Desktop/Airflow_pract/venv/lib/python3.9/site-packages/airflow/example_dags/example_task_group.py
[2025-04-20T21:28:49.874+0800] {processor.py:914} INFO - Processing file /mnt/c/Users/wu_li/OneDrive/Desktop/Airflow_pract/venv/lib/python3.9/site-packages/airflow/example_dags/example_task_group.py for tasks to queue
[2025-04-20T21:28:49.880+0800] {logging_mixin.py:190} INFO - [2025-04-20T21:28:49.878+0800] {dagbag.py:588} INFO - Filling up the DagBag from /mnt/c/Users/wu_li/OneDrive/Desktop/Airflow_pract/venv/lib/python3.9/site-packages/airflow/example_dags/example_task_group.py
[2025-04-20T21:28:49.919+0800] {processor.py:925} INFO - DAG(s) 'example_task_group' retrieved from /mnt/c/Users/wu_li/OneDrive/Desktop/Airflow_pract/venv/lib/python3.9/site-packages/airflow/example_dags/example_task_group.py
[2025-04-20T21:28:49.973+0800] {logging_mixin.py:190} INFO - [2025-04-20T21:28:49.972+0800] {dag.py:3239} INFO - Sync 1 DAGs
[2025-04-20T21:28:50.014+0800] {logging_mixin.py:190} INFO - [2025-04-20T21:28:50.011+0800] {dag.py:4180} INFO - Setting next_dagrun for example_task_group to None, run_after=None
[2025-04-20T21:28:50.108+0800] {processor.py:208} INFO - Processing /mnt/c/Users/wu_li/OneDrive/Desktop/Airflow_pract/venv/lib/python3.9/site-packages/airflow/example_dags/example_task_group.py took 0.255 seconds
[2025-04-20T21:30:19.741+0800] {processor.py:186} INFO - Started process (PID=111938) to work on /mnt/c/Users/wu_li/OneDrive/Desktop/Airflow_pract/venv/lib/python3.9/site-packages/airflow/example_dags/example_task_group.py
[2025-04-20T21:30:19.743+0800] {processor.py:914} INFO - Processing file /mnt/c/Users/wu_li/OneDrive/Desktop/Airflow_pract/venv/lib/python3.9/site-packages/airflow/example_dags/example_task_group.py for tasks to queue
[2025-04-20T21:30:19.749+0800] {logging_mixin.py:190} INFO - [2025-04-20T21:30:19.747+0800] {dagbag.py:588} INFO - Filling up the DagBag from /mnt/c/Users/wu_li/OneDrive/Desktop/Airflow_pract/venv/lib/python3.9/site-packages/airflow/example_dags/example_task_group.py
[2025-04-20T21:30:19.782+0800] {processor.py:925} INFO - DAG(s) 'example_task_group' retrieved from /mnt/c/Users/wu_li/OneDrive/Desktop/Airflow_pract/venv/lib/python3.9/site-packages/airflow/example_dags/example_task_group.py
[2025-04-20T21:30:19.840+0800] {logging_mixin.py:190} INFO - [2025-04-20T21:30:19.839+0800] {dag.py:3239} INFO - Sync 1 DAGs
[2025-04-20T21:30:19.878+0800] {logging_mixin.py:190} INFO - [2025-04-20T21:30:19.875+0800] {dag.py:4180} INFO - Setting next_dagrun for example_task_group to None, run_after=None
[2025-04-20T21:30:19.986+0800] {processor.py:208} INFO - Processing /mnt/c/Users/wu_li/OneDrive/Desktop/Airflow_pract/venv/lib/python3.9/site-packages/airflow/example_dags/example_task_group.py took 0.271 seconds
[2025-04-20T21:31:54.713+0800] {processor.py:186} INFO - Started process (PID=112948) to work on /mnt/c/Users/wu_li/OneDrive/Desktop/Airflow_pract/venv/lib/python3.9/site-packages/airflow/example_dags/example_task_group.py
[2025-04-20T21:31:54.715+0800] {processor.py:914} INFO - Processing file /mnt/c/Users/wu_li/OneDrive/Desktop/Airflow_pract/venv/lib/python3.9/site-packages/airflow/example_dags/example_task_group.py for tasks to queue
[2025-04-20T21:31:54.717+0800] {logging_mixin.py:190} INFO - [2025-04-20T21:31:54.716+0800] {dagbag.py:588} INFO - Filling up the DagBag from /mnt/c/Users/wu_li/OneDrive/Desktop/Airflow_pract/venv/lib/python3.9/site-packages/airflow/example_dags/example_task_group.py
[2025-04-20T21:31:54.739+0800] {processor.py:925} INFO - DAG(s) 'example_task_group' retrieved from /mnt/c/Users/wu_li/OneDrive/Desktop/Airflow_pract/venv/lib/python3.9/site-packages/airflow/example_dags/example_task_group.py
[2025-04-20T21:31:54.766+0800] {logging_mixin.py:190} INFO - [2025-04-20T21:31:54.765+0800] {dag.py:3239} INFO - Sync 1 DAGs
[2025-04-20T21:31:54.782+0800] {logging_mixin.py:190} INFO - [2025-04-20T21:31:54.781+0800] {dag.py:4180} INFO - Setting next_dagrun for example_task_group to None, run_after=None
[2025-04-20T21:31:54.851+0800] {processor.py:208} INFO - Processing /mnt/c/Users/wu_li/OneDrive/Desktop/Airflow_pract/venv/lib/python3.9/site-packages/airflow/example_dags/example_task_group.py took 0.149 seconds
[2025-04-20T21:33:21.957+0800] {processor.py:186} INFO - Started process (PID=114026) to work on /mnt/c/Users/wu_li/OneDrive/Desktop/Airflow_pract/venv/lib/python3.9/site-packages/airflow/example_dags/example_task_group.py
[2025-04-20T21:33:21.959+0800] {processor.py:914} INFO - Processing file /mnt/c/Users/wu_li/OneDrive/Desktop/Airflow_pract/venv/lib/python3.9/site-packages/airflow/example_dags/example_task_group.py for tasks to queue
[2025-04-20T21:33:21.966+0800] {logging_mixin.py:190} INFO - [2025-04-20T21:33:21.964+0800] {dagbag.py:588} INFO - Filling up the DagBag from /mnt/c/Users/wu_li/OneDrive/Desktop/Airflow_pract/venv/lib/python3.9/site-packages/airflow/example_dags/example_task_group.py
[2025-04-20T21:33:22.003+0800] {processor.py:925} INFO - DAG(s) 'example_task_group' retrieved from /mnt/c/Users/wu_li/OneDrive/Desktop/Airflow_pract/venv/lib/python3.9/site-packages/airflow/example_dags/example_task_group.py
[2025-04-20T21:33:22.054+0800] {logging_mixin.py:190} INFO - [2025-04-20T21:33:22.052+0800] {dag.py:3239} INFO - Sync 1 DAGs
[2025-04-20T21:33:22.105+0800] {logging_mixin.py:190} INFO - [2025-04-20T21:33:22.104+0800] {dag.py:4180} INFO - Setting next_dagrun for example_task_group to None, run_after=None
[2025-04-20T21:33:22.382+0800] {processor.py:208} INFO - Processing /mnt/c/Users/wu_li/OneDrive/Desktop/Airflow_pract/venv/lib/python3.9/site-packages/airflow/example_dags/example_task_group.py took 0.451 seconds
[2025-04-20T21:34:55.985+0800] {processor.py:186} INFO - Started process (PID=115106) to work on /mnt/c/Users/wu_li/OneDrive/Desktop/Airflow_pract/venv/lib/python3.9/site-packages/airflow/example_dags/example_task_group.py
[2025-04-20T21:34:55.987+0800] {processor.py:914} INFO - Processing file /mnt/c/Users/wu_li/OneDrive/Desktop/Airflow_pract/venv/lib/python3.9/site-packages/airflow/example_dags/example_task_group.py for tasks to queue
[2025-04-20T21:34:55.991+0800] {logging_mixin.py:190} INFO - [2025-04-20T21:34:55.990+0800] {dagbag.py:588} INFO - Filling up the DagBag from /mnt/c/Users/wu_li/OneDrive/Desktop/Airflow_pract/venv/lib/python3.9/site-packages/airflow/example_dags/example_task_group.py
[2025-04-20T21:34:56.024+0800] {processor.py:925} INFO - DAG(s) 'example_task_group' retrieved from /mnt/c/Users/wu_li/OneDrive/Desktop/Airflow_pract/venv/lib/python3.9/site-packages/airflow/example_dags/example_task_group.py
[2025-04-20T21:34:56.074+0800] {logging_mixin.py:190} INFO - [2025-04-20T21:34:56.073+0800] {dag.py:3239} INFO - Sync 1 DAGs
[2025-04-20T21:34:56.115+0800] {logging_mixin.py:190} INFO - [2025-04-20T21:34:56.112+0800] {dag.py:4180} INFO - Setting next_dagrun for example_task_group to None, run_after=None
[2025-04-20T21:34:56.413+0800] {processor.py:208} INFO - Processing /mnt/c/Users/wu_li/OneDrive/Desktop/Airflow_pract/venv/lib/python3.9/site-packages/airflow/example_dags/example_task_group.py took 0.445 seconds
[2025-04-20T21:36:35.285+0800] {processor.py:186} INFO - Started process (PID=116263) to work on /mnt/c/Users/wu_li/OneDrive/Desktop/Airflow_pract/venv/lib/python3.9/site-packages/airflow/example_dags/example_task_group.py
[2025-04-20T21:36:35.287+0800] {processor.py:914} INFO - Processing file /mnt/c/Users/wu_li/OneDrive/Desktop/Airflow_pract/venv/lib/python3.9/site-packages/airflow/example_dags/example_task_group.py for tasks to queue
[2025-04-20T21:36:35.289+0800] {logging_mixin.py:190} INFO - [2025-04-20T21:36:35.288+0800] {dagbag.py:588} INFO - Filling up the DagBag from /mnt/c/Users/wu_li/OneDrive/Desktop/Airflow_pract/venv/lib/python3.9/site-packages/airflow/example_dags/example_task_group.py
[2025-04-20T21:36:35.309+0800] {processor.py:925} INFO - DAG(s) 'example_task_group' retrieved from /mnt/c/Users/wu_li/OneDrive/Desktop/Airflow_pract/venv/lib/python3.9/site-packages/airflow/example_dags/example_task_group.py
[2025-04-20T21:36:35.335+0800] {logging_mixin.py:190} INFO - [2025-04-20T21:36:35.334+0800] {dag.py:3239} INFO - Sync 1 DAGs
[2025-04-20T21:36:35.445+0800] {logging_mixin.py:190} INFO - [2025-04-20T21:36:35.444+0800] {dag.py:4180} INFO - Setting next_dagrun for example_task_group to None, run_after=None
[2025-04-20T21:36:35.498+0800] {processor.py:208} INFO - Processing /mnt/c/Users/wu_li/OneDrive/Desktop/Airflow_pract/venv/lib/python3.9/site-packages/airflow/example_dags/example_task_group.py took 0.223 seconds
[2025-04-20T21:38:26.043+0800] {processor.py:186} INFO - Started process (PID=117303) to work on /mnt/c/Users/wu_li/OneDrive/Desktop/Airflow_pract/venv/lib/python3.9/site-packages/airflow/example_dags/example_task_group.py
[2025-04-20T21:38:26.045+0800] {processor.py:914} INFO - Processing file /mnt/c/Users/wu_li/OneDrive/Desktop/Airflow_pract/venv/lib/python3.9/site-packages/airflow/example_dags/example_task_group.py for tasks to queue
[2025-04-20T21:38:26.051+0800] {logging_mixin.py:190} INFO - [2025-04-20T21:38:26.049+0800] {dagbag.py:588} INFO - Filling up the DagBag from /mnt/c/Users/wu_li/OneDrive/Desktop/Airflow_pract/venv/lib/python3.9/site-packages/airflow/example_dags/example_task_group.py
[2025-04-20T21:38:26.112+0800] {processor.py:925} INFO - DAG(s) 'example_task_group' retrieved from /mnt/c/Users/wu_li/OneDrive/Desktop/Airflow_pract/venv/lib/python3.9/site-packages/airflow/example_dags/example_task_group.py
[2025-04-20T21:38:26.223+0800] {logging_mixin.py:190} INFO - [2025-04-20T21:38:26.221+0800] {dag.py:3239} INFO - Sync 1 DAGs
[2025-04-20T21:38:26.542+0800] {logging_mixin.py:190} INFO - [2025-04-20T21:38:26.539+0800] {dag.py:4180} INFO - Setting next_dagrun for example_task_group to None, run_after=None
[2025-04-20T21:38:26.668+0800] {processor.py:208} INFO - Processing /mnt/c/Users/wu_li/OneDrive/Desktop/Airflow_pract/venv/lib/python3.9/site-packages/airflow/example_dags/example_task_group.py took 0.645 seconds
[2025-04-20T21:39:54.789+0800] {processor.py:186} INFO - Started process (PID=118251) to work on /mnt/c/Users/wu_li/OneDrive/Desktop/Airflow_pract/venv/lib/python3.9/site-packages/airflow/example_dags/example_task_group.py
[2025-04-20T21:39:54.792+0800] {processor.py:914} INFO - Processing file /mnt/c/Users/wu_li/OneDrive/Desktop/Airflow_pract/venv/lib/python3.9/site-packages/airflow/example_dags/example_task_group.py for tasks to queue
[2025-04-20T21:39:54.828+0800] {logging_mixin.py:190} INFO - [2025-04-20T21:39:54.815+0800] {dagbag.py:588} INFO - Filling up the DagBag from /mnt/c/Users/wu_li/OneDrive/Desktop/Airflow_pract/venv/lib/python3.9/site-packages/airflow/example_dags/example_task_group.py
[2025-04-20T21:39:54.873+0800] {processor.py:925} INFO - DAG(s) 'example_task_group' retrieved from /mnt/c/Users/wu_li/OneDrive/Desktop/Airflow_pract/venv/lib/python3.9/site-packages/airflow/example_dags/example_task_group.py
[2025-04-20T21:39:54.956+0800] {logging_mixin.py:190} INFO - [2025-04-20T21:39:54.952+0800] {dag.py:3239} INFO - Sync 1 DAGs
[2025-04-20T21:39:55.006+0800] {logging_mixin.py:190} INFO - [2025-04-20T21:39:55.003+0800] {dag.py:4180} INFO - Setting next_dagrun for example_task_group to None, run_after=None
[2025-04-20T21:39:55.137+0800] {processor.py:208} INFO - Processing /mnt/c/Users/wu_li/OneDrive/Desktop/Airflow_pract/venv/lib/python3.9/site-packages/airflow/example_dags/example_task_group.py took 0.383 seconds
[2025-04-20T21:41:22.384+0800] {processor.py:186} INFO - Started process (PID=119373) to work on /mnt/c/Users/wu_li/OneDrive/Desktop/Airflow_pract/venv/lib/python3.9/site-packages/airflow/example_dags/example_task_group.py
[2025-04-20T21:41:22.387+0800] {processor.py:914} INFO - Processing file /mnt/c/Users/wu_li/OneDrive/Desktop/Airflow_pract/venv/lib/python3.9/site-packages/airflow/example_dags/example_task_group.py for tasks to queue
[2025-04-20T21:41:22.391+0800] {logging_mixin.py:190} INFO - [2025-04-20T21:41:22.390+0800] {dagbag.py:588} INFO - Filling up the DagBag from /mnt/c/Users/wu_li/OneDrive/Desktop/Airflow_pract/venv/lib/python3.9/site-packages/airflow/example_dags/example_task_group.py
[2025-04-20T21:41:22.415+0800] {processor.py:925} INFO - DAG(s) 'example_task_group' retrieved from /mnt/c/Users/wu_li/OneDrive/Desktop/Airflow_pract/venv/lib/python3.9/site-packages/airflow/example_dags/example_task_group.py
[2025-04-20T21:41:22.451+0800] {logging_mixin.py:190} INFO - [2025-04-20T21:41:22.449+0800] {dag.py:3239} INFO - Sync 1 DAGs
[2025-04-20T21:41:22.477+0800] {logging_mixin.py:190} INFO - [2025-04-20T21:41:22.475+0800] {dag.py:4180} INFO - Setting next_dagrun for example_task_group to None, run_after=None
[2025-04-20T21:41:22.539+0800] {processor.py:208} INFO - Processing /mnt/c/Users/wu_li/OneDrive/Desktop/Airflow_pract/venv/lib/python3.9/site-packages/airflow/example_dags/example_task_group.py took 0.169 seconds
[2025-04-20T21:42:58.509+0800] {processor.py:186} INFO - Started process (PID=120204) to work on /mnt/c/Users/wu_li/OneDrive/Desktop/Airflow_pract/venv/lib/python3.9/site-packages/airflow/example_dags/example_task_group.py
[2025-04-20T21:42:58.512+0800] {processor.py:914} INFO - Processing file /mnt/c/Users/wu_li/OneDrive/Desktop/Airflow_pract/venv/lib/python3.9/site-packages/airflow/example_dags/example_task_group.py for tasks to queue
[2025-04-20T21:42:58.517+0800] {logging_mixin.py:190} INFO - [2025-04-20T21:42:58.515+0800] {dagbag.py:588} INFO - Filling up the DagBag from /mnt/c/Users/wu_li/OneDrive/Desktop/Airflow_pract/venv/lib/python3.9/site-packages/airflow/example_dags/example_task_group.py
[2025-04-20T21:42:58.558+0800] {processor.py:925} INFO - DAG(s) 'example_task_group' retrieved from /mnt/c/Users/wu_li/OneDrive/Desktop/Airflow_pract/venv/lib/python3.9/site-packages/airflow/example_dags/example_task_group.py
[2025-04-20T21:42:58.626+0800] {logging_mixin.py:190} INFO - [2025-04-20T21:42:58.624+0800] {dag.py:3239} INFO - Sync 1 DAGs
[2025-04-20T21:42:58.667+0800] {logging_mixin.py:190} INFO - [2025-04-20T21:42:58.661+0800] {dag.py:4180} INFO - Setting next_dagrun for example_task_group to None, run_after=None
[2025-04-20T21:42:58.768+0800] {processor.py:208} INFO - Processing /mnt/c/Users/wu_li/OneDrive/Desktop/Airflow_pract/venv/lib/python3.9/site-packages/airflow/example_dags/example_task_group.py took 0.300 seconds
[2025-04-20T21:43:53.964+0800] {processor.py:186} INFO - Started process (PID=120633) to work on /mnt/c/Users/wu_li/OneDrive/Desktop/Airflow_pract/venv/lib/python3.9/site-packages/airflow/example_dags/example_task_group.py
[2025-04-20T21:43:53.966+0800] {processor.py:914} INFO - Processing file /mnt/c/Users/wu_li/OneDrive/Desktop/Airflow_pract/venv/lib/python3.9/site-packages/airflow/example_dags/example_task_group.py for tasks to queue
[2025-04-20T21:43:53.970+0800] {logging_mixin.py:190} INFO - [2025-04-20T21:43:53.968+0800] {dagbag.py:588} INFO - Filling up the DagBag from /mnt/c/Users/wu_li/OneDrive/Desktop/Airflow_pract/venv/lib/python3.9/site-packages/airflow/example_dags/example_task_group.py
[2025-04-20T21:43:54.003+0800] {processor.py:925} INFO - DAG(s) 'example_task_group' retrieved from /mnt/c/Users/wu_li/OneDrive/Desktop/Airflow_pract/venv/lib/python3.9/site-packages/airflow/example_dags/example_task_group.py
[2025-04-20T21:43:54.066+0800] {logging_mixin.py:190} INFO - [2025-04-20T21:43:54.065+0800] {dag.py:3239} INFO - Sync 1 DAGs
[2025-04-20T21:43:54.101+0800] {logging_mixin.py:190} INFO - [2025-04-20T21:43:54.098+0800] {dag.py:4180} INFO - Setting next_dagrun for example_task_group to None, run_after=None
[2025-04-20T21:43:54.212+0800] {processor.py:208} INFO - Processing /mnt/c/Users/wu_li/OneDrive/Desktop/Airflow_pract/venv/lib/python3.9/site-packages/airflow/example_dags/example_task_group.py took 0.269 seconds
