[2025-04-20T20:13:12.306+0800] {processor.py:186} INFO - Started process (PID=64464) to work on /mnt/c/Users/wu_li/OneDrive/Desktop/Airflow_pract/venv/lib/python3.9/site-packages/airflow/example_dags/example_bash_decorator.py
[2025-04-20T20:13:12.309+0800] {processor.py:914} INFO - Processing file /mnt/c/Users/wu_li/OneDrive/Desktop/Airflow_pract/venv/lib/python3.9/site-packages/airflow/example_dags/example_bash_decorator.py for tasks to queue
[2025-04-20T20:13:12.314+0800] {logging_mixin.py:190} INFO - [2025-04-20T20:13:12.312+0800] {dagbag.py:588} INFO - Filling up the DagBag from /mnt/c/Users/wu_li/OneDrive/Desktop/Airflow_pract/venv/lib/python3.9/site-packages/airflow/example_dags/example_bash_decorator.py
[2025-04-20T20:13:12.425+0800] {processor.py:925} INFO - DAG(s) 'example_bash_decorator' retrieved from /mnt/c/Users/wu_li/OneDrive/Desktop/Airflow_pract/venv/lib/python3.9/site-packages/airflow/example_dags/example_bash_decorator.py
[2025-04-20T20:13:14.399+0800] {logging_mixin.py:190} INFO - [2025-04-20T20:13:14.394+0800] {override.py:1912} INFO - Created Permission View: can delete on DAG:example_bash_decorator
[2025-04-20T20:13:14.472+0800] {logging_mixin.py:190} INFO - [2025-04-20T20:13:14.470+0800] {override.py:1912} INFO - Created Permission View: can read on DAG:example_bash_decorator
[2025-04-20T20:13:14.534+0800] {logging_mixin.py:190} INFO - [2025-04-20T20:13:14.533+0800] {override.py:1912} INFO - Created Permission View: can edit on DAG:example_bash_decorator
[2025-04-20T20:13:14.637+0800] {logging_mixin.py:190} INFO - [2025-04-20T20:13:14.629+0800] {override.py:1912} INFO - Created Permission View: can delete on DAG Run:example_bash_decorator
[2025-04-20T20:13:14.734+0800] {logging_mixin.py:190} INFO - [2025-04-20T20:13:14.725+0800] {override.py:1912} INFO - Created Permission View: can read on DAG Run:example_bash_decorator
[2025-04-20T20:13:14.796+0800] {logging_mixin.py:190} INFO - [2025-04-20T20:13:14.794+0800] {override.py:1912} INFO - Created Permission View: can create on DAG Run:example_bash_decorator
[2025-04-20T20:13:14.863+0800] {logging_mixin.py:190} INFO - [2025-04-20T20:13:14.861+0800] {override.py:1912} INFO - Created Permission View: menu access on DAG Run:example_bash_decorator
[2025-04-20T20:13:14.866+0800] {logging_mixin.py:190} INFO - [2025-04-20T20:13:14.864+0800] {dag.py:3239} INFO - Sync 1 DAGs
[2025-04-20T20:13:14.949+0800] {logging_mixin.py:190} INFO - [2025-04-20T20:13:14.947+0800] {dag.py:3262} INFO - Creating ORM DAG for example_bash_decorator
[2025-04-20T20:13:14.953+0800] {logging_mixin.py:190} INFO - [2025-04-20T20:13:14.952+0800] {dag.py:4180} INFO - Setting next_dagrun for example_bash_decorator to None, run_after=None
[2025-04-20T20:13:15.098+0800] {processor.py:208} INFO - Processing /mnt/c/Users/wu_li/OneDrive/Desktop/Airflow_pract/venv/lib/python3.9/site-packages/airflow/example_dags/example_bash_decorator.py took 2.808 seconds
[2025-04-20T20:18:11.581+0800] {processor.py:186} INFO - Started process (PID=68403) to work on /mnt/c/Users/wu_li/OneDrive/Desktop/Airflow_pract/venv/lib/python3.9/site-packages/airflow/example_dags/example_bash_decorator.py
[2025-04-20T20:18:11.583+0800] {processor.py:914} INFO - Processing file /mnt/c/Users/wu_li/OneDrive/Desktop/Airflow_pract/venv/lib/python3.9/site-packages/airflow/example_dags/example_bash_decorator.py for tasks to queue
[2025-04-20T20:18:11.587+0800] {logging_mixin.py:190} INFO - [2025-04-20T20:18:11.586+0800] {dagbag.py:588} INFO - Filling up the DagBag from /mnt/c/Users/wu_li/OneDrive/Desktop/Airflow_pract/venv/lib/python3.9/site-packages/airflow/example_dags/example_bash_decorator.py
[2025-04-20T20:18:11.780+0800] {processor.py:925} INFO - DAG(s) 'example_bash_decorator' retrieved from /mnt/c/Users/wu_li/OneDrive/Desktop/Airflow_pract/venv/lib/python3.9/site-packages/airflow/example_dags/example_bash_decorator.py
[2025-04-20T20:18:12.906+0800] {logging_mixin.py:190} INFO - [2025-04-20T20:18:12.905+0800] {dag.py:3239} INFO - Sync 1 DAGs
[2025-04-20T20:18:12.932+0800] {logging_mixin.py:190} INFO - [2025-04-20T20:18:12.930+0800] {dag.py:4180} INFO - Setting next_dagrun for example_bash_decorator to None, run_after=None
[2025-04-20T20:18:13.008+0800] {processor.py:208} INFO - Processing /mnt/c/Users/wu_li/OneDrive/Desktop/Airflow_pract/venv/lib/python3.9/site-packages/airflow/example_dags/example_bash_decorator.py took 1.447 seconds
[2025-04-20T20:19:54.623+0800] {processor.py:186} INFO - Started process (PID=69668) to work on /mnt/c/Users/wu_li/OneDrive/Desktop/Airflow_pract/venv/lib/python3.9/site-packages/airflow/example_dags/example_bash_decorator.py
[2025-04-20T20:19:54.625+0800] {processor.py:914} INFO - Processing file /mnt/c/Users/wu_li/OneDrive/Desktop/Airflow_pract/venv/lib/python3.9/site-packages/airflow/example_dags/example_bash_decorator.py for tasks to queue
[2025-04-20T20:19:54.629+0800] {logging_mixin.py:190} INFO - [2025-04-20T20:19:54.628+0800] {dagbag.py:588} INFO - Filling up the DagBag from /mnt/c/Users/wu_li/OneDrive/Desktop/Airflow_pract/venv/lib/python3.9/site-packages/airflow/example_dags/example_bash_decorator.py
[2025-04-20T20:19:54.715+0800] {processor.py:925} INFO - DAG(s) 'example_bash_decorator' retrieved from /mnt/c/Users/wu_li/OneDrive/Desktop/Airflow_pract/venv/lib/python3.9/site-packages/airflow/example_dags/example_bash_decorator.py
[2025-04-20T20:19:54.749+0800] {logging_mixin.py:190} INFO - [2025-04-20T20:19:54.748+0800] {dag.py:3239} INFO - Sync 1 DAGs
[2025-04-20T20:19:54.774+0800] {logging_mixin.py:190} INFO - [2025-04-20T20:19:54.772+0800] {dag.py:4180} INFO - Setting next_dagrun for example_bash_decorator to None, run_after=None
[2025-04-20T20:19:54.849+0800] {processor.py:208} INFO - Processing /mnt/c/Users/wu_li/OneDrive/Desktop/Airflow_pract/venv/lib/python3.9/site-packages/airflow/example_dags/example_bash_decorator.py took 0.243 seconds
[2025-04-20T20:21:53.424+0800] {processor.py:186} INFO - Started process (PID=70557) to work on /mnt/c/Users/wu_li/OneDrive/Desktop/Airflow_pract/venv/lib/python3.9/site-packages/airflow/example_dags/example_bash_decorator.py
[2025-04-20T20:21:53.428+0800] {processor.py:914} INFO - Processing file /mnt/c/Users/wu_li/OneDrive/Desktop/Airflow_pract/venv/lib/python3.9/site-packages/airflow/example_dags/example_bash_decorator.py for tasks to queue
[2025-04-20T20:21:53.433+0800] {logging_mixin.py:190} INFO - [2025-04-20T20:21:53.431+0800] {dagbag.py:588} INFO - Filling up the DagBag from /mnt/c/Users/wu_li/OneDrive/Desktop/Airflow_pract/venv/lib/python3.9/site-packages/airflow/example_dags/example_bash_decorator.py
[2025-04-20T20:21:53.585+0800] {processor.py:925} INFO - DAG(s) 'example_bash_decorator' retrieved from /mnt/c/Users/wu_li/OneDrive/Desktop/Airflow_pract/venv/lib/python3.9/site-packages/airflow/example_dags/example_bash_decorator.py
[2025-04-20T20:21:53.689+0800] {logging_mixin.py:190} INFO - [2025-04-20T20:21:53.679+0800] {dag.py:3239} INFO - Sync 1 DAGs
[2025-04-20T20:21:53.732+0800] {logging_mixin.py:190} INFO - [2025-04-20T20:21:53.730+0800] {dag.py:4180} INFO - Setting next_dagrun for example_bash_decorator to None, run_after=None
[2025-04-20T20:21:53.843+0800] {processor.py:208} INFO - Processing /mnt/c/Users/wu_li/OneDrive/Desktop/Airflow_pract/venv/lib/python3.9/site-packages/airflow/example_dags/example_bash_decorator.py took 0.440 seconds
[2025-04-20T20:23:47.962+0800] {processor.py:186} INFO - Started process (PID=71507) to work on /mnt/c/Users/wu_li/OneDrive/Desktop/Airflow_pract/venv/lib/python3.9/site-packages/airflow/example_dags/example_bash_decorator.py
[2025-04-20T20:23:47.966+0800] {processor.py:914} INFO - Processing file /mnt/c/Users/wu_li/OneDrive/Desktop/Airflow_pract/venv/lib/python3.9/site-packages/airflow/example_dags/example_bash_decorator.py for tasks to queue
[2025-04-20T20:23:47.971+0800] {logging_mixin.py:190} INFO - [2025-04-20T20:23:47.969+0800] {dagbag.py:588} INFO - Filling up the DagBag from /mnt/c/Users/wu_li/OneDrive/Desktop/Airflow_pract/venv/lib/python3.9/site-packages/airflow/example_dags/example_bash_decorator.py
[2025-04-20T20:23:48.096+0800] {processor.py:925} INFO - DAG(s) 'example_bash_decorator' retrieved from /mnt/c/Users/wu_li/OneDrive/Desktop/Airflow_pract/venv/lib/python3.9/site-packages/airflow/example_dags/example_bash_decorator.py
[2025-04-20T20:23:48.156+0800] {logging_mixin.py:190} INFO - [2025-04-20T20:23:48.155+0800] {dag.py:3239} INFO - Sync 1 DAGs
[2025-04-20T20:23:48.202+0800] {logging_mixin.py:190} INFO - [2025-04-20T20:23:48.199+0800] {dag.py:4180} INFO - Setting next_dagrun for example_bash_decorator to None, run_after=None
[2025-04-20T20:23:48.311+0800] {processor.py:208} INFO - Processing /mnt/c/Users/wu_li/OneDrive/Desktop/Airflow_pract/venv/lib/python3.9/site-packages/airflow/example_dags/example_bash_decorator.py took 0.371 seconds
[2025-04-20T20:25:46.763+0800] {processor.py:186} INFO - Started process (PID=72466) to work on /mnt/c/Users/wu_li/OneDrive/Desktop/Airflow_pract/venv/lib/python3.9/site-packages/airflow/example_dags/example_bash_decorator.py
[2025-04-20T20:25:46.769+0800] {processor.py:914} INFO - Processing file /mnt/c/Users/wu_li/OneDrive/Desktop/Airflow_pract/venv/lib/python3.9/site-packages/airflow/example_dags/example_bash_decorator.py for tasks to queue
[2025-04-20T20:25:46.778+0800] {logging_mixin.py:190} INFO - [2025-04-20T20:25:46.773+0800] {dagbag.py:588} INFO - Filling up the DagBag from /mnt/c/Users/wu_li/OneDrive/Desktop/Airflow_pract/venv/lib/python3.9/site-packages/airflow/example_dags/example_bash_decorator.py
[2025-04-20T20:25:46.956+0800] {processor.py:925} INFO - DAG(s) 'example_bash_decorator' retrieved from /mnt/c/Users/wu_li/OneDrive/Desktop/Airflow_pract/venv/lib/python3.9/site-packages/airflow/example_dags/example_bash_decorator.py
[2025-04-20T20:25:47.074+0800] {logging_mixin.py:190} INFO - [2025-04-20T20:25:47.063+0800] {dag.py:3239} INFO - Sync 1 DAGs
[2025-04-20T20:25:47.112+0800] {logging_mixin.py:190} INFO - [2025-04-20T20:25:47.111+0800] {dag.py:4180} INFO - Setting next_dagrun for example_bash_decorator to None, run_after=None
[2025-04-20T20:25:47.287+0800] {processor.py:208} INFO - Processing /mnt/c/Users/wu_li/OneDrive/Desktop/Airflow_pract/venv/lib/python3.9/site-packages/airflow/example_dags/example_bash_decorator.py took 0.552 seconds
[2025-04-20T20:27:40.867+0800] {processor.py:186} INFO - Started process (PID=73715) to work on /mnt/c/Users/wu_li/OneDrive/Desktop/Airflow_pract/venv/lib/python3.9/site-packages/airflow/example_dags/example_bash_decorator.py
[2025-04-20T20:27:40.868+0800] {processor.py:914} INFO - Processing file /mnt/c/Users/wu_li/OneDrive/Desktop/Airflow_pract/venv/lib/python3.9/site-packages/airflow/example_dags/example_bash_decorator.py for tasks to queue
[2025-04-20T20:27:40.872+0800] {logging_mixin.py:190} INFO - [2025-04-20T20:27:40.871+0800] {dagbag.py:588} INFO - Filling up the DagBag from /mnt/c/Users/wu_li/OneDrive/Desktop/Airflow_pract/venv/lib/python3.9/site-packages/airflow/example_dags/example_bash_decorator.py
[2025-04-20T20:27:41.037+0800] {processor.py:925} INFO - DAG(s) 'example_bash_decorator' retrieved from /mnt/c/Users/wu_li/OneDrive/Desktop/Airflow_pract/venv/lib/python3.9/site-packages/airflow/example_dags/example_bash_decorator.py
[2025-04-20T20:27:41.084+0800] {logging_mixin.py:190} INFO - [2025-04-20T20:27:41.083+0800] {dag.py:3239} INFO - Sync 1 DAGs
[2025-04-20T20:27:41.102+0800] {logging_mixin.py:190} INFO - [2025-04-20T20:27:41.101+0800] {dag.py:4180} INFO - Setting next_dagrun for example_bash_decorator to None, run_after=None
[2025-04-20T20:27:41.163+0800] {processor.py:208} INFO - Processing /mnt/c/Users/wu_li/OneDrive/Desktop/Airflow_pract/venv/lib/python3.9/site-packages/airflow/example_dags/example_bash_decorator.py took 0.311 seconds
[2025-04-20T20:37:20.069+0800] {processor.py:186} INFO - Started process (PID=77570) to work on /mnt/c/Users/wu_li/OneDrive/Desktop/Airflow_pract/venv/lib/python3.9/site-packages/airflow/example_dags/example_bash_decorator.py
[2025-04-20T20:37:20.071+0800] {processor.py:914} INFO - Processing file /mnt/c/Users/wu_li/OneDrive/Desktop/Airflow_pract/venv/lib/python3.9/site-packages/airflow/example_dags/example_bash_decorator.py for tasks to queue
[2025-04-20T20:37:20.075+0800] {logging_mixin.py:190} INFO - [2025-04-20T20:37:20.074+0800] {dagbag.py:588} INFO - Filling up the DagBag from /mnt/c/Users/wu_li/OneDrive/Desktop/Airflow_pract/venv/lib/python3.9/site-packages/airflow/example_dags/example_bash_decorator.py
[2025-04-20T20:37:20.125+0800] {processor.py:925} INFO - DAG(s) 'example_bash_decorator' retrieved from /mnt/c/Users/wu_li/OneDrive/Desktop/Airflow_pract/venv/lib/python3.9/site-packages/airflow/example_dags/example_bash_decorator.py
[2025-04-20T20:37:20.182+0800] {logging_mixin.py:190} INFO - [2025-04-20T20:37:20.180+0800] {dag.py:3239} INFO - Sync 1 DAGs
[2025-04-20T20:37:20.225+0800] {logging_mixin.py:190} INFO - [2025-04-20T20:37:20.222+0800] {dag.py:4180} INFO - Setting next_dagrun for example_bash_decorator to None, run_after=None
[2025-04-20T20:37:20.356+0800] {processor.py:208} INFO - Processing /mnt/c/Users/wu_li/OneDrive/Desktop/Airflow_pract/venv/lib/python3.9/site-packages/airflow/example_dags/example_bash_decorator.py took 0.310 seconds
[2025-04-20T20:38:52.834+0800] {processor.py:186} INFO - Started process (PID=78728) to work on /mnt/c/Users/wu_li/OneDrive/Desktop/Airflow_pract/venv/lib/python3.9/site-packages/airflow/example_dags/example_bash_decorator.py
[2025-04-20T20:38:52.835+0800] {processor.py:914} INFO - Processing file /mnt/c/Users/wu_li/OneDrive/Desktop/Airflow_pract/venv/lib/python3.9/site-packages/airflow/example_dags/example_bash_decorator.py for tasks to queue
[2025-04-20T20:38:52.840+0800] {logging_mixin.py:190} INFO - [2025-04-20T20:38:52.838+0800] {dagbag.py:588} INFO - Filling up the DagBag from /mnt/c/Users/wu_li/OneDrive/Desktop/Airflow_pract/venv/lib/python3.9/site-packages/airflow/example_dags/example_bash_decorator.py
[2025-04-20T20:38:52.879+0800] {processor.py:925} INFO - DAG(s) 'example_bash_decorator' retrieved from /mnt/c/Users/wu_li/OneDrive/Desktop/Airflow_pract/venv/lib/python3.9/site-packages/airflow/example_dags/example_bash_decorator.py
[2025-04-20T20:38:52.912+0800] {logging_mixin.py:190} INFO - [2025-04-20T20:38:52.911+0800] {dag.py:3239} INFO - Sync 1 DAGs
[2025-04-20T20:38:52.931+0800] {logging_mixin.py:190} INFO - [2025-04-20T20:38:52.930+0800] {dag.py:4180} INFO - Setting next_dagrun for example_bash_decorator to None, run_after=None
[2025-04-20T20:38:53.042+0800] {processor.py:208} INFO - Processing /mnt/c/Users/wu_li/OneDrive/Desktop/Airflow_pract/venv/lib/python3.9/site-packages/airflow/example_dags/example_bash_decorator.py took 0.227 seconds
[2025-04-20T20:40:31.530+0800] {processor.py:186} INFO - Started process (PID=79634) to work on /mnt/c/Users/wu_li/OneDrive/Desktop/Airflow_pract/venv/lib/python3.9/site-packages/airflow/example_dags/example_bash_decorator.py
[2025-04-20T20:40:31.541+0800] {processor.py:914} INFO - Processing file /mnt/c/Users/wu_li/OneDrive/Desktop/Airflow_pract/venv/lib/python3.9/site-packages/airflow/example_dags/example_bash_decorator.py for tasks to queue
[2025-04-20T20:40:31.545+0800] {logging_mixin.py:190} INFO - [2025-04-20T20:40:31.544+0800] {dagbag.py:588} INFO - Filling up the DagBag from /mnt/c/Users/wu_li/OneDrive/Desktop/Airflow_pract/venv/lib/python3.9/site-packages/airflow/example_dags/example_bash_decorator.py
[2025-04-20T20:40:31.627+0800] {processor.py:925} INFO - DAG(s) 'example_bash_decorator' retrieved from /mnt/c/Users/wu_li/OneDrive/Desktop/Airflow_pract/venv/lib/python3.9/site-packages/airflow/example_dags/example_bash_decorator.py
[2025-04-20T20:40:31.721+0800] {logging_mixin.py:190} INFO - [2025-04-20T20:40:31.716+0800] {dag.py:3239} INFO - Sync 1 DAGs
[2025-04-20T20:40:31.739+0800] {logging_mixin.py:190} INFO - [2025-04-20T20:40:31.738+0800] {dag.py:4180} INFO - Setting next_dagrun for example_bash_decorator to None, run_after=None
[2025-04-20T20:40:31.881+0800] {processor.py:208} INFO - Processing /mnt/c/Users/wu_li/OneDrive/Desktop/Airflow_pract/venv/lib/python3.9/site-packages/airflow/example_dags/example_bash_decorator.py took 0.404 seconds
[2025-04-20T20:42:27.854+0800] {processor.py:186} INFO - Started process (PID=80608) to work on /mnt/c/Users/wu_li/OneDrive/Desktop/Airflow_pract/venv/lib/python3.9/site-packages/airflow/example_dags/example_bash_decorator.py
[2025-04-20T20:42:27.858+0800] {processor.py:914} INFO - Processing file /mnt/c/Users/wu_li/OneDrive/Desktop/Airflow_pract/venv/lib/python3.9/site-packages/airflow/example_dags/example_bash_decorator.py for tasks to queue
[2025-04-20T20:42:27.864+0800] {logging_mixin.py:190} INFO - [2025-04-20T20:42:27.862+0800] {dagbag.py:588} INFO - Filling up the DagBag from /mnt/c/Users/wu_li/OneDrive/Desktop/Airflow_pract/venv/lib/python3.9/site-packages/airflow/example_dags/example_bash_decorator.py
[2025-04-20T20:42:27.948+0800] {processor.py:925} INFO - DAG(s) 'example_bash_decorator' retrieved from /mnt/c/Users/wu_li/OneDrive/Desktop/Airflow_pract/venv/lib/python3.9/site-packages/airflow/example_dags/example_bash_decorator.py
[2025-04-20T20:42:28.030+0800] {logging_mixin.py:190} INFO - [2025-04-20T20:42:28.029+0800] {dag.py:3239} INFO - Sync 1 DAGs
[2025-04-20T20:42:28.079+0800] {logging_mixin.py:190} INFO - [2025-04-20T20:42:28.076+0800] {dag.py:4180} INFO - Setting next_dagrun for example_bash_decorator to None, run_after=None
[2025-04-20T20:42:28.199+0800] {processor.py:208} INFO - Processing /mnt/c/Users/wu_li/OneDrive/Desktop/Airflow_pract/venv/lib/python3.9/site-packages/airflow/example_dags/example_bash_decorator.py took 0.367 seconds
[2025-04-20T20:44:06.211+0800] {processor.py:186} INFO - Started process (PID=81694) to work on /mnt/c/Users/wu_li/OneDrive/Desktop/Airflow_pract/venv/lib/python3.9/site-packages/airflow/example_dags/example_bash_decorator.py
[2025-04-20T20:44:06.214+0800] {processor.py:914} INFO - Processing file /mnt/c/Users/wu_li/OneDrive/Desktop/Airflow_pract/venv/lib/python3.9/site-packages/airflow/example_dags/example_bash_decorator.py for tasks to queue
[2025-04-20T20:44:06.218+0800] {logging_mixin.py:190} INFO - [2025-04-20T20:44:06.216+0800] {dagbag.py:588} INFO - Filling up the DagBag from /mnt/c/Users/wu_li/OneDrive/Desktop/Airflow_pract/venv/lib/python3.9/site-packages/airflow/example_dags/example_bash_decorator.py
[2025-04-20T20:44:06.284+0800] {processor.py:925} INFO - DAG(s) 'example_bash_decorator' retrieved from /mnt/c/Users/wu_li/OneDrive/Desktop/Airflow_pract/venv/lib/python3.9/site-packages/airflow/example_dags/example_bash_decorator.py
[2025-04-20T20:44:06.348+0800] {logging_mixin.py:190} INFO - [2025-04-20T20:44:06.347+0800] {dag.py:3239} INFO - Sync 1 DAGs
[2025-04-20T20:44:06.387+0800] {logging_mixin.py:190} INFO - [2025-04-20T20:44:06.385+0800] {dag.py:4180} INFO - Setting next_dagrun for example_bash_decorator to None, run_after=None
[2025-04-20T20:44:06.471+0800] {processor.py:208} INFO - Processing /mnt/c/Users/wu_li/OneDrive/Desktop/Airflow_pract/venv/lib/python3.9/site-packages/airflow/example_dags/example_bash_decorator.py took 0.276 seconds
[2025-04-20T20:45:48.684+0800] {processor.py:186} INFO - Started process (PID=82487) to work on /mnt/c/Users/wu_li/OneDrive/Desktop/Airflow_pract/venv/lib/python3.9/site-packages/airflow/example_dags/example_bash_decorator.py
[2025-04-20T20:45:48.690+0800] {processor.py:914} INFO - Processing file /mnt/c/Users/wu_li/OneDrive/Desktop/Airflow_pract/venv/lib/python3.9/site-packages/airflow/example_dags/example_bash_decorator.py for tasks to queue
[2025-04-20T20:45:48.695+0800] {logging_mixin.py:190} INFO - [2025-04-20T20:45:48.693+0800] {dagbag.py:588} INFO - Filling up the DagBag from /mnt/c/Users/wu_li/OneDrive/Desktop/Airflow_pract/venv/lib/python3.9/site-packages/airflow/example_dags/example_bash_decorator.py
[2025-04-20T20:45:48.764+0800] {processor.py:925} INFO - DAG(s) 'example_bash_decorator' retrieved from /mnt/c/Users/wu_li/OneDrive/Desktop/Airflow_pract/venv/lib/python3.9/site-packages/airflow/example_dags/example_bash_decorator.py
[2025-04-20T20:45:48.810+0800] {logging_mixin.py:190} INFO - [2025-04-20T20:45:48.808+0800] {dag.py:3239} INFO - Sync 1 DAGs
[2025-04-20T20:45:48.829+0800] {logging_mixin.py:190} INFO - [2025-04-20T20:45:48.827+0800] {dag.py:4180} INFO - Setting next_dagrun for example_bash_decorator to None, run_after=None
[2025-04-20T20:45:48.977+0800] {processor.py:208} INFO - Processing /mnt/c/Users/wu_li/OneDrive/Desktop/Airflow_pract/venv/lib/python3.9/site-packages/airflow/example_dags/example_bash_decorator.py took 0.328 seconds
[2025-04-20T20:47:39.013+0800] {processor.py:186} INFO - Started process (PID=83329) to work on /mnt/c/Users/wu_li/OneDrive/Desktop/Airflow_pract/venv/lib/python3.9/site-packages/airflow/example_dags/example_bash_decorator.py
[2025-04-20T20:47:39.015+0800] {processor.py:914} INFO - Processing file /mnt/c/Users/wu_li/OneDrive/Desktop/Airflow_pract/venv/lib/python3.9/site-packages/airflow/example_dags/example_bash_decorator.py for tasks to queue
[2025-04-20T20:47:39.018+0800] {logging_mixin.py:190} INFO - [2025-04-20T20:47:39.017+0800] {dagbag.py:588} INFO - Filling up the DagBag from /mnt/c/Users/wu_li/OneDrive/Desktop/Airflow_pract/venv/lib/python3.9/site-packages/airflow/example_dags/example_bash_decorator.py
[2025-04-20T20:47:39.057+0800] {processor.py:925} INFO - DAG(s) 'example_bash_decorator' retrieved from /mnt/c/Users/wu_li/OneDrive/Desktop/Airflow_pract/venv/lib/python3.9/site-packages/airflow/example_dags/example_bash_decorator.py
[2025-04-20T20:47:39.093+0800] {logging_mixin.py:190} INFO - [2025-04-20T20:47:39.092+0800] {dag.py:3239} INFO - Sync 1 DAGs
[2025-04-20T20:47:39.109+0800] {logging_mixin.py:190} INFO - [2025-04-20T20:47:39.108+0800] {dag.py:4180} INFO - Setting next_dagrun for example_bash_decorator to None, run_after=None
[2025-04-20T20:47:39.177+0800] {processor.py:208} INFO - Processing /mnt/c/Users/wu_li/OneDrive/Desktop/Airflow_pract/venv/lib/python3.9/site-packages/airflow/example_dags/example_bash_decorator.py took 0.176 seconds
[2025-04-20T20:49:23.615+0800] {processor.py:186} INFO - Started process (PID=84369) to work on /mnt/c/Users/wu_li/OneDrive/Desktop/Airflow_pract/venv/lib/python3.9/site-packages/airflow/example_dags/example_bash_decorator.py
[2025-04-20T20:49:23.618+0800] {processor.py:914} INFO - Processing file /mnt/c/Users/wu_li/OneDrive/Desktop/Airflow_pract/venv/lib/python3.9/site-packages/airflow/example_dags/example_bash_decorator.py for tasks to queue
[2025-04-20T20:49:23.633+0800] {logging_mixin.py:190} INFO - [2025-04-20T20:49:23.631+0800] {dagbag.py:588} INFO - Filling up the DagBag from /mnt/c/Users/wu_li/OneDrive/Desktop/Airflow_pract/venv/lib/python3.9/site-packages/airflow/example_dags/example_bash_decorator.py
[2025-04-20T20:49:23.697+0800] {processor.py:925} INFO - DAG(s) 'example_bash_decorator' retrieved from /mnt/c/Users/wu_li/OneDrive/Desktop/Airflow_pract/venv/lib/python3.9/site-packages/airflow/example_dags/example_bash_decorator.py
[2025-04-20T20:49:23.782+0800] {logging_mixin.py:190} INFO - [2025-04-20T20:49:23.781+0800] {dag.py:3239} INFO - Sync 1 DAGs
[2025-04-20T20:49:23.834+0800] {logging_mixin.py:190} INFO - [2025-04-20T20:49:23.831+0800] {dag.py:4180} INFO - Setting next_dagrun for example_bash_decorator to None, run_after=None
[2025-04-20T20:49:23.940+0800] {processor.py:208} INFO - Processing /mnt/c/Users/wu_li/OneDrive/Desktop/Airflow_pract/venv/lib/python3.9/site-packages/airflow/example_dags/example_bash_decorator.py took 0.380 seconds
[2025-04-20T20:51:21.011+0800] {processor.py:186} INFO - Started process (PID=85170) to work on /mnt/c/Users/wu_li/OneDrive/Desktop/Airflow_pract/venv/lib/python3.9/site-packages/airflow/example_dags/example_bash_decorator.py
[2025-04-20T20:51:21.015+0800] {processor.py:914} INFO - Processing file /mnt/c/Users/wu_li/OneDrive/Desktop/Airflow_pract/venv/lib/python3.9/site-packages/airflow/example_dags/example_bash_decorator.py for tasks to queue
[2025-04-20T20:51:21.018+0800] {logging_mixin.py:190} INFO - [2025-04-20T20:51:21.017+0800] {dagbag.py:588} INFO - Filling up the DagBag from /mnt/c/Users/wu_li/OneDrive/Desktop/Airflow_pract/venv/lib/python3.9/site-packages/airflow/example_dags/example_bash_decorator.py
[2025-04-20T20:51:21.053+0800] {processor.py:925} INFO - DAG(s) 'example_bash_decorator' retrieved from /mnt/c/Users/wu_li/OneDrive/Desktop/Airflow_pract/venv/lib/python3.9/site-packages/airflow/example_dags/example_bash_decorator.py
[2025-04-20T20:51:21.089+0800] {logging_mixin.py:190} INFO - [2025-04-20T20:51:21.089+0800] {dag.py:3239} INFO - Sync 1 DAGs
[2025-04-20T20:51:21.104+0800] {logging_mixin.py:190} INFO - [2025-04-20T20:51:21.103+0800] {dag.py:4180} INFO - Setting next_dagrun for example_bash_decorator to None, run_after=None
[2025-04-20T20:51:21.173+0800] {processor.py:208} INFO - Processing /mnt/c/Users/wu_li/OneDrive/Desktop/Airflow_pract/venv/lib/python3.9/site-packages/airflow/example_dags/example_bash_decorator.py took 0.173 seconds
[2025-04-20T20:53:13.859+0800] {processor.py:186} INFO - Started process (PID=86228) to work on /mnt/c/Users/wu_li/OneDrive/Desktop/Airflow_pract/venv/lib/python3.9/site-packages/airflow/example_dags/example_bash_decorator.py
[2025-04-20T20:53:13.861+0800] {processor.py:914} INFO - Processing file /mnt/c/Users/wu_li/OneDrive/Desktop/Airflow_pract/venv/lib/python3.9/site-packages/airflow/example_dags/example_bash_decorator.py for tasks to queue
[2025-04-20T20:53:13.863+0800] {logging_mixin.py:190} INFO - [2025-04-20T20:53:13.862+0800] {dagbag.py:588} INFO - Filling up the DagBag from /mnt/c/Users/wu_li/OneDrive/Desktop/Airflow_pract/venv/lib/python3.9/site-packages/airflow/example_dags/example_bash_decorator.py
[2025-04-20T20:53:13.904+0800] {processor.py:925} INFO - DAG(s) 'example_bash_decorator' retrieved from /mnt/c/Users/wu_li/OneDrive/Desktop/Airflow_pract/venv/lib/python3.9/site-packages/airflow/example_dags/example_bash_decorator.py
[2025-04-20T20:53:13.941+0800] {logging_mixin.py:190} INFO - [2025-04-20T20:53:13.940+0800] {dag.py:3239} INFO - Sync 1 DAGs
[2025-04-20T20:53:13.961+0800] {logging_mixin.py:190} INFO - [2025-04-20T20:53:13.960+0800] {dag.py:4180} INFO - Setting next_dagrun for example_bash_decorator to None, run_after=None
[2025-04-20T20:53:14.049+0800] {processor.py:208} INFO - Processing /mnt/c/Users/wu_li/OneDrive/Desktop/Airflow_pract/venv/lib/python3.9/site-packages/airflow/example_dags/example_bash_decorator.py took 0.204 seconds
[2025-04-20T20:54:40.807+0800] {processor.py:186} INFO - Started process (PID=87192) to work on /mnt/c/Users/wu_li/OneDrive/Desktop/Airflow_pract/venv/lib/python3.9/site-packages/airflow/example_dags/example_bash_decorator.py
[2025-04-20T20:54:40.809+0800] {processor.py:914} INFO - Processing file /mnt/c/Users/wu_li/OneDrive/Desktop/Airflow_pract/venv/lib/python3.9/site-packages/airflow/example_dags/example_bash_decorator.py for tasks to queue
[2025-04-20T20:54:40.812+0800] {logging_mixin.py:190} INFO - [2025-04-20T20:54:40.811+0800] {dagbag.py:588} INFO - Filling up the DagBag from /mnt/c/Users/wu_li/OneDrive/Desktop/Airflow_pract/venv/lib/python3.9/site-packages/airflow/example_dags/example_bash_decorator.py
[2025-04-20T20:54:40.844+0800] {processor.py:925} INFO - DAG(s) 'example_bash_decorator' retrieved from /mnt/c/Users/wu_li/OneDrive/Desktop/Airflow_pract/venv/lib/python3.9/site-packages/airflow/example_dags/example_bash_decorator.py
[2025-04-20T20:54:40.883+0800] {logging_mixin.py:190} INFO - [2025-04-20T20:54:40.882+0800] {dag.py:3239} INFO - Sync 1 DAGs
[2025-04-20T20:54:40.926+0800] {logging_mixin.py:190} INFO - [2025-04-20T20:54:40.925+0800] {dag.py:4180} INFO - Setting next_dagrun for example_bash_decorator to None, run_after=None
[2025-04-20T20:54:40.990+0800] {processor.py:208} INFO - Processing /mnt/c/Users/wu_li/OneDrive/Desktop/Airflow_pract/venv/lib/python3.9/site-packages/airflow/example_dags/example_bash_decorator.py took 0.195 seconds
[2025-04-20T20:56:11.118+0800] {processor.py:186} INFO - Started process (PID=88054) to work on /mnt/c/Users/wu_li/OneDrive/Desktop/Airflow_pract/venv/lib/python3.9/site-packages/airflow/example_dags/example_bash_decorator.py
[2025-04-20T20:56:11.119+0800] {processor.py:914} INFO - Processing file /mnt/c/Users/wu_li/OneDrive/Desktop/Airflow_pract/venv/lib/python3.9/site-packages/airflow/example_dags/example_bash_decorator.py for tasks to queue
[2025-04-20T20:56:11.122+0800] {logging_mixin.py:190} INFO - [2025-04-20T20:56:11.121+0800] {dagbag.py:588} INFO - Filling up the DagBag from /mnt/c/Users/wu_li/OneDrive/Desktop/Airflow_pract/venv/lib/python3.9/site-packages/airflow/example_dags/example_bash_decorator.py
[2025-04-20T20:56:11.166+0800] {processor.py:925} INFO - DAG(s) 'example_bash_decorator' retrieved from /mnt/c/Users/wu_li/OneDrive/Desktop/Airflow_pract/venv/lib/python3.9/site-packages/airflow/example_dags/example_bash_decorator.py
[2025-04-20T20:56:11.200+0800] {logging_mixin.py:190} INFO - [2025-04-20T20:56:11.199+0800] {dag.py:3239} INFO - Sync 1 DAGs
[2025-04-20T20:56:11.235+0800] {logging_mixin.py:190} INFO - [2025-04-20T20:56:11.234+0800] {dag.py:4180} INFO - Setting next_dagrun for example_bash_decorator to None, run_after=None
[2025-04-20T20:56:11.309+0800] {processor.py:208} INFO - Processing /mnt/c/Users/wu_li/OneDrive/Desktop/Airflow_pract/venv/lib/python3.9/site-packages/airflow/example_dags/example_bash_decorator.py took 0.209 seconds
[2025-04-20T20:57:41.128+0800] {processor.py:186} INFO - Started process (PID=89136) to work on /mnt/c/Users/wu_li/OneDrive/Desktop/Airflow_pract/venv/lib/python3.9/site-packages/airflow/example_dags/example_bash_decorator.py
[2025-04-20T20:57:41.130+0800] {processor.py:914} INFO - Processing file /mnt/c/Users/wu_li/OneDrive/Desktop/Airflow_pract/venv/lib/python3.9/site-packages/airflow/example_dags/example_bash_decorator.py for tasks to queue
[2025-04-20T20:57:41.134+0800] {logging_mixin.py:190} INFO - [2025-04-20T20:57:41.133+0800] {dagbag.py:588} INFO - Filling up the DagBag from /mnt/c/Users/wu_li/OneDrive/Desktop/Airflow_pract/venv/lib/python3.9/site-packages/airflow/example_dags/example_bash_decorator.py
[2025-04-20T20:57:41.193+0800] {processor.py:925} INFO - DAG(s) 'example_bash_decorator' retrieved from /mnt/c/Users/wu_li/OneDrive/Desktop/Airflow_pract/venv/lib/python3.9/site-packages/airflow/example_dags/example_bash_decorator.py
[2025-04-20T20:57:41.259+0800] {logging_mixin.py:190} INFO - [2025-04-20T20:57:41.257+0800] {dag.py:3239} INFO - Sync 1 DAGs
[2025-04-20T20:57:41.300+0800] {logging_mixin.py:190} INFO - [2025-04-20T20:57:41.299+0800] {dag.py:4180} INFO - Setting next_dagrun for example_bash_decorator to None, run_after=None
[2025-04-20T20:57:41.407+0800] {processor.py:208} INFO - Processing /mnt/c/Users/wu_li/OneDrive/Desktop/Airflow_pract/venv/lib/python3.9/site-packages/airflow/example_dags/example_bash_decorator.py took 0.300 seconds
[2025-04-20T20:59:11.296+0800] {processor.py:186} INFO - Started process (PID=90146) to work on /mnt/c/Users/wu_li/OneDrive/Desktop/Airflow_pract/venv/lib/python3.9/site-packages/airflow/example_dags/example_bash_decorator.py
[2025-04-20T20:59:11.298+0800] {processor.py:914} INFO - Processing file /mnt/c/Users/wu_li/OneDrive/Desktop/Airflow_pract/venv/lib/python3.9/site-packages/airflow/example_dags/example_bash_decorator.py for tasks to queue
[2025-04-20T20:59:11.300+0800] {logging_mixin.py:190} INFO - [2025-04-20T20:59:11.299+0800] {dagbag.py:588} INFO - Filling up the DagBag from /mnt/c/Users/wu_li/OneDrive/Desktop/Airflow_pract/venv/lib/python3.9/site-packages/airflow/example_dags/example_bash_decorator.py
[2025-04-20T20:59:11.331+0800] {processor.py:925} INFO - DAG(s) 'example_bash_decorator' retrieved from /mnt/c/Users/wu_li/OneDrive/Desktop/Airflow_pract/venv/lib/python3.9/site-packages/airflow/example_dags/example_bash_decorator.py
[2025-04-20T20:59:11.364+0800] {logging_mixin.py:190} INFO - [2025-04-20T20:59:11.363+0800] {dag.py:3239} INFO - Sync 1 DAGs
[2025-04-20T20:59:11.380+0800] {logging_mixin.py:190} INFO - [2025-04-20T20:59:11.379+0800] {dag.py:4180} INFO - Setting next_dagrun for example_bash_decorator to None, run_after=None
[2025-04-20T20:59:11.449+0800] {processor.py:208} INFO - Processing /mnt/c/Users/wu_li/OneDrive/Desktop/Airflow_pract/venv/lib/python3.9/site-packages/airflow/example_dags/example_bash_decorator.py took 0.164 seconds
[2025-04-20T21:00:37.356+0800] {processor.py:186} INFO - Started process (PID=91150) to work on /mnt/c/Users/wu_li/OneDrive/Desktop/Airflow_pract/venv/lib/python3.9/site-packages/airflow/example_dags/example_bash_decorator.py
[2025-04-20T21:00:37.358+0800] {processor.py:914} INFO - Processing file /mnt/c/Users/wu_li/OneDrive/Desktop/Airflow_pract/venv/lib/python3.9/site-packages/airflow/example_dags/example_bash_decorator.py for tasks to queue
[2025-04-20T21:00:37.360+0800] {logging_mixin.py:190} INFO - [2025-04-20T21:00:37.359+0800] {dagbag.py:588} INFO - Filling up the DagBag from /mnt/c/Users/wu_li/OneDrive/Desktop/Airflow_pract/venv/lib/python3.9/site-packages/airflow/example_dags/example_bash_decorator.py
[2025-04-20T21:00:37.389+0800] {processor.py:925} INFO - DAG(s) 'example_bash_decorator' retrieved from /mnt/c/Users/wu_li/OneDrive/Desktop/Airflow_pract/venv/lib/python3.9/site-packages/airflow/example_dags/example_bash_decorator.py
[2025-04-20T21:00:37.415+0800] {logging_mixin.py:190} INFO - [2025-04-20T21:00:37.414+0800] {dag.py:3239} INFO - Sync 1 DAGs
[2025-04-20T21:00:37.428+0800] {logging_mixin.py:190} INFO - [2025-04-20T21:00:37.427+0800] {dag.py:4180} INFO - Setting next_dagrun for example_bash_decorator to None, run_after=None
[2025-04-20T21:00:37.479+0800] {processor.py:208} INFO - Processing /mnt/c/Users/wu_li/OneDrive/Desktop/Airflow_pract/venv/lib/python3.9/site-packages/airflow/example_dags/example_bash_decorator.py took 0.132 seconds
[2025-04-20T21:02:10.155+0800] {processor.py:186} INFO - Started process (PID=92161) to work on /mnt/c/Users/wu_li/OneDrive/Desktop/Airflow_pract/venv/lib/python3.9/site-packages/airflow/example_dags/example_bash_decorator.py
[2025-04-20T21:02:10.156+0800] {processor.py:914} INFO - Processing file /mnt/c/Users/wu_li/OneDrive/Desktop/Airflow_pract/venv/lib/python3.9/site-packages/airflow/example_dags/example_bash_decorator.py for tasks to queue
[2025-04-20T21:02:10.159+0800] {logging_mixin.py:190} INFO - [2025-04-20T21:02:10.158+0800] {dagbag.py:588} INFO - Filling up the DagBag from /mnt/c/Users/wu_li/OneDrive/Desktop/Airflow_pract/venv/lib/python3.9/site-packages/airflow/example_dags/example_bash_decorator.py
[2025-04-20T21:02:10.191+0800] {processor.py:925} INFO - DAG(s) 'example_bash_decorator' retrieved from /mnt/c/Users/wu_li/OneDrive/Desktop/Airflow_pract/venv/lib/python3.9/site-packages/airflow/example_dags/example_bash_decorator.py
[2025-04-20T21:02:10.218+0800] {logging_mixin.py:190} INFO - [2025-04-20T21:02:10.217+0800] {dag.py:3239} INFO - Sync 1 DAGs
[2025-04-20T21:02:10.230+0800] {logging_mixin.py:190} INFO - [2025-04-20T21:02:10.229+0800] {dag.py:4180} INFO - Setting next_dagrun for example_bash_decorator to None, run_after=None
[2025-04-20T21:02:10.282+0800] {processor.py:208} INFO - Processing /mnt/c/Users/wu_li/OneDrive/Desktop/Airflow_pract/venv/lib/python3.9/site-packages/airflow/example_dags/example_bash_decorator.py took 0.138 seconds
[2025-04-20T21:03:36.774+0800] {processor.py:186} INFO - Started process (PID=93236) to work on /mnt/c/Users/wu_li/OneDrive/Desktop/Airflow_pract/venv/lib/python3.9/site-packages/airflow/example_dags/example_bash_decorator.py
[2025-04-20T21:03:36.776+0800] {processor.py:914} INFO - Processing file /mnt/c/Users/wu_li/OneDrive/Desktop/Airflow_pract/venv/lib/python3.9/site-packages/airflow/example_dags/example_bash_decorator.py for tasks to queue
[2025-04-20T21:03:36.781+0800] {logging_mixin.py:190} INFO - [2025-04-20T21:03:36.779+0800] {dagbag.py:588} INFO - Filling up the DagBag from /mnt/c/Users/wu_li/OneDrive/Desktop/Airflow_pract/venv/lib/python3.9/site-packages/airflow/example_dags/example_bash_decorator.py
[2025-04-20T21:03:36.831+0800] {processor.py:925} INFO - DAG(s) 'example_bash_decorator' retrieved from /mnt/c/Users/wu_li/OneDrive/Desktop/Airflow_pract/venv/lib/python3.9/site-packages/airflow/example_dags/example_bash_decorator.py
[2025-04-20T21:03:36.890+0800] {logging_mixin.py:190} INFO - [2025-04-20T21:03:36.889+0800] {dag.py:3239} INFO - Sync 1 DAGs
[2025-04-20T21:03:36.928+0800] {logging_mixin.py:190} INFO - [2025-04-20T21:03:36.926+0800] {dag.py:4180} INFO - Setting next_dagrun for example_bash_decorator to None, run_after=None
[2025-04-20T21:03:37.008+0800] {processor.py:208} INFO - Processing /mnt/c/Users/wu_li/OneDrive/Desktop/Airflow_pract/venv/lib/python3.9/site-packages/airflow/example_dags/example_bash_decorator.py took 0.253 seconds
[2025-04-20T21:05:04.741+0800] {processor.py:186} INFO - Started process (PID=94316) to work on /mnt/c/Users/wu_li/OneDrive/Desktop/Airflow_pract/venv/lib/python3.9/site-packages/airflow/example_dags/example_bash_decorator.py
[2025-04-20T21:05:04.742+0800] {processor.py:914} INFO - Processing file /mnt/c/Users/wu_li/OneDrive/Desktop/Airflow_pract/venv/lib/python3.9/site-packages/airflow/example_dags/example_bash_decorator.py for tasks to queue
[2025-04-20T21:05:04.744+0800] {logging_mixin.py:190} INFO - [2025-04-20T21:05:04.744+0800] {dagbag.py:588} INFO - Filling up the DagBag from /mnt/c/Users/wu_li/OneDrive/Desktop/Airflow_pract/venv/lib/python3.9/site-packages/airflow/example_dags/example_bash_decorator.py
[2025-04-20T21:05:04.781+0800] {processor.py:925} INFO - DAG(s) 'example_bash_decorator' retrieved from /mnt/c/Users/wu_li/OneDrive/Desktop/Airflow_pract/venv/lib/python3.9/site-packages/airflow/example_dags/example_bash_decorator.py
[2025-04-20T21:05:04.844+0800] {logging_mixin.py:190} INFO - [2025-04-20T21:05:04.843+0800] {dag.py:3239} INFO - Sync 1 DAGs
[2025-04-20T21:05:04.881+0800] {logging_mixin.py:190} INFO - [2025-04-20T21:05:04.879+0800] {dag.py:4180} INFO - Setting next_dagrun for example_bash_decorator to None, run_after=None
[2025-04-20T21:05:04.980+0800] {processor.py:208} INFO - Processing /mnt/c/Users/wu_li/OneDrive/Desktop/Airflow_pract/venv/lib/python3.9/site-packages/airflow/example_dags/example_bash_decorator.py took 0.250 seconds
[2025-04-20T21:06:37.602+0800] {processor.py:186} INFO - Started process (PID=95395) to work on /mnt/c/Users/wu_li/OneDrive/Desktop/Airflow_pract/venv/lib/python3.9/site-packages/airflow/example_dags/example_bash_decorator.py
[2025-04-20T21:06:37.605+0800] {processor.py:914} INFO - Processing file /mnt/c/Users/wu_li/OneDrive/Desktop/Airflow_pract/venv/lib/python3.9/site-packages/airflow/example_dags/example_bash_decorator.py for tasks to queue
[2025-04-20T21:06:37.608+0800] {logging_mixin.py:190} INFO - [2025-04-20T21:06:37.607+0800] {dagbag.py:588} INFO - Filling up the DagBag from /mnt/c/Users/wu_li/OneDrive/Desktop/Airflow_pract/venv/lib/python3.9/site-packages/airflow/example_dags/example_bash_decorator.py
[2025-04-20T21:06:37.669+0800] {processor.py:925} INFO - DAG(s) 'example_bash_decorator' retrieved from /mnt/c/Users/wu_li/OneDrive/Desktop/Airflow_pract/venv/lib/python3.9/site-packages/airflow/example_dags/example_bash_decorator.py
[2025-04-20T21:06:37.728+0800] {logging_mixin.py:190} INFO - [2025-04-20T21:06:37.726+0800] {dag.py:3239} INFO - Sync 1 DAGs
[2025-04-20T21:06:37.792+0800] {logging_mixin.py:190} INFO - [2025-04-20T21:06:37.791+0800] {dag.py:4180} INFO - Setting next_dagrun for example_bash_decorator to None, run_after=None
[2025-04-20T21:06:37.887+0800] {processor.py:208} INFO - Processing /mnt/c/Users/wu_li/OneDrive/Desktop/Airflow_pract/venv/lib/python3.9/site-packages/airflow/example_dags/example_bash_decorator.py took 0.309 seconds
[2025-04-20T21:08:09.826+0800] {processor.py:186} INFO - Started process (PID=96519) to work on /mnt/c/Users/wu_li/OneDrive/Desktop/Airflow_pract/venv/lib/python3.9/site-packages/airflow/example_dags/example_bash_decorator.py
[2025-04-20T21:08:09.828+0800] {processor.py:914} INFO - Processing file /mnt/c/Users/wu_li/OneDrive/Desktop/Airflow_pract/venv/lib/python3.9/site-packages/airflow/example_dags/example_bash_decorator.py for tasks to queue
[2025-04-20T21:08:09.830+0800] {logging_mixin.py:190} INFO - [2025-04-20T21:08:09.829+0800] {dagbag.py:588} INFO - Filling up the DagBag from /mnt/c/Users/wu_li/OneDrive/Desktop/Airflow_pract/venv/lib/python3.9/site-packages/airflow/example_dags/example_bash_decorator.py
[2025-04-20T21:08:09.864+0800] {processor.py:925} INFO - DAG(s) 'example_bash_decorator' retrieved from /mnt/c/Users/wu_li/OneDrive/Desktop/Airflow_pract/venv/lib/python3.9/site-packages/airflow/example_dags/example_bash_decorator.py
[2025-04-20T21:08:09.892+0800] {logging_mixin.py:190} INFO - [2025-04-20T21:08:09.891+0800] {dag.py:3239} INFO - Sync 1 DAGs
[2025-04-20T21:08:09.906+0800] {logging_mixin.py:190} INFO - [2025-04-20T21:08:09.905+0800] {dag.py:4180} INFO - Setting next_dagrun for example_bash_decorator to None, run_after=None
[2025-04-20T21:08:09.969+0800] {processor.py:208} INFO - Processing /mnt/c/Users/wu_li/OneDrive/Desktop/Airflow_pract/venv/lib/python3.9/site-packages/airflow/example_dags/example_bash_decorator.py took 0.153 seconds
[2025-04-20T21:09:40.518+0800] {processor.py:186} INFO - Started process (PID=97557) to work on /mnt/c/Users/wu_li/OneDrive/Desktop/Airflow_pract/venv/lib/python3.9/site-packages/airflow/example_dags/example_bash_decorator.py
[2025-04-20T21:09:40.519+0800] {processor.py:914} INFO - Processing file /mnt/c/Users/wu_li/OneDrive/Desktop/Airflow_pract/venv/lib/python3.9/site-packages/airflow/example_dags/example_bash_decorator.py for tasks to queue
[2025-04-20T21:09:40.522+0800] {logging_mixin.py:190} INFO - [2025-04-20T21:09:40.521+0800] {dagbag.py:588} INFO - Filling up the DagBag from /mnt/c/Users/wu_li/OneDrive/Desktop/Airflow_pract/venv/lib/python3.9/site-packages/airflow/example_dags/example_bash_decorator.py
[2025-04-20T21:09:40.552+0800] {processor.py:925} INFO - DAG(s) 'example_bash_decorator' retrieved from /mnt/c/Users/wu_li/OneDrive/Desktop/Airflow_pract/venv/lib/python3.9/site-packages/airflow/example_dags/example_bash_decorator.py
[2025-04-20T21:09:40.581+0800] {logging_mixin.py:190} INFO - [2025-04-20T21:09:40.580+0800] {dag.py:3239} INFO - Sync 1 DAGs
[2025-04-20T21:09:40.595+0800] {logging_mixin.py:190} INFO - [2025-04-20T21:09:40.594+0800] {dag.py:4180} INFO - Setting next_dagrun for example_bash_decorator to None, run_after=None
[2025-04-20T21:09:40.651+0800] {processor.py:208} INFO - Processing /mnt/c/Users/wu_li/OneDrive/Desktop/Airflow_pract/venv/lib/python3.9/site-packages/airflow/example_dags/example_bash_decorator.py took 0.146 seconds
[2025-04-20T21:11:12.227+0800] {processor.py:186} INFO - Started process (PID=98679) to work on /mnt/c/Users/wu_li/OneDrive/Desktop/Airflow_pract/venv/lib/python3.9/site-packages/airflow/example_dags/example_bash_decorator.py
[2025-04-20T21:11:12.228+0800] {processor.py:914} INFO - Processing file /mnt/c/Users/wu_li/OneDrive/Desktop/Airflow_pract/venv/lib/python3.9/site-packages/airflow/example_dags/example_bash_decorator.py for tasks to queue
[2025-04-20T21:11:12.231+0800] {logging_mixin.py:190} INFO - [2025-04-20T21:11:12.230+0800] {dagbag.py:588} INFO - Filling up the DagBag from /mnt/c/Users/wu_li/OneDrive/Desktop/Airflow_pract/venv/lib/python3.9/site-packages/airflow/example_dags/example_bash_decorator.py
[2025-04-20T21:11:12.269+0800] {processor.py:925} INFO - DAG(s) 'example_bash_decorator' retrieved from /mnt/c/Users/wu_li/OneDrive/Desktop/Airflow_pract/venv/lib/python3.9/site-packages/airflow/example_dags/example_bash_decorator.py
[2025-04-20T21:11:12.298+0800] {logging_mixin.py:190} INFO - [2025-04-20T21:11:12.298+0800] {dag.py:3239} INFO - Sync 1 DAGs
[2025-04-20T21:11:12.313+0800] {logging_mixin.py:190} INFO - [2025-04-20T21:11:12.312+0800] {dag.py:4180} INFO - Setting next_dagrun for example_bash_decorator to None, run_after=None
[2025-04-20T21:11:12.378+0800] {processor.py:208} INFO - Processing /mnt/c/Users/wu_li/OneDrive/Desktop/Airflow_pract/venv/lib/python3.9/site-packages/airflow/example_dags/example_bash_decorator.py took 0.164 seconds
[2025-04-20T21:12:44.050+0800] {processor.py:186} INFO - Started process (PID=99792) to work on /mnt/c/Users/wu_li/OneDrive/Desktop/Airflow_pract/venv/lib/python3.9/site-packages/airflow/example_dags/example_bash_decorator.py
[2025-04-20T21:12:44.055+0800] {processor.py:914} INFO - Processing file /mnt/c/Users/wu_li/OneDrive/Desktop/Airflow_pract/venv/lib/python3.9/site-packages/airflow/example_dags/example_bash_decorator.py for tasks to queue
[2025-04-20T21:12:44.059+0800] {logging_mixin.py:190} INFO - [2025-04-20T21:12:44.057+0800] {dagbag.py:588} INFO - Filling up the DagBag from /mnt/c/Users/wu_li/OneDrive/Desktop/Airflow_pract/venv/lib/python3.9/site-packages/airflow/example_dags/example_bash_decorator.py
[2025-04-20T21:12:44.110+0800] {processor.py:925} INFO - DAG(s) 'example_bash_decorator' retrieved from /mnt/c/Users/wu_li/OneDrive/Desktop/Airflow_pract/venv/lib/python3.9/site-packages/airflow/example_dags/example_bash_decorator.py
[2025-04-20T21:12:44.169+0800] {logging_mixin.py:190} INFO - [2025-04-20T21:12:44.168+0800] {dag.py:3239} INFO - Sync 1 DAGs
[2025-04-20T21:12:44.194+0800] {logging_mixin.py:190} INFO - [2025-04-20T21:12:44.192+0800] {dag.py:4180} INFO - Setting next_dagrun for example_bash_decorator to None, run_after=None
[2025-04-20T21:12:44.288+0800] {processor.py:208} INFO - Processing /mnt/c/Users/wu_li/OneDrive/Desktop/Airflow_pract/venv/lib/python3.9/site-packages/airflow/example_dags/example_bash_decorator.py took 0.265 seconds
[2025-04-20T21:14:13.661+0800] {processor.py:186} INFO - Started process (PID=100798) to work on /mnt/c/Users/wu_li/OneDrive/Desktop/Airflow_pract/venv/lib/python3.9/site-packages/airflow/example_dags/example_bash_decorator.py
[2025-04-20T21:14:13.663+0800] {processor.py:914} INFO - Processing file /mnt/c/Users/wu_li/OneDrive/Desktop/Airflow_pract/venv/lib/python3.9/site-packages/airflow/example_dags/example_bash_decorator.py for tasks to queue
[2025-04-20T21:14:13.667+0800] {logging_mixin.py:190} INFO - [2025-04-20T21:14:13.666+0800] {dagbag.py:588} INFO - Filling up the DagBag from /mnt/c/Users/wu_li/OneDrive/Desktop/Airflow_pract/venv/lib/python3.9/site-packages/airflow/example_dags/example_bash_decorator.py
[2025-04-20T21:14:13.731+0800] {processor.py:925} INFO - DAG(s) 'example_bash_decorator' retrieved from /mnt/c/Users/wu_li/OneDrive/Desktop/Airflow_pract/venv/lib/python3.9/site-packages/airflow/example_dags/example_bash_decorator.py
[2025-04-20T21:14:13.792+0800] {logging_mixin.py:190} INFO - [2025-04-20T21:14:13.790+0800] {dag.py:3239} INFO - Sync 1 DAGs
[2025-04-20T21:14:13.836+0800] {logging_mixin.py:190} INFO - [2025-04-20T21:14:13.834+0800] {dag.py:4180} INFO - Setting next_dagrun for example_bash_decorator to None, run_after=None
[2025-04-20T21:14:13.927+0800] {processor.py:208} INFO - Processing /mnt/c/Users/wu_li/OneDrive/Desktop/Airflow_pract/venv/lib/python3.9/site-packages/airflow/example_dags/example_bash_decorator.py took 0.284 seconds
[2025-04-20T21:15:42.991+0800] {processor.py:186} INFO - Started process (PID=101808) to work on /mnt/c/Users/wu_li/OneDrive/Desktop/Airflow_pract/venv/lib/python3.9/site-packages/airflow/example_dags/example_bash_decorator.py
[2025-04-20T21:15:42.992+0800] {processor.py:914} INFO - Processing file /mnt/c/Users/wu_li/OneDrive/Desktop/Airflow_pract/venv/lib/python3.9/site-packages/airflow/example_dags/example_bash_decorator.py for tasks to queue
[2025-04-20T21:15:42.995+0800] {logging_mixin.py:190} INFO - [2025-04-20T21:15:42.994+0800] {dagbag.py:588} INFO - Filling up the DagBag from /mnt/c/Users/wu_li/OneDrive/Desktop/Airflow_pract/venv/lib/python3.9/site-packages/airflow/example_dags/example_bash_decorator.py
[2025-04-20T21:15:43.024+0800] {processor.py:925} INFO - DAG(s) 'example_bash_decorator' retrieved from /mnt/c/Users/wu_li/OneDrive/Desktop/Airflow_pract/venv/lib/python3.9/site-packages/airflow/example_dags/example_bash_decorator.py
[2025-04-20T21:15:43.051+0800] {logging_mixin.py:190} INFO - [2025-04-20T21:15:43.050+0800] {dag.py:3239} INFO - Sync 1 DAGs
[2025-04-20T21:15:43.065+0800] {logging_mixin.py:190} INFO - [2025-04-20T21:15:43.064+0800] {dag.py:4180} INFO - Setting next_dagrun for example_bash_decorator to None, run_after=None
[2025-04-20T21:15:43.114+0800] {processor.py:208} INFO - Processing /mnt/c/Users/wu_li/OneDrive/Desktop/Airflow_pract/venv/lib/python3.9/site-packages/airflow/example_dags/example_bash_decorator.py took 0.134 seconds
[2025-04-20T21:17:13.137+0800] {processor.py:186} INFO - Started process (PID=102891) to work on /mnt/c/Users/wu_li/OneDrive/Desktop/Airflow_pract/venv/lib/python3.9/site-packages/airflow/example_dags/example_bash_decorator.py
[2025-04-20T21:17:13.143+0800] {processor.py:914} INFO - Processing file /mnt/c/Users/wu_li/OneDrive/Desktop/Airflow_pract/venv/lib/python3.9/site-packages/airflow/example_dags/example_bash_decorator.py for tasks to queue
[2025-04-20T21:17:13.156+0800] {logging_mixin.py:190} INFO - [2025-04-20T21:17:13.147+0800] {dagbag.py:588} INFO - Filling up the DagBag from /mnt/c/Users/wu_li/OneDrive/Desktop/Airflow_pract/venv/lib/python3.9/site-packages/airflow/example_dags/example_bash_decorator.py
[2025-04-20T21:17:13.217+0800] {processor.py:925} INFO - DAG(s) 'example_bash_decorator' retrieved from /mnt/c/Users/wu_li/OneDrive/Desktop/Airflow_pract/venv/lib/python3.9/site-packages/airflow/example_dags/example_bash_decorator.py
[2025-04-20T21:17:13.275+0800] {logging_mixin.py:190} INFO - [2025-04-20T21:17:13.274+0800] {dag.py:3239} INFO - Sync 1 DAGs
[2025-04-20T21:17:13.314+0800] {logging_mixin.py:190} INFO - [2025-04-20T21:17:13.313+0800] {dag.py:4180} INFO - Setting next_dagrun for example_bash_decorator to None, run_after=None
[2025-04-20T21:17:13.418+0800] {processor.py:208} INFO - Processing /mnt/c/Users/wu_li/OneDrive/Desktop/Airflow_pract/venv/lib/python3.9/site-packages/airflow/example_dags/example_bash_decorator.py took 0.309 seconds
[2025-04-20T21:18:38.955+0800] {processor.py:186} INFO - Started process (PID=103895) to work on /mnt/c/Users/wu_li/OneDrive/Desktop/Airflow_pract/venv/lib/python3.9/site-packages/airflow/example_dags/example_bash_decorator.py
[2025-04-20T21:18:38.958+0800] {processor.py:914} INFO - Processing file /mnt/c/Users/wu_li/OneDrive/Desktop/Airflow_pract/venv/lib/python3.9/site-packages/airflow/example_dags/example_bash_decorator.py for tasks to queue
[2025-04-20T21:18:38.963+0800] {logging_mixin.py:190} INFO - [2025-04-20T21:18:38.962+0800] {dagbag.py:588} INFO - Filling up the DagBag from /mnt/c/Users/wu_li/OneDrive/Desktop/Airflow_pract/venv/lib/python3.9/site-packages/airflow/example_dags/example_bash_decorator.py
[2025-04-20T21:18:39.026+0800] {processor.py:925} INFO - DAG(s) 'example_bash_decorator' retrieved from /mnt/c/Users/wu_li/OneDrive/Desktop/Airflow_pract/venv/lib/python3.9/site-packages/airflow/example_dags/example_bash_decorator.py
[2025-04-20T21:18:39.096+0800] {logging_mixin.py:190} INFO - [2025-04-20T21:18:39.095+0800] {dag.py:3239} INFO - Sync 1 DAGs
[2025-04-20T21:18:39.120+0800] {logging_mixin.py:190} INFO - [2025-04-20T21:18:39.118+0800] {dag.py:4180} INFO - Setting next_dagrun for example_bash_decorator to None, run_after=None
[2025-04-20T21:18:39.210+0800] {processor.py:208} INFO - Processing /mnt/c/Users/wu_li/OneDrive/Desktop/Airflow_pract/venv/lib/python3.9/site-packages/airflow/example_dags/example_bash_decorator.py took 0.273 seconds
[2025-04-20T21:20:08.624+0800] {processor.py:186} INFO - Started process (PID=104902) to work on /mnt/c/Users/wu_li/OneDrive/Desktop/Airflow_pract/venv/lib/python3.9/site-packages/airflow/example_dags/example_bash_decorator.py
[2025-04-20T21:20:08.626+0800] {processor.py:914} INFO - Processing file /mnt/c/Users/wu_li/OneDrive/Desktop/Airflow_pract/venv/lib/python3.9/site-packages/airflow/example_dags/example_bash_decorator.py for tasks to queue
[2025-04-20T21:20:08.629+0800] {logging_mixin.py:190} INFO - [2025-04-20T21:20:08.628+0800] {dagbag.py:588} INFO - Filling up the DagBag from /mnt/c/Users/wu_li/OneDrive/Desktop/Airflow_pract/venv/lib/python3.9/site-packages/airflow/example_dags/example_bash_decorator.py
[2025-04-20T21:20:08.662+0800] {processor.py:925} INFO - DAG(s) 'example_bash_decorator' retrieved from /mnt/c/Users/wu_li/OneDrive/Desktop/Airflow_pract/venv/lib/python3.9/site-packages/airflow/example_dags/example_bash_decorator.py
[2025-04-20T21:20:08.697+0800] {logging_mixin.py:190} INFO - [2025-04-20T21:20:08.696+0800] {dag.py:3239} INFO - Sync 1 DAGs
[2025-04-20T21:20:08.710+0800] {logging_mixin.py:190} INFO - [2025-04-20T21:20:08.710+0800] {dag.py:4180} INFO - Setting next_dagrun for example_bash_decorator to None, run_after=None
[2025-04-20T21:20:08.765+0800] {processor.py:208} INFO - Processing /mnt/c/Users/wu_li/OneDrive/Desktop/Airflow_pract/venv/lib/python3.9/site-packages/airflow/example_dags/example_bash_decorator.py took 0.152 seconds
[2025-04-20T21:21:40.676+0800] {processor.py:186} INFO - Started process (PID=105984) to work on /mnt/c/Users/wu_li/OneDrive/Desktop/Airflow_pract/venv/lib/python3.9/site-packages/airflow/example_dags/example_bash_decorator.py
[2025-04-20T21:21:40.677+0800] {processor.py:914} INFO - Processing file /mnt/c/Users/wu_li/OneDrive/Desktop/Airflow_pract/venv/lib/python3.9/site-packages/airflow/example_dags/example_bash_decorator.py for tasks to queue
[2025-04-20T21:21:40.680+0800] {logging_mixin.py:190} INFO - [2025-04-20T21:21:40.679+0800] {dagbag.py:588} INFO - Filling up the DagBag from /mnt/c/Users/wu_li/OneDrive/Desktop/Airflow_pract/venv/lib/python3.9/site-packages/airflow/example_dags/example_bash_decorator.py
[2025-04-20T21:21:40.709+0800] {processor.py:925} INFO - DAG(s) 'example_bash_decorator' retrieved from /mnt/c/Users/wu_li/OneDrive/Desktop/Airflow_pract/venv/lib/python3.9/site-packages/airflow/example_dags/example_bash_decorator.py
[2025-04-20T21:21:40.739+0800] {logging_mixin.py:190} INFO - [2025-04-20T21:21:40.738+0800] {dag.py:3239} INFO - Sync 1 DAGs
[2025-04-20T21:21:40.753+0800] {logging_mixin.py:190} INFO - [2025-04-20T21:21:40.752+0800] {dag.py:4180} INFO - Setting next_dagrun for example_bash_decorator to None, run_after=None
[2025-04-20T21:21:40.809+0800] {processor.py:208} INFO - Processing /mnt/c/Users/wu_li/OneDrive/Desktop/Airflow_pract/venv/lib/python3.9/site-packages/airflow/example_dags/example_bash_decorator.py took 0.146 seconds
[2025-04-20T21:23:13.713+0800] {processor.py:186} INFO - Started process (PID=106991) to work on /mnt/c/Users/wu_li/OneDrive/Desktop/Airflow_pract/venv/lib/python3.9/site-packages/airflow/example_dags/example_bash_decorator.py
[2025-04-20T21:23:13.716+0800] {processor.py:914} INFO - Processing file /mnt/c/Users/wu_li/OneDrive/Desktop/Airflow_pract/venv/lib/python3.9/site-packages/airflow/example_dags/example_bash_decorator.py for tasks to queue
[2025-04-20T21:23:13.724+0800] {logging_mixin.py:190} INFO - [2025-04-20T21:23:13.722+0800] {dagbag.py:588} INFO - Filling up the DagBag from /mnt/c/Users/wu_li/OneDrive/Desktop/Airflow_pract/venv/lib/python3.9/site-packages/airflow/example_dags/example_bash_decorator.py
[2025-04-20T21:23:13.779+0800] {processor.py:925} INFO - DAG(s) 'example_bash_decorator' retrieved from /mnt/c/Users/wu_li/OneDrive/Desktop/Airflow_pract/venv/lib/python3.9/site-packages/airflow/example_dags/example_bash_decorator.py
[2025-04-20T21:23:13.840+0800] {logging_mixin.py:190} INFO - [2025-04-20T21:23:13.838+0800] {dag.py:3239} INFO - Sync 1 DAGs
[2025-04-20T21:23:13.877+0800] {logging_mixin.py:190} INFO - [2025-04-20T21:23:13.875+0800] {dag.py:4180} INFO - Setting next_dagrun for example_bash_decorator to None, run_after=None
[2025-04-20T21:23:13.975+0800] {processor.py:208} INFO - Processing /mnt/c/Users/wu_li/OneDrive/Desktop/Airflow_pract/venv/lib/python3.9/site-packages/airflow/example_dags/example_bash_decorator.py took 0.281 seconds
[2025-04-20T21:24:43.043+0800] {processor.py:186} INFO - Started process (PID=107998) to work on /mnt/c/Users/wu_li/OneDrive/Desktop/Airflow_pract/venv/lib/python3.9/site-packages/airflow/example_dags/example_bash_decorator.py
[2025-04-20T21:24:43.045+0800] {processor.py:914} INFO - Processing file /mnt/c/Users/wu_li/OneDrive/Desktop/Airflow_pract/venv/lib/python3.9/site-packages/airflow/example_dags/example_bash_decorator.py for tasks to queue
[2025-04-20T21:24:43.048+0800] {logging_mixin.py:190} INFO - [2025-04-20T21:24:43.047+0800] {dagbag.py:588} INFO - Filling up the DagBag from /mnt/c/Users/wu_li/OneDrive/Desktop/Airflow_pract/venv/lib/python3.9/site-packages/airflow/example_dags/example_bash_decorator.py
[2025-04-20T21:24:43.087+0800] {processor.py:925} INFO - DAG(s) 'example_bash_decorator' retrieved from /mnt/c/Users/wu_li/OneDrive/Desktop/Airflow_pract/venv/lib/python3.9/site-packages/airflow/example_dags/example_bash_decorator.py
[2025-04-20T21:24:43.117+0800] {logging_mixin.py:190} INFO - [2025-04-20T21:24:43.117+0800] {dag.py:3239} INFO - Sync 1 DAGs
[2025-04-20T21:24:43.131+0800] {logging_mixin.py:190} INFO - [2025-04-20T21:24:43.130+0800] {dag.py:4180} INFO - Setting next_dagrun for example_bash_decorator to None, run_after=None
[2025-04-20T21:24:43.194+0800] {processor.py:208} INFO - Processing /mnt/c/Users/wu_li/OneDrive/Desktop/Airflow_pract/venv/lib/python3.9/site-packages/airflow/example_dags/example_bash_decorator.py took 0.163 seconds
[2025-04-20T21:26:14.711+0800] {processor.py:186} INFO - Started process (PID=109077) to work on /mnt/c/Users/wu_li/OneDrive/Desktop/Airflow_pract/venv/lib/python3.9/site-packages/airflow/example_dags/example_bash_decorator.py
[2025-04-20T21:26:14.714+0800] {processor.py:914} INFO - Processing file /mnt/c/Users/wu_li/OneDrive/Desktop/Airflow_pract/venv/lib/python3.9/site-packages/airflow/example_dags/example_bash_decorator.py for tasks to queue
[2025-04-20T21:26:14.718+0800] {logging_mixin.py:190} INFO - [2025-04-20T21:26:14.716+0800] {dagbag.py:588} INFO - Filling up the DagBag from /mnt/c/Users/wu_li/OneDrive/Desktop/Airflow_pract/venv/lib/python3.9/site-packages/airflow/example_dags/example_bash_decorator.py
[2025-04-20T21:26:14.777+0800] {processor.py:925} INFO - DAG(s) 'example_bash_decorator' retrieved from /mnt/c/Users/wu_li/OneDrive/Desktop/Airflow_pract/venv/lib/python3.9/site-packages/airflow/example_dags/example_bash_decorator.py
[2025-04-20T21:26:14.854+0800] {logging_mixin.py:190} INFO - [2025-04-20T21:26:14.847+0800] {dag.py:3239} INFO - Sync 1 DAGs
[2025-04-20T21:26:14.890+0800] {logging_mixin.py:190} INFO - [2025-04-20T21:26:14.887+0800] {dag.py:4180} INFO - Setting next_dagrun for example_bash_decorator to None, run_after=None
[2025-04-20T21:26:14.977+0800] {processor.py:208} INFO - Processing /mnt/c/Users/wu_li/OneDrive/Desktop/Airflow_pract/venv/lib/python3.9/site-packages/airflow/example_dags/example_bash_decorator.py took 0.287 seconds
[2025-04-20T21:27:43.574+0800] {processor.py:186} INFO - Started process (PID=110084) to work on /mnt/c/Users/wu_li/OneDrive/Desktop/Airflow_pract/venv/lib/python3.9/site-packages/airflow/example_dags/example_bash_decorator.py
[2025-04-20T21:27:43.577+0800] {processor.py:914} INFO - Processing file /mnt/c/Users/wu_li/OneDrive/Desktop/Airflow_pract/venv/lib/python3.9/site-packages/airflow/example_dags/example_bash_decorator.py for tasks to queue
[2025-04-20T21:27:43.581+0800] {logging_mixin.py:190} INFO - [2025-04-20T21:27:43.580+0800] {dagbag.py:588} INFO - Filling up the DagBag from /mnt/c/Users/wu_li/OneDrive/Desktop/Airflow_pract/venv/lib/python3.9/site-packages/airflow/example_dags/example_bash_decorator.py
[2025-04-20T21:27:43.638+0800] {processor.py:925} INFO - DAG(s) 'example_bash_decorator' retrieved from /mnt/c/Users/wu_li/OneDrive/Desktop/Airflow_pract/venv/lib/python3.9/site-packages/airflow/example_dags/example_bash_decorator.py
[2025-04-20T21:27:43.700+0800] {logging_mixin.py:190} INFO - [2025-04-20T21:27:43.698+0800] {dag.py:3239} INFO - Sync 1 DAGs
[2025-04-20T21:27:43.736+0800] {logging_mixin.py:190} INFO - [2025-04-20T21:27:43.735+0800] {dag.py:4180} INFO - Setting next_dagrun for example_bash_decorator to None, run_after=None
[2025-04-20T21:27:43.829+0800] {processor.py:208} INFO - Processing /mnt/c/Users/wu_li/OneDrive/Desktop/Airflow_pract/venv/lib/python3.9/site-packages/airflow/example_dags/example_bash_decorator.py took 0.272 seconds
[2025-04-20T21:29:16.777+0800] {processor.py:186} INFO - Started process (PID=111166) to work on /mnt/c/Users/wu_li/OneDrive/Desktop/Airflow_pract/venv/lib/python3.9/site-packages/airflow/example_dags/example_bash_decorator.py
[2025-04-20T21:29:16.780+0800] {processor.py:914} INFO - Processing file /mnt/c/Users/wu_li/OneDrive/Desktop/Airflow_pract/venv/lib/python3.9/site-packages/airflow/example_dags/example_bash_decorator.py for tasks to queue
[2025-04-20T21:29:16.784+0800] {logging_mixin.py:190} INFO - [2025-04-20T21:29:16.782+0800] {dagbag.py:588} INFO - Filling up the DagBag from /mnt/c/Users/wu_li/OneDrive/Desktop/Airflow_pract/venv/lib/python3.9/site-packages/airflow/example_dags/example_bash_decorator.py
[2025-04-20T21:29:16.838+0800] {processor.py:925} INFO - DAG(s) 'example_bash_decorator' retrieved from /mnt/c/Users/wu_li/OneDrive/Desktop/Airflow_pract/venv/lib/python3.9/site-packages/airflow/example_dags/example_bash_decorator.py
[2025-04-20T21:29:16.897+0800] {logging_mixin.py:190} INFO - [2025-04-20T21:29:16.896+0800] {dag.py:3239} INFO - Sync 1 DAGs
[2025-04-20T21:29:16.928+0800] {logging_mixin.py:190} INFO - [2025-04-20T21:29:16.927+0800] {dag.py:4180} INFO - Setting next_dagrun for example_bash_decorator to None, run_after=None
[2025-04-20T21:29:17.034+0800] {processor.py:208} INFO - Processing /mnt/c/Users/wu_li/OneDrive/Desktop/Airflow_pract/venv/lib/python3.9/site-packages/airflow/example_dags/example_bash_decorator.py took 0.277 seconds
[2025-04-20T21:30:46.924+0800] {processor.py:186} INFO - Started process (PID=112245) to work on /mnt/c/Users/wu_li/OneDrive/Desktop/Airflow_pract/venv/lib/python3.9/site-packages/airflow/example_dags/example_bash_decorator.py
[2025-04-20T21:30:46.926+0800] {processor.py:914} INFO - Processing file /mnt/c/Users/wu_li/OneDrive/Desktop/Airflow_pract/venv/lib/python3.9/site-packages/airflow/example_dags/example_bash_decorator.py for tasks to queue
[2025-04-20T21:30:46.930+0800] {logging_mixin.py:190} INFO - [2025-04-20T21:30:46.929+0800] {dagbag.py:588} INFO - Filling up the DagBag from /mnt/c/Users/wu_li/OneDrive/Desktop/Airflow_pract/venv/lib/python3.9/site-packages/airflow/example_dags/example_bash_decorator.py
[2025-04-20T21:30:46.983+0800] {processor.py:925} INFO - DAG(s) 'example_bash_decorator' retrieved from /mnt/c/Users/wu_li/OneDrive/Desktop/Airflow_pract/venv/lib/python3.9/site-packages/airflow/example_dags/example_bash_decorator.py
[2025-04-20T21:30:47.043+0800] {logging_mixin.py:190} INFO - [2025-04-20T21:30:47.042+0800] {dag.py:3239} INFO - Sync 1 DAGs
[2025-04-20T21:30:47.086+0800] {logging_mixin.py:190} INFO - [2025-04-20T21:30:47.081+0800] {dag.py:4180} INFO - Setting next_dagrun for example_bash_decorator to None, run_after=None
[2025-04-20T21:30:47.172+0800] {processor.py:208} INFO - Processing /mnt/c/Users/wu_li/OneDrive/Desktop/Airflow_pract/venv/lib/python3.9/site-packages/airflow/example_dags/example_bash_decorator.py took 0.266 seconds
[2025-04-20T21:32:19.875+0800] {processor.py:186} INFO - Started process (PID=113256) to work on /mnt/c/Users/wu_li/OneDrive/Desktop/Airflow_pract/venv/lib/python3.9/site-packages/airflow/example_dags/example_bash_decorator.py
[2025-04-20T21:32:19.876+0800] {processor.py:914} INFO - Processing file /mnt/c/Users/wu_li/OneDrive/Desktop/Airflow_pract/venv/lib/python3.9/site-packages/airflow/example_dags/example_bash_decorator.py for tasks to queue
[2025-04-20T21:32:19.879+0800] {logging_mixin.py:190} INFO - [2025-04-20T21:32:19.878+0800] {dagbag.py:588} INFO - Filling up the DagBag from /mnt/c/Users/wu_li/OneDrive/Desktop/Airflow_pract/venv/lib/python3.9/site-packages/airflow/example_dags/example_bash_decorator.py
[2025-04-20T21:32:19.910+0800] {processor.py:925} INFO - DAG(s) 'example_bash_decorator' retrieved from /mnt/c/Users/wu_li/OneDrive/Desktop/Airflow_pract/venv/lib/python3.9/site-packages/airflow/example_dags/example_bash_decorator.py
[2025-04-20T21:32:19.941+0800] {logging_mixin.py:190} INFO - [2025-04-20T21:32:19.940+0800] {dag.py:3239} INFO - Sync 1 DAGs
[2025-04-20T21:32:19.955+0800] {logging_mixin.py:190} INFO - [2025-04-20T21:32:19.954+0800] {dag.py:4180} INFO - Setting next_dagrun for example_bash_decorator to None, run_after=None
[2025-04-20T21:32:20.017+0800] {processor.py:208} INFO - Processing /mnt/c/Users/wu_li/OneDrive/Desktop/Airflow_pract/venv/lib/python3.9/site-packages/airflow/example_dags/example_bash_decorator.py took 0.155 seconds
[2025-04-20T21:33:47.828+0800] {processor.py:186} INFO - Started process (PID=114303) to work on /mnt/c/Users/wu_li/OneDrive/Desktop/Airflow_pract/venv/lib/python3.9/site-packages/airflow/example_dags/example_bash_decorator.py
[2025-04-20T21:33:47.830+0800] {processor.py:914} INFO - Processing file /mnt/c/Users/wu_li/OneDrive/Desktop/Airflow_pract/venv/lib/python3.9/site-packages/airflow/example_dags/example_bash_decorator.py for tasks to queue
[2025-04-20T21:33:47.832+0800] {logging_mixin.py:190} INFO - [2025-04-20T21:33:47.832+0800] {dagbag.py:588} INFO - Filling up the DagBag from /mnt/c/Users/wu_li/OneDrive/Desktop/Airflow_pract/venv/lib/python3.9/site-packages/airflow/example_dags/example_bash_decorator.py
[2025-04-20T21:33:47.869+0800] {processor.py:925} INFO - DAG(s) 'example_bash_decorator' retrieved from /mnt/c/Users/wu_li/OneDrive/Desktop/Airflow_pract/venv/lib/python3.9/site-packages/airflow/example_dags/example_bash_decorator.py
[2025-04-20T21:33:47.902+0800] {logging_mixin.py:190} INFO - [2025-04-20T21:33:47.901+0800] {dag.py:3239} INFO - Sync 1 DAGs
[2025-04-20T21:33:47.918+0800] {logging_mixin.py:190} INFO - [2025-04-20T21:33:47.916+0800] {dag.py:4180} INFO - Setting next_dagrun for example_bash_decorator to None, run_after=None
[2025-04-20T21:33:47.981+0800] {processor.py:208} INFO - Processing /mnt/c/Users/wu_li/OneDrive/Desktop/Airflow_pract/venv/lib/python3.9/site-packages/airflow/example_dags/example_bash_decorator.py took 0.164 seconds
[2025-04-20T21:35:25.105+0800] {processor.py:186} INFO - Started process (PID=115416) to work on /mnt/c/Users/wu_li/OneDrive/Desktop/Airflow_pract/venv/lib/python3.9/site-packages/airflow/example_dags/example_bash_decorator.py
[2025-04-20T21:35:25.106+0800] {processor.py:914} INFO - Processing file /mnt/c/Users/wu_li/OneDrive/Desktop/Airflow_pract/venv/lib/python3.9/site-packages/airflow/example_dags/example_bash_decorator.py for tasks to queue
[2025-04-20T21:35:25.109+0800] {logging_mixin.py:190} INFO - [2025-04-20T21:35:25.108+0800] {dagbag.py:588} INFO - Filling up the DagBag from /mnt/c/Users/wu_li/OneDrive/Desktop/Airflow_pract/venv/lib/python3.9/site-packages/airflow/example_dags/example_bash_decorator.py
[2025-04-20T21:35:25.141+0800] {processor.py:925} INFO - DAG(s) 'example_bash_decorator' retrieved from /mnt/c/Users/wu_li/OneDrive/Desktop/Airflow_pract/venv/lib/python3.9/site-packages/airflow/example_dags/example_bash_decorator.py
[2025-04-20T21:35:25.171+0800] {logging_mixin.py:190} INFO - [2025-04-20T21:35:25.171+0800] {dag.py:3239} INFO - Sync 1 DAGs
[2025-04-20T21:35:25.186+0800] {logging_mixin.py:190} INFO - [2025-04-20T21:35:25.185+0800] {dag.py:4180} INFO - Setting next_dagrun for example_bash_decorator to None, run_after=None
[2025-04-20T21:35:25.239+0800] {processor.py:208} INFO - Processing /mnt/c/Users/wu_li/OneDrive/Desktop/Airflow_pract/venv/lib/python3.9/site-packages/airflow/example_dags/example_bash_decorator.py took 0.145 seconds
[2025-04-20T21:37:03.530+0800] {processor.py:186} INFO - Started process (PID=116640) to work on /mnt/c/Users/wu_li/OneDrive/Desktop/Airflow_pract/venv/lib/python3.9/site-packages/airflow/example_dags/example_bash_decorator.py
[2025-04-20T21:37:03.536+0800] {processor.py:914} INFO - Processing file /mnt/c/Users/wu_li/OneDrive/Desktop/Airflow_pract/venv/lib/python3.9/site-packages/airflow/example_dags/example_bash_decorator.py for tasks to queue
[2025-04-20T21:37:03.540+0800] {logging_mixin.py:190} INFO - [2025-04-20T21:37:03.539+0800] {dagbag.py:588} INFO - Filling up the DagBag from /mnt/c/Users/wu_li/OneDrive/Desktop/Airflow_pract/venv/lib/python3.9/site-packages/airflow/example_dags/example_bash_decorator.py
[2025-04-20T21:37:03.597+0800] {processor.py:925} INFO - DAG(s) 'example_bash_decorator' retrieved from /mnt/c/Users/wu_li/OneDrive/Desktop/Airflow_pract/venv/lib/python3.9/site-packages/airflow/example_dags/example_bash_decorator.py
[2025-04-20T21:37:03.662+0800] {logging_mixin.py:190} INFO - [2025-04-20T21:37:03.661+0800] {dag.py:3239} INFO - Sync 1 DAGs
[2025-04-20T21:37:03.702+0800] {logging_mixin.py:190} INFO - [2025-04-20T21:37:03.699+0800] {dag.py:4180} INFO - Setting next_dagrun for example_bash_decorator to None, run_after=None
[2025-04-20T21:37:03.791+0800] {processor.py:208} INFO - Processing /mnt/c/Users/wu_li/OneDrive/Desktop/Airflow_pract/venv/lib/python3.9/site-packages/airflow/example_dags/example_bash_decorator.py took 0.283 seconds
[2025-04-20T21:38:53.292+0800] {processor.py:186} INFO - Started process (PID=117622) to work on /mnt/c/Users/wu_li/OneDrive/Desktop/Airflow_pract/venv/lib/python3.9/site-packages/airflow/example_dags/example_bash_decorator.py
[2025-04-20T21:38:53.294+0800] {processor.py:914} INFO - Processing file /mnt/c/Users/wu_li/OneDrive/Desktop/Airflow_pract/venv/lib/python3.9/site-packages/airflow/example_dags/example_bash_decorator.py for tasks to queue
[2025-04-20T21:38:53.297+0800] {logging_mixin.py:190} INFO - [2025-04-20T21:38:53.296+0800] {dagbag.py:588} INFO - Filling up the DagBag from /mnt/c/Users/wu_li/OneDrive/Desktop/Airflow_pract/venv/lib/python3.9/site-packages/airflow/example_dags/example_bash_decorator.py
[2025-04-20T21:38:53.346+0800] {processor.py:925} INFO - DAG(s) 'example_bash_decorator' retrieved from /mnt/c/Users/wu_li/OneDrive/Desktop/Airflow_pract/venv/lib/python3.9/site-packages/airflow/example_dags/example_bash_decorator.py
[2025-04-20T21:38:53.412+0800] {logging_mixin.py:190} INFO - [2025-04-20T21:38:53.411+0800] {dag.py:3239} INFO - Sync 1 DAGs
[2025-04-20T21:38:53.457+0800] {logging_mixin.py:190} INFO - [2025-04-20T21:38:53.456+0800] {dag.py:4180} INFO - Setting next_dagrun for example_bash_decorator to None, run_after=None
[2025-04-20T21:38:53.547+0800] {processor.py:208} INFO - Processing /mnt/c/Users/wu_li/OneDrive/Desktop/Airflow_pract/venv/lib/python3.9/site-packages/airflow/example_dags/example_bash_decorator.py took 0.276 seconds
[2025-04-20T21:40:21.851+0800] {processor.py:186} INFO - Started process (PID=118502) to work on /mnt/c/Users/wu_li/OneDrive/Desktop/Airflow_pract/venv/lib/python3.9/site-packages/airflow/example_dags/example_bash_decorator.py
[2025-04-20T21:40:21.853+0800] {processor.py:914} INFO - Processing file /mnt/c/Users/wu_li/OneDrive/Desktop/Airflow_pract/venv/lib/python3.9/site-packages/airflow/example_dags/example_bash_decorator.py for tasks to queue
[2025-04-20T21:40:21.861+0800] {logging_mixin.py:190} INFO - [2025-04-20T21:40:21.855+0800] {dagbag.py:588} INFO - Filling up the DagBag from /mnt/c/Users/wu_li/OneDrive/Desktop/Airflow_pract/venv/lib/python3.9/site-packages/airflow/example_dags/example_bash_decorator.py
[2025-04-20T21:40:21.910+0800] {processor.py:925} INFO - DAG(s) 'example_bash_decorator' retrieved from /mnt/c/Users/wu_li/OneDrive/Desktop/Airflow_pract/venv/lib/python3.9/site-packages/airflow/example_dags/example_bash_decorator.py
[2025-04-20T21:40:21.959+0800] {logging_mixin.py:190} INFO - [2025-04-20T21:40:21.958+0800] {dag.py:3239} INFO - Sync 1 DAGs
[2025-04-20T21:40:21.978+0800] {logging_mixin.py:190} INFO - [2025-04-20T21:40:21.977+0800] {dag.py:4180} INFO - Setting next_dagrun for example_bash_decorator to None, run_after=None
[2025-04-20T21:40:22.045+0800] {processor.py:208} INFO - Processing /mnt/c/Users/wu_li/OneDrive/Desktop/Airflow_pract/venv/lib/python3.9/site-packages/airflow/example_dags/example_bash_decorator.py took 0.210 seconds
[2025-04-20T21:41:48.739+0800] {processor.py:186} INFO - Started process (PID=119609) to work on /mnt/c/Users/wu_li/OneDrive/Desktop/Airflow_pract/venv/lib/python3.9/site-packages/airflow/example_dags/example_bash_decorator.py
[2025-04-20T21:41:48.741+0800] {processor.py:914} INFO - Processing file /mnt/c/Users/wu_li/OneDrive/Desktop/Airflow_pract/venv/lib/python3.9/site-packages/airflow/example_dags/example_bash_decorator.py for tasks to queue
[2025-04-20T21:41:48.745+0800] {logging_mixin.py:190} INFO - [2025-04-20T21:41:48.744+0800] {dagbag.py:588} INFO - Filling up the DagBag from /mnt/c/Users/wu_li/OneDrive/Desktop/Airflow_pract/venv/lib/python3.9/site-packages/airflow/example_dags/example_bash_decorator.py
[2025-04-20T21:41:48.806+0800] {processor.py:925} INFO - DAG(s) 'example_bash_decorator' retrieved from /mnt/c/Users/wu_li/OneDrive/Desktop/Airflow_pract/venv/lib/python3.9/site-packages/airflow/example_dags/example_bash_decorator.py
[2025-04-20T21:41:48.879+0800] {logging_mixin.py:190} INFO - [2025-04-20T21:41:48.878+0800] {dag.py:3239} INFO - Sync 1 DAGs
[2025-04-20T21:41:48.942+0800] {logging_mixin.py:190} INFO - [2025-04-20T21:41:48.937+0800] {dag.py:4180} INFO - Setting next_dagrun for example_bash_decorator to None, run_after=None
[2025-04-20T21:41:49.055+0800] {processor.py:208} INFO - Processing /mnt/c/Users/wu_li/OneDrive/Desktop/Airflow_pract/venv/lib/python3.9/site-packages/airflow/example_dags/example_bash_decorator.py took 0.335 seconds
[2025-04-20T21:43:27.326+0800] {processor.py:186} INFO - Started process (PID=120377) to work on /mnt/c/Users/wu_li/OneDrive/Desktop/Airflow_pract/venv/lib/python3.9/site-packages/airflow/example_dags/example_bash_decorator.py
[2025-04-20T21:43:27.328+0800] {processor.py:914} INFO - Processing file /mnt/c/Users/wu_li/OneDrive/Desktop/Airflow_pract/venv/lib/python3.9/site-packages/airflow/example_dags/example_bash_decorator.py for tasks to queue
[2025-04-20T21:43:27.331+0800] {logging_mixin.py:190} INFO - [2025-04-20T21:43:27.330+0800] {dagbag.py:588} INFO - Filling up the DagBag from /mnt/c/Users/wu_li/OneDrive/Desktop/Airflow_pract/venv/lib/python3.9/site-packages/airflow/example_dags/example_bash_decorator.py
[2025-04-20T21:43:27.376+0800] {processor.py:925} INFO - DAG(s) 'example_bash_decorator' retrieved from /mnt/c/Users/wu_li/OneDrive/Desktop/Airflow_pract/venv/lib/python3.9/site-packages/airflow/example_dags/example_bash_decorator.py
[2025-04-20T21:43:27.426+0800] {logging_mixin.py:190} INFO - [2025-04-20T21:43:27.423+0800] {dag.py:3239} INFO - Sync 1 DAGs
[2025-04-20T21:43:27.449+0800] {logging_mixin.py:190} INFO - [2025-04-20T21:43:27.447+0800] {dag.py:4180} INFO - Setting next_dagrun for example_bash_decorator to None, run_after=None
[2025-04-20T21:43:27.521+0800] {processor.py:208} INFO - Processing /mnt/c/Users/wu_li/OneDrive/Desktop/Airflow_pract/venv/lib/python3.9/site-packages/airflow/example_dags/example_bash_decorator.py took 0.210 seconds
[2025-04-20T21:45:00.430+0800] {processor.py:186} INFO - Started process (PID=121343) to work on /mnt/c/Users/wu_li/OneDrive/Desktop/Airflow_pract/venv/lib/python3.9/site-packages/airflow/example_dags/example_bash_decorator.py
[2025-04-20T21:45:00.432+0800] {processor.py:914} INFO - Processing file /mnt/c/Users/wu_li/OneDrive/Desktop/Airflow_pract/venv/lib/python3.9/site-packages/airflow/example_dags/example_bash_decorator.py for tasks to queue
[2025-04-20T21:45:00.435+0800] {logging_mixin.py:190} INFO - [2025-04-20T21:45:00.434+0800] {dagbag.py:588} INFO - Filling up the DagBag from /mnt/c/Users/wu_li/OneDrive/Desktop/Airflow_pract/venv/lib/python3.9/site-packages/airflow/example_dags/example_bash_decorator.py
[2025-04-20T21:45:00.479+0800] {processor.py:925} INFO - DAG(s) 'example_bash_decorator' retrieved from /mnt/c/Users/wu_li/OneDrive/Desktop/Airflow_pract/venv/lib/python3.9/site-packages/airflow/example_dags/example_bash_decorator.py
[2025-04-20T21:45:00.514+0800] {logging_mixin.py:190} INFO - [2025-04-20T21:45:00.513+0800] {dag.py:3239} INFO - Sync 1 DAGs
[2025-04-20T21:45:00.529+0800] {logging_mixin.py:190} INFO - [2025-04-20T21:45:00.528+0800] {dag.py:4180} INFO - Setting next_dagrun for example_bash_decorator to None, run_after=None
[2025-04-20T21:45:00.594+0800] {processor.py:208} INFO - Processing /mnt/c/Users/wu_li/OneDrive/Desktop/Airflow_pract/venv/lib/python3.9/site-packages/airflow/example_dags/example_bash_decorator.py took 0.180 seconds
[2025-04-20T21:46:38.787+0800] {processor.py:186} INFO - Started process (PID=122291) to work on /mnt/c/Users/wu_li/OneDrive/Desktop/Airflow_pract/venv/lib/python3.9/site-packages/airflow/example_dags/example_bash_decorator.py
[2025-04-20T21:46:38.792+0800] {processor.py:914} INFO - Processing file /mnt/c/Users/wu_li/OneDrive/Desktop/Airflow_pract/venv/lib/python3.9/site-packages/airflow/example_dags/example_bash_decorator.py for tasks to queue
[2025-04-20T21:46:38.803+0800] {logging_mixin.py:190} INFO - [2025-04-20T21:46:38.801+0800] {dagbag.py:588} INFO - Filling up the DagBag from /mnt/c/Users/wu_li/OneDrive/Desktop/Airflow_pract/venv/lib/python3.9/site-packages/airflow/example_dags/example_bash_decorator.py
[2025-04-20T21:46:38.944+0800] {processor.py:925} INFO - DAG(s) 'example_bash_decorator' retrieved from /mnt/c/Users/wu_li/OneDrive/Desktop/Airflow_pract/venv/lib/python3.9/site-packages/airflow/example_dags/example_bash_decorator.py
[2025-04-20T21:46:39.041+0800] {logging_mixin.py:190} INFO - [2025-04-20T21:46:39.040+0800] {dag.py:3239} INFO - Sync 1 DAGs
[2025-04-20T21:46:39.095+0800] {logging_mixin.py:190} INFO - [2025-04-20T21:46:39.094+0800] {dag.py:4180} INFO - Setting next_dagrun for example_bash_decorator to None, run_after=None
[2025-04-20T21:46:39.315+0800] {processor.py:208} INFO - Processing /mnt/c/Users/wu_li/OneDrive/Desktop/Airflow_pract/venv/lib/python3.9/site-packages/airflow/example_dags/example_bash_decorator.py took 0.559 seconds
[2025-04-20T21:48:32.273+0800] {processor.py:186} INFO - Started process (PID=123236) to work on /mnt/c/Users/wu_li/OneDrive/Desktop/Airflow_pract/venv/lib/python3.9/site-packages/airflow/example_dags/example_bash_decorator.py
[2025-04-20T21:48:32.275+0800] {processor.py:914} INFO - Processing file /mnt/c/Users/wu_li/OneDrive/Desktop/Airflow_pract/venv/lib/python3.9/site-packages/airflow/example_dags/example_bash_decorator.py for tasks to queue
[2025-04-20T21:48:32.279+0800] {logging_mixin.py:190} INFO - [2025-04-20T21:48:32.278+0800] {dagbag.py:588} INFO - Filling up the DagBag from /mnt/c/Users/wu_li/OneDrive/Desktop/Airflow_pract/venv/lib/python3.9/site-packages/airflow/example_dags/example_bash_decorator.py
[2025-04-20T21:48:32.339+0800] {processor.py:925} INFO - DAG(s) 'example_bash_decorator' retrieved from /mnt/c/Users/wu_li/OneDrive/Desktop/Airflow_pract/venv/lib/python3.9/site-packages/airflow/example_dags/example_bash_decorator.py
[2025-04-20T21:48:32.401+0800] {logging_mixin.py:190} INFO - [2025-04-20T21:48:32.400+0800] {dag.py:3239} INFO - Sync 1 DAGs
[2025-04-20T21:48:32.447+0800] {logging_mixin.py:190} INFO - [2025-04-20T21:48:32.446+0800] {dag.py:4180} INFO - Setting next_dagrun for example_bash_decorator to None, run_after=None
[2025-04-20T21:48:32.540+0800] {processor.py:208} INFO - Processing /mnt/c/Users/wu_li/OneDrive/Desktop/Airflow_pract/venv/lib/python3.9/site-packages/airflow/example_dags/example_bash_decorator.py took 0.293 seconds
[2025-04-20T21:50:08.233+0800] {processor.py:186} INFO - Started process (PID=124097) to work on /mnt/c/Users/wu_li/OneDrive/Desktop/Airflow_pract/venv/lib/python3.9/site-packages/airflow/example_dags/example_bash_decorator.py
[2025-04-20T21:50:08.235+0800] {processor.py:914} INFO - Processing file /mnt/c/Users/wu_li/OneDrive/Desktop/Airflow_pract/venv/lib/python3.9/site-packages/airflow/example_dags/example_bash_decorator.py for tasks to queue
[2025-04-20T21:50:08.238+0800] {logging_mixin.py:190} INFO - [2025-04-20T21:50:08.237+0800] {dagbag.py:588} INFO - Filling up the DagBag from /mnt/c/Users/wu_li/OneDrive/Desktop/Airflow_pract/venv/lib/python3.9/site-packages/airflow/example_dags/example_bash_decorator.py
[2025-04-20T21:50:08.276+0800] {processor.py:925} INFO - DAG(s) 'example_bash_decorator' retrieved from /mnt/c/Users/wu_li/OneDrive/Desktop/Airflow_pract/venv/lib/python3.9/site-packages/airflow/example_dags/example_bash_decorator.py
[2025-04-20T21:50:08.315+0800] {logging_mixin.py:190} INFO - [2025-04-20T21:50:08.314+0800] {dag.py:3239} INFO - Sync 1 DAGs
[2025-04-20T21:50:08.335+0800] {logging_mixin.py:190} INFO - [2025-04-20T21:50:08.334+0800] {dag.py:4180} INFO - Setting next_dagrun for example_bash_decorator to None, run_after=None
[2025-04-20T21:50:08.398+0800] {processor.py:208} INFO - Processing /mnt/c/Users/wu_li/OneDrive/Desktop/Airflow_pract/venv/lib/python3.9/site-packages/airflow/example_dags/example_bash_decorator.py took 0.179 seconds
[2025-04-20T21:52:05.562+0800] {processor.py:186} INFO - Started process (PID=124967) to work on /mnt/c/Users/wu_li/OneDrive/Desktop/Airflow_pract/venv/lib/python3.9/site-packages/airflow/example_dags/example_bash_decorator.py
[2025-04-20T21:52:05.565+0800] {processor.py:914} INFO - Processing file /mnt/c/Users/wu_li/OneDrive/Desktop/Airflow_pract/venv/lib/python3.9/site-packages/airflow/example_dags/example_bash_decorator.py for tasks to queue
[2025-04-20T21:52:05.569+0800] {logging_mixin.py:190} INFO - [2025-04-20T21:52:05.567+0800] {dagbag.py:588} INFO - Filling up the DagBag from /mnt/c/Users/wu_li/OneDrive/Desktop/Airflow_pract/venv/lib/python3.9/site-packages/airflow/example_dags/example_bash_decorator.py
[2025-04-20T21:52:05.676+0800] {processor.py:925} INFO - DAG(s) 'example_bash_decorator' retrieved from /mnt/c/Users/wu_li/OneDrive/Desktop/Airflow_pract/venv/lib/python3.9/site-packages/airflow/example_dags/example_bash_decorator.py
[2025-04-20T21:52:05.764+0800] {logging_mixin.py:190} INFO - [2025-04-20T21:52:05.763+0800] {dag.py:3239} INFO - Sync 1 DAGs
[2025-04-20T21:52:05.847+0800] {logging_mixin.py:190} INFO - [2025-04-20T21:52:05.844+0800] {dag.py:4180} INFO - Setting next_dagrun for example_bash_decorator to None, run_after=None
[2025-04-20T21:52:06.040+0800] {processor.py:208} INFO - Processing /mnt/c/Users/wu_li/OneDrive/Desktop/Airflow_pract/venv/lib/python3.9/site-packages/airflow/example_dags/example_bash_decorator.py took 0.508 seconds
[2025-04-20T21:54:05.310+0800] {processor.py:186} INFO - Started process (PID=125834) to work on /mnt/c/Users/wu_li/OneDrive/Desktop/Airflow_pract/venv/lib/python3.9/site-packages/airflow/example_dags/example_bash_decorator.py
[2025-04-20T21:54:05.315+0800] {processor.py:914} INFO - Processing file /mnt/c/Users/wu_li/OneDrive/Desktop/Airflow_pract/venv/lib/python3.9/site-packages/airflow/example_dags/example_bash_decorator.py for tasks to queue
[2025-04-20T21:54:05.360+0800] {logging_mixin.py:190} INFO - [2025-04-20T21:54:05.351+0800] {dagbag.py:588} INFO - Filling up the DagBag from /mnt/c/Users/wu_li/OneDrive/Desktop/Airflow_pract/venv/lib/python3.9/site-packages/airflow/example_dags/example_bash_decorator.py
[2025-04-20T21:54:05.568+0800] {processor.py:925} INFO - DAG(s) 'example_bash_decorator' retrieved from /mnt/c/Users/wu_li/OneDrive/Desktop/Airflow_pract/venv/lib/python3.9/site-packages/airflow/example_dags/example_bash_decorator.py
[2025-04-20T21:54:05.682+0800] {logging_mixin.py:190} INFO - [2025-04-20T21:54:05.680+0800] {dag.py:3239} INFO - Sync 1 DAGs
[2025-04-20T21:54:05.747+0800] {logging_mixin.py:190} INFO - [2025-04-20T21:54:05.738+0800] {dag.py:4180} INFO - Setting next_dagrun for example_bash_decorator to None, run_after=None
[2025-04-20T21:54:05.999+0800] {processor.py:208} INFO - Processing /mnt/c/Users/wu_li/OneDrive/Desktop/Airflow_pract/venv/lib/python3.9/site-packages/airflow/example_dags/example_bash_decorator.py took 0.725 seconds
[2025-04-20T21:56:06.412+0800] {processor.py:186} INFO - Started process (PID=126788) to work on /mnt/c/Users/wu_li/OneDrive/Desktop/Airflow_pract/venv/lib/python3.9/site-packages/airflow/example_dags/example_bash_decorator.py
[2025-04-20T21:56:06.414+0800] {processor.py:914} INFO - Processing file /mnt/c/Users/wu_li/OneDrive/Desktop/Airflow_pract/venv/lib/python3.9/site-packages/airflow/example_dags/example_bash_decorator.py for tasks to queue
[2025-04-20T21:56:06.417+0800] {logging_mixin.py:190} INFO - [2025-04-20T21:56:06.416+0800] {dagbag.py:588} INFO - Filling up the DagBag from /mnt/c/Users/wu_li/OneDrive/Desktop/Airflow_pract/venv/lib/python3.9/site-packages/airflow/example_dags/example_bash_decorator.py
[2025-04-20T21:56:06.454+0800] {processor.py:925} INFO - DAG(s) 'example_bash_decorator' retrieved from /mnt/c/Users/wu_li/OneDrive/Desktop/Airflow_pract/venv/lib/python3.9/site-packages/airflow/example_dags/example_bash_decorator.py
[2025-04-20T21:56:06.488+0800] {logging_mixin.py:190} INFO - [2025-04-20T21:56:06.487+0800] {dag.py:3239} INFO - Sync 1 DAGs
[2025-04-20T21:56:06.505+0800] {logging_mixin.py:190} INFO - [2025-04-20T21:56:06.504+0800] {dag.py:4180} INFO - Setting next_dagrun for example_bash_decorator to None, run_after=None
[2025-04-20T21:56:06.575+0800] {processor.py:208} INFO - Processing /mnt/c/Users/wu_li/OneDrive/Desktop/Airflow_pract/venv/lib/python3.9/site-packages/airflow/example_dags/example_bash_decorator.py took 0.179 seconds
[2025-04-20T21:58:20.607+0800] {processor.py:186} INFO - Started process (PID=127590) to work on /mnt/c/Users/wu_li/OneDrive/Desktop/Airflow_pract/venv/lib/python3.9/site-packages/airflow/example_dags/example_bash_decorator.py
[2025-04-20T21:58:20.610+0800] {processor.py:914} INFO - Processing file /mnt/c/Users/wu_li/OneDrive/Desktop/Airflow_pract/venv/lib/python3.9/site-packages/airflow/example_dags/example_bash_decorator.py for tasks to queue
[2025-04-20T21:58:20.615+0800] {logging_mixin.py:190} INFO - [2025-04-20T21:58:20.613+0800] {dagbag.py:588} INFO - Filling up the DagBag from /mnt/c/Users/wu_li/OneDrive/Desktop/Airflow_pract/venv/lib/python3.9/site-packages/airflow/example_dags/example_bash_decorator.py
[2025-04-20T21:58:20.673+0800] {processor.py:925} INFO - DAG(s) 'example_bash_decorator' retrieved from /mnt/c/Users/wu_li/OneDrive/Desktop/Airflow_pract/venv/lib/python3.9/site-packages/airflow/example_dags/example_bash_decorator.py
[2025-04-20T21:58:20.741+0800] {logging_mixin.py:190} INFO - [2025-04-20T21:58:20.739+0800] {dag.py:3239} INFO - Sync 1 DAGs
[2025-04-20T21:58:20.798+0800] {logging_mixin.py:190} INFO - [2025-04-20T21:58:20.797+0800] {dag.py:4180} INFO - Setting next_dagrun for example_bash_decorator to None, run_after=None
[2025-04-20T21:58:20.898+0800] {processor.py:208} INFO - Processing /mnt/c/Users/wu_li/OneDrive/Desktop/Airflow_pract/venv/lib/python3.9/site-packages/airflow/example_dags/example_bash_decorator.py took 0.310 seconds
[2025-04-20T22:00:05.431+0800] {processor.py:186} INFO - Started process (PID=128605) to work on /mnt/c/Users/wu_li/OneDrive/Desktop/Airflow_pract/venv/lib/python3.9/site-packages/airflow/example_dags/example_bash_decorator.py
[2025-04-20T22:00:05.434+0800] {processor.py:914} INFO - Processing file /mnt/c/Users/wu_li/OneDrive/Desktop/Airflow_pract/venv/lib/python3.9/site-packages/airflow/example_dags/example_bash_decorator.py for tasks to queue
[2025-04-20T22:00:05.442+0800] {logging_mixin.py:190} INFO - [2025-04-20T22:00:05.440+0800] {dagbag.py:588} INFO - Filling up the DagBag from /mnt/c/Users/wu_li/OneDrive/Desktop/Airflow_pract/venv/lib/python3.9/site-packages/airflow/example_dags/example_bash_decorator.py
[2025-04-20T22:00:05.514+0800] {processor.py:925} INFO - DAG(s) 'example_bash_decorator' retrieved from /mnt/c/Users/wu_li/OneDrive/Desktop/Airflow_pract/venv/lib/python3.9/site-packages/airflow/example_dags/example_bash_decorator.py
[2025-04-20T22:00:05.617+0800] {logging_mixin.py:190} INFO - [2025-04-20T22:00:05.612+0800] {dag.py:3239} INFO - Sync 1 DAGs
[2025-04-20T22:00:05.669+0800] {logging_mixin.py:190} INFO - [2025-04-20T22:00:05.661+0800] {dag.py:4180} INFO - Setting next_dagrun for example_bash_decorator to None, run_after=None
[2025-04-20T22:00:05.821+0800] {processor.py:208} INFO - Processing /mnt/c/Users/wu_li/OneDrive/Desktop/Airflow_pract/venv/lib/python3.9/site-packages/airflow/example_dags/example_bash_decorator.py took 0.436 seconds
[2025-04-20T22:01:58.166+0800] {processor.py:186} INFO - Started process (PID=129476) to work on /mnt/c/Users/wu_li/OneDrive/Desktop/Airflow_pract/venv/lib/python3.9/site-packages/airflow/example_dags/example_bash_decorator.py
[2025-04-20T22:01:58.171+0800] {processor.py:914} INFO - Processing file /mnt/c/Users/wu_li/OneDrive/Desktop/Airflow_pract/venv/lib/python3.9/site-packages/airflow/example_dags/example_bash_decorator.py for tasks to queue
[2025-04-20T22:01:58.178+0800] {logging_mixin.py:190} INFO - [2025-04-20T22:01:58.176+0800] {dagbag.py:588} INFO - Filling up the DagBag from /mnt/c/Users/wu_li/OneDrive/Desktop/Airflow_pract/venv/lib/python3.9/site-packages/airflow/example_dags/example_bash_decorator.py
[2025-04-20T22:01:58.256+0800] {processor.py:925} INFO - DAG(s) 'example_bash_decorator' retrieved from /mnt/c/Users/wu_li/OneDrive/Desktop/Airflow_pract/venv/lib/python3.9/site-packages/airflow/example_dags/example_bash_decorator.py
[2025-04-20T22:01:58.340+0800] {logging_mixin.py:190} INFO - [2025-04-20T22:01:58.338+0800] {dag.py:3239} INFO - Sync 1 DAGs
[2025-04-20T22:01:58.386+0800] {logging_mixin.py:190} INFO - [2025-04-20T22:01:58.383+0800] {dag.py:4180} INFO - Setting next_dagrun for example_bash_decorator to None, run_after=None
[2025-04-20T22:01:58.504+0800] {processor.py:208} INFO - Processing /mnt/c/Users/wu_li/OneDrive/Desktop/Airflow_pract/venv/lib/python3.9/site-packages/airflow/example_dags/example_bash_decorator.py took 0.367 seconds
[2025-04-20T22:03:50.031+0800] {processor.py:186} INFO - Started process (PID=130277) to work on /mnt/c/Users/wu_li/OneDrive/Desktop/Airflow_pract/venv/lib/python3.9/site-packages/airflow/example_dags/example_bash_decorator.py
[2025-04-20T22:03:50.033+0800] {processor.py:914} INFO - Processing file /mnt/c/Users/wu_li/OneDrive/Desktop/Airflow_pract/venv/lib/python3.9/site-packages/airflow/example_dags/example_bash_decorator.py for tasks to queue
[2025-04-20T22:03:50.035+0800] {logging_mixin.py:190} INFO - [2025-04-20T22:03:50.034+0800] {dagbag.py:588} INFO - Filling up the DagBag from /mnt/c/Users/wu_li/OneDrive/Desktop/Airflow_pract/venv/lib/python3.9/site-packages/airflow/example_dags/example_bash_decorator.py
[2025-04-20T22:03:50.078+0800] {processor.py:925} INFO - DAG(s) 'example_bash_decorator' retrieved from /mnt/c/Users/wu_li/OneDrive/Desktop/Airflow_pract/venv/lib/python3.9/site-packages/airflow/example_dags/example_bash_decorator.py
[2025-04-20T22:03:50.121+0800] {logging_mixin.py:190} INFO - [2025-04-20T22:03:50.120+0800] {dag.py:3239} INFO - Sync 1 DAGs
[2025-04-20T22:03:50.139+0800] {logging_mixin.py:190} INFO - [2025-04-20T22:03:50.138+0800] {dag.py:4180} INFO - Setting next_dagrun for example_bash_decorator to None, run_after=None
[2025-04-20T22:03:50.212+0800] {processor.py:208} INFO - Processing /mnt/c/Users/wu_li/OneDrive/Desktop/Airflow_pract/venv/lib/python3.9/site-packages/airflow/example_dags/example_bash_decorator.py took 0.193 seconds
[2025-04-20T22:05:45.703+0800] {processor.py:186} INFO - Started process (PID=131071) to work on /mnt/c/Users/wu_li/OneDrive/Desktop/Airflow_pract/venv/lib/python3.9/site-packages/airflow/example_dags/example_bash_decorator.py
[2025-04-20T22:05:45.705+0800] {processor.py:914} INFO - Processing file /mnt/c/Users/wu_li/OneDrive/Desktop/Airflow_pract/venv/lib/python3.9/site-packages/airflow/example_dags/example_bash_decorator.py for tasks to queue
[2025-04-20T22:05:45.709+0800] {logging_mixin.py:190} INFO - [2025-04-20T22:05:45.707+0800] {dagbag.py:588} INFO - Filling up the DagBag from /mnt/c/Users/wu_li/OneDrive/Desktop/Airflow_pract/venv/lib/python3.9/site-packages/airflow/example_dags/example_bash_decorator.py
[2025-04-20T22:05:45.773+0800] {processor.py:925} INFO - DAG(s) 'example_bash_decorator' retrieved from /mnt/c/Users/wu_li/OneDrive/Desktop/Airflow_pract/venv/lib/python3.9/site-packages/airflow/example_dags/example_bash_decorator.py
[2025-04-20T22:05:45.843+0800] {logging_mixin.py:190} INFO - [2025-04-20T22:05:45.841+0800] {dag.py:3239} INFO - Sync 1 DAGs
[2025-04-20T22:05:45.905+0800] {logging_mixin.py:190} INFO - [2025-04-20T22:05:45.899+0800] {dag.py:4180} INFO - Setting next_dagrun for example_bash_decorator to None, run_after=None
[2025-04-20T22:05:46.060+0800] {processor.py:208} INFO - Processing /mnt/c/Users/wu_li/OneDrive/Desktop/Airflow_pract/venv/lib/python3.9/site-packages/airflow/example_dags/example_bash_decorator.py took 0.374 seconds
