[2025-04-20T20:11:23.239+0800] {processor.py:186} INFO - Started process (PID=63447) to work on /mnt/c/Users/wu_li/OneDrive/Desktop/Airflow_pract/venv/lib/python3.9/site-packages/airflow/example_dags/example_short_circuit_decorator.py
[2025-04-20T20:11:23.242+0800] {processor.py:914} INFO - Processing file /mnt/c/Users/wu_li/OneDrive/Desktop/Airflow_pract/venv/lib/python3.9/site-packages/airflow/example_dags/example_short_circuit_decorator.py for tasks to queue
[2025-04-20T20:11:23.245+0800] {logging_mixin.py:190} INFO - [2025-04-20T20:11:23.244+0800] {dagbag.py:588} INFO - Filling up the DagBag from /mnt/c/Users/wu_li/OneDrive/Desktop/Airflow_pract/venv/lib/python3.9/site-packages/airflow/example_dags/example_short_circuit_decorator.py
[2025-04-20T20:11:23.344+0800] {processor.py:925} INFO - DAG(s) 'example_short_circuit_decorator' retrieved from /mnt/c/Users/wu_li/OneDrive/Desktop/Airflow_pract/venv/lib/python3.9/site-packages/airflow/example_dags/example_short_circuit_decorator.py
[2025-04-20T20:11:24.908+0800] {logging_mixin.py:190} INFO - [2025-04-20T20:11:24.906+0800] {override.py:1912} INFO - Created Permission View: can delete on DAG:example_short_circuit_decorator
[2025-04-20T20:11:24.942+0800] {logging_mixin.py:190} INFO - [2025-04-20T20:11:24.941+0800] {override.py:1912} INFO - Created Permission View: can read on DAG:example_short_circuit_decorator
[2025-04-20T20:11:24.987+0800] {logging_mixin.py:190} INFO - [2025-04-20T20:11:24.986+0800] {override.py:1912} INFO - Created Permission View: can edit on DAG:example_short_circuit_decorator
[2025-04-20T20:11:25.060+0800] {logging_mixin.py:190} INFO - [2025-04-20T20:11:25.059+0800] {override.py:1912} INFO - Created Permission View: can delete on DAG Run:example_short_circuit_decorator
[2025-04-20T20:11:25.094+0800] {logging_mixin.py:190} INFO - [2025-04-20T20:11:25.093+0800] {override.py:1912} INFO - Created Permission View: can read on DAG Run:example_short_circuit_decorator
[2025-04-20T20:11:25.126+0800] {logging_mixin.py:190} INFO - [2025-04-20T20:11:25.124+0800] {override.py:1912} INFO - Created Permission View: can create on DAG Run:example_short_circuit_decorator
[2025-04-20T20:11:25.161+0800] {logging_mixin.py:190} INFO - [2025-04-20T20:11:25.160+0800] {override.py:1912} INFO - Created Permission View: menu access on DAG Run:example_short_circuit_decorator
[2025-04-20T20:11:25.163+0800] {logging_mixin.py:190} INFO - [2025-04-20T20:11:25.163+0800] {dag.py:3239} INFO - Sync 1 DAGs
[2025-04-20T20:11:25.189+0800] {logging_mixin.py:190} INFO - [2025-04-20T20:11:25.188+0800] {dag.py:3262} INFO - Creating ORM DAG for example_short_circuit_decorator
[2025-04-20T20:11:25.191+0800] {logging_mixin.py:190} INFO - [2025-04-20T20:11:25.190+0800] {dag.py:4180} INFO - Setting next_dagrun for example_short_circuit_decorator to None, run_after=None
[2025-04-20T20:11:25.257+0800] {processor.py:208} INFO - Processing /mnt/c/Users/wu_li/OneDrive/Desktop/Airflow_pract/venv/lib/python3.9/site-packages/airflow/example_dags/example_short_circuit_decorator.py took 2.033 seconds
[2025-04-20T20:17:22.560+0800] {processor.py:186} INFO - Started process (PID=67709) to work on /mnt/c/Users/wu_li/OneDrive/Desktop/Airflow_pract/venv/lib/python3.9/site-packages/airflow/example_dags/example_short_circuit_decorator.py
[2025-04-20T20:17:22.563+0800] {processor.py:914} INFO - Processing file /mnt/c/Users/wu_li/OneDrive/Desktop/Airflow_pract/venv/lib/python3.9/site-packages/airflow/example_dags/example_short_circuit_decorator.py for tasks to queue
[2025-04-20T20:17:22.567+0800] {logging_mixin.py:190} INFO - [2025-04-20T20:17:22.566+0800] {dagbag.py:588} INFO - Filling up the DagBag from /mnt/c/Users/wu_li/OneDrive/Desktop/Airflow_pract/venv/lib/python3.9/site-packages/airflow/example_dags/example_short_circuit_decorator.py
[2025-04-20T20:17:22.632+0800] {processor.py:925} INFO - DAG(s) 'example_short_circuit_decorator' retrieved from /mnt/c/Users/wu_li/OneDrive/Desktop/Airflow_pract/venv/lib/python3.9/site-packages/airflow/example_dags/example_short_circuit_decorator.py
[2025-04-20T20:17:22.675+0800] {logging_mixin.py:190} INFO - [2025-04-20T20:17:22.674+0800] {dag.py:3239} INFO - Sync 1 DAGs
[2025-04-20T20:17:22.695+0800] {logging_mixin.py:190} INFO - [2025-04-20T20:17:22.694+0800] {dag.py:4180} INFO - Setting next_dagrun for example_short_circuit_decorator to None, run_after=None
[2025-04-20T20:17:22.858+0800] {processor.py:208} INFO - Processing /mnt/c/Users/wu_li/OneDrive/Desktop/Airflow_pract/venv/lib/python3.9/site-packages/airflow/example_dags/example_short_circuit_decorator.py took 0.313 seconds
[2025-04-20T20:18:43.972+0800] {processor.py:186} INFO - Started process (PID=68829) to work on /mnt/c/Users/wu_li/OneDrive/Desktop/Airflow_pract/venv/lib/python3.9/site-packages/airflow/example_dags/example_short_circuit_decorator.py
[2025-04-20T20:18:43.974+0800] {processor.py:914} INFO - Processing file /mnt/c/Users/wu_li/OneDrive/Desktop/Airflow_pract/venv/lib/python3.9/site-packages/airflow/example_dags/example_short_circuit_decorator.py for tasks to queue
[2025-04-20T20:18:43.977+0800] {logging_mixin.py:190} INFO - [2025-04-20T20:18:43.976+0800] {dagbag.py:588} INFO - Filling up the DagBag from /mnt/c/Users/wu_li/OneDrive/Desktop/Airflow_pract/venv/lib/python3.9/site-packages/airflow/example_dags/example_short_circuit_decorator.py
[2025-04-20T20:18:44.052+0800] {processor.py:925} INFO - DAG(s) 'example_short_circuit_decorator' retrieved from /mnt/c/Users/wu_li/OneDrive/Desktop/Airflow_pract/venv/lib/python3.9/site-packages/airflow/example_dags/example_short_circuit_decorator.py
[2025-04-20T20:18:44.088+0800] {logging_mixin.py:190} INFO - [2025-04-20T20:18:44.087+0800] {dag.py:3239} INFO - Sync 1 DAGs
[2025-04-20T20:18:44.124+0800] {logging_mixin.py:190} INFO - [2025-04-20T20:18:44.122+0800] {dag.py:4180} INFO - Setting next_dagrun for example_short_circuit_decorator to None, run_after=None
[2025-04-20T20:18:44.202+0800] {processor.py:208} INFO - Processing /mnt/c/Users/wu_li/OneDrive/Desktop/Airflow_pract/venv/lib/python3.9/site-packages/airflow/example_dags/example_short_circuit_decorator.py took 0.244 seconds
[2025-04-20T20:20:27.077+0800] {processor.py:186} INFO - Started process (PID=69916) to work on /mnt/c/Users/wu_li/OneDrive/Desktop/Airflow_pract/venv/lib/python3.9/site-packages/airflow/example_dags/example_short_circuit_decorator.py
[2025-04-20T20:20:27.079+0800] {processor.py:914} INFO - Processing file /mnt/c/Users/wu_li/OneDrive/Desktop/Airflow_pract/venv/lib/python3.9/site-packages/airflow/example_dags/example_short_circuit_decorator.py for tasks to queue
[2025-04-20T20:20:27.083+0800] {logging_mixin.py:190} INFO - [2025-04-20T20:20:27.082+0800] {dagbag.py:588} INFO - Filling up the DagBag from /mnt/c/Users/wu_li/OneDrive/Desktop/Airflow_pract/venv/lib/python3.9/site-packages/airflow/example_dags/example_short_circuit_decorator.py
[2025-04-20T20:20:27.158+0800] {processor.py:925} INFO - DAG(s) 'example_short_circuit_decorator' retrieved from /mnt/c/Users/wu_li/OneDrive/Desktop/Airflow_pract/venv/lib/python3.9/site-packages/airflow/example_dags/example_short_circuit_decorator.py
[2025-04-20T20:20:27.202+0800] {logging_mixin.py:190} INFO - [2025-04-20T20:20:27.201+0800] {dag.py:3239} INFO - Sync 1 DAGs
[2025-04-20T20:20:27.221+0800] {logging_mixin.py:190} INFO - [2025-04-20T20:20:27.220+0800] {dag.py:4180} INFO - Setting next_dagrun for example_short_circuit_decorator to None, run_after=None
[2025-04-20T20:20:27.275+0800] {processor.py:208} INFO - Processing /mnt/c/Users/wu_li/OneDrive/Desktop/Airflow_pract/venv/lib/python3.9/site-packages/airflow/example_dags/example_short_circuit_decorator.py took 0.212 seconds
[2025-04-20T20:22:28.580+0800] {processor.py:186} INFO - Started process (PID=70728) to work on /mnt/c/Users/wu_li/OneDrive/Desktop/Airflow_pract/venv/lib/python3.9/site-packages/airflow/example_dags/example_short_circuit_decorator.py
[2025-04-20T20:22:28.582+0800] {processor.py:914} INFO - Processing file /mnt/c/Users/wu_li/OneDrive/Desktop/Airflow_pract/venv/lib/python3.9/site-packages/airflow/example_dags/example_short_circuit_decorator.py for tasks to queue
[2025-04-20T20:22:28.587+0800] {logging_mixin.py:190} INFO - [2025-04-20T20:22:28.586+0800] {dagbag.py:588} INFO - Filling up the DagBag from /mnt/c/Users/wu_li/OneDrive/Desktop/Airflow_pract/venv/lib/python3.9/site-packages/airflow/example_dags/example_short_circuit_decorator.py
[2025-04-20T20:22:28.656+0800] {processor.py:925} INFO - DAG(s) 'example_short_circuit_decorator' retrieved from /mnt/c/Users/wu_li/OneDrive/Desktop/Airflow_pract/venv/lib/python3.9/site-packages/airflow/example_dags/example_short_circuit_decorator.py
[2025-04-20T20:22:28.691+0800] {logging_mixin.py:190} INFO - [2025-04-20T20:22:28.691+0800] {dag.py:3239} INFO - Sync 1 DAGs
[2025-04-20T20:22:28.712+0800] {logging_mixin.py:190} INFO - [2025-04-20T20:22:28.711+0800] {dag.py:4180} INFO - Setting next_dagrun for example_short_circuit_decorator to None, run_after=None
[2025-04-20T20:22:28.787+0800] {processor.py:208} INFO - Processing /mnt/c/Users/wu_li/OneDrive/Desktop/Airflow_pract/venv/lib/python3.9/site-packages/airflow/example_dags/example_short_circuit_decorator.py took 0.223 seconds
[2025-04-20T20:24:21.127+0800] {processor.py:186} INFO - Started process (PID=71750) to work on /mnt/c/Users/wu_li/OneDrive/Desktop/Airflow_pract/venv/lib/python3.9/site-packages/airflow/example_dags/example_short_circuit_decorator.py
[2025-04-20T20:24:21.132+0800] {processor.py:914} INFO - Processing file /mnt/c/Users/wu_li/OneDrive/Desktop/Airflow_pract/venv/lib/python3.9/site-packages/airflow/example_dags/example_short_circuit_decorator.py for tasks to queue
[2025-04-20T20:24:21.140+0800] {logging_mixin.py:190} INFO - [2025-04-20T20:24:21.137+0800] {dagbag.py:588} INFO - Filling up the DagBag from /mnt/c/Users/wu_li/OneDrive/Desktop/Airflow_pract/venv/lib/python3.9/site-packages/airflow/example_dags/example_short_circuit_decorator.py
[2025-04-20T20:24:21.241+0800] {processor.py:925} INFO - DAG(s) 'example_short_circuit_decorator' retrieved from /mnt/c/Users/wu_li/OneDrive/Desktop/Airflow_pract/venv/lib/python3.9/site-packages/airflow/example_dags/example_short_circuit_decorator.py
[2025-04-20T20:24:21.276+0800] {logging_mixin.py:190} INFO - [2025-04-20T20:24:21.275+0800] {dag.py:3239} INFO - Sync 1 DAGs
[2025-04-20T20:24:21.293+0800] {logging_mixin.py:190} INFO - [2025-04-20T20:24:21.292+0800] {dag.py:4180} INFO - Setting next_dagrun for example_short_circuit_decorator to None, run_after=None
[2025-04-20T20:24:21.384+0800] {processor.py:208} INFO - Processing /mnt/c/Users/wu_li/OneDrive/Desktop/Airflow_pract/venv/lib/python3.9/site-packages/airflow/example_dags/example_short_circuit_decorator.py took 0.283 seconds
[2025-04-20T20:26:21.213+0800] {processor.py:186} INFO - Started process (PID=72706) to work on /mnt/c/Users/wu_li/OneDrive/Desktop/Airflow_pract/venv/lib/python3.9/site-packages/airflow/example_dags/example_short_circuit_decorator.py
[2025-04-20T20:26:21.216+0800] {processor.py:914} INFO - Processing file /mnt/c/Users/wu_li/OneDrive/Desktop/Airflow_pract/venv/lib/python3.9/site-packages/airflow/example_dags/example_short_circuit_decorator.py for tasks to queue
[2025-04-20T20:26:21.225+0800] {logging_mixin.py:190} INFO - [2025-04-20T20:26:21.223+0800] {dagbag.py:588} INFO - Filling up the DagBag from /mnt/c/Users/wu_li/OneDrive/Desktop/Airflow_pract/venv/lib/python3.9/site-packages/airflow/example_dags/example_short_circuit_decorator.py
[2025-04-20T20:26:21.364+0800] {processor.py:925} INFO - DAG(s) 'example_short_circuit_decorator' retrieved from /mnt/c/Users/wu_li/OneDrive/Desktop/Airflow_pract/venv/lib/python3.9/site-packages/airflow/example_dags/example_short_circuit_decorator.py
[2025-04-20T20:26:21.427+0800] {logging_mixin.py:190} INFO - [2025-04-20T20:26:21.426+0800] {dag.py:3239} INFO - Sync 1 DAGs
[2025-04-20T20:26:21.475+0800] {logging_mixin.py:190} INFO - [2025-04-20T20:26:21.473+0800] {dag.py:4180} INFO - Setting next_dagrun for example_short_circuit_decorator to None, run_after=None
[2025-04-20T20:26:21.583+0800] {processor.py:208} INFO - Processing /mnt/c/Users/wu_li/OneDrive/Desktop/Airflow_pract/venv/lib/python3.9/site-packages/airflow/example_dags/example_short_circuit_decorator.py took 0.395 seconds
[2025-04-20T20:36:27.638+0800] {processor.py:186} INFO - Started process (PID=77175) to work on /mnt/c/Users/wu_li/OneDrive/Desktop/Airflow_pract/venv/lib/python3.9/site-packages/airflow/example_dags/example_short_circuit_decorator.py
[2025-04-20T20:36:27.640+0800] {processor.py:914} INFO - Processing file /mnt/c/Users/wu_li/OneDrive/Desktop/Airflow_pract/venv/lib/python3.9/site-packages/airflow/example_dags/example_short_circuit_decorator.py for tasks to queue
[2025-04-20T20:36:27.646+0800] {logging_mixin.py:190} INFO - [2025-04-20T20:36:27.644+0800] {dagbag.py:588} INFO - Filling up the DagBag from /mnt/c/Users/wu_li/OneDrive/Desktop/Airflow_pract/venv/lib/python3.9/site-packages/airflow/example_dags/example_short_circuit_decorator.py
[2025-04-20T20:36:27.688+0800] {processor.py:925} INFO - DAG(s) 'example_short_circuit_decorator' retrieved from /mnt/c/Users/wu_li/OneDrive/Desktop/Airflow_pract/venv/lib/python3.9/site-packages/airflow/example_dags/example_short_circuit_decorator.py
[2025-04-20T20:36:27.811+0800] {logging_mixin.py:190} INFO - [2025-04-20T20:36:27.810+0800] {dag.py:3239} INFO - Sync 1 DAGs
[2025-04-20T20:36:27.858+0800] {logging_mixin.py:190} INFO - [2025-04-20T20:36:27.856+0800] {dag.py:4180} INFO - Setting next_dagrun for example_short_circuit_decorator to None, run_after=None
[2025-04-20T20:36:27.978+0800] {processor.py:208} INFO - Processing /mnt/c/Users/wu_li/OneDrive/Desktop/Airflow_pract/venv/lib/python3.9/site-packages/airflow/example_dags/example_short_circuit_decorator.py took 0.372 seconds
[2025-04-20T20:37:51.789+0800] {processor.py:186} INFO - Started process (PID=77885) to work on /mnt/c/Users/wu_li/OneDrive/Desktop/Airflow_pract/venv/lib/python3.9/site-packages/airflow/example_dags/example_short_circuit_decorator.py
[2025-04-20T20:37:51.792+0800] {processor.py:914} INFO - Processing file /mnt/c/Users/wu_li/OneDrive/Desktop/Airflow_pract/venv/lib/python3.9/site-packages/airflow/example_dags/example_short_circuit_decorator.py for tasks to queue
[2025-04-20T20:37:51.799+0800] {logging_mixin.py:190} INFO - [2025-04-20T20:37:51.797+0800] {dagbag.py:588} INFO - Filling up the DagBag from /mnt/c/Users/wu_li/OneDrive/Desktop/Airflow_pract/venv/lib/python3.9/site-packages/airflow/example_dags/example_short_circuit_decorator.py
[2025-04-20T20:37:51.849+0800] {processor.py:925} INFO - DAG(s) 'example_short_circuit_decorator' retrieved from /mnt/c/Users/wu_li/OneDrive/Desktop/Airflow_pract/venv/lib/python3.9/site-packages/airflow/example_dags/example_short_circuit_decorator.py
[2025-04-20T20:37:51.954+0800] {logging_mixin.py:190} INFO - [2025-04-20T20:37:51.952+0800] {dag.py:3239} INFO - Sync 1 DAGs
[2025-04-20T20:37:52.014+0800] {logging_mixin.py:190} INFO - [2025-04-20T20:37:52.008+0800] {dag.py:4180} INFO - Setting next_dagrun for example_short_circuit_decorator to None, run_after=None
[2025-04-20T20:37:52.122+0800] {processor.py:208} INFO - Processing /mnt/c/Users/wu_li/OneDrive/Desktop/Airflow_pract/venv/lib/python3.9/site-packages/airflow/example_dags/example_short_circuit_decorator.py took 0.357 seconds
[2025-04-20T20:39:15.872+0800] {processor.py:186} INFO - Started process (PID=79035) to work on /mnt/c/Users/wu_li/OneDrive/Desktop/Airflow_pract/venv/lib/python3.9/site-packages/airflow/example_dags/example_short_circuit_decorator.py
[2025-04-20T20:39:15.874+0800] {processor.py:914} INFO - Processing file /mnt/c/Users/wu_li/OneDrive/Desktop/Airflow_pract/venv/lib/python3.9/site-packages/airflow/example_dags/example_short_circuit_decorator.py for tasks to queue
[2025-04-20T20:39:15.877+0800] {logging_mixin.py:190} INFO - [2025-04-20T20:39:15.876+0800] {dagbag.py:588} INFO - Filling up the DagBag from /mnt/c/Users/wu_li/OneDrive/Desktop/Airflow_pract/venv/lib/python3.9/site-packages/airflow/example_dags/example_short_circuit_decorator.py
[2025-04-20T20:39:15.915+0800] {processor.py:925} INFO - DAG(s) 'example_short_circuit_decorator' retrieved from /mnt/c/Users/wu_li/OneDrive/Desktop/Airflow_pract/venv/lib/python3.9/site-packages/airflow/example_dags/example_short_circuit_decorator.py
[2025-04-20T20:39:15.980+0800] {logging_mixin.py:190} INFO - [2025-04-20T20:39:15.979+0800] {dag.py:3239} INFO - Sync 1 DAGs
[2025-04-20T20:39:16.018+0800] {logging_mixin.py:190} INFO - [2025-04-20T20:39:16.016+0800] {dag.py:4180} INFO - Setting next_dagrun for example_short_circuit_decorator to None, run_after=None
[2025-04-20T20:39:16.110+0800] {processor.py:208} INFO - Processing /mnt/c/Users/wu_li/OneDrive/Desktop/Airflow_pract/venv/lib/python3.9/site-packages/airflow/example_dags/example_short_circuit_decorator.py took 0.255 seconds
[2025-04-20T20:41:06.070+0800] {processor.py:186} INFO - Started process (PID=79976) to work on /mnt/c/Users/wu_li/OneDrive/Desktop/Airflow_pract/venv/lib/python3.9/site-packages/airflow/example_dags/example_short_circuit_decorator.py
[2025-04-20T20:41:06.072+0800] {processor.py:914} INFO - Processing file /mnt/c/Users/wu_li/OneDrive/Desktop/Airflow_pract/venv/lib/python3.9/site-packages/airflow/example_dags/example_short_circuit_decorator.py for tasks to queue
[2025-04-20T20:41:06.077+0800] {logging_mixin.py:190} INFO - [2025-04-20T20:41:06.075+0800] {dagbag.py:588} INFO - Filling up the DagBag from /mnt/c/Users/wu_li/OneDrive/Desktop/Airflow_pract/venv/lib/python3.9/site-packages/airflow/example_dags/example_short_circuit_decorator.py
[2025-04-20T20:41:06.125+0800] {processor.py:925} INFO - DAG(s) 'example_short_circuit_decorator' retrieved from /mnt/c/Users/wu_li/OneDrive/Desktop/Airflow_pract/venv/lib/python3.9/site-packages/airflow/example_dags/example_short_circuit_decorator.py
[2025-04-20T20:41:06.200+0800] {logging_mixin.py:190} INFO - [2025-04-20T20:41:06.198+0800] {dag.py:3239} INFO - Sync 1 DAGs
[2025-04-20T20:41:06.236+0800] {logging_mixin.py:190} INFO - [2025-04-20T20:41:06.234+0800] {dag.py:4180} INFO - Setting next_dagrun for example_short_circuit_decorator to None, run_after=None
[2025-04-20T20:41:06.346+0800] {processor.py:208} INFO - Processing /mnt/c/Users/wu_li/OneDrive/Desktop/Airflow_pract/venv/lib/python3.9/site-packages/airflow/example_dags/example_short_circuit_decorator.py took 0.305 seconds
[2025-04-20T20:42:55.133+0800] {processor.py:186} INFO - Started process (PID=80848) to work on /mnt/c/Users/wu_li/OneDrive/Desktop/Airflow_pract/venv/lib/python3.9/site-packages/airflow/example_dags/example_short_circuit_decorator.py
[2025-04-20T20:42:55.135+0800] {processor.py:914} INFO - Processing file /mnt/c/Users/wu_li/OneDrive/Desktop/Airflow_pract/venv/lib/python3.9/site-packages/airflow/example_dags/example_short_circuit_decorator.py for tasks to queue
[2025-04-20T20:42:55.137+0800] {logging_mixin.py:190} INFO - [2025-04-20T20:42:55.136+0800] {dagbag.py:588} INFO - Filling up the DagBag from /mnt/c/Users/wu_li/OneDrive/Desktop/Airflow_pract/venv/lib/python3.9/site-packages/airflow/example_dags/example_short_circuit_decorator.py
[2025-04-20T20:42:55.160+0800] {processor.py:925} INFO - DAG(s) 'example_short_circuit_decorator' retrieved from /mnt/c/Users/wu_li/OneDrive/Desktop/Airflow_pract/venv/lib/python3.9/site-packages/airflow/example_dags/example_short_circuit_decorator.py
[2025-04-20T20:42:55.188+0800] {logging_mixin.py:190} INFO - [2025-04-20T20:42:55.187+0800] {dag.py:3239} INFO - Sync 1 DAGs
[2025-04-20T20:42:55.210+0800] {logging_mixin.py:190} INFO - [2025-04-20T20:42:55.209+0800] {dag.py:4180} INFO - Setting next_dagrun for example_short_circuit_decorator to None, run_after=None
[2025-04-20T20:42:55.265+0800] {processor.py:208} INFO - Processing /mnt/c/Users/wu_li/OneDrive/Desktop/Airflow_pract/venv/lib/python3.9/site-packages/airflow/example_dags/example_short_circuit_decorator.py took 0.143 seconds
[2025-04-20T20:44:30.340+0800] {processor.py:186} INFO - Started process (PID=81857) to work on /mnt/c/Users/wu_li/OneDrive/Desktop/Airflow_pract/venv/lib/python3.9/site-packages/airflow/example_dags/example_short_circuit_decorator.py
[2025-04-20T20:44:30.343+0800] {processor.py:914} INFO - Processing file /mnt/c/Users/wu_li/OneDrive/Desktop/Airflow_pract/venv/lib/python3.9/site-packages/airflow/example_dags/example_short_circuit_decorator.py for tasks to queue
[2025-04-20T20:44:30.350+0800] {logging_mixin.py:190} INFO - [2025-04-20T20:44:30.348+0800] {dagbag.py:588} INFO - Filling up the DagBag from /mnt/c/Users/wu_li/OneDrive/Desktop/Airflow_pract/venv/lib/python3.9/site-packages/airflow/example_dags/example_short_circuit_decorator.py
[2025-04-20T20:44:30.406+0800] {processor.py:925} INFO - DAG(s) 'example_short_circuit_decorator' retrieved from /mnt/c/Users/wu_li/OneDrive/Desktop/Airflow_pract/venv/lib/python3.9/site-packages/airflow/example_dags/example_short_circuit_decorator.py
[2025-04-20T20:44:30.487+0800] {logging_mixin.py:190} INFO - [2025-04-20T20:44:30.486+0800] {dag.py:3239} INFO - Sync 1 DAGs
[2025-04-20T20:44:30.526+0800] {logging_mixin.py:190} INFO - [2025-04-20T20:44:30.524+0800] {dag.py:4180} INFO - Setting next_dagrun for example_short_circuit_decorator to None, run_after=None
[2025-04-20T20:44:30.649+0800] {processor.py:208} INFO - Processing /mnt/c/Users/wu_li/OneDrive/Desktop/Airflow_pract/venv/lib/python3.9/site-packages/airflow/example_dags/example_short_circuit_decorator.py took 0.332 seconds
[2025-04-20T20:46:19.680+0800] {processor.py:186} INFO - Started process (PID=82696) to work on /mnt/c/Users/wu_li/OneDrive/Desktop/Airflow_pract/venv/lib/python3.9/site-packages/airflow/example_dags/example_short_circuit_decorator.py
[2025-04-20T20:46:19.682+0800] {processor.py:914} INFO - Processing file /mnt/c/Users/wu_li/OneDrive/Desktop/Airflow_pract/venv/lib/python3.9/site-packages/airflow/example_dags/example_short_circuit_decorator.py for tasks to queue
[2025-04-20T20:46:19.687+0800] {logging_mixin.py:190} INFO - [2025-04-20T20:46:19.686+0800] {dagbag.py:588} INFO - Filling up the DagBag from /mnt/c/Users/wu_li/OneDrive/Desktop/Airflow_pract/venv/lib/python3.9/site-packages/airflow/example_dags/example_short_circuit_decorator.py
[2025-04-20T20:46:19.716+0800] {processor.py:925} INFO - DAG(s) 'example_short_circuit_decorator' retrieved from /mnt/c/Users/wu_li/OneDrive/Desktop/Airflow_pract/venv/lib/python3.9/site-packages/airflow/example_dags/example_short_circuit_decorator.py
[2025-04-20T20:46:19.760+0800] {logging_mixin.py:190} INFO - [2025-04-20T20:46:19.758+0800] {dag.py:3239} INFO - Sync 1 DAGs
[2025-04-20T20:46:19.790+0800] {logging_mixin.py:190} INFO - [2025-04-20T20:46:19.789+0800] {dag.py:4180} INFO - Setting next_dagrun for example_short_circuit_decorator to None, run_after=None
[2025-04-20T20:46:19.930+0800] {processor.py:208} INFO - Processing /mnt/c/Users/wu_li/OneDrive/Desktop/Airflow_pract/venv/lib/python3.9/site-packages/airflow/example_dags/example_short_circuit_decorator.py took 0.263 seconds
[2025-04-20T20:48:05.405+0800] {processor.py:186} INFO - Started process (PID=83597) to work on /mnt/c/Users/wu_li/OneDrive/Desktop/Airflow_pract/venv/lib/python3.9/site-packages/airflow/example_dags/example_short_circuit_decorator.py
[2025-04-20T20:48:05.407+0800] {processor.py:914} INFO - Processing file /mnt/c/Users/wu_li/OneDrive/Desktop/Airflow_pract/venv/lib/python3.9/site-packages/airflow/example_dags/example_short_circuit_decorator.py for tasks to queue
[2025-04-20T20:48:05.410+0800] {logging_mixin.py:190} INFO - [2025-04-20T20:48:05.408+0800] {dagbag.py:588} INFO - Filling up the DagBag from /mnt/c/Users/wu_li/OneDrive/Desktop/Airflow_pract/venv/lib/python3.9/site-packages/airflow/example_dags/example_short_circuit_decorator.py
[2025-04-20T20:48:05.436+0800] {processor.py:925} INFO - DAG(s) 'example_short_circuit_decorator' retrieved from /mnt/c/Users/wu_li/OneDrive/Desktop/Airflow_pract/venv/lib/python3.9/site-packages/airflow/example_dags/example_short_circuit_decorator.py
[2025-04-20T20:48:05.467+0800] {logging_mixin.py:190} INFO - [2025-04-20T20:48:05.466+0800] {dag.py:3239} INFO - Sync 1 DAGs
[2025-04-20T20:48:05.481+0800] {logging_mixin.py:190} INFO - [2025-04-20T20:48:05.480+0800] {dag.py:4180} INFO - Setting next_dagrun for example_short_circuit_decorator to None, run_after=None
[2025-04-20T20:48:05.533+0800] {processor.py:208} INFO - Processing /mnt/c/Users/wu_li/OneDrive/Desktop/Airflow_pract/venv/lib/python3.9/site-packages/airflow/example_dags/example_short_circuit_decorator.py took 0.140 seconds
[2025-04-20T20:49:55.507+0800] {processor.py:186} INFO - Started process (PID=84536) to work on /mnt/c/Users/wu_li/OneDrive/Desktop/Airflow_pract/venv/lib/python3.9/site-packages/airflow/example_dags/example_short_circuit_decorator.py
[2025-04-20T20:49:55.510+0800] {processor.py:914} INFO - Processing file /mnt/c/Users/wu_li/OneDrive/Desktop/Airflow_pract/venv/lib/python3.9/site-packages/airflow/example_dags/example_short_circuit_decorator.py for tasks to queue
[2025-04-20T20:49:55.514+0800] {logging_mixin.py:190} INFO - [2025-04-20T20:49:55.513+0800] {dagbag.py:588} INFO - Filling up the DagBag from /mnt/c/Users/wu_li/OneDrive/Desktop/Airflow_pract/venv/lib/python3.9/site-packages/airflow/example_dags/example_short_circuit_decorator.py
[2025-04-20T20:49:55.561+0800] {processor.py:925} INFO - DAG(s) 'example_short_circuit_decorator' retrieved from /mnt/c/Users/wu_li/OneDrive/Desktop/Airflow_pract/venv/lib/python3.9/site-packages/airflow/example_dags/example_short_circuit_decorator.py
[2025-04-20T20:49:55.638+0800] {logging_mixin.py:190} INFO - [2025-04-20T20:49:55.637+0800] {dag.py:3239} INFO - Sync 1 DAGs
[2025-04-20T20:49:55.679+0800] {logging_mixin.py:190} INFO - [2025-04-20T20:49:55.678+0800] {dag.py:4180} INFO - Setting next_dagrun for example_short_circuit_decorator to None, run_after=None
[2025-04-20T20:49:55.842+0800] {processor.py:208} INFO - Processing /mnt/c/Users/wu_li/OneDrive/Desktop/Airflow_pract/venv/lib/python3.9/site-packages/airflow/example_dags/example_short_circuit_decorator.py took 0.360 seconds
[2025-04-20T20:51:53.163+0800] {processor.py:186} INFO - Started process (PID=85405) to work on /mnt/c/Users/wu_li/OneDrive/Desktop/Airflow_pract/venv/lib/python3.9/site-packages/airflow/example_dags/example_short_circuit_decorator.py
[2025-04-20T20:51:53.166+0800] {processor.py:914} INFO - Processing file /mnt/c/Users/wu_li/OneDrive/Desktop/Airflow_pract/venv/lib/python3.9/site-packages/airflow/example_dags/example_short_circuit_decorator.py for tasks to queue
[2025-04-20T20:51:53.174+0800] {logging_mixin.py:190} INFO - [2025-04-20T20:51:53.172+0800] {dagbag.py:588} INFO - Filling up the DagBag from /mnt/c/Users/wu_li/OneDrive/Desktop/Airflow_pract/venv/lib/python3.9/site-packages/airflow/example_dags/example_short_circuit_decorator.py
[2025-04-20T20:51:53.221+0800] {processor.py:925} INFO - DAG(s) 'example_short_circuit_decorator' retrieved from /mnt/c/Users/wu_li/OneDrive/Desktop/Airflow_pract/venv/lib/python3.9/site-packages/airflow/example_dags/example_short_circuit_decorator.py
[2025-04-20T20:51:53.356+0800] {logging_mixin.py:190} INFO - [2025-04-20T20:51:53.340+0800] {dag.py:3239} INFO - Sync 1 DAGs
[2025-04-20T20:51:53.431+0800] {logging_mixin.py:190} INFO - [2025-04-20T20:51:53.421+0800] {dag.py:4180} INFO - Setting next_dagrun for example_short_circuit_decorator to None, run_after=None
[2025-04-20T20:51:53.741+0800] {processor.py:208} INFO - Processing /mnt/c/Users/wu_li/OneDrive/Desktop/Airflow_pract/venv/lib/python3.9/site-packages/airflow/example_dags/example_short_circuit_decorator.py took 0.603 seconds
[2025-04-20T20:53:37.874+0800] {processor.py:186} INFO - Started process (PID=86421) to work on /mnt/c/Users/wu_li/OneDrive/Desktop/Airflow_pract/venv/lib/python3.9/site-packages/airflow/example_dags/example_short_circuit_decorator.py
[2025-04-20T20:53:37.876+0800] {processor.py:914} INFO - Processing file /mnt/c/Users/wu_li/OneDrive/Desktop/Airflow_pract/venv/lib/python3.9/site-packages/airflow/example_dags/example_short_circuit_decorator.py for tasks to queue
[2025-04-20T20:53:37.879+0800] {logging_mixin.py:190} INFO - [2025-04-20T20:53:37.878+0800] {dagbag.py:588} INFO - Filling up the DagBag from /mnt/c/Users/wu_li/OneDrive/Desktop/Airflow_pract/venv/lib/python3.9/site-packages/airflow/example_dags/example_short_circuit_decorator.py
[2025-04-20T20:53:37.905+0800] {processor.py:925} INFO - DAG(s) 'example_short_circuit_decorator' retrieved from /mnt/c/Users/wu_li/OneDrive/Desktop/Airflow_pract/venv/lib/python3.9/site-packages/airflow/example_dags/example_short_circuit_decorator.py
[2025-04-20T20:53:37.938+0800] {logging_mixin.py:190} INFO - [2025-04-20T20:53:37.937+0800] {dag.py:3239} INFO - Sync 1 DAGs
[2025-04-20T20:53:37.953+0800] {logging_mixin.py:190} INFO - [2025-04-20T20:53:37.952+0800] {dag.py:4180} INFO - Setting next_dagrun for example_short_circuit_decorator to None, run_after=None
[2025-04-20T20:53:38.006+0800] {processor.py:208} INFO - Processing /mnt/c/Users/wu_li/OneDrive/Desktop/Airflow_pract/venv/lib/python3.9/site-packages/airflow/example_dags/example_short_circuit_decorator.py took 0.146 seconds
[2025-04-20T20:55:02.817+0800] {processor.py:186} INFO - Started process (PID=87281) to work on /mnt/c/Users/wu_li/OneDrive/Desktop/Airflow_pract/venv/lib/python3.9/site-packages/airflow/example_dags/example_short_circuit_decorator.py
[2025-04-20T20:55:02.824+0800] {processor.py:914} INFO - Processing file /mnt/c/Users/wu_li/OneDrive/Desktop/Airflow_pract/venv/lib/python3.9/site-packages/airflow/example_dags/example_short_circuit_decorator.py for tasks to queue
[2025-04-20T20:55:02.828+0800] {logging_mixin.py:190} INFO - [2025-04-20T20:55:02.827+0800] {dagbag.py:588} INFO - Filling up the DagBag from /mnt/c/Users/wu_li/OneDrive/Desktop/Airflow_pract/venv/lib/python3.9/site-packages/airflow/example_dags/example_short_circuit_decorator.py
[2025-04-20T20:55:02.861+0800] {processor.py:925} INFO - DAG(s) 'example_short_circuit_decorator' retrieved from /mnt/c/Users/wu_li/OneDrive/Desktop/Airflow_pract/venv/lib/python3.9/site-packages/airflow/example_dags/example_short_circuit_decorator.py
[2025-04-20T20:55:02.911+0800] {logging_mixin.py:190} INFO - [2025-04-20T20:55:02.909+0800] {dag.py:3239} INFO - Sync 1 DAGs
[2025-04-20T20:55:02.955+0800] {logging_mixin.py:190} INFO - [2025-04-20T20:55:02.948+0800] {dag.py:4180} INFO - Setting next_dagrun for example_short_circuit_decorator to None, run_after=None
[2025-04-20T20:55:03.024+0800] {processor.py:208} INFO - Processing /mnt/c/Users/wu_li/OneDrive/Desktop/Airflow_pract/venv/lib/python3.9/site-packages/airflow/example_dags/example_short_circuit_decorator.py took 0.225 seconds
[2025-04-20T20:56:33.156+0800] {processor.py:186} INFO - Started process (PID=88360) to work on /mnt/c/Users/wu_li/OneDrive/Desktop/Airflow_pract/venv/lib/python3.9/site-packages/airflow/example_dags/example_short_circuit_decorator.py
[2025-04-20T20:56:33.158+0800] {processor.py:914} INFO - Processing file /mnt/c/Users/wu_li/OneDrive/Desktop/Airflow_pract/venv/lib/python3.9/site-packages/airflow/example_dags/example_short_circuit_decorator.py for tasks to queue
[2025-04-20T20:56:33.161+0800] {logging_mixin.py:190} INFO - [2025-04-20T20:56:33.160+0800] {dagbag.py:588} INFO - Filling up the DagBag from /mnt/c/Users/wu_li/OneDrive/Desktop/Airflow_pract/venv/lib/python3.9/site-packages/airflow/example_dags/example_short_circuit_decorator.py
[2025-04-20T20:56:33.188+0800] {processor.py:925} INFO - DAG(s) 'example_short_circuit_decorator' retrieved from /mnt/c/Users/wu_li/OneDrive/Desktop/Airflow_pract/venv/lib/python3.9/site-packages/airflow/example_dags/example_short_circuit_decorator.py
[2025-04-20T20:56:33.232+0800] {logging_mixin.py:190} INFO - [2025-04-20T20:56:33.231+0800] {dag.py:3239} INFO - Sync 1 DAGs
[2025-04-20T20:56:33.255+0800] {logging_mixin.py:190} INFO - [2025-04-20T20:56:33.253+0800] {dag.py:4180} INFO - Setting next_dagrun for example_short_circuit_decorator to None, run_after=None
[2025-04-20T20:56:33.319+0800] {processor.py:208} INFO - Processing /mnt/c/Users/wu_li/OneDrive/Desktop/Airflow_pract/venv/lib/python3.9/site-packages/airflow/example_dags/example_short_circuit_decorator.py took 0.176 seconds
[2025-04-20T20:58:02.503+0800] {processor.py:186} INFO - Started process (PID=89371) to work on /mnt/c/Users/wu_li/OneDrive/Desktop/Airflow_pract/venv/lib/python3.9/site-packages/airflow/example_dags/example_short_circuit_decorator.py
[2025-04-20T20:58:02.504+0800] {processor.py:914} INFO - Processing file /mnt/c/Users/wu_li/OneDrive/Desktop/Airflow_pract/venv/lib/python3.9/site-packages/airflow/example_dags/example_short_circuit_decorator.py for tasks to queue
[2025-04-20T20:58:02.507+0800] {logging_mixin.py:190} INFO - [2025-04-20T20:58:02.506+0800] {dagbag.py:588} INFO - Filling up the DagBag from /mnt/c/Users/wu_li/OneDrive/Desktop/Airflow_pract/venv/lib/python3.9/site-packages/airflow/example_dags/example_short_circuit_decorator.py
[2025-04-20T20:58:02.529+0800] {processor.py:925} INFO - DAG(s) 'example_short_circuit_decorator' retrieved from /mnt/c/Users/wu_li/OneDrive/Desktop/Airflow_pract/venv/lib/python3.9/site-packages/airflow/example_dags/example_short_circuit_decorator.py
[2025-04-20T20:58:02.560+0800] {logging_mixin.py:190} INFO - [2025-04-20T20:58:02.560+0800] {dag.py:3239} INFO - Sync 1 DAGs
[2025-04-20T20:58:02.575+0800] {logging_mixin.py:190} INFO - [2025-04-20T20:58:02.574+0800] {dag.py:4180} INFO - Setting next_dagrun for example_short_circuit_decorator to None, run_after=None
[2025-04-20T20:58:02.639+0800] {processor.py:208} INFO - Processing /mnt/c/Users/wu_li/OneDrive/Desktop/Airflow_pract/venv/lib/python3.9/site-packages/airflow/example_dags/example_short_circuit_decorator.py took 0.147 seconds
[2025-04-20T20:59:32.200+0800] {processor.py:186} INFO - Started process (PID=90448) to work on /mnt/c/Users/wu_li/OneDrive/Desktop/Airflow_pract/venv/lib/python3.9/site-packages/airflow/example_dags/example_short_circuit_decorator.py
[2025-04-20T20:59:32.202+0800] {processor.py:914} INFO - Processing file /mnt/c/Users/wu_li/OneDrive/Desktop/Airflow_pract/venv/lib/python3.9/site-packages/airflow/example_dags/example_short_circuit_decorator.py for tasks to queue
[2025-04-20T20:59:32.206+0800] {logging_mixin.py:190} INFO - [2025-04-20T20:59:32.204+0800] {dagbag.py:588} INFO - Filling up the DagBag from /mnt/c/Users/wu_li/OneDrive/Desktop/Airflow_pract/venv/lib/python3.9/site-packages/airflow/example_dags/example_short_circuit_decorator.py
[2025-04-20T20:59:32.245+0800] {processor.py:925} INFO - DAG(s) 'example_short_circuit_decorator' retrieved from /mnt/c/Users/wu_li/OneDrive/Desktop/Airflow_pract/venv/lib/python3.9/site-packages/airflow/example_dags/example_short_circuit_decorator.py
[2025-04-20T20:59:32.292+0800] {logging_mixin.py:190} INFO - [2025-04-20T20:59:32.291+0800] {dag.py:3239} INFO - Sync 1 DAGs
[2025-04-20T20:59:32.327+0800] {logging_mixin.py:190} INFO - [2025-04-20T20:59:32.324+0800] {dag.py:4180} INFO - Setting next_dagrun for example_short_circuit_decorator to None, run_after=None
[2025-04-20T20:59:32.424+0800] {processor.py:208} INFO - Processing /mnt/c/Users/wu_li/OneDrive/Desktop/Airflow_pract/venv/lib/python3.9/site-packages/airflow/example_dags/example_short_circuit_decorator.py took 0.246 seconds
[2025-04-20T21:01:01.756+0800] {processor.py:186} INFO - Started process (PID=91456) to work on /mnt/c/Users/wu_li/OneDrive/Desktop/Airflow_pract/venv/lib/python3.9/site-packages/airflow/example_dags/example_short_circuit_decorator.py
[2025-04-20T21:01:01.762+0800] {processor.py:914} INFO - Processing file /mnt/c/Users/wu_li/OneDrive/Desktop/Airflow_pract/venv/lib/python3.9/site-packages/airflow/example_dags/example_short_circuit_decorator.py for tasks to queue
[2025-04-20T21:01:01.766+0800] {logging_mixin.py:190} INFO - [2025-04-20T21:01:01.764+0800] {dagbag.py:588} INFO - Filling up the DagBag from /mnt/c/Users/wu_li/OneDrive/Desktop/Airflow_pract/venv/lib/python3.9/site-packages/airflow/example_dags/example_short_circuit_decorator.py
[2025-04-20T21:01:01.805+0800] {processor.py:925} INFO - DAG(s) 'example_short_circuit_decorator' retrieved from /mnt/c/Users/wu_li/OneDrive/Desktop/Airflow_pract/venv/lib/python3.9/site-packages/airflow/example_dags/example_short_circuit_decorator.py
[2025-04-20T21:01:01.869+0800] {logging_mixin.py:190} INFO - [2025-04-20T21:01:01.868+0800] {dag.py:3239} INFO - Sync 1 DAGs
[2025-04-20T21:01:01.912+0800] {logging_mixin.py:190} INFO - [2025-04-20T21:01:01.909+0800] {dag.py:4180} INFO - Setting next_dagrun for example_short_circuit_decorator to None, run_after=None
[2025-04-20T21:01:02.017+0800] {processor.py:208} INFO - Processing /mnt/c/Users/wu_li/OneDrive/Desktop/Airflow_pract/venv/lib/python3.9/site-packages/airflow/example_dags/example_short_circuit_decorator.py took 0.280 seconds
[2025-04-20T21:02:31.794+0800] {processor.py:186} INFO - Started process (PID=92464) to work on /mnt/c/Users/wu_li/OneDrive/Desktop/Airflow_pract/venv/lib/python3.9/site-packages/airflow/example_dags/example_short_circuit_decorator.py
[2025-04-20T21:02:31.797+0800] {processor.py:914} INFO - Processing file /mnt/c/Users/wu_li/OneDrive/Desktop/Airflow_pract/venv/lib/python3.9/site-packages/airflow/example_dags/example_short_circuit_decorator.py for tasks to queue
[2025-04-20T21:02:31.801+0800] {logging_mixin.py:190} INFO - [2025-04-20T21:02:31.800+0800] {dagbag.py:588} INFO - Filling up the DagBag from /mnt/c/Users/wu_li/OneDrive/Desktop/Airflow_pract/venv/lib/python3.9/site-packages/airflow/example_dags/example_short_circuit_decorator.py
[2025-04-20T21:02:31.839+0800] {processor.py:925} INFO - DAG(s) 'example_short_circuit_decorator' retrieved from /mnt/c/Users/wu_li/OneDrive/Desktop/Airflow_pract/venv/lib/python3.9/site-packages/airflow/example_dags/example_short_circuit_decorator.py
[2025-04-20T21:02:31.899+0800] {logging_mixin.py:190} INFO - [2025-04-20T21:02:31.898+0800] {dag.py:3239} INFO - Sync 1 DAGs
[2025-04-20T21:02:31.934+0800] {logging_mixin.py:190} INFO - [2025-04-20T21:02:31.932+0800] {dag.py:4180} INFO - Setting next_dagrun for example_short_circuit_decorator to None, run_after=None
[2025-04-20T21:02:32.041+0800] {processor.py:208} INFO - Processing /mnt/c/Users/wu_li/OneDrive/Desktop/Airflow_pract/venv/lib/python3.9/site-packages/airflow/example_dags/example_short_circuit_decorator.py took 0.264 seconds
[2025-04-20T21:03:58.008+0800] {processor.py:186} INFO - Started process (PID=93473) to work on /mnt/c/Users/wu_li/OneDrive/Desktop/Airflow_pract/venv/lib/python3.9/site-packages/airflow/example_dags/example_short_circuit_decorator.py
[2025-04-20T21:03:58.009+0800] {processor.py:914} INFO - Processing file /mnt/c/Users/wu_li/OneDrive/Desktop/Airflow_pract/venv/lib/python3.9/site-packages/airflow/example_dags/example_short_circuit_decorator.py for tasks to queue
[2025-04-20T21:03:58.012+0800] {logging_mixin.py:190} INFO - [2025-04-20T21:03:58.011+0800] {dagbag.py:588} INFO - Filling up the DagBag from /mnt/c/Users/wu_li/OneDrive/Desktop/Airflow_pract/venv/lib/python3.9/site-packages/airflow/example_dags/example_short_circuit_decorator.py
[2025-04-20T21:03:58.035+0800] {processor.py:925} INFO - DAG(s) 'example_short_circuit_decorator' retrieved from /mnt/c/Users/wu_li/OneDrive/Desktop/Airflow_pract/venv/lib/python3.9/site-packages/airflow/example_dags/example_short_circuit_decorator.py
[2025-04-20T21:03:58.064+0800] {logging_mixin.py:190} INFO - [2025-04-20T21:03:58.063+0800] {dag.py:3239} INFO - Sync 1 DAGs
[2025-04-20T21:03:58.077+0800] {logging_mixin.py:190} INFO - [2025-04-20T21:03:58.076+0800] {dag.py:4180} INFO - Setting next_dagrun for example_short_circuit_decorator to None, run_after=None
[2025-04-20T21:03:58.138+0800] {processor.py:208} INFO - Processing /mnt/c/Users/wu_li/OneDrive/Desktop/Airflow_pract/venv/lib/python3.9/site-packages/airflow/example_dags/example_short_circuit_decorator.py took 0.141 seconds
[2025-04-20T21:05:28.535+0800] {processor.py:186} INFO - Started process (PID=94551) to work on /mnt/c/Users/wu_li/OneDrive/Desktop/Airflow_pract/venv/lib/python3.9/site-packages/airflow/example_dags/example_short_circuit_decorator.py
[2025-04-20T21:05:28.537+0800] {processor.py:914} INFO - Processing file /mnt/c/Users/wu_li/OneDrive/Desktop/Airflow_pract/venv/lib/python3.9/site-packages/airflow/example_dags/example_short_circuit_decorator.py for tasks to queue
[2025-04-20T21:05:28.540+0800] {logging_mixin.py:190} INFO - [2025-04-20T21:05:28.539+0800] {dagbag.py:588} INFO - Filling up the DagBag from /mnt/c/Users/wu_li/OneDrive/Desktop/Airflow_pract/venv/lib/python3.9/site-packages/airflow/example_dags/example_short_circuit_decorator.py
[2025-04-20T21:05:28.567+0800] {processor.py:925} INFO - DAG(s) 'example_short_circuit_decorator' retrieved from /mnt/c/Users/wu_li/OneDrive/Desktop/Airflow_pract/venv/lib/python3.9/site-packages/airflow/example_dags/example_short_circuit_decorator.py
[2025-04-20T21:05:28.602+0800] {logging_mixin.py:190} INFO - [2025-04-20T21:05:28.601+0800] {dag.py:3239} INFO - Sync 1 DAGs
[2025-04-20T21:05:28.619+0800] {logging_mixin.py:190} INFO - [2025-04-20T21:05:28.618+0800] {dag.py:4180} INFO - Setting next_dagrun for example_short_circuit_decorator to None, run_after=None
[2025-04-20T21:05:28.679+0800] {processor.py:208} INFO - Processing /mnt/c/Users/wu_li/OneDrive/Desktop/Airflow_pract/venv/lib/python3.9/site-packages/airflow/example_dags/example_short_circuit_decorator.py took 0.156 seconds
[2025-04-20T21:07:03.255+0800] {processor.py:186} INFO - Started process (PID=95703) to work on /mnt/c/Users/wu_li/OneDrive/Desktop/Airflow_pract/venv/lib/python3.9/site-packages/airflow/example_dags/example_short_circuit_decorator.py
[2025-04-20T21:07:03.258+0800] {processor.py:914} INFO - Processing file /mnt/c/Users/wu_li/OneDrive/Desktop/Airflow_pract/venv/lib/python3.9/site-packages/airflow/example_dags/example_short_circuit_decorator.py for tasks to queue
[2025-04-20T21:07:03.262+0800] {logging_mixin.py:190} INFO - [2025-04-20T21:07:03.260+0800] {dagbag.py:588} INFO - Filling up the DagBag from /mnt/c/Users/wu_li/OneDrive/Desktop/Airflow_pract/venv/lib/python3.9/site-packages/airflow/example_dags/example_short_circuit_decorator.py
[2025-04-20T21:07:03.299+0800] {processor.py:925} INFO - DAG(s) 'example_short_circuit_decorator' retrieved from /mnt/c/Users/wu_li/OneDrive/Desktop/Airflow_pract/venv/lib/python3.9/site-packages/airflow/example_dags/example_short_circuit_decorator.py
[2025-04-20T21:07:03.360+0800] {logging_mixin.py:190} INFO - [2025-04-20T21:07:03.359+0800] {dag.py:3239} INFO - Sync 1 DAGs
[2025-04-20T21:07:03.399+0800] {logging_mixin.py:190} INFO - [2025-04-20T21:07:03.397+0800] {dag.py:4180} INFO - Setting next_dagrun for example_short_circuit_decorator to None, run_after=None
[2025-04-20T21:07:03.484+0800] {processor.py:208} INFO - Processing /mnt/c/Users/wu_li/OneDrive/Desktop/Airflow_pract/venv/lib/python3.9/site-packages/airflow/example_dags/example_short_circuit_decorator.py took 0.251 seconds
[2025-04-20T21:08:33.629+0800] {processor.py:186} INFO - Started process (PID=96784) to work on /mnt/c/Users/wu_li/OneDrive/Desktop/Airflow_pract/venv/lib/python3.9/site-packages/airflow/example_dags/example_short_circuit_decorator.py
[2025-04-20T21:08:33.632+0800] {processor.py:914} INFO - Processing file /mnt/c/Users/wu_li/OneDrive/Desktop/Airflow_pract/venv/lib/python3.9/site-packages/airflow/example_dags/example_short_circuit_decorator.py for tasks to queue
[2025-04-20T21:08:33.639+0800] {logging_mixin.py:190} INFO - [2025-04-20T21:08:33.637+0800] {dagbag.py:588} INFO - Filling up the DagBag from /mnt/c/Users/wu_li/OneDrive/Desktop/Airflow_pract/venv/lib/python3.9/site-packages/airflow/example_dags/example_short_circuit_decorator.py
[2025-04-20T21:08:33.681+0800] {processor.py:925} INFO - DAG(s) 'example_short_circuit_decorator' retrieved from /mnt/c/Users/wu_li/OneDrive/Desktop/Airflow_pract/venv/lib/python3.9/site-packages/airflow/example_dags/example_short_circuit_decorator.py
[2025-04-20T21:08:33.761+0800] {logging_mixin.py:190} INFO - [2025-04-20T21:08:33.759+0800] {dag.py:3239} INFO - Sync 1 DAGs
[2025-04-20T21:08:33.803+0800] {logging_mixin.py:190} INFO - [2025-04-20T21:08:33.801+0800] {dag.py:4180} INFO - Setting next_dagrun for example_short_circuit_decorator to None, run_after=None
[2025-04-20T21:08:33.890+0800] {processor.py:208} INFO - Processing /mnt/c/Users/wu_li/OneDrive/Desktop/Airflow_pract/venv/lib/python3.9/site-packages/airflow/example_dags/example_short_circuit_decorator.py took 0.280 seconds
[2025-04-20T21:10:01.361+0800] {processor.py:186} INFO - Started process (PID=97864) to work on /mnt/c/Users/wu_li/OneDrive/Desktop/Airflow_pract/venv/lib/python3.9/site-packages/airflow/example_dags/example_short_circuit_decorator.py
[2025-04-20T21:10:01.363+0800] {processor.py:914} INFO - Processing file /mnt/c/Users/wu_li/OneDrive/Desktop/Airflow_pract/venv/lib/python3.9/site-packages/airflow/example_dags/example_short_circuit_decorator.py for tasks to queue
[2025-04-20T21:10:01.367+0800] {logging_mixin.py:190} INFO - [2025-04-20T21:10:01.366+0800] {dagbag.py:588} INFO - Filling up the DagBag from /mnt/c/Users/wu_li/OneDrive/Desktop/Airflow_pract/venv/lib/python3.9/site-packages/airflow/example_dags/example_short_circuit_decorator.py
[2025-04-20T21:10:01.399+0800] {processor.py:925} INFO - DAG(s) 'example_short_circuit_decorator' retrieved from /mnt/c/Users/wu_li/OneDrive/Desktop/Airflow_pract/venv/lib/python3.9/site-packages/airflow/example_dags/example_short_circuit_decorator.py
[2025-04-20T21:10:01.461+0800] {logging_mixin.py:190} INFO - [2025-04-20T21:10:01.460+0800] {dag.py:3239} INFO - Sync 1 DAGs
[2025-04-20T21:10:01.494+0800] {logging_mixin.py:190} INFO - [2025-04-20T21:10:01.491+0800] {dag.py:4180} INFO - Setting next_dagrun for example_short_circuit_decorator to None, run_after=None
[2025-04-20T21:10:01.591+0800] {processor.py:208} INFO - Processing /mnt/c/Users/wu_li/OneDrive/Desktop/Airflow_pract/venv/lib/python3.9/site-packages/airflow/example_dags/example_short_circuit_decorator.py took 0.248 seconds
[2025-04-20T21:11:35.188+0800] {processor.py:186} INFO - Started process (PID=98946) to work on /mnt/c/Users/wu_li/OneDrive/Desktop/Airflow_pract/venv/lib/python3.9/site-packages/airflow/example_dags/example_short_circuit_decorator.py
[2025-04-20T21:11:35.189+0800] {processor.py:914} INFO - Processing file /mnt/c/Users/wu_li/OneDrive/Desktop/Airflow_pract/venv/lib/python3.9/site-packages/airflow/example_dags/example_short_circuit_decorator.py for tasks to queue
[2025-04-20T21:11:35.192+0800] {logging_mixin.py:190} INFO - [2025-04-20T21:11:35.191+0800] {dagbag.py:588} INFO - Filling up the DagBag from /mnt/c/Users/wu_li/OneDrive/Desktop/Airflow_pract/venv/lib/python3.9/site-packages/airflow/example_dags/example_short_circuit_decorator.py
[2025-04-20T21:11:35.212+0800] {processor.py:925} INFO - DAG(s) 'example_short_circuit_decorator' retrieved from /mnt/c/Users/wu_li/OneDrive/Desktop/Airflow_pract/venv/lib/python3.9/site-packages/airflow/example_dags/example_short_circuit_decorator.py
[2025-04-20T21:11:35.238+0800] {logging_mixin.py:190} INFO - [2025-04-20T21:11:35.237+0800] {dag.py:3239} INFO - Sync 1 DAGs
[2025-04-20T21:11:35.252+0800] {logging_mixin.py:190} INFO - [2025-04-20T21:11:35.251+0800] {dag.py:4180} INFO - Setting next_dagrun for example_short_circuit_decorator to None, run_after=None
[2025-04-20T21:11:35.314+0800] {processor.py:208} INFO - Processing /mnt/c/Users/wu_li/OneDrive/Desktop/Airflow_pract/venv/lib/python3.9/site-packages/airflow/example_dags/example_short_circuit_decorator.py took 0.143 seconds
[2025-04-20T21:13:05.443+0800] {processor.py:186} INFO - Started process (PID=100026) to work on /mnt/c/Users/wu_li/OneDrive/Desktop/Airflow_pract/venv/lib/python3.9/site-packages/airflow/example_dags/example_short_circuit_decorator.py
[2025-04-20T21:13:05.446+0800] {processor.py:914} INFO - Processing file /mnt/c/Users/wu_li/OneDrive/Desktop/Airflow_pract/venv/lib/python3.9/site-packages/airflow/example_dags/example_short_circuit_decorator.py for tasks to queue
[2025-04-20T21:13:05.450+0800] {logging_mixin.py:190} INFO - [2025-04-20T21:13:05.448+0800] {dagbag.py:588} INFO - Filling up the DagBag from /mnt/c/Users/wu_li/OneDrive/Desktop/Airflow_pract/venv/lib/python3.9/site-packages/airflow/example_dags/example_short_circuit_decorator.py
[2025-04-20T21:13:05.496+0800] {processor.py:925} INFO - DAG(s) 'example_short_circuit_decorator' retrieved from /mnt/c/Users/wu_li/OneDrive/Desktop/Airflow_pract/venv/lib/python3.9/site-packages/airflow/example_dags/example_short_circuit_decorator.py
[2025-04-20T21:13:05.615+0800] {logging_mixin.py:190} INFO - [2025-04-20T21:13:05.600+0800] {dag.py:3239} INFO - Sync 1 DAGs
[2025-04-20T21:13:05.654+0800] {logging_mixin.py:190} INFO - [2025-04-20T21:13:05.652+0800] {dag.py:4180} INFO - Setting next_dagrun for example_short_circuit_decorator to None, run_after=None
[2025-04-20T21:13:05.751+0800] {processor.py:208} INFO - Processing /mnt/c/Users/wu_li/OneDrive/Desktop/Airflow_pract/venv/lib/python3.9/site-packages/airflow/example_dags/example_short_circuit_decorator.py took 0.325 seconds
[2025-04-20T21:14:37.081+0800] {processor.py:186} INFO - Started process (PID=101106) to work on /mnt/c/Users/wu_li/OneDrive/Desktop/Airflow_pract/venv/lib/python3.9/site-packages/airflow/example_dags/example_short_circuit_decorator.py
[2025-04-20T21:14:37.084+0800] {processor.py:914} INFO - Processing file /mnt/c/Users/wu_li/OneDrive/Desktop/Airflow_pract/venv/lib/python3.9/site-packages/airflow/example_dags/example_short_circuit_decorator.py for tasks to queue
[2025-04-20T21:14:37.094+0800] {logging_mixin.py:190} INFO - [2025-04-20T21:14:37.092+0800] {dagbag.py:588} INFO - Filling up the DagBag from /mnt/c/Users/wu_li/OneDrive/Desktop/Airflow_pract/venv/lib/python3.9/site-packages/airflow/example_dags/example_short_circuit_decorator.py
[2025-04-20T21:14:37.136+0800] {processor.py:925} INFO - DAG(s) 'example_short_circuit_decorator' retrieved from /mnt/c/Users/wu_li/OneDrive/Desktop/Airflow_pract/venv/lib/python3.9/site-packages/airflow/example_dags/example_short_circuit_decorator.py
[2025-04-20T21:14:37.195+0800] {logging_mixin.py:190} INFO - [2025-04-20T21:14:37.194+0800] {dag.py:3239} INFO - Sync 1 DAGs
[2025-04-20T21:14:37.219+0800] {logging_mixin.py:190} INFO - [2025-04-20T21:14:37.218+0800] {dag.py:4180} INFO - Setting next_dagrun for example_short_circuit_decorator to None, run_after=None
[2025-04-20T21:14:37.311+0800] {processor.py:208} INFO - Processing /mnt/c/Users/wu_li/OneDrive/Desktop/Airflow_pract/venv/lib/python3.9/site-packages/airflow/example_dags/example_short_circuit_decorator.py took 0.255 seconds
[2025-04-20T21:16:07.945+0800] {processor.py:186} INFO - Started process (PID=102115) to work on /mnt/c/Users/wu_li/OneDrive/Desktop/Airflow_pract/venv/lib/python3.9/site-packages/airflow/example_dags/example_short_circuit_decorator.py
[2025-04-20T21:16:07.947+0800] {processor.py:914} INFO - Processing file /mnt/c/Users/wu_li/OneDrive/Desktop/Airflow_pract/venv/lib/python3.9/site-packages/airflow/example_dags/example_short_circuit_decorator.py for tasks to queue
[2025-04-20T21:16:07.949+0800] {logging_mixin.py:190} INFO - [2025-04-20T21:16:07.948+0800] {dagbag.py:588} INFO - Filling up the DagBag from /mnt/c/Users/wu_li/OneDrive/Desktop/Airflow_pract/venv/lib/python3.9/site-packages/airflow/example_dags/example_short_circuit_decorator.py
[2025-04-20T21:16:07.976+0800] {processor.py:925} INFO - DAG(s) 'example_short_circuit_decorator' retrieved from /mnt/c/Users/wu_li/OneDrive/Desktop/Airflow_pract/venv/lib/python3.9/site-packages/airflow/example_dags/example_short_circuit_decorator.py
[2025-04-20T21:16:08.010+0800] {logging_mixin.py:190} INFO - [2025-04-20T21:16:08.009+0800] {dag.py:3239} INFO - Sync 1 DAGs
[2025-04-20T21:16:08.023+0800] {logging_mixin.py:190} INFO - [2025-04-20T21:16:08.022+0800] {dag.py:4180} INFO - Setting next_dagrun for example_short_circuit_decorator to None, run_after=None
[2025-04-20T21:16:08.082+0800] {processor.py:208} INFO - Processing /mnt/c/Users/wu_li/OneDrive/Desktop/Airflow_pract/venv/lib/python3.9/site-packages/airflow/example_dags/example_short_circuit_decorator.py took 0.149 seconds
[2025-04-20T21:17:34.312+0800] {processor.py:186} INFO - Started process (PID=103124) to work on /mnt/c/Users/wu_li/OneDrive/Desktop/Airflow_pract/venv/lib/python3.9/site-packages/airflow/example_dags/example_short_circuit_decorator.py
[2025-04-20T21:17:34.318+0800] {processor.py:914} INFO - Processing file /mnt/c/Users/wu_li/OneDrive/Desktop/Airflow_pract/venv/lib/python3.9/site-packages/airflow/example_dags/example_short_circuit_decorator.py for tasks to queue
[2025-04-20T21:17:34.322+0800] {logging_mixin.py:190} INFO - [2025-04-20T21:17:34.321+0800] {dagbag.py:588} INFO - Filling up the DagBag from /mnt/c/Users/wu_li/OneDrive/Desktop/Airflow_pract/venv/lib/python3.9/site-packages/airflow/example_dags/example_short_circuit_decorator.py
[2025-04-20T21:17:34.375+0800] {processor.py:925} INFO - DAG(s) 'example_short_circuit_decorator' retrieved from /mnt/c/Users/wu_li/OneDrive/Desktop/Airflow_pract/venv/lib/python3.9/site-packages/airflow/example_dags/example_short_circuit_decorator.py
[2025-04-20T21:17:34.453+0800] {logging_mixin.py:190} INFO - [2025-04-20T21:17:34.451+0800] {dag.py:3239} INFO - Sync 1 DAGs
[2025-04-20T21:17:34.491+0800] {logging_mixin.py:190} INFO - [2025-04-20T21:17:34.490+0800] {dag.py:4180} INFO - Setting next_dagrun for example_short_circuit_decorator to None, run_after=None
[2025-04-20T21:17:34.598+0800] {processor.py:208} INFO - Processing /mnt/c/Users/wu_li/OneDrive/Desktop/Airflow_pract/venv/lib/python3.9/site-packages/airflow/example_dags/example_short_circuit_decorator.py took 0.307 seconds
[2025-04-20T21:19:01.154+0800] {processor.py:186} INFO - Started process (PID=104129) to work on /mnt/c/Users/wu_li/OneDrive/Desktop/Airflow_pract/venv/lib/python3.9/site-packages/airflow/example_dags/example_short_circuit_decorator.py
[2025-04-20T21:19:01.157+0800] {processor.py:914} INFO - Processing file /mnt/c/Users/wu_li/OneDrive/Desktop/Airflow_pract/venv/lib/python3.9/site-packages/airflow/example_dags/example_short_circuit_decorator.py for tasks to queue
[2025-04-20T21:19:01.160+0800] {logging_mixin.py:190} INFO - [2025-04-20T21:19:01.159+0800] {dagbag.py:588} INFO - Filling up the DagBag from /mnt/c/Users/wu_li/OneDrive/Desktop/Airflow_pract/venv/lib/python3.9/site-packages/airflow/example_dags/example_short_circuit_decorator.py
[2025-04-20T21:19:01.197+0800] {processor.py:925} INFO - DAG(s) 'example_short_circuit_decorator' retrieved from /mnt/c/Users/wu_li/OneDrive/Desktop/Airflow_pract/venv/lib/python3.9/site-packages/airflow/example_dags/example_short_circuit_decorator.py
[2025-04-20T21:19:01.254+0800] {logging_mixin.py:190} INFO - [2025-04-20T21:19:01.252+0800] {dag.py:3239} INFO - Sync 1 DAGs
[2025-04-20T21:19:01.275+0800] {logging_mixin.py:190} INFO - [2025-04-20T21:19:01.274+0800] {dag.py:4180} INFO - Setting next_dagrun for example_short_circuit_decorator to None, run_after=None
[2025-04-20T21:19:01.335+0800] {processor.py:208} INFO - Processing /mnt/c/Users/wu_li/OneDrive/Desktop/Airflow_pract/venv/lib/python3.9/site-packages/airflow/example_dags/example_short_circuit_decorator.py took 0.201 seconds
[2025-04-20T21:20:31.266+0800] {processor.py:186} INFO - Started process (PID=105209) to work on /mnt/c/Users/wu_li/OneDrive/Desktop/Airflow_pract/venv/lib/python3.9/site-packages/airflow/example_dags/example_short_circuit_decorator.py
[2025-04-20T21:20:31.270+0800] {processor.py:914} INFO - Processing file /mnt/c/Users/wu_li/OneDrive/Desktop/Airflow_pract/venv/lib/python3.9/site-packages/airflow/example_dags/example_short_circuit_decorator.py for tasks to queue
[2025-04-20T21:20:31.274+0800] {logging_mixin.py:190} INFO - [2025-04-20T21:20:31.272+0800] {dagbag.py:588} INFO - Filling up the DagBag from /mnt/c/Users/wu_li/OneDrive/Desktop/Airflow_pract/venv/lib/python3.9/site-packages/airflow/example_dags/example_short_circuit_decorator.py
[2025-04-20T21:20:31.315+0800] {processor.py:925} INFO - DAG(s) 'example_short_circuit_decorator' retrieved from /mnt/c/Users/wu_li/OneDrive/Desktop/Airflow_pract/venv/lib/python3.9/site-packages/airflow/example_dags/example_short_circuit_decorator.py
[2025-04-20T21:20:31.373+0800] {logging_mixin.py:190} INFO - [2025-04-20T21:20:31.372+0800] {dag.py:3239} INFO - Sync 1 DAGs
[2025-04-20T21:20:31.412+0800] {logging_mixin.py:190} INFO - [2025-04-20T21:20:31.411+0800] {dag.py:4180} INFO - Setting next_dagrun for example_short_circuit_decorator to None, run_after=None
[2025-04-20T21:20:31.509+0800] {processor.py:208} INFO - Processing /mnt/c/Users/wu_li/OneDrive/Desktop/Airflow_pract/venv/lib/python3.9/site-packages/airflow/example_dags/example_short_circuit_decorator.py took 0.266 seconds
[2025-04-20T21:22:02.911+0800] {processor.py:186} INFO - Started process (PID=106287) to work on /mnt/c/Users/wu_li/OneDrive/Desktop/Airflow_pract/venv/lib/python3.9/site-packages/airflow/example_dags/example_short_circuit_decorator.py
[2025-04-20T21:22:02.913+0800] {processor.py:914} INFO - Processing file /mnt/c/Users/wu_li/OneDrive/Desktop/Airflow_pract/venv/lib/python3.9/site-packages/airflow/example_dags/example_short_circuit_decorator.py for tasks to queue
[2025-04-20T21:22:02.917+0800] {logging_mixin.py:190} INFO - [2025-04-20T21:22:02.915+0800] {dagbag.py:588} INFO - Filling up the DagBag from /mnt/c/Users/wu_li/OneDrive/Desktop/Airflow_pract/venv/lib/python3.9/site-packages/airflow/example_dags/example_short_circuit_decorator.py
[2025-04-20T21:22:02.953+0800] {processor.py:925} INFO - DAG(s) 'example_short_circuit_decorator' retrieved from /mnt/c/Users/wu_li/OneDrive/Desktop/Airflow_pract/venv/lib/python3.9/site-packages/airflow/example_dags/example_short_circuit_decorator.py
[2025-04-20T21:22:03.015+0800] {logging_mixin.py:190} INFO - [2025-04-20T21:22:03.014+0800] {dag.py:3239} INFO - Sync 1 DAGs
[2025-04-20T21:22:03.056+0800] {logging_mixin.py:190} INFO - [2025-04-20T21:22:03.054+0800] {dag.py:4180} INFO - Setting next_dagrun for example_short_circuit_decorator to None, run_after=None
[2025-04-20T21:22:03.154+0800] {processor.py:208} INFO - Processing /mnt/c/Users/wu_li/OneDrive/Desktop/Airflow_pract/venv/lib/python3.9/site-packages/airflow/example_dags/example_short_circuit_decorator.py took 0.261 seconds
[2025-04-20T21:23:34.556+0800] {processor.py:186} INFO - Started process (PID=107225) to work on /mnt/c/Users/wu_li/OneDrive/Desktop/Airflow_pract/venv/lib/python3.9/site-packages/airflow/example_dags/example_short_circuit_decorator.py
[2025-04-20T21:23:34.558+0800] {processor.py:914} INFO - Processing file /mnt/c/Users/wu_li/OneDrive/Desktop/Airflow_pract/venv/lib/python3.9/site-packages/airflow/example_dags/example_short_circuit_decorator.py for tasks to queue
[2025-04-20T21:23:34.565+0800] {logging_mixin.py:190} INFO - [2025-04-20T21:23:34.563+0800] {dagbag.py:588} INFO - Filling up the DagBag from /mnt/c/Users/wu_li/OneDrive/Desktop/Airflow_pract/venv/lib/python3.9/site-packages/airflow/example_dags/example_short_circuit_decorator.py
[2025-04-20T21:23:34.605+0800] {processor.py:925} INFO - DAG(s) 'example_short_circuit_decorator' retrieved from /mnt/c/Users/wu_li/OneDrive/Desktop/Airflow_pract/venv/lib/python3.9/site-packages/airflow/example_dags/example_short_circuit_decorator.py
[2025-04-20T21:23:34.668+0800] {logging_mixin.py:190} INFO - [2025-04-20T21:23:34.666+0800] {dag.py:3239} INFO - Sync 1 DAGs
[2025-04-20T21:23:34.703+0800] {logging_mixin.py:190} INFO - [2025-04-20T21:23:34.701+0800] {dag.py:4180} INFO - Setting next_dagrun for example_short_circuit_decorator to None, run_after=None
[2025-04-20T21:23:34.796+0800] {processor.py:208} INFO - Processing /mnt/c/Users/wu_li/OneDrive/Desktop/Airflow_pract/venv/lib/python3.9/site-packages/airflow/example_dags/example_short_circuit_decorator.py took 0.260 seconds
[2025-04-20T21:25:05.011+0800] {processor.py:186} INFO - Started process (PID=108235) to work on /mnt/c/Users/wu_li/OneDrive/Desktop/Airflow_pract/venv/lib/python3.9/site-packages/airflow/example_dags/example_short_circuit_decorator.py
[2025-04-20T21:25:05.012+0800] {processor.py:914} INFO - Processing file /mnt/c/Users/wu_li/OneDrive/Desktop/Airflow_pract/venv/lib/python3.9/site-packages/airflow/example_dags/example_short_circuit_decorator.py for tasks to queue
[2025-04-20T21:25:05.015+0800] {logging_mixin.py:190} INFO - [2025-04-20T21:25:05.014+0800] {dagbag.py:588} INFO - Filling up the DagBag from /mnt/c/Users/wu_li/OneDrive/Desktop/Airflow_pract/venv/lib/python3.9/site-packages/airflow/example_dags/example_short_circuit_decorator.py
[2025-04-20T21:25:05.036+0800] {processor.py:925} INFO - DAG(s) 'example_short_circuit_decorator' retrieved from /mnt/c/Users/wu_li/OneDrive/Desktop/Airflow_pract/venv/lib/python3.9/site-packages/airflow/example_dags/example_short_circuit_decorator.py
[2025-04-20T21:25:05.065+0800] {logging_mixin.py:190} INFO - [2025-04-20T21:25:05.065+0800] {dag.py:3239} INFO - Sync 1 DAGs
[2025-04-20T21:25:05.081+0800] {logging_mixin.py:190} INFO - [2025-04-20T21:25:05.080+0800] {dag.py:4180} INFO - Setting next_dagrun for example_short_circuit_decorator to None, run_after=None
[2025-04-20T21:25:05.145+0800] {processor.py:208} INFO - Processing /mnt/c/Users/wu_li/OneDrive/Desktop/Airflow_pract/venv/lib/python3.9/site-packages/airflow/example_dags/example_short_circuit_decorator.py took 0.145 seconds
[2025-04-20T21:26:37.663+0800] {processor.py:186} INFO - Started process (PID=109312) to work on /mnt/c/Users/wu_li/OneDrive/Desktop/Airflow_pract/venv/lib/python3.9/site-packages/airflow/example_dags/example_short_circuit_decorator.py
[2025-04-20T21:26:37.665+0800] {processor.py:914} INFO - Processing file /mnt/c/Users/wu_li/OneDrive/Desktop/Airflow_pract/venv/lib/python3.9/site-packages/airflow/example_dags/example_short_circuit_decorator.py for tasks to queue
[2025-04-20T21:26:37.669+0800] {logging_mixin.py:190} INFO - [2025-04-20T21:26:37.668+0800] {dagbag.py:588} INFO - Filling up the DagBag from /mnt/c/Users/wu_li/OneDrive/Desktop/Airflow_pract/venv/lib/python3.9/site-packages/airflow/example_dags/example_short_circuit_decorator.py
[2025-04-20T21:26:37.710+0800] {processor.py:925} INFO - DAG(s) 'example_short_circuit_decorator' retrieved from /mnt/c/Users/wu_li/OneDrive/Desktop/Airflow_pract/venv/lib/python3.9/site-packages/airflow/example_dags/example_short_circuit_decorator.py
[2025-04-20T21:26:37.774+0800] {logging_mixin.py:190} INFO - [2025-04-20T21:26:37.772+0800] {dag.py:3239} INFO - Sync 1 DAGs
[2025-04-20T21:26:37.814+0800] {logging_mixin.py:190} INFO - [2025-04-20T21:26:37.813+0800] {dag.py:4180} INFO - Setting next_dagrun for example_short_circuit_decorator to None, run_after=None
[2025-04-20T21:26:37.905+0800] {processor.py:208} INFO - Processing /mnt/c/Users/wu_li/OneDrive/Desktop/Airflow_pract/venv/lib/python3.9/site-packages/airflow/example_dags/example_short_circuit_decorator.py took 0.262 seconds
[2025-04-20T21:28:07.034+0800] {processor.py:186} INFO - Started process (PID=110322) to work on /mnt/c/Users/wu_li/OneDrive/Desktop/Airflow_pract/venv/lib/python3.9/site-packages/airflow/example_dags/example_short_circuit_decorator.py
[2025-04-20T21:28:07.036+0800] {processor.py:914} INFO - Processing file /mnt/c/Users/wu_li/OneDrive/Desktop/Airflow_pract/venv/lib/python3.9/site-packages/airflow/example_dags/example_short_circuit_decorator.py for tasks to queue
[2025-04-20T21:28:07.038+0800] {logging_mixin.py:190} INFO - [2025-04-20T21:28:07.037+0800] {dagbag.py:588} INFO - Filling up the DagBag from /mnt/c/Users/wu_li/OneDrive/Desktop/Airflow_pract/venv/lib/python3.9/site-packages/airflow/example_dags/example_short_circuit_decorator.py
[2025-04-20T21:28:07.059+0800] {processor.py:925} INFO - DAG(s) 'example_short_circuit_decorator' retrieved from /mnt/c/Users/wu_li/OneDrive/Desktop/Airflow_pract/venv/lib/python3.9/site-packages/airflow/example_dags/example_short_circuit_decorator.py
[2025-04-20T21:28:07.087+0800] {logging_mixin.py:190} INFO - [2025-04-20T21:28:07.086+0800] {dag.py:3239} INFO - Sync 1 DAGs
[2025-04-20T21:28:07.100+0800] {logging_mixin.py:190} INFO - [2025-04-20T21:28:07.099+0800] {dag.py:4180} INFO - Setting next_dagrun for example_short_circuit_decorator to None, run_after=None
[2025-04-20T21:28:07.157+0800] {processor.py:208} INFO - Processing /mnt/c/Users/wu_li/OneDrive/Desktop/Airflow_pract/venv/lib/python3.9/site-packages/airflow/example_dags/example_short_circuit_decorator.py took 0.133 seconds
[2025-04-20T21:29:38.131+0800] {processor.py:186} INFO - Started process (PID=111404) to work on /mnt/c/Users/wu_li/OneDrive/Desktop/Airflow_pract/venv/lib/python3.9/site-packages/airflow/example_dags/example_short_circuit_decorator.py
[2025-04-20T21:29:38.133+0800] {processor.py:914} INFO - Processing file /mnt/c/Users/wu_li/OneDrive/Desktop/Airflow_pract/venv/lib/python3.9/site-packages/airflow/example_dags/example_short_circuit_decorator.py for tasks to queue
[2025-04-20T21:29:38.135+0800] {logging_mixin.py:190} INFO - [2025-04-20T21:29:38.134+0800] {dagbag.py:588} INFO - Filling up the DagBag from /mnt/c/Users/wu_li/OneDrive/Desktop/Airflow_pract/venv/lib/python3.9/site-packages/airflow/example_dags/example_short_circuit_decorator.py
[2025-04-20T21:29:38.156+0800] {processor.py:925} INFO - DAG(s) 'example_short_circuit_decorator' retrieved from /mnt/c/Users/wu_li/OneDrive/Desktop/Airflow_pract/venv/lib/python3.9/site-packages/airflow/example_dags/example_short_circuit_decorator.py
[2025-04-20T21:29:38.183+0800] {logging_mixin.py:190} INFO - [2025-04-20T21:29:38.182+0800] {dag.py:3239} INFO - Sync 1 DAGs
[2025-04-20T21:29:38.197+0800] {logging_mixin.py:190} INFO - [2025-04-20T21:29:38.196+0800] {dag.py:4180} INFO - Setting next_dagrun for example_short_circuit_decorator to None, run_after=None
[2025-04-20T21:29:38.252+0800] {processor.py:208} INFO - Processing /mnt/c/Users/wu_li/OneDrive/Desktop/Airflow_pract/venv/lib/python3.9/site-packages/airflow/example_dags/example_short_circuit_decorator.py took 0.132 seconds
[2025-04-20T21:31:10.730+0800] {processor.py:186} INFO - Started process (PID=112483) to work on /mnt/c/Users/wu_li/OneDrive/Desktop/Airflow_pract/venv/lib/python3.9/site-packages/airflow/example_dags/example_short_circuit_decorator.py
[2025-04-20T21:31:10.731+0800] {processor.py:914} INFO - Processing file /mnt/c/Users/wu_li/OneDrive/Desktop/Airflow_pract/venv/lib/python3.9/site-packages/airflow/example_dags/example_short_circuit_decorator.py for tasks to queue
[2025-04-20T21:31:10.733+0800] {logging_mixin.py:190} INFO - [2025-04-20T21:31:10.733+0800] {dagbag.py:588} INFO - Filling up the DagBag from /mnt/c/Users/wu_li/OneDrive/Desktop/Airflow_pract/venv/lib/python3.9/site-packages/airflow/example_dags/example_short_circuit_decorator.py
[2025-04-20T21:31:10.756+0800] {processor.py:925} INFO - DAG(s) 'example_short_circuit_decorator' retrieved from /mnt/c/Users/wu_li/OneDrive/Desktop/Airflow_pract/venv/lib/python3.9/site-packages/airflow/example_dags/example_short_circuit_decorator.py
[2025-04-20T21:31:10.785+0800] {logging_mixin.py:190} INFO - [2025-04-20T21:31:10.784+0800] {dag.py:3239} INFO - Sync 1 DAGs
[2025-04-20T21:31:10.798+0800] {logging_mixin.py:190} INFO - [2025-04-20T21:31:10.797+0800] {dag.py:4180} INFO - Setting next_dagrun for example_short_circuit_decorator to None, run_after=None
[2025-04-20T21:31:10.847+0800] {processor.py:208} INFO - Processing /mnt/c/Users/wu_li/OneDrive/Desktop/Airflow_pract/venv/lib/python3.9/site-packages/airflow/example_dags/example_short_circuit_decorator.py took 0.128 seconds
[2025-04-20T21:32:40.675+0800] {processor.py:186} INFO - Started process (PID=113492) to work on /mnt/c/Users/wu_li/OneDrive/Desktop/Airflow_pract/venv/lib/python3.9/site-packages/airflow/example_dags/example_short_circuit_decorator.py
[2025-04-20T21:32:40.676+0800] {processor.py:914} INFO - Processing file /mnt/c/Users/wu_li/OneDrive/Desktop/Airflow_pract/venv/lib/python3.9/site-packages/airflow/example_dags/example_short_circuit_decorator.py for tasks to queue
[2025-04-20T21:32:40.679+0800] {logging_mixin.py:190} INFO - [2025-04-20T21:32:40.678+0800] {dagbag.py:588} INFO - Filling up the DagBag from /mnt/c/Users/wu_li/OneDrive/Desktop/Airflow_pract/venv/lib/python3.9/site-packages/airflow/example_dags/example_short_circuit_decorator.py
[2025-04-20T21:32:40.700+0800] {processor.py:925} INFO - DAG(s) 'example_short_circuit_decorator' retrieved from /mnt/c/Users/wu_li/OneDrive/Desktop/Airflow_pract/venv/lib/python3.9/site-packages/airflow/example_dags/example_short_circuit_decorator.py
[2025-04-20T21:32:40.727+0800] {logging_mixin.py:190} INFO - [2025-04-20T21:32:40.727+0800] {dag.py:3239} INFO - Sync 1 DAGs
[2025-04-20T21:32:40.740+0800] {logging_mixin.py:190} INFO - [2025-04-20T21:32:40.740+0800] {dag.py:4180} INFO - Setting next_dagrun for example_short_circuit_decorator to None, run_after=None
[2025-04-20T21:32:40.807+0800] {processor.py:208} INFO - Processing /mnt/c/Users/wu_li/OneDrive/Desktop/Airflow_pract/venv/lib/python3.9/site-packages/airflow/example_dags/example_short_circuit_decorator.py took 0.143 seconds
[2025-04-20T21:34:09.785+0800] {processor.py:186} INFO - Started process (PID=114567) to work on /mnt/c/Users/wu_li/OneDrive/Desktop/Airflow_pract/venv/lib/python3.9/site-packages/airflow/example_dags/example_short_circuit_decorator.py
[2025-04-20T21:34:09.791+0800] {processor.py:914} INFO - Processing file /mnt/c/Users/wu_li/OneDrive/Desktop/Airflow_pract/venv/lib/python3.9/site-packages/airflow/example_dags/example_short_circuit_decorator.py for tasks to queue
[2025-04-20T21:34:09.800+0800] {logging_mixin.py:190} INFO - [2025-04-20T21:34:09.798+0800] {dagbag.py:588} INFO - Filling up the DagBag from /mnt/c/Users/wu_li/OneDrive/Desktop/Airflow_pract/venv/lib/python3.9/site-packages/airflow/example_dags/example_short_circuit_decorator.py
[2025-04-20T21:34:09.848+0800] {processor.py:925} INFO - DAG(s) 'example_short_circuit_decorator' retrieved from /mnt/c/Users/wu_li/OneDrive/Desktop/Airflow_pract/venv/lib/python3.9/site-packages/airflow/example_dags/example_short_circuit_decorator.py
[2025-04-20T21:34:09.904+0800] {logging_mixin.py:190} INFO - [2025-04-20T21:34:09.903+0800] {dag.py:3239} INFO - Sync 1 DAGs
[2025-04-20T21:34:09.942+0800] {logging_mixin.py:190} INFO - [2025-04-20T21:34:09.939+0800] {dag.py:4180} INFO - Setting next_dagrun for example_short_circuit_decorator to None, run_after=None
[2025-04-20T21:34:10.030+0800] {processor.py:208} INFO - Processing /mnt/c/Users/wu_li/OneDrive/Desktop/Airflow_pract/venv/lib/python3.9/site-packages/airflow/example_dags/example_short_circuit_decorator.py took 0.272 seconds
[2025-04-20T21:35:50.013+0800] {processor.py:186} INFO - Started process (PID=115724) to work on /mnt/c/Users/wu_li/OneDrive/Desktop/Airflow_pract/venv/lib/python3.9/site-packages/airflow/example_dags/example_short_circuit_decorator.py
[2025-04-20T21:35:50.014+0800] {processor.py:914} INFO - Processing file /mnt/c/Users/wu_li/OneDrive/Desktop/Airflow_pract/venv/lib/python3.9/site-packages/airflow/example_dags/example_short_circuit_decorator.py for tasks to queue
[2025-04-20T21:35:50.017+0800] {logging_mixin.py:190} INFO - [2025-04-20T21:35:50.016+0800] {dagbag.py:588} INFO - Filling up the DagBag from /mnt/c/Users/wu_li/OneDrive/Desktop/Airflow_pract/venv/lib/python3.9/site-packages/airflow/example_dags/example_short_circuit_decorator.py
[2025-04-20T21:35:50.038+0800] {processor.py:925} INFO - DAG(s) 'example_short_circuit_decorator' retrieved from /mnt/c/Users/wu_li/OneDrive/Desktop/Airflow_pract/venv/lib/python3.9/site-packages/airflow/example_dags/example_short_circuit_decorator.py
[2025-04-20T21:35:50.066+0800] {logging_mixin.py:190} INFO - [2025-04-20T21:35:50.065+0800] {dag.py:3239} INFO - Sync 1 DAGs
[2025-04-20T21:35:50.081+0800] {logging_mixin.py:190} INFO - [2025-04-20T21:35:50.080+0800] {dag.py:4180} INFO - Setting next_dagrun for example_short_circuit_decorator to None, run_after=None
[2025-04-20T21:35:50.140+0800] {processor.py:208} INFO - Processing /mnt/c/Users/wu_li/OneDrive/Desktop/Airflow_pract/venv/lib/python3.9/site-packages/airflow/example_dags/example_short_circuit_decorator.py took 0.139 seconds
[2025-04-20T21:37:30.692+0800] {processor.py:186} INFO - Started process (PID=116804) to work on /mnt/c/Users/wu_li/OneDrive/Desktop/Airflow_pract/venv/lib/python3.9/site-packages/airflow/example_dags/example_short_circuit_decorator.py
[2025-04-20T21:37:30.701+0800] {processor.py:914} INFO - Processing file /mnt/c/Users/wu_li/OneDrive/Desktop/Airflow_pract/venv/lib/python3.9/site-packages/airflow/example_dags/example_short_circuit_decorator.py for tasks to queue
[2025-04-20T21:37:30.706+0800] {logging_mixin.py:190} INFO - [2025-04-20T21:37:30.704+0800] {dagbag.py:588} INFO - Filling up the DagBag from /mnt/c/Users/wu_li/OneDrive/Desktop/Airflow_pract/venv/lib/python3.9/site-packages/airflow/example_dags/example_short_circuit_decorator.py
[2025-04-20T21:37:30.756+0800] {processor.py:925} INFO - DAG(s) 'example_short_circuit_decorator' retrieved from /mnt/c/Users/wu_li/OneDrive/Desktop/Airflow_pract/venv/lib/python3.9/site-packages/airflow/example_dags/example_short_circuit_decorator.py
[2025-04-20T21:37:30.859+0800] {logging_mixin.py:190} INFO - [2025-04-20T21:37:30.858+0800] {dag.py:3239} INFO - Sync 1 DAGs
[2025-04-20T21:37:30.910+0800] {logging_mixin.py:190} INFO - [2025-04-20T21:37:30.908+0800] {dag.py:4180} INFO - Setting next_dagrun for example_short_circuit_decorator to None, run_after=None
[2025-04-20T21:37:31.035+0800] {processor.py:208} INFO - Processing /mnt/c/Users/wu_li/OneDrive/Desktop/Airflow_pract/venv/lib/python3.9/site-packages/airflow/example_dags/example_short_circuit_decorator.py took 0.369 seconds
[2025-04-20T21:39:16.203+0800] {processor.py:186} INFO - Started process (PID=117857) to work on /mnt/c/Users/wu_li/OneDrive/Desktop/Airflow_pract/venv/lib/python3.9/site-packages/airflow/example_dags/example_short_circuit_decorator.py
[2025-04-20T21:39:16.207+0800] {processor.py:914} INFO - Processing file /mnt/c/Users/wu_li/OneDrive/Desktop/Airflow_pract/venv/lib/python3.9/site-packages/airflow/example_dags/example_short_circuit_decorator.py for tasks to queue
[2025-04-20T21:39:16.210+0800] {logging_mixin.py:190} INFO - [2025-04-20T21:39:16.209+0800] {dagbag.py:588} INFO - Filling up the DagBag from /mnt/c/Users/wu_li/OneDrive/Desktop/Airflow_pract/venv/lib/python3.9/site-packages/airflow/example_dags/example_short_circuit_decorator.py
[2025-04-20T21:39:16.243+0800] {processor.py:925} INFO - DAG(s) 'example_short_circuit_decorator' retrieved from /mnt/c/Users/wu_li/OneDrive/Desktop/Airflow_pract/venv/lib/python3.9/site-packages/airflow/example_dags/example_short_circuit_decorator.py
[2025-04-20T21:39:16.296+0800] {logging_mixin.py:190} INFO - [2025-04-20T21:39:16.293+0800] {dag.py:3239} INFO - Sync 1 DAGs
[2025-04-20T21:39:16.344+0800] {logging_mixin.py:190} INFO - [2025-04-20T21:39:16.340+0800] {dag.py:4180} INFO - Setting next_dagrun for example_short_circuit_decorator to None, run_after=None
[2025-04-20T21:39:16.440+0800] {processor.py:208} INFO - Processing /mnt/c/Users/wu_li/OneDrive/Desktop/Airflow_pract/venv/lib/python3.9/site-packages/airflow/example_dags/example_short_circuit_decorator.py took 0.249 seconds
[2025-04-20T21:40:42.573+0800] {processor.py:186} INFO - Started process (PID=118751) to work on /mnt/c/Users/wu_li/OneDrive/Desktop/Airflow_pract/venv/lib/python3.9/site-packages/airflow/example_dags/example_short_circuit_decorator.py
[2025-04-20T21:40:42.575+0800] {processor.py:914} INFO - Processing file /mnt/c/Users/wu_li/OneDrive/Desktop/Airflow_pract/venv/lib/python3.9/site-packages/airflow/example_dags/example_short_circuit_decorator.py for tasks to queue
[2025-04-20T21:40:42.577+0800] {logging_mixin.py:190} INFO - [2025-04-20T21:40:42.576+0800] {dagbag.py:588} INFO - Filling up the DagBag from /mnt/c/Users/wu_li/OneDrive/Desktop/Airflow_pract/venv/lib/python3.9/site-packages/airflow/example_dags/example_short_circuit_decorator.py
[2025-04-20T21:40:42.601+0800] {processor.py:925} INFO - DAG(s) 'example_short_circuit_decorator' retrieved from /mnt/c/Users/wu_li/OneDrive/Desktop/Airflow_pract/venv/lib/python3.9/site-packages/airflow/example_dags/example_short_circuit_decorator.py
[2025-04-20T21:40:42.634+0800] {logging_mixin.py:190} INFO - [2025-04-20T21:40:42.633+0800] {dag.py:3239} INFO - Sync 1 DAGs
[2025-04-20T21:40:42.648+0800] {logging_mixin.py:190} INFO - [2025-04-20T21:40:42.647+0800] {dag.py:4180} INFO - Setting next_dagrun for example_short_circuit_decorator to None, run_after=None
[2025-04-20T21:40:42.703+0800] {processor.py:208} INFO - Processing /mnt/c/Users/wu_li/OneDrive/Desktop/Airflow_pract/venv/lib/python3.9/site-packages/airflow/example_dags/example_short_circuit_decorator.py took 0.142 seconds
[2025-04-20T21:42:11.204+0800] {processor.py:186} INFO - Started process (PID=119796) to work on /mnt/c/Users/wu_li/OneDrive/Desktop/Airflow_pract/venv/lib/python3.9/site-packages/airflow/example_dags/example_short_circuit_decorator.py
[2025-04-20T21:42:11.206+0800] {processor.py:914} INFO - Processing file /mnt/c/Users/wu_li/OneDrive/Desktop/Airflow_pract/venv/lib/python3.9/site-packages/airflow/example_dags/example_short_circuit_decorator.py for tasks to queue
[2025-04-20T21:42:11.211+0800] {logging_mixin.py:190} INFO - [2025-04-20T21:42:11.209+0800] {dagbag.py:588} INFO - Filling up the DagBag from /mnt/c/Users/wu_li/OneDrive/Desktop/Airflow_pract/venv/lib/python3.9/site-packages/airflow/example_dags/example_short_circuit_decorator.py
[2025-04-20T21:42:11.254+0800] {processor.py:925} INFO - DAG(s) 'example_short_circuit_decorator' retrieved from /mnt/c/Users/wu_li/OneDrive/Desktop/Airflow_pract/venv/lib/python3.9/site-packages/airflow/example_dags/example_short_circuit_decorator.py
[2025-04-20T21:42:11.342+0800] {logging_mixin.py:190} INFO - [2025-04-20T21:42:11.341+0800] {dag.py:3239} INFO - Sync 1 DAGs
[2025-04-20T21:42:11.387+0800] {logging_mixin.py:190} INFO - [2025-04-20T21:42:11.385+0800] {dag.py:4180} INFO - Setting next_dagrun for example_short_circuit_decorator to None, run_after=None
[2025-04-20T21:42:11.498+0800] {processor.py:208} INFO - Processing /mnt/c/Users/wu_li/OneDrive/Desktop/Airflow_pract/venv/lib/python3.9/site-packages/airflow/example_dags/example_short_circuit_decorator.py took 0.318 seconds
[2025-04-20T21:43:55.520+0800] {processor.py:186} INFO - Started process (PID=120634) to work on /mnt/c/Users/wu_li/OneDrive/Desktop/Airflow_pract/venv/lib/python3.9/site-packages/airflow/example_dags/example_short_circuit_decorator.py
[2025-04-20T21:43:55.522+0800] {processor.py:914} INFO - Processing file /mnt/c/Users/wu_li/OneDrive/Desktop/Airflow_pract/venv/lib/python3.9/site-packages/airflow/example_dags/example_short_circuit_decorator.py for tasks to queue
[2025-04-20T21:43:55.526+0800] {logging_mixin.py:190} INFO - [2025-04-20T21:43:55.525+0800] {dagbag.py:588} INFO - Filling up the DagBag from /mnt/c/Users/wu_li/OneDrive/Desktop/Airflow_pract/venv/lib/python3.9/site-packages/airflow/example_dags/example_short_circuit_decorator.py
[2025-04-20T21:43:55.561+0800] {processor.py:925} INFO - DAG(s) 'example_short_circuit_decorator' retrieved from /mnt/c/Users/wu_li/OneDrive/Desktop/Airflow_pract/venv/lib/python3.9/site-packages/airflow/example_dags/example_short_circuit_decorator.py
[2025-04-20T21:43:55.623+0800] {logging_mixin.py:190} INFO - [2025-04-20T21:43:55.622+0800] {dag.py:3239} INFO - Sync 1 DAGs
[2025-04-20T21:43:55.661+0800] {logging_mixin.py:190} INFO - [2025-04-20T21:43:55.659+0800] {dag.py:4180} INFO - Setting next_dagrun for example_short_circuit_decorator to None, run_after=None
[2025-04-20T21:43:55.763+0800] {processor.py:208} INFO - Processing /mnt/c/Users/wu_li/OneDrive/Desktop/Airflow_pract/venv/lib/python3.9/site-packages/airflow/example_dags/example_short_circuit_decorator.py took 0.264 seconds
[2025-04-20T21:45:23.868+0800] {processor.py:186} INFO - Started process (PID=121621) to work on /mnt/c/Users/wu_li/OneDrive/Desktop/Airflow_pract/venv/lib/python3.9/site-packages/airflow/example_dags/example_short_circuit_decorator.py
[2025-04-20T21:45:23.871+0800] {processor.py:914} INFO - Processing file /mnt/c/Users/wu_li/OneDrive/Desktop/Airflow_pract/venv/lib/python3.9/site-packages/airflow/example_dags/example_short_circuit_decorator.py for tasks to queue
[2025-04-20T21:45:23.875+0800] {logging_mixin.py:190} INFO - [2025-04-20T21:45:23.873+0800] {dagbag.py:588} INFO - Filling up the DagBag from /mnt/c/Users/wu_li/OneDrive/Desktop/Airflow_pract/venv/lib/python3.9/site-packages/airflow/example_dags/example_short_circuit_decorator.py
[2025-04-20T21:45:23.906+0800] {processor.py:925} INFO - DAG(s) 'example_short_circuit_decorator' retrieved from /mnt/c/Users/wu_li/OneDrive/Desktop/Airflow_pract/venv/lib/python3.9/site-packages/airflow/example_dags/example_short_circuit_decorator.py
[2025-04-20T21:45:23.938+0800] {logging_mixin.py:190} INFO - [2025-04-20T21:45:23.937+0800] {dag.py:3239} INFO - Sync 1 DAGs
[2025-04-20T21:45:23.955+0800] {logging_mixin.py:190} INFO - [2025-04-20T21:45:23.954+0800] {dag.py:4180} INFO - Setting next_dagrun for example_short_circuit_decorator to None, run_after=None
[2025-04-20T21:45:24.010+0800] {processor.py:208} INFO - Processing /mnt/c/Users/wu_li/OneDrive/Desktop/Airflow_pract/venv/lib/python3.9/site-packages/airflow/example_dags/example_short_circuit_decorator.py took 0.157 seconds
[2025-04-20T21:47:12.608+0800] {processor.py:186} INFO - Started process (PID=122456) to work on /mnt/c/Users/wu_li/OneDrive/Desktop/Airflow_pract/venv/lib/python3.9/site-packages/airflow/example_dags/example_short_circuit_decorator.py
[2025-04-20T21:47:12.615+0800] {processor.py:914} INFO - Processing file /mnt/c/Users/wu_li/OneDrive/Desktop/Airflow_pract/venv/lib/python3.9/site-packages/airflow/example_dags/example_short_circuit_decorator.py for tasks to queue
[2025-04-20T21:47:12.621+0800] {logging_mixin.py:190} INFO - [2025-04-20T21:47:12.620+0800] {dagbag.py:588} INFO - Filling up the DagBag from /mnt/c/Users/wu_li/OneDrive/Desktop/Airflow_pract/venv/lib/python3.9/site-packages/airflow/example_dags/example_short_circuit_decorator.py
[2025-04-20T21:47:12.701+0800] {processor.py:925} INFO - DAG(s) 'example_short_circuit_decorator' retrieved from /mnt/c/Users/wu_li/OneDrive/Desktop/Airflow_pract/venv/lib/python3.9/site-packages/airflow/example_dags/example_short_circuit_decorator.py
[2025-04-20T21:47:12.848+0800] {logging_mixin.py:190} INFO - [2025-04-20T21:47:12.845+0800] {dag.py:3239} INFO - Sync 1 DAGs
[2025-04-20T21:47:12.924+0800] {logging_mixin.py:190} INFO - [2025-04-20T21:47:12.910+0800] {dag.py:4180} INFO - Setting next_dagrun for example_short_circuit_decorator to None, run_after=None
[2025-04-20T21:47:13.899+0800] {processor.py:208} INFO - Processing /mnt/c/Users/wu_li/OneDrive/Desktop/Airflow_pract/venv/lib/python3.9/site-packages/airflow/example_dags/example_short_circuit_decorator.py took 1.317 seconds
[2025-04-20T21:48:12.526+0800] {processor.py:186} INFO - Started process (PID=123005) to work on /mnt/c/Users/wu_li/OneDrive/Desktop/Airflow_pract/venv/lib/python3.9/site-packages/airflow/example_dags/example_short_circuit_decorator.py
[2025-04-20T21:48:12.527+0800] {processor.py:914} INFO - Processing file /mnt/c/Users/wu_li/OneDrive/Desktop/Airflow_pract/venv/lib/python3.9/site-packages/airflow/example_dags/example_short_circuit_decorator.py for tasks to queue
[2025-04-20T21:48:12.531+0800] {logging_mixin.py:190} INFO - [2025-04-20T21:48:12.530+0800] {dagbag.py:588} INFO - Filling up the DagBag from /mnt/c/Users/wu_li/OneDrive/Desktop/Airflow_pract/venv/lib/python3.9/site-packages/airflow/example_dags/example_short_circuit_decorator.py
[2025-04-20T21:48:12.555+0800] {processor.py:925} INFO - DAG(s) 'example_short_circuit_decorator' retrieved from /mnt/c/Users/wu_li/OneDrive/Desktop/Airflow_pract/venv/lib/python3.9/site-packages/airflow/example_dags/example_short_circuit_decorator.py
[2025-04-20T21:48:12.595+0800] {logging_mixin.py:190} INFO - [2025-04-20T21:48:12.594+0800] {dag.py:3239} INFO - Sync 1 DAGs
[2025-04-20T21:48:12.623+0800] {logging_mixin.py:190} INFO - [2025-04-20T21:48:12.622+0800] {dag.py:4180} INFO - Setting next_dagrun for example_short_circuit_decorator to None, run_after=None
[2025-04-20T21:48:12.683+0800] {processor.py:208} INFO - Processing /mnt/c/Users/wu_li/OneDrive/Desktop/Airflow_pract/venv/lib/python3.9/site-packages/airflow/example_dags/example_short_circuit_decorator.py took 0.170 seconds
[2025-04-20T21:49:42.300+0800] {processor.py:186} INFO - Started process (PID=123980) to work on /mnt/c/Users/wu_li/OneDrive/Desktop/Airflow_pract/venv/lib/python3.9/site-packages/airflow/example_dags/example_short_circuit_decorator.py
[2025-04-20T21:49:42.301+0800] {processor.py:914} INFO - Processing file /mnt/c/Users/wu_li/OneDrive/Desktop/Airflow_pract/venv/lib/python3.9/site-packages/airflow/example_dags/example_short_circuit_decorator.py for tasks to queue
[2025-04-20T21:49:42.305+0800] {logging_mixin.py:190} INFO - [2025-04-20T21:49:42.303+0800] {dagbag.py:588} INFO - Filling up the DagBag from /mnt/c/Users/wu_li/OneDrive/Desktop/Airflow_pract/venv/lib/python3.9/site-packages/airflow/example_dags/example_short_circuit_decorator.py
[2025-04-20T21:49:42.327+0800] {processor.py:925} INFO - DAG(s) 'example_short_circuit_decorator' retrieved from /mnt/c/Users/wu_li/OneDrive/Desktop/Airflow_pract/venv/lib/python3.9/site-packages/airflow/example_dags/example_short_circuit_decorator.py
[2025-04-20T21:49:42.359+0800] {logging_mixin.py:190} INFO - [2025-04-20T21:49:42.357+0800] {dag.py:3239} INFO - Sync 1 DAGs
[2025-04-20T21:49:42.376+0800] {logging_mixin.py:190} INFO - [2025-04-20T21:49:42.374+0800] {dag.py:4180} INFO - Setting next_dagrun for example_short_circuit_decorator to None, run_after=None
[2025-04-20T21:49:42.439+0800] {processor.py:208} INFO - Processing /mnt/c/Users/wu_li/OneDrive/Desktop/Airflow_pract/venv/lib/python3.9/site-packages/airflow/example_dags/example_short_circuit_decorator.py took 0.151 seconds
