[2025-04-20T20:11:51.158+0800] {processor.py:186} INFO - Started process (PID=63706) to work on /mnt/c/Users/wu_li/OneDrive/Desktop/Airflow_pract/venv/lib/python3.9/site-packages/airflow/example_dags/example_params_trigger_ui.py
[2025-04-20T20:11:51.160+0800] {processor.py:914} INFO - Processing file /mnt/c/Users/wu_li/OneDrive/Desktop/Airflow_pract/venv/lib/python3.9/site-packages/airflow/example_dags/example_params_trigger_ui.py for tasks to queue
[2025-04-20T20:11:51.163+0800] {logging_mixin.py:190} INFO - [2025-04-20T20:11:51.162+0800] {dagbag.py:588} INFO - Filling up the DagBag from /mnt/c/Users/wu_li/OneDrive/Desktop/Airflow_pract/venv/lib/python3.9/site-packages/airflow/example_dags/example_params_trigger_ui.py
[2025-04-20T20:11:51.228+0800] {processor.py:925} INFO - DAG(s) 'example_params_trigger_ui' retrieved from /mnt/c/Users/wu_li/OneDrive/Desktop/Airflow_pract/venv/lib/python3.9/site-packages/airflow/example_dags/example_params_trigger_ui.py
[2025-04-20T20:11:52.336+0800] {logging_mixin.py:190} INFO - [2025-04-20T20:11:52.335+0800] {override.py:1912} INFO - Created Permission View: can delete on DAG:example_params_trigger_ui
[2025-04-20T20:11:52.372+0800] {logging_mixin.py:190} INFO - [2025-04-20T20:11:52.371+0800] {override.py:1912} INFO - Created Permission View: can read on DAG:example_params_trigger_ui
[2025-04-20T20:11:52.409+0800] {logging_mixin.py:190} INFO - [2025-04-20T20:11:52.408+0800] {override.py:1912} INFO - Created Permission View: can edit on DAG:example_params_trigger_ui
[2025-04-20T20:11:52.468+0800] {logging_mixin.py:190} INFO - [2025-04-20T20:11:52.466+0800] {override.py:1912} INFO - Created Permission View: can delete on DAG Run:example_params_trigger_ui
[2025-04-20T20:11:52.510+0800] {logging_mixin.py:190} INFO - [2025-04-20T20:11:52.509+0800] {override.py:1912} INFO - Created Permission View: can read on DAG Run:example_params_trigger_ui
[2025-04-20T20:11:52.542+0800] {logging_mixin.py:190} INFO - [2025-04-20T20:11:52.541+0800] {override.py:1912} INFO - Created Permission View: can create on DAG Run:example_params_trigger_ui
[2025-04-20T20:11:52.573+0800] {logging_mixin.py:190} INFO - [2025-04-20T20:11:52.571+0800] {override.py:1912} INFO - Created Permission View: menu access on DAG Run:example_params_trigger_ui
[2025-04-20T20:11:52.574+0800] {logging_mixin.py:190} INFO - [2025-04-20T20:11:52.574+0800] {dag.py:3239} INFO - Sync 1 DAGs
[2025-04-20T20:11:52.592+0800] {logging_mixin.py:190} INFO - [2025-04-20T20:11:52.591+0800] {dag.py:3262} INFO - Creating ORM DAG for example_params_trigger_ui
[2025-04-20T20:11:52.594+0800] {logging_mixin.py:190} INFO - [2025-04-20T20:11:52.593+0800] {dag.py:4180} INFO - Setting next_dagrun for example_params_trigger_ui to None, run_after=None
[2025-04-20T20:11:52.652+0800] {processor.py:208} INFO - Processing /mnt/c/Users/wu_li/OneDrive/Desktop/Airflow_pract/venv/lib/python3.9/site-packages/airflow/example_dags/example_params_trigger_ui.py took 1.507 seconds
[2025-04-20T20:17:35.312+0800] {processor.py:186} INFO - Started process (PID=67880) to work on /mnt/c/Users/wu_li/OneDrive/Desktop/Airflow_pract/venv/lib/python3.9/site-packages/airflow/example_dags/example_params_trigger_ui.py
[2025-04-20T20:17:35.314+0800] {processor.py:914} INFO - Processing file /mnt/c/Users/wu_li/OneDrive/Desktop/Airflow_pract/venv/lib/python3.9/site-packages/airflow/example_dags/example_params_trigger_ui.py for tasks to queue
[2025-04-20T20:17:35.318+0800] {logging_mixin.py:190} INFO - [2025-04-20T20:17:35.317+0800] {dagbag.py:588} INFO - Filling up the DagBag from /mnt/c/Users/wu_li/OneDrive/Desktop/Airflow_pract/venv/lib/python3.9/site-packages/airflow/example_dags/example_params_trigger_ui.py
[2025-04-20T20:17:35.395+0800] {processor.py:925} INFO - DAG(s) 'example_params_trigger_ui' retrieved from /mnt/c/Users/wu_li/OneDrive/Desktop/Airflow_pract/venv/lib/python3.9/site-packages/airflow/example_dags/example_params_trigger_ui.py
[2025-04-20T20:17:35.604+0800] {logging_mixin.py:190} INFO - [2025-04-20T20:17:35.603+0800] {dag.py:3239} INFO - Sync 1 DAGs
[2025-04-20T20:17:35.620+0800] {logging_mixin.py:190} INFO - [2025-04-20T20:17:35.618+0800] {dag.py:4180} INFO - Setting next_dagrun for example_params_trigger_ui to None, run_after=None
[2025-04-20T20:17:35.688+0800] {processor.py:208} INFO - Processing /mnt/c/Users/wu_li/OneDrive/Desktop/Airflow_pract/venv/lib/python3.9/site-packages/airflow/example_dags/example_params_trigger_ui.py took 0.388 seconds
[2025-04-20T20:18:55.699+0800] {processor.py:186} INFO - Started process (PID=68953) to work on /mnt/c/Users/wu_li/OneDrive/Desktop/Airflow_pract/venv/lib/python3.9/site-packages/airflow/example_dags/example_params_trigger_ui.py
[2025-04-20T20:18:55.701+0800] {processor.py:914} INFO - Processing file /mnt/c/Users/wu_li/OneDrive/Desktop/Airflow_pract/venv/lib/python3.9/site-packages/airflow/example_dags/example_params_trigger_ui.py for tasks to queue
[2025-04-20T20:18:55.704+0800] {logging_mixin.py:190} INFO - [2025-04-20T20:18:55.703+0800] {dagbag.py:588} INFO - Filling up the DagBag from /mnt/c/Users/wu_li/OneDrive/Desktop/Airflow_pract/venv/lib/python3.9/site-packages/airflow/example_dags/example_params_trigger_ui.py
[2025-04-20T20:18:55.802+0800] {processor.py:925} INFO - DAG(s) 'example_params_trigger_ui' retrieved from /mnt/c/Users/wu_li/OneDrive/Desktop/Airflow_pract/venv/lib/python3.9/site-packages/airflow/example_dags/example_params_trigger_ui.py
[2025-04-20T20:18:55.926+0800] {logging_mixin.py:190} INFO - [2025-04-20T20:18:55.925+0800] {dag.py:3239} INFO - Sync 1 DAGs
[2025-04-20T20:18:55.966+0800] {logging_mixin.py:190} INFO - [2025-04-20T20:18:55.963+0800] {dag.py:4180} INFO - Setting next_dagrun for example_params_trigger_ui to None, run_after=None
[2025-04-20T20:18:56.049+0800] {processor.py:208} INFO - Processing /mnt/c/Users/wu_li/OneDrive/Desktop/Airflow_pract/venv/lib/python3.9/site-packages/airflow/example_dags/example_params_trigger_ui.py took 0.361 seconds
[2025-04-20T20:20:42.456+0800] {processor.py:186} INFO - Started process (PID=70000) to work on /mnt/c/Users/wu_li/OneDrive/Desktop/Airflow_pract/venv/lib/python3.9/site-packages/airflow/example_dags/example_params_trigger_ui.py
[2025-04-20T20:20:42.459+0800] {processor.py:914} INFO - Processing file /mnt/c/Users/wu_li/OneDrive/Desktop/Airflow_pract/venv/lib/python3.9/site-packages/airflow/example_dags/example_params_trigger_ui.py for tasks to queue
[2025-04-20T20:20:42.475+0800] {logging_mixin.py:190} INFO - [2025-04-20T20:20:42.466+0800] {dagbag.py:588} INFO - Filling up the DagBag from /mnt/c/Users/wu_li/OneDrive/Desktop/Airflow_pract/venv/lib/python3.9/site-packages/airflow/example_dags/example_params_trigger_ui.py
[2025-04-20T20:20:42.607+0800] {processor.py:925} INFO - DAG(s) 'example_params_trigger_ui' retrieved from /mnt/c/Users/wu_li/OneDrive/Desktop/Airflow_pract/venv/lib/python3.9/site-packages/airflow/example_dags/example_params_trigger_ui.py
[2025-04-20T20:20:42.737+0800] {logging_mixin.py:190} INFO - [2025-04-20T20:20:42.736+0800] {dag.py:3239} INFO - Sync 1 DAGs
[2025-04-20T20:20:42.780+0800] {logging_mixin.py:190} INFO - [2025-04-20T20:20:42.778+0800] {dag.py:4180} INFO - Setting next_dagrun for example_params_trigger_ui to None, run_after=None
[2025-04-20T20:20:42.897+0800] {processor.py:208} INFO - Processing /mnt/c/Users/wu_li/OneDrive/Desktop/Airflow_pract/venv/lib/python3.9/site-packages/airflow/example_dags/example_params_trigger_ui.py took 0.471 seconds
[2025-04-20T20:22:42.995+0800] {processor.py:186} INFO - Started process (PID=70882) to work on /mnt/c/Users/wu_li/OneDrive/Desktop/Airflow_pract/venv/lib/python3.9/site-packages/airflow/example_dags/example_params_trigger_ui.py
[2025-04-20T20:22:42.998+0800] {processor.py:914} INFO - Processing file /mnt/c/Users/wu_li/OneDrive/Desktop/Airflow_pract/venv/lib/python3.9/site-packages/airflow/example_dags/example_params_trigger_ui.py for tasks to queue
[2025-04-20T20:22:43.004+0800] {logging_mixin.py:190} INFO - [2025-04-20T20:22:43.002+0800] {dagbag.py:588} INFO - Filling up the DagBag from /mnt/c/Users/wu_li/OneDrive/Desktop/Airflow_pract/venv/lib/python3.9/site-packages/airflow/example_dags/example_params_trigger_ui.py
[2025-04-20T20:22:43.150+0800] {processor.py:925} INFO - DAG(s) 'example_params_trigger_ui' retrieved from /mnt/c/Users/wu_li/OneDrive/Desktop/Airflow_pract/venv/lib/python3.9/site-packages/airflow/example_dags/example_params_trigger_ui.py
[2025-04-20T20:22:43.350+0800] {logging_mixin.py:190} INFO - [2025-04-20T20:22:43.348+0800] {dag.py:3239} INFO - Sync 1 DAGs
[2025-04-20T20:22:43.399+0800] {logging_mixin.py:190} INFO - [2025-04-20T20:22:43.395+0800] {dag.py:4180} INFO - Setting next_dagrun for example_params_trigger_ui to None, run_after=None
[2025-04-20T20:22:43.507+0800] {processor.py:208} INFO - Processing /mnt/c/Users/wu_li/OneDrive/Desktop/Airflow_pract/venv/lib/python3.9/site-packages/airflow/example_dags/example_params_trigger_ui.py took 0.542 seconds
[2025-04-20T20:24:34.888+0800] {processor.py:186} INFO - Started process (PID=71903) to work on /mnt/c/Users/wu_li/OneDrive/Desktop/Airflow_pract/venv/lib/python3.9/site-packages/airflow/example_dags/example_params_trigger_ui.py
[2025-04-20T20:24:34.906+0800] {processor.py:914} INFO - Processing file /mnt/c/Users/wu_li/OneDrive/Desktop/Airflow_pract/venv/lib/python3.9/site-packages/airflow/example_dags/example_params_trigger_ui.py for tasks to queue
[2025-04-20T20:24:34.937+0800] {logging_mixin.py:190} INFO - [2025-04-20T20:24:34.935+0800] {dagbag.py:588} INFO - Filling up the DagBag from /mnt/c/Users/wu_li/OneDrive/Desktop/Airflow_pract/venv/lib/python3.9/site-packages/airflow/example_dags/example_params_trigger_ui.py
[2025-04-20T20:24:35.080+0800] {processor.py:925} INFO - DAG(s) 'example_params_trigger_ui' retrieved from /mnt/c/Users/wu_li/OneDrive/Desktop/Airflow_pract/venv/lib/python3.9/site-packages/airflow/example_dags/example_params_trigger_ui.py
[2025-04-20T20:24:35.217+0800] {logging_mixin.py:190} INFO - [2025-04-20T20:24:35.216+0800] {dag.py:3239} INFO - Sync 1 DAGs
[2025-04-20T20:24:35.259+0800] {logging_mixin.py:190} INFO - [2025-04-20T20:24:35.256+0800] {dag.py:4180} INFO - Setting next_dagrun for example_params_trigger_ui to None, run_after=None
[2025-04-20T20:24:35.348+0800] {processor.py:208} INFO - Processing /mnt/c/Users/wu_li/OneDrive/Desktop/Airflow_pract/venv/lib/python3.9/site-packages/airflow/example_dags/example_params_trigger_ui.py took 0.480 seconds
[2025-04-20T20:26:33.540+0800] {processor.py:186} INFO - Started process (PID=72759) to work on /mnt/c/Users/wu_li/OneDrive/Desktop/Airflow_pract/venv/lib/python3.9/site-packages/airflow/example_dags/example_params_trigger_ui.py
[2025-04-20T20:26:33.541+0800] {processor.py:914} INFO - Processing file /mnt/c/Users/wu_li/OneDrive/Desktop/Airflow_pract/venv/lib/python3.9/site-packages/airflow/example_dags/example_params_trigger_ui.py for tasks to queue
[2025-04-20T20:26:33.544+0800] {logging_mixin.py:190} INFO - [2025-04-20T20:26:33.543+0800] {dagbag.py:588} INFO - Filling up the DagBag from /mnt/c/Users/wu_li/OneDrive/Desktop/Airflow_pract/venv/lib/python3.9/site-packages/airflow/example_dags/example_params_trigger_ui.py
[2025-04-20T20:26:33.621+0800] {processor.py:925} INFO - DAG(s) 'example_params_trigger_ui' retrieved from /mnt/c/Users/wu_li/OneDrive/Desktop/Airflow_pract/venv/lib/python3.9/site-packages/airflow/example_dags/example_params_trigger_ui.py
[2025-04-20T20:26:33.679+0800] {logging_mixin.py:190} INFO - [2025-04-20T20:26:33.678+0800] {dag.py:3239} INFO - Sync 1 DAGs
[2025-04-20T20:26:33.696+0800] {logging_mixin.py:190} INFO - [2025-04-20T20:26:33.695+0800] {dag.py:4180} INFO - Setting next_dagrun for example_params_trigger_ui to None, run_after=None
[2025-04-20T20:26:33.777+0800] {processor.py:208} INFO - Processing /mnt/c/Users/wu_li/OneDrive/Desktop/Airflow_pract/venv/lib/python3.9/site-packages/airflow/example_dags/example_params_trigger_ui.py took 0.250 seconds
[2025-04-20T20:36:42.361+0800] {processor.py:186} INFO - Started process (PID=77256) to work on /mnt/c/Users/wu_li/OneDrive/Desktop/Airflow_pract/venv/lib/python3.9/site-packages/airflow/example_dags/example_params_trigger_ui.py
[2025-04-20T20:36:42.365+0800] {processor.py:914} INFO - Processing file /mnt/c/Users/wu_li/OneDrive/Desktop/Airflow_pract/venv/lib/python3.9/site-packages/airflow/example_dags/example_params_trigger_ui.py for tasks to queue
[2025-04-20T20:36:42.373+0800] {logging_mixin.py:190} INFO - [2025-04-20T20:36:42.367+0800] {dagbag.py:588} INFO - Filling up the DagBag from /mnt/c/Users/wu_li/OneDrive/Desktop/Airflow_pract/venv/lib/python3.9/site-packages/airflow/example_dags/example_params_trigger_ui.py
[2025-04-20T20:36:42.417+0800] {processor.py:925} INFO - DAG(s) 'example_params_trigger_ui' retrieved from /mnt/c/Users/wu_li/OneDrive/Desktop/Airflow_pract/venv/lib/python3.9/site-packages/airflow/example_dags/example_params_trigger_ui.py
[2025-04-20T20:36:42.638+0800] {logging_mixin.py:190} INFO - [2025-04-20T20:36:42.636+0800] {dag.py:3239} INFO - Sync 1 DAGs
[2025-04-20T20:36:42.682+0800] {logging_mixin.py:190} INFO - [2025-04-20T20:36:42.679+0800] {dag.py:4180} INFO - Setting next_dagrun for example_params_trigger_ui to None, run_after=None
[2025-04-20T20:36:42.799+0800] {processor.py:208} INFO - Processing /mnt/c/Users/wu_li/OneDrive/Desktop/Airflow_pract/venv/lib/python3.9/site-packages/airflow/example_dags/example_params_trigger_ui.py took 0.461 seconds
[2025-04-20T20:38:03.821+0800] {processor.py:186} INFO - Started process (PID=78040) to work on /mnt/c/Users/wu_li/OneDrive/Desktop/Airflow_pract/venv/lib/python3.9/site-packages/airflow/example_dags/example_params_trigger_ui.py
[2025-04-20T20:38:03.822+0800] {processor.py:914} INFO - Processing file /mnt/c/Users/wu_li/OneDrive/Desktop/Airflow_pract/venv/lib/python3.9/site-packages/airflow/example_dags/example_params_trigger_ui.py for tasks to queue
[2025-04-20T20:38:03.824+0800] {logging_mixin.py:190} INFO - [2025-04-20T20:38:03.824+0800] {dagbag.py:588} INFO - Filling up the DagBag from /mnt/c/Users/wu_li/OneDrive/Desktop/Airflow_pract/venv/lib/python3.9/site-packages/airflow/example_dags/example_params_trigger_ui.py
[2025-04-20T20:38:03.846+0800] {processor.py:925} INFO - DAG(s) 'example_params_trigger_ui' retrieved from /mnt/c/Users/wu_li/OneDrive/Desktop/Airflow_pract/venv/lib/python3.9/site-packages/airflow/example_dags/example_params_trigger_ui.py
[2025-04-20T20:38:03.923+0800] {logging_mixin.py:190} INFO - [2025-04-20T20:38:03.922+0800] {dag.py:3239} INFO - Sync 1 DAGs
[2025-04-20T20:38:03.954+0800] {logging_mixin.py:190} INFO - [2025-04-20T20:38:03.953+0800] {dag.py:4180} INFO - Setting next_dagrun for example_params_trigger_ui to None, run_after=None
[2025-04-20T20:38:04.047+0800] {processor.py:208} INFO - Processing /mnt/c/Users/wu_li/OneDrive/Desktop/Airflow_pract/venv/lib/python3.9/site-packages/airflow/example_dags/example_params_trigger_ui.py took 0.238 seconds
[2025-04-20T20:39:27.673+0800] {processor.py:186} INFO - Started process (PID=79121) to work on /mnt/c/Users/wu_li/OneDrive/Desktop/Airflow_pract/venv/lib/python3.9/site-packages/airflow/example_dags/example_params_trigger_ui.py
[2025-04-20T20:39:27.674+0800] {processor.py:914} INFO - Processing file /mnt/c/Users/wu_li/OneDrive/Desktop/Airflow_pract/venv/lib/python3.9/site-packages/airflow/example_dags/example_params_trigger_ui.py for tasks to queue
[2025-04-20T20:39:27.676+0800] {logging_mixin.py:190} INFO - [2025-04-20T20:39:27.676+0800] {dagbag.py:588} INFO - Filling up the DagBag from /mnt/c/Users/wu_li/OneDrive/Desktop/Airflow_pract/venv/lib/python3.9/site-packages/airflow/example_dags/example_params_trigger_ui.py
[2025-04-20T20:39:27.705+0800] {processor.py:925} INFO - DAG(s) 'example_params_trigger_ui' retrieved from /mnt/c/Users/wu_li/OneDrive/Desktop/Airflow_pract/venv/lib/python3.9/site-packages/airflow/example_dags/example_params_trigger_ui.py
[2025-04-20T20:39:27.757+0800] {logging_mixin.py:190} INFO - [2025-04-20T20:39:27.756+0800] {dag.py:3239} INFO - Sync 1 DAGs
[2025-04-20T20:39:27.773+0800] {logging_mixin.py:190} INFO - [2025-04-20T20:39:27.772+0800] {dag.py:4180} INFO - Setting next_dagrun for example_params_trigger_ui to None, run_after=None
[2025-04-20T20:39:27.833+0800] {processor.py:208} INFO - Processing /mnt/c/Users/wu_li/OneDrive/Desktop/Airflow_pract/venv/lib/python3.9/site-packages/airflow/example_dags/example_params_trigger_ui.py took 0.173 seconds
[2025-04-20T20:41:19.433+0800] {processor.py:186} INFO - Started process (PID=80057) to work on /mnt/c/Users/wu_li/OneDrive/Desktop/Airflow_pract/venv/lib/python3.9/site-packages/airflow/example_dags/example_params_trigger_ui.py
[2025-04-20T20:41:19.444+0800] {processor.py:914} INFO - Processing file /mnt/c/Users/wu_li/OneDrive/Desktop/Airflow_pract/venv/lib/python3.9/site-packages/airflow/example_dags/example_params_trigger_ui.py for tasks to queue
[2025-04-20T20:41:19.448+0800] {logging_mixin.py:190} INFO - [2025-04-20T20:41:19.447+0800] {dagbag.py:588} INFO - Filling up the DagBag from /mnt/c/Users/wu_li/OneDrive/Desktop/Airflow_pract/venv/lib/python3.9/site-packages/airflow/example_dags/example_params_trigger_ui.py
[2025-04-20T20:41:19.494+0800] {processor.py:925} INFO - DAG(s) 'example_params_trigger_ui' retrieved from /mnt/c/Users/wu_li/OneDrive/Desktop/Airflow_pract/venv/lib/python3.9/site-packages/airflow/example_dags/example_params_trigger_ui.py
[2025-04-20T20:41:19.695+0800] {logging_mixin.py:190} INFO - [2025-04-20T20:41:19.694+0800] {dag.py:3239} INFO - Sync 1 DAGs
[2025-04-20T20:41:19.778+0800] {logging_mixin.py:190} INFO - [2025-04-20T20:41:19.776+0800] {dag.py:4180} INFO - Setting next_dagrun for example_params_trigger_ui to None, run_after=None
[2025-04-20T20:41:19.903+0800] {processor.py:208} INFO - Processing /mnt/c/Users/wu_li/OneDrive/Desktop/Airflow_pract/venv/lib/python3.9/site-packages/airflow/example_dags/example_params_trigger_ui.py took 0.494 seconds
[2025-04-20T20:43:07.124+0800] {processor.py:186} INFO - Started process (PID=81002) to work on /mnt/c/Users/wu_li/OneDrive/Desktop/Airflow_pract/venv/lib/python3.9/site-packages/airflow/example_dags/example_params_trigger_ui.py
[2025-04-20T20:43:07.126+0800] {processor.py:914} INFO - Processing file /mnt/c/Users/wu_li/OneDrive/Desktop/Airflow_pract/venv/lib/python3.9/site-packages/airflow/example_dags/example_params_trigger_ui.py for tasks to queue
[2025-04-20T20:43:07.130+0800] {logging_mixin.py:190} INFO - [2025-04-20T20:43:07.129+0800] {dagbag.py:588} INFO - Filling up the DagBag from /mnt/c/Users/wu_li/OneDrive/Desktop/Airflow_pract/venv/lib/python3.9/site-packages/airflow/example_dags/example_params_trigger_ui.py
[2025-04-20T20:43:07.175+0800] {processor.py:925} INFO - DAG(s) 'example_params_trigger_ui' retrieved from /mnt/c/Users/wu_li/OneDrive/Desktop/Airflow_pract/venv/lib/python3.9/site-packages/airflow/example_dags/example_params_trigger_ui.py
[2025-04-20T20:43:07.342+0800] {logging_mixin.py:190} INFO - [2025-04-20T20:43:07.338+0800] {dag.py:3239} INFO - Sync 1 DAGs
[2025-04-20T20:43:07.398+0800] {logging_mixin.py:190} INFO - [2025-04-20T20:43:07.391+0800] {dag.py:4180} INFO - Setting next_dagrun for example_params_trigger_ui to None, run_after=None
[2025-04-20T20:43:07.038+0800] {processor.py:208} INFO - Processing /mnt/c/Users/wu_li/OneDrive/Desktop/Airflow_pract/venv/lib/python3.9/site-packages/airflow/example_dags/example_params_trigger_ui.py took 0.472 seconds
[2025-04-20T20:44:42.782+0800] {processor.py:186} INFO - Started process (PID=81941) to work on /mnt/c/Users/wu_li/OneDrive/Desktop/Airflow_pract/venv/lib/python3.9/site-packages/airflow/example_dags/example_params_trigger_ui.py
[2025-04-20T20:44:42.784+0800] {processor.py:914} INFO - Processing file /mnt/c/Users/wu_li/OneDrive/Desktop/Airflow_pract/venv/lib/python3.9/site-packages/airflow/example_dags/example_params_trigger_ui.py for tasks to queue
[2025-04-20T20:44:42.786+0800] {logging_mixin.py:190} INFO - [2025-04-20T20:44:42.785+0800] {dagbag.py:588} INFO - Filling up the DagBag from /mnt/c/Users/wu_li/OneDrive/Desktop/Airflow_pract/venv/lib/python3.9/site-packages/airflow/example_dags/example_params_trigger_ui.py
[2025-04-20T20:44:42.816+0800] {processor.py:925} INFO - DAG(s) 'example_params_trigger_ui' retrieved from /mnt/c/Users/wu_li/OneDrive/Desktop/Airflow_pract/venv/lib/python3.9/site-packages/airflow/example_dags/example_params_trigger_ui.py
[2025-04-20T20:44:42.874+0800] {logging_mixin.py:190} INFO - [2025-04-20T20:44:42.874+0800] {dag.py:3239} INFO - Sync 1 DAGs
[2025-04-20T20:44:42.892+0800] {logging_mixin.py:190} INFO - [2025-04-20T20:44:42.891+0800] {dag.py:4180} INFO - Setting next_dagrun for example_params_trigger_ui to None, run_after=None
[2025-04-20T20:44:42.989+0800] {processor.py:208} INFO - Processing /mnt/c/Users/wu_li/OneDrive/Desktop/Airflow_pract/venv/lib/python3.9/site-packages/airflow/example_dags/example_params_trigger_ui.py took 0.220 seconds
[2025-04-20T20:46:32.909+0800] {processor.py:186} INFO - Started process (PID=82807) to work on /mnt/c/Users/wu_li/OneDrive/Desktop/Airflow_pract/venv/lib/python3.9/site-packages/airflow/example_dags/example_params_trigger_ui.py
[2025-04-20T20:46:32.913+0800] {processor.py:914} INFO - Processing file /mnt/c/Users/wu_li/OneDrive/Desktop/Airflow_pract/venv/lib/python3.9/site-packages/airflow/example_dags/example_params_trigger_ui.py for tasks to queue
[2025-04-20T20:46:32.920+0800] {logging_mixin.py:190} INFO - [2025-04-20T20:46:32.915+0800] {dagbag.py:588} INFO - Filling up the DagBag from /mnt/c/Users/wu_li/OneDrive/Desktop/Airflow_pract/venv/lib/python3.9/site-packages/airflow/example_dags/example_params_trigger_ui.py
[2025-04-20T20:46:32.965+0800] {processor.py:925} INFO - DAG(s) 'example_params_trigger_ui' retrieved from /mnt/c/Users/wu_li/OneDrive/Desktop/Airflow_pract/venv/lib/python3.9/site-packages/airflow/example_dags/example_params_trigger_ui.py
[2025-04-20T20:46:33.162+0800] {logging_mixin.py:190} INFO - [2025-04-20T20:46:33.161+0800] {dag.py:3239} INFO - Sync 1 DAGs
[2025-04-20T20:46:33.204+0800] {logging_mixin.py:190} INFO - [2025-04-20T20:46:33.203+0800] {dag.py:4180} INFO - Setting next_dagrun for example_params_trigger_ui to None, run_after=None
[2025-04-20T20:46:33.336+0800] {processor.py:208} INFO - Processing /mnt/c/Users/wu_li/OneDrive/Desktop/Airflow_pract/venv/lib/python3.9/site-packages/airflow/example_dags/example_params_trigger_ui.py took 0.460 seconds
[2025-04-20T20:48:17.868+0800] {processor.py:186} INFO - Started process (PID=83750) to work on /mnt/c/Users/wu_li/OneDrive/Desktop/Airflow_pract/venv/lib/python3.9/site-packages/airflow/example_dags/example_params_trigger_ui.py
[2025-04-20T20:48:17.870+0800] {processor.py:914} INFO - Processing file /mnt/c/Users/wu_li/OneDrive/Desktop/Airflow_pract/venv/lib/python3.9/site-packages/airflow/example_dags/example_params_trigger_ui.py for tasks to queue
[2025-04-20T20:48:17.872+0800] {logging_mixin.py:190} INFO - [2025-04-20T20:48:17.871+0800] {dagbag.py:588} INFO - Filling up the DagBag from /mnt/c/Users/wu_li/OneDrive/Desktop/Airflow_pract/venv/lib/python3.9/site-packages/airflow/example_dags/example_params_trigger_ui.py
[2025-04-20T20:48:17.895+0800] {processor.py:925} INFO - DAG(s) 'example_params_trigger_ui' retrieved from /mnt/c/Users/wu_li/OneDrive/Desktop/Airflow_pract/venv/lib/python3.9/site-packages/airflow/example_dags/example_params_trigger_ui.py
[2025-04-20T20:48:17.943+0800] {logging_mixin.py:190} INFO - [2025-04-20T20:48:17.942+0800] {dag.py:3239} INFO - Sync 1 DAGs
[2025-04-20T20:48:17.958+0800] {logging_mixin.py:190} INFO - [2025-04-20T20:48:17.957+0800] {dag.py:4180} INFO - Setting next_dagrun for example_params_trigger_ui to None, run_after=None
[2025-04-20T20:48:18.016+0800] {processor.py:208} INFO - Processing /mnt/c/Users/wu_li/OneDrive/Desktop/Airflow_pract/venv/lib/python3.9/site-packages/airflow/example_dags/example_params_trigger_ui.py took 0.159 seconds
[2025-04-20T20:50:10.124+0800] {processor.py:186} INFO - Started process (PID=84617) to work on /mnt/c/Users/wu_li/OneDrive/Desktop/Airflow_pract/venv/lib/python3.9/site-packages/airflow/example_dags/example_params_trigger_ui.py
[2025-04-20T20:50:10.126+0800] {processor.py:914} INFO - Processing file /mnt/c/Users/wu_li/OneDrive/Desktop/Airflow_pract/venv/lib/python3.9/site-packages/airflow/example_dags/example_params_trigger_ui.py for tasks to queue
[2025-04-20T20:50:10.130+0800] {logging_mixin.py:190} INFO - [2025-04-20T20:50:10.128+0800] {dagbag.py:588} INFO - Filling up the DagBag from /mnt/c/Users/wu_li/OneDrive/Desktop/Airflow_pract/venv/lib/python3.9/site-packages/airflow/example_dags/example_params_trigger_ui.py
[2025-04-20T20:50:10.175+0800] {processor.py:925} INFO - DAG(s) 'example_params_trigger_ui' retrieved from /mnt/c/Users/wu_li/OneDrive/Desktop/Airflow_pract/venv/lib/python3.9/site-packages/airflow/example_dags/example_params_trigger_ui.py
[2025-04-20T20:50:10.368+0800] {logging_mixin.py:190} INFO - [2025-04-20T20:50:10.366+0800] {dag.py:3239} INFO - Sync 1 DAGs
[2025-04-20T20:50:10.438+0800] {logging_mixin.py:190} INFO - [2025-04-20T20:50:10.433+0800] {dag.py:4180} INFO - Setting next_dagrun for example_params_trigger_ui to None, run_after=None
[2025-04-20T20:50:10.552+0800] {processor.py:208} INFO - Processing /mnt/c/Users/wu_li/OneDrive/Desktop/Airflow_pract/venv/lib/python3.9/site-packages/airflow/example_dags/example_params_trigger_ui.py took 0.459 seconds
[2025-04-20T20:52:08.498+0800] {processor.py:186} INFO - Started process (PID=85488) to work on /mnt/c/Users/wu_li/OneDrive/Desktop/Airflow_pract/venv/lib/python3.9/site-packages/airflow/example_dags/example_params_trigger_ui.py
[2025-04-20T20:52:08.500+0800] {processor.py:914} INFO - Processing file /mnt/c/Users/wu_li/OneDrive/Desktop/Airflow_pract/venv/lib/python3.9/site-packages/airflow/example_dags/example_params_trigger_ui.py for tasks to queue
[2025-04-20T20:52:08.504+0800] {logging_mixin.py:190} INFO - [2025-04-20T20:52:08.503+0800] {dagbag.py:588} INFO - Filling up the DagBag from /mnt/c/Users/wu_li/OneDrive/Desktop/Airflow_pract/venv/lib/python3.9/site-packages/airflow/example_dags/example_params_trigger_ui.py
[2025-04-20T20:52:08.571+0800] {processor.py:925} INFO - DAG(s) 'example_params_trigger_ui' retrieved from /mnt/c/Users/wu_li/OneDrive/Desktop/Airflow_pract/venv/lib/python3.9/site-packages/airflow/example_dags/example_params_trigger_ui.py
[2025-04-20T20:52:08.778+0800] {logging_mixin.py:190} INFO - [2025-04-20T20:52:08.774+0800] {dag.py:3239} INFO - Sync 1 DAGs
[2025-04-20T20:52:08.836+0800] {logging_mixin.py:190} INFO - [2025-04-20T20:52:08.834+0800] {dag.py:4180} INFO - Setting next_dagrun for example_params_trigger_ui to None, run_after=None
[2025-04-20T20:52:08.972+0800] {processor.py:208} INFO - Processing /mnt/c/Users/wu_li/OneDrive/Desktop/Airflow_pract/venv/lib/python3.9/site-packages/airflow/example_dags/example_params_trigger_ui.py took 0.493 seconds
[2025-04-20T20:53:49.234+0800] {processor.py:186} INFO - Started process (PID=86573) to work on /mnt/c/Users/wu_li/OneDrive/Desktop/Airflow_pract/venv/lib/python3.9/site-packages/airflow/example_dags/example_params_trigger_ui.py
[2025-04-20T20:53:49.236+0800] {processor.py:914} INFO - Processing file /mnt/c/Users/wu_li/OneDrive/Desktop/Airflow_pract/venv/lib/python3.9/site-packages/airflow/example_dags/example_params_trigger_ui.py for tasks to queue
[2025-04-20T20:53:49.239+0800] {logging_mixin.py:190} INFO - [2025-04-20T20:53:49.237+0800] {dagbag.py:588} INFO - Filling up the DagBag from /mnt/c/Users/wu_li/OneDrive/Desktop/Airflow_pract/venv/lib/python3.9/site-packages/airflow/example_dags/example_params_trigger_ui.py
[2025-04-20T20:53:49.267+0800] {processor.py:925} INFO - DAG(s) 'example_params_trigger_ui' retrieved from /mnt/c/Users/wu_li/OneDrive/Desktop/Airflow_pract/venv/lib/python3.9/site-packages/airflow/example_dags/example_params_trigger_ui.py
[2025-04-20T20:53:49.370+0800] {logging_mixin.py:190} INFO - [2025-04-20T20:53:49.369+0800] {dag.py:3239} INFO - Sync 1 DAGs
[2025-04-20T20:53:49.400+0800] {logging_mixin.py:190} INFO - [2025-04-20T20:53:49.398+0800] {dag.py:4180} INFO - Setting next_dagrun for example_params_trigger_ui to None, run_after=None
[2025-04-20T20:53:49.463+0800] {processor.py:208} INFO - Processing /mnt/c/Users/wu_li/OneDrive/Desktop/Airflow_pract/venv/lib/python3.9/site-packages/airflow/example_dags/example_params_trigger_ui.py took 0.244 seconds
[2025-04-20T20:55:14.755+0800] {processor.py:186} INFO - Started process (PID=87434) to work on /mnt/c/Users/wu_li/OneDrive/Desktop/Airflow_pract/venv/lib/python3.9/site-packages/airflow/example_dags/example_params_trigger_ui.py
[2025-04-20T20:55:14.773+0800] {processor.py:914} INFO - Processing file /mnt/c/Users/wu_li/OneDrive/Desktop/Airflow_pract/venv/lib/python3.9/site-packages/airflow/example_dags/example_params_trigger_ui.py for tasks to queue
[2025-04-20T20:55:14.786+0800] {logging_mixin.py:190} INFO - [2025-04-20T20:55:14.775+0800] {dagbag.py:588} INFO - Filling up the DagBag from /mnt/c/Users/wu_li/OneDrive/Desktop/Airflow_pract/venv/lib/python3.9/site-packages/airflow/example_dags/example_params_trigger_ui.py
[2025-04-20T20:55:14.810+0800] {processor.py:925} INFO - DAG(s) 'example_params_trigger_ui' retrieved from /mnt/c/Users/wu_li/OneDrive/Desktop/Airflow_pract/venv/lib/python3.9/site-packages/airflow/example_dags/example_params_trigger_ui.py
[2025-04-20T20:55:14.868+0800] {logging_mixin.py:190} INFO - [2025-04-20T20:55:14.867+0800] {dag.py:3239} INFO - Sync 1 DAGs
[2025-04-20T20:55:14.883+0800] {logging_mixin.py:190} INFO - [2025-04-20T20:55:14.882+0800] {dag.py:4180} INFO - Setting next_dagrun for example_params_trigger_ui to None, run_after=None
[2025-04-20T20:55:14.951+0800] {processor.py:208} INFO - Processing /mnt/c/Users/wu_li/OneDrive/Desktop/Airflow_pract/venv/lib/python3.9/site-packages/airflow/example_dags/example_params_trigger_ui.py took 0.245 seconds
[2025-04-20T20:56:43.858+0800] {processor.py:186} INFO - Started process (PID=88513) to work on /mnt/c/Users/wu_li/OneDrive/Desktop/Airflow_pract/venv/lib/python3.9/site-packages/airflow/example_dags/example_params_trigger_ui.py
[2025-04-20T20:56:43.862+0800] {processor.py:914} INFO - Processing file /mnt/c/Users/wu_li/OneDrive/Desktop/Airflow_pract/venv/lib/python3.9/site-packages/airflow/example_dags/example_params_trigger_ui.py for tasks to queue
[2025-04-20T20:56:43.873+0800] {logging_mixin.py:190} INFO - [2025-04-20T20:56:43.869+0800] {dagbag.py:588} INFO - Filling up the DagBag from /mnt/c/Users/wu_li/OneDrive/Desktop/Airflow_pract/venv/lib/python3.9/site-packages/airflow/example_dags/example_params_trigger_ui.py
[2025-04-20T20:56:43.916+0800] {processor.py:925} INFO - DAG(s) 'example_params_trigger_ui' retrieved from /mnt/c/Users/wu_li/OneDrive/Desktop/Airflow_pract/venv/lib/python3.9/site-packages/airflow/example_dags/example_params_trigger_ui.py
[2025-04-20T20:56:44.065+0800] {logging_mixin.py:190} INFO - [2025-04-20T20:56:44.060+0800] {dag.py:3239} INFO - Sync 1 DAGs
[2025-04-20T20:56:44.105+0800] {logging_mixin.py:190} INFO - [2025-04-20T20:56:44.103+0800] {dag.py:4180} INFO - Setting next_dagrun for example_params_trigger_ui to None, run_after=None
[2025-04-20T20:56:44.192+0800] {processor.py:208} INFO - Processing /mnt/c/Users/wu_li/OneDrive/Desktop/Airflow_pract/venv/lib/python3.9/site-packages/airflow/example_dags/example_params_trigger_ui.py took 0.357 seconds
[2025-04-20T20:58:14.634+0800] {processor.py:186} INFO - Started process (PID=89523) to work on /mnt/c/Users/wu_li/OneDrive/Desktop/Airflow_pract/venv/lib/python3.9/site-packages/airflow/example_dags/example_params_trigger_ui.py
[2025-04-20T20:58:14.637+0800] {processor.py:914} INFO - Processing file /mnt/c/Users/wu_li/OneDrive/Desktop/Airflow_pract/venv/lib/python3.9/site-packages/airflow/example_dags/example_params_trigger_ui.py for tasks to queue
[2025-04-20T20:58:14.641+0800] {logging_mixin.py:190} INFO - [2025-04-20T20:58:14.639+0800] {dagbag.py:588} INFO - Filling up the DagBag from /mnt/c/Users/wu_li/OneDrive/Desktop/Airflow_pract/venv/lib/python3.9/site-packages/airflow/example_dags/example_params_trigger_ui.py
[2025-04-20T20:58:14.687+0800] {processor.py:925} INFO - DAG(s) 'example_params_trigger_ui' retrieved from /mnt/c/Users/wu_li/OneDrive/Desktop/Airflow_pract/venv/lib/python3.9/site-packages/airflow/example_dags/example_params_trigger_ui.py
[2025-04-20T20:58:14.873+0800] {logging_mixin.py:190} INFO - [2025-04-20T20:58:14.868+0800] {dag.py:3239} INFO - Sync 1 DAGs
[2025-04-20T20:58:14.928+0800] {logging_mixin.py:190} INFO - [2025-04-20T20:58:14.926+0800] {dag.py:4180} INFO - Setting next_dagrun for example_params_trigger_ui to None, run_after=None
[2025-04-20T20:58:15.031+0800] {processor.py:208} INFO - Processing /mnt/c/Users/wu_li/OneDrive/Desktop/Airflow_pract/venv/lib/python3.9/site-packages/airflow/example_dags/example_params_trigger_ui.py took 0.416 seconds
[2025-04-20T20:59:42.782+0800] {processor.py:186} INFO - Started process (PID=90532) to work on /mnt/c/Users/wu_li/OneDrive/Desktop/Airflow_pract/venv/lib/python3.9/site-packages/airflow/example_dags/example_params_trigger_ui.py
[2025-04-20T20:59:42.784+0800] {processor.py:914} INFO - Processing file /mnt/c/Users/wu_li/OneDrive/Desktop/Airflow_pract/venv/lib/python3.9/site-packages/airflow/example_dags/example_params_trigger_ui.py for tasks to queue
[2025-04-20T20:59:42.786+0800] {logging_mixin.py:190} INFO - [2025-04-20T20:59:42.785+0800] {dagbag.py:588} INFO - Filling up the DagBag from /mnt/c/Users/wu_li/OneDrive/Desktop/Airflow_pract/venv/lib/python3.9/site-packages/airflow/example_dags/example_params_trigger_ui.py
[2025-04-20T20:59:42.808+0800] {processor.py:925} INFO - DAG(s) 'example_params_trigger_ui' retrieved from /mnt/c/Users/wu_li/OneDrive/Desktop/Airflow_pract/venv/lib/python3.9/site-packages/airflow/example_dags/example_params_trigger_ui.py
[2025-04-20T20:59:42.856+0800] {logging_mixin.py:190} INFO - [2025-04-20T20:59:42.855+0800] {dag.py:3239} INFO - Sync 1 DAGs
[2025-04-20T20:59:42.868+0800] {logging_mixin.py:190} INFO - [2025-04-20T20:59:42.867+0800] {dag.py:4180} INFO - Setting next_dagrun for example_params_trigger_ui to None, run_after=None
[2025-04-20T20:59:42.925+0800] {processor.py:208} INFO - Processing /mnt/c/Users/wu_li/OneDrive/Desktop/Airflow_pract/venv/lib/python3.9/site-packages/airflow/example_dags/example_params_trigger_ui.py took 0.153 seconds
[2025-04-20T21:01:13.382+0800] {processor.py:186} INFO - Started process (PID=91609) to work on /mnt/c/Users/wu_li/OneDrive/Desktop/Airflow_pract/venv/lib/python3.9/site-packages/airflow/example_dags/example_params_trigger_ui.py
[2025-04-20T21:01:13.384+0800] {processor.py:914} INFO - Processing file /mnt/c/Users/wu_li/OneDrive/Desktop/Airflow_pract/venv/lib/python3.9/site-packages/airflow/example_dags/example_params_trigger_ui.py for tasks to queue
[2025-04-20T21:01:13.390+0800] {logging_mixin.py:190} INFO - [2025-04-20T21:01:13.389+0800] {dagbag.py:588} INFO - Filling up the DagBag from /mnt/c/Users/wu_li/OneDrive/Desktop/Airflow_pract/venv/lib/python3.9/site-packages/airflow/example_dags/example_params_trigger_ui.py
[2025-04-20T21:01:13.435+0800] {processor.py:925} INFO - DAG(s) 'example_params_trigger_ui' retrieved from /mnt/c/Users/wu_li/OneDrive/Desktop/Airflow_pract/venv/lib/python3.9/site-packages/airflow/example_dags/example_params_trigger_ui.py
[2025-04-20T21:01:13.555+0800] {logging_mixin.py:190} INFO - [2025-04-20T21:01:13.553+0800] {dag.py:3239} INFO - Sync 1 DAGs
[2025-04-20T21:01:13.594+0800] {logging_mixin.py:190} INFO - [2025-04-20T21:01:13.592+0800] {dag.py:4180} INFO - Setting next_dagrun for example_params_trigger_ui to None, run_after=None
[2025-04-20T21:01:13.692+0800] {processor.py:208} INFO - Processing /mnt/c/Users/wu_li/OneDrive/Desktop/Airflow_pract/venv/lib/python3.9/site-packages/airflow/example_dags/example_params_trigger_ui.py took 0.330 seconds
[2025-04-20T21:02:43.021+0800] {processor.py:186} INFO - Started process (PID=92548) to work on /mnt/c/Users/wu_li/OneDrive/Desktop/Airflow_pract/venv/lib/python3.9/site-packages/airflow/example_dags/example_params_trigger_ui.py
[2025-04-20T21:02:43.023+0800] {processor.py:914} INFO - Processing file /mnt/c/Users/wu_li/OneDrive/Desktop/Airflow_pract/venv/lib/python3.9/site-packages/airflow/example_dags/example_params_trigger_ui.py for tasks to queue
[2025-04-20T21:02:43.025+0800] {logging_mixin.py:190} INFO - [2025-04-20T21:02:43.024+0800] {dagbag.py:588} INFO - Filling up the DagBag from /mnt/c/Users/wu_li/OneDrive/Desktop/Airflow_pract/venv/lib/python3.9/site-packages/airflow/example_dags/example_params_trigger_ui.py
[2025-04-20T21:02:43.047+0800] {processor.py:925} INFO - DAG(s) 'example_params_trigger_ui' retrieved from /mnt/c/Users/wu_li/OneDrive/Desktop/Airflow_pract/venv/lib/python3.9/site-packages/airflow/example_dags/example_params_trigger_ui.py
[2025-04-20T21:02:43.093+0800] {logging_mixin.py:190} INFO - [2025-04-20T21:02:43.092+0800] {dag.py:3239} INFO - Sync 1 DAGs
[2025-04-20T21:02:43.106+0800] {logging_mixin.py:190} INFO - [2025-04-20T21:02:43.105+0800] {dag.py:4180} INFO - Setting next_dagrun for example_params_trigger_ui to None, run_after=None
[2025-04-20T21:02:43.158+0800] {processor.py:208} INFO - Processing /mnt/c/Users/wu_li/OneDrive/Desktop/Airflow_pract/venv/lib/python3.9/site-packages/airflow/example_dags/example_params_trigger_ui.py took 0.148 seconds
[2025-04-20T21:04:10.205+0800] {processor.py:186} INFO - Started process (PID=93624) to work on /mnt/c/Users/wu_li/OneDrive/Desktop/Airflow_pract/venv/lib/python3.9/site-packages/airflow/example_dags/example_params_trigger_ui.py
[2025-04-20T21:04:10.207+0800] {processor.py:914} INFO - Processing file /mnt/c/Users/wu_li/OneDrive/Desktop/Airflow_pract/venv/lib/python3.9/site-packages/airflow/example_dags/example_params_trigger_ui.py for tasks to queue
[2025-04-20T21:04:10.209+0800] {logging_mixin.py:190} INFO - [2025-04-20T21:04:10.208+0800] {dagbag.py:588} INFO - Filling up the DagBag from /mnt/c/Users/wu_li/OneDrive/Desktop/Airflow_pract/venv/lib/python3.9/site-packages/airflow/example_dags/example_params_trigger_ui.py
[2025-04-20T21:04:10.232+0800] {processor.py:925} INFO - DAG(s) 'example_params_trigger_ui' retrieved from /mnt/c/Users/wu_li/OneDrive/Desktop/Airflow_pract/venv/lib/python3.9/site-packages/airflow/example_dags/example_params_trigger_ui.py
[2025-04-20T21:04:10.280+0800] {logging_mixin.py:190} INFO - [2025-04-20T21:04:10.280+0800] {dag.py:3239} INFO - Sync 1 DAGs
[2025-04-20T21:04:10.294+0800] {logging_mixin.py:190} INFO - [2025-04-20T21:04:10.293+0800] {dag.py:4180} INFO - Setting next_dagrun for example_params_trigger_ui to None, run_after=None
[2025-04-20T21:04:10.355+0800] {processor.py:208} INFO - Processing /mnt/c/Users/wu_li/OneDrive/Desktop/Airflow_pract/venv/lib/python3.9/site-packages/airflow/example_dags/example_params_trigger_ui.py took 0.161 seconds
[2025-04-20T21:05:39.326+0800] {processor.py:186} INFO - Started process (PID=94704) to work on /mnt/c/Users/wu_li/OneDrive/Desktop/Airflow_pract/venv/lib/python3.9/site-packages/airflow/example_dags/example_params_trigger_ui.py
[2025-04-20T21:05:39.328+0800] {processor.py:914} INFO - Processing file /mnt/c/Users/wu_li/OneDrive/Desktop/Airflow_pract/venv/lib/python3.9/site-packages/airflow/example_dags/example_params_trigger_ui.py for tasks to queue
[2025-04-20T21:05:39.332+0800] {logging_mixin.py:190} INFO - [2025-04-20T21:05:39.330+0800] {dagbag.py:588} INFO - Filling up the DagBag from /mnt/c/Users/wu_li/OneDrive/Desktop/Airflow_pract/venv/lib/python3.9/site-packages/airflow/example_dags/example_params_trigger_ui.py
[2025-04-20T21:05:39.368+0800] {processor.py:925} INFO - DAG(s) 'example_params_trigger_ui' retrieved from /mnt/c/Users/wu_li/OneDrive/Desktop/Airflow_pract/venv/lib/python3.9/site-packages/airflow/example_dags/example_params_trigger_ui.py
[2025-04-20T21:05:39.475+0800] {logging_mixin.py:190} INFO - [2025-04-20T21:05:39.474+0800] {dag.py:3239} INFO - Sync 1 DAGs
[2025-04-20T21:05:39.519+0800] {logging_mixin.py:190} INFO - [2025-04-20T21:05:39.516+0800] {dag.py:4180} INFO - Setting next_dagrun for example_params_trigger_ui to None, run_after=None
[2025-04-20T21:05:39.619+0800] {processor.py:208} INFO - Processing /mnt/c/Users/wu_li/OneDrive/Desktop/Airflow_pract/venv/lib/python3.9/site-packages/airflow/example_dags/example_params_trigger_ui.py took 0.313 seconds
[2025-04-20T21:07:13.039+0800] {processor.py:186} INFO - Started process (PID=95787) to work on /mnt/c/Users/wu_li/OneDrive/Desktop/Airflow_pract/venv/lib/python3.9/site-packages/airflow/example_dags/example_params_trigger_ui.py
[2025-04-20T21:07:13.040+0800] {processor.py:914} INFO - Processing file /mnt/c/Users/wu_li/OneDrive/Desktop/Airflow_pract/venv/lib/python3.9/site-packages/airflow/example_dags/example_params_trigger_ui.py for tasks to queue
[2025-04-20T21:07:13.043+0800] {logging_mixin.py:190} INFO - [2025-04-20T21:07:13.042+0800] {dagbag.py:588} INFO - Filling up the DagBag from /mnt/c/Users/wu_li/OneDrive/Desktop/Airflow_pract/venv/lib/python3.9/site-packages/airflow/example_dags/example_params_trigger_ui.py
[2025-04-20T21:07:13.064+0800] {processor.py:925} INFO - DAG(s) 'example_params_trigger_ui' retrieved from /mnt/c/Users/wu_li/OneDrive/Desktop/Airflow_pract/venv/lib/python3.9/site-packages/airflow/example_dags/example_params_trigger_ui.py
[2025-04-20T21:07:13.115+0800] {logging_mixin.py:190} INFO - [2025-04-20T21:07:13.114+0800] {dag.py:3239} INFO - Sync 1 DAGs
[2025-04-20T21:07:13.130+0800] {logging_mixin.py:190} INFO - [2025-04-20T21:07:13.129+0800] {dag.py:4180} INFO - Setting next_dagrun for example_params_trigger_ui to None, run_after=None
[2025-04-20T21:07:13.183+0800] {processor.py:208} INFO - Processing /mnt/c/Users/wu_li/OneDrive/Desktop/Airflow_pract/venv/lib/python3.9/site-packages/airflow/example_dags/example_params_trigger_ui.py took 0.154 seconds
[2025-04-20T21:08:43.316+0800] {processor.py:186} INFO - Started process (PID=96937) to work on /mnt/c/Users/wu_li/OneDrive/Desktop/Airflow_pract/venv/lib/python3.9/site-packages/airflow/example_dags/example_params_trigger_ui.py
[2025-04-20T21:08:43.319+0800] {processor.py:914} INFO - Processing file /mnt/c/Users/wu_li/OneDrive/Desktop/Airflow_pract/venv/lib/python3.9/site-packages/airflow/example_dags/example_params_trigger_ui.py for tasks to queue
[2025-04-20T21:08:43.323+0800] {logging_mixin.py:190} INFO - [2025-04-20T21:08:43.322+0800] {dagbag.py:588} INFO - Filling up the DagBag from /mnt/c/Users/wu_li/OneDrive/Desktop/Airflow_pract/venv/lib/python3.9/site-packages/airflow/example_dags/example_params_trigger_ui.py
[2025-04-20T21:08:43.358+0800] {processor.py:925} INFO - DAG(s) 'example_params_trigger_ui' retrieved from /mnt/c/Users/wu_li/OneDrive/Desktop/Airflow_pract/venv/lib/python3.9/site-packages/airflow/example_dags/example_params_trigger_ui.py
[2025-04-20T21:08:43.497+0800] {logging_mixin.py:190} INFO - [2025-04-20T21:08:43.495+0800] {dag.py:3239} INFO - Sync 1 DAGs
[2025-04-20T21:08:43.533+0800] {logging_mixin.py:190} INFO - [2025-04-20T21:08:43.531+0800] {dag.py:4180} INFO - Setting next_dagrun for example_params_trigger_ui to None, run_after=None
[2025-04-20T21:08:43.636+0800] {processor.py:208} INFO - Processing /mnt/c/Users/wu_li/OneDrive/Desktop/Airflow_pract/venv/lib/python3.9/site-packages/airflow/example_dags/example_params_trigger_ui.py took 0.341 seconds
[2025-04-20T21:10:13.434+0800] {processor.py:186} INFO - Started process (PID=97945) to work on /mnt/c/Users/wu_li/OneDrive/Desktop/Airflow_pract/venv/lib/python3.9/site-packages/airflow/example_dags/example_params_trigger_ui.py
[2025-04-20T21:10:13.437+0800] {processor.py:914} INFO - Processing file /mnt/c/Users/wu_li/OneDrive/Desktop/Airflow_pract/venv/lib/python3.9/site-packages/airflow/example_dags/example_params_trigger_ui.py for tasks to queue
[2025-04-20T21:10:13.441+0800] {logging_mixin.py:190} INFO - [2025-04-20T21:10:13.439+0800] {dagbag.py:588} INFO - Filling up the DagBag from /mnt/c/Users/wu_li/OneDrive/Desktop/Airflow_pract/venv/lib/python3.9/site-packages/airflow/example_dags/example_params_trigger_ui.py
[2025-04-20T21:10:13.478+0800] {processor.py:925} INFO - DAG(s) 'example_params_trigger_ui' retrieved from /mnt/c/Users/wu_li/OneDrive/Desktop/Airflow_pract/venv/lib/python3.9/site-packages/airflow/example_dags/example_params_trigger_ui.py
[2025-04-20T21:10:13.643+0800] {logging_mixin.py:190} INFO - [2025-04-20T21:10:13.642+0800] {dag.py:3239} INFO - Sync 1 DAGs
[2025-04-20T21:10:13.682+0800] {logging_mixin.py:190} INFO - [2025-04-20T21:10:13.679+0800] {dag.py:4180} INFO - Setting next_dagrun for example_params_trigger_ui to None, run_after=None
[2025-04-20T21:10:13.749+0800] {processor.py:208} INFO - Processing /mnt/c/Users/wu_li/OneDrive/Desktop/Airflow_pract/venv/lib/python3.9/site-packages/airflow/example_dags/example_params_trigger_ui.py took 0.334 seconds
[2025-04-20T21:11:46.096+0800] {processor.py:186} INFO - Started process (PID=99099) to work on /mnt/c/Users/wu_li/OneDrive/Desktop/Airflow_pract/venv/lib/python3.9/site-packages/airflow/example_dags/example_params_trigger_ui.py
[2025-04-20T21:11:46.098+0800] {processor.py:914} INFO - Processing file /mnt/c/Users/wu_li/OneDrive/Desktop/Airflow_pract/venv/lib/python3.9/site-packages/airflow/example_dags/example_params_trigger_ui.py for tasks to queue
[2025-04-20T21:11:46.102+0800] {logging_mixin.py:190} INFO - [2025-04-20T21:11:46.101+0800] {dagbag.py:588} INFO - Filling up the DagBag from /mnt/c/Users/wu_li/OneDrive/Desktop/Airflow_pract/venv/lib/python3.9/site-packages/airflow/example_dags/example_params_trigger_ui.py
[2025-04-20T21:11:46.138+0800] {processor.py:925} INFO - DAG(s) 'example_params_trigger_ui' retrieved from /mnt/c/Users/wu_li/OneDrive/Desktop/Airflow_pract/venv/lib/python3.9/site-packages/airflow/example_dags/example_params_trigger_ui.py
[2025-04-20T21:11:46.282+0800] {logging_mixin.py:190} INFO - [2025-04-20T21:11:46.281+0800] {dag.py:3239} INFO - Sync 1 DAGs
[2025-04-20T21:11:46.322+0800] {logging_mixin.py:190} INFO - [2025-04-20T21:11:46.320+0800] {dag.py:4180} INFO - Setting next_dagrun for example_params_trigger_ui to None, run_after=None
[2025-04-20T21:11:46.417+0800] {processor.py:208} INFO - Processing /mnt/c/Users/wu_li/OneDrive/Desktop/Airflow_pract/venv/lib/python3.9/site-packages/airflow/example_dags/example_params_trigger_ui.py took 0.339 seconds
[2025-04-20T21:13:17.565+0800] {processor.py:186} INFO - Started process (PID=100179) to work on /mnt/c/Users/wu_li/OneDrive/Desktop/Airflow_pract/venv/lib/python3.9/site-packages/airflow/example_dags/example_params_trigger_ui.py
[2025-04-20T21:13:17.567+0800] {processor.py:914} INFO - Processing file /mnt/c/Users/wu_li/OneDrive/Desktop/Airflow_pract/venv/lib/python3.9/site-packages/airflow/example_dags/example_params_trigger_ui.py for tasks to queue
[2025-04-20T21:13:17.572+0800] {logging_mixin.py:190} INFO - [2025-04-20T21:13:17.569+0800] {dagbag.py:588} INFO - Filling up the DagBag from /mnt/c/Users/wu_li/OneDrive/Desktop/Airflow_pract/venv/lib/python3.9/site-packages/airflow/example_dags/example_params_trigger_ui.py
[2025-04-20T21:13:17.614+0800] {processor.py:925} INFO - DAG(s) 'example_params_trigger_ui' retrieved from /mnt/c/Users/wu_li/OneDrive/Desktop/Airflow_pract/venv/lib/python3.9/site-packages/airflow/example_dags/example_params_trigger_ui.py
[2025-04-20T21:13:17.776+0800] {logging_mixin.py:190} INFO - [2025-04-20T21:13:17.774+0800] {dag.py:3239} INFO - Sync 1 DAGs
[2025-04-20T21:13:17.811+0800] {logging_mixin.py:190} INFO - [2025-04-20T21:13:17.808+0800] {dag.py:4180} INFO - Setting next_dagrun for example_params_trigger_ui to None, run_after=None
[2025-04-20T21:13:17.901+0800] {processor.py:208} INFO - Processing /mnt/c/Users/wu_li/OneDrive/Desktop/Airflow_pract/venv/lib/python3.9/site-packages/airflow/example_dags/example_params_trigger_ui.py took 0.355 seconds
[2025-04-20T21:14:49.080+0800] {processor.py:186} INFO - Started process (PID=101188) to work on /mnt/c/Users/wu_li/OneDrive/Desktop/Airflow_pract/venv/lib/python3.9/site-packages/airflow/example_dags/example_params_trigger_ui.py
[2025-04-20T21:14:49.082+0800] {processor.py:914} INFO - Processing file /mnt/c/Users/wu_li/OneDrive/Desktop/Airflow_pract/venv/lib/python3.9/site-packages/airflow/example_dags/example_params_trigger_ui.py for tasks to queue
[2025-04-20T21:14:49.084+0800] {logging_mixin.py:190} INFO - [2025-04-20T21:14:49.083+0800] {dagbag.py:588} INFO - Filling up the DagBag from /mnt/c/Users/wu_li/OneDrive/Desktop/Airflow_pract/venv/lib/python3.9/site-packages/airflow/example_dags/example_params_trigger_ui.py
[2025-04-20T21:14:49.107+0800] {processor.py:925} INFO - DAG(s) 'example_params_trigger_ui' retrieved from /mnt/c/Users/wu_li/OneDrive/Desktop/Airflow_pract/venv/lib/python3.9/site-packages/airflow/example_dags/example_params_trigger_ui.py
[2025-04-20T21:14:49.159+0800] {logging_mixin.py:190} INFO - [2025-04-20T21:14:49.158+0800] {dag.py:3239} INFO - Sync 1 DAGs
[2025-04-20T21:14:49.174+0800] {logging_mixin.py:190} INFO - [2025-04-20T21:14:49.173+0800] {dag.py:4180} INFO - Setting next_dagrun for example_params_trigger_ui to None, run_after=None
[2025-04-20T21:14:49.231+0800] {processor.py:208} INFO - Processing /mnt/c/Users/wu_li/OneDrive/Desktop/Airflow_pract/venv/lib/python3.9/site-packages/airflow/example_dags/example_params_trigger_ui.py took 0.163 seconds
[2025-04-20T21:16:19.258+0800] {processor.py:186} INFO - Started process (PID=102267) to work on /mnt/c/Users/wu_li/OneDrive/Desktop/Airflow_pract/venv/lib/python3.9/site-packages/airflow/example_dags/example_params_trigger_ui.py
[2025-04-20T21:16:19.262+0800] {processor.py:914} INFO - Processing file /mnt/c/Users/wu_li/OneDrive/Desktop/Airflow_pract/venv/lib/python3.9/site-packages/airflow/example_dags/example_params_trigger_ui.py for tasks to queue
[2025-04-20T21:16:19.267+0800] {logging_mixin.py:190} INFO - [2025-04-20T21:16:19.265+0800] {dagbag.py:588} INFO - Filling up the DagBag from /mnt/c/Users/wu_li/OneDrive/Desktop/Airflow_pract/venv/lib/python3.9/site-packages/airflow/example_dags/example_params_trigger_ui.py
[2025-04-20T21:16:19.313+0800] {processor.py:925} INFO - DAG(s) 'example_params_trigger_ui' retrieved from /mnt/c/Users/wu_li/OneDrive/Desktop/Airflow_pract/venv/lib/python3.9/site-packages/airflow/example_dags/example_params_trigger_ui.py
[2025-04-20T21:16:19.469+0800] {logging_mixin.py:190} INFO - [2025-04-20T21:16:19.467+0800] {dag.py:3239} INFO - Sync 1 DAGs
[2025-04-20T21:16:19.511+0800] {logging_mixin.py:190} INFO - [2025-04-20T21:16:19.510+0800] {dag.py:4180} INFO - Setting next_dagrun for example_params_trigger_ui to None, run_after=None
[2025-04-20T21:16:19.617+0800] {processor.py:208} INFO - Processing /mnt/c/Users/wu_li/OneDrive/Desktop/Airflow_pract/venv/lib/python3.9/site-packages/airflow/example_dags/example_params_trigger_ui.py took 0.381 seconds
[2025-04-20T21:17:46.369+0800] {processor.py:186} INFO - Started process (PID=103277) to work on /mnt/c/Users/wu_li/OneDrive/Desktop/Airflow_pract/venv/lib/python3.9/site-packages/airflow/example_dags/example_params_trigger_ui.py
[2025-04-20T21:17:46.372+0800] {processor.py:914} INFO - Processing file /mnt/c/Users/wu_li/OneDrive/Desktop/Airflow_pract/venv/lib/python3.9/site-packages/airflow/example_dags/example_params_trigger_ui.py for tasks to queue
[2025-04-20T21:17:46.376+0800] {logging_mixin.py:190} INFO - [2025-04-20T21:17:46.375+0800] {dagbag.py:588} INFO - Filling up the DagBag from /mnt/c/Users/wu_li/OneDrive/Desktop/Airflow_pract/venv/lib/python3.9/site-packages/airflow/example_dags/example_params_trigger_ui.py
[2025-04-20T21:17:46.422+0800] {processor.py:925} INFO - DAG(s) 'example_params_trigger_ui' retrieved from /mnt/c/Users/wu_li/OneDrive/Desktop/Airflow_pract/venv/lib/python3.9/site-packages/airflow/example_dags/example_params_trigger_ui.py
[2025-04-20T21:17:46.577+0800] {logging_mixin.py:190} INFO - [2025-04-20T21:17:46.576+0800] {dag.py:3239} INFO - Sync 1 DAGs
[2025-04-20T21:17:46.611+0800] {logging_mixin.py:190} INFO - [2025-04-20T21:17:46.608+0800] {dag.py:4180} INFO - Setting next_dagrun for example_params_trigger_ui to None, run_after=None
[2025-04-20T21:17:46.702+0800] {processor.py:208} INFO - Processing /mnt/c/Users/wu_li/OneDrive/Desktop/Airflow_pract/venv/lib/python3.9/site-packages/airflow/example_dags/example_params_trigger_ui.py took 0.350 seconds
[2025-04-20T21:19:11.670+0800] {processor.py:186} INFO - Started process (PID=104282) to work on /mnt/c/Users/wu_li/OneDrive/Desktop/Airflow_pract/venv/lib/python3.9/site-packages/airflow/example_dags/example_params_trigger_ui.py
[2025-04-20T21:19:11.673+0800] {processor.py:914} INFO - Processing file /mnt/c/Users/wu_li/OneDrive/Desktop/Airflow_pract/venv/lib/python3.9/site-packages/airflow/example_dags/example_params_trigger_ui.py for tasks to queue
[2025-04-20T21:19:11.676+0800] {logging_mixin.py:190} INFO - [2025-04-20T21:19:11.675+0800] {dagbag.py:588} INFO - Filling up the DagBag from /mnt/c/Users/wu_li/OneDrive/Desktop/Airflow_pract/venv/lib/python3.9/site-packages/airflow/example_dags/example_params_trigger_ui.py
[2025-04-20T21:19:11.715+0800] {processor.py:925} INFO - DAG(s) 'example_params_trigger_ui' retrieved from /mnt/c/Users/wu_li/OneDrive/Desktop/Airflow_pract/venv/lib/python3.9/site-packages/airflow/example_dags/example_params_trigger_ui.py
[2025-04-20T21:19:11.868+0800] {logging_mixin.py:190} INFO - [2025-04-20T21:19:11.867+0800] {dag.py:3239} INFO - Sync 1 DAGs
[2025-04-20T21:19:11.912+0800] {logging_mixin.py:190} INFO - [2025-04-20T21:19:11.910+0800] {dag.py:4180} INFO - Setting next_dagrun for example_params_trigger_ui to None, run_after=None
[2025-04-20T21:19:11.998+0800] {processor.py:208} INFO - Processing /mnt/c/Users/wu_li/OneDrive/Desktop/Airflow_pract/venv/lib/python3.9/site-packages/airflow/example_dags/example_params_trigger_ui.py took 0.346 seconds
[2025-04-20T21:20:43.102+0800] {processor.py:186} INFO - Started process (PID=105293) to work on /mnt/c/Users/wu_li/OneDrive/Desktop/Airflow_pract/venv/lib/python3.9/site-packages/airflow/example_dags/example_params_trigger_ui.py
[2025-04-20T21:20:43.103+0800] {processor.py:914} INFO - Processing file /mnt/c/Users/wu_li/OneDrive/Desktop/Airflow_pract/venv/lib/python3.9/site-packages/airflow/example_dags/example_params_trigger_ui.py for tasks to queue
[2025-04-20T21:20:43.106+0800] {logging_mixin.py:190} INFO - [2025-04-20T21:20:43.105+0800] {dagbag.py:588} INFO - Filling up the DagBag from /mnt/c/Users/wu_li/OneDrive/Desktop/Airflow_pract/venv/lib/python3.9/site-packages/airflow/example_dags/example_params_trigger_ui.py
[2025-04-20T21:20:43.127+0800] {processor.py:925} INFO - DAG(s) 'example_params_trigger_ui' retrieved from /mnt/c/Users/wu_li/OneDrive/Desktop/Airflow_pract/venv/lib/python3.9/site-packages/airflow/example_dags/example_params_trigger_ui.py
[2025-04-20T21:20:43.174+0800] {logging_mixin.py:190} INFO - [2025-04-20T21:20:43.173+0800] {dag.py:3239} INFO - Sync 1 DAGs
[2025-04-20T21:20:43.186+0800] {logging_mixin.py:190} INFO - [2025-04-20T21:20:43.185+0800] {dag.py:4180} INFO - Setting next_dagrun for example_params_trigger_ui to None, run_after=None
[2025-04-20T21:20:43.241+0800] {processor.py:208} INFO - Processing /mnt/c/Users/wu_li/OneDrive/Desktop/Airflow_pract/venv/lib/python3.9/site-packages/airflow/example_dags/example_params_trigger_ui.py took 0.149 seconds
[2025-04-20T21:22:15.053+0800] {processor.py:186} INFO - Started process (PID=106411) to work on /mnt/c/Users/wu_li/OneDrive/Desktop/Airflow_pract/venv/lib/python3.9/site-packages/airflow/example_dags/example_params_trigger_ui.py
[2025-04-20T21:22:15.055+0800] {processor.py:914} INFO - Processing file /mnt/c/Users/wu_li/OneDrive/Desktop/Airflow_pract/venv/lib/python3.9/site-packages/airflow/example_dags/example_params_trigger_ui.py for tasks to queue
[2025-04-20T21:22:15.058+0800] {logging_mixin.py:190} INFO - [2025-04-20T21:22:15.057+0800] {dagbag.py:588} INFO - Filling up the DagBag from /mnt/c/Users/wu_li/OneDrive/Desktop/Airflow_pract/venv/lib/python3.9/site-packages/airflow/example_dags/example_params_trigger_ui.py
[2025-04-20T21:22:15.081+0800] {processor.py:925} INFO - DAG(s) 'example_params_trigger_ui' retrieved from /mnt/c/Users/wu_li/OneDrive/Desktop/Airflow_pract/venv/lib/python3.9/site-packages/airflow/example_dags/example_params_trigger_ui.py
[2025-04-20T21:22:15.133+0800] {logging_mixin.py:190} INFO - [2025-04-20T21:22:15.132+0800] {dag.py:3239} INFO - Sync 1 DAGs
[2025-04-20T21:22:15.154+0800] {logging_mixin.py:190} INFO - [2025-04-20T21:22:15.153+0800] {dag.py:4180} INFO - Setting next_dagrun for example_params_trigger_ui to None, run_after=None
[2025-04-20T21:22:15.217+0800] {processor.py:208} INFO - Processing /mnt/c/Users/wu_li/OneDrive/Desktop/Airflow_pract/venv/lib/python3.9/site-packages/airflow/example_dags/example_params_trigger_ui.py took 0.189 seconds
[2025-04-20T21:23:45.955+0800] {processor.py:186} INFO - Started process (PID=107348) to work on /mnt/c/Users/wu_li/OneDrive/Desktop/Airflow_pract/venv/lib/python3.9/site-packages/airflow/example_dags/example_params_trigger_ui.py
[2025-04-20T21:23:45.957+0800] {processor.py:914} INFO - Processing file /mnt/c/Users/wu_li/OneDrive/Desktop/Airflow_pract/venv/lib/python3.9/site-packages/airflow/example_dags/example_params_trigger_ui.py for tasks to queue
[2025-04-20T21:23:45.959+0800] {logging_mixin.py:190} INFO - [2025-04-20T21:23:45.958+0800] {dagbag.py:588} INFO - Filling up the DagBag from /mnt/c/Users/wu_li/OneDrive/Desktop/Airflow_pract/venv/lib/python3.9/site-packages/airflow/example_dags/example_params_trigger_ui.py
[2025-04-20T21:23:45.984+0800] {processor.py:925} INFO - DAG(s) 'example_params_trigger_ui' retrieved from /mnt/c/Users/wu_li/OneDrive/Desktop/Airflow_pract/venv/lib/python3.9/site-packages/airflow/example_dags/example_params_trigger_ui.py
[2025-04-20T21:23:46.046+0800] {logging_mixin.py:190} INFO - [2025-04-20T21:23:46.045+0800] {dag.py:3239} INFO - Sync 1 DAGs
[2025-04-20T21:23:46.060+0800] {logging_mixin.py:190} INFO - [2025-04-20T21:23:46.059+0800] {dag.py:4180} INFO - Setting next_dagrun for example_params_trigger_ui to None, run_after=None
[2025-04-20T21:23:46.115+0800] {processor.py:208} INFO - Processing /mnt/c/Users/wu_li/OneDrive/Desktop/Airflow_pract/venv/lib/python3.9/site-packages/airflow/example_dags/example_params_trigger_ui.py took 0.172 seconds
[2025-04-20T21:25:16.571+0800] {processor.py:186} INFO - Started process (PID=108385) to work on /mnt/c/Users/wu_li/OneDrive/Desktop/Airflow_pract/venv/lib/python3.9/site-packages/airflow/example_dags/example_params_trigger_ui.py
[2025-04-20T21:25:16.573+0800] {processor.py:914} INFO - Processing file /mnt/c/Users/wu_li/OneDrive/Desktop/Airflow_pract/venv/lib/python3.9/site-packages/airflow/example_dags/example_params_trigger_ui.py for tasks to queue
[2025-04-20T21:25:16.577+0800] {logging_mixin.py:190} INFO - [2025-04-20T21:25:16.576+0800] {dagbag.py:588} INFO - Filling up the DagBag from /mnt/c/Users/wu_li/OneDrive/Desktop/Airflow_pract/venv/lib/python3.9/site-packages/airflow/example_dags/example_params_trigger_ui.py
[2025-04-20T21:25:16.614+0800] {processor.py:925} INFO - DAG(s) 'example_params_trigger_ui' retrieved from /mnt/c/Users/wu_li/OneDrive/Desktop/Airflow_pract/venv/lib/python3.9/site-packages/airflow/example_dags/example_params_trigger_ui.py
[2025-04-20T21:25:16.722+0800] {logging_mixin.py:190} INFO - [2025-04-20T21:25:16.720+0800] {dag.py:3239} INFO - Sync 1 DAGs
[2025-04-20T21:25:16.760+0800] {logging_mixin.py:190} INFO - [2025-04-20T21:25:16.757+0800] {dag.py:4180} INFO - Setting next_dagrun for example_params_trigger_ui to None, run_after=None
[2025-04-20T21:25:16.858+0800] {processor.py:208} INFO - Processing /mnt/c/Users/wu_li/OneDrive/Desktop/Airflow_pract/venv/lib/python3.9/site-packages/airflow/example_dags/example_params_trigger_ui.py took 0.306 seconds
[2025-04-20T21:26:48.083+0800] {processor.py:186} INFO - Started process (PID=109435) to work on /mnt/c/Users/wu_li/OneDrive/Desktop/Airflow_pract/venv/lib/python3.9/site-packages/airflow/example_dags/example_params_trigger_ui.py
[2025-04-20T21:26:48.085+0800] {processor.py:914} INFO - Processing file /mnt/c/Users/wu_li/OneDrive/Desktop/Airflow_pract/venv/lib/python3.9/site-packages/airflow/example_dags/example_params_trigger_ui.py for tasks to queue
[2025-04-20T21:26:48.088+0800] {logging_mixin.py:190} INFO - [2025-04-20T21:26:48.087+0800] {dagbag.py:588} INFO - Filling up the DagBag from /mnt/c/Users/wu_li/OneDrive/Desktop/Airflow_pract/venv/lib/python3.9/site-packages/airflow/example_dags/example_params_trigger_ui.py
[2025-04-20T21:26:48.119+0800] {processor.py:925} INFO - DAG(s) 'example_params_trigger_ui' retrieved from /mnt/c/Users/wu_li/OneDrive/Desktop/Airflow_pract/venv/lib/python3.9/site-packages/airflow/example_dags/example_params_trigger_ui.py
[2025-04-20T21:26:48.172+0800] {logging_mixin.py:190} INFO - [2025-04-20T21:26:48.170+0800] {dag.py:3239} INFO - Sync 1 DAGs
[2025-04-20T21:26:48.186+0800] {logging_mixin.py:190} INFO - [2025-04-20T21:26:48.185+0800] {dag.py:4180} INFO - Setting next_dagrun for example_params_trigger_ui to None, run_after=None
[2025-04-20T21:26:48.248+0800] {processor.py:208} INFO - Processing /mnt/c/Users/wu_li/OneDrive/Desktop/Airflow_pract/venv/lib/python3.9/site-packages/airflow/example_dags/example_params_trigger_ui.py took 0.180 seconds
[2025-04-20T21:28:18.301+0800] {processor.py:186} INFO - Started process (PID=110472) to work on /mnt/c/Users/wu_li/OneDrive/Desktop/Airflow_pract/venv/lib/python3.9/site-packages/airflow/example_dags/example_params_trigger_ui.py
[2025-04-20T21:28:18.303+0800] {processor.py:914} INFO - Processing file /mnt/c/Users/wu_li/OneDrive/Desktop/Airflow_pract/venv/lib/python3.9/site-packages/airflow/example_dags/example_params_trigger_ui.py for tasks to queue
[2025-04-20T21:28:18.307+0800] {logging_mixin.py:190} INFO - [2025-04-20T21:28:18.306+0800] {dagbag.py:588} INFO - Filling up the DagBag from /mnt/c/Users/wu_li/OneDrive/Desktop/Airflow_pract/venv/lib/python3.9/site-packages/airflow/example_dags/example_params_trigger_ui.py
[2025-04-20T21:28:18.339+0800] {processor.py:925} INFO - DAG(s) 'example_params_trigger_ui' retrieved from /mnt/c/Users/wu_li/OneDrive/Desktop/Airflow_pract/venv/lib/python3.9/site-packages/airflow/example_dags/example_params_trigger_ui.py
[2025-04-20T21:28:18.388+0800] {logging_mixin.py:190} INFO - [2025-04-20T21:28:18.387+0800] {dag.py:3239} INFO - Sync 1 DAGs
[2025-04-20T21:28:18.404+0800] {logging_mixin.py:190} INFO - [2025-04-20T21:28:18.403+0800] {dag.py:4180} INFO - Setting next_dagrun for example_params_trigger_ui to None, run_after=None
[2025-04-20T21:28:18.464+0800] {processor.py:208} INFO - Processing /mnt/c/Users/wu_li/OneDrive/Desktop/Airflow_pract/venv/lib/python3.9/site-packages/airflow/example_dags/example_params_trigger_ui.py took 0.182 seconds
[2025-04-20T21:29:50.259+0800] {processor.py:186} INFO - Started process (PID=111555) to work on /mnt/c/Users/wu_li/OneDrive/Desktop/Airflow_pract/venv/lib/python3.9/site-packages/airflow/example_dags/example_params_trigger_ui.py
[2025-04-20T21:29:50.261+0800] {processor.py:914} INFO - Processing file /mnt/c/Users/wu_li/OneDrive/Desktop/Airflow_pract/venv/lib/python3.9/site-packages/airflow/example_dags/example_params_trigger_ui.py for tasks to queue
[2025-04-20T21:29:50.263+0800] {logging_mixin.py:190} INFO - [2025-04-20T21:29:50.262+0800] {dagbag.py:588} INFO - Filling up the DagBag from /mnt/c/Users/wu_li/OneDrive/Desktop/Airflow_pract/venv/lib/python3.9/site-packages/airflow/example_dags/example_params_trigger_ui.py
[2025-04-20T21:29:50.287+0800] {processor.py:925} INFO - DAG(s) 'example_params_trigger_ui' retrieved from /mnt/c/Users/wu_li/OneDrive/Desktop/Airflow_pract/venv/lib/python3.9/site-packages/airflow/example_dags/example_params_trigger_ui.py
[2025-04-20T21:29:50.336+0800] {logging_mixin.py:190} INFO - [2025-04-20T21:29:50.335+0800] {dag.py:3239} INFO - Sync 1 DAGs
[2025-04-20T21:29:50.351+0800] {logging_mixin.py:190} INFO - [2025-04-20T21:29:50.350+0800] {dag.py:4180} INFO - Setting next_dagrun for example_params_trigger_ui to None, run_after=None
[2025-04-20T21:29:50.408+0800] {processor.py:208} INFO - Processing /mnt/c/Users/wu_li/OneDrive/Desktop/Airflow_pract/venv/lib/python3.9/site-packages/airflow/example_dags/example_params_trigger_ui.py took 0.161 seconds
[2025-04-20T21:31:22.064+0800] {processor.py:186} INFO - Started process (PID=112633) to work on /mnt/c/Users/wu_li/OneDrive/Desktop/Airflow_pract/venv/lib/python3.9/site-packages/airflow/example_dags/example_params_trigger_ui.py
[2025-04-20T21:31:22.069+0800] {processor.py:914} INFO - Processing file /mnt/c/Users/wu_li/OneDrive/Desktop/Airflow_pract/venv/lib/python3.9/site-packages/airflow/example_dags/example_params_trigger_ui.py for tasks to queue
[2025-04-20T21:31:22.074+0800] {logging_mixin.py:190} INFO - [2025-04-20T21:31:22.072+0800] {dagbag.py:588} INFO - Filling up the DagBag from /mnt/c/Users/wu_li/OneDrive/Desktop/Airflow_pract/venv/lib/python3.9/site-packages/airflow/example_dags/example_params_trigger_ui.py
[2025-04-20T21:31:22.110+0800] {processor.py:925} INFO - DAG(s) 'example_params_trigger_ui' retrieved from /mnt/c/Users/wu_li/OneDrive/Desktop/Airflow_pract/venv/lib/python3.9/site-packages/airflow/example_dags/example_params_trigger_ui.py
[2025-04-20T21:31:22.255+0800] {logging_mixin.py:190} INFO - [2025-04-20T21:31:22.253+0800] {dag.py:3239} INFO - Sync 1 DAGs
[2025-04-20T21:31:22.293+0800] {logging_mixin.py:190} INFO - [2025-04-20T21:31:22.292+0800] {dag.py:4180} INFO - Setting next_dagrun for example_params_trigger_ui to None, run_after=None
[2025-04-20T21:31:22.387+0800] {processor.py:208} INFO - Processing /mnt/c/Users/wu_li/OneDrive/Desktop/Airflow_pract/venv/lib/python3.9/site-packages/airflow/example_dags/example_params_trigger_ui.py took 0.346 seconds
[2025-04-20T21:32:53.407+0800] {processor.py:186} INFO - Started process (PID=113645) to work on /mnt/c/Users/wu_li/OneDrive/Desktop/Airflow_pract/venv/lib/python3.9/site-packages/airflow/example_dags/example_params_trigger_ui.py
[2025-04-20T21:32:53.409+0800] {processor.py:914} INFO - Processing file /mnt/c/Users/wu_li/OneDrive/Desktop/Airflow_pract/venv/lib/python3.9/site-packages/airflow/example_dags/example_params_trigger_ui.py for tasks to queue
[2025-04-20T21:32:53.411+0800] {logging_mixin.py:190} INFO - [2025-04-20T21:32:53.410+0800] {dagbag.py:588} INFO - Filling up the DagBag from /mnt/c/Users/wu_li/OneDrive/Desktop/Airflow_pract/venv/lib/python3.9/site-packages/airflow/example_dags/example_params_trigger_ui.py
[2025-04-20T21:32:53.433+0800] {processor.py:925} INFO - DAG(s) 'example_params_trigger_ui' retrieved from /mnt/c/Users/wu_li/OneDrive/Desktop/Airflow_pract/venv/lib/python3.9/site-packages/airflow/example_dags/example_params_trigger_ui.py
[2025-04-20T21:32:53.479+0800] {logging_mixin.py:190} INFO - [2025-04-20T21:32:53.478+0800] {dag.py:3239} INFO - Sync 1 DAGs
[2025-04-20T21:32:53.492+0800] {logging_mixin.py:190} INFO - [2025-04-20T21:32:53.491+0800] {dag.py:4180} INFO - Setting next_dagrun for example_params_trigger_ui to None, run_after=None
[2025-04-20T21:32:53.554+0800] {processor.py:208} INFO - Processing /mnt/c/Users/wu_li/OneDrive/Desktop/Airflow_pract/venv/lib/python3.9/site-packages/airflow/example_dags/example_params_trigger_ui.py took 0.158 seconds
[2025-04-20T21:34:22.500+0800] {processor.py:186} INFO - Started process (PID=114720) to work on /mnt/c/Users/wu_li/OneDrive/Desktop/Airflow_pract/venv/lib/python3.9/site-packages/airflow/example_dags/example_params_trigger_ui.py
[2025-04-20T21:34:22.503+0800] {processor.py:914} INFO - Processing file /mnt/c/Users/wu_li/OneDrive/Desktop/Airflow_pract/venv/lib/python3.9/site-packages/airflow/example_dags/example_params_trigger_ui.py for tasks to queue
[2025-04-20T21:34:22.511+0800] {logging_mixin.py:190} INFO - [2025-04-20T21:34:22.509+0800] {dagbag.py:588} INFO - Filling up the DagBag from /mnt/c/Users/wu_li/OneDrive/Desktop/Airflow_pract/venv/lib/python3.9/site-packages/airflow/example_dags/example_params_trigger_ui.py
[2025-04-20T21:34:22.550+0800] {processor.py:925} INFO - DAG(s) 'example_params_trigger_ui' retrieved from /mnt/c/Users/wu_li/OneDrive/Desktop/Airflow_pract/venv/lib/python3.9/site-packages/airflow/example_dags/example_params_trigger_ui.py
[2025-04-20T21:34:22.701+0800] {logging_mixin.py:190} INFO - [2025-04-20T21:34:22.700+0800] {dag.py:3239} INFO - Sync 1 DAGs
[2025-04-20T21:34:22.745+0800] {logging_mixin.py:190} INFO - [2025-04-20T21:34:22.741+0800] {dag.py:4180} INFO - Setting next_dagrun for example_params_trigger_ui to None, run_after=None
[2025-04-20T21:34:22.861+0800] {processor.py:208} INFO - Processing /mnt/c/Users/wu_li/OneDrive/Desktop/Airflow_pract/venv/lib/python3.9/site-packages/airflow/example_dags/example_params_trigger_ui.py took 0.378 seconds
[2025-04-20T21:36:00.787+0800] {processor.py:186} INFO - Started process (PID=115874) to work on /mnt/c/Users/wu_li/OneDrive/Desktop/Airflow_pract/venv/lib/python3.9/site-packages/airflow/example_dags/example_params_trigger_ui.py
[2025-04-20T21:36:00.797+0800] {processor.py:914} INFO - Processing file /mnt/c/Users/wu_li/OneDrive/Desktop/Airflow_pract/venv/lib/python3.9/site-packages/airflow/example_dags/example_params_trigger_ui.py for tasks to queue
[2025-04-20T21:36:00.801+0800] {logging_mixin.py:190} INFO - [2025-04-20T21:36:00.800+0800] {dagbag.py:588} INFO - Filling up the DagBag from /mnt/c/Users/wu_li/OneDrive/Desktop/Airflow_pract/venv/lib/python3.9/site-packages/airflow/example_dags/example_params_trigger_ui.py
[2025-04-20T21:36:00.840+0800] {processor.py:925} INFO - DAG(s) 'example_params_trigger_ui' retrieved from /mnt/c/Users/wu_li/OneDrive/Desktop/Airflow_pract/venv/lib/python3.9/site-packages/airflow/example_dags/example_params_trigger_ui.py
[2025-04-20T21:36:00.939+0800] {logging_mixin.py:190} INFO - [2025-04-20T21:36:00.938+0800] {dag.py:3239} INFO - Sync 1 DAGs
[2025-04-20T21:36:00.977+0800] {logging_mixin.py:190} INFO - [2025-04-20T21:36:00.973+0800] {dag.py:4180} INFO - Setting next_dagrun for example_params_trigger_ui to None, run_after=None
[2025-04-20T21:36:01.094+0800] {processor.py:208} INFO - Processing /mnt/c/Users/wu_li/OneDrive/Desktop/Airflow_pract/venv/lib/python3.9/site-packages/airflow/example_dags/example_params_trigger_ui.py took 0.329 seconds
[2025-04-20T21:37:46.696+0800] {processor.py:186} INFO - Started process (PID=116885) to work on /mnt/c/Users/wu_li/OneDrive/Desktop/Airflow_pract/venv/lib/python3.9/site-packages/airflow/example_dags/example_params_trigger_ui.py
[2025-04-20T21:37:46.699+0800] {processor.py:914} INFO - Processing file /mnt/c/Users/wu_li/OneDrive/Desktop/Airflow_pract/venv/lib/python3.9/site-packages/airflow/example_dags/example_params_trigger_ui.py for tasks to queue
[2025-04-20T21:37:46.706+0800] {logging_mixin.py:190} INFO - [2025-04-20T21:37:46.703+0800] {dagbag.py:588} INFO - Filling up the DagBag from /mnt/c/Users/wu_li/OneDrive/Desktop/Airflow_pract/venv/lib/python3.9/site-packages/airflow/example_dags/example_params_trigger_ui.py
[2025-04-20T21:37:46.764+0800] {processor.py:925} INFO - DAG(s) 'example_params_trigger_ui' retrieved from /mnt/c/Users/wu_li/OneDrive/Desktop/Airflow_pract/venv/lib/python3.9/site-packages/airflow/example_dags/example_params_trigger_ui.py
[2025-04-20T21:37:46.906+0800] {logging_mixin.py:190} INFO - [2025-04-20T21:37:46.904+0800] {dag.py:3239} INFO - Sync 1 DAGs
[2025-04-20T21:37:46.958+0800] {logging_mixin.py:190} INFO - [2025-04-20T21:37:46.955+0800] {dag.py:4180} INFO - Setting next_dagrun for example_params_trigger_ui to None, run_after=None
[2025-04-20T21:37:47.302+0800] {processor.py:208} INFO - Processing /mnt/c/Users/wu_li/OneDrive/Desktop/Airflow_pract/venv/lib/python3.9/site-packages/airflow/example_dags/example_params_trigger_ui.py took 0.622 seconds
[2025-04-20T21:39:27.249+0800] {processor.py:186} INFO - Started process (PID=118010) to work on /mnt/c/Users/wu_li/OneDrive/Desktop/Airflow_pract/venv/lib/python3.9/site-packages/airflow/example_dags/example_params_trigger_ui.py
[2025-04-20T21:39:27.252+0800] {processor.py:914} INFO - Processing file /mnt/c/Users/wu_li/OneDrive/Desktop/Airflow_pract/venv/lib/python3.9/site-packages/airflow/example_dags/example_params_trigger_ui.py for tasks to queue
[2025-04-20T21:39:27.258+0800] {logging_mixin.py:190} INFO - [2025-04-20T21:39:27.256+0800] {dagbag.py:588} INFO - Filling up the DagBag from /mnt/c/Users/wu_li/OneDrive/Desktop/Airflow_pract/venv/lib/python3.9/site-packages/airflow/example_dags/example_params_trigger_ui.py
[2025-04-20T21:39:27.299+0800] {processor.py:925} INFO - DAG(s) 'example_params_trigger_ui' retrieved from /mnt/c/Users/wu_li/OneDrive/Desktop/Airflow_pract/venv/lib/python3.9/site-packages/airflow/example_dags/example_params_trigger_ui.py
[2025-04-20T21:39:27.494+0800] {logging_mixin.py:190} INFO - [2025-04-20T21:39:27.492+0800] {dag.py:3239} INFO - Sync 1 DAGs
[2025-04-20T21:39:27.547+0800] {logging_mixin.py:190} INFO - [2025-04-20T21:39:27.540+0800] {dag.py:4180} INFO - Setting next_dagrun for example_params_trigger_ui to None, run_after=None
[2025-04-20T21:39:27.651+0800] {processor.py:208} INFO - Processing /mnt/c/Users/wu_li/OneDrive/Desktop/Airflow_pract/venv/lib/python3.9/site-packages/airflow/example_dags/example_params_trigger_ui.py took 0.424 seconds
[2025-04-20T21:40:54.738+0800] {processor.py:186} INFO - Started process (PID=118953) to work on /mnt/c/Users/wu_li/OneDrive/Desktop/Airflow_pract/venv/lib/python3.9/site-packages/airflow/example_dags/example_params_trigger_ui.py
[2025-04-20T21:40:54.739+0800] {processor.py:914} INFO - Processing file /mnt/c/Users/wu_li/OneDrive/Desktop/Airflow_pract/venv/lib/python3.9/site-packages/airflow/example_dags/example_params_trigger_ui.py for tasks to queue
[2025-04-20T21:40:54.742+0800] {logging_mixin.py:190} INFO - [2025-04-20T21:40:54.741+0800] {dagbag.py:588} INFO - Filling up the DagBag from /mnt/c/Users/wu_li/OneDrive/Desktop/Airflow_pract/venv/lib/python3.9/site-packages/airflow/example_dags/example_params_trigger_ui.py
[2025-04-20T21:40:54.766+0800] {processor.py:925} INFO - DAG(s) 'example_params_trigger_ui' retrieved from /mnt/c/Users/wu_li/OneDrive/Desktop/Airflow_pract/venv/lib/python3.9/site-packages/airflow/example_dags/example_params_trigger_ui.py
[2025-04-20T21:40:54.816+0800] {logging_mixin.py:190} INFO - [2025-04-20T21:40:54.815+0800] {dag.py:3239} INFO - Sync 1 DAGs
[2025-04-20T21:40:54.831+0800] {logging_mixin.py:190} INFO - [2025-04-20T21:40:54.830+0800] {dag.py:4180} INFO - Setting next_dagrun for example_params_trigger_ui to None, run_after=None
[2025-04-20T21:40:54.888+0800] {processor.py:208} INFO - Processing /mnt/c/Users/wu_li/OneDrive/Desktop/Airflow_pract/venv/lib/python3.9/site-packages/airflow/example_dags/example_params_trigger_ui.py took 0.162 seconds
[2025-04-20T21:42:24.548+0800] {processor.py:186} INFO - Started process (PID=119882) to work on /mnt/c/Users/wu_li/OneDrive/Desktop/Airflow_pract/venv/lib/python3.9/site-packages/airflow/example_dags/example_params_trigger_ui.py
[2025-04-20T21:42:24.551+0800] {processor.py:914} INFO - Processing file /mnt/c/Users/wu_li/OneDrive/Desktop/Airflow_pract/venv/lib/python3.9/site-packages/airflow/example_dags/example_params_trigger_ui.py for tasks to queue
[2025-04-20T21:42:24.555+0800] {logging_mixin.py:190} INFO - [2025-04-20T21:42:24.554+0800] {dagbag.py:588} INFO - Filling up the DagBag from /mnt/c/Users/wu_li/OneDrive/Desktop/Airflow_pract/venv/lib/python3.9/site-packages/airflow/example_dags/example_params_trigger_ui.py
[2025-04-20T21:42:24.606+0800] {processor.py:925} INFO - DAG(s) 'example_params_trigger_ui' retrieved from /mnt/c/Users/wu_li/OneDrive/Desktop/Airflow_pract/venv/lib/python3.9/site-packages/airflow/example_dags/example_params_trigger_ui.py
[2025-04-20T21:42:24.811+0800] {logging_mixin.py:190} INFO - [2025-04-20T21:42:24.809+0800] {dag.py:3239} INFO - Sync 1 DAGs
[2025-04-20T21:42:24.847+0800] {logging_mixin.py:190} INFO - [2025-04-20T21:42:24.845+0800] {dag.py:4180} INFO - Setting next_dagrun for example_params_trigger_ui to None, run_after=None
[2025-04-20T21:42:24.960+0800] {processor.py:208} INFO - Processing /mnt/c/Users/wu_li/OneDrive/Desktop/Airflow_pract/venv/lib/python3.9/site-packages/airflow/example_dags/example_params_trigger_ui.py took 0.434 seconds
[2025-04-20T21:44:07.683+0800] {processor.py:186} INFO - Started process (PID=120787) to work on /mnt/c/Users/wu_li/OneDrive/Desktop/Airflow_pract/venv/lib/python3.9/site-packages/airflow/example_dags/example_params_trigger_ui.py
[2025-04-20T21:44:07.685+0800] {processor.py:914} INFO - Processing file /mnt/c/Users/wu_li/OneDrive/Desktop/Airflow_pract/venv/lib/python3.9/site-packages/airflow/example_dags/example_params_trigger_ui.py for tasks to queue
[2025-04-20T21:44:07.690+0800] {logging_mixin.py:190} INFO - [2025-04-20T21:44:07.688+0800] {dagbag.py:588} INFO - Filling up the DagBag from /mnt/c/Users/wu_li/OneDrive/Desktop/Airflow_pract/venv/lib/python3.9/site-packages/airflow/example_dags/example_params_trigger_ui.py
[2025-04-20T21:44:07.733+0800] {processor.py:925} INFO - DAG(s) 'example_params_trigger_ui' retrieved from /mnt/c/Users/wu_li/OneDrive/Desktop/Airflow_pract/venv/lib/python3.9/site-packages/airflow/example_dags/example_params_trigger_ui.py
[2025-04-20T21:44:07.876+0800] {logging_mixin.py:190} INFO - [2025-04-20T21:44:07.875+0800] {dag.py:3239} INFO - Sync 1 DAGs
[2025-04-20T21:44:07.913+0800] {logging_mixin.py:190} INFO - [2025-04-20T21:44:07.911+0800] {dag.py:4180} INFO - Setting next_dagrun for example_params_trigger_ui to None, run_after=None
[2025-04-20T21:44:08.000+0800] {processor.py:208} INFO - Processing /mnt/c/Users/wu_li/OneDrive/Desktop/Airflow_pract/venv/lib/python3.9/site-packages/airflow/example_dags/example_params_trigger_ui.py took 0.338 seconds
