[2025-04-20T20:11:35.373+0800] {processor.py:186} INFO - Started process (PID=63583) to work on /mnt/c/Users/wu_li/OneDrive/Desktop/Airflow_pract/venv/lib/python3.9/site-packages/airflow/example_dags/example_sensor_decorator.py
[2025-04-20T20:11:35.375+0800] {processor.py:914} INFO - Processing file /mnt/c/Users/wu_li/OneDrive/Desktop/Airflow_pract/venv/lib/python3.9/site-packages/airflow/example_dags/example_sensor_decorator.py for tasks to queue
[2025-04-20T20:11:35.378+0800] {logging_mixin.py:190} INFO - [2025-04-20T20:11:35.377+0800] {dagbag.py:588} INFO - Filling up the DagBag from /mnt/c/Users/wu_li/OneDrive/Desktop/Airflow_pract/venv/lib/python3.9/site-packages/airflow/example_dags/example_sensor_decorator.py
[2025-04-20T20:11:35.464+0800] {processor.py:925} INFO - DAG(s) 'example_sensor_decorator' retrieved from /mnt/c/Users/wu_li/OneDrive/Desktop/Airflow_pract/venv/lib/python3.9/site-packages/airflow/example_dags/example_sensor_decorator.py
[2025-04-20T20:11:36.943+0800] {logging_mixin.py:190} INFO - [2025-04-20T20:11:36.941+0800] {override.py:1912} INFO - Created Permission View: can delete on DAG:example_sensor_decorator
[2025-04-20T20:11:36.989+0800] {logging_mixin.py:190} INFO - [2025-04-20T20:11:36.988+0800] {override.py:1912} INFO - Created Permission View: can read on DAG:example_sensor_decorator
[2025-04-20T20:11:37.027+0800] {logging_mixin.py:190} INFO - [2025-04-20T20:11:37.026+0800] {override.py:1912} INFO - Created Permission View: can edit on DAG:example_sensor_decorator
[2025-04-20T20:11:37.094+0800] {logging_mixin.py:190} INFO - [2025-04-20T20:11:37.093+0800] {override.py:1912} INFO - Created Permission View: can delete on DAG Run:example_sensor_decorator
[2025-04-20T20:11:37.136+0800] {logging_mixin.py:190} INFO - [2025-04-20T20:11:37.135+0800] {override.py:1912} INFO - Created Permission View: can read on DAG Run:example_sensor_decorator
[2025-04-20T20:11:37.173+0800] {logging_mixin.py:190} INFO - [2025-04-20T20:11:37.171+0800] {override.py:1912} INFO - Created Permission View: can create on DAG Run:example_sensor_decorator
[2025-04-20T20:11:37.215+0800] {logging_mixin.py:190} INFO - [2025-04-20T20:11:37.212+0800] {override.py:1912} INFO - Created Permission View: menu access on DAG Run:example_sensor_decorator
[2025-04-20T20:11:37.217+0800] {logging_mixin.py:190} INFO - [2025-04-20T20:11:37.216+0800] {dag.py:3239} INFO - Sync 1 DAGs
[2025-04-20T20:11:37.243+0800] {logging_mixin.py:190} INFO - [2025-04-20T20:11:37.242+0800] {dag.py:3262} INFO - Creating ORM DAG for example_sensor_decorator
[2025-04-20T20:11:37.245+0800] {logging_mixin.py:190} INFO - [2025-04-20T20:11:37.244+0800] {dag.py:4180} INFO - Setting next_dagrun for example_sensor_decorator to None, run_after=None
[2025-04-20T20:11:37.323+0800] {processor.py:208} INFO - Processing /mnt/c/Users/wu_li/OneDrive/Desktop/Airflow_pract/venv/lib/python3.9/site-packages/airflow/example_dags/example_sensor_decorator.py took 1.960 seconds
[2025-04-20T20:17:28.084+0800] {processor.py:186} INFO - Started process (PID=67788) to work on /mnt/c/Users/wu_li/OneDrive/Desktop/Airflow_pract/venv/lib/python3.9/site-packages/airflow/example_dags/example_sensor_decorator.py
[2025-04-20T20:17:28.086+0800] {processor.py:914} INFO - Processing file /mnt/c/Users/wu_li/OneDrive/Desktop/Airflow_pract/venv/lib/python3.9/site-packages/airflow/example_dags/example_sensor_decorator.py for tasks to queue
[2025-04-20T20:17:28.090+0800] {logging_mixin.py:190} INFO - [2025-04-20T20:17:28.088+0800] {dagbag.py:588} INFO - Filling up the DagBag from /mnt/c/Users/wu_li/OneDrive/Desktop/Airflow_pract/venv/lib/python3.9/site-packages/airflow/example_dags/example_sensor_decorator.py
[2025-04-20T20:17:28.149+0800] {processor.py:925} INFO - DAG(s) 'example_sensor_decorator' retrieved from /mnt/c/Users/wu_li/OneDrive/Desktop/Airflow_pract/venv/lib/python3.9/site-packages/airflow/example_dags/example_sensor_decorator.py
[2025-04-20T20:17:28.183+0800] {logging_mixin.py:190} INFO - [2025-04-20T20:17:28.182+0800] {dag.py:3239} INFO - Sync 1 DAGs
[2025-04-20T20:17:28.293+0800] {logging_mixin.py:190} INFO - [2025-04-20T20:17:28.292+0800] {dag.py:4180} INFO - Setting next_dagrun for example_sensor_decorator to None, run_after=None
[2025-04-20T20:17:28.350+0800] {processor.py:208} INFO - Processing /mnt/c/Users/wu_li/OneDrive/Desktop/Airflow_pract/venv/lib/python3.9/site-packages/airflow/example_dags/example_sensor_decorator.py took 0.277 seconds
[2025-04-20T20:18:48.494+0800] {processor.py:186} INFO - Started process (PID=68836) to work on /mnt/c/Users/wu_li/OneDrive/Desktop/Airflow_pract/venv/lib/python3.9/site-packages/airflow/example_dags/example_sensor_decorator.py
[2025-04-20T20:18:48.496+0800] {processor.py:914} INFO - Processing file /mnt/c/Users/wu_li/OneDrive/Desktop/Airflow_pract/venv/lib/python3.9/site-packages/airflow/example_dags/example_sensor_decorator.py for tasks to queue
[2025-04-20T20:18:48.499+0800] {logging_mixin.py:190} INFO - [2025-04-20T20:18:48.498+0800] {dagbag.py:588} INFO - Filling up the DagBag from /mnt/c/Users/wu_li/OneDrive/Desktop/Airflow_pract/venv/lib/python3.9/site-packages/airflow/example_dags/example_sensor_decorator.py
[2025-04-20T20:18:48.566+0800] {processor.py:925} INFO - DAG(s) 'example_sensor_decorator' retrieved from /mnt/c/Users/wu_li/OneDrive/Desktop/Airflow_pract/venv/lib/python3.9/site-packages/airflow/example_dags/example_sensor_decorator.py
[2025-04-20T20:18:48.597+0800] {logging_mixin.py:190} INFO - [2025-04-20T20:18:48.596+0800] {dag.py:3239} INFO - Sync 1 DAGs
[2025-04-20T20:18:48.614+0800] {logging_mixin.py:190} INFO - [2025-04-20T20:18:48.613+0800] {dag.py:4180} INFO - Setting next_dagrun for example_sensor_decorator to None, run_after=None
[2025-04-20T20:18:48.673+0800] {processor.py:208} INFO - Processing /mnt/c/Users/wu_li/OneDrive/Desktop/Airflow_pract/venv/lib/python3.9/site-packages/airflow/example_dags/example_sensor_decorator.py took 0.191 seconds
[2025-04-20T20:20:32.580+0800] {processor.py:186} INFO - Started process (PID=69992) to work on /mnt/c/Users/wu_li/OneDrive/Desktop/Airflow_pract/venv/lib/python3.9/site-packages/airflow/example_dags/example_sensor_decorator.py
[2025-04-20T20:20:32.586+0800] {processor.py:914} INFO - Processing file /mnt/c/Users/wu_li/OneDrive/Desktop/Airflow_pract/venv/lib/python3.9/site-packages/airflow/example_dags/example_sensor_decorator.py for tasks to queue
[2025-04-20T20:20:32.617+0800] {logging_mixin.py:190} INFO - [2025-04-20T20:20:32.615+0800] {dagbag.py:588} INFO - Filling up the DagBag from /mnt/c/Users/wu_li/OneDrive/Desktop/Airflow_pract/venv/lib/python3.9/site-packages/airflow/example_dags/example_sensor_decorator.py
[2025-04-20T20:20:32.990+0800] {processor.py:925} INFO - DAG(s) 'example_sensor_decorator' retrieved from /mnt/c/Users/wu_li/OneDrive/Desktop/Airflow_pract/venv/lib/python3.9/site-packages/airflow/example_dags/example_sensor_decorator.py
[2025-04-20T20:20:33.043+0800] {logging_mixin.py:190} INFO - [2025-04-20T20:20:33.041+0800] {dag.py:3239} INFO - Sync 1 DAGs
[2025-04-20T20:20:33.112+0800] {logging_mixin.py:190} INFO - [2025-04-20T20:20:33.100+0800] {dag.py:4180} INFO - Setting next_dagrun for example_sensor_decorator to None, run_after=None
[2025-04-20T20:20:33.253+0800] {processor.py:208} INFO - Processing /mnt/c/Users/wu_li/OneDrive/Desktop/Airflow_pract/venv/lib/python3.9/site-packages/airflow/example_dags/example_sensor_decorator.py took 0.765 seconds
[2025-04-20T20:22:34.484+0800] {processor.py:186} INFO - Started process (PID=70805) to work on /mnt/c/Users/wu_li/OneDrive/Desktop/Airflow_pract/venv/lib/python3.9/site-packages/airflow/example_dags/example_sensor_decorator.py
[2025-04-20T20:22:34.487+0800] {processor.py:914} INFO - Processing file /mnt/c/Users/wu_li/OneDrive/Desktop/Airflow_pract/venv/lib/python3.9/site-packages/airflow/example_dags/example_sensor_decorator.py for tasks to queue
[2025-04-20T20:22:34.494+0800] {logging_mixin.py:190} INFO - [2025-04-20T20:22:34.491+0800] {dagbag.py:588} INFO - Filling up the DagBag from /mnt/c/Users/wu_li/OneDrive/Desktop/Airflow_pract/venv/lib/python3.9/site-packages/airflow/example_dags/example_sensor_decorator.py
[2025-04-20T20:22:34.607+0800] {processor.py:925} INFO - DAG(s) 'example_sensor_decorator' retrieved from /mnt/c/Users/wu_li/OneDrive/Desktop/Airflow_pract/venv/lib/python3.9/site-packages/airflow/example_dags/example_sensor_decorator.py
[2025-04-20T20:22:34.646+0800] {logging_mixin.py:190} INFO - [2025-04-20T20:22:34.645+0800] {dag.py:3239} INFO - Sync 1 DAGs
[2025-04-20T20:22:34.688+0800] {logging_mixin.py:190} INFO - [2025-04-20T20:22:34.685+0800] {dag.py:4180} INFO - Setting next_dagrun for example_sensor_decorator to None, run_after=None
[2025-04-20T20:22:34.780+0800] {processor.py:208} INFO - Processing /mnt/c/Users/wu_li/OneDrive/Desktop/Airflow_pract/venv/lib/python3.9/site-packages/airflow/example_dags/example_sensor_decorator.py took 0.319 seconds
[2025-04-20T20:24:27.027+0800] {processor.py:186} INFO - Started process (PID=71826) to work on /mnt/c/Users/wu_li/OneDrive/Desktop/Airflow_pract/venv/lib/python3.9/site-packages/airflow/example_dags/example_sensor_decorator.py
[2025-04-20T20:24:27.029+0800] {processor.py:914} INFO - Processing file /mnt/c/Users/wu_li/OneDrive/Desktop/Airflow_pract/venv/lib/python3.9/site-packages/airflow/example_dags/example_sensor_decorator.py for tasks to queue
[2025-04-20T20:24:27.036+0800] {logging_mixin.py:190} INFO - [2025-04-20T20:24:27.033+0800] {dagbag.py:588} INFO - Filling up the DagBag from /mnt/c/Users/wu_li/OneDrive/Desktop/Airflow_pract/venv/lib/python3.9/site-packages/airflow/example_dags/example_sensor_decorator.py
[2025-04-20T20:24:27.153+0800] {processor.py:925} INFO - DAG(s) 'example_sensor_decorator' retrieved from /mnt/c/Users/wu_li/OneDrive/Desktop/Airflow_pract/venv/lib/python3.9/site-packages/airflow/example_dags/example_sensor_decorator.py
[2025-04-20T20:24:27.221+0800] {logging_mixin.py:190} INFO - [2025-04-20T20:24:27.219+0800] {dag.py:3239} INFO - Sync 1 DAGs
[2025-04-20T20:24:27.293+0800] {logging_mixin.py:190} INFO - [2025-04-20T20:24:27.288+0800] {dag.py:4180} INFO - Setting next_dagrun for example_sensor_decorator to None, run_after=None
[2025-04-20T20:24:27.416+0800] {processor.py:208} INFO - Processing /mnt/c/Users/wu_li/OneDrive/Desktop/Airflow_pract/venv/lib/python3.9/site-packages/airflow/example_dags/example_sensor_decorator.py took 0.414 seconds
[2025-04-20T20:26:26.844+0800] {processor.py:186} INFO - Started process (PID=72712) to work on /mnt/c/Users/wu_li/OneDrive/Desktop/Airflow_pract/venv/lib/python3.9/site-packages/airflow/example_dags/example_sensor_decorator.py
[2025-04-20T20:26:26.847+0800] {processor.py:914} INFO - Processing file /mnt/c/Users/wu_li/OneDrive/Desktop/Airflow_pract/venv/lib/python3.9/site-packages/airflow/example_dags/example_sensor_decorator.py for tasks to queue
[2025-04-20T20:26:26.852+0800] {logging_mixin.py:190} INFO - [2025-04-20T20:26:26.851+0800] {dagbag.py:588} INFO - Filling up the DagBag from /mnt/c/Users/wu_li/OneDrive/Desktop/Airflow_pract/venv/lib/python3.9/site-packages/airflow/example_dags/example_sensor_decorator.py
[2025-04-20T20:26:26.965+0800] {processor.py:925} INFO - DAG(s) 'example_sensor_decorator' retrieved from /mnt/c/Users/wu_li/OneDrive/Desktop/Airflow_pract/venv/lib/python3.9/site-packages/airflow/example_dags/example_sensor_decorator.py
[2025-04-20T20:26:27.036+0800] {logging_mixin.py:190} INFO - [2025-04-20T20:26:27.035+0800] {dag.py:3239} INFO - Sync 1 DAGs
[2025-04-20T20:26:27.079+0800] {logging_mixin.py:190} INFO - [2025-04-20T20:26:27.077+0800] {dag.py:4180} INFO - Setting next_dagrun for example_sensor_decorator to None, run_after=None
[2025-04-20T20:26:27.247+0800] {processor.py:208} INFO - Processing /mnt/c/Users/wu_li/OneDrive/Desktop/Airflow_pract/venv/lib/python3.9/site-packages/airflow/example_dags/example_sensor_decorator.py took 0.425 seconds
[2025-04-20T20:36:34.793+0800] {processor.py:186} INFO - Started process (PID=77182) to work on /mnt/c/Users/wu_li/OneDrive/Desktop/Airflow_pract/venv/lib/python3.9/site-packages/airflow/example_dags/example_sensor_decorator.py
[2025-04-20T20:36:34.795+0800] {processor.py:914} INFO - Processing file /mnt/c/Users/wu_li/OneDrive/Desktop/Airflow_pract/venv/lib/python3.9/site-packages/airflow/example_dags/example_sensor_decorator.py for tasks to queue
[2025-04-20T20:36:34.803+0800] {logging_mixin.py:190} INFO - [2025-04-20T20:36:34.797+0800] {dagbag.py:588} INFO - Filling up the DagBag from /mnt/c/Users/wu_li/OneDrive/Desktop/Airflow_pract/venv/lib/python3.9/site-packages/airflow/example_dags/example_sensor_decorator.py
[2025-04-20T20:36:34.825+0800] {processor.py:925} INFO - DAG(s) 'example_sensor_decorator' retrieved from /mnt/c/Users/wu_li/OneDrive/Desktop/Airflow_pract/venv/lib/python3.9/site-packages/airflow/example_dags/example_sensor_decorator.py
[2025-04-20T20:36:34.870+0800] {logging_mixin.py:190} INFO - [2025-04-20T20:36:34.869+0800] {dag.py:3239} INFO - Sync 1 DAGs
[2025-04-20T20:36:34.890+0800] {logging_mixin.py:190} INFO - [2025-04-20T20:36:34.889+0800] {dag.py:4180} INFO - Setting next_dagrun for example_sensor_decorator to None, run_after=None
[2025-04-20T20:36:34.974+0800] {processor.py:208} INFO - Processing /mnt/c/Users/wu_li/OneDrive/Desktop/Airflow_pract/venv/lib/python3.9/site-packages/airflow/example_dags/example_sensor_decorator.py took 0.194 seconds
[2025-04-20T20:37:57.042+0800] {processor.py:186} INFO - Started process (PID=77961) to work on /mnt/c/Users/wu_li/OneDrive/Desktop/Airflow_pract/venv/lib/python3.9/site-packages/airflow/example_dags/example_sensor_decorator.py
[2025-04-20T20:37:57.044+0800] {processor.py:914} INFO - Processing file /mnt/c/Users/wu_li/OneDrive/Desktop/Airflow_pract/venv/lib/python3.9/site-packages/airflow/example_dags/example_sensor_decorator.py for tasks to queue
[2025-04-20T20:37:57.046+0800] {logging_mixin.py:190} INFO - [2025-04-20T20:37:57.045+0800] {dagbag.py:588} INFO - Filling up the DagBag from /mnt/c/Users/wu_li/OneDrive/Desktop/Airflow_pract/venv/lib/python3.9/site-packages/airflow/example_dags/example_sensor_decorator.py
[2025-04-20T20:37:57.067+0800] {processor.py:925} INFO - DAG(s) 'example_sensor_decorator' retrieved from /mnt/c/Users/wu_li/OneDrive/Desktop/Airflow_pract/venv/lib/python3.9/site-packages/airflow/example_dags/example_sensor_decorator.py
[2025-04-20T20:37:57.095+0800] {logging_mixin.py:190} INFO - [2025-04-20T20:37:57.094+0800] {dag.py:3239} INFO - Sync 1 DAGs
[2025-04-20T20:37:57.117+0800] {logging_mixin.py:190} INFO - [2025-04-20T20:37:57.115+0800] {dag.py:4180} INFO - Setting next_dagrun for example_sensor_decorator to None, run_after=None
[2025-04-20T20:37:57.221+0800] {processor.py:208} INFO - Processing /mnt/c/Users/wu_li/OneDrive/Desktop/Airflow_pract/venv/lib/python3.9/site-packages/airflow/example_dags/example_sensor_decorator.py took 0.192 seconds
[2025-04-20T20:39:21.335+0800] {processor.py:186} INFO - Started process (PID=79053) to work on /mnt/c/Users/wu_li/OneDrive/Desktop/Airflow_pract/venv/lib/python3.9/site-packages/airflow/example_dags/example_sensor_decorator.py
[2025-04-20T20:39:21.338+0800] {processor.py:914} INFO - Processing file /mnt/c/Users/wu_li/OneDrive/Desktop/Airflow_pract/venv/lib/python3.9/site-packages/airflow/example_dags/example_sensor_decorator.py for tasks to queue
[2025-04-20T20:39:21.341+0800] {logging_mixin.py:190} INFO - [2025-04-20T20:39:21.340+0800] {dagbag.py:588} INFO - Filling up the DagBag from /mnt/c/Users/wu_li/OneDrive/Desktop/Airflow_pract/venv/lib/python3.9/site-packages/airflow/example_dags/example_sensor_decorator.py
[2025-04-20T20:39:21.362+0800] {processor.py:925} INFO - DAG(s) 'example_sensor_decorator' retrieved from /mnt/c/Users/wu_li/OneDrive/Desktop/Airflow_pract/venv/lib/python3.9/site-packages/airflow/example_dags/example_sensor_decorator.py
[2025-04-20T20:39:21.395+0800] {logging_mixin.py:190} INFO - [2025-04-20T20:39:21.394+0800] {dag.py:3239} INFO - Sync 1 DAGs
[2025-04-20T20:39:21.412+0800] {logging_mixin.py:190} INFO - [2025-04-20T20:39:21.411+0800] {dag.py:4180} INFO - Setting next_dagrun for example_sensor_decorator to None, run_after=None
[2025-04-20T20:39:21.474+0800] {processor.py:208} INFO - Processing /mnt/c/Users/wu_li/OneDrive/Desktop/Airflow_pract/venv/lib/python3.9/site-packages/airflow/example_dags/example_sensor_decorator.py took 0.150 seconds
[2025-04-20T20:41:11.783+0800] {processor.py:186} INFO - Started process (PID=79981) to work on /mnt/c/Users/wu_li/OneDrive/Desktop/Airflow_pract/venv/lib/python3.9/site-packages/airflow/example_dags/example_sensor_decorator.py
[2025-04-20T20:41:11.785+0800] {processor.py:914} INFO - Processing file /mnt/c/Users/wu_li/OneDrive/Desktop/Airflow_pract/venv/lib/python3.9/site-packages/airflow/example_dags/example_sensor_decorator.py for tasks to queue
[2025-04-20T20:41:11.787+0800] {logging_mixin.py:190} INFO - [2025-04-20T20:41:11.786+0800] {dagbag.py:588} INFO - Filling up the DagBag from /mnt/c/Users/wu_li/OneDrive/Desktop/Airflow_pract/venv/lib/python3.9/site-packages/airflow/example_dags/example_sensor_decorator.py
[2025-04-20T20:41:11.815+0800] {processor.py:925} INFO - DAG(s) 'example_sensor_decorator' retrieved from /mnt/c/Users/wu_li/OneDrive/Desktop/Airflow_pract/venv/lib/python3.9/site-packages/airflow/example_dags/example_sensor_decorator.py
[2025-04-20T20:41:11.849+0800] {logging_mixin.py:190} INFO - [2025-04-20T20:41:11.848+0800] {dag.py:3239} INFO - Sync 1 DAGs
[2025-04-20T20:41:11.867+0800] {logging_mixin.py:190} INFO - [2025-04-20T20:41:11.866+0800] {dag.py:4180} INFO - Setting next_dagrun for example_sensor_decorator to None, run_after=None
[2025-04-20T20:41:11.937+0800] {processor.py:208} INFO - Processing /mnt/c/Users/wu_li/OneDrive/Desktop/Airflow_pract/venv/lib/python3.9/site-packages/airflow/example_dags/example_sensor_decorator.py took 0.170 seconds
[2025-04-20T20:43:00.931+0800] {processor.py:186} INFO - Started process (PID=80925) to work on /mnt/c/Users/wu_li/OneDrive/Desktop/Airflow_pract/venv/lib/python3.9/site-packages/airflow/example_dags/example_sensor_decorator.py
[2025-04-20T20:43:00.933+0800] {processor.py:914} INFO - Processing file /mnt/c/Users/wu_li/OneDrive/Desktop/Airflow_pract/venv/lib/python3.9/site-packages/airflow/example_dags/example_sensor_decorator.py for tasks to queue
[2025-04-20T20:43:00.942+0800] {logging_mixin.py:190} INFO - [2025-04-20T20:43:00.940+0800] {dagbag.py:588} INFO - Filling up the DagBag from /mnt/c/Users/wu_li/OneDrive/Desktop/Airflow_pract/venv/lib/python3.9/site-packages/airflow/example_dags/example_sensor_decorator.py
[2025-04-20T20:43:00.986+0800] {processor.py:925} INFO - DAG(s) 'example_sensor_decorator' retrieved from /mnt/c/Users/wu_li/OneDrive/Desktop/Airflow_pract/venv/lib/python3.9/site-packages/airflow/example_dags/example_sensor_decorator.py
[2025-04-20T20:43:01.043+0800] {logging_mixin.py:190} INFO - [2025-04-20T20:43:01.041+0800] {dag.py:3239} INFO - Sync 1 DAGs
[2025-04-20T20:43:01.079+0800] {logging_mixin.py:190} INFO - [2025-04-20T20:43:01.077+0800] {dag.py:4180} INFO - Setting next_dagrun for example_sensor_decorator to None, run_after=None
[2025-04-20T20:43:01.193+0800] {processor.py:208} INFO - Processing /mnt/c/Users/wu_li/OneDrive/Desktop/Airflow_pract/venv/lib/python3.9/site-packages/airflow/example_dags/example_sensor_decorator.py took 0.281 seconds
[2025-04-20T20:44:34.906+0800] {processor.py:186} INFO - Started process (PID=81933) to work on /mnt/c/Users/wu_li/OneDrive/Desktop/Airflow_pract/venv/lib/python3.9/site-packages/airflow/example_dags/example_sensor_decorator.py
[2025-04-20T20:44:34.909+0800] {processor.py:914} INFO - Processing file /mnt/c/Users/wu_li/OneDrive/Desktop/Airflow_pract/venv/lib/python3.9/site-packages/airflow/example_dags/example_sensor_decorator.py for tasks to queue
[2025-04-20T20:44:34.914+0800] {logging_mixin.py:190} INFO - [2025-04-20T20:44:34.912+0800] {dagbag.py:588} INFO - Filling up the DagBag from /mnt/c/Users/wu_li/OneDrive/Desktop/Airflow_pract/venv/lib/python3.9/site-packages/airflow/example_dags/example_sensor_decorator.py
[2025-04-20T20:44:34.952+0800] {processor.py:925} INFO - DAG(s) 'example_sensor_decorator' retrieved from /mnt/c/Users/wu_li/OneDrive/Desktop/Airflow_pract/venv/lib/python3.9/site-packages/airflow/example_dags/example_sensor_decorator.py
[2025-04-20T20:44:35.039+0800] {logging_mixin.py:190} INFO - [2025-04-20T20:44:35.035+0800] {dag.py:3239} INFO - Sync 1 DAGs
[2025-04-20T20:44:35.088+0800] {logging_mixin.py:190} INFO - [2025-04-20T20:44:35.080+0800] {dag.py:4180} INFO - Setting next_dagrun for example_sensor_decorator to None, run_after=None
[2025-04-20T20:44:35.208+0800] {processor.py:208} INFO - Processing /mnt/c/Users/wu_li/OneDrive/Desktop/Airflow_pract/venv/lib/python3.9/site-packages/airflow/example_dags/example_sensor_decorator.py took 0.342 seconds
[2025-04-20T20:46:25.678+0800] {processor.py:186} INFO - Started process (PID=82730) to work on /mnt/c/Users/wu_li/OneDrive/Desktop/Airflow_pract/venv/lib/python3.9/site-packages/airflow/example_dags/example_sensor_decorator.py
[2025-04-20T20:46:25.682+0800] {processor.py:914} INFO - Processing file /mnt/c/Users/wu_li/OneDrive/Desktop/Airflow_pract/venv/lib/python3.9/site-packages/airflow/example_dags/example_sensor_decorator.py for tasks to queue
[2025-04-20T20:46:25.687+0800] {logging_mixin.py:190} INFO - [2025-04-20T20:46:25.686+0800] {dagbag.py:588} INFO - Filling up the DagBag from /mnt/c/Users/wu_li/OneDrive/Desktop/Airflow_pract/venv/lib/python3.9/site-packages/airflow/example_dags/example_sensor_decorator.py
[2025-04-20T20:46:25.729+0800] {processor.py:925} INFO - DAG(s) 'example_sensor_decorator' retrieved from /mnt/c/Users/wu_li/OneDrive/Desktop/Airflow_pract/venv/lib/python3.9/site-packages/airflow/example_dags/example_sensor_decorator.py
[2025-04-20T20:46:25.778+0800] {logging_mixin.py:190} INFO - [2025-04-20T20:46:25.776+0800] {dag.py:3239} INFO - Sync 1 DAGs
[2025-04-20T20:46:25.826+0800] {logging_mixin.py:190} INFO - [2025-04-20T20:46:25.825+0800] {dag.py:4180} INFO - Setting next_dagrun for example_sensor_decorator to None, run_after=None
[2025-04-20T20:46:25.947+0800] {processor.py:208} INFO - Processing /mnt/c/Users/wu_li/OneDrive/Desktop/Airflow_pract/venv/lib/python3.9/site-packages/airflow/example_dags/example_sensor_decorator.py took 0.291 seconds
[2025-04-20T20:48:10.771+0800] {processor.py:186} INFO - Started process (PID=83672) to work on /mnt/c/Users/wu_li/OneDrive/Desktop/Airflow_pract/venv/lib/python3.9/site-packages/airflow/example_dags/example_sensor_decorator.py
[2025-04-20T20:48:10.780+0800] {processor.py:914} INFO - Processing file /mnt/c/Users/wu_li/OneDrive/Desktop/Airflow_pract/venv/lib/python3.9/site-packages/airflow/example_dags/example_sensor_decorator.py for tasks to queue
[2025-04-20T20:48:10.785+0800] {logging_mixin.py:190} INFO - [2025-04-20T20:48:10.783+0800] {dagbag.py:588} INFO - Filling up the DagBag from /mnt/c/Users/wu_li/OneDrive/Desktop/Airflow_pract/venv/lib/python3.9/site-packages/airflow/example_dags/example_sensor_decorator.py
[2025-04-20T20:48:10.821+0800] {processor.py:925} INFO - DAG(s) 'example_sensor_decorator' retrieved from /mnt/c/Users/wu_li/OneDrive/Desktop/Airflow_pract/venv/lib/python3.9/site-packages/airflow/example_dags/example_sensor_decorator.py
[2025-04-20T20:48:10.871+0800] {logging_mixin.py:190} INFO - [2025-04-20T20:48:10.870+0800] {dag.py:3239} INFO - Sync 1 DAGs
[2025-04-20T20:48:10.921+0800] {logging_mixin.py:190} INFO - [2025-04-20T20:48:10.920+0800] {dag.py:4180} INFO - Setting next_dagrun for example_sensor_decorator to None, run_after=None
[2025-04-20T20:48:11.025+0800] {processor.py:208} INFO - Processing /mnt/c/Users/wu_li/OneDrive/Desktop/Airflow_pract/venv/lib/python3.9/site-packages/airflow/example_dags/example_sensor_decorator.py took 0.275 seconds
[2025-04-20T20:50:01.341+0800] {processor.py:186} INFO - Started process (PID=84612) to work on /mnt/c/Users/wu_li/OneDrive/Desktop/Airflow_pract/venv/lib/python3.9/site-packages/airflow/example_dags/example_sensor_decorator.py
[2025-04-20T20:50:01.344+0800] {processor.py:914} INFO - Processing file /mnt/c/Users/wu_li/OneDrive/Desktop/Airflow_pract/venv/lib/python3.9/site-packages/airflow/example_dags/example_sensor_decorator.py for tasks to queue
[2025-04-20T20:50:01.353+0800] {logging_mixin.py:190} INFO - [2025-04-20T20:50:01.348+0800] {dagbag.py:588} INFO - Filling up the DagBag from /mnt/c/Users/wu_li/OneDrive/Desktop/Airflow_pract/venv/lib/python3.9/site-packages/airflow/example_dags/example_sensor_decorator.py
[2025-04-20T20:50:01.399+0800] {processor.py:925} INFO - DAG(s) 'example_sensor_decorator' retrieved from /mnt/c/Users/wu_li/OneDrive/Desktop/Airflow_pract/venv/lib/python3.9/site-packages/airflow/example_dags/example_sensor_decorator.py
[2025-04-20T20:50:01.472+0800] {logging_mixin.py:190} INFO - [2025-04-20T20:50:01.468+0800] {dag.py:3239} INFO - Sync 1 DAGs
[2025-04-20T20:50:01.502+0800] {logging_mixin.py:190} INFO - [2025-04-20T20:50:01.500+0800] {dag.py:4180} INFO - Setting next_dagrun for example_sensor_decorator to None, run_after=None
[2025-04-20T20:50:01.042+0800] {processor.py:208} INFO - Processing /mnt/c/Users/wu_li/OneDrive/Desktop/Airflow_pract/venv/lib/python3.9/site-packages/airflow/example_dags/example_sensor_decorator.py took 0.306 seconds
[2025-04-20T20:52:00.080+0800] {processor.py:186} INFO - Started process (PID=85411) to work on /mnt/c/Users/wu_li/OneDrive/Desktop/Airflow_pract/venv/lib/python3.9/site-packages/airflow/example_dags/example_sensor_decorator.py
[2025-04-20T20:52:00.086+0800] {processor.py:914} INFO - Processing file /mnt/c/Users/wu_li/OneDrive/Desktop/Airflow_pract/venv/lib/python3.9/site-packages/airflow/example_dags/example_sensor_decorator.py for tasks to queue
[2025-04-20T20:52:00.093+0800] {logging_mixin.py:190} INFO - [2025-04-20T20:52:00.091+0800] {dagbag.py:588} INFO - Filling up the DagBag from /mnt/c/Users/wu_li/OneDrive/Desktop/Airflow_pract/venv/lib/python3.9/site-packages/airflow/example_dags/example_sensor_decorator.py
[2025-04-20T20:52:00.182+0800] {processor.py:925} INFO - DAG(s) 'example_sensor_decorator' retrieved from /mnt/c/Users/wu_li/OneDrive/Desktop/Airflow_pract/venv/lib/python3.9/site-packages/airflow/example_dags/example_sensor_decorator.py
[2025-04-20T20:52:00.294+0800] {logging_mixin.py:190} INFO - [2025-04-20T20:52:00.293+0800] {dag.py:3239} INFO - Sync 1 DAGs
[2025-04-20T20:52:00.416+0800] {logging_mixin.py:190} INFO - [2025-04-20T20:52:00.414+0800] {dag.py:4180} INFO - Setting next_dagrun for example_sensor_decorator to None, run_after=None
[2025-04-20T20:52:00.571+0800] {processor.py:208} INFO - Processing /mnt/c/Users/wu_li/OneDrive/Desktop/Airflow_pract/venv/lib/python3.9/site-packages/airflow/example_dags/example_sensor_decorator.py took 0.532 seconds
[2025-04-20T20:53:43.057+0800] {processor.py:186} INFO - Started process (PID=86496) to work on /mnt/c/Users/wu_li/OneDrive/Desktop/Airflow_pract/venv/lib/python3.9/site-packages/airflow/example_dags/example_sensor_decorator.py
[2025-04-20T20:53:43.060+0800] {processor.py:914} INFO - Processing file /mnt/c/Users/wu_li/OneDrive/Desktop/Airflow_pract/venv/lib/python3.9/site-packages/airflow/example_dags/example_sensor_decorator.py for tasks to queue
[2025-04-20T20:53:43.066+0800] {logging_mixin.py:190} INFO - [2025-04-20T20:53:43.062+0800] {dagbag.py:588} INFO - Filling up the DagBag from /mnt/c/Users/wu_li/OneDrive/Desktop/Airflow_pract/venv/lib/python3.9/site-packages/airflow/example_dags/example_sensor_decorator.py
[2025-04-20T20:53:43.090+0800] {processor.py:925} INFO - DAG(s) 'example_sensor_decorator' retrieved from /mnt/c/Users/wu_li/OneDrive/Desktop/Airflow_pract/venv/lib/python3.9/site-packages/airflow/example_dags/example_sensor_decorator.py
[2025-04-20T20:53:43.125+0800] {logging_mixin.py:190} INFO - [2025-04-20T20:53:43.124+0800] {dag.py:3239} INFO - Sync 1 DAGs
[2025-04-20T20:53:43.154+0800] {logging_mixin.py:190} INFO - [2025-04-20T20:53:43.153+0800] {dag.py:4180} INFO - Setting next_dagrun for example_sensor_decorator to None, run_after=None
[2025-04-20T20:53:43.240+0800] {processor.py:208} INFO - Processing /mnt/c/Users/wu_li/OneDrive/Desktop/Airflow_pract/venv/lib/python3.9/site-packages/airflow/example_dags/example_sensor_decorator.py took 0.199 seconds
[2025-04-20T20:55:08.266+0800] {processor.py:186} INFO - Started process (PID=87357) to work on /mnt/c/Users/wu_li/OneDrive/Desktop/Airflow_pract/venv/lib/python3.9/site-packages/airflow/example_dags/example_sensor_decorator.py
[2025-04-20T20:55:08.268+0800] {processor.py:914} INFO - Processing file /mnt/c/Users/wu_li/OneDrive/Desktop/Airflow_pract/venv/lib/python3.9/site-packages/airflow/example_dags/example_sensor_decorator.py for tasks to queue
[2025-04-20T20:55:08.272+0800] {logging_mixin.py:190} INFO - [2025-04-20T20:55:08.270+0800] {dagbag.py:588} INFO - Filling up the DagBag from /mnt/c/Users/wu_li/OneDrive/Desktop/Airflow_pract/venv/lib/python3.9/site-packages/airflow/example_dags/example_sensor_decorator.py
[2025-04-20T20:55:08.324+0800] {processor.py:925} INFO - DAG(s) 'example_sensor_decorator' retrieved from /mnt/c/Users/wu_li/OneDrive/Desktop/Airflow_pract/venv/lib/python3.9/site-packages/airflow/example_dags/example_sensor_decorator.py
[2025-04-20T20:55:08.375+0800] {logging_mixin.py:190} INFO - [2025-04-20T20:55:08.374+0800] {dag.py:3239} INFO - Sync 1 DAGs
[2025-04-20T20:55:08.434+0800] {logging_mixin.py:190} INFO - [2025-04-20T20:55:08.432+0800] {dag.py:4180} INFO - Setting next_dagrun for example_sensor_decorator to None, run_after=None
[2025-04-20T20:55:08.587+0800] {processor.py:208} INFO - Processing /mnt/c/Users/wu_li/OneDrive/Desktop/Airflow_pract/venv/lib/python3.9/site-packages/airflow/example_dags/example_sensor_decorator.py took 0.346 seconds
[2025-04-20T20:56:37.136+0800] {processor.py:186} INFO - Started process (PID=88406) to work on /mnt/c/Users/wu_li/OneDrive/Desktop/Airflow_pract/venv/lib/python3.9/site-packages/airflow/example_dags/example_sensor_decorator.py
[2025-04-20T20:56:37.138+0800] {processor.py:914} INFO - Processing file /mnt/c/Users/wu_li/OneDrive/Desktop/Airflow_pract/venv/lib/python3.9/site-packages/airflow/example_dags/example_sensor_decorator.py for tasks to queue
[2025-04-20T20:56:37.141+0800] {logging_mixin.py:190} INFO - [2025-04-20T20:56:37.140+0800] {dagbag.py:588} INFO - Filling up the DagBag from /mnt/c/Users/wu_li/OneDrive/Desktop/Airflow_pract/venv/lib/python3.9/site-packages/airflow/example_dags/example_sensor_decorator.py
[2025-04-20T20:56:37.164+0800] {processor.py:925} INFO - DAG(s) 'example_sensor_decorator' retrieved from /mnt/c/Users/wu_li/OneDrive/Desktop/Airflow_pract/venv/lib/python3.9/site-packages/airflow/example_dags/example_sensor_decorator.py
[2025-04-20T20:56:37.192+0800] {logging_mixin.py:190} INFO - [2025-04-20T20:56:37.191+0800] {dag.py:3239} INFO - Sync 1 DAGs
[2025-04-20T20:56:37.208+0800] {logging_mixin.py:190} INFO - [2025-04-20T20:56:37.207+0800] {dag.py:4180} INFO - Setting next_dagrun for example_sensor_decorator to None, run_after=None
[2025-04-20T20:56:37.266+0800] {processor.py:208} INFO - Processing /mnt/c/Users/wu_li/OneDrive/Desktop/Airflow_pract/venv/lib/python3.9/site-packages/airflow/example_dags/example_sensor_decorator.py took 0.142 seconds
[2025-04-20T20:58:07.556+0800] {processor.py:186} INFO - Started process (PID=89446) to work on /mnt/c/Users/wu_li/OneDrive/Desktop/Airflow_pract/venv/lib/python3.9/site-packages/airflow/example_dags/example_sensor_decorator.py
[2025-04-20T20:58:07.558+0800] {processor.py:914} INFO - Processing file /mnt/c/Users/wu_li/OneDrive/Desktop/Airflow_pract/venv/lib/python3.9/site-packages/airflow/example_dags/example_sensor_decorator.py for tasks to queue
[2025-04-20T20:58:07.562+0800] {logging_mixin.py:190} INFO - [2025-04-20T20:58:07.561+0800] {dagbag.py:588} INFO - Filling up the DagBag from /mnt/c/Users/wu_li/OneDrive/Desktop/Airflow_pract/venv/lib/python3.9/site-packages/airflow/example_dags/example_sensor_decorator.py
[2025-04-20T20:58:07.591+0800] {processor.py:925} INFO - DAG(s) 'example_sensor_decorator' retrieved from /mnt/c/Users/wu_li/OneDrive/Desktop/Airflow_pract/venv/lib/python3.9/site-packages/airflow/example_dags/example_sensor_decorator.py
[2025-04-20T20:58:07.632+0800] {logging_mixin.py:190} INFO - [2025-04-20T20:58:07.631+0800] {dag.py:3239} INFO - Sync 1 DAGs
[2025-04-20T20:58:07.669+0800] {logging_mixin.py:190} INFO - [2025-04-20T20:58:07.667+0800] {dag.py:4180} INFO - Setting next_dagrun for example_sensor_decorator to None, run_after=None
[2025-04-20T20:58:07.767+0800] {processor.py:208} INFO - Processing /mnt/c/Users/wu_li/OneDrive/Desktop/Airflow_pract/venv/lib/python3.9/site-packages/airflow/example_dags/example_sensor_decorator.py took 0.229 seconds
[2025-04-20T20:59:37.260+0800] {processor.py:186} INFO - Started process (PID=90455) to work on /mnt/c/Users/wu_li/OneDrive/Desktop/Airflow_pract/venv/lib/python3.9/site-packages/airflow/example_dags/example_sensor_decorator.py
[2025-04-20T20:59:37.262+0800] {processor.py:914} INFO - Processing file /mnt/c/Users/wu_li/OneDrive/Desktop/Airflow_pract/venv/lib/python3.9/site-packages/airflow/example_dags/example_sensor_decorator.py for tasks to queue
[2025-04-20T20:59:37.265+0800] {logging_mixin.py:190} INFO - [2025-04-20T20:59:37.264+0800] {dagbag.py:588} INFO - Filling up the DagBag from /mnt/c/Users/wu_li/OneDrive/Desktop/Airflow_pract/venv/lib/python3.9/site-packages/airflow/example_dags/example_sensor_decorator.py
[2025-04-20T20:59:37.284+0800] {processor.py:925} INFO - DAG(s) 'example_sensor_decorator' retrieved from /mnt/c/Users/wu_li/OneDrive/Desktop/Airflow_pract/venv/lib/python3.9/site-packages/airflow/example_dags/example_sensor_decorator.py
[2025-04-20T20:59:37.310+0800] {logging_mixin.py:190} INFO - [2025-04-20T20:59:37.309+0800] {dag.py:3239} INFO - Sync 1 DAGs
[2025-04-20T20:59:37.325+0800] {logging_mixin.py:190} INFO - [2025-04-20T20:59:37.324+0800] {dag.py:4180} INFO - Setting next_dagrun for example_sensor_decorator to None, run_after=None
[2025-04-20T20:59:37.373+0800] {processor.py:208} INFO - Processing /mnt/c/Users/wu_li/OneDrive/Desktop/Airflow_pract/venv/lib/python3.9/site-packages/airflow/example_dags/example_sensor_decorator.py took 0.124 seconds
[2025-04-20T21:01:06.841+0800] {processor.py:186} INFO - Started process (PID=91532) to work on /mnt/c/Users/wu_li/OneDrive/Desktop/Airflow_pract/venv/lib/python3.9/site-packages/airflow/example_dags/example_sensor_decorator.py
[2025-04-20T21:01:06.843+0800] {processor.py:914} INFO - Processing file /mnt/c/Users/wu_li/OneDrive/Desktop/Airflow_pract/venv/lib/python3.9/site-packages/airflow/example_dags/example_sensor_decorator.py for tasks to queue
[2025-04-20T21:01:06.847+0800] {logging_mixin.py:190} INFO - [2025-04-20T21:01:06.845+0800] {dagbag.py:588} INFO - Filling up the DagBag from /mnt/c/Users/wu_li/OneDrive/Desktop/Airflow_pract/venv/lib/python3.9/site-packages/airflow/example_dags/example_sensor_decorator.py
[2025-04-20T21:01:06.877+0800] {processor.py:925} INFO - DAG(s) 'example_sensor_decorator' retrieved from /mnt/c/Users/wu_li/OneDrive/Desktop/Airflow_pract/venv/lib/python3.9/site-packages/airflow/example_dags/example_sensor_decorator.py
[2025-04-20T21:01:06.924+0800] {logging_mixin.py:190} INFO - [2025-04-20T21:01:06.920+0800] {dag.py:3239} INFO - Sync 1 DAGs
[2025-04-20T21:01:06.962+0800] {logging_mixin.py:190} INFO - [2025-04-20T21:01:06.960+0800] {dag.py:4180} INFO - Setting next_dagrun for example_sensor_decorator to None, run_after=None
[2025-04-20T21:01:07.062+0800] {processor.py:208} INFO - Processing /mnt/c/Users/wu_li/OneDrive/Desktop/Airflow_pract/venv/lib/python3.9/site-packages/airflow/example_dags/example_sensor_decorator.py took 0.238 seconds
[2025-04-20T21:02:36.533+0800] {processor.py:186} INFO - Started process (PID=92510) to work on /mnt/c/Users/wu_li/OneDrive/Desktop/Airflow_pract/venv/lib/python3.9/site-packages/airflow/example_dags/example_sensor_decorator.py
[2025-04-20T21:02:36.535+0800] {processor.py:914} INFO - Processing file /mnt/c/Users/wu_li/OneDrive/Desktop/Airflow_pract/venv/lib/python3.9/site-packages/airflow/example_dags/example_sensor_decorator.py for tasks to queue
[2025-04-20T21:02:36.537+0800] {logging_mixin.py:190} INFO - [2025-04-20T21:02:36.536+0800] {dagbag.py:588} INFO - Filling up the DagBag from /mnt/c/Users/wu_li/OneDrive/Desktop/Airflow_pract/venv/lib/python3.9/site-packages/airflow/example_dags/example_sensor_decorator.py
[2025-04-20T21:02:36.557+0800] {processor.py:925} INFO - DAG(s) 'example_sensor_decorator' retrieved from /mnt/c/Users/wu_li/OneDrive/Desktop/Airflow_pract/venv/lib/python3.9/site-packages/airflow/example_dags/example_sensor_decorator.py
[2025-04-20T21:02:36.585+0800] {logging_mixin.py:190} INFO - [2025-04-20T21:02:36.584+0800] {dag.py:3239} INFO - Sync 1 DAGs
[2025-04-20T21:02:36.601+0800] {logging_mixin.py:190} INFO - [2025-04-20T21:02:36.600+0800] {dag.py:4180} INFO - Setting next_dagrun for example_sensor_decorator to None, run_after=None
[2025-04-20T21:02:36.655+0800] {processor.py:208} INFO - Processing /mnt/c/Users/wu_li/OneDrive/Desktop/Airflow_pract/venv/lib/python3.9/site-packages/airflow/example_dags/example_sensor_decorator.py took 0.134 seconds
[2025-04-20T21:04:03.323+0800] {processor.py:186} INFO - Started process (PID=93547) to work on /mnt/c/Users/wu_li/OneDrive/Desktop/Airflow_pract/venv/lib/python3.9/site-packages/airflow/example_dags/example_sensor_decorator.py
[2025-04-20T21:04:03.324+0800] {processor.py:914} INFO - Processing file /mnt/c/Users/wu_li/OneDrive/Desktop/Airflow_pract/venv/lib/python3.9/site-packages/airflow/example_dags/example_sensor_decorator.py for tasks to queue
[2025-04-20T21:04:03.327+0800] {logging_mixin.py:190} INFO - [2025-04-20T21:04:03.326+0800] {dagbag.py:588} INFO - Filling up the DagBag from /mnt/c/Users/wu_li/OneDrive/Desktop/Airflow_pract/venv/lib/python3.9/site-packages/airflow/example_dags/example_sensor_decorator.py
[2025-04-20T21:04:03.348+0800] {processor.py:925} INFO - DAG(s) 'example_sensor_decorator' retrieved from /mnt/c/Users/wu_li/OneDrive/Desktop/Airflow_pract/venv/lib/python3.9/site-packages/airflow/example_dags/example_sensor_decorator.py
[2025-04-20T21:04:03.373+0800] {logging_mixin.py:190} INFO - [2025-04-20T21:04:03.372+0800] {dag.py:3239} INFO - Sync 1 DAGs
[2025-04-20T21:04:03.387+0800] {logging_mixin.py:190} INFO - [2025-04-20T21:04:03.386+0800] {dag.py:4180} INFO - Setting next_dagrun for example_sensor_decorator to None, run_after=None
[2025-04-20T21:04:03.448+0800] {processor.py:208} INFO - Processing /mnt/c/Users/wu_li/OneDrive/Desktop/Airflow_pract/venv/lib/python3.9/site-packages/airflow/example_dags/example_sensor_decorator.py took 0.137 seconds
[2025-04-20T21:05:32.600+0800] {processor.py:186} INFO - Started process (PID=94627) to work on /mnt/c/Users/wu_li/OneDrive/Desktop/Airflow_pract/venv/lib/python3.9/site-packages/airflow/example_dags/example_sensor_decorator.py
[2025-04-20T21:05:32.603+0800] {processor.py:914} INFO - Processing file /mnt/c/Users/wu_li/OneDrive/Desktop/Airflow_pract/venv/lib/python3.9/site-packages/airflow/example_dags/example_sensor_decorator.py for tasks to queue
[2025-04-20T21:05:32.610+0800] {logging_mixin.py:190} INFO - [2025-04-20T21:05:32.609+0800] {dagbag.py:588} INFO - Filling up the DagBag from /mnt/c/Users/wu_li/OneDrive/Desktop/Airflow_pract/venv/lib/python3.9/site-packages/airflow/example_dags/example_sensor_decorator.py
[2025-04-20T21:05:32.641+0800] {processor.py:925} INFO - DAG(s) 'example_sensor_decorator' retrieved from /mnt/c/Users/wu_li/OneDrive/Desktop/Airflow_pract/venv/lib/python3.9/site-packages/airflow/example_dags/example_sensor_decorator.py
[2025-04-20T21:05:32.685+0800] {logging_mixin.py:190} INFO - [2025-04-20T21:05:32.683+0800] {dag.py:3239} INFO - Sync 1 DAGs
[2025-04-20T21:05:32.723+0800] {logging_mixin.py:190} INFO - [2025-04-20T21:05:32.720+0800] {dag.py:4180} INFO - Setting next_dagrun for example_sensor_decorator to None, run_after=None
[2025-04-20T21:05:32.808+0800] {processor.py:208} INFO - Processing /mnt/c/Users/wu_li/OneDrive/Desktop/Airflow_pract/venv/lib/python3.9/site-packages/airflow/example_dags/example_sensor_decorator.py took 0.226 seconds
[2025-04-20T21:07:07.988+0800] {processor.py:186} INFO - Started process (PID=95779) to work on /mnt/c/Users/wu_li/OneDrive/Desktop/Airflow_pract/venv/lib/python3.9/site-packages/airflow/example_dags/example_sensor_decorator.py
[2025-04-20T21:07:07.990+0800] {processor.py:914} INFO - Processing file /mnt/c/Users/wu_li/OneDrive/Desktop/Airflow_pract/venv/lib/python3.9/site-packages/airflow/example_dags/example_sensor_decorator.py for tasks to queue
[2025-04-20T21:07:07.994+0800] {logging_mixin.py:190} INFO - [2025-04-20T21:07:07.992+0800] {dagbag.py:588} INFO - Filling up the DagBag from /mnt/c/Users/wu_li/OneDrive/Desktop/Airflow_pract/venv/lib/python3.9/site-packages/airflow/example_dags/example_sensor_decorator.py
[2025-04-20T21:07:08.026+0800] {processor.py:925} INFO - DAG(s) 'example_sensor_decorator' retrieved from /mnt/c/Users/wu_li/OneDrive/Desktop/Airflow_pract/venv/lib/python3.9/site-packages/airflow/example_dags/example_sensor_decorator.py
[2025-04-20T21:07:08.068+0800] {logging_mixin.py:190} INFO - [2025-04-20T21:07:08.066+0800] {dag.py:3239} INFO - Sync 1 DAGs
[2025-04-20T21:07:08.109+0800] {logging_mixin.py:190} INFO - [2025-04-20T21:07:08.108+0800] {dag.py:4180} INFO - Setting next_dagrun for example_sensor_decorator to None, run_after=None
[2025-04-20T21:07:08.201+0800] {processor.py:208} INFO - Processing /mnt/c/Users/wu_li/OneDrive/Desktop/Airflow_pract/venv/lib/python3.9/site-packages/airflow/example_dags/example_sensor_decorator.py took 0.230 seconds
[2025-04-20T21:08:39.098+0800] {processor.py:186} INFO - Started process (PID=96860) to work on /mnt/c/Users/wu_li/OneDrive/Desktop/Airflow_pract/venv/lib/python3.9/site-packages/airflow/example_dags/example_sensor_decorator.py
[2025-04-20T21:08:39.101+0800] {processor.py:914} INFO - Processing file /mnt/c/Users/wu_li/OneDrive/Desktop/Airflow_pract/venv/lib/python3.9/site-packages/airflow/example_dags/example_sensor_decorator.py for tasks to queue
[2025-04-20T21:08:39.105+0800] {logging_mixin.py:190} INFO - [2025-04-20T21:08:39.104+0800] {dagbag.py:588} INFO - Filling up the DagBag from /mnt/c/Users/wu_li/OneDrive/Desktop/Airflow_pract/venv/lib/python3.9/site-packages/airflow/example_dags/example_sensor_decorator.py
[2025-04-20T21:08:39.137+0800] {processor.py:925} INFO - DAG(s) 'example_sensor_decorator' retrieved from /mnt/c/Users/wu_li/OneDrive/Desktop/Airflow_pract/venv/lib/python3.9/site-packages/airflow/example_dags/example_sensor_decorator.py
[2025-04-20T21:08:39.180+0800] {logging_mixin.py:190} INFO - [2025-04-20T21:08:39.179+0800] {dag.py:3239} INFO - Sync 1 DAGs
[2025-04-20T21:08:39.214+0800] {logging_mixin.py:190} INFO - [2025-04-20T21:08:39.213+0800] {dag.py:4180} INFO - Setting next_dagrun for example_sensor_decorator to None, run_after=None
[2025-04-20T21:08:39.299+0800] {processor.py:208} INFO - Processing /mnt/c/Users/wu_li/OneDrive/Desktop/Airflow_pract/venv/lib/python3.9/site-packages/airflow/example_dags/example_sensor_decorator.py took 0.220 seconds
[2025-04-20T21:10:07.213+0800] {processor.py:186} INFO - Started process (PID=97869) to work on /mnt/c/Users/wu_li/OneDrive/Desktop/Airflow_pract/venv/lib/python3.9/site-packages/airflow/example_dags/example_sensor_decorator.py
[2025-04-20T21:10:07.214+0800] {processor.py:914} INFO - Processing file /mnt/c/Users/wu_li/OneDrive/Desktop/Airflow_pract/venv/lib/python3.9/site-packages/airflow/example_dags/example_sensor_decorator.py for tasks to queue
[2025-04-20T21:10:07.217+0800] {logging_mixin.py:190} INFO - [2025-04-20T21:10:07.216+0800] {dagbag.py:588} INFO - Filling up the DagBag from /mnt/c/Users/wu_li/OneDrive/Desktop/Airflow_pract/venv/lib/python3.9/site-packages/airflow/example_dags/example_sensor_decorator.py
[2025-04-20T21:10:07.238+0800] {processor.py:925} INFO - DAG(s) 'example_sensor_decorator' retrieved from /mnt/c/Users/wu_li/OneDrive/Desktop/Airflow_pract/venv/lib/python3.9/site-packages/airflow/example_dags/example_sensor_decorator.py
[2025-04-20T21:10:07.268+0800] {logging_mixin.py:190} INFO - [2025-04-20T21:10:07.267+0800] {dag.py:3239} INFO - Sync 1 DAGs
[2025-04-20T21:10:07.283+0800] {logging_mixin.py:190} INFO - [2025-04-20T21:10:07.282+0800] {dag.py:4180} INFO - Setting next_dagrun for example_sensor_decorator to None, run_after=None
[2025-04-20T21:10:07.340+0800] {processor.py:208} INFO - Processing /mnt/c/Users/wu_li/OneDrive/Desktop/Airflow_pract/venv/lib/python3.9/site-packages/airflow/example_dags/example_sensor_decorator.py took 0.138 seconds
[2025-04-20T21:11:40.538+0800] {processor.py:186} INFO - Started process (PID=99022) to work on /mnt/c/Users/wu_li/OneDrive/Desktop/Airflow_pract/venv/lib/python3.9/site-packages/airflow/example_dags/example_sensor_decorator.py
[2025-04-20T21:11:40.540+0800] {processor.py:914} INFO - Processing file /mnt/c/Users/wu_li/OneDrive/Desktop/Airflow_pract/venv/lib/python3.9/site-packages/airflow/example_dags/example_sensor_decorator.py for tasks to queue
[2025-04-20T21:11:40.544+0800] {logging_mixin.py:190} INFO - [2025-04-20T21:11:40.542+0800] {dagbag.py:588} INFO - Filling up the DagBag from /mnt/c/Users/wu_li/OneDrive/Desktop/Airflow_pract/venv/lib/python3.9/site-packages/airflow/example_dags/example_sensor_decorator.py
[2025-04-20T21:11:40.578+0800] {processor.py:925} INFO - DAG(s) 'example_sensor_decorator' retrieved from /mnt/c/Users/wu_li/OneDrive/Desktop/Airflow_pract/venv/lib/python3.9/site-packages/airflow/example_dags/example_sensor_decorator.py
[2025-04-20T21:11:40.642+0800] {logging_mixin.py:190} INFO - [2025-04-20T21:11:40.641+0800] {dag.py:3239} INFO - Sync 1 DAGs
[2025-04-20T21:11:40.697+0800] {logging_mixin.py:190} INFO - [2025-04-20T21:11:40.695+0800] {dag.py:4180} INFO - Setting next_dagrun for example_sensor_decorator to None, run_after=None
[2025-04-20T21:11:40.798+0800] {processor.py:208} INFO - Processing /mnt/c/Users/wu_li/OneDrive/Desktop/Airflow_pract/venv/lib/python3.9/site-packages/airflow/example_dags/example_sensor_decorator.py took 0.278 seconds
[2025-04-20T21:13:10.991+0800] {processor.py:186} INFO - Started process (PID=100102) to work on /mnt/c/Users/wu_li/OneDrive/Desktop/Airflow_pract/venv/lib/python3.9/site-packages/airflow/example_dags/example_sensor_decorator.py
[2025-04-20T21:13:10.994+0800] {processor.py:914} INFO - Processing file /mnt/c/Users/wu_li/OneDrive/Desktop/Airflow_pract/venv/lib/python3.9/site-packages/airflow/example_dags/example_sensor_decorator.py for tasks to queue
[2025-04-20T21:13:10.998+0800] {logging_mixin.py:190} INFO - [2025-04-20T21:13:10.996+0800] {dagbag.py:588} INFO - Filling up the DagBag from /mnt/c/Users/wu_li/OneDrive/Desktop/Airflow_pract/venv/lib/python3.9/site-packages/airflow/example_dags/example_sensor_decorator.py
[2025-04-20T21:13:11.038+0800] {processor.py:925} INFO - DAG(s) 'example_sensor_decorator' retrieved from /mnt/c/Users/wu_li/OneDrive/Desktop/Airflow_pract/venv/lib/python3.9/site-packages/airflow/example_dags/example_sensor_decorator.py
[2025-04-20T21:13:11.082+0800] {logging_mixin.py:190} INFO - [2025-04-20T21:13:11.080+0800] {dag.py:3239} INFO - Sync 1 DAGs
[2025-04-20T21:13:11.122+0800] {logging_mixin.py:190} INFO - [2025-04-20T21:13:11.118+0800] {dag.py:4180} INFO - Setting next_dagrun for example_sensor_decorator to None, run_after=None
[2025-04-20T21:13:11.214+0800] {processor.py:208} INFO - Processing /mnt/c/Users/wu_li/OneDrive/Desktop/Airflow_pract/venv/lib/python3.9/site-packages/airflow/example_dags/example_sensor_decorator.py took 0.242 seconds
[2025-04-20T21:14:42.653+0800] {processor.py:186} INFO - Started process (PID=101113) to work on /mnt/c/Users/wu_li/OneDrive/Desktop/Airflow_pract/venv/lib/python3.9/site-packages/airflow/example_dags/example_sensor_decorator.py
[2025-04-20T21:14:42.654+0800] {processor.py:914} INFO - Processing file /mnt/c/Users/wu_li/OneDrive/Desktop/Airflow_pract/venv/lib/python3.9/site-packages/airflow/example_dags/example_sensor_decorator.py for tasks to queue
[2025-04-20T21:14:42.657+0800] {logging_mixin.py:190} INFO - [2025-04-20T21:14:42.656+0800] {dagbag.py:588} INFO - Filling up the DagBag from /mnt/c/Users/wu_li/OneDrive/Desktop/Airflow_pract/venv/lib/python3.9/site-packages/airflow/example_dags/example_sensor_decorator.py
[2025-04-20T21:14:42.676+0800] {processor.py:925} INFO - DAG(s) 'example_sensor_decorator' retrieved from /mnt/c/Users/wu_li/OneDrive/Desktop/Airflow_pract/venv/lib/python3.9/site-packages/airflow/example_dags/example_sensor_decorator.py
[2025-04-20T21:14:42.701+0800] {logging_mixin.py:190} INFO - [2025-04-20T21:14:42.700+0800] {dag.py:3239} INFO - Sync 1 DAGs
[2025-04-20T21:14:42.716+0800] {logging_mixin.py:190} INFO - [2025-04-20T21:14:42.715+0800] {dag.py:4180} INFO - Setting next_dagrun for example_sensor_decorator to None, run_after=None
[2025-04-20T21:14:42.770+0800] {processor.py:208} INFO - Processing /mnt/c/Users/wu_li/OneDrive/Desktop/Airflow_pract/venv/lib/python3.9/site-packages/airflow/example_dags/example_sensor_decorator.py took 0.128 seconds
[2025-04-20T21:16:12.103+0800] {processor.py:186} INFO - Started process (PID=102190) to work on /mnt/c/Users/wu_li/OneDrive/Desktop/Airflow_pract/venv/lib/python3.9/site-packages/airflow/example_dags/example_sensor_decorator.py
[2025-04-20T21:16:12.105+0800] {processor.py:914} INFO - Processing file /mnt/c/Users/wu_li/OneDrive/Desktop/Airflow_pract/venv/lib/python3.9/site-packages/airflow/example_dags/example_sensor_decorator.py for tasks to queue
[2025-04-20T21:16:12.109+0800] {logging_mixin.py:190} INFO - [2025-04-20T21:16:12.108+0800] {dagbag.py:588} INFO - Filling up the DagBag from /mnt/c/Users/wu_li/OneDrive/Desktop/Airflow_pract/venv/lib/python3.9/site-packages/airflow/example_dags/example_sensor_decorator.py
[2025-04-20T21:16:12.141+0800] {processor.py:925} INFO - DAG(s) 'example_sensor_decorator' retrieved from /mnt/c/Users/wu_li/OneDrive/Desktop/Airflow_pract/venv/lib/python3.9/site-packages/airflow/example_dags/example_sensor_decorator.py
[2025-04-20T21:16:12.185+0800] {logging_mixin.py:190} INFO - [2025-04-20T21:16:12.184+0800] {dag.py:3239} INFO - Sync 1 DAGs
[2025-04-20T21:16:12.232+0800] {logging_mixin.py:190} INFO - [2025-04-20T21:16:12.230+0800] {dag.py:4180} INFO - Setting next_dagrun for example_sensor_decorator to None, run_after=None
[2025-04-20T21:16:12.340+0800] {processor.py:208} INFO - Processing /mnt/c/Users/wu_li/OneDrive/Desktop/Airflow_pract/venv/lib/python3.9/site-packages/airflow/example_dags/example_sensor_decorator.py took 0.259 seconds
[2025-04-20T21:17:39.871+0800] {processor.py:186} INFO - Started process (PID=103200) to work on /mnt/c/Users/wu_li/OneDrive/Desktop/Airflow_pract/venv/lib/python3.9/site-packages/airflow/example_dags/example_sensor_decorator.py
[2025-04-20T21:17:39.873+0800] {processor.py:914} INFO - Processing file /mnt/c/Users/wu_li/OneDrive/Desktop/Airflow_pract/venv/lib/python3.9/site-packages/airflow/example_dags/example_sensor_decorator.py for tasks to queue
[2025-04-20T21:17:39.877+0800] {logging_mixin.py:190} INFO - [2025-04-20T21:17:39.876+0800] {dagbag.py:588} INFO - Filling up the DagBag from /mnt/c/Users/wu_li/OneDrive/Desktop/Airflow_pract/venv/lib/python3.9/site-packages/airflow/example_dags/example_sensor_decorator.py
[2025-04-20T21:17:39.910+0800] {processor.py:925} INFO - DAG(s) 'example_sensor_decorator' retrieved from /mnt/c/Users/wu_li/OneDrive/Desktop/Airflow_pract/venv/lib/python3.9/site-packages/airflow/example_dags/example_sensor_decorator.py
[2025-04-20T21:17:39.954+0800] {logging_mixin.py:190} INFO - [2025-04-20T21:17:39.953+0800] {dag.py:3239} INFO - Sync 1 DAGs
[2025-04-20T21:17:39.991+0800] {logging_mixin.py:190} INFO - [2025-04-20T21:17:39.989+0800] {dag.py:4180} INFO - Setting next_dagrun for example_sensor_decorator to None, run_after=None
[2025-04-20T21:17:40.100+0800] {processor.py:208} INFO - Processing /mnt/c/Users/wu_li/OneDrive/Desktop/Airflow_pract/venv/lib/python3.9/site-packages/airflow/example_dags/example_sensor_decorator.py took 0.251 seconds
[2025-04-20T21:19:04.748+0800] {processor.py:186} INFO - Started process (PID=104205) to work on /mnt/c/Users/wu_li/OneDrive/Desktop/Airflow_pract/venv/lib/python3.9/site-packages/airflow/example_dags/example_sensor_decorator.py
[2025-04-20T21:19:04.754+0800] {processor.py:914} INFO - Processing file /mnt/c/Users/wu_li/OneDrive/Desktop/Airflow_pract/venv/lib/python3.9/site-packages/airflow/example_dags/example_sensor_decorator.py for tasks to queue
[2025-04-20T21:19:04.758+0800] {logging_mixin.py:190} INFO - [2025-04-20T21:19:04.756+0800] {dagbag.py:588} INFO - Filling up the DagBag from /mnt/c/Users/wu_li/OneDrive/Desktop/Airflow_pract/venv/lib/python3.9/site-packages/airflow/example_dags/example_sensor_decorator.py
[2025-04-20T21:19:04.798+0800] {processor.py:925} INFO - DAG(s) 'example_sensor_decorator' retrieved from /mnt/c/Users/wu_li/OneDrive/Desktop/Airflow_pract/venv/lib/python3.9/site-packages/airflow/example_dags/example_sensor_decorator.py
[2025-04-20T21:19:04.842+0800] {logging_mixin.py:190} INFO - [2025-04-20T21:19:04.840+0800] {dag.py:3239} INFO - Sync 1 DAGs
[2025-04-20T21:19:04.878+0800] {logging_mixin.py:190} INFO - [2025-04-20T21:19:04.877+0800] {dag.py:4180} INFO - Setting next_dagrun for example_sensor_decorator to None, run_after=None
[2025-04-20T21:19:04.968+0800] {processor.py:208} INFO - Processing /mnt/c/Users/wu_li/OneDrive/Desktop/Airflow_pract/venv/lib/python3.9/site-packages/airflow/example_dags/example_sensor_decorator.py took 0.242 seconds
[2025-04-20T21:20:36.230+0800] {processor.py:186} INFO - Started process (PID=105216) to work on /mnt/c/Users/wu_li/OneDrive/Desktop/Airflow_pract/venv/lib/python3.9/site-packages/airflow/example_dags/example_sensor_decorator.py
[2025-04-20T21:20:36.232+0800] {processor.py:914} INFO - Processing file /mnt/c/Users/wu_li/OneDrive/Desktop/Airflow_pract/venv/lib/python3.9/site-packages/airflow/example_dags/example_sensor_decorator.py for tasks to queue
[2025-04-20T21:20:36.234+0800] {logging_mixin.py:190} INFO - [2025-04-20T21:20:36.233+0800] {dagbag.py:588} INFO - Filling up the DagBag from /mnt/c/Users/wu_li/OneDrive/Desktop/Airflow_pract/venv/lib/python3.9/site-packages/airflow/example_dags/example_sensor_decorator.py
[2025-04-20T21:20:36.253+0800] {processor.py:925} INFO - DAG(s) 'example_sensor_decorator' retrieved from /mnt/c/Users/wu_li/OneDrive/Desktop/Airflow_pract/venv/lib/python3.9/site-packages/airflow/example_dags/example_sensor_decorator.py
[2025-04-20T21:20:36.277+0800] {logging_mixin.py:190} INFO - [2025-04-20T21:20:36.276+0800] {dag.py:3239} INFO - Sync 1 DAGs
[2025-04-20T21:20:36.290+0800] {logging_mixin.py:190} INFO - [2025-04-20T21:20:36.289+0800] {dag.py:4180} INFO - Setting next_dagrun for example_sensor_decorator to None, run_after=None
[2025-04-20T21:20:36.343+0800] {processor.py:208} INFO - Processing /mnt/c/Users/wu_li/OneDrive/Desktop/Airflow_pract/venv/lib/python3.9/site-packages/airflow/example_dags/example_sensor_decorator.py took 0.123 seconds
[2025-04-20T21:22:07.666+0800] {processor.py:186} INFO - Started process (PID=106295) to work on /mnt/c/Users/wu_li/OneDrive/Desktop/Airflow_pract/venv/lib/python3.9/site-packages/airflow/example_dags/example_sensor_decorator.py
[2025-04-20T21:22:07.668+0800] {processor.py:914} INFO - Processing file /mnt/c/Users/wu_li/OneDrive/Desktop/Airflow_pract/venv/lib/python3.9/site-packages/airflow/example_dags/example_sensor_decorator.py for tasks to queue
[2025-04-20T21:22:07.670+0800] {logging_mixin.py:190} INFO - [2025-04-20T21:22:07.669+0800] {dagbag.py:588} INFO - Filling up the DagBag from /mnt/c/Users/wu_li/OneDrive/Desktop/Airflow_pract/venv/lib/python3.9/site-packages/airflow/example_dags/example_sensor_decorator.py
[2025-04-20T21:22:07.689+0800] {processor.py:925} INFO - DAG(s) 'example_sensor_decorator' retrieved from /mnt/c/Users/wu_li/OneDrive/Desktop/Airflow_pract/venv/lib/python3.9/site-packages/airflow/example_dags/example_sensor_decorator.py
[2025-04-20T21:22:07.714+0800] {logging_mixin.py:190} INFO - [2025-04-20T21:22:07.713+0800] {dag.py:3239} INFO - Sync 1 DAGs
[2025-04-20T21:22:07.727+0800] {logging_mixin.py:190} INFO - [2025-04-20T21:22:07.726+0800] {dag.py:4180} INFO - Setting next_dagrun for example_sensor_decorator to None, run_after=None
[2025-04-20T21:22:07.777+0800] {processor.py:208} INFO - Processing /mnt/c/Users/wu_li/OneDrive/Desktop/Airflow_pract/venv/lib/python3.9/site-packages/airflow/example_dags/example_sensor_decorator.py took 0.123 seconds
[2025-04-20T21:23:39.551+0800] {processor.py:186} INFO - Started process (PID=107232) to work on /mnt/c/Users/wu_li/OneDrive/Desktop/Airflow_pract/venv/lib/python3.9/site-packages/airflow/example_dags/example_sensor_decorator.py
[2025-04-20T21:23:39.552+0800] {processor.py:914} INFO - Processing file /mnt/c/Users/wu_li/OneDrive/Desktop/Airflow_pract/venv/lib/python3.9/site-packages/airflow/example_dags/example_sensor_decorator.py for tasks to queue
[2025-04-20T21:23:39.555+0800] {logging_mixin.py:190} INFO - [2025-04-20T21:23:39.554+0800] {dagbag.py:588} INFO - Filling up the DagBag from /mnt/c/Users/wu_li/OneDrive/Desktop/Airflow_pract/venv/lib/python3.9/site-packages/airflow/example_dags/example_sensor_decorator.py
[2025-04-20T21:23:39.576+0800] {processor.py:925} INFO - DAG(s) 'example_sensor_decorator' retrieved from /mnt/c/Users/wu_li/OneDrive/Desktop/Airflow_pract/venv/lib/python3.9/site-packages/airflow/example_dags/example_sensor_decorator.py
[2025-04-20T21:23:39.612+0800] {logging_mixin.py:190} INFO - [2025-04-20T21:23:39.611+0800] {dag.py:3239} INFO - Sync 1 DAGs
[2025-04-20T21:23:39.628+0800] {logging_mixin.py:190} INFO - [2025-04-20T21:23:39.627+0800] {dag.py:4180} INFO - Setting next_dagrun for example_sensor_decorator to None, run_after=None
[2025-04-20T21:23:39.681+0800] {processor.py:208} INFO - Processing /mnt/c/Users/wu_li/OneDrive/Desktop/Airflow_pract/venv/lib/python3.9/site-packages/airflow/example_dags/example_sensor_decorator.py took 0.142 seconds
[2025-04-20T21:25:09.695+0800] {processor.py:186} INFO - Started process (PID=108308) to work on /mnt/c/Users/wu_li/OneDrive/Desktop/Airflow_pract/venv/lib/python3.9/site-packages/airflow/example_dags/example_sensor_decorator.py
[2025-04-20T21:25:09.698+0800] {processor.py:914} INFO - Processing file /mnt/c/Users/wu_li/OneDrive/Desktop/Airflow_pract/venv/lib/python3.9/site-packages/airflow/example_dags/example_sensor_decorator.py for tasks to queue
[2025-04-20T21:25:09.703+0800] {logging_mixin.py:190} INFO - [2025-04-20T21:25:09.701+0800] {dagbag.py:588} INFO - Filling up the DagBag from /mnt/c/Users/wu_li/OneDrive/Desktop/Airflow_pract/venv/lib/python3.9/site-packages/airflow/example_dags/example_sensor_decorator.py
[2025-04-20T21:25:09.738+0800] {processor.py:925} INFO - DAG(s) 'example_sensor_decorator' retrieved from /mnt/c/Users/wu_li/OneDrive/Desktop/Airflow_pract/venv/lib/python3.9/site-packages/airflow/example_dags/example_sensor_decorator.py
[2025-04-20T21:25:09.798+0800] {logging_mixin.py:190} INFO - [2025-04-20T21:25:09.797+0800] {dag.py:3239} INFO - Sync 1 DAGs
[2025-04-20T21:25:09.825+0800] {logging_mixin.py:190} INFO - [2025-04-20T21:25:09.823+0800] {dag.py:4180} INFO - Setting next_dagrun for example_sensor_decorator to None, run_after=None
[2025-04-20T21:25:09.933+0800] {processor.py:208} INFO - Processing /mnt/c/Users/wu_li/OneDrive/Desktop/Airflow_pract/venv/lib/python3.9/site-packages/airflow/example_dags/example_sensor_decorator.py took 0.257 seconds
[2025-04-20T21:26:41.727+0800] {processor.py:186} INFO - Started process (PID=109358) to work on /mnt/c/Users/wu_li/OneDrive/Desktop/Airflow_pract/venv/lib/python3.9/site-packages/airflow/example_dags/example_sensor_decorator.py
[2025-04-20T21:26:41.729+0800] {processor.py:914} INFO - Processing file /mnt/c/Users/wu_li/OneDrive/Desktop/Airflow_pract/venv/lib/python3.9/site-packages/airflow/example_dags/example_sensor_decorator.py for tasks to queue
[2025-04-20T21:26:41.731+0800] {logging_mixin.py:190} INFO - [2025-04-20T21:26:41.730+0800] {dagbag.py:588} INFO - Filling up the DagBag from /mnt/c/Users/wu_li/OneDrive/Desktop/Airflow_pract/venv/lib/python3.9/site-packages/airflow/example_dags/example_sensor_decorator.py
[2025-04-20T21:26:41.747+0800] {processor.py:925} INFO - DAG(s) 'example_sensor_decorator' retrieved from /mnt/c/Users/wu_li/OneDrive/Desktop/Airflow_pract/venv/lib/python3.9/site-packages/airflow/example_dags/example_sensor_decorator.py
[2025-04-20T21:26:41.772+0800] {logging_mixin.py:190} INFO - [2025-04-20T21:26:41.771+0800] {dag.py:3239} INFO - Sync 1 DAGs
[2025-04-20T21:26:41.785+0800] {logging_mixin.py:190} INFO - [2025-04-20T21:26:41.784+0800] {dag.py:4180} INFO - Setting next_dagrun for example_sensor_decorator to None, run_after=None
[2025-04-20T21:26:41.834+0800] {processor.py:208} INFO - Processing /mnt/c/Users/wu_li/OneDrive/Desktop/Airflow_pract/venv/lib/python3.9/site-packages/airflow/example_dags/example_sensor_decorator.py took 0.117 seconds
[2025-04-20T21:28:12.289+0800] {processor.py:186} INFO - Started process (PID=110396) to work on /mnt/c/Users/wu_li/OneDrive/Desktop/Airflow_pract/venv/lib/python3.9/site-packages/airflow/example_dags/example_sensor_decorator.py
[2025-04-20T21:28:12.290+0800] {processor.py:914} INFO - Processing file /mnt/c/Users/wu_li/OneDrive/Desktop/Airflow_pract/venv/lib/python3.9/site-packages/airflow/example_dags/example_sensor_decorator.py for tasks to queue
[2025-04-20T21:28:12.293+0800] {logging_mixin.py:190} INFO - [2025-04-20T21:28:12.292+0800] {dagbag.py:588} INFO - Filling up the DagBag from /mnt/c/Users/wu_li/OneDrive/Desktop/Airflow_pract/venv/lib/python3.9/site-packages/airflow/example_dags/example_sensor_decorator.py
[2025-04-20T21:28:12.312+0800] {processor.py:925} INFO - DAG(s) 'example_sensor_decorator' retrieved from /mnt/c/Users/wu_li/OneDrive/Desktop/Airflow_pract/venv/lib/python3.9/site-packages/airflow/example_dags/example_sensor_decorator.py
[2025-04-20T21:28:12.337+0800] {logging_mixin.py:190} INFO - [2025-04-20T21:28:12.336+0800] {dag.py:3239} INFO - Sync 1 DAGs
[2025-04-20T21:28:12.350+0800] {logging_mixin.py:190} INFO - [2025-04-20T21:28:12.349+0800] {dag.py:4180} INFO - Setting next_dagrun for example_sensor_decorator to None, run_after=None
[2025-04-20T21:28:12.404+0800] {processor.py:208} INFO - Processing /mnt/c/Users/wu_li/OneDrive/Desktop/Airflow_pract/venv/lib/python3.9/site-packages/airflow/example_dags/example_sensor_decorator.py took 0.128 seconds
[2025-04-20T21:29:43.232+0800] {processor.py:186} INFO - Started process (PID=111477) to work on /mnt/c/Users/wu_li/OneDrive/Desktop/Airflow_pract/venv/lib/python3.9/site-packages/airflow/example_dags/example_sensor_decorator.py
[2025-04-20T21:29:43.234+0800] {processor.py:914} INFO - Processing file /mnt/c/Users/wu_li/OneDrive/Desktop/Airflow_pract/venv/lib/python3.9/site-packages/airflow/example_dags/example_sensor_decorator.py for tasks to queue
[2025-04-20T21:29:43.238+0800] {logging_mixin.py:190} INFO - [2025-04-20T21:29:43.237+0800] {dagbag.py:588} INFO - Filling up the DagBag from /mnt/c/Users/wu_li/OneDrive/Desktop/Airflow_pract/venv/lib/python3.9/site-packages/airflow/example_dags/example_sensor_decorator.py
[2025-04-20T21:29:43.272+0800] {processor.py:925} INFO - DAG(s) 'example_sensor_decorator' retrieved from /mnt/c/Users/wu_li/OneDrive/Desktop/Airflow_pract/venv/lib/python3.9/site-packages/airflow/example_dags/example_sensor_decorator.py
[2025-04-20T21:29:43.317+0800] {logging_mixin.py:190} INFO - [2025-04-20T21:29:43.316+0800] {dag.py:3239} INFO - Sync 1 DAGs
[2025-04-20T21:29:43.336+0800] {logging_mixin.py:190} INFO - [2025-04-20T21:29:43.335+0800] {dag.py:4180} INFO - Setting next_dagrun for example_sensor_decorator to None, run_after=None
[2025-04-20T21:29:43.409+0800] {processor.py:208} INFO - Processing /mnt/c/Users/wu_li/OneDrive/Desktop/Airflow_pract/venv/lib/python3.9/site-packages/airflow/example_dags/example_sensor_decorator.py took 0.195 seconds
[2025-04-20T21:31:16.394+0800] {processor.py:186} INFO - Started process (PID=112556) to work on /mnt/c/Users/wu_li/OneDrive/Desktop/Airflow_pract/venv/lib/python3.9/site-packages/airflow/example_dags/example_sensor_decorator.py
[2025-04-20T21:31:16.397+0800] {processor.py:914} INFO - Processing file /mnt/c/Users/wu_li/OneDrive/Desktop/Airflow_pract/venv/lib/python3.9/site-packages/airflow/example_dags/example_sensor_decorator.py for tasks to queue
[2025-04-20T21:31:16.402+0800] {logging_mixin.py:190} INFO - [2025-04-20T21:31:16.399+0800] {dagbag.py:588} INFO - Filling up the DagBag from /mnt/c/Users/wu_li/OneDrive/Desktop/Airflow_pract/venv/lib/python3.9/site-packages/airflow/example_dags/example_sensor_decorator.py
[2025-04-20T21:31:16.439+0800] {processor.py:925} INFO - DAG(s) 'example_sensor_decorator' retrieved from /mnt/c/Users/wu_li/OneDrive/Desktop/Airflow_pract/venv/lib/python3.9/site-packages/airflow/example_dags/example_sensor_decorator.py
[2025-04-20T21:31:16.489+0800] {logging_mixin.py:190} INFO - [2025-04-20T21:31:16.488+0800] {dag.py:3239} INFO - Sync 1 DAGs
[2025-04-20T21:31:16.530+0800] {logging_mixin.py:190} INFO - [2025-04-20T21:31:16.527+0800] {dag.py:4180} INFO - Setting next_dagrun for example_sensor_decorator to None, run_after=None
[2025-04-20T21:31:16.648+0800] {processor.py:208} INFO - Processing /mnt/c/Users/wu_li/OneDrive/Desktop/Airflow_pract/venv/lib/python3.9/site-packages/airflow/example_dags/example_sensor_decorator.py took 0.275 seconds
[2025-04-20T21:32:46.236+0800] {processor.py:186} INFO - Started process (PID=113566) to work on /mnt/c/Users/wu_li/OneDrive/Desktop/Airflow_pract/venv/lib/python3.9/site-packages/airflow/example_dags/example_sensor_decorator.py
[2025-04-20T21:32:46.237+0800] {processor.py:914} INFO - Processing file /mnt/c/Users/wu_li/OneDrive/Desktop/Airflow_pract/venv/lib/python3.9/site-packages/airflow/example_dags/example_sensor_decorator.py for tasks to queue
[2025-04-20T21:32:46.240+0800] {logging_mixin.py:190} INFO - [2025-04-20T21:32:46.239+0800] {dagbag.py:588} INFO - Filling up the DagBag from /mnt/c/Users/wu_li/OneDrive/Desktop/Airflow_pract/venv/lib/python3.9/site-packages/airflow/example_dags/example_sensor_decorator.py
[2025-04-20T21:32:46.260+0800] {processor.py:925} INFO - DAG(s) 'example_sensor_decorator' retrieved from /mnt/c/Users/wu_li/OneDrive/Desktop/Airflow_pract/venv/lib/python3.9/site-packages/airflow/example_dags/example_sensor_decorator.py
[2025-04-20T21:32:46.287+0800] {logging_mixin.py:190} INFO - [2025-04-20T21:32:46.286+0800] {dag.py:3239} INFO - Sync 1 DAGs
[2025-04-20T21:32:46.301+0800] {logging_mixin.py:190} INFO - [2025-04-20T21:32:46.300+0800] {dag.py:4180} INFO - Setting next_dagrun for example_sensor_decorator to None, run_after=None
[2025-04-20T21:32:46.353+0800] {processor.py:208} INFO - Processing /mnt/c/Users/wu_li/OneDrive/Desktop/Airflow_pract/venv/lib/python3.9/site-packages/airflow/example_dags/example_sensor_decorator.py took 0.128 seconds
[2025-04-20T21:34:15.349+0800] {processor.py:186} INFO - Started process (PID=114643) to work on /mnt/c/Users/wu_li/OneDrive/Desktop/Airflow_pract/venv/lib/python3.9/site-packages/airflow/example_dags/example_sensor_decorator.py
[2025-04-20T21:34:15.352+0800] {processor.py:914} INFO - Processing file /mnt/c/Users/wu_li/OneDrive/Desktop/Airflow_pract/venv/lib/python3.9/site-packages/airflow/example_dags/example_sensor_decorator.py for tasks to queue
[2025-04-20T21:34:15.358+0800] {logging_mixin.py:190} INFO - [2025-04-20T21:34:15.356+0800] {dagbag.py:588} INFO - Filling up the DagBag from /mnt/c/Users/wu_li/OneDrive/Desktop/Airflow_pract/venv/lib/python3.9/site-packages/airflow/example_dags/example_sensor_decorator.py
[2025-04-20T21:34:15.390+0800] {processor.py:925} INFO - DAG(s) 'example_sensor_decorator' retrieved from /mnt/c/Users/wu_li/OneDrive/Desktop/Airflow_pract/venv/lib/python3.9/site-packages/airflow/example_dags/example_sensor_decorator.py
[2025-04-20T21:34:15.432+0800] {logging_mixin.py:190} INFO - [2025-04-20T21:34:15.430+0800] {dag.py:3239} INFO - Sync 1 DAGs
[2025-04-20T21:34:15.474+0800] {logging_mixin.py:190} INFO - [2025-04-20T21:34:15.467+0800] {dag.py:4180} INFO - Setting next_dagrun for example_sensor_decorator to None, run_after=None
[2025-04-20T21:34:15.572+0800] {processor.py:208} INFO - Processing /mnt/c/Users/wu_li/OneDrive/Desktop/Airflow_pract/venv/lib/python3.9/site-packages/airflow/example_dags/example_sensor_decorator.py took 0.241 seconds
[2025-04-20T21:35:54.398+0800] {processor.py:186} INFO - Started process (PID=115797) to work on /mnt/c/Users/wu_li/OneDrive/Desktop/Airflow_pract/venv/lib/python3.9/site-packages/airflow/example_dags/example_sensor_decorator.py
[2025-04-20T21:35:54.400+0800] {processor.py:914} INFO - Processing file /mnt/c/Users/wu_li/OneDrive/Desktop/Airflow_pract/venv/lib/python3.9/site-packages/airflow/example_dags/example_sensor_decorator.py for tasks to queue
[2025-04-20T21:35:54.404+0800] {logging_mixin.py:190} INFO - [2025-04-20T21:35:54.403+0800] {dagbag.py:588} INFO - Filling up the DagBag from /mnt/c/Users/wu_li/OneDrive/Desktop/Airflow_pract/venv/lib/python3.9/site-packages/airflow/example_dags/example_sensor_decorator.py
[2025-04-20T21:35:54.440+0800] {processor.py:925} INFO - DAG(s) 'example_sensor_decorator' retrieved from /mnt/c/Users/wu_li/OneDrive/Desktop/Airflow_pract/venv/lib/python3.9/site-packages/airflow/example_dags/example_sensor_decorator.py
[2025-04-20T21:35:54.481+0800] {logging_mixin.py:190} INFO - [2025-04-20T21:35:54.478+0800] {dag.py:3239} INFO - Sync 1 DAGs
[2025-04-20T21:35:54.528+0800] {logging_mixin.py:190} INFO - [2025-04-20T21:35:54.526+0800] {dag.py:4180} INFO - Setting next_dagrun for example_sensor_decorator to None, run_after=None
[2025-04-20T21:35:54.613+0800] {processor.py:208} INFO - Processing /mnt/c/Users/wu_li/OneDrive/Desktop/Airflow_pract/venv/lib/python3.9/site-packages/airflow/example_dags/example_sensor_decorator.py took 0.239 seconds
[2025-04-20T21:37:36.685+0800] {processor.py:186} INFO - Started process (PID=116880) to work on /mnt/c/Users/wu_li/OneDrive/Desktop/Airflow_pract/venv/lib/python3.9/site-packages/airflow/example_dags/example_sensor_decorator.py
[2025-04-20T21:37:36.689+0800] {processor.py:914} INFO - Processing file /mnt/c/Users/wu_li/OneDrive/Desktop/Airflow_pract/venv/lib/python3.9/site-packages/airflow/example_dags/example_sensor_decorator.py for tasks to queue
[2025-04-20T21:37:36.695+0800] {logging_mixin.py:190} INFO - [2025-04-20T21:37:36.693+0800] {dagbag.py:588} INFO - Filling up the DagBag from /mnt/c/Users/wu_li/OneDrive/Desktop/Airflow_pract/venv/lib/python3.9/site-packages/airflow/example_dags/example_sensor_decorator.py
[2025-04-20T21:37:36.861+0800] {processor.py:925} INFO - DAG(s) 'example_sensor_decorator' retrieved from /mnt/c/Users/wu_li/OneDrive/Desktop/Airflow_pract/venv/lib/python3.9/site-packages/airflow/example_dags/example_sensor_decorator.py
[2025-04-20T21:37:37.039+0800] {logging_mixin.py:190} INFO - [2025-04-20T21:37:37.036+0800] {dag.py:3239} INFO - Sync 1 DAGs
[2025-04-20T21:37:37.095+0800] {logging_mixin.py:190} INFO - [2025-04-20T21:37:37.093+0800] {dag.py:4180} INFO - Setting next_dagrun for example_sensor_decorator to None, run_after=None
[2025-04-20T21:37:37.276+0800] {processor.py:208} INFO - Processing /mnt/c/Users/wu_li/OneDrive/Desktop/Airflow_pract/venv/lib/python3.9/site-packages/airflow/example_dags/example_sensor_decorator.py took 0.627 seconds
[2025-04-20T21:39:20.824+0800] {processor.py:186} INFO - Started process (PID=117933) to work on /mnt/c/Users/wu_li/OneDrive/Desktop/Airflow_pract/venv/lib/python3.9/site-packages/airflow/example_dags/example_sensor_decorator.py
[2025-04-20T21:39:20.826+0800] {processor.py:914} INFO - Processing file /mnt/c/Users/wu_li/OneDrive/Desktop/Airflow_pract/venv/lib/python3.9/site-packages/airflow/example_dags/example_sensor_decorator.py for tasks to queue
[2025-04-20T21:39:20.828+0800] {logging_mixin.py:190} INFO - [2025-04-20T21:39:20.827+0800] {dagbag.py:588} INFO - Filling up the DagBag from /mnt/c/Users/wu_li/OneDrive/Desktop/Airflow_pract/venv/lib/python3.9/site-packages/airflow/example_dags/example_sensor_decorator.py
[2025-04-20T21:39:20.857+0800] {processor.py:925} INFO - DAG(s) 'example_sensor_decorator' retrieved from /mnt/c/Users/wu_li/OneDrive/Desktop/Airflow_pract/venv/lib/python3.9/site-packages/airflow/example_dags/example_sensor_decorator.py
[2025-04-20T21:39:20.893+0800] {logging_mixin.py:190} INFO - [2025-04-20T21:39:20.893+0800] {dag.py:3239} INFO - Sync 1 DAGs
[2025-04-20T21:39:20.917+0800] {logging_mixin.py:190} INFO - [2025-04-20T21:39:20.915+0800] {dag.py:4180} INFO - Setting next_dagrun for example_sensor_decorator to None, run_after=None
[2025-04-20T21:39:20.988+0800] {processor.py:208} INFO - Processing /mnt/c/Users/wu_li/OneDrive/Desktop/Airflow_pract/venv/lib/python3.9/site-packages/airflow/example_dags/example_sensor_decorator.py took 0.179 seconds
[2025-04-20T21:40:47.963+0800] {processor.py:186} INFO - Started process (PID=118827) to work on /mnt/c/Users/wu_li/OneDrive/Desktop/Airflow_pract/venv/lib/python3.9/site-packages/airflow/example_dags/example_sensor_decorator.py
[2025-04-20T21:40:47.967+0800] {processor.py:914} INFO - Processing file /mnt/c/Users/wu_li/OneDrive/Desktop/Airflow_pract/venv/lib/python3.9/site-packages/airflow/example_dags/example_sensor_decorator.py for tasks to queue
[2025-04-20T21:40:47.972+0800] {logging_mixin.py:190} INFO - [2025-04-20T21:40:47.970+0800] {dagbag.py:588} INFO - Filling up the DagBag from /mnt/c/Users/wu_li/OneDrive/Desktop/Airflow_pract/venv/lib/python3.9/site-packages/airflow/example_dags/example_sensor_decorator.py
[2025-04-20T21:40:48.004+0800] {processor.py:925} INFO - DAG(s) 'example_sensor_decorator' retrieved from /mnt/c/Users/wu_li/OneDrive/Desktop/Airflow_pract/venv/lib/python3.9/site-packages/airflow/example_dags/example_sensor_decorator.py
[2025-04-20T21:40:48.044+0800] {logging_mixin.py:190} INFO - [2025-04-20T21:40:48.042+0800] {dag.py:3239} INFO - Sync 1 DAGs
[2025-04-20T21:40:48.069+0800] {logging_mixin.py:190} INFO - [2025-04-20T21:40:48.067+0800] {dag.py:4180} INFO - Setting next_dagrun for example_sensor_decorator to None, run_after=None
[2025-04-20T21:40:48.136+0800] {processor.py:208} INFO - Processing /mnt/c/Users/wu_li/OneDrive/Desktop/Airflow_pract/venv/lib/python3.9/site-packages/airflow/example_dags/example_sensor_decorator.py took 0.198 seconds
[2025-04-20T21:42:17.049+0800] {processor.py:186} INFO - Started process (PID=119805) to work on /mnt/c/Users/wu_li/OneDrive/Desktop/Airflow_pract/venv/lib/python3.9/site-packages/airflow/example_dags/example_sensor_decorator.py
[2025-04-20T21:42:17.053+0800] {processor.py:914} INFO - Processing file /mnt/c/Users/wu_li/OneDrive/Desktop/Airflow_pract/venv/lib/python3.9/site-packages/airflow/example_dags/example_sensor_decorator.py for tasks to queue
[2025-04-20T21:42:17.061+0800] {logging_mixin.py:190} INFO - [2025-04-20T21:42:17.059+0800] {dagbag.py:588} INFO - Filling up the DagBag from /mnt/c/Users/wu_li/OneDrive/Desktop/Airflow_pract/venv/lib/python3.9/site-packages/airflow/example_dags/example_sensor_decorator.py
[2025-04-20T21:42:17.102+0800] {processor.py:925} INFO - DAG(s) 'example_sensor_decorator' retrieved from /mnt/c/Users/wu_li/OneDrive/Desktop/Airflow_pract/venv/lib/python3.9/site-packages/airflow/example_dags/example_sensor_decorator.py
[2025-04-20T21:42:17.188+0800] {logging_mixin.py:190} INFO - [2025-04-20T21:42:17.186+0800] {dag.py:3239} INFO - Sync 1 DAGs
[2025-04-20T21:42:17.230+0800] {logging_mixin.py:190} INFO - [2025-04-20T21:42:17.229+0800] {dag.py:4180} INFO - Setting next_dagrun for example_sensor_decorator to None, run_after=None
[2025-04-20T21:42:17.338+0800] {processor.py:208} INFO - Processing /mnt/c/Users/wu_li/OneDrive/Desktop/Airflow_pract/venv/lib/python3.9/site-packages/airflow/example_dags/example_sensor_decorator.py took 0.311 seconds
[2025-04-20T21:44:01.079+0800] {processor.py:186} INFO - Started process (PID=120710) to work on /mnt/c/Users/wu_li/OneDrive/Desktop/Airflow_pract/venv/lib/python3.9/site-packages/airflow/example_dags/example_sensor_decorator.py
[2025-04-20T21:44:01.081+0800] {processor.py:914} INFO - Processing file /mnt/c/Users/wu_li/OneDrive/Desktop/Airflow_pract/venv/lib/python3.9/site-packages/airflow/example_dags/example_sensor_decorator.py for tasks to queue
[2025-04-20T21:44:01.087+0800] {logging_mixin.py:190} INFO - [2025-04-20T21:44:01.084+0800] {dagbag.py:588} INFO - Filling up the DagBag from /mnt/c/Users/wu_li/OneDrive/Desktop/Airflow_pract/venv/lib/python3.9/site-packages/airflow/example_dags/example_sensor_decorator.py
[2025-04-20T21:44:01.119+0800] {processor.py:925} INFO - DAG(s) 'example_sensor_decorator' retrieved from /mnt/c/Users/wu_li/OneDrive/Desktop/Airflow_pract/venv/lib/python3.9/site-packages/airflow/example_dags/example_sensor_decorator.py
[2025-04-20T21:44:01.161+0800] {logging_mixin.py:190} INFO - [2025-04-20T21:44:01.160+0800] {dag.py:3239} INFO - Sync 1 DAGs
[2025-04-20T21:44:01.207+0800] {logging_mixin.py:190} INFO - [2025-04-20T21:44:01.202+0800] {dag.py:4180} INFO - Setting next_dagrun for example_sensor_decorator to None, run_after=None
[2025-04-20T21:44:01.323+0800] {processor.py:208} INFO - Processing /mnt/c/Users/wu_li/OneDrive/Desktop/Airflow_pract/venv/lib/python3.9/site-packages/airflow/example_dags/example_sensor_decorator.py took 0.262 seconds
