[2025-04-20T20:12:56.917+0800] {processor.py:186} INFO - Started process (PID=64311) to work on /mnt/c/Users/wu_li/OneDrive/Desktop/Airflow_pract/venv/lib/python3.9/site-packages/airflow/example_dags/example_branch_operator_decorator.py
[2025-04-20T20:12:56.920+0800] {processor.py:914} INFO - Processing file /mnt/c/Users/wu_li/OneDrive/Desktop/Airflow_pract/venv/lib/python3.9/site-packages/airflow/example_dags/example_branch_operator_decorator.py for tasks to queue
[2025-04-20T20:12:56.925+0800] {logging_mixin.py:190} INFO - [2025-04-20T20:12:56.923+0800] {dagbag.py:588} INFO - Filling up the DagBag from /mnt/c/Users/wu_li/OneDrive/Desktop/Airflow_pract/venv/lib/python3.9/site-packages/airflow/example_dags/example_branch_operator_decorator.py
[2025-04-20T20:12:57.032+0800] {processor.py:927} WARNING - No viable dags retrieved from /mnt/c/Users/wu_li/OneDrive/Desktop/Airflow_pract/venv/lib/python3.9/site-packages/airflow/example_dags/example_branch_operator_decorator.py
[2025-04-20T20:12:57.065+0800] {processor.py:208} INFO - Processing /mnt/c/Users/wu_li/OneDrive/Desktop/Airflow_pract/venv/lib/python3.9/site-packages/airflow/example_dags/example_branch_operator_decorator.py took 0.164 seconds
[2025-04-20T20:18:03.140+0800] {processor.py:186} INFO - Started process (PID=68289) to work on /mnt/c/Users/wu_li/OneDrive/Desktop/Airflow_pract/venv/lib/python3.9/site-packages/airflow/example_dags/example_branch_operator_decorator.py
[2025-04-20T20:18:03.142+0800] {processor.py:914} INFO - Processing file /mnt/c/Users/wu_li/OneDrive/Desktop/Airflow_pract/venv/lib/python3.9/site-packages/airflow/example_dags/example_branch_operator_decorator.py for tasks to queue
[2025-04-20T20:18:03.148+0800] {logging_mixin.py:190} INFO - [2025-04-20T20:18:03.147+0800] {dagbag.py:588} INFO - Filling up the DagBag from /mnt/c/Users/wu_li/OneDrive/Desktop/Airflow_pract/venv/lib/python3.9/site-packages/airflow/example_dags/example_branch_operator_decorator.py
[2025-04-20T20:18:03.273+0800] {processor.py:927} WARNING - No viable dags retrieved from /mnt/c/Users/wu_li/OneDrive/Desktop/Airflow_pract/venv/lib/python3.9/site-packages/airflow/example_dags/example_branch_operator_decorator.py
[2025-04-20T20:18:03.308+0800] {processor.py:208} INFO - Processing /mnt/c/Users/wu_li/OneDrive/Desktop/Airflow_pract/venv/lib/python3.9/site-packages/airflow/example_dags/example_branch_operator_decorator.py took 0.191 seconds
[2025-04-20T20:19:47.559+0800] {processor.py:186} INFO - Started process (PID=69508) to work on /mnt/c/Users/wu_li/OneDrive/Desktop/Airflow_pract/venv/lib/python3.9/site-packages/airflow/example_dags/example_branch_operator_decorator.py
[2025-04-20T20:19:47.561+0800] {processor.py:914} INFO - Processing file /mnt/c/Users/wu_li/OneDrive/Desktop/Airflow_pract/venv/lib/python3.9/site-packages/airflow/example_dags/example_branch_operator_decorator.py for tasks to queue
[2025-04-20T20:19:47.566+0800] {logging_mixin.py:190} INFO - [2025-04-20T20:19:47.564+0800] {dagbag.py:588} INFO - Filling up the DagBag from /mnt/c/Users/wu_li/OneDrive/Desktop/Airflow_pract/venv/lib/python3.9/site-packages/airflow/example_dags/example_branch_operator_decorator.py
[2025-04-20T20:19:47.641+0800] {processor.py:927} WARNING - No viable dags retrieved from /mnt/c/Users/wu_li/OneDrive/Desktop/Airflow_pract/venv/lib/python3.9/site-packages/airflow/example_dags/example_branch_operator_decorator.py
[2025-04-20T20:19:47.661+0800] {processor.py:208} INFO - Processing /mnt/c/Users/wu_li/OneDrive/Desktop/Airflow_pract/venv/lib/python3.9/site-packages/airflow/example_dags/example_branch_operator_decorator.py took 0.120 seconds
[2025-04-20T20:21:43.515+0800] {processor.py:186} INFO - Started process (PID=70480) to work on /mnt/c/Users/wu_li/OneDrive/Desktop/Airflow_pract/venv/lib/python3.9/site-packages/airflow/example_dags/example_branch_operator_decorator.py
[2025-04-20T20:21:43.518+0800] {processor.py:914} INFO - Processing file /mnt/c/Users/wu_li/OneDrive/Desktop/Airflow_pract/venv/lib/python3.9/site-packages/airflow/example_dags/example_branch_operator_decorator.py for tasks to queue
[2025-04-20T20:21:43.524+0800] {logging_mixin.py:190} INFO - [2025-04-20T20:21:43.522+0800] {dagbag.py:588} INFO - Filling up the DagBag from /mnt/c/Users/wu_li/OneDrive/Desktop/Airflow_pract/venv/lib/python3.9/site-packages/airflow/example_dags/example_branch_operator_decorator.py
[2025-04-20T20:21:43.602+0800] {processor.py:927} WARNING - No viable dags retrieved from /mnt/c/Users/wu_li/OneDrive/Desktop/Airflow_pract/venv/lib/python3.9/site-packages/airflow/example_dags/example_branch_operator_decorator.py
[2025-04-20T20:21:43.635+0800] {processor.py:208} INFO - Processing /mnt/c/Users/wu_li/OneDrive/Desktop/Airflow_pract/venv/lib/python3.9/site-packages/airflow/example_dags/example_branch_operator_decorator.py took 0.145 seconds
[2025-04-20T20:23:40.494+0800] {processor.py:186} INFO - Started process (PID=71399) to work on /mnt/c/Users/wu_li/OneDrive/Desktop/Airflow_pract/venv/lib/python3.9/site-packages/airflow/example_dags/example_branch_operator_decorator.py
[2025-04-20T20:23:40.496+0800] {processor.py:914} INFO - Processing file /mnt/c/Users/wu_li/OneDrive/Desktop/Airflow_pract/venv/lib/python3.9/site-packages/airflow/example_dags/example_branch_operator_decorator.py for tasks to queue
[2025-04-20T20:23:40.500+0800] {logging_mixin.py:190} INFO - [2025-04-20T20:23:40.499+0800] {dagbag.py:588} INFO - Filling up the DagBag from /mnt/c/Users/wu_li/OneDrive/Desktop/Airflow_pract/venv/lib/python3.9/site-packages/airflow/example_dags/example_branch_operator_decorator.py
[2025-04-20T20:23:40.566+0800] {processor.py:927} WARNING - No viable dags retrieved from /mnt/c/Users/wu_li/OneDrive/Desktop/Airflow_pract/venv/lib/python3.9/site-packages/airflow/example_dags/example_branch_operator_decorator.py
[2025-04-20T20:23:40.585+0800] {processor.py:208} INFO - Processing /mnt/c/Users/wu_li/OneDrive/Desktop/Airflow_pract/venv/lib/python3.9/site-packages/airflow/example_dags/example_branch_operator_decorator.py took 0.104 seconds
[2025-04-20T20:25:38.048+0800] {processor.py:186} INFO - Started process (PID=72461) to work on /mnt/c/Users/wu_li/OneDrive/Desktop/Airflow_pract/venv/lib/python3.9/site-packages/airflow/example_dags/example_branch_operator_decorator.py
[2025-04-20T20:25:38.051+0800] {processor.py:914} INFO - Processing file /mnt/c/Users/wu_li/OneDrive/Desktop/Airflow_pract/venv/lib/python3.9/site-packages/airflow/example_dags/example_branch_operator_decorator.py for tasks to queue
[2025-04-20T20:25:38.057+0800] {logging_mixin.py:190} INFO - [2025-04-20T20:25:38.054+0800] {dagbag.py:588} INFO - Filling up the DagBag from /mnt/c/Users/wu_li/OneDrive/Desktop/Airflow_pract/venv/lib/python3.9/site-packages/airflow/example_dags/example_branch_operator_decorator.py
[2025-04-20T20:25:38.216+0800] {processor.py:927} WARNING - No viable dags retrieved from /mnt/c/Users/wu_li/OneDrive/Desktop/Airflow_pract/venv/lib/python3.9/site-packages/airflow/example_dags/example_branch_operator_decorator.py
[2025-04-20T20:25:38.264+0800] {processor.py:208} INFO - Processing /mnt/c/Users/wu_li/OneDrive/Desktop/Airflow_pract/venv/lib/python3.9/site-packages/airflow/example_dags/example_branch_operator_decorator.py took 0.242 seconds
[2025-04-20T20:27:32.603+0800] {processor.py:186} INFO - Started process (PID=73635) to work on /mnt/c/Users/wu_li/OneDrive/Desktop/Airflow_pract/venv/lib/python3.9/site-packages/airflow/example_dags/example_branch_operator_decorator.py
[2025-04-20T20:27:32.605+0800] {processor.py:914} INFO - Processing file /mnt/c/Users/wu_li/OneDrive/Desktop/Airflow_pract/venv/lib/python3.9/site-packages/airflow/example_dags/example_branch_operator_decorator.py for tasks to queue
[2025-04-20T20:27:32.607+0800] {logging_mixin.py:190} INFO - [2025-04-20T20:27:32.606+0800] {dagbag.py:588} INFO - Filling up the DagBag from /mnt/c/Users/wu_li/OneDrive/Desktop/Airflow_pract/venv/lib/python3.9/site-packages/airflow/example_dags/example_branch_operator_decorator.py
[2025-04-20T20:27:32.675+0800] {processor.py:927} WARNING - No viable dags retrieved from /mnt/c/Users/wu_li/OneDrive/Desktop/Airflow_pract/venv/lib/python3.9/site-packages/airflow/example_dags/example_branch_operator_decorator.py
[2025-04-20T20:27:32.698+0800] {processor.py:208} INFO - Processing /mnt/c/Users/wu_li/OneDrive/Desktop/Airflow_pract/venv/lib/python3.9/site-packages/airflow/example_dags/example_branch_operator_decorator.py took 0.108 seconds
[2025-04-20T20:37:13.178+0800] {processor.py:186} INFO - Started process (PID=77492) to work on /mnt/c/Users/wu_li/OneDrive/Desktop/Airflow_pract/venv/lib/python3.9/site-packages/airflow/example_dags/example_branch_operator_decorator.py
[2025-04-20T20:37:13.181+0800] {processor.py:914} INFO - Processing file /mnt/c/Users/wu_li/OneDrive/Desktop/Airflow_pract/venv/lib/python3.9/site-packages/airflow/example_dags/example_branch_operator_decorator.py for tasks to queue
[2025-04-20T20:37:13.195+0800] {logging_mixin.py:190} INFO - [2025-04-20T20:37:13.186+0800] {dagbag.py:588} INFO - Filling up the DagBag from /mnt/c/Users/wu_li/OneDrive/Desktop/Airflow_pract/venv/lib/python3.9/site-packages/airflow/example_dags/example_branch_operator_decorator.py
[2025-04-20T20:37:13.329+0800] {processor.py:927} WARNING - No viable dags retrieved from /mnt/c/Users/wu_li/OneDrive/Desktop/Airflow_pract/venv/lib/python3.9/site-packages/airflow/example_dags/example_branch_operator_decorator.py
[2025-04-20T20:37:13.371+0800] {processor.py:208} INFO - Processing /mnt/c/Users/wu_li/OneDrive/Desktop/Airflow_pract/venv/lib/python3.9/site-packages/airflow/example_dags/example_branch_operator_decorator.py took 0.224 seconds
[2025-04-20T20:38:45.516+0800] {processor.py:186} INFO - Started process (PID=78579) to work on /mnt/c/Users/wu_li/OneDrive/Desktop/Airflow_pract/venv/lib/python3.9/site-packages/airflow/example_dags/example_branch_operator_decorator.py
[2025-04-20T20:38:45.517+0800] {processor.py:914} INFO - Processing file /mnt/c/Users/wu_li/OneDrive/Desktop/Airflow_pract/venv/lib/python3.9/site-packages/airflow/example_dags/example_branch_operator_decorator.py for tasks to queue
[2025-04-20T20:38:45.520+0800] {logging_mixin.py:190} INFO - [2025-04-20T20:38:45.519+0800] {dagbag.py:588} INFO - Filling up the DagBag from /mnt/c/Users/wu_li/OneDrive/Desktop/Airflow_pract/venv/lib/python3.9/site-packages/airflow/example_dags/example_branch_operator_decorator.py
[2025-04-20T20:38:45.587+0800] {processor.py:927} WARNING - No viable dags retrieved from /mnt/c/Users/wu_li/OneDrive/Desktop/Airflow_pract/venv/lib/python3.9/site-packages/airflow/example_dags/example_branch_operator_decorator.py
[2025-04-20T20:38:45.605+0800] {processor.py:208} INFO - Processing /mnt/c/Users/wu_li/OneDrive/Desktop/Airflow_pract/venv/lib/python3.9/site-packages/airflow/example_dags/example_branch_operator_decorator.py took 0.103 seconds
[2025-04-20T20:40:21.883+0800] {processor.py:186} INFO - Started process (PID=79584) to work on /mnt/c/Users/wu_li/OneDrive/Desktop/Airflow_pract/venv/lib/python3.9/site-packages/airflow/example_dags/example_branch_operator_decorator.py
[2025-04-20T20:40:21.887+0800] {processor.py:914} INFO - Processing file /mnt/c/Users/wu_li/OneDrive/Desktop/Airflow_pract/venv/lib/python3.9/site-packages/airflow/example_dags/example_branch_operator_decorator.py for tasks to queue
[2025-04-20T20:40:21.895+0800] {logging_mixin.py:190} INFO - [2025-04-20T20:40:21.891+0800] {dagbag.py:588} INFO - Filling up the DagBag from /mnt/c/Users/wu_li/OneDrive/Desktop/Airflow_pract/venv/lib/python3.9/site-packages/airflow/example_dags/example_branch_operator_decorator.py
[2025-04-20T20:40:22.064+0800] {processor.py:927} WARNING - No viable dags retrieved from /mnt/c/Users/wu_li/OneDrive/Desktop/Airflow_pract/venv/lib/python3.9/site-packages/airflow/example_dags/example_branch_operator_decorator.py
[2025-04-20T20:40:22.123+0800] {processor.py:208} INFO - Processing /mnt/c/Users/wu_li/OneDrive/Desktop/Airflow_pract/venv/lib/python3.9/site-packages/airflow/example_dags/example_branch_operator_decorator.py took 0.261 seconds
[2025-04-20T20:42:18.765+0800] {processor.py:186} INFO - Started process (PID=80530) to work on /mnt/c/Users/wu_li/OneDrive/Desktop/Airflow_pract/venv/lib/python3.9/site-packages/airflow/example_dags/example_branch_operator_decorator.py
[2025-04-20T20:42:18.767+0800] {processor.py:914} INFO - Processing file /mnt/c/Users/wu_li/OneDrive/Desktop/Airflow_pract/venv/lib/python3.9/site-packages/airflow/example_dags/example_branch_operator_decorator.py for tasks to queue
[2025-04-20T20:42:18.775+0800] {logging_mixin.py:190} INFO - [2025-04-20T20:42:18.770+0800] {dagbag.py:588} INFO - Filling up the DagBag from /mnt/c/Users/wu_li/OneDrive/Desktop/Airflow_pract/venv/lib/python3.9/site-packages/airflow/example_dags/example_branch_operator_decorator.py
[2025-04-20T20:42:18.907+0800] {processor.py:927} WARNING - No viable dags retrieved from /mnt/c/Users/wu_li/OneDrive/Desktop/Airflow_pract/venv/lib/python3.9/site-packages/airflow/example_dags/example_branch_operator_decorator.py
[2025-04-20T20:42:18.956+0800] {processor.py:208} INFO - Processing /mnt/c/Users/wu_li/OneDrive/Desktop/Airflow_pract/venv/lib/python3.9/site-packages/airflow/example_dags/example_branch_operator_decorator.py took 0.219 seconds
[2025-04-20T20:43:59.064+0800] {processor.py:186} INFO - Started process (PID=81616) to work on /mnt/c/Users/wu_li/OneDrive/Desktop/Airflow_pract/venv/lib/python3.9/site-packages/airflow/example_dags/example_branch_operator_decorator.py
[2025-04-20T20:43:59.066+0800] {processor.py:914} INFO - Processing file /mnt/c/Users/wu_li/OneDrive/Desktop/Airflow_pract/venv/lib/python3.9/site-packages/airflow/example_dags/example_branch_operator_decorator.py for tasks to queue
[2025-04-20T20:43:59.073+0800] {logging_mixin.py:190} INFO - [2025-04-20T20:43:59.071+0800] {dagbag.py:588} INFO - Filling up the DagBag from /mnt/c/Users/wu_li/OneDrive/Desktop/Airflow_pract/venv/lib/python3.9/site-packages/airflow/example_dags/example_branch_operator_decorator.py
[2025-04-20T20:43:59.204+0800] {processor.py:927} WARNING - No viable dags retrieved from /mnt/c/Users/wu_li/OneDrive/Desktop/Airflow_pract/venv/lib/python3.9/site-packages/airflow/example_dags/example_branch_operator_decorator.py
[2025-04-20T20:43:59.241+0800] {processor.py:208} INFO - Processing /mnt/c/Users/wu_li/OneDrive/Desktop/Airflow_pract/venv/lib/python3.9/site-packages/airflow/example_dags/example_branch_operator_decorator.py took 0.198 seconds
[2025-04-20T20:45:41.493+0800] {processor.py:186} INFO - Started process (PID=82409) to work on /mnt/c/Users/wu_li/OneDrive/Desktop/Airflow_pract/venv/lib/python3.9/site-packages/airflow/example_dags/example_branch_operator_decorator.py
[2025-04-20T20:45:41.496+0800] {processor.py:914} INFO - Processing file /mnt/c/Users/wu_li/OneDrive/Desktop/Airflow_pract/venv/lib/python3.9/site-packages/airflow/example_dags/example_branch_operator_decorator.py for tasks to queue
[2025-04-20T20:45:41.507+0800] {logging_mixin.py:190} INFO - [2025-04-20T20:45:41.500+0800] {dagbag.py:588} INFO - Filling up the DagBag from /mnt/c/Users/wu_li/OneDrive/Desktop/Airflow_pract/venv/lib/python3.9/site-packages/airflow/example_dags/example_branch_operator_decorator.py
[2025-04-20T20:45:41.668+0800] {processor.py:927} WARNING - No viable dags retrieved from /mnt/c/Users/wu_li/OneDrive/Desktop/Airflow_pract/venv/lib/python3.9/site-packages/airflow/example_dags/example_branch_operator_decorator.py
[2025-04-20T20:45:41.714+0800] {processor.py:208} INFO - Processing /mnt/c/Users/wu_li/OneDrive/Desktop/Airflow_pract/venv/lib/python3.9/site-packages/airflow/example_dags/example_branch_operator_decorator.py took 0.270 seconds
[2025-04-20T20:47:31.184+0800] {processor.py:186} INFO - Started process (PID=83278) to work on /mnt/c/Users/wu_li/OneDrive/Desktop/Airflow_pract/venv/lib/python3.9/site-packages/airflow/example_dags/example_branch_operator_decorator.py
[2025-04-20T20:47:31.187+0800] {processor.py:914} INFO - Processing file /mnt/c/Users/wu_li/OneDrive/Desktop/Airflow_pract/venv/lib/python3.9/site-packages/airflow/example_dags/example_branch_operator_decorator.py for tasks to queue
[2025-04-20T20:47:31.191+0800] {logging_mixin.py:190} INFO - [2025-04-20T20:47:31.190+0800] {dagbag.py:588} INFO - Filling up the DagBag from /mnt/c/Users/wu_li/OneDrive/Desktop/Airflow_pract/venv/lib/python3.9/site-packages/airflow/example_dags/example_branch_operator_decorator.py
[2025-04-20T20:47:31.381+0800] {processor.py:927} WARNING - No viable dags retrieved from /mnt/c/Users/wu_li/OneDrive/Desktop/Airflow_pract/venv/lib/python3.9/site-packages/airflow/example_dags/example_branch_operator_decorator.py
[2025-04-20T20:47:31.610+0800] {processor.py:208} INFO - Processing /mnt/c/Users/wu_li/OneDrive/Desktop/Airflow_pract/venv/lib/python3.9/site-packages/airflow/example_dags/example_branch_operator_decorator.py took 0.449 seconds
[2025-04-20T20:49:15.703+0800] {processor.py:186} INFO - Started process (PID=84291) to work on /mnt/c/Users/wu_li/OneDrive/Desktop/Airflow_pract/venv/lib/python3.9/site-packages/airflow/example_dags/example_branch_operator_decorator.py
[2025-04-20T20:49:15.710+0800] {processor.py:914} INFO - Processing file /mnt/c/Users/wu_li/OneDrive/Desktop/Airflow_pract/venv/lib/python3.9/site-packages/airflow/example_dags/example_branch_operator_decorator.py for tasks to queue
[2025-04-20T20:49:15.716+0800] {logging_mixin.py:190} INFO - [2025-04-20T20:49:15.714+0800] {dagbag.py:588} INFO - Filling up the DagBag from /mnt/c/Users/wu_li/OneDrive/Desktop/Airflow_pract/venv/lib/python3.9/site-packages/airflow/example_dags/example_branch_operator_decorator.py
[2025-04-20T20:49:15.848+0800] {processor.py:927} WARNING - No viable dags retrieved from /mnt/c/Users/wu_li/OneDrive/Desktop/Airflow_pract/venv/lib/python3.9/site-packages/airflow/example_dags/example_branch_operator_decorator.py
[2025-04-20T20:49:15.891+0800] {processor.py:208} INFO - Processing /mnt/c/Users/wu_li/OneDrive/Desktop/Airflow_pract/venv/lib/python3.9/site-packages/airflow/example_dags/example_branch_operator_decorator.py took 0.209 seconds
[2025-04-20T20:51:13.954+0800] {processor.py:186} INFO - Started process (PID=85161) to work on /mnt/c/Users/wu_li/OneDrive/Desktop/Airflow_pract/venv/lib/python3.9/site-packages/airflow/example_dags/example_branch_operator_decorator.py
[2025-04-20T20:51:13.956+0800] {processor.py:914} INFO - Processing file /mnt/c/Users/wu_li/OneDrive/Desktop/Airflow_pract/venv/lib/python3.9/site-packages/airflow/example_dags/example_branch_operator_decorator.py for tasks to queue
[2025-04-20T20:51:13.962+0800] {logging_mixin.py:190} INFO - [2025-04-20T20:51:13.960+0800] {dagbag.py:588} INFO - Filling up the DagBag from /mnt/c/Users/wu_li/OneDrive/Desktop/Airflow_pract/venv/lib/python3.9/site-packages/airflow/example_dags/example_branch_operator_decorator.py
[2025-04-20T20:51:14.101+0800] {processor.py:927} WARNING - No viable dags retrieved from /mnt/c/Users/wu_li/OneDrive/Desktop/Airflow_pract/venv/lib/python3.9/site-packages/airflow/example_dags/example_branch_operator_decorator.py
[2025-04-20T20:51:14.140+0800] {processor.py:208} INFO - Processing /mnt/c/Users/wu_li/OneDrive/Desktop/Airflow_pract/venv/lib/python3.9/site-packages/airflow/example_dags/example_branch_operator_decorator.py took 0.219 seconds
[2025-04-20T20:53:05.896+0800] {processor.py:186} INFO - Started process (PID=86108) to work on /mnt/c/Users/wu_li/OneDrive/Desktop/Airflow_pract/venv/lib/python3.9/site-packages/airflow/example_dags/example_branch_operator_decorator.py
[2025-04-20T20:53:05.898+0800] {processor.py:914} INFO - Processing file /mnt/c/Users/wu_li/OneDrive/Desktop/Airflow_pract/venv/lib/python3.9/site-packages/airflow/example_dags/example_branch_operator_decorator.py for tasks to queue
[2025-04-20T20:53:05.900+0800] {logging_mixin.py:190} INFO - [2025-04-20T20:53:05.899+0800] {dagbag.py:588} INFO - Filling up the DagBag from /mnt/c/Users/wu_li/OneDrive/Desktop/Airflow_pract/venv/lib/python3.9/site-packages/airflow/example_dags/example_branch_operator_decorator.py
[2025-04-20T20:53:05.983+0800] {processor.py:927} WARNING - No viable dags retrieved from /mnt/c/Users/wu_li/OneDrive/Desktop/Airflow_pract/venv/lib/python3.9/site-packages/airflow/example_dags/example_branch_operator_decorator.py
[2025-04-20T20:53:06.012+0800] {processor.py:208} INFO - Processing /mnt/c/Users/wu_li/OneDrive/Desktop/Airflow_pract/venv/lib/python3.9/site-packages/airflow/example_dags/example_branch_operator_decorator.py took 0.128 seconds
[2025-04-20T20:54:33.612+0800] {processor.py:186} INFO - Started process (PID=87045) to work on /mnt/c/Users/wu_li/OneDrive/Desktop/Airflow_pract/venv/lib/python3.9/site-packages/airflow/example_dags/example_branch_operator_decorator.py
[2025-04-20T20:54:33.613+0800] {processor.py:914} INFO - Processing file /mnt/c/Users/wu_li/OneDrive/Desktop/Airflow_pract/venv/lib/python3.9/site-packages/airflow/example_dags/example_branch_operator_decorator.py for tasks to queue
[2025-04-20T20:54:33.616+0800] {logging_mixin.py:190} INFO - [2025-04-20T20:54:33.615+0800] {dagbag.py:588} INFO - Filling up the DagBag from /mnt/c/Users/wu_li/OneDrive/Desktop/Airflow_pract/venv/lib/python3.9/site-packages/airflow/example_dags/example_branch_operator_decorator.py
[2025-04-20T20:54:33.675+0800] {processor.py:927} WARNING - No viable dags retrieved from /mnt/c/Users/wu_li/OneDrive/Desktop/Airflow_pract/venv/lib/python3.9/site-packages/airflow/example_dags/example_branch_operator_decorator.py
[2025-04-20T20:54:33.693+0800] {processor.py:208} INFO - Processing /mnt/c/Users/wu_li/OneDrive/Desktop/Airflow_pract/venv/lib/python3.9/site-packages/airflow/example_dags/example_branch_operator_decorator.py took 0.091 seconds
[2025-04-20T20:56:04.451+0800] {processor.py:186} INFO - Started process (PID=87976) to work on /mnt/c/Users/wu_li/OneDrive/Desktop/Airflow_pract/venv/lib/python3.9/site-packages/airflow/example_dags/example_branch_operator_decorator.py
[2025-04-20T20:56:04.455+0800] {processor.py:914} INFO - Processing file /mnt/c/Users/wu_li/OneDrive/Desktop/Airflow_pract/venv/lib/python3.9/site-packages/airflow/example_dags/example_branch_operator_decorator.py for tasks to queue
[2025-04-20T20:56:04.461+0800] {logging_mixin.py:190} INFO - [2025-04-20T20:56:04.457+0800] {dagbag.py:588} INFO - Filling up the DagBag from /mnt/c/Users/wu_li/OneDrive/Desktop/Airflow_pract/venv/lib/python3.9/site-packages/airflow/example_dags/example_branch_operator_decorator.py
[2025-04-20T20:56:04.531+0800] {processor.py:927} WARNING - No viable dags retrieved from /mnt/c/Users/wu_li/OneDrive/Desktop/Airflow_pract/venv/lib/python3.9/site-packages/airflow/example_dags/example_branch_operator_decorator.py
[2025-04-20T20:56:04.552+0800] {processor.py:208} INFO - Processing /mnt/c/Users/wu_li/OneDrive/Desktop/Airflow_pract/venv/lib/python3.9/site-packages/airflow/example_dags/example_branch_operator_decorator.py took 0.114 seconds
[2025-04-20T20:57:34.864+0800] {processor.py:186} INFO - Started process (PID=89056) to work on /mnt/c/Users/wu_li/OneDrive/Desktop/Airflow_pract/venv/lib/python3.9/site-packages/airflow/example_dags/example_branch_operator_decorator.py
[2025-04-20T20:57:34.866+0800] {processor.py:914} INFO - Processing file /mnt/c/Users/wu_li/OneDrive/Desktop/Airflow_pract/venv/lib/python3.9/site-packages/airflow/example_dags/example_branch_operator_decorator.py for tasks to queue
[2025-04-20T20:57:34.871+0800] {logging_mixin.py:190} INFO - [2025-04-20T20:57:34.869+0800] {dagbag.py:588} INFO - Filling up the DagBag from /mnt/c/Users/wu_li/OneDrive/Desktop/Airflow_pract/venv/lib/python3.9/site-packages/airflow/example_dags/example_branch_operator_decorator.py
[2025-04-20T20:57:34.980+0800] {processor.py:927} WARNING - No viable dags retrieved from /mnt/c/Users/wu_li/OneDrive/Desktop/Airflow_pract/venv/lib/python3.9/site-packages/airflow/example_dags/example_branch_operator_decorator.py
[2025-04-20T20:57:35.018+0800] {processor.py:208} INFO - Processing /mnt/c/Users/wu_li/OneDrive/Desktop/Airflow_pract/venv/lib/python3.9/site-packages/airflow/example_dags/example_branch_operator_decorator.py took 0.174 seconds
[2025-04-20T20:59:03.873+0800] {processor.py:186} INFO - Started process (PID=90066) to work on /mnt/c/Users/wu_li/OneDrive/Desktop/Airflow_pract/venv/lib/python3.9/site-packages/airflow/example_dags/example_branch_operator_decorator.py
[2025-04-20T20:59:03.875+0800] {processor.py:914} INFO - Processing file /mnt/c/Users/wu_li/OneDrive/Desktop/Airflow_pract/venv/lib/python3.9/site-packages/airflow/example_dags/example_branch_operator_decorator.py for tasks to queue
[2025-04-20T20:59:03.878+0800] {logging_mixin.py:190} INFO - [2025-04-20T20:59:03.877+0800] {dagbag.py:588} INFO - Filling up the DagBag from /mnt/c/Users/wu_li/OneDrive/Desktop/Airflow_pract/venv/lib/python3.9/site-packages/airflow/example_dags/example_branch_operator_decorator.py
[2025-04-20T20:59:03.940+0800] {processor.py:927} WARNING - No viable dags retrieved from /mnt/c/Users/wu_li/OneDrive/Desktop/Airflow_pract/venv/lib/python3.9/site-packages/airflow/example_dags/example_branch_operator_decorator.py
[2025-04-20T20:59:03.959+0800] {processor.py:208} INFO - Processing /mnt/c/Users/wu_li/OneDrive/Desktop/Airflow_pract/venv/lib/python3.9/site-packages/airflow/example_dags/example_branch_operator_decorator.py took 0.096 seconds
[2025-04-20T21:00:29.682+0800] {processor.py:186} INFO - Started process (PID=91069) to work on /mnt/c/Users/wu_li/OneDrive/Desktop/Airflow_pract/venv/lib/python3.9/site-packages/airflow/example_dags/example_branch_operator_decorator.py
[2025-04-20T21:00:29.684+0800] {processor.py:914} INFO - Processing file /mnt/c/Users/wu_li/OneDrive/Desktop/Airflow_pract/venv/lib/python3.9/site-packages/airflow/example_dags/example_branch_operator_decorator.py for tasks to queue
[2025-04-20T21:00:29.686+0800] {logging_mixin.py:190} INFO - [2025-04-20T21:00:29.685+0800] {dagbag.py:588} INFO - Filling up the DagBag from /mnt/c/Users/wu_li/OneDrive/Desktop/Airflow_pract/venv/lib/python3.9/site-packages/airflow/example_dags/example_branch_operator_decorator.py
[2025-04-20T21:00:29.756+0800] {processor.py:927} WARNING - No viable dags retrieved from /mnt/c/Users/wu_li/OneDrive/Desktop/Airflow_pract/venv/lib/python3.9/site-packages/airflow/example_dags/example_branch_operator_decorator.py
[2025-04-20T21:00:29.775+0800] {processor.py:208} INFO - Processing /mnt/c/Users/wu_li/OneDrive/Desktop/Airflow_pract/venv/lib/python3.9/site-packages/airflow/example_dags/example_branch_operator_decorator.py took 0.104 seconds
[2025-04-20T21:02:03.338+0800] {processor.py:186} INFO - Started process (PID=92083) to work on /mnt/c/Users/wu_li/OneDrive/Desktop/Airflow_pract/venv/lib/python3.9/site-packages/airflow/example_dags/example_branch_operator_decorator.py
[2025-04-20T21:02:03.339+0800] {processor.py:914} INFO - Processing file /mnt/c/Users/wu_li/OneDrive/Desktop/Airflow_pract/venv/lib/python3.9/site-packages/airflow/example_dags/example_branch_operator_decorator.py for tasks to queue
[2025-04-20T21:02:03.342+0800] {logging_mixin.py:190} INFO - [2025-04-20T21:02:03.341+0800] {dagbag.py:588} INFO - Filling up the DagBag from /mnt/c/Users/wu_li/OneDrive/Desktop/Airflow_pract/venv/lib/python3.9/site-packages/airflow/example_dags/example_branch_operator_decorator.py
[2025-04-20T21:02:03.401+0800] {processor.py:927} WARNING - No viable dags retrieved from /mnt/c/Users/wu_li/OneDrive/Desktop/Airflow_pract/venv/lib/python3.9/site-packages/airflow/example_dags/example_branch_operator_decorator.py
[2025-04-20T21:02:03.419+0800] {processor.py:208} INFO - Processing /mnt/c/Users/wu_li/OneDrive/Desktop/Airflow_pract/venv/lib/python3.9/site-packages/airflow/example_dags/example_branch_operator_decorator.py took 0.092 seconds
[2025-04-20T21:03:28.599+0800] {processor.py:186} INFO - Started process (PID=93158) to work on /mnt/c/Users/wu_li/OneDrive/Desktop/Airflow_pract/venv/lib/python3.9/site-packages/airflow/example_dags/example_branch_operator_decorator.py
[2025-04-20T21:03:28.602+0800] {processor.py:914} INFO - Processing file /mnt/c/Users/wu_li/OneDrive/Desktop/Airflow_pract/venv/lib/python3.9/site-packages/airflow/example_dags/example_branch_operator_decorator.py for tasks to queue
[2025-04-20T21:03:28.608+0800] {logging_mixin.py:190} INFO - [2025-04-20T21:03:28.607+0800] {dagbag.py:588} INFO - Filling up the DagBag from /mnt/c/Users/wu_li/OneDrive/Desktop/Airflow_pract/venv/lib/python3.9/site-packages/airflow/example_dags/example_branch_operator_decorator.py
[2025-04-20T21:03:28.704+0800] {processor.py:927} WARNING - No viable dags retrieved from /mnt/c/Users/wu_li/OneDrive/Desktop/Airflow_pract/venv/lib/python3.9/site-packages/airflow/example_dags/example_branch_operator_decorator.py
[2025-04-20T21:03:28.732+0800] {processor.py:208} INFO - Processing /mnt/c/Users/wu_li/OneDrive/Desktop/Airflow_pract/venv/lib/python3.9/site-packages/airflow/example_dags/example_branch_operator_decorator.py took 0.154 seconds
[2025-04-20T21:04:57.088+0800] {processor.py:186} INFO - Started process (PID=94167) to work on /mnt/c/Users/wu_li/OneDrive/Desktop/Airflow_pract/venv/lib/python3.9/site-packages/airflow/example_dags/example_branch_operator_decorator.py
[2025-04-20T21:04:57.090+0800] {processor.py:914} INFO - Processing file /mnt/c/Users/wu_li/OneDrive/Desktop/Airflow_pract/venv/lib/python3.9/site-packages/airflow/example_dags/example_branch_operator_decorator.py for tasks to queue
[2025-04-20T21:04:57.092+0800] {logging_mixin.py:190} INFO - [2025-04-20T21:04:57.091+0800] {dagbag.py:588} INFO - Filling up the DagBag from /mnt/c/Users/wu_li/OneDrive/Desktop/Airflow_pract/venv/lib/python3.9/site-packages/airflow/example_dags/example_branch_operator_decorator.py
[2025-04-20T21:04:57.151+0800] {processor.py:927} WARNING - No viable dags retrieved from /mnt/c/Users/wu_li/OneDrive/Desktop/Airflow_pract/venv/lib/python3.9/site-packages/airflow/example_dags/example_branch_operator_decorator.py
[2025-04-20T21:04:57.169+0800] {processor.py:208} INFO - Processing /mnt/c/Users/wu_li/OneDrive/Desktop/Airflow_pract/venv/lib/python3.9/site-packages/airflow/example_dags/example_branch_operator_decorator.py took 0.092 seconds
[2025-04-20T21:06:30.854+0800] {processor.py:186} INFO - Started process (PID=95317) to work on /mnt/c/Users/wu_li/OneDrive/Desktop/Airflow_pract/venv/lib/python3.9/site-packages/airflow/example_dags/example_branch_operator_decorator.py
[2025-04-20T21:06:30.856+0800] {processor.py:914} INFO - Processing file /mnt/c/Users/wu_li/OneDrive/Desktop/Airflow_pract/venv/lib/python3.9/site-packages/airflow/example_dags/example_branch_operator_decorator.py for tasks to queue
[2025-04-20T21:06:30.860+0800] {logging_mixin.py:190} INFO - [2025-04-20T21:06:30.858+0800] {dagbag.py:588} INFO - Filling up the DagBag from /mnt/c/Users/wu_li/OneDrive/Desktop/Airflow_pract/venv/lib/python3.9/site-packages/airflow/example_dags/example_branch_operator_decorator.py
[2025-04-20T21:06:30.950+0800] {processor.py:927} WARNING - No viable dags retrieved from /mnt/c/Users/wu_li/OneDrive/Desktop/Airflow_pract/venv/lib/python3.9/site-packages/airflow/example_dags/example_branch_operator_decorator.py
[2025-04-20T21:06:30.979+0800] {processor.py:208} INFO - Processing /mnt/c/Users/wu_li/OneDrive/Desktop/Airflow_pract/venv/lib/python3.9/site-packages/airflow/example_dags/example_branch_operator_decorator.py took 0.143 seconds
[2025-04-20T21:08:02.891+0800] {processor.py:186} INFO - Started process (PID=96402) to work on /mnt/c/Users/wu_li/OneDrive/Desktop/Airflow_pract/venv/lib/python3.9/site-packages/airflow/example_dags/example_branch_operator_decorator.py
[2025-04-20T21:08:02.893+0800] {processor.py:914} INFO - Processing file /mnt/c/Users/wu_li/OneDrive/Desktop/Airflow_pract/venv/lib/python3.9/site-packages/airflow/example_dags/example_branch_operator_decorator.py for tasks to queue
[2025-04-20T21:08:02.895+0800] {logging_mixin.py:190} INFO - [2025-04-20T21:08:02.894+0800] {dagbag.py:588} INFO - Filling up the DagBag from /mnt/c/Users/wu_li/OneDrive/Desktop/Airflow_pract/venv/lib/python3.9/site-packages/airflow/example_dags/example_branch_operator_decorator.py
[2025-04-20T21:08:02.954+0800] {processor.py:927} WARNING - No viable dags retrieved from /mnt/c/Users/wu_li/OneDrive/Desktop/Airflow_pract/venv/lib/python3.9/site-packages/airflow/example_dags/example_branch_operator_decorator.py
[2025-04-20T21:08:02.972+0800] {processor.py:208} INFO - Processing /mnt/c/Users/wu_li/OneDrive/Desktop/Airflow_pract/venv/lib/python3.9/site-packages/airflow/example_dags/example_branch_operator_decorator.py took 0.091 seconds
[2025-04-20T21:09:32.301+0800] {processor.py:186} INFO - Started process (PID=97478) to work on /mnt/c/Users/wu_li/OneDrive/Desktop/Airflow_pract/venv/lib/python3.9/site-packages/airflow/example_dags/example_branch_operator_decorator.py
[2025-04-20T21:09:32.304+0800] {processor.py:914} INFO - Processing file /mnt/c/Users/wu_li/OneDrive/Desktop/Airflow_pract/venv/lib/python3.9/site-packages/airflow/example_dags/example_branch_operator_decorator.py for tasks to queue
[2025-04-20T21:09:32.308+0800] {logging_mixin.py:190} INFO - [2025-04-20T21:09:32.306+0800] {dagbag.py:588} INFO - Filling up the DagBag from /mnt/c/Users/wu_li/OneDrive/Desktop/Airflow_pract/venv/lib/python3.9/site-packages/airflow/example_dags/example_branch_operator_decorator.py
[2025-04-20T21:09:32.415+0800] {processor.py:927} WARNING - No viable dags retrieved from /mnt/c/Users/wu_li/OneDrive/Desktop/Airflow_pract/venv/lib/python3.9/site-packages/airflow/example_dags/example_branch_operator_decorator.py
[2025-04-20T21:09:32.445+0800] {processor.py:208} INFO - Processing /mnt/c/Users/wu_li/OneDrive/Desktop/Airflow_pract/venv/lib/python3.9/site-packages/airflow/example_dags/example_branch_operator_decorator.py took 0.161 seconds
[2025-04-20T21:11:04.002+0800] {processor.py:186} INFO - Started process (PID=98559) to work on /mnt/c/Users/wu_li/OneDrive/Desktop/Airflow_pract/venv/lib/python3.9/site-packages/airflow/example_dags/example_branch_operator_decorator.py
[2025-04-20T21:11:04.004+0800] {processor.py:914} INFO - Processing file /mnt/c/Users/wu_li/OneDrive/Desktop/Airflow_pract/venv/lib/python3.9/site-packages/airflow/example_dags/example_branch_operator_decorator.py for tasks to queue
[2025-04-20T21:11:04.008+0800] {logging_mixin.py:190} INFO - [2025-04-20T21:11:04.007+0800] {dagbag.py:588} INFO - Filling up the DagBag from /mnt/c/Users/wu_li/OneDrive/Desktop/Airflow_pract/venv/lib/python3.9/site-packages/airflow/example_dags/example_branch_operator_decorator.py
[2025-04-20T21:11:04.093+0800] {processor.py:927} WARNING - No viable dags retrieved from /mnt/c/Users/wu_li/OneDrive/Desktop/Airflow_pract/venv/lib/python3.9/site-packages/airflow/example_dags/example_branch_operator_decorator.py
[2025-04-20T21:11:04.114+0800] {processor.py:208} INFO - Processing /mnt/c/Users/wu_li/OneDrive/Desktop/Airflow_pract/venv/lib/python3.9/site-packages/airflow/example_dags/example_branch_operator_decorator.py took 0.132 seconds
[2025-04-20T21:12:35.524+0800] {processor.py:186} INFO - Started process (PID=99645) to work on /mnt/c/Users/wu_li/OneDrive/Desktop/Airflow_pract/venv/lib/python3.9/site-packages/airflow/example_dags/example_branch_operator_decorator.py
[2025-04-20T21:12:35.525+0800] {processor.py:914} INFO - Processing file /mnt/c/Users/wu_li/OneDrive/Desktop/Airflow_pract/venv/lib/python3.9/site-packages/airflow/example_dags/example_branch_operator_decorator.py for tasks to queue
[2025-04-20T21:12:35.528+0800] {logging_mixin.py:190} INFO - [2025-04-20T21:12:35.527+0800] {dagbag.py:588} INFO - Filling up the DagBag from /mnt/c/Users/wu_li/OneDrive/Desktop/Airflow_pract/venv/lib/python3.9/site-packages/airflow/example_dags/example_branch_operator_decorator.py
[2025-04-20T21:12:35.595+0800] {processor.py:927} WARNING - No viable dags retrieved from /mnt/c/Users/wu_li/OneDrive/Desktop/Airflow_pract/venv/lib/python3.9/site-packages/airflow/example_dags/example_branch_operator_decorator.py
[2025-04-20T21:12:35.622+0800] {processor.py:208} INFO - Processing /mnt/c/Users/wu_li/OneDrive/Desktop/Airflow_pract/venv/lib/python3.9/site-packages/airflow/example_dags/example_branch_operator_decorator.py took 0.108 seconds
[2025-04-20T21:14:05.207+0800] {processor.py:186} INFO - Started process (PID=100720) to work on /mnt/c/Users/wu_li/OneDrive/Desktop/Airflow_pract/venv/lib/python3.9/site-packages/airflow/example_dags/example_branch_operator_decorator.py
[2025-04-20T21:14:05.209+0800] {processor.py:914} INFO - Processing file /mnt/c/Users/wu_li/OneDrive/Desktop/Airflow_pract/venv/lib/python3.9/site-packages/airflow/example_dags/example_branch_operator_decorator.py for tasks to queue
[2025-04-20T21:14:05.213+0800] {logging_mixin.py:190} INFO - [2025-04-20T21:14:05.212+0800] {dagbag.py:588} INFO - Filling up the DagBag from /mnt/c/Users/wu_li/OneDrive/Desktop/Airflow_pract/venv/lib/python3.9/site-packages/airflow/example_dags/example_branch_operator_decorator.py
[2025-04-20T21:14:05.345+0800] {processor.py:927} WARNING - No viable dags retrieved from /mnt/c/Users/wu_li/OneDrive/Desktop/Airflow_pract/venv/lib/python3.9/site-packages/airflow/example_dags/example_branch_operator_decorator.py
[2025-04-20T21:14:05.383+0800] {processor.py:208} INFO - Processing /mnt/c/Users/wu_li/OneDrive/Desktop/Airflow_pract/venv/lib/python3.9/site-packages/airflow/example_dags/example_branch_operator_decorator.py took 0.194 seconds
[2025-04-20T21:15:35.986+0800] {processor.py:186} INFO - Started process (PID=101728) to work on /mnt/c/Users/wu_li/OneDrive/Desktop/Airflow_pract/venv/lib/python3.9/site-packages/airflow/example_dags/example_branch_operator_decorator.py
[2025-04-20T21:15:35.988+0800] {processor.py:914} INFO - Processing file /mnt/c/Users/wu_li/OneDrive/Desktop/Airflow_pract/venv/lib/python3.9/site-packages/airflow/example_dags/example_branch_operator_decorator.py for tasks to queue
[2025-04-20T21:15:35.990+0800] {logging_mixin.py:190} INFO - [2025-04-20T21:15:35.990+0800] {dagbag.py:588} INFO - Filling up the DagBag from /mnt/c/Users/wu_li/OneDrive/Desktop/Airflow_pract/venv/lib/python3.9/site-packages/airflow/example_dags/example_branch_operator_decorator.py
[2025-04-20T21:15:36.061+0800] {processor.py:927} WARNING - No viable dags retrieved from /mnt/c/Users/wu_li/OneDrive/Desktop/Airflow_pract/venv/lib/python3.9/site-packages/airflow/example_dags/example_branch_operator_decorator.py
[2025-04-20T21:15:36.081+0800] {processor.py:208} INFO - Processing /mnt/c/Users/wu_li/OneDrive/Desktop/Airflow_pract/venv/lib/python3.9/site-packages/airflow/example_dags/example_branch_operator_decorator.py took 0.106 seconds
[2025-04-20T21:17:06.286+0800] {processor.py:186} INFO - Started process (PID=102812) to work on /mnt/c/Users/wu_li/OneDrive/Desktop/Airflow_pract/venv/lib/python3.9/site-packages/airflow/example_dags/example_branch_operator_decorator.py
[2025-04-20T21:17:06.289+0800] {processor.py:914} INFO - Processing file /mnt/c/Users/wu_li/OneDrive/Desktop/Airflow_pract/venv/lib/python3.9/site-packages/airflow/example_dags/example_branch_operator_decorator.py for tasks to queue
[2025-04-20T21:17:06.295+0800] {logging_mixin.py:190} INFO - [2025-04-20T21:17:06.291+0800] {dagbag.py:588} INFO - Filling up the DagBag from /mnt/c/Users/wu_li/OneDrive/Desktop/Airflow_pract/venv/lib/python3.9/site-packages/airflow/example_dags/example_branch_operator_decorator.py
[2025-04-20T21:17:06.400+0800] {processor.py:927} WARNING - No viable dags retrieved from /mnt/c/Users/wu_li/OneDrive/Desktop/Airflow_pract/venv/lib/python3.9/site-packages/airflow/example_dags/example_branch_operator_decorator.py
[2025-04-20T21:17:06.429+0800] {processor.py:208} INFO - Processing /mnt/c/Users/wu_li/OneDrive/Desktop/Airflow_pract/venv/lib/python3.9/site-packages/airflow/example_dags/example_branch_operator_decorator.py took 0.161 seconds
[2025-04-20T21:18:31.262+0800] {processor.py:186} INFO - Started process (PID=103817) to work on /mnt/c/Users/wu_li/OneDrive/Desktop/Airflow_pract/venv/lib/python3.9/site-packages/airflow/example_dags/example_branch_operator_decorator.py
[2025-04-20T21:18:31.264+0800] {processor.py:914} INFO - Processing file /mnt/c/Users/wu_li/OneDrive/Desktop/Airflow_pract/venv/lib/python3.9/site-packages/airflow/example_dags/example_branch_operator_decorator.py for tasks to queue
[2025-04-20T21:18:31.269+0800] {logging_mixin.py:190} INFO - [2025-04-20T21:18:31.267+0800] {dagbag.py:588} INFO - Filling up the DagBag from /mnt/c/Users/wu_li/OneDrive/Desktop/Airflow_pract/venv/lib/python3.9/site-packages/airflow/example_dags/example_branch_operator_decorator.py
[2025-04-20T21:18:31.395+0800] {processor.py:927} WARNING - No viable dags retrieved from /mnt/c/Users/wu_li/OneDrive/Desktop/Airflow_pract/venv/lib/python3.9/site-packages/airflow/example_dags/example_branch_operator_decorator.py
[2025-04-20T21:18:31.431+0800] {processor.py:208} INFO - Processing /mnt/c/Users/wu_li/OneDrive/Desktop/Airflow_pract/venv/lib/python3.9/site-packages/airflow/example_dags/example_branch_operator_decorator.py took 0.187 seconds
[2025-04-20T21:20:00.798+0800] {processor.py:186} INFO - Started process (PID=104824) to work on /mnt/c/Users/wu_li/OneDrive/Desktop/Airflow_pract/venv/lib/python3.9/site-packages/airflow/example_dags/example_branch_operator_decorator.py
[2025-04-20T21:20:00.801+0800] {processor.py:914} INFO - Processing file /mnt/c/Users/wu_li/OneDrive/Desktop/Airflow_pract/venv/lib/python3.9/site-packages/airflow/example_dags/example_branch_operator_decorator.py for tasks to queue
[2025-04-20T21:20:00.807+0800] {logging_mixin.py:190} INFO - [2025-04-20T21:20:00.805+0800] {dagbag.py:588} INFO - Filling up the DagBag from /mnt/c/Users/wu_li/OneDrive/Desktop/Airflow_pract/venv/lib/python3.9/site-packages/airflow/example_dags/example_branch_operator_decorator.py
[2025-04-20T21:20:00.915+0800] {processor.py:927} WARNING - No viable dags retrieved from /mnt/c/Users/wu_li/OneDrive/Desktop/Airflow_pract/venv/lib/python3.9/site-packages/airflow/example_dags/example_branch_operator_decorator.py
[2025-04-20T21:20:00.947+0800] {processor.py:208} INFO - Processing /mnt/c/Users/wu_li/OneDrive/Desktop/Airflow_pract/venv/lib/python3.9/site-packages/airflow/example_dags/example_branch_operator_decorator.py took 0.168 seconds
[2025-04-20T21:21:33.204+0800] {processor.py:186} INFO - Started process (PID=105903) to work on /mnt/c/Users/wu_li/OneDrive/Desktop/Airflow_pract/venv/lib/python3.9/site-packages/airflow/example_dags/example_branch_operator_decorator.py
[2025-04-20T21:21:33.207+0800] {processor.py:914} INFO - Processing file /mnt/c/Users/wu_li/OneDrive/Desktop/Airflow_pract/venv/lib/python3.9/site-packages/airflow/example_dags/example_branch_operator_decorator.py for tasks to queue
[2025-04-20T21:21:33.210+0800] {logging_mixin.py:190} INFO - [2025-04-20T21:21:33.209+0800] {dagbag.py:588} INFO - Filling up the DagBag from /mnt/c/Users/wu_li/OneDrive/Desktop/Airflow_pract/venv/lib/python3.9/site-packages/airflow/example_dags/example_branch_operator_decorator.py
[2025-04-20T21:21:33.281+0800] {processor.py:927} WARNING - No viable dags retrieved from /mnt/c/Users/wu_li/OneDrive/Desktop/Airflow_pract/venv/lib/python3.9/site-packages/airflow/example_dags/example_branch_operator_decorator.py
[2025-04-20T21:21:33.303+0800] {processor.py:208} INFO - Processing /mnt/c/Users/wu_li/OneDrive/Desktop/Airflow_pract/venv/lib/python3.9/site-packages/airflow/example_dags/example_branch_operator_decorator.py took 0.120 seconds
[2025-04-20T21:23:05.994+0800] {processor.py:186} INFO - Started process (PID=106844) to work on /mnt/c/Users/wu_li/OneDrive/Desktop/Airflow_pract/venv/lib/python3.9/site-packages/airflow/example_dags/example_branch_operator_decorator.py
[2025-04-20T21:23:05.996+0800] {processor.py:914} INFO - Processing file /mnt/c/Users/wu_li/OneDrive/Desktop/Airflow_pract/venv/lib/python3.9/site-packages/airflow/example_dags/example_branch_operator_decorator.py for tasks to queue
[2025-04-20T21:23:05.998+0800] {logging_mixin.py:190} INFO - [2025-04-20T21:23:05.997+0800] {dagbag.py:588} INFO - Filling up the DagBag from /mnt/c/Users/wu_li/OneDrive/Desktop/Airflow_pract/venv/lib/python3.9/site-packages/airflow/example_dags/example_branch_operator_decorator.py
[2025-04-20T21:23:06.056+0800] {processor.py:927} WARNING - No viable dags retrieved from /mnt/c/Users/wu_li/OneDrive/Desktop/Airflow_pract/venv/lib/python3.9/site-packages/airflow/example_dags/example_branch_operator_decorator.py
[2025-04-20T21:23:06.073+0800] {processor.py:208} INFO - Processing /mnt/c/Users/wu_li/OneDrive/Desktop/Airflow_pract/venv/lib/python3.9/site-packages/airflow/example_dags/example_branch_operator_decorator.py took 0.090 seconds
[2025-04-20T21:24:35.850+0800] {processor.py:186} INFO - Started process (PID=107920) to work on /mnt/c/Users/wu_li/OneDrive/Desktop/Airflow_pract/venv/lib/python3.9/site-packages/airflow/example_dags/example_branch_operator_decorator.py
[2025-04-20T21:24:35.852+0800] {processor.py:914} INFO - Processing file /mnt/c/Users/wu_li/OneDrive/Desktop/Airflow_pract/venv/lib/python3.9/site-packages/airflow/example_dags/example_branch_operator_decorator.py for tasks to queue
[2025-04-20T21:24:35.856+0800] {logging_mixin.py:190} INFO - [2025-04-20T21:24:35.855+0800] {dagbag.py:588} INFO - Filling up the DagBag from /mnt/c/Users/wu_li/OneDrive/Desktop/Airflow_pract/venv/lib/python3.9/site-packages/airflow/example_dags/example_branch_operator_decorator.py
[2025-04-20T21:24:35.988+0800] {processor.py:927} WARNING - No viable dags retrieved from /mnt/c/Users/wu_li/OneDrive/Desktop/Airflow_pract/venv/lib/python3.9/site-packages/airflow/example_dags/example_branch_operator_decorator.py
[2025-04-20T21:24:36.016+0800] {processor.py:208} INFO - Processing /mnt/c/Users/wu_li/OneDrive/Desktop/Airflow_pract/venv/lib/python3.9/site-packages/airflow/example_dags/example_branch_operator_decorator.py took 0.193 seconds
[2025-04-20T21:26:08.397+0800] {processor.py:186} INFO - Started process (PID=108999) to work on /mnt/c/Users/wu_li/OneDrive/Desktop/Airflow_pract/venv/lib/python3.9/site-packages/airflow/example_dags/example_branch_operator_decorator.py
[2025-04-20T21:26:08.400+0800] {processor.py:914} INFO - Processing file /mnt/c/Users/wu_li/OneDrive/Desktop/Airflow_pract/venv/lib/python3.9/site-packages/airflow/example_dags/example_branch_operator_decorator.py for tasks to queue
[2025-04-20T21:26:08.404+0800] {logging_mixin.py:190} INFO - [2025-04-20T21:26:08.403+0800] {dagbag.py:588} INFO - Filling up the DagBag from /mnt/c/Users/wu_li/OneDrive/Desktop/Airflow_pract/venv/lib/python3.9/site-packages/airflow/example_dags/example_branch_operator_decorator.py
[2025-04-20T21:26:08.497+0800] {processor.py:927} WARNING - No viable dags retrieved from /mnt/c/Users/wu_li/OneDrive/Desktop/Airflow_pract/venv/lib/python3.9/site-packages/airflow/example_dags/example_branch_operator_decorator.py
[2025-04-20T21:26:08.524+0800] {processor.py:208} INFO - Processing /mnt/c/Users/wu_li/OneDrive/Desktop/Airflow_pract/venv/lib/python3.9/site-packages/airflow/example_dags/example_branch_operator_decorator.py took 0.156 seconds
[2025-04-20T21:27:35.630+0800] {processor.py:186} INFO - Started process (PID=110006) to work on /mnt/c/Users/wu_li/OneDrive/Desktop/Airflow_pract/venv/lib/python3.9/site-packages/airflow/example_dags/example_branch_operator_decorator.py
[2025-04-20T21:27:35.633+0800] {processor.py:914} INFO - Processing file /mnt/c/Users/wu_li/OneDrive/Desktop/Airflow_pract/venv/lib/python3.9/site-packages/airflow/example_dags/example_branch_operator_decorator.py for tasks to queue
[2025-04-20T21:27:35.637+0800] {logging_mixin.py:190} INFO - [2025-04-20T21:27:35.635+0800] {dagbag.py:588} INFO - Filling up the DagBag from /mnt/c/Users/wu_li/OneDrive/Desktop/Airflow_pract/venv/lib/python3.9/site-packages/airflow/example_dags/example_branch_operator_decorator.py
[2025-04-20T21:27:35.740+0800] {processor.py:927} WARNING - No viable dags retrieved from /mnt/c/Users/wu_li/OneDrive/Desktop/Airflow_pract/venv/lib/python3.9/site-packages/airflow/example_dags/example_branch_operator_decorator.py
[2025-04-20T21:27:35.771+0800] {processor.py:208} INFO - Processing /mnt/c/Users/wu_li/OneDrive/Desktop/Airflow_pract/venv/lib/python3.9/site-packages/airflow/example_dags/example_branch_operator_decorator.py took 0.158 seconds
[2025-04-20T21:29:09.018+0800] {processor.py:186} INFO - Started process (PID=111088) to work on /mnt/c/Users/wu_li/OneDrive/Desktop/Airflow_pract/venv/lib/python3.9/site-packages/airflow/example_dags/example_branch_operator_decorator.py
[2025-04-20T21:29:09.020+0800] {processor.py:914} INFO - Processing file /mnt/c/Users/wu_li/OneDrive/Desktop/Airflow_pract/venv/lib/python3.9/site-packages/airflow/example_dags/example_branch_operator_decorator.py for tasks to queue
[2025-04-20T21:29:09.024+0800] {logging_mixin.py:190} INFO - [2025-04-20T21:29:09.023+0800] {dagbag.py:588} INFO - Filling up the DagBag from /mnt/c/Users/wu_li/OneDrive/Desktop/Airflow_pract/venv/lib/python3.9/site-packages/airflow/example_dags/example_branch_operator_decorator.py
[2025-04-20T21:29:09.128+0800] {processor.py:927} WARNING - No viable dags retrieved from /mnt/c/Users/wu_li/OneDrive/Desktop/Airflow_pract/venv/lib/python3.9/site-packages/airflow/example_dags/example_branch_operator_decorator.py
[2025-04-20T21:29:09.166+0800] {processor.py:208} INFO - Processing /mnt/c/Users/wu_li/OneDrive/Desktop/Airflow_pract/venv/lib/python3.9/site-packages/airflow/example_dags/example_branch_operator_decorator.py took 0.167 seconds
[2025-04-20T21:30:38.663+0800] {processor.py:186} INFO - Started process (PID=112098) to work on /mnt/c/Users/wu_li/OneDrive/Desktop/Airflow_pract/venv/lib/python3.9/site-packages/airflow/example_dags/example_branch_operator_decorator.py
[2025-04-20T21:30:38.665+0800] {processor.py:914} INFO - Processing file /mnt/c/Users/wu_li/OneDrive/Desktop/Airflow_pract/venv/lib/python3.9/site-packages/airflow/example_dags/example_branch_operator_decorator.py for tasks to queue
[2025-04-20T21:30:38.667+0800] {logging_mixin.py:190} INFO - [2025-04-20T21:30:38.666+0800] {dagbag.py:588} INFO - Filling up the DagBag from /mnt/c/Users/wu_li/OneDrive/Desktop/Airflow_pract/venv/lib/python3.9/site-packages/airflow/example_dags/example_branch_operator_decorator.py
[2025-04-20T21:30:38.725+0800] {processor.py:927} WARNING - No viable dags retrieved from /mnt/c/Users/wu_li/OneDrive/Desktop/Airflow_pract/venv/lib/python3.9/site-packages/airflow/example_dags/example_branch_operator_decorator.py
[2025-04-20T21:30:38.745+0800] {processor.py:208} INFO - Processing /mnt/c/Users/wu_li/OneDrive/Desktop/Airflow_pract/venv/lib/python3.9/site-packages/airflow/example_dags/example_branch_operator_decorator.py took 0.092 seconds
[2025-04-20T21:32:12.633+0800] {processor.py:186} INFO - Started process (PID=113177) to work on /mnt/c/Users/wu_li/OneDrive/Desktop/Airflow_pract/venv/lib/python3.9/site-packages/airflow/example_dags/example_branch_operator_decorator.py
[2025-04-20T21:32:12.636+0800] {processor.py:914} INFO - Processing file /mnt/c/Users/wu_li/OneDrive/Desktop/Airflow_pract/venv/lib/python3.9/site-packages/airflow/example_dags/example_branch_operator_decorator.py for tasks to queue
[2025-04-20T21:32:12.641+0800] {logging_mixin.py:190} INFO - [2025-04-20T21:32:12.639+0800] {dagbag.py:588} INFO - Filling up the DagBag from /mnt/c/Users/wu_li/OneDrive/Desktop/Airflow_pract/venv/lib/python3.9/site-packages/airflow/example_dags/example_branch_operator_decorator.py
[2025-04-20T21:32:12.747+0800] {processor.py:927} WARNING - No viable dags retrieved from /mnt/c/Users/wu_li/OneDrive/Desktop/Airflow_pract/venv/lib/python3.9/site-packages/airflow/example_dags/example_branch_operator_decorator.py
[2025-04-20T21:32:12.787+0800] {processor.py:208} INFO - Processing /mnt/c/Users/wu_li/OneDrive/Desktop/Airflow_pract/venv/lib/python3.9/site-packages/airflow/example_dags/example_branch_operator_decorator.py took 0.173 seconds
[2025-04-20T21:33:39.881+0800] {processor.py:186} INFO - Started process (PID=114186) to work on /mnt/c/Users/wu_li/OneDrive/Desktop/Airflow_pract/venv/lib/python3.9/site-packages/airflow/example_dags/example_branch_operator_decorator.py
[2025-04-20T21:33:39.882+0800] {processor.py:914} INFO - Processing file /mnt/c/Users/wu_li/OneDrive/Desktop/Airflow_pract/venv/lib/python3.9/site-packages/airflow/example_dags/example_branch_operator_decorator.py for tasks to queue
[2025-04-20T21:33:39.885+0800] {logging_mixin.py:190} INFO - [2025-04-20T21:33:39.884+0800] {dagbag.py:588} INFO - Filling up the DagBag from /mnt/c/Users/wu_li/OneDrive/Desktop/Airflow_pract/venv/lib/python3.9/site-packages/airflow/example_dags/example_branch_operator_decorator.py
[2025-04-20T21:33:39.945+0800] {processor.py:927} WARNING - No viable dags retrieved from /mnt/c/Users/wu_li/OneDrive/Desktop/Airflow_pract/venv/lib/python3.9/site-packages/airflow/example_dags/example_branch_operator_decorator.py
[2025-04-20T21:33:39.962+0800] {processor.py:208} INFO - Processing /mnt/c/Users/wu_li/OneDrive/Desktop/Airflow_pract/venv/lib/python3.9/site-packages/airflow/example_dags/example_branch_operator_decorator.py took 0.092 seconds
[2025-04-20T21:35:17.632+0800] {processor.py:186} INFO - Started process (PID=115338) to work on /mnt/c/Users/wu_li/OneDrive/Desktop/Airflow_pract/venv/lib/python3.9/site-packages/airflow/example_dags/example_branch_operator_decorator.py
[2025-04-20T21:35:17.634+0800] {processor.py:914} INFO - Processing file /mnt/c/Users/wu_li/OneDrive/Desktop/Airflow_pract/venv/lib/python3.9/site-packages/airflow/example_dags/example_branch_operator_decorator.py for tasks to queue
[2025-04-20T21:35:17.636+0800] {logging_mixin.py:190} INFO - [2025-04-20T21:35:17.635+0800] {dagbag.py:588} INFO - Filling up the DagBag from /mnt/c/Users/wu_li/OneDrive/Desktop/Airflow_pract/venv/lib/python3.9/site-packages/airflow/example_dags/example_branch_operator_decorator.py
[2025-04-20T21:35:17.694+0800] {processor.py:927} WARNING - No viable dags retrieved from /mnt/c/Users/wu_li/OneDrive/Desktop/Airflow_pract/venv/lib/python3.9/site-packages/airflow/example_dags/example_branch_operator_decorator.py
[2025-04-20T21:35:17.711+0800] {processor.py:208} INFO - Processing /mnt/c/Users/wu_li/OneDrive/Desktop/Airflow_pract/venv/lib/python3.9/site-packages/airflow/example_dags/example_branch_operator_decorator.py took 0.090 seconds
[2025-04-20T21:36:55.498+0800] {processor.py:186} INFO - Started process (PID=116493) to work on /mnt/c/Users/wu_li/OneDrive/Desktop/Airflow_pract/venv/lib/python3.9/site-packages/airflow/example_dags/example_branch_operator_decorator.py
[2025-04-20T21:36:55.499+0800] {processor.py:914} INFO - Processing file /mnt/c/Users/wu_li/OneDrive/Desktop/Airflow_pract/venv/lib/python3.9/site-packages/airflow/example_dags/example_branch_operator_decorator.py for tasks to queue
[2025-04-20T21:36:55.502+0800] {logging_mixin.py:190} INFO - [2025-04-20T21:36:55.501+0800] {dagbag.py:588} INFO - Filling up the DagBag from /mnt/c/Users/wu_li/OneDrive/Desktop/Airflow_pract/venv/lib/python3.9/site-packages/airflow/example_dags/example_branch_operator_decorator.py
[2025-04-20T21:36:55.563+0800] {processor.py:927} WARNING - No viable dags retrieved from /mnt/c/Users/wu_li/OneDrive/Desktop/Airflow_pract/venv/lib/python3.9/site-packages/airflow/example_dags/example_branch_operator_decorator.py
[2025-04-20T21:36:55.583+0800] {processor.py:208} INFO - Processing /mnt/c/Users/wu_li/OneDrive/Desktop/Airflow_pract/venv/lib/python3.9/site-packages/airflow/example_dags/example_branch_operator_decorator.py took 0.097 seconds
[2025-04-20T21:38:45.935+0800] {processor.py:186} INFO - Started process (PID=117541) to work on /mnt/c/Users/wu_li/OneDrive/Desktop/Airflow_pract/venv/lib/python3.9/site-packages/airflow/example_dags/example_branch_operator_decorator.py
[2025-04-20T21:38:45.937+0800] {processor.py:914} INFO - Processing file /mnt/c/Users/wu_li/OneDrive/Desktop/Airflow_pract/venv/lib/python3.9/site-packages/airflow/example_dags/example_branch_operator_decorator.py for tasks to queue
[2025-04-20T21:38:45.940+0800] {logging_mixin.py:190} INFO - [2025-04-20T21:38:45.939+0800] {dagbag.py:588} INFO - Filling up the DagBag from /mnt/c/Users/wu_li/OneDrive/Desktop/Airflow_pract/venv/lib/python3.9/site-packages/airflow/example_dags/example_branch_operator_decorator.py
[2025-04-20T21:38:46.025+0800] {processor.py:927} WARNING - No viable dags retrieved from /mnt/c/Users/wu_li/OneDrive/Desktop/Airflow_pract/venv/lib/python3.9/site-packages/airflow/example_dags/example_branch_operator_decorator.py
[2025-04-20T21:38:46.056+0800] {processor.py:208} INFO - Processing /mnt/c/Users/wu_li/OneDrive/Desktop/Airflow_pract/venv/lib/python3.9/site-packages/airflow/example_dags/example_branch_operator_decorator.py took 0.136 seconds
[2025-04-20T21:40:13.811+0800] {processor.py:186} INFO - Started process (PID=118421) to work on /mnt/c/Users/wu_li/OneDrive/Desktop/Airflow_pract/venv/lib/python3.9/site-packages/airflow/example_dags/example_branch_operator_decorator.py
[2025-04-20T21:40:13.813+0800] {processor.py:914} INFO - Processing file /mnt/c/Users/wu_li/OneDrive/Desktop/Airflow_pract/venv/lib/python3.9/site-packages/airflow/example_dags/example_branch_operator_decorator.py for tasks to queue
[2025-04-20T21:40:13.816+0800] {logging_mixin.py:190} INFO - [2025-04-20T21:40:13.815+0800] {dagbag.py:588} INFO - Filling up the DagBag from /mnt/c/Users/wu_li/OneDrive/Desktop/Airflow_pract/venv/lib/python3.9/site-packages/airflow/example_dags/example_branch_operator_decorator.py
[2025-04-20T21:40:13.905+0800] {processor.py:927} WARNING - No viable dags retrieved from /mnt/c/Users/wu_li/OneDrive/Desktop/Airflow_pract/venv/lib/python3.9/site-packages/airflow/example_dags/example_branch_operator_decorator.py
[2025-04-20T21:40:13.933+0800] {processor.py:208} INFO - Processing /mnt/c/Users/wu_li/OneDrive/Desktop/Airflow_pract/venv/lib/python3.9/site-packages/airflow/example_dags/example_branch_operator_decorator.py took 0.136 seconds
[2025-04-20T21:41:41.066+0800] {processor.py:186} INFO - Started process (PID=119530) to work on /mnt/c/Users/wu_li/OneDrive/Desktop/Airflow_pract/venv/lib/python3.9/site-packages/airflow/example_dags/example_branch_operator_decorator.py
[2025-04-20T21:41:41.069+0800] {processor.py:914} INFO - Processing file /mnt/c/Users/wu_li/OneDrive/Desktop/Airflow_pract/venv/lib/python3.9/site-packages/airflow/example_dags/example_branch_operator_decorator.py for tasks to queue
[2025-04-20T21:41:41.073+0800] {logging_mixin.py:190} INFO - [2025-04-20T21:41:41.071+0800] {dagbag.py:588} INFO - Filling up the DagBag from /mnt/c/Users/wu_li/OneDrive/Desktop/Airflow_pract/venv/lib/python3.9/site-packages/airflow/example_dags/example_branch_operator_decorator.py
[2025-04-20T21:41:41.167+0800] {processor.py:927} WARNING - No viable dags retrieved from /mnt/c/Users/wu_li/OneDrive/Desktop/Airflow_pract/venv/lib/python3.9/site-packages/airflow/example_dags/example_branch_operator_decorator.py
[2025-04-20T21:41:41.196+0800] {processor.py:208} INFO - Processing /mnt/c/Users/wu_li/OneDrive/Desktop/Airflow_pract/venv/lib/python3.9/site-packages/airflow/example_dags/example_branch_operator_decorator.py took 0.150 seconds
[2025-04-20T21:43:19.338+0800] {processor.py:186} INFO - Started process (PID=120368) to work on /mnt/c/Users/wu_li/OneDrive/Desktop/Airflow_pract/venv/lib/python3.9/site-packages/airflow/example_dags/example_branch_operator_decorator.py
[2025-04-20T21:43:19.340+0800] {processor.py:914} INFO - Processing file /mnt/c/Users/wu_li/OneDrive/Desktop/Airflow_pract/venv/lib/python3.9/site-packages/airflow/example_dags/example_branch_operator_decorator.py for tasks to queue
[2025-04-20T21:43:19.345+0800] {logging_mixin.py:190} INFO - [2025-04-20T21:43:19.343+0800] {dagbag.py:588} INFO - Filling up the DagBag from /mnt/c/Users/wu_li/OneDrive/Desktop/Airflow_pract/venv/lib/python3.9/site-packages/airflow/example_dags/example_branch_operator_decorator.py
[2025-04-20T21:43:19.473+0800] {processor.py:927} WARNING - No viable dags retrieved from /mnt/c/Users/wu_li/OneDrive/Desktop/Airflow_pract/venv/lib/python3.9/site-packages/airflow/example_dags/example_branch_operator_decorator.py
[2025-04-20T21:43:19.513+0800] {processor.py:208} INFO - Processing /mnt/c/Users/wu_li/OneDrive/Desktop/Airflow_pract/venv/lib/python3.9/site-packages/airflow/example_dags/example_branch_operator_decorator.py took 0.208 seconds
[2025-04-20T21:44:52.612+0800] {processor.py:186} INFO - Started process (PID=121328) to work on /mnt/c/Users/wu_li/OneDrive/Desktop/Airflow_pract/venv/lib/python3.9/site-packages/airflow/example_dags/example_branch_operator_decorator.py
[2025-04-20T21:44:52.614+0800] {processor.py:914} INFO - Processing file /mnt/c/Users/wu_li/OneDrive/Desktop/Airflow_pract/venv/lib/python3.9/site-packages/airflow/example_dags/example_branch_operator_decorator.py for tasks to queue
[2025-04-20T21:44:52.620+0800] {logging_mixin.py:190} INFO - [2025-04-20T21:44:52.617+0800] {dagbag.py:588} INFO - Filling up the DagBag from /mnt/c/Users/wu_li/OneDrive/Desktop/Airflow_pract/venv/lib/python3.9/site-packages/airflow/example_dags/example_branch_operator_decorator.py
[2025-04-20T21:44:52.712+0800] {processor.py:927} WARNING - No viable dags retrieved from /mnt/c/Users/wu_li/OneDrive/Desktop/Airflow_pract/venv/lib/python3.9/site-packages/airflow/example_dags/example_branch_operator_decorator.py
[2025-04-20T21:44:52.753+0800] {processor.py:208} INFO - Processing /mnt/c/Users/wu_li/OneDrive/Desktop/Airflow_pract/venv/lib/python3.9/site-packages/airflow/example_dags/example_branch_operator_decorator.py took 0.162 seconds
[2025-04-20T21:46:29.980+0800] {processor.py:186} INFO - Started process (PID=122210) to work on /mnt/c/Users/wu_li/OneDrive/Desktop/Airflow_pract/venv/lib/python3.9/site-packages/airflow/example_dags/example_branch_operator_decorator.py
[2025-04-20T21:46:29.985+0800] {processor.py:914} INFO - Processing file /mnt/c/Users/wu_li/OneDrive/Desktop/Airflow_pract/venv/lib/python3.9/site-packages/airflow/example_dags/example_branch_operator_decorator.py for tasks to queue
[2025-04-20T21:46:29.990+0800] {logging_mixin.py:190} INFO - [2025-04-20T21:46:29.988+0800] {dagbag.py:588} INFO - Filling up the DagBag from /mnt/c/Users/wu_li/OneDrive/Desktop/Airflow_pract/venv/lib/python3.9/site-packages/airflow/example_dags/example_branch_operator_decorator.py
[2025-04-20T21:46:30.148+0800] {processor.py:927} WARNING - No viable dags retrieved from /mnt/c/Users/wu_li/OneDrive/Desktop/Airflow_pract/venv/lib/python3.9/site-packages/airflow/example_dags/example_branch_operator_decorator.py
[2025-04-20T21:46:30.196+0800] {processor.py:208} INFO - Processing /mnt/c/Users/wu_li/OneDrive/Desktop/Airflow_pract/venv/lib/python3.9/site-packages/airflow/example_dags/example_branch_operator_decorator.py took 0.239 seconds
[2025-04-20T21:48:24.052+0800] {processor.py:186} INFO - Started process (PID=123158) to work on /mnt/c/Users/wu_li/OneDrive/Desktop/Airflow_pract/venv/lib/python3.9/site-packages/airflow/example_dags/example_branch_operator_decorator.py
[2025-04-20T21:48:24.055+0800] {processor.py:914} INFO - Processing file /mnt/c/Users/wu_li/OneDrive/Desktop/Airflow_pract/venv/lib/python3.9/site-packages/airflow/example_dags/example_branch_operator_decorator.py for tasks to queue
[2025-04-20T21:48:24.059+0800] {logging_mixin.py:190} INFO - [2025-04-20T21:48:24.057+0800] {dagbag.py:588} INFO - Filling up the DagBag from /mnt/c/Users/wu_li/OneDrive/Desktop/Airflow_pract/venv/lib/python3.9/site-packages/airflow/example_dags/example_branch_operator_decorator.py
[2025-04-20T21:48:24.160+0800] {processor.py:927} WARNING - No viable dags retrieved from /mnt/c/Users/wu_li/OneDrive/Desktop/Airflow_pract/venv/lib/python3.9/site-packages/airflow/example_dags/example_branch_operator_decorator.py
[2025-04-20T21:48:24.207+0800] {processor.py:208} INFO - Processing /mnt/c/Users/wu_li/OneDrive/Desktop/Airflow_pract/venv/lib/python3.9/site-packages/airflow/example_dags/example_branch_operator_decorator.py took 0.175 seconds
[2025-04-20T21:49:57.002+0800] {processor.py:186} INFO - Started process (PID=124091) to work on /mnt/c/Users/wu_li/OneDrive/Desktop/Airflow_pract/venv/lib/python3.9/site-packages/airflow/example_dags/example_branch_operator_decorator.py
[2025-04-20T21:49:57.005+0800] {processor.py:914} INFO - Processing file /mnt/c/Users/wu_li/OneDrive/Desktop/Airflow_pract/venv/lib/python3.9/site-packages/airflow/example_dags/example_branch_operator_decorator.py for tasks to queue
[2025-04-20T21:49:57.013+0800] {logging_mixin.py:190} INFO - [2025-04-20T21:49:57.008+0800] {dagbag.py:588} INFO - Filling up the DagBag from /mnt/c/Users/wu_li/OneDrive/Desktop/Airflow_pract/venv/lib/python3.9/site-packages/airflow/example_dags/example_branch_operator_decorator.py
[2025-04-20T21:49:57.280+0800] {processor.py:927} WARNING - No viable dags retrieved from /mnt/c/Users/wu_li/OneDrive/Desktop/Airflow_pract/venv/lib/python3.9/site-packages/airflow/example_dags/example_branch_operator_decorator.py
[2025-04-20T21:49:57.401+0800] {processor.py:208} INFO - Processing /mnt/c/Users/wu_li/OneDrive/Desktop/Airflow_pract/venv/lib/python3.9/site-packages/airflow/example_dags/example_branch_operator_decorator.py took 0.431 seconds
[2025-04-20T21:51:58.194+0800] {processor.py:186} INFO - Started process (PID=124889) to work on /mnt/c/Users/wu_li/OneDrive/Desktop/Airflow_pract/venv/lib/python3.9/site-packages/airflow/example_dags/example_branch_operator_decorator.py
[2025-04-20T21:51:58.197+0800] {processor.py:914} INFO - Processing file /mnt/c/Users/wu_li/OneDrive/Desktop/Airflow_pract/venv/lib/python3.9/site-packages/airflow/example_dags/example_branch_operator_decorator.py for tasks to queue
[2025-04-20T21:51:58.201+0800] {logging_mixin.py:190} INFO - [2025-04-20T21:51:58.200+0800] {dagbag.py:588} INFO - Filling up the DagBag from /mnt/c/Users/wu_li/OneDrive/Desktop/Airflow_pract/venv/lib/python3.9/site-packages/airflow/example_dags/example_branch_operator_decorator.py
[2025-04-20T21:51:58.369+0800] {processor.py:927} WARNING - No viable dags retrieved from /mnt/c/Users/wu_li/OneDrive/Desktop/Airflow_pract/venv/lib/python3.9/site-packages/airflow/example_dags/example_branch_operator_decorator.py
[2025-04-20T21:51:58.422+0800] {processor.py:208} INFO - Processing /mnt/c/Users/wu_li/OneDrive/Desktop/Airflow_pract/venv/lib/python3.9/site-packages/airflow/example_dags/example_branch_operator_decorator.py took 0.256 seconds
[2025-04-20T21:53:54.041+0800] {processor.py:186} INFO - Started process (PID=125756) to work on /mnt/c/Users/wu_li/OneDrive/Desktop/Airflow_pract/venv/lib/python3.9/site-packages/airflow/example_dags/example_branch_operator_decorator.py
[2025-04-20T21:53:54.044+0800] {processor.py:914} INFO - Processing file /mnt/c/Users/wu_li/OneDrive/Desktop/Airflow_pract/venv/lib/python3.9/site-packages/airflow/example_dags/example_branch_operator_decorator.py for tasks to queue
[2025-04-20T21:53:54.047+0800] {logging_mixin.py:190} INFO - [2025-04-20T21:53:54.046+0800] {dagbag.py:588} INFO - Filling up the DagBag from /mnt/c/Users/wu_li/OneDrive/Desktop/Airflow_pract/venv/lib/python3.9/site-packages/airflow/example_dags/example_branch_operator_decorator.py
[2025-04-20T21:53:54.335+0800] {processor.py:927} WARNING - No viable dags retrieved from /mnt/c/Users/wu_li/OneDrive/Desktop/Airflow_pract/venv/lib/python3.9/site-packages/airflow/example_dags/example_branch_operator_decorator.py
[2025-04-20T21:53:54.393+0800] {processor.py:208} INFO - Processing /mnt/c/Users/wu_li/OneDrive/Desktop/Airflow_pract/venv/lib/python3.9/site-packages/airflow/example_dags/example_branch_operator_decorator.py took 0.396 seconds
[2025-04-20T21:55:57.729+0800] {processor.py:186} INFO - Started process (PID=126776) to work on /mnt/c/Users/wu_li/OneDrive/Desktop/Airflow_pract/venv/lib/python3.9/site-packages/airflow/example_dags/example_branch_operator_decorator.py
[2025-04-20T21:55:57.732+0800] {processor.py:914} INFO - Processing file /mnt/c/Users/wu_li/OneDrive/Desktop/Airflow_pract/venv/lib/python3.9/site-packages/airflow/example_dags/example_branch_operator_decorator.py for tasks to queue
[2025-04-20T21:55:57.741+0800] {logging_mixin.py:190} INFO - [2025-04-20T21:55:57.739+0800] {dagbag.py:588} INFO - Filling up the DagBag from /mnt/c/Users/wu_li/OneDrive/Desktop/Airflow_pract/venv/lib/python3.9/site-packages/airflow/example_dags/example_branch_operator_decorator.py
[2025-04-20T21:55:57.937+0800] {processor.py:927} WARNING - No viable dags retrieved from /mnt/c/Users/wu_li/OneDrive/Desktop/Airflow_pract/venv/lib/python3.9/site-packages/airflow/example_dags/example_branch_operator_decorator.py
[2025-04-20T21:55:57.984+0800] {processor.py:208} INFO - Processing /mnt/c/Users/wu_li/OneDrive/Desktop/Airflow_pract/venv/lib/python3.9/site-packages/airflow/example_dags/example_branch_operator_decorator.py took 0.284 seconds
[2025-04-20T21:58:11.677+0800] {processor.py:186} INFO - Started process (PID=127510) to work on /mnt/c/Users/wu_li/OneDrive/Desktop/Airflow_pract/venv/lib/python3.9/site-packages/airflow/example_dags/example_branch_operator_decorator.py
[2025-04-20T21:58:11.680+0800] {processor.py:914} INFO - Processing file /mnt/c/Users/wu_li/OneDrive/Desktop/Airflow_pract/venv/lib/python3.9/site-packages/airflow/example_dags/example_branch_operator_decorator.py for tasks to queue
[2025-04-20T21:58:11.684+0800] {logging_mixin.py:190} INFO - [2025-04-20T21:58:11.683+0800] {dagbag.py:588} INFO - Filling up the DagBag from /mnt/c/Users/wu_li/OneDrive/Desktop/Airflow_pract/venv/lib/python3.9/site-packages/airflow/example_dags/example_branch_operator_decorator.py
[2025-04-20T21:58:11.850+0800] {processor.py:927} WARNING - No viable dags retrieved from /mnt/c/Users/wu_li/OneDrive/Desktop/Airflow_pract/venv/lib/python3.9/site-packages/airflow/example_dags/example_branch_operator_decorator.py
[2025-04-20T21:58:11.905+0800] {processor.py:208} INFO - Processing /mnt/c/Users/wu_li/OneDrive/Desktop/Airflow_pract/venv/lib/python3.9/site-packages/airflow/example_dags/example_branch_operator_decorator.py took 0.255 seconds
[2025-04-20T21:59:58.888+0800] {processor.py:186} INFO - Started process (PID=128527) to work on /mnt/c/Users/wu_li/OneDrive/Desktop/Airflow_pract/venv/lib/python3.9/site-packages/airflow/example_dags/example_branch_operator_decorator.py
[2025-04-20T21:59:58.890+0800] {processor.py:914} INFO - Processing file /mnt/c/Users/wu_li/OneDrive/Desktop/Airflow_pract/venv/lib/python3.9/site-packages/airflow/example_dags/example_branch_operator_decorator.py for tasks to queue
[2025-04-20T21:59:58.894+0800] {logging_mixin.py:190} INFO - [2025-04-20T21:59:58.893+0800] {dagbag.py:588} INFO - Filling up the DagBag from /mnt/c/Users/wu_li/OneDrive/Desktop/Airflow_pract/venv/lib/python3.9/site-packages/airflow/example_dags/example_branch_operator_decorator.py
[2025-04-20T21:59:59.044+0800] {processor.py:927} WARNING - No viable dags retrieved from /mnt/c/Users/wu_li/OneDrive/Desktop/Airflow_pract/venv/lib/python3.9/site-packages/airflow/example_dags/example_branch_operator_decorator.py
[2025-04-20T21:59:59.085+0800] {processor.py:208} INFO - Processing /mnt/c/Users/wu_li/OneDrive/Desktop/Airflow_pract/venv/lib/python3.9/site-packages/airflow/example_dags/example_branch_operator_decorator.py took 0.232 seconds
[2025-04-20T22:01:49.308+0800] {processor.py:186} INFO - Started process (PID=129398) to work on /mnt/c/Users/wu_li/OneDrive/Desktop/Airflow_pract/venv/lib/python3.9/site-packages/airflow/example_dags/example_branch_operator_decorator.py
[2025-04-20T22:01:49.312+0800] {processor.py:914} INFO - Processing file /mnt/c/Users/wu_li/OneDrive/Desktop/Airflow_pract/venv/lib/python3.9/site-packages/airflow/example_dags/example_branch_operator_decorator.py for tasks to queue
[2025-04-20T22:01:49.324+0800] {logging_mixin.py:190} INFO - [2025-04-20T22:01:49.319+0800] {dagbag.py:588} INFO - Filling up the DagBag from /mnt/c/Users/wu_li/OneDrive/Desktop/Airflow_pract/venv/lib/python3.9/site-packages/airflow/example_dags/example_branch_operator_decorator.py
[2025-04-20T22:01:49.518+0800] {processor.py:927} WARNING - No viable dags retrieved from /mnt/c/Users/wu_li/OneDrive/Desktop/Airflow_pract/venv/lib/python3.9/site-packages/airflow/example_dags/example_branch_operator_decorator.py
[2025-04-20T22:01:49.561+0800] {processor.py:208} INFO - Processing /mnt/c/Users/wu_li/OneDrive/Desktop/Airflow_pract/venv/lib/python3.9/site-packages/airflow/example_dags/example_branch_operator_decorator.py took 0.333 seconds
[2025-04-20T22:03:42.119+0800] {processor.py:186} INFO - Started process (PID=130197) to work on /mnt/c/Users/wu_li/OneDrive/Desktop/Airflow_pract/venv/lib/python3.9/site-packages/airflow/example_dags/example_branch_operator_decorator.py
[2025-04-20T22:03:42.120+0800] {processor.py:914} INFO - Processing file /mnt/c/Users/wu_li/OneDrive/Desktop/Airflow_pract/venv/lib/python3.9/site-packages/airflow/example_dags/example_branch_operator_decorator.py for tasks to queue
[2025-04-20T22:03:42.123+0800] {logging_mixin.py:190} INFO - [2025-04-20T22:03:42.122+0800] {dagbag.py:588} INFO - Filling up the DagBag from /mnt/c/Users/wu_li/OneDrive/Desktop/Airflow_pract/venv/lib/python3.9/site-packages/airflow/example_dags/example_branch_operator_decorator.py
[2025-04-20T22:03:42.187+0800] {processor.py:927} WARNING - No viable dags retrieved from /mnt/c/Users/wu_li/OneDrive/Desktop/Airflow_pract/venv/lib/python3.9/site-packages/airflow/example_dags/example_branch_operator_decorator.py
[2025-04-20T22:03:42.206+0800] {processor.py:208} INFO - Processing /mnt/c/Users/wu_li/OneDrive/Desktop/Airflow_pract/venv/lib/python3.9/site-packages/airflow/example_dags/example_branch_operator_decorator.py took 0.099 seconds
[2025-04-20T22:05:36.424+0800] {processor.py:186} INFO - Started process (PID=130996) to work on /mnt/c/Users/wu_li/OneDrive/Desktop/Airflow_pract/venv/lib/python3.9/site-packages/airflow/example_dags/example_branch_operator_decorator.py
[2025-04-20T22:05:36.426+0800] {processor.py:914} INFO - Processing file /mnt/c/Users/wu_li/OneDrive/Desktop/Airflow_pract/venv/lib/python3.9/site-packages/airflow/example_dags/example_branch_operator_decorator.py for tasks to queue
[2025-04-20T22:05:36.429+0800] {logging_mixin.py:190} INFO - [2025-04-20T22:05:36.428+0800] {dagbag.py:588} INFO - Filling up the DagBag from /mnt/c/Users/wu_li/OneDrive/Desktop/Airflow_pract/venv/lib/python3.9/site-packages/airflow/example_dags/example_branch_operator_decorator.py
[2025-04-20T22:05:36.511+0800] {processor.py:927} WARNING - No viable dags retrieved from /mnt/c/Users/wu_li/OneDrive/Desktop/Airflow_pract/venv/lib/python3.9/site-packages/airflow/example_dags/example_branch_operator_decorator.py
[2025-04-20T22:05:36.535+0800] {processor.py:208} INFO - Processing /mnt/c/Users/wu_li/OneDrive/Desktop/Airflow_pract/venv/lib/python3.9/site-packages/airflow/example_dags/example_branch_operator_decorator.py took 0.127 seconds
[2025-04-20T22:07:20.909+0800] {processor.py:186} INFO - Started process (PID=132078) to work on /mnt/c/Users/wu_li/OneDrive/Desktop/Airflow_pract/venv/lib/python3.9/site-packages/airflow/example_dags/example_branch_operator_decorator.py
[2025-04-20T22:07:20.912+0800] {processor.py:914} INFO - Processing file /mnt/c/Users/wu_li/OneDrive/Desktop/Airflow_pract/venv/lib/python3.9/site-packages/airflow/example_dags/example_branch_operator_decorator.py for tasks to queue
[2025-04-20T22:07:20.914+0800] {logging_mixin.py:190} INFO - [2025-04-20T22:07:20.913+0800] {dagbag.py:588} INFO - Filling up the DagBag from /mnt/c/Users/wu_li/OneDrive/Desktop/Airflow_pract/venv/lib/python3.9/site-packages/airflow/example_dags/example_branch_operator_decorator.py
[2025-04-20T22:07:20.987+0800] {processor.py:927} WARNING - No viable dags retrieved from /mnt/c/Users/wu_li/OneDrive/Desktop/Airflow_pract/venv/lib/python3.9/site-packages/airflow/example_dags/example_branch_operator_decorator.py
[2025-04-20T22:07:21.011+0800] {processor.py:208} INFO - Processing /mnt/c/Users/wu_li/OneDrive/Desktop/Airflow_pract/venv/lib/python3.9/site-packages/airflow/example_dags/example_branch_operator_decorator.py took 0.116 seconds
[2025-04-20T22:09:09.293+0800] {processor.py:186} INFO - Started process (PID=132945) to work on /mnt/c/Users/wu_li/OneDrive/Desktop/Airflow_pract/venv/lib/python3.9/site-packages/airflow/example_dags/example_branch_operator_decorator.py
[2025-04-20T22:09:09.302+0800] {processor.py:914} INFO - Processing file /mnt/c/Users/wu_li/OneDrive/Desktop/Airflow_pract/venv/lib/python3.9/site-packages/airflow/example_dags/example_branch_operator_decorator.py for tasks to queue
[2025-04-20T22:09:09.310+0800] {logging_mixin.py:190} INFO - [2025-04-20T22:09:09.306+0800] {dagbag.py:588} INFO - Filling up the DagBag from /mnt/c/Users/wu_li/OneDrive/Desktop/Airflow_pract/venv/lib/python3.9/site-packages/airflow/example_dags/example_branch_operator_decorator.py
[2025-04-20T22:09:09.555+0800] {processor.py:927} WARNING - No viable dags retrieved from /mnt/c/Users/wu_li/OneDrive/Desktop/Airflow_pract/venv/lib/python3.9/site-packages/airflow/example_dags/example_branch_operator_decorator.py
[2025-04-20T22:09:09.644+0800] {processor.py:208} INFO - Processing /mnt/c/Users/wu_li/OneDrive/Desktop/Airflow_pract/venv/lib/python3.9/site-packages/airflow/example_dags/example_branch_operator_decorator.py took 0.387 seconds
[2025-04-20T22:11:02.107+0800] {processor.py:186} INFO - Started process (PID=133885) to work on /mnt/c/Users/wu_li/OneDrive/Desktop/Airflow_pract/venv/lib/python3.9/site-packages/airflow/example_dags/example_branch_operator_decorator.py
[2025-04-20T22:11:02.109+0800] {processor.py:914} INFO - Processing file /mnt/c/Users/wu_li/OneDrive/Desktop/Airflow_pract/venv/lib/python3.9/site-packages/airflow/example_dags/example_branch_operator_decorator.py for tasks to queue
[2025-04-20T22:11:02.113+0800] {logging_mixin.py:190} INFO - [2025-04-20T22:11:02.112+0800] {dagbag.py:588} INFO - Filling up the DagBag from /mnt/c/Users/wu_li/OneDrive/Desktop/Airflow_pract/venv/lib/python3.9/site-packages/airflow/example_dags/example_branch_operator_decorator.py
[2025-04-20T22:11:02.561+0800] {processor.py:927} WARNING - No viable dags retrieved from /mnt/c/Users/wu_li/OneDrive/Desktop/Airflow_pract/venv/lib/python3.9/site-packages/airflow/example_dags/example_branch_operator_decorator.py
[2025-04-20T22:11:02.610+0800] {processor.py:208} INFO - Processing /mnt/c/Users/wu_li/OneDrive/Desktop/Airflow_pract/venv/lib/python3.9/site-packages/airflow/example_dags/example_branch_operator_decorator.py took 0.524 seconds
[2025-04-20T22:13:04.384+0800] {processor.py:186} INFO - Started process (PID=134758) to work on /mnt/c/Users/wu_li/OneDrive/Desktop/Airflow_pract/venv/lib/python3.9/site-packages/airflow/example_dags/example_branch_operator_decorator.py
[2025-04-20T22:13:04.407+0800] {processor.py:914} INFO - Processing file /mnt/c/Users/wu_li/OneDrive/Desktop/Airflow_pract/venv/lib/python3.9/site-packages/airflow/example_dags/example_branch_operator_decorator.py for tasks to queue
[2025-04-20T22:13:04.423+0800] {logging_mixin.py:190} INFO - [2025-04-20T22:13:04.420+0800] {dagbag.py:588} INFO - Filling up the DagBag from /mnt/c/Users/wu_li/OneDrive/Desktop/Airflow_pract/venv/lib/python3.9/site-packages/airflow/example_dags/example_branch_operator_decorator.py
[2025-04-20T22:13:04.729+0800] {processor.py:927} WARNING - No viable dags retrieved from /mnt/c/Users/wu_li/OneDrive/Desktop/Airflow_pract/venv/lib/python3.9/site-packages/airflow/example_dags/example_branch_operator_decorator.py
[2025-04-20T22:13:04.810+0800] {processor.py:208} INFO - Processing /mnt/c/Users/wu_li/OneDrive/Desktop/Airflow_pract/venv/lib/python3.9/site-packages/airflow/example_dags/example_branch_operator_decorator.py took 0.473 seconds
[2025-04-20T22:15:12.472+0800] {processor.py:186} INFO - Started process (PID=135638) to work on /mnt/c/Users/wu_li/OneDrive/Desktop/Airflow_pract/venv/lib/python3.9/site-packages/airflow/example_dags/example_branch_operator_decorator.py
[2025-04-20T22:15:12.474+0800] {processor.py:914} INFO - Processing file /mnt/c/Users/wu_li/OneDrive/Desktop/Airflow_pract/venv/lib/python3.9/site-packages/airflow/example_dags/example_branch_operator_decorator.py for tasks to queue
[2025-04-20T22:15:12.478+0800] {logging_mixin.py:190} INFO - [2025-04-20T22:15:12.477+0800] {dagbag.py:588} INFO - Filling up the DagBag from /mnt/c/Users/wu_li/OneDrive/Desktop/Airflow_pract/venv/lib/python3.9/site-packages/airflow/example_dags/example_branch_operator_decorator.py
[2025-04-20T22:15:12.578+0800] {processor.py:927} WARNING - No viable dags retrieved from /mnt/c/Users/wu_li/OneDrive/Desktop/Airflow_pract/venv/lib/python3.9/site-packages/airflow/example_dags/example_branch_operator_decorator.py
[2025-04-20T22:15:12.615+0800] {processor.py:208} INFO - Processing /mnt/c/Users/wu_li/OneDrive/Desktop/Airflow_pract/venv/lib/python3.9/site-packages/airflow/example_dags/example_branch_operator_decorator.py took 0.159 seconds
