[2025-04-20T20:12:11.641+0800] {processor.py:186} INFO - Started process (PID=64003) to work on /mnt/c/Users/wu_li/OneDrive/Desktop/Airflow_pract/venv/lib/python3.9/site-packages/airflow/example_dags/example_external_task_marker_dag.py
[2025-04-20T20:12:11.643+0800] {processor.py:914} INFO - Processing file /mnt/c/Users/wu_li/OneDrive/Desktop/Airflow_pract/venv/lib/python3.9/site-packages/airflow/example_dags/example_external_task_marker_dag.py for tasks to queue
[2025-04-20T20:12:11.647+0800] {logging_mixin.py:190} INFO - [2025-04-20T20:12:11.646+0800] {dagbag.py:588} INFO - Filling up the DagBag from /mnt/c/Users/wu_li/OneDrive/Desktop/Airflow_pract/venv/lib/python3.9/site-packages/airflow/example_dags/example_external_task_marker_dag.py
[2025-04-20T20:12:11.721+0800] {processor.py:925} INFO - DAG(s) 'example_external_task_marker_parent', 'example_external_task_marker_child' retrieved from /mnt/c/Users/wu_li/OneDrive/Desktop/Airflow_pract/venv/lib/python3.9/site-packages/airflow/example_dags/example_external_task_marker_dag.py
[2025-04-20T20:12:13.173+0800] {logging_mixin.py:190} INFO - [2025-04-20T20:12:13.172+0800] {override.py:1912} INFO - Created Permission View: can delete on DAG:example_external_task_marker_parent
[2025-04-20T20:12:13.211+0800] {logging_mixin.py:190} INFO - [2025-04-20T20:12:13.209+0800] {override.py:1912} INFO - Created Permission View: can read on DAG:example_external_task_marker_parent
[2025-04-20T20:12:13.252+0800] {logging_mixin.py:190} INFO - [2025-04-20T20:12:13.251+0800] {override.py:1912} INFO - Created Permission View: can edit on DAG:example_external_task_marker_parent
[2025-04-20T20:12:13.322+0800] {logging_mixin.py:190} INFO - [2025-04-20T20:12:13.321+0800] {override.py:1912} INFO - Created Permission View: can delete on DAG Run:example_external_task_marker_parent
[2025-04-20T20:12:13.358+0800] {logging_mixin.py:190} INFO - [2025-04-20T20:12:13.356+0800] {override.py:1912} INFO - Created Permission View: can read on DAG Run:example_external_task_marker_parent
[2025-04-20T20:12:13.395+0800] {logging_mixin.py:190} INFO - [2025-04-20T20:12:13.394+0800] {override.py:1912} INFO - Created Permission View: can create on DAG Run:example_external_task_marker_parent
[2025-04-20T20:12:13.435+0800] {logging_mixin.py:190} INFO - [2025-04-20T20:12:13.433+0800] {override.py:1912} INFO - Created Permission View: menu access on DAG Run:example_external_task_marker_parent
[2025-04-20T20:12:13.530+0800] {logging_mixin.py:190} INFO - [2025-04-20T20:12:13.529+0800] {override.py:1912} INFO - Created Permission View: can delete on DAG:example_external_task_marker_child
[2025-04-20T20:12:13.567+0800] {logging_mixin.py:190} INFO - [2025-04-20T20:12:13.566+0800] {override.py:1912} INFO - Created Permission View: can read on DAG:example_external_task_marker_child
[2025-04-20T20:12:13.606+0800] {logging_mixin.py:190} INFO - [2025-04-20T20:12:13.605+0800] {override.py:1912} INFO - Created Permission View: can edit on DAG:example_external_task_marker_child
[2025-04-20T20:12:13.676+0800] {logging_mixin.py:190} INFO - [2025-04-20T20:12:13.674+0800] {override.py:1912} INFO - Created Permission View: can delete on DAG Run:example_external_task_marker_child
[2025-04-20T20:12:13.728+0800] {logging_mixin.py:190} INFO - [2025-04-20T20:12:13.727+0800] {override.py:1912} INFO - Created Permission View: can read on DAG Run:example_external_task_marker_child
[2025-04-20T20:12:13.764+0800] {logging_mixin.py:190} INFO - [2025-04-20T20:12:13.763+0800] {override.py:1912} INFO - Created Permission View: can create on DAG Run:example_external_task_marker_child
[2025-04-20T20:12:13.806+0800] {logging_mixin.py:190} INFO - [2025-04-20T20:12:13.804+0800] {override.py:1912} INFO - Created Permission View: menu access on DAG Run:example_external_task_marker_child
[2025-04-20T20:12:13.808+0800] {logging_mixin.py:190} INFO - [2025-04-20T20:12:13.807+0800] {dag.py:3239} INFO - Sync 2 DAGs
[2025-04-20T20:12:13.828+0800] {logging_mixin.py:190} INFO - [2025-04-20T20:12:13.827+0800] {dag.py:3262} INFO - Creating ORM DAG for example_external_task_marker_child
[2025-04-20T20:12:13.830+0800] {logging_mixin.py:190} INFO - [2025-04-20T20:12:13.829+0800] {dag.py:3262} INFO - Creating ORM DAG for example_external_task_marker_parent
[2025-04-20T20:12:13.832+0800] {logging_mixin.py:190} INFO - [2025-04-20T20:12:13.831+0800] {dag.py:4180} INFO - Setting next_dagrun for example_external_task_marker_child to None, run_after=None
[2025-04-20T20:12:13.836+0800] {logging_mixin.py:190} INFO - [2025-04-20T20:12:13.833+0800] {dag.py:4180} INFO - Setting next_dagrun for example_external_task_marker_parent to None, run_after=None
[2025-04-20T20:12:13.908+0800] {processor.py:208} INFO - Processing /mnt/c/Users/wu_li/OneDrive/Desktop/Airflow_pract/venv/lib/python3.9/site-packages/airflow/example_dags/example_external_task_marker_dag.py took 2.279 seconds
[2025-04-20T20:17:45.924+0800] {processor.py:186} INFO - Started process (PID=68046) to work on /mnt/c/Users/wu_li/OneDrive/Desktop/Airflow_pract/venv/lib/python3.9/site-packages/airflow/example_dags/example_external_task_marker_dag.py
[2025-04-20T20:17:45.925+0800] {processor.py:914} INFO - Processing file /mnt/c/Users/wu_li/OneDrive/Desktop/Airflow_pract/venv/lib/python3.9/site-packages/airflow/example_dags/example_external_task_marker_dag.py for tasks to queue
[2025-04-20T20:17:45.928+0800] {logging_mixin.py:190} INFO - [2025-04-20T20:17:45.927+0800] {dagbag.py:588} INFO - Filling up the DagBag from /mnt/c/Users/wu_li/OneDrive/Desktop/Airflow_pract/venv/lib/python3.9/site-packages/airflow/example_dags/example_external_task_marker_dag.py
[2025-04-20T20:17:46.006+0800] {processor.py:925} INFO - DAG(s) 'example_external_task_marker_parent', 'example_external_task_marker_child' retrieved from /mnt/c/Users/wu_li/OneDrive/Desktop/Airflow_pract/venv/lib/python3.9/site-packages/airflow/example_dags/example_external_task_marker_dag.py
[2025-04-20T20:17:46.131+0800] {logging_mixin.py:190} INFO - [2025-04-20T20:17:46.130+0800] {dag.py:3239} INFO - Sync 2 DAGs
[2025-04-20T20:17:46.148+0800] {logging_mixin.py:190} INFO - [2025-04-20T20:17:46.147+0800] {dag.py:4180} INFO - Setting next_dagrun for example_external_task_marker_child to None, run_after=None
[2025-04-20T20:17:46.154+0800] {logging_mixin.py:190} INFO - [2025-04-20T20:17:46.153+0800] {dag.py:4180} INFO - Setting next_dagrun for example_external_task_marker_parent to None, run_after=None
[2025-04-20T20:17:46.221+0800] {processor.py:208} INFO - Processing /mnt/c/Users/wu_li/OneDrive/Desktop/Airflow_pract/venv/lib/python3.9/site-packages/airflow/example_dags/example_external_task_marker_dag.py took 0.308 seconds
[2025-04-20T20:19:30.168+0800] {processor.py:186} INFO - Started process (PID=69322) to work on /mnt/c/Users/wu_li/OneDrive/Desktop/Airflow_pract/venv/lib/python3.9/site-packages/airflow/example_dags/example_external_task_marker_dag.py
[2025-04-20T20:19:30.173+0800] {processor.py:914} INFO - Processing file /mnt/c/Users/wu_li/OneDrive/Desktop/Airflow_pract/venv/lib/python3.9/site-packages/airflow/example_dags/example_external_task_marker_dag.py for tasks to queue
[2025-04-20T20:19:30.177+0800] {logging_mixin.py:190} INFO - [2025-04-20T20:19:30.176+0800] {dagbag.py:588} INFO - Filling up the DagBag from /mnt/c/Users/wu_li/OneDrive/Desktop/Airflow_pract/venv/lib/python3.9/site-packages/airflow/example_dags/example_external_task_marker_dag.py
[2025-04-20T20:19:30.245+0800] {processor.py:925} INFO - DAG(s) 'example_external_task_marker_child', 'example_external_task_marker_parent' retrieved from /mnt/c/Users/wu_li/OneDrive/Desktop/Airflow_pract/venv/lib/python3.9/site-packages/airflow/example_dags/example_external_task_marker_dag.py
[2025-04-20T20:19:30.280+0800] {logging_mixin.py:190} INFO - [2025-04-20T20:19:30.279+0800] {dag.py:3239} INFO - Sync 2 DAGs
[2025-04-20T20:19:30.307+0800] {logging_mixin.py:190} INFO - [2025-04-20T20:19:30.306+0800] {dag.py:4180} INFO - Setting next_dagrun for example_external_task_marker_child to None, run_after=None
[2025-04-20T20:19:30.316+0800] {logging_mixin.py:190} INFO - [2025-04-20T20:19:30.315+0800] {dag.py:4180} INFO - Setting next_dagrun for example_external_task_marker_parent to None, run_after=None
[2025-04-20T20:19:30.394+0800] {processor.py:208} INFO - Processing /mnt/c/Users/wu_li/OneDrive/Desktop/Airflow_pract/venv/lib/python3.9/site-packages/airflow/example_dags/example_external_task_marker_dag.py took 0.238 seconds
[2025-04-20T20:21:24.411+0800] {processor.py:186} INFO - Started process (PID=70323) to work on /mnt/c/Users/wu_li/OneDrive/Desktop/Airflow_pract/venv/lib/python3.9/site-packages/airflow/example_dags/example_external_task_marker_dag.py
[2025-04-20T20:21:24.415+0800] {processor.py:914} INFO - Processing file /mnt/c/Users/wu_li/OneDrive/Desktop/Airflow_pract/venv/lib/python3.9/site-packages/airflow/example_dags/example_external_task_marker_dag.py for tasks to queue
[2025-04-20T20:21:24.425+0800] {logging_mixin.py:190} INFO - [2025-04-20T20:21:24.424+0800] {dagbag.py:588} INFO - Filling up the DagBag from /mnt/c/Users/wu_li/OneDrive/Desktop/Airflow_pract/venv/lib/python3.9/site-packages/airflow/example_dags/example_external_task_marker_dag.py
[2025-04-20T20:21:24.540+0800] {processor.py:925} INFO - DAG(s) 'example_external_task_marker_parent', 'example_external_task_marker_child' retrieved from /mnt/c/Users/wu_li/OneDrive/Desktop/Airflow_pract/venv/lib/python3.9/site-packages/airflow/example_dags/example_external_task_marker_dag.py
[2025-04-20T20:21:24.607+0800] {logging_mixin.py:190} INFO - [2025-04-20T20:21:24.603+0800] {dag.py:3239} INFO - Sync 2 DAGs
[2025-04-20T20:21:24.663+0800] {logging_mixin.py:190} INFO - [2025-04-20T20:21:24.660+0800] {dag.py:4180} INFO - Setting next_dagrun for example_external_task_marker_child to None, run_after=None
[2025-04-20T20:21:24.676+0800] {logging_mixin.py:190} INFO - [2025-04-20T20:21:24.674+0800] {dag.py:4180} INFO - Setting next_dagrun for example_external_task_marker_parent to None, run_after=None
[2025-04-20T20:21:24.800+0800] {processor.py:208} INFO - Processing /mnt/c/Users/wu_li/OneDrive/Desktop/Airflow_pract/venv/lib/python3.9/site-packages/airflow/example_dags/example_external_task_marker_dag.py took 0.418 seconds
[2025-04-20T20:23:21.561+0800] {processor.py:186} INFO - Started process (PID=71275) to work on /mnt/c/Users/wu_li/OneDrive/Desktop/Airflow_pract/venv/lib/python3.9/site-packages/airflow/example_dags/example_external_task_marker_dag.py
[2025-04-20T20:23:21.563+0800] {processor.py:914} INFO - Processing file /mnt/c/Users/wu_li/OneDrive/Desktop/Airflow_pract/venv/lib/python3.9/site-packages/airflow/example_dags/example_external_task_marker_dag.py for tasks to queue
[2025-04-20T20:23:21.572+0800] {logging_mixin.py:190} INFO - [2025-04-20T20:23:21.567+0800] {dagbag.py:588} INFO - Filling up the DagBag from /mnt/c/Users/wu_li/OneDrive/Desktop/Airflow_pract/venv/lib/python3.9/site-packages/airflow/example_dags/example_external_task_marker_dag.py
[2025-04-20T20:23:21.667+0800] {processor.py:925} INFO - DAG(s) 'example_external_task_marker_child', 'example_external_task_marker_parent' retrieved from /mnt/c/Users/wu_li/OneDrive/Desktop/Airflow_pract/venv/lib/python3.9/site-packages/airflow/example_dags/example_external_task_marker_dag.py
[2025-04-20T20:23:21.719+0800] {logging_mixin.py:190} INFO - [2025-04-20T20:23:21.717+0800] {dag.py:3239} INFO - Sync 2 DAGs
[2025-04-20T20:23:21.750+0800] {logging_mixin.py:190} INFO - [2025-04-20T20:23:21.748+0800] {dag.py:4180} INFO - Setting next_dagrun for example_external_task_marker_child to None, run_after=None
[2025-04-20T20:23:21.766+0800] {logging_mixin.py:190} INFO - [2025-04-20T20:23:21.765+0800] {dag.py:4180} INFO - Setting next_dagrun for example_external_task_marker_parent to None, run_after=None
[2025-04-20T20:23:21.874+0800] {processor.py:208} INFO - Processing /mnt/c/Users/wu_li/OneDrive/Desktop/Airflow_pract/venv/lib/python3.9/site-packages/airflow/example_dags/example_external_task_marker_dag.py took 0.331 seconds
[2025-04-20T20:25:19.213+0800] {processor.py:186} INFO - Started process (PID=72274) to work on /mnt/c/Users/wu_li/OneDrive/Desktop/Airflow_pract/venv/lib/python3.9/site-packages/airflow/example_dags/example_external_task_marker_dag.py
[2025-04-20T20:25:19.217+0800] {processor.py:914} INFO - Processing file /mnt/c/Users/wu_li/OneDrive/Desktop/Airflow_pract/venv/lib/python3.9/site-packages/airflow/example_dags/example_external_task_marker_dag.py for tasks to queue
[2025-04-20T20:25:19.223+0800] {logging_mixin.py:190} INFO - [2025-04-20T20:25:19.222+0800] {dagbag.py:588} INFO - Filling up the DagBag from /mnt/c/Users/wu_li/OneDrive/Desktop/Airflow_pract/venv/lib/python3.9/site-packages/airflow/example_dags/example_external_task_marker_dag.py
[2025-04-20T20:25:19.419+0800] {processor.py:925} INFO - DAG(s) 'example_external_task_marker_parent', 'example_external_task_marker_child' retrieved from /mnt/c/Users/wu_li/OneDrive/Desktop/Airflow_pract/venv/lib/python3.9/site-packages/airflow/example_dags/example_external_task_marker_dag.py
[2025-04-20T20:25:19.485+0800] {logging_mixin.py:190} INFO - [2025-04-20T20:25:19.483+0800] {dag.py:3239} INFO - Sync 2 DAGs
[2025-04-20T20:25:19.521+0800] {logging_mixin.py:190} INFO - [2025-04-20T20:25:19.517+0800] {dag.py:4180} INFO - Setting next_dagrun for example_external_task_marker_child to None, run_after=None
[2025-04-20T20:25:19.543+0800] {logging_mixin.py:190} INFO - [2025-04-20T20:25:19.541+0800] {dag.py:4180} INFO - Setting next_dagrun for example_external_task_marker_parent to None, run_after=None
[2025-04-20T20:25:19.653+0800] {processor.py:208} INFO - Processing /mnt/c/Users/wu_li/OneDrive/Desktop/Airflow_pract/venv/lib/python3.9/site-packages/airflow/example_dags/example_external_task_marker_dag.py took 0.467 seconds
[2025-04-20T20:27:16.213+0800] {processor.py:186} INFO - Started process (PID=73480) to work on /mnt/c/Users/wu_li/OneDrive/Desktop/Airflow_pract/venv/lib/python3.9/site-packages/airflow/example_dags/example_external_task_marker_dag.py
[2025-04-20T20:27:16.216+0800] {processor.py:914} INFO - Processing file /mnt/c/Users/wu_li/OneDrive/Desktop/Airflow_pract/venv/lib/python3.9/site-packages/airflow/example_dags/example_external_task_marker_dag.py for tasks to queue
[2025-04-20T20:27:16.222+0800] {logging_mixin.py:190} INFO - [2025-04-20T20:27:16.220+0800] {dagbag.py:588} INFO - Filling up the DagBag from /mnt/c/Users/wu_li/OneDrive/Desktop/Airflow_pract/venv/lib/python3.9/site-packages/airflow/example_dags/example_external_task_marker_dag.py
[2025-04-20T20:27:16.334+0800] {processor.py:925} INFO - DAG(s) 'example_external_task_marker_parent', 'example_external_task_marker_child' retrieved from /mnt/c/Users/wu_li/OneDrive/Desktop/Airflow_pract/venv/lib/python3.9/site-packages/airflow/example_dags/example_external_task_marker_dag.py
[2025-04-20T20:27:16.422+0800] {logging_mixin.py:190} INFO - [2025-04-20T20:27:16.420+0800] {dag.py:3239} INFO - Sync 2 DAGs
[2025-04-20T20:27:16.456+0800] {logging_mixin.py:190} INFO - [2025-04-20T20:27:16.452+0800] {dag.py:4180} INFO - Setting next_dagrun for example_external_task_marker_child to None, run_after=None
[2025-04-20T20:27:16.467+0800] {logging_mixin.py:190} INFO - [2025-04-20T20:27:16.465+0800] {dag.py:4180} INFO - Setting next_dagrun for example_external_task_marker_parent to None, run_after=None
[2025-04-20T20:27:16.578+0800] {processor.py:208} INFO - Processing /mnt/c/Users/wu_li/OneDrive/Desktop/Airflow_pract/venv/lib/python3.9/site-packages/airflow/example_dags/example_external_task_marker_dag.py took 0.383 seconds
[2025-04-20T20:36:53.997+0800] {processor.py:186} INFO - Started process (PID=77339) to work on /mnt/c/Users/wu_li/OneDrive/Desktop/Airflow_pract/venv/lib/python3.9/site-packages/airflow/example_dags/example_external_task_marker_dag.py
[2025-04-20T20:36:53.998+0800] {processor.py:914} INFO - Processing file /mnt/c/Users/wu_li/OneDrive/Desktop/Airflow_pract/venv/lib/python3.9/site-packages/airflow/example_dags/example_external_task_marker_dag.py for tasks to queue
[2025-04-20T20:36:54.001+0800] {logging_mixin.py:190} INFO - [2025-04-20T20:36:54.000+0800] {dagbag.py:588} INFO - Filling up the DagBag from /mnt/c/Users/wu_li/OneDrive/Desktop/Airflow_pract/venv/lib/python3.9/site-packages/airflow/example_dags/example_external_task_marker_dag.py
[2025-04-20T20:36:54.028+0800] {processor.py:925} INFO - DAG(s) 'example_external_task_marker_parent', 'example_external_task_marker_child' retrieved from /mnt/c/Users/wu_li/OneDrive/Desktop/Airflow_pract/venv/lib/python3.9/site-packages/airflow/example_dags/example_external_task_marker_dag.py
[2025-04-20T20:36:54.065+0800] {logging_mixin.py:190} INFO - [2025-04-20T20:36:54.064+0800] {dag.py:3239} INFO - Sync 2 DAGs
[2025-04-20T20:36:54.084+0800] {logging_mixin.py:190} INFO - [2025-04-20T20:36:54.083+0800] {dag.py:4180} INFO - Setting next_dagrun for example_external_task_marker_child to None, run_after=None
[2025-04-20T20:36:54.089+0800] {logging_mixin.py:190} INFO - [2025-04-20T20:36:54.088+0800] {dag.py:4180} INFO - Setting next_dagrun for example_external_task_marker_parent to None, run_after=None
[2025-04-20T20:36:54.154+0800] {processor.py:208} INFO - Processing /mnt/c/Users/wu_li/OneDrive/Desktop/Airflow_pract/venv/lib/python3.9/site-packages/airflow/example_dags/example_external_task_marker_dag.py took 0.170 seconds
[2025-04-20T20:38:31.577+0800] {processor.py:186} INFO - Started process (PID=78355) to work on /mnt/c/Users/wu_li/OneDrive/Desktop/Airflow_pract/venv/lib/python3.9/site-packages/airflow/example_dags/example_external_task_marker_dag.py
[2025-04-20T20:38:31.578+0800] {processor.py:914} INFO - Processing file /mnt/c/Users/wu_li/OneDrive/Desktop/Airflow_pract/venv/lib/python3.9/site-packages/airflow/example_dags/example_external_task_marker_dag.py for tasks to queue
[2025-04-20T20:38:31.581+0800] {logging_mixin.py:190} INFO - [2025-04-20T20:38:31.580+0800] {dagbag.py:588} INFO - Filling up the DagBag from /mnt/c/Users/wu_li/OneDrive/Desktop/Airflow_pract/venv/lib/python3.9/site-packages/airflow/example_dags/example_external_task_marker_dag.py
[2025-04-20T20:38:31.602+0800] {processor.py:925} INFO - DAG(s) 'example_external_task_marker_parent', 'example_external_task_marker_child' retrieved from /mnt/c/Users/wu_li/OneDrive/Desktop/Airflow_pract/venv/lib/python3.9/site-packages/airflow/example_dags/example_external_task_marker_dag.py
[2025-04-20T20:38:31.631+0800] {logging_mixin.py:190} INFO - [2025-04-20T20:38:31.631+0800] {dag.py:3239} INFO - Sync 2 DAGs
[2025-04-20T20:38:31.645+0800] {logging_mixin.py:190} INFO - [2025-04-20T20:38:31.644+0800] {dag.py:4180} INFO - Setting next_dagrun for example_external_task_marker_child to None, run_after=None
[2025-04-20T20:38:31.650+0800] {logging_mixin.py:190} INFO - [2025-04-20T20:38:31.649+0800] {dag.py:4180} INFO - Setting next_dagrun for example_external_task_marker_parent to None, run_after=None
[2025-04-20T20:38:31.701+0800] {processor.py:208} INFO - Processing /mnt/c/Users/wu_li/OneDrive/Desktop/Airflow_pract/venv/lib/python3.9/site-packages/airflow/example_dags/example_external_task_marker_dag.py took 0.136 seconds
[2025-04-20T20:40:00.143+0800] {processor.py:186} INFO - Started process (PID=79502) to work on /mnt/c/Users/wu_li/OneDrive/Desktop/Airflow_pract/venv/lib/python3.9/site-packages/airflow/example_dags/example_external_task_marker_dag.py
[2025-04-20T20:40:00.146+0800] {processor.py:914} INFO - Processing file /mnt/c/Users/wu_li/OneDrive/Desktop/Airflow_pract/venv/lib/python3.9/site-packages/airflow/example_dags/example_external_task_marker_dag.py for tasks to queue
[2025-04-20T20:40:00.150+0800] {logging_mixin.py:190} INFO - [2025-04-20T20:40:00.148+0800] {dagbag.py:588} INFO - Filling up the DagBag from /mnt/c/Users/wu_li/OneDrive/Desktop/Airflow_pract/venv/lib/python3.9/site-packages/airflow/example_dags/example_external_task_marker_dag.py
[2025-04-20T20:40:00.193+0800] {processor.py:925} INFO - DAG(s) 'example_external_task_marker_parent', 'example_external_task_marker_child' retrieved from /mnt/c/Users/wu_li/OneDrive/Desktop/Airflow_pract/venv/lib/python3.9/site-packages/airflow/example_dags/example_external_task_marker_dag.py
[2025-04-20T20:40:00.302+0800] {logging_mixin.py:190} INFO - [2025-04-20T20:40:00.300+0800] {dag.py:3239} INFO - Sync 2 DAGs
[2025-04-20T20:40:00.345+0800] {logging_mixin.py:190} INFO - [2025-04-20T20:40:00.342+0800] {dag.py:4180} INFO - Setting next_dagrun for example_external_task_marker_child to None, run_after=None
[2025-04-20T20:40:00.361+0800] {logging_mixin.py:190} INFO - [2025-04-20T20:40:00.359+0800] {dag.py:4180} INFO - Setting next_dagrun for example_external_task_marker_parent to None, run_after=None
[2025-04-20T20:40:00.480+0800] {processor.py:208} INFO - Processing /mnt/c/Users/wu_li/OneDrive/Desktop/Airflow_pract/venv/lib/python3.9/site-packages/airflow/example_dags/example_external_task_marker_dag.py took 0.365 seconds
[2025-04-20T20:41:31.229+0800] {processor.py:186} INFO - Started process (PID=80140) to work on /mnt/c/Users/wu_li/OneDrive/Desktop/Airflow_pract/venv/lib/python3.9/site-packages/airflow/example_dags/example_external_task_marker_dag.py
[2025-04-20T20:41:31.230+0800] {processor.py:914} INFO - Processing file /mnt/c/Users/wu_li/OneDrive/Desktop/Airflow_pract/venv/lib/python3.9/site-packages/airflow/example_dags/example_external_task_marker_dag.py for tasks to queue
[2025-04-20T20:41:31.236+0800] {logging_mixin.py:190} INFO - [2025-04-20T20:41:31.235+0800] {dagbag.py:588} INFO - Filling up the DagBag from /mnt/c/Users/wu_li/OneDrive/Desktop/Airflow_pract/venv/lib/python3.9/site-packages/airflow/example_dags/example_external_task_marker_dag.py
[2025-04-20T20:41:31.258+0800] {processor.py:925} INFO - DAG(s) 'example_external_task_marker_child', 'example_external_task_marker_parent' retrieved from /mnt/c/Users/wu_li/OneDrive/Desktop/Airflow_pract/venv/lib/python3.9/site-packages/airflow/example_dags/example_external_task_marker_dag.py
[2025-04-20T20:41:31.294+0800] {logging_mixin.py:190} INFO - [2025-04-20T20:41:31.294+0800] {dag.py:3239} INFO - Sync 2 DAGs
[2025-04-20T20:41:31.309+0800] {logging_mixin.py:190} INFO - [2025-04-20T20:41:31.308+0800] {dag.py:4180} INFO - Setting next_dagrun for example_external_task_marker_child to None, run_after=None
[2025-04-20T20:41:31.319+0800] {logging_mixin.py:190} INFO - [2025-04-20T20:41:31.315+0800] {dag.py:4180} INFO - Setting next_dagrun for example_external_task_marker_parent to None, run_after=None
[2025-04-20T20:41:31.391+0800] {processor.py:208} INFO - Processing /mnt/c/Users/wu_li/OneDrive/Desktop/Airflow_pract/venv/lib/python3.9/site-packages/airflow/example_dags/example_external_task_marker_dag.py took 0.178 seconds
[2025-04-20T20:43:18.054+0800] {processor.py:186} INFO - Started process (PID=81154) to work on /mnt/c/Users/wu_li/OneDrive/Desktop/Airflow_pract/venv/lib/python3.9/site-packages/airflow/example_dags/example_external_task_marker_dag.py
[2025-04-20T20:43:18.058+0800] {processor.py:914} INFO - Processing file /mnt/c/Users/wu_li/OneDrive/Desktop/Airflow_pract/venv/lib/python3.9/site-packages/airflow/example_dags/example_external_task_marker_dag.py for tasks to queue
[2025-04-20T20:43:18.062+0800] {logging_mixin.py:190} INFO - [2025-04-20T20:43:18.060+0800] {dagbag.py:588} INFO - Filling up the DagBag from /mnt/c/Users/wu_li/OneDrive/Desktop/Airflow_pract/venv/lib/python3.9/site-packages/airflow/example_dags/example_external_task_marker_dag.py
[2025-04-20T20:43:18.092+0800] {processor.py:925} INFO - DAG(s) 'example_external_task_marker_child', 'example_external_task_marker_parent' retrieved from /mnt/c/Users/wu_li/OneDrive/Desktop/Airflow_pract/venv/lib/python3.9/site-packages/airflow/example_dags/example_external_task_marker_dag.py
[2025-04-20T20:43:18.145+0800] {logging_mixin.py:190} INFO - [2025-04-20T20:43:18.144+0800] {dag.py:3239} INFO - Sync 2 DAGs
[2025-04-20T20:43:18.188+0800] {logging_mixin.py:190} INFO - [2025-04-20T20:43:18.186+0800] {dag.py:4180} INFO - Setting next_dagrun for example_external_task_marker_child to None, run_after=None
[2025-04-20T20:43:18.198+0800] {logging_mixin.py:190} INFO - [2025-04-20T20:43:18.197+0800] {dag.py:4180} INFO - Setting next_dagrun for example_external_task_marker_parent to None, run_after=None
[2025-04-20T20:43:18.292+0800] {processor.py:208} INFO - Processing /mnt/c/Users/wu_li/OneDrive/Desktop/Airflow_pract/venv/lib/python3.9/site-packages/airflow/example_dags/example_external_task_marker_dag.py took 0.257 seconds
[2025-04-20T20:44:53.414+0800] {processor.py:186} INFO - Started process (PID=82021) to work on /mnt/c/Users/wu_li/OneDrive/Desktop/Airflow_pract/venv/lib/python3.9/site-packages/airflow/example_dags/example_external_task_marker_dag.py
[2025-04-20T20:44:53.415+0800] {processor.py:914} INFO - Processing file /mnt/c/Users/wu_li/OneDrive/Desktop/Airflow_pract/venv/lib/python3.9/site-packages/airflow/example_dags/example_external_task_marker_dag.py for tasks to queue
[2025-04-20T20:44:53.423+0800] {logging_mixin.py:190} INFO - [2025-04-20T20:44:53.421+0800] {dagbag.py:588} INFO - Filling up the DagBag from /mnt/c/Users/wu_li/OneDrive/Desktop/Airflow_pract/venv/lib/python3.9/site-packages/airflow/example_dags/example_external_task_marker_dag.py
[2025-04-20T20:44:53.444+0800] {processor.py:925} INFO - DAG(s) 'example_external_task_marker_parent', 'example_external_task_marker_child' retrieved from /mnt/c/Users/wu_li/OneDrive/Desktop/Airflow_pract/venv/lib/python3.9/site-packages/airflow/example_dags/example_external_task_marker_dag.py
[2025-04-20T20:44:53.480+0800] {logging_mixin.py:190} INFO - [2025-04-20T20:44:53.479+0800] {dag.py:3239} INFO - Sync 2 DAGs
[2025-04-20T20:44:53.496+0800] {logging_mixin.py:190} INFO - [2025-04-20T20:44:53.495+0800] {dag.py:4180} INFO - Setting next_dagrun for example_external_task_marker_child to None, run_after=None
[2025-04-20T20:44:53.501+0800] {logging_mixin.py:190} INFO - [2025-04-20T20:44:53.500+0800] {dag.py:4180} INFO - Setting next_dagrun for example_external_task_marker_parent to None, run_after=None
[2025-04-20T20:44:53.564+0800] {processor.py:208} INFO - Processing /mnt/c/Users/wu_li/OneDrive/Desktop/Airflow_pract/venv/lib/python3.9/site-packages/airflow/example_dags/example_external_task_marker_dag.py took 0.161 seconds
[2025-04-20T20:46:44.437+0800] {processor.py:186} INFO - Started process (PID=82887) to work on /mnt/c/Users/wu_li/OneDrive/Desktop/Airflow_pract/venv/lib/python3.9/site-packages/airflow/example_dags/example_external_task_marker_dag.py
[2025-04-20T20:46:44.439+0800] {processor.py:914} INFO - Processing file /mnt/c/Users/wu_li/OneDrive/Desktop/Airflow_pract/venv/lib/python3.9/site-packages/airflow/example_dags/example_external_task_marker_dag.py for tasks to queue
[2025-04-20T20:46:44.444+0800] {logging_mixin.py:190} INFO - [2025-04-20T20:46:44.442+0800] {dagbag.py:588} INFO - Filling up the DagBag from /mnt/c/Users/wu_li/OneDrive/Desktop/Airflow_pract/venv/lib/python3.9/site-packages/airflow/example_dags/example_external_task_marker_dag.py
[2025-04-20T20:46:44.485+0800] {processor.py:925} INFO - DAG(s) 'example_external_task_marker_parent', 'example_external_task_marker_child' retrieved from /mnt/c/Users/wu_li/OneDrive/Desktop/Airflow_pract/venv/lib/python3.9/site-packages/airflow/example_dags/example_external_task_marker_dag.py
[2025-04-20T20:46:44.560+0800] {logging_mixin.py:190} INFO - [2025-04-20T20:46:44.559+0800] {dag.py:3239} INFO - Sync 2 DAGs
[2025-04-20T20:46:44.612+0800] {logging_mixin.py:190} INFO - [2025-04-20T20:46:44.610+0800] {dag.py:4180} INFO - Setting next_dagrun for example_external_task_marker_child to None, run_after=None
[2025-04-20T20:46:44.624+0800] {logging_mixin.py:190} INFO - [2025-04-20T20:46:44.623+0800] {dag.py:4180} INFO - Setting next_dagrun for example_external_task_marker_parent to None, run_after=None
[2025-04-20T20:46:44.747+0800] {processor.py:208} INFO - Processing /mnt/c/Users/wu_li/OneDrive/Desktop/Airflow_pract/venv/lib/python3.9/site-packages/airflow/example_dags/example_external_task_marker_dag.py took 0.332 seconds
[2025-04-20T20:48:27.790+0800] {processor.py:186} INFO - Started process (PID=83901) to work on /mnt/c/Users/wu_li/OneDrive/Desktop/Airflow_pract/venv/lib/python3.9/site-packages/airflow/example_dags/example_external_task_marker_dag.py
[2025-04-20T20:48:27.792+0800] {processor.py:914} INFO - Processing file /mnt/c/Users/wu_li/OneDrive/Desktop/Airflow_pract/venv/lib/python3.9/site-packages/airflow/example_dags/example_external_task_marker_dag.py for tasks to queue
[2025-04-20T20:48:27.796+0800] {logging_mixin.py:190} INFO - [2025-04-20T20:48:27.794+0800] {dagbag.py:588} INFO - Filling up the DagBag from /mnt/c/Users/wu_li/OneDrive/Desktop/Airflow_pract/venv/lib/python3.9/site-packages/airflow/example_dags/example_external_task_marker_dag.py
[2025-04-20T20:48:27.826+0800] {processor.py:925} INFO - DAG(s) 'example_external_task_marker_parent', 'example_external_task_marker_child' retrieved from /mnt/c/Users/wu_li/OneDrive/Desktop/Airflow_pract/venv/lib/python3.9/site-packages/airflow/example_dags/example_external_task_marker_dag.py
[2025-04-20T20:48:27.892+0800] {logging_mixin.py:190} INFO - [2025-04-20T20:48:27.891+0800] {dag.py:3239} INFO - Sync 2 DAGs
[2025-04-20T20:48:27.943+0800] {logging_mixin.py:190} INFO - [2025-04-20T20:48:27.940+0800] {dag.py:4180} INFO - Setting next_dagrun for example_external_task_marker_child to None, run_after=None
[2025-04-20T20:48:27.963+0800] {logging_mixin.py:190} INFO - [2025-04-20T20:48:27.961+0800] {dag.py:4180} INFO - Setting next_dagrun for example_external_task_marker_parent to None, run_after=None
[2025-04-20T20:48:28.062+0800] {processor.py:208} INFO - Processing /mnt/c/Users/wu_li/OneDrive/Desktop/Airflow_pract/venv/lib/python3.9/site-packages/airflow/example_dags/example_external_task_marker_dag.py took 0.294 seconds
[2025-04-20T20:50:22.014+0800] {processor.py:186} INFO - Started process (PID=84700) to work on /mnt/c/Users/wu_li/OneDrive/Desktop/Airflow_pract/venv/lib/python3.9/site-packages/airflow/example_dags/example_external_task_marker_dag.py
[2025-04-20T20:50:22.016+0800] {processor.py:914} INFO - Processing file /mnt/c/Users/wu_li/OneDrive/Desktop/Airflow_pract/venv/lib/python3.9/site-packages/airflow/example_dags/example_external_task_marker_dag.py for tasks to queue
[2025-04-20T20:50:22.018+0800] {logging_mixin.py:190} INFO - [2025-04-20T20:50:22.018+0800] {dagbag.py:588} INFO - Filling up the DagBag from /mnt/c/Users/wu_li/OneDrive/Desktop/Airflow_pract/venv/lib/python3.9/site-packages/airflow/example_dags/example_external_task_marker_dag.py
[2025-04-20T20:50:22.044+0800] {processor.py:925} INFO - DAG(s) 'example_external_task_marker_parent', 'example_external_task_marker_child' retrieved from /mnt/c/Users/wu_li/OneDrive/Desktop/Airflow_pract/venv/lib/python3.9/site-packages/airflow/example_dags/example_external_task_marker_dag.py
[2025-04-20T20:50:22.082+0800] {logging_mixin.py:190} INFO - [2025-04-20T20:50:22.081+0800] {dag.py:3239} INFO - Sync 2 DAGs
[2025-04-20T20:50:22.100+0800] {logging_mixin.py:190} INFO - [2025-04-20T20:50:22.099+0800] {dag.py:4180} INFO - Setting next_dagrun for example_external_task_marker_child to None, run_after=None
[2025-04-20T20:50:22.106+0800] {logging_mixin.py:190} INFO - [2025-04-20T20:50:22.105+0800] {dag.py:4180} INFO - Setting next_dagrun for example_external_task_marker_parent to None, run_after=None
[2025-04-20T20:50:22.176+0800] {processor.py:208} INFO - Processing /mnt/c/Users/wu_li/OneDrive/Desktop/Airflow_pract/venv/lib/python3.9/site-packages/airflow/example_dags/example_external_task_marker_dag.py took 0.176 seconds
[2025-04-20T20:52:20.280+0800] {processor.py:186} INFO - Started process (PID=85568) to work on /mnt/c/Users/wu_li/OneDrive/Desktop/Airflow_pract/venv/lib/python3.9/site-packages/airflow/example_dags/example_external_task_marker_dag.py
[2025-04-20T20:52:20.283+0800] {processor.py:914} INFO - Processing file /mnt/c/Users/wu_li/OneDrive/Desktop/Airflow_pract/venv/lib/python3.9/site-packages/airflow/example_dags/example_external_task_marker_dag.py for tasks to queue
[2025-04-20T20:52:20.295+0800] {logging_mixin.py:190} INFO - [2025-04-20T20:52:20.292+0800] {dagbag.py:588} INFO - Filling up the DagBag from /mnt/c/Users/wu_li/OneDrive/Desktop/Airflow_pract/venv/lib/python3.9/site-packages/airflow/example_dags/example_external_task_marker_dag.py
[2025-04-20T20:52:20.352+0800] {processor.py:925} INFO - DAG(s) 'example_external_task_marker_parent', 'example_external_task_marker_child' retrieved from /mnt/c/Users/wu_li/OneDrive/Desktop/Airflow_pract/venv/lib/python3.9/site-packages/airflow/example_dags/example_external_task_marker_dag.py
[2025-04-20T20:52:20.441+0800] {logging_mixin.py:190} INFO - [2025-04-20T20:52:20.439+0800] {dag.py:3239} INFO - Sync 2 DAGs
[2025-04-20T20:52:20.509+0800] {logging_mixin.py:190} INFO - [2025-04-20T20:52:20.506+0800] {dag.py:4180} INFO - Setting next_dagrun for example_external_task_marker_child to None, run_after=None
[2025-04-20T20:52:20.526+0800] {logging_mixin.py:190} INFO - [2025-04-20T20:52:20.524+0800] {dag.py:4180} INFO - Setting next_dagrun for example_external_task_marker_parent to None, run_after=None
[2025-04-20T20:52:20.661+0800] {processor.py:208} INFO - Processing /mnt/c/Users/wu_li/OneDrive/Desktop/Airflow_pract/venv/lib/python3.9/site-packages/airflow/example_dags/example_external_task_marker_dag.py took 0.408 seconds
[2025-04-20T20:53:56.797+0800] {processor.py:186} INFO - Started process (PID=86695) to work on /mnt/c/Users/wu_li/OneDrive/Desktop/Airflow_pract/venv/lib/python3.9/site-packages/airflow/example_dags/example_external_task_marker_dag.py
[2025-04-20T20:53:56.799+0800] {processor.py:914} INFO - Processing file /mnt/c/Users/wu_li/OneDrive/Desktop/Airflow_pract/venv/lib/python3.9/site-packages/airflow/example_dags/example_external_task_marker_dag.py for tasks to queue
[2025-04-20T20:53:56.801+0800] {logging_mixin.py:190} INFO - [2025-04-20T20:53:56.800+0800] {dagbag.py:588} INFO - Filling up the DagBag from /mnt/c/Users/wu_li/OneDrive/Desktop/Airflow_pract/venv/lib/python3.9/site-packages/airflow/example_dags/example_external_task_marker_dag.py
[2025-04-20T20:53:56.822+0800] {processor.py:925} INFO - DAG(s) 'example_external_task_marker_parent', 'example_external_task_marker_child' retrieved from /mnt/c/Users/wu_li/OneDrive/Desktop/Airflow_pract/venv/lib/python3.9/site-packages/airflow/example_dags/example_external_task_marker_dag.py
[2025-04-20T20:53:56.853+0800] {logging_mixin.py:190} INFO - [2025-04-20T20:53:56.852+0800] {dag.py:3239} INFO - Sync 2 DAGs
[2025-04-20T20:53:56.868+0800] {logging_mixin.py:190} INFO - [2025-04-20T20:53:56.867+0800] {dag.py:4180} INFO - Setting next_dagrun for example_external_task_marker_child to None, run_after=None
[2025-04-20T20:53:56.874+0800] {logging_mixin.py:190} INFO - [2025-04-20T20:53:56.873+0800] {dag.py:4180} INFO - Setting next_dagrun for example_external_task_marker_parent to None, run_after=None
[2025-04-20T20:53:56.925+0800] {processor.py:208} INFO - Processing /mnt/c/Users/wu_li/OneDrive/Desktop/Airflow_pract/venv/lib/python3.9/site-packages/airflow/example_dags/example_external_task_marker_dag.py took 0.140 seconds
[2025-04-20T20:55:23.621+0800] {processor.py:186} INFO - Started process (PID=87515) to work on /mnt/c/Users/wu_li/OneDrive/Desktop/Airflow_pract/venv/lib/python3.9/site-packages/airflow/example_dags/example_external_task_marker_dag.py
[2025-04-20T20:55:23.622+0800] {processor.py:914} INFO - Processing file /mnt/c/Users/wu_li/OneDrive/Desktop/Airflow_pract/venv/lib/python3.9/site-packages/airflow/example_dags/example_external_task_marker_dag.py for tasks to queue
[2025-04-20T20:55:23.625+0800] {logging_mixin.py:190} INFO - [2025-04-20T20:55:23.624+0800] {dagbag.py:588} INFO - Filling up the DagBag from /mnt/c/Users/wu_li/OneDrive/Desktop/Airflow_pract/venv/lib/python3.9/site-packages/airflow/example_dags/example_external_task_marker_dag.py
[2025-04-20T20:55:23.646+0800] {processor.py:925} INFO - DAG(s) 'example_external_task_marker_parent', 'example_external_task_marker_child' retrieved from /mnt/c/Users/wu_li/OneDrive/Desktop/Airflow_pract/venv/lib/python3.9/site-packages/airflow/example_dags/example_external_task_marker_dag.py
[2025-04-20T20:55:23.678+0800] {logging_mixin.py:190} INFO - [2025-04-20T20:55:23.677+0800] {dag.py:3239} INFO - Sync 2 DAGs
[2025-04-20T20:55:23.693+0800] {logging_mixin.py:190} INFO - [2025-04-20T20:55:23.692+0800] {dag.py:4180} INFO - Setting next_dagrun for example_external_task_marker_child to None, run_after=None
[2025-04-20T20:55:23.700+0800] {logging_mixin.py:190} INFO - [2025-04-20T20:55:23.699+0800] {dag.py:4180} INFO - Setting next_dagrun for example_external_task_marker_parent to None, run_after=None
[2025-04-20T20:55:23.748+0800] {processor.py:208} INFO - Processing /mnt/c/Users/wu_li/OneDrive/Desktop/Airflow_pract/venv/lib/python3.9/site-packages/airflow/example_dags/example_external_task_marker_dag.py took 0.138 seconds
[2025-04-20T20:56:54.582+0800] {processor.py:186} INFO - Started process (PID=88593) to work on /mnt/c/Users/wu_li/OneDrive/Desktop/Airflow_pract/venv/lib/python3.9/site-packages/airflow/example_dags/example_external_task_marker_dag.py
[2025-04-20T20:56:54.584+0800] {processor.py:914} INFO - Processing file /mnt/c/Users/wu_li/OneDrive/Desktop/Airflow_pract/venv/lib/python3.9/site-packages/airflow/example_dags/example_external_task_marker_dag.py for tasks to queue
[2025-04-20T20:56:54.590+0800] {logging_mixin.py:190} INFO - [2025-04-20T20:56:54.588+0800] {dagbag.py:588} INFO - Filling up the DagBag from /mnt/c/Users/wu_li/OneDrive/Desktop/Airflow_pract/venv/lib/python3.9/site-packages/airflow/example_dags/example_external_task_marker_dag.py
[2025-04-20T20:56:54.622+0800] {processor.py:925} INFO - DAG(s) 'example_external_task_marker_parent', 'example_external_task_marker_child' retrieved from /mnt/c/Users/wu_li/OneDrive/Desktop/Airflow_pract/venv/lib/python3.9/site-packages/airflow/example_dags/example_external_task_marker_dag.py
[2025-04-20T20:56:54.675+0800] {logging_mixin.py:190} INFO - [2025-04-20T20:56:54.674+0800] {dag.py:3239} INFO - Sync 2 DAGs
[2025-04-20T20:56:54.743+0800] {logging_mixin.py:190} INFO - [2025-04-20T20:56:54.736+0800] {dag.py:4180} INFO - Setting next_dagrun for example_external_task_marker_child to None, run_after=None
[2025-04-20T20:56:54.751+0800] {logging_mixin.py:190} INFO - [2025-04-20T20:56:54.750+0800] {dag.py:4180} INFO - Setting next_dagrun for example_external_task_marker_parent to None, run_after=None
[2025-04-20T20:56:54.842+0800] {processor.py:208} INFO - Processing /mnt/c/Users/wu_li/OneDrive/Desktop/Airflow_pract/venv/lib/python3.9/site-packages/airflow/example_dags/example_external_task_marker_dag.py took 0.279 seconds
[2025-04-20T20:58:23.984+0800] {processor.py:186} INFO - Started process (PID=89606) to work on /mnt/c/Users/wu_li/OneDrive/Desktop/Airflow_pract/venv/lib/python3.9/site-packages/airflow/example_dags/example_external_task_marker_dag.py
[2025-04-20T20:58:23.985+0800] {processor.py:914} INFO - Processing file /mnt/c/Users/wu_li/OneDrive/Desktop/Airflow_pract/venv/lib/python3.9/site-packages/airflow/example_dags/example_external_task_marker_dag.py for tasks to queue
[2025-04-20T20:58:23.988+0800] {logging_mixin.py:190} INFO - [2025-04-20T20:58:23.987+0800] {dagbag.py:588} INFO - Filling up the DagBag from /mnt/c/Users/wu_li/OneDrive/Desktop/Airflow_pract/venv/lib/python3.9/site-packages/airflow/example_dags/example_external_task_marker_dag.py
[2025-04-20T20:58:24.007+0800] {processor.py:925} INFO - DAG(s) 'example_external_task_marker_parent', 'example_external_task_marker_child' retrieved from /mnt/c/Users/wu_li/OneDrive/Desktop/Airflow_pract/venv/lib/python3.9/site-packages/airflow/example_dags/example_external_task_marker_dag.py
[2025-04-20T20:58:24.035+0800] {logging_mixin.py:190} INFO - [2025-04-20T20:58:24.034+0800] {dag.py:3239} INFO - Sync 2 DAGs
[2025-04-20T20:58:24.048+0800] {logging_mixin.py:190} INFO - [2025-04-20T20:58:24.047+0800] {dag.py:4180} INFO - Setting next_dagrun for example_external_task_marker_child to None, run_after=None
[2025-04-20T20:58:24.053+0800] {logging_mixin.py:190} INFO - [2025-04-20T20:58:24.052+0800] {dag.py:4180} INFO - Setting next_dagrun for example_external_task_marker_parent to None, run_after=None
[2025-04-20T20:58:24.103+0800] {processor.py:208} INFO - Processing /mnt/c/Users/wu_li/OneDrive/Desktop/Airflow_pract/venv/lib/python3.9/site-packages/airflow/example_dags/example_external_task_marker_dag.py took 0.128 seconds
[2025-04-20T20:59:52.829+0800] {processor.py:186} INFO - Started process (PID=90681) to work on /mnt/c/Users/wu_li/OneDrive/Desktop/Airflow_pract/venv/lib/python3.9/site-packages/airflow/example_dags/example_external_task_marker_dag.py
[2025-04-20T20:59:52.832+0800] {processor.py:914} INFO - Processing file /mnt/c/Users/wu_li/OneDrive/Desktop/Airflow_pract/venv/lib/python3.9/site-packages/airflow/example_dags/example_external_task_marker_dag.py for tasks to queue
[2025-04-20T20:59:52.836+0800] {logging_mixin.py:190} INFO - [2025-04-20T20:59:52.834+0800] {dagbag.py:588} INFO - Filling up the DagBag from /mnt/c/Users/wu_li/OneDrive/Desktop/Airflow_pract/venv/lib/python3.9/site-packages/airflow/example_dags/example_external_task_marker_dag.py
[2025-04-20T20:59:52.880+0800] {processor.py:925} INFO - DAG(s) 'example_external_task_marker_parent', 'example_external_task_marker_child' retrieved from /mnt/c/Users/wu_li/OneDrive/Desktop/Airflow_pract/venv/lib/python3.9/site-packages/airflow/example_dags/example_external_task_marker_dag.py
[2025-04-20T20:59:52.950+0800] {logging_mixin.py:190} INFO - [2025-04-20T20:59:52.948+0800] {dag.py:3239} INFO - Sync 2 DAGs
[2025-04-20T20:59:52.993+0800] {logging_mixin.py:190} INFO - [2025-04-20T20:59:52.991+0800] {dag.py:4180} INFO - Setting next_dagrun for example_external_task_marker_child to None, run_after=None
[2025-04-20T20:59:53.004+0800] {logging_mixin.py:190} INFO - [2025-04-20T20:59:53.003+0800] {dag.py:4180} INFO - Setting next_dagrun for example_external_task_marker_parent to None, run_after=None
[2025-04-20T20:59:53.091+0800] {processor.py:208} INFO - Processing /mnt/c/Users/wu_li/OneDrive/Desktop/Airflow_pract/venv/lib/python3.9/site-packages/airflow/example_dags/example_external_task_marker_dag.py took 0.284 seconds
[2025-04-20T21:01:23.408+0800] {processor.py:186} INFO - Started process (PID=91689) to work on /mnt/c/Users/wu_li/OneDrive/Desktop/Airflow_pract/venv/lib/python3.9/site-packages/airflow/example_dags/example_external_task_marker_dag.py
[2025-04-20T21:01:23.412+0800] {processor.py:914} INFO - Processing file /mnt/c/Users/wu_li/OneDrive/Desktop/Airflow_pract/venv/lib/python3.9/site-packages/airflow/example_dags/example_external_task_marker_dag.py for tasks to queue
[2025-04-20T21:01:23.416+0800] {logging_mixin.py:190} INFO - [2025-04-20T21:01:23.414+0800] {dagbag.py:588} INFO - Filling up the DagBag from /mnt/c/Users/wu_li/OneDrive/Desktop/Airflow_pract/venv/lib/python3.9/site-packages/airflow/example_dags/example_external_task_marker_dag.py
[2025-04-20T21:01:23.457+0800] {processor.py:925} INFO - DAG(s) 'example_external_task_marker_child', 'example_external_task_marker_parent' retrieved from /mnt/c/Users/wu_li/OneDrive/Desktop/Airflow_pract/venv/lib/python3.9/site-packages/airflow/example_dags/example_external_task_marker_dag.py
[2025-04-20T21:01:23.513+0800] {logging_mixin.py:190} INFO - [2025-04-20T21:01:23.512+0800] {dag.py:3239} INFO - Sync 2 DAGs
[2025-04-20T21:01:23.552+0800] {logging_mixin.py:190} INFO - [2025-04-20T21:01:23.550+0800] {dag.py:4180} INFO - Setting next_dagrun for example_external_task_marker_child to None, run_after=None
[2025-04-20T21:01:23.565+0800] {logging_mixin.py:190} INFO - [2025-04-20T21:01:23.562+0800] {dag.py:4180} INFO - Setting next_dagrun for example_external_task_marker_parent to None, run_after=None
[2025-04-20T21:01:23.649+0800] {processor.py:208} INFO - Processing /mnt/c/Users/wu_li/OneDrive/Desktop/Airflow_pract/venv/lib/python3.9/site-packages/airflow/example_dags/example_external_task_marker_dag.py took 0.271 seconds
[2025-04-20T21:02:51.503+0800] {processor.py:186} INFO - Started process (PID=92697) to work on /mnt/c/Users/wu_li/OneDrive/Desktop/Airflow_pract/venv/lib/python3.9/site-packages/airflow/example_dags/example_external_task_marker_dag.py
[2025-04-20T21:02:51.505+0800] {processor.py:914} INFO - Processing file /mnt/c/Users/wu_li/OneDrive/Desktop/Airflow_pract/venv/lib/python3.9/site-packages/airflow/example_dags/example_external_task_marker_dag.py for tasks to queue
[2025-04-20T21:02:51.509+0800] {logging_mixin.py:190} INFO - [2025-04-20T21:02:51.508+0800] {dagbag.py:588} INFO - Filling up the DagBag from /mnt/c/Users/wu_li/OneDrive/Desktop/Airflow_pract/venv/lib/python3.9/site-packages/airflow/example_dags/example_external_task_marker_dag.py
[2025-04-20T21:02:51.544+0800] {processor.py:925} INFO - DAG(s) 'example_external_task_marker_child', 'example_external_task_marker_parent' retrieved from /mnt/c/Users/wu_li/OneDrive/Desktop/Airflow_pract/venv/lib/python3.9/site-packages/airflow/example_dags/example_external_task_marker_dag.py
[2025-04-20T21:02:51.603+0800] {logging_mixin.py:190} INFO - [2025-04-20T21:02:51.601+0800] {dag.py:3239} INFO - Sync 2 DAGs
[2025-04-20T21:02:51.640+0800] {logging_mixin.py:190} INFO - [2025-04-20T21:02:51.638+0800] {dag.py:4180} INFO - Setting next_dagrun for example_external_task_marker_child to None, run_after=None
[2025-04-20T21:02:51.652+0800] {logging_mixin.py:190} INFO - [2025-04-20T21:02:51.651+0800] {dag.py:4180} INFO - Setting next_dagrun for example_external_task_marker_parent to None, run_after=None
[2025-04-20T21:02:51.746+0800] {processor.py:208} INFO - Processing /mnt/c/Users/wu_li/OneDrive/Desktop/Airflow_pract/venv/lib/python3.9/site-packages/airflow/example_dags/example_external_task_marker_dag.py took 0.263 seconds
[2025-04-20T21:04:18.949+0800] {processor.py:186} INFO - Started process (PID=93775) to work on /mnt/c/Users/wu_li/OneDrive/Desktop/Airflow_pract/venv/lib/python3.9/site-packages/airflow/example_dags/example_external_task_marker_dag.py
[2025-04-20T21:04:18.951+0800] {processor.py:914} INFO - Processing file /mnt/c/Users/wu_li/OneDrive/Desktop/Airflow_pract/venv/lib/python3.9/site-packages/airflow/example_dags/example_external_task_marker_dag.py for tasks to queue
[2025-04-20T21:04:18.955+0800] {logging_mixin.py:190} INFO - [2025-04-20T21:04:18.954+0800] {dagbag.py:588} INFO - Filling up the DagBag from /mnt/c/Users/wu_li/OneDrive/Desktop/Airflow_pract/venv/lib/python3.9/site-packages/airflow/example_dags/example_external_task_marker_dag.py
[2025-04-20T21:04:18.984+0800] {processor.py:925} INFO - DAG(s) 'example_external_task_marker_child', 'example_external_task_marker_parent' retrieved from /mnt/c/Users/wu_li/OneDrive/Desktop/Airflow_pract/venv/lib/python3.9/site-packages/airflow/example_dags/example_external_task_marker_dag.py
[2025-04-20T21:04:19.033+0800] {logging_mixin.py:190} INFO - [2025-04-20T21:04:19.032+0800] {dag.py:3239} INFO - Sync 2 DAGs
[2025-04-20T21:04:19.066+0800] {logging_mixin.py:190} INFO - [2025-04-20T21:04:19.063+0800] {dag.py:4180} INFO - Setting next_dagrun for example_external_task_marker_child to None, run_after=None
[2025-04-20T21:04:19.077+0800] {logging_mixin.py:190} INFO - [2025-04-20T21:04:19.075+0800] {dag.py:4180} INFO - Setting next_dagrun for example_external_task_marker_parent to None, run_after=None
[2025-04-20T21:04:19.166+0800] {processor.py:208} INFO - Processing /mnt/c/Users/wu_li/OneDrive/Desktop/Airflow_pract/venv/lib/python3.9/site-packages/airflow/example_dags/example_external_task_marker_dag.py took 0.242 seconds
[2025-04-20T21:05:49.763+0800] {processor.py:186} INFO - Started process (PID=94856) to work on /mnt/c/Users/wu_li/OneDrive/Desktop/Airflow_pract/venv/lib/python3.9/site-packages/airflow/example_dags/example_external_task_marker_dag.py
[2025-04-20T21:05:49.766+0800] {processor.py:914} INFO - Processing file /mnt/c/Users/wu_li/OneDrive/Desktop/Airflow_pract/venv/lib/python3.9/site-packages/airflow/example_dags/example_external_task_marker_dag.py for tasks to queue
[2025-04-20T21:05:49.770+0800] {logging_mixin.py:190} INFO - [2025-04-20T21:05:49.768+0800] {dagbag.py:588} INFO - Filling up the DagBag from /mnt/c/Users/wu_li/OneDrive/Desktop/Airflow_pract/venv/lib/python3.9/site-packages/airflow/example_dags/example_external_task_marker_dag.py
[2025-04-20T21:05:49.801+0800] {processor.py:925} INFO - DAG(s) 'example_external_task_marker_parent', 'example_external_task_marker_child' retrieved from /mnt/c/Users/wu_li/OneDrive/Desktop/Airflow_pract/venv/lib/python3.9/site-packages/airflow/example_dags/example_external_task_marker_dag.py
[2025-04-20T21:05:49.861+0800] {logging_mixin.py:190} INFO - [2025-04-20T21:05:49.860+0800] {dag.py:3239} INFO - Sync 2 DAGs
[2025-04-20T21:05:49.903+0800] {logging_mixin.py:190} INFO - [2025-04-20T21:05:49.901+0800] {dag.py:4180} INFO - Setting next_dagrun for example_external_task_marker_child to None, run_after=None
[2025-04-20T21:05:49.915+0800] {logging_mixin.py:190} INFO - [2025-04-20T21:05:49.914+0800] {dag.py:4180} INFO - Setting next_dagrun for example_external_task_marker_parent to None, run_after=None
[2025-04-20T21:05:50.002+0800] {processor.py:208} INFO - Processing /mnt/c/Users/wu_li/OneDrive/Desktop/Airflow_pract/venv/lib/python3.9/site-packages/airflow/example_dags/example_external_task_marker_dag.py took 0.256 seconds
[2025-04-20T21:07:24.498+0800] {processor.py:186} INFO - Started process (PID=95937) to work on /mnt/c/Users/wu_li/OneDrive/Desktop/Airflow_pract/venv/lib/python3.9/site-packages/airflow/example_dags/example_external_task_marker_dag.py
[2025-04-20T21:07:24.500+0800] {processor.py:914} INFO - Processing file /mnt/c/Users/wu_li/OneDrive/Desktop/Airflow_pract/venv/lib/python3.9/site-packages/airflow/example_dags/example_external_task_marker_dag.py for tasks to queue
[2025-04-20T21:07:24.504+0800] {logging_mixin.py:190} INFO - [2025-04-20T21:07:24.503+0800] {dagbag.py:588} INFO - Filling up the DagBag from /mnt/c/Users/wu_li/OneDrive/Desktop/Airflow_pract/venv/lib/python3.9/site-packages/airflow/example_dags/example_external_task_marker_dag.py
[2025-04-20T21:07:24.543+0800] {processor.py:925} INFO - DAG(s) 'example_external_task_marker_child', 'example_external_task_marker_parent' retrieved from /mnt/c/Users/wu_li/OneDrive/Desktop/Airflow_pract/venv/lib/python3.9/site-packages/airflow/example_dags/example_external_task_marker_dag.py
[2025-04-20T21:07:24.582+0800] {logging_mixin.py:190} INFO - [2025-04-20T21:07:24.581+0800] {dag.py:3239} INFO - Sync 2 DAGs
[2025-04-20T21:07:24.595+0800] {logging_mixin.py:190} INFO - [2025-04-20T21:07:24.594+0800] {dag.py:4180} INFO - Setting next_dagrun for example_external_task_marker_child to None, run_after=None
[2025-04-20T21:07:24.599+0800] {logging_mixin.py:190} INFO - [2025-04-20T21:07:24.598+0800] {dag.py:4180} INFO - Setting next_dagrun for example_external_task_marker_parent to None, run_after=None
[2025-04-20T21:07:24.650+0800] {processor.py:208} INFO - Processing /mnt/c/Users/wu_li/OneDrive/Desktop/Airflow_pract/venv/lib/python3.9/site-packages/airflow/example_dags/example_external_task_marker_dag.py took 0.178 seconds
[2025-04-20T21:08:54.891+0800] {processor.py:186} INFO - Started process (PID=97020) to work on /mnt/c/Users/wu_li/OneDrive/Desktop/Airflow_pract/venv/lib/python3.9/site-packages/airflow/example_dags/example_external_task_marker_dag.py
[2025-04-20T21:08:54.893+0800] {processor.py:914} INFO - Processing file /mnt/c/Users/wu_li/OneDrive/Desktop/Airflow_pract/venv/lib/python3.9/site-packages/airflow/example_dags/example_external_task_marker_dag.py for tasks to queue
[2025-04-20T21:08:54.895+0800] {logging_mixin.py:190} INFO - [2025-04-20T21:08:54.894+0800] {dagbag.py:588} INFO - Filling up the DagBag from /mnt/c/Users/wu_li/OneDrive/Desktop/Airflow_pract/venv/lib/python3.9/site-packages/airflow/example_dags/example_external_task_marker_dag.py
[2025-04-20T21:08:54.915+0800] {processor.py:925} INFO - DAG(s) 'example_external_task_marker_child', 'example_external_task_marker_parent' retrieved from /mnt/c/Users/wu_li/OneDrive/Desktop/Airflow_pract/venv/lib/python3.9/site-packages/airflow/example_dags/example_external_task_marker_dag.py
[2025-04-20T21:08:54.946+0800] {logging_mixin.py:190} INFO - [2025-04-20T21:08:54.945+0800] {dag.py:3239} INFO - Sync 2 DAGs
[2025-04-20T21:08:54.960+0800] {logging_mixin.py:190} INFO - [2025-04-20T21:08:54.959+0800] {dag.py:4180} INFO - Setting next_dagrun for example_external_task_marker_child to None, run_after=None
[2025-04-20T21:08:54.966+0800] {logging_mixin.py:190} INFO - [2025-04-20T21:08:54.965+0800] {dag.py:4180} INFO - Setting next_dagrun for example_external_task_marker_parent to None, run_after=None
[2025-04-20T21:08:55.018+0800] {processor.py:208} INFO - Processing /mnt/c/Users/wu_li/OneDrive/Desktop/Airflow_pract/venv/lib/python3.9/site-packages/airflow/example_dags/example_external_task_marker_dag.py took 0.139 seconds
[2025-04-20T21:10:23.038+0800] {processor.py:186} INFO - Started process (PID=98097) to work on /mnt/c/Users/wu_li/OneDrive/Desktop/Airflow_pract/venv/lib/python3.9/site-packages/airflow/example_dags/example_external_task_marker_dag.py
[2025-04-20T21:10:23.041+0800] {processor.py:914} INFO - Processing file /mnt/c/Users/wu_li/OneDrive/Desktop/Airflow_pract/venv/lib/python3.9/site-packages/airflow/example_dags/example_external_task_marker_dag.py for tasks to queue
[2025-04-20T21:10:23.045+0800] {logging_mixin.py:190} INFO - [2025-04-20T21:10:23.043+0800] {dagbag.py:588} INFO - Filling up the DagBag from /mnt/c/Users/wu_li/OneDrive/Desktop/Airflow_pract/venv/lib/python3.9/site-packages/airflow/example_dags/example_external_task_marker_dag.py
[2025-04-20T21:10:23.081+0800] {processor.py:925} INFO - DAG(s) 'example_external_task_marker_child', 'example_external_task_marker_parent' retrieved from /mnt/c/Users/wu_li/OneDrive/Desktop/Airflow_pract/venv/lib/python3.9/site-packages/airflow/example_dags/example_external_task_marker_dag.py
[2025-04-20T21:10:23.144+0800] {logging_mixin.py:190} INFO - [2025-04-20T21:10:23.143+0800] {dag.py:3239} INFO - Sync 2 DAGs
[2025-04-20T21:10:23.185+0800] {logging_mixin.py:190} INFO - [2025-04-20T21:10:23.183+0800] {dag.py:4180} INFO - Setting next_dagrun for example_external_task_marker_child to None, run_after=None
[2025-04-20T21:10:23.197+0800] {logging_mixin.py:190} INFO - [2025-04-20T21:10:23.196+0800] {dag.py:4180} INFO - Setting next_dagrun for example_external_task_marker_parent to None, run_after=None
[2025-04-20T21:10:23.290+0800] {processor.py:208} INFO - Processing /mnt/c/Users/wu_li/OneDrive/Desktop/Airflow_pract/venv/lib/python3.9/site-packages/airflow/example_dags/example_external_task_marker_dag.py took 0.272 seconds
[2025-04-20T21:11:56.566+0800] {processor.py:186} INFO - Started process (PID=99221) to work on /mnt/c/Users/wu_li/OneDrive/Desktop/Airflow_pract/venv/lib/python3.9/site-packages/airflow/example_dags/example_external_task_marker_dag.py
[2025-04-20T21:11:56.568+0800] {processor.py:914} INFO - Processing file /mnt/c/Users/wu_li/OneDrive/Desktop/Airflow_pract/venv/lib/python3.9/site-packages/airflow/example_dags/example_external_task_marker_dag.py for tasks to queue
[2025-04-20T21:11:56.570+0800] {logging_mixin.py:190} INFO - [2025-04-20T21:11:56.569+0800] {dagbag.py:588} INFO - Filling up the DagBag from /mnt/c/Users/wu_li/OneDrive/Desktop/Airflow_pract/venv/lib/python3.9/site-packages/airflow/example_dags/example_external_task_marker_dag.py
[2025-04-20T21:11:56.596+0800] {processor.py:925} INFO - DAG(s) 'example_external_task_marker_child', 'example_external_task_marker_parent' retrieved from /mnt/c/Users/wu_li/OneDrive/Desktop/Airflow_pract/venv/lib/python3.9/site-packages/airflow/example_dags/example_external_task_marker_dag.py
[2025-04-20T21:11:56.661+0800] {logging_mixin.py:190} INFO - [2025-04-20T21:11:56.659+0800] {dag.py:3239} INFO - Sync 2 DAGs
[2025-04-20T21:11:56.698+0800] {logging_mixin.py:190} INFO - [2025-04-20T21:11:56.690+0800] {dag.py:4180} INFO - Setting next_dagrun for example_external_task_marker_child to None, run_after=None
[2025-04-20T21:11:56.707+0800] {logging_mixin.py:190} INFO - [2025-04-20T21:11:56.706+0800] {dag.py:4180} INFO - Setting next_dagrun for example_external_task_marker_parent to None, run_after=None
[2025-04-20T21:11:56.798+0800] {processor.py:208} INFO - Processing /mnt/c/Users/wu_li/OneDrive/Desktop/Airflow_pract/venv/lib/python3.9/site-packages/airflow/example_dags/example_external_task_marker_dag.py took 0.245 seconds
[2025-04-20T21:13:27.407+0800] {processor.py:186} INFO - Started process (PID=100262) to work on /mnt/c/Users/wu_li/OneDrive/Desktop/Airflow_pract/venv/lib/python3.9/site-packages/airflow/example_dags/example_external_task_marker_dag.py
[2025-04-20T21:13:27.408+0800] {processor.py:914} INFO - Processing file /mnt/c/Users/wu_li/OneDrive/Desktop/Airflow_pract/venv/lib/python3.9/site-packages/airflow/example_dags/example_external_task_marker_dag.py for tasks to queue
[2025-04-20T21:13:27.411+0800] {logging_mixin.py:190} INFO - [2025-04-20T21:13:27.410+0800] {dagbag.py:588} INFO - Filling up the DagBag from /mnt/c/Users/wu_li/OneDrive/Desktop/Airflow_pract/venv/lib/python3.9/site-packages/airflow/example_dags/example_external_task_marker_dag.py
[2025-04-20T21:13:27.429+0800] {processor.py:925} INFO - DAG(s) 'example_external_task_marker_parent', 'example_external_task_marker_child' retrieved from /mnt/c/Users/wu_li/OneDrive/Desktop/Airflow_pract/venv/lib/python3.9/site-packages/airflow/example_dags/example_external_task_marker_dag.py
[2025-04-20T21:13:27.462+0800] {logging_mixin.py:190} INFO - [2025-04-20T21:13:27.460+0800] {dag.py:3239} INFO - Sync 2 DAGs
[2025-04-20T21:13:27.477+0800] {logging_mixin.py:190} INFO - [2025-04-20T21:13:27.476+0800] {dag.py:4180} INFO - Setting next_dagrun for example_external_task_marker_child to None, run_after=None
[2025-04-20T21:13:27.481+0800] {logging_mixin.py:190} INFO - [2025-04-20T21:13:27.481+0800] {dag.py:4180} INFO - Setting next_dagrun for example_external_task_marker_parent to None, run_after=None
[2025-04-20T21:13:27.533+0800] {processor.py:208} INFO - Processing /mnt/c/Users/wu_li/OneDrive/Desktop/Airflow_pract/venv/lib/python3.9/site-packages/airflow/example_dags/example_external_task_marker_dag.py took 0.136 seconds
[2025-04-20T21:14:58.121+0800] {processor.py:186} INFO - Started process (PID=101339) to work on /mnt/c/Users/wu_li/OneDrive/Desktop/Airflow_pract/venv/lib/python3.9/site-packages/airflow/example_dags/example_external_task_marker_dag.py
[2025-04-20T21:14:58.123+0800] {processor.py:914} INFO - Processing file /mnt/c/Users/wu_li/OneDrive/Desktop/Airflow_pract/venv/lib/python3.9/site-packages/airflow/example_dags/example_external_task_marker_dag.py for tasks to queue
[2025-04-20T21:14:58.127+0800] {logging_mixin.py:190} INFO - [2025-04-20T21:14:58.126+0800] {dagbag.py:588} INFO - Filling up the DagBag from /mnt/c/Users/wu_li/OneDrive/Desktop/Airflow_pract/venv/lib/python3.9/site-packages/airflow/example_dags/example_external_task_marker_dag.py
[2025-04-20T21:14:58.162+0800] {processor.py:925} INFO - DAG(s) 'example_external_task_marker_parent', 'example_external_task_marker_child' retrieved from /mnt/c/Users/wu_li/OneDrive/Desktop/Airflow_pract/venv/lib/python3.9/site-packages/airflow/example_dags/example_external_task_marker_dag.py
[2025-04-20T21:14:58.217+0800] {logging_mixin.py:190} INFO - [2025-04-20T21:14:58.215+0800] {dag.py:3239} INFO - Sync 2 DAGs
[2025-04-20T21:14:58.253+0800] {logging_mixin.py:190} INFO - [2025-04-20T21:14:58.251+0800] {dag.py:4180} INFO - Setting next_dagrun for example_external_task_marker_child to None, run_after=None
[2025-04-20T21:14:58.262+0800] {logging_mixin.py:190} INFO - [2025-04-20T21:14:58.261+0800] {dag.py:4180} INFO - Setting next_dagrun for example_external_task_marker_parent to None, run_after=None
[2025-04-20T21:14:58.363+0800] {processor.py:208} INFO - Processing /mnt/c/Users/wu_li/OneDrive/Desktop/Airflow_pract/venv/lib/python3.9/site-packages/airflow/example_dags/example_external_task_marker_dag.py took 0.263 seconds
[2025-04-20T21:16:29.889+0800] {processor.py:186} INFO - Started process (PID=102350) to work on /mnt/c/Users/wu_li/OneDrive/Desktop/Airflow_pract/venv/lib/python3.9/site-packages/airflow/example_dags/example_external_task_marker_dag.py
[2025-04-20T21:16:29.891+0800] {processor.py:914} INFO - Processing file /mnt/c/Users/wu_li/OneDrive/Desktop/Airflow_pract/venv/lib/python3.9/site-packages/airflow/example_dags/example_external_task_marker_dag.py for tasks to queue
[2025-04-20T21:16:29.893+0800] {logging_mixin.py:190} INFO - [2025-04-20T21:16:29.892+0800] {dagbag.py:588} INFO - Filling up the DagBag from /mnt/c/Users/wu_li/OneDrive/Desktop/Airflow_pract/venv/lib/python3.9/site-packages/airflow/example_dags/example_external_task_marker_dag.py
[2025-04-20T21:16:29.913+0800] {processor.py:925} INFO - DAG(s) 'example_external_task_marker_parent', 'example_external_task_marker_child' retrieved from /mnt/c/Users/wu_li/OneDrive/Desktop/Airflow_pract/venv/lib/python3.9/site-packages/airflow/example_dags/example_external_task_marker_dag.py
[2025-04-20T21:16:29.941+0800] {logging_mixin.py:190} INFO - [2025-04-20T21:16:29.941+0800] {dag.py:3239} INFO - Sync 2 DAGs
[2025-04-20T21:16:29.954+0800] {logging_mixin.py:190} INFO - [2025-04-20T21:16:29.953+0800] {dag.py:4180} INFO - Setting next_dagrun for example_external_task_marker_child to None, run_after=None
[2025-04-20T21:16:29.959+0800] {logging_mixin.py:190} INFO - [2025-04-20T21:16:29.958+0800] {dag.py:4180} INFO - Setting next_dagrun for example_external_task_marker_parent to None, run_after=None
[2025-04-20T21:16:30.019+0800] {processor.py:208} INFO - Processing /mnt/c/Users/wu_li/OneDrive/Desktop/Airflow_pract/venv/lib/python3.9/site-packages/airflow/example_dags/example_external_task_marker_dag.py took 0.140 seconds
[2025-04-20T21:17:55.516+0800] {processor.py:186} INFO - Started process (PID=103360) to work on /mnt/c/Users/wu_li/OneDrive/Desktop/Airflow_pract/venv/lib/python3.9/site-packages/airflow/example_dags/example_external_task_marker_dag.py
[2025-04-20T21:17:55.517+0800] {processor.py:914} INFO - Processing file /mnt/c/Users/wu_li/OneDrive/Desktop/Airflow_pract/venv/lib/python3.9/site-packages/airflow/example_dags/example_external_task_marker_dag.py for tasks to queue
[2025-04-20T21:17:55.520+0800] {logging_mixin.py:190} INFO - [2025-04-20T21:17:55.519+0800] {dagbag.py:588} INFO - Filling up the DagBag from /mnt/c/Users/wu_li/OneDrive/Desktop/Airflow_pract/venv/lib/python3.9/site-packages/airflow/example_dags/example_external_task_marker_dag.py
[2025-04-20T21:17:55.538+0800] {processor.py:925} INFO - DAG(s) 'example_external_task_marker_parent', 'example_external_task_marker_child' retrieved from /mnt/c/Users/wu_li/OneDrive/Desktop/Airflow_pract/venv/lib/python3.9/site-packages/airflow/example_dags/example_external_task_marker_dag.py
[2025-04-20T21:17:55.567+0800] {logging_mixin.py:190} INFO - [2025-04-20T21:17:55.566+0800] {dag.py:3239} INFO - Sync 2 DAGs
[2025-04-20T21:17:55.582+0800] {logging_mixin.py:190} INFO - [2025-04-20T21:17:55.580+0800] {dag.py:4180} INFO - Setting next_dagrun for example_external_task_marker_child to None, run_after=None
[2025-04-20T21:17:55.587+0800] {logging_mixin.py:190} INFO - [2025-04-20T21:17:55.586+0800] {dag.py:4180} INFO - Setting next_dagrun for example_external_task_marker_parent to None, run_after=None
[2025-04-20T21:17:55.638+0800] {processor.py:208} INFO - Processing /mnt/c/Users/wu_li/OneDrive/Desktop/Airflow_pract/venv/lib/python3.9/site-packages/airflow/example_dags/example_external_task_marker_dag.py took 0.133 seconds
[2025-04-20T21:19:21.595+0800] {processor.py:186} INFO - Started process (PID=104404) to work on /mnt/c/Users/wu_li/OneDrive/Desktop/Airflow_pract/venv/lib/python3.9/site-packages/airflow/example_dags/example_external_task_marker_dag.py
[2025-04-20T21:19:21.597+0800] {processor.py:914} INFO - Processing file /mnt/c/Users/wu_li/OneDrive/Desktop/Airflow_pract/venv/lib/python3.9/site-packages/airflow/example_dags/example_external_task_marker_dag.py for tasks to queue
[2025-04-20T21:19:21.599+0800] {logging_mixin.py:190} INFO - [2025-04-20T21:19:21.598+0800] {dagbag.py:588} INFO - Filling up the DagBag from /mnt/c/Users/wu_li/OneDrive/Desktop/Airflow_pract/venv/lib/python3.9/site-packages/airflow/example_dags/example_external_task_marker_dag.py
[2025-04-20T21:19:21.620+0800] {processor.py:925} INFO - DAG(s) 'example_external_task_marker_parent', 'example_external_task_marker_child' retrieved from /mnt/c/Users/wu_li/OneDrive/Desktop/Airflow_pract/venv/lib/python3.9/site-packages/airflow/example_dags/example_external_task_marker_dag.py
[2025-04-20T21:19:21.651+0800] {logging_mixin.py:190} INFO - [2025-04-20T21:19:21.650+0800] {dag.py:3239} INFO - Sync 2 DAGs
[2025-04-20T21:19:21.666+0800] {logging_mixin.py:190} INFO - [2025-04-20T21:19:21.665+0800] {dag.py:4180} INFO - Setting next_dagrun for example_external_task_marker_child to None, run_after=None
[2025-04-20T21:19:21.671+0800] {logging_mixin.py:190} INFO - [2025-04-20T21:19:21.671+0800] {dag.py:4180} INFO - Setting next_dagrun for example_external_task_marker_parent to None, run_after=None
[2025-04-20T21:19:21.726+0800] {processor.py:208} INFO - Processing /mnt/c/Users/wu_li/OneDrive/Desktop/Airflow_pract/venv/lib/python3.9/site-packages/airflow/example_dags/example_external_task_marker_dag.py took 0.143 seconds
[2025-04-20T21:20:52.259+0800] {processor.py:186} INFO - Started process (PID=105442) to work on /mnt/c/Users/wu_li/OneDrive/Desktop/Airflow_pract/venv/lib/python3.9/site-packages/airflow/example_dags/example_external_task_marker_dag.py
[2025-04-20T21:20:52.262+0800] {processor.py:914} INFO - Processing file /mnt/c/Users/wu_li/OneDrive/Desktop/Airflow_pract/venv/lib/python3.9/site-packages/airflow/example_dags/example_external_task_marker_dag.py for tasks to queue
[2025-04-20T21:20:52.266+0800] {logging_mixin.py:190} INFO - [2025-04-20T21:20:52.264+0800] {dagbag.py:588} INFO - Filling up the DagBag from /mnt/c/Users/wu_li/OneDrive/Desktop/Airflow_pract/venv/lib/python3.9/site-packages/airflow/example_dags/example_external_task_marker_dag.py
[2025-04-20T21:20:52.303+0800] {processor.py:925} INFO - DAG(s) 'example_external_task_marker_parent', 'example_external_task_marker_child' retrieved from /mnt/c/Users/wu_li/OneDrive/Desktop/Airflow_pract/venv/lib/python3.9/site-packages/airflow/example_dags/example_external_task_marker_dag.py
[2025-04-20T21:20:52.368+0800] {logging_mixin.py:190} INFO - [2025-04-20T21:20:52.362+0800] {dag.py:3239} INFO - Sync 2 DAGs
[2025-04-20T21:20:52.410+0800] {logging_mixin.py:190} INFO - [2025-04-20T21:20:52.409+0800] {dag.py:4180} INFO - Setting next_dagrun for example_external_task_marker_child to None, run_after=None
[2025-04-20T21:20:52.429+0800] {logging_mixin.py:190} INFO - [2025-04-20T21:20:52.428+0800] {dag.py:4180} INFO - Setting next_dagrun for example_external_task_marker_parent to None, run_after=None
[2025-04-20T21:20:52.580+0800] {processor.py:208} INFO - Processing /mnt/c/Users/wu_li/OneDrive/Desktop/Airflow_pract/venv/lib/python3.9/site-packages/airflow/example_dags/example_external_task_marker_dag.py took 0.339 seconds
[2025-04-20T21:22:26.198+0800] {processor.py:186} INFO - Started process (PID=106522) to work on /mnt/c/Users/wu_li/OneDrive/Desktop/Airflow_pract/venv/lib/python3.9/site-packages/airflow/example_dags/example_external_task_marker_dag.py
[2025-04-20T21:22:26.200+0800] {processor.py:914} INFO - Processing file /mnt/c/Users/wu_li/OneDrive/Desktop/Airflow_pract/venv/lib/python3.9/site-packages/airflow/example_dags/example_external_task_marker_dag.py for tasks to queue
[2025-04-20T21:22:26.202+0800] {logging_mixin.py:190} INFO - [2025-04-20T21:22:26.201+0800] {dagbag.py:588} INFO - Filling up the DagBag from /mnt/c/Users/wu_li/OneDrive/Desktop/Airflow_pract/venv/lib/python3.9/site-packages/airflow/example_dags/example_external_task_marker_dag.py
[2025-04-20T21:22:26.222+0800] {processor.py:925} INFO - DAG(s) 'example_external_task_marker_parent', 'example_external_task_marker_child' retrieved from /mnt/c/Users/wu_li/OneDrive/Desktop/Airflow_pract/venv/lib/python3.9/site-packages/airflow/example_dags/example_external_task_marker_dag.py
[2025-04-20T21:22:26.254+0800] {logging_mixin.py:190} INFO - [2025-04-20T21:22:26.253+0800] {dag.py:3239} INFO - Sync 2 DAGs
[2025-04-20T21:22:26.268+0800] {logging_mixin.py:190} INFO - [2025-04-20T21:22:26.267+0800] {dag.py:4180} INFO - Setting next_dagrun for example_external_task_marker_child to None, run_after=None
[2025-04-20T21:22:26.273+0800] {logging_mixin.py:190} INFO - [2025-04-20T21:22:26.272+0800] {dag.py:4180} INFO - Setting next_dagrun for example_external_task_marker_parent to None, run_after=None
[2025-04-20T21:22:26.328+0800] {processor.py:208} INFO - Processing /mnt/c/Users/wu_li/OneDrive/Desktop/Airflow_pract/venv/lib/python3.9/site-packages/airflow/example_dags/example_external_task_marker_dag.py took 0.142 seconds
[2025-04-20T21:23:57.222+0800] {processor.py:186} INFO - Started process (PID=107458) to work on /mnt/c/Users/wu_li/OneDrive/Desktop/Airflow_pract/venv/lib/python3.9/site-packages/airflow/example_dags/example_external_task_marker_dag.py
[2025-04-20T21:23:57.225+0800] {processor.py:914} INFO - Processing file /mnt/c/Users/wu_li/OneDrive/Desktop/Airflow_pract/venv/lib/python3.9/site-packages/airflow/example_dags/example_external_task_marker_dag.py for tasks to queue
[2025-04-20T21:23:57.229+0800] {logging_mixin.py:190} INFO - [2025-04-20T21:23:57.227+0800] {dagbag.py:588} INFO - Filling up the DagBag from /mnt/c/Users/wu_li/OneDrive/Desktop/Airflow_pract/venv/lib/python3.9/site-packages/airflow/example_dags/example_external_task_marker_dag.py
[2025-04-20T21:23:57.259+0800] {processor.py:925} INFO - DAG(s) 'example_external_task_marker_child', 'example_external_task_marker_parent' retrieved from /mnt/c/Users/wu_li/OneDrive/Desktop/Airflow_pract/venv/lib/python3.9/site-packages/airflow/example_dags/example_external_task_marker_dag.py
[2025-04-20T21:23:57.323+0800] {logging_mixin.py:190} INFO - [2025-04-20T21:23:57.322+0800] {dag.py:3239} INFO - Sync 2 DAGs
[2025-04-20T21:23:57.367+0800] {logging_mixin.py:190} INFO - [2025-04-20T21:23:57.366+0800] {dag.py:4180} INFO - Setting next_dagrun for example_external_task_marker_child to None, run_after=None
[2025-04-20T21:23:57.376+0800] {logging_mixin.py:190} INFO - [2025-04-20T21:23:57.375+0800] {dag.py:4180} INFO - Setting next_dagrun for example_external_task_marker_parent to None, run_after=None
[2025-04-20T21:23:57.472+0800] {processor.py:208} INFO - Processing /mnt/c/Users/wu_li/OneDrive/Desktop/Airflow_pract/venv/lib/python3.9/site-packages/airflow/example_dags/example_external_task_marker_dag.py took 0.272 seconds
[2025-04-20T21:25:26.483+0800] {processor.py:186} INFO - Started process (PID=108507) to work on /mnt/c/Users/wu_li/OneDrive/Desktop/Airflow_pract/venv/lib/python3.9/site-packages/airflow/example_dags/example_external_task_marker_dag.py
[2025-04-20T21:25:26.485+0800] {processor.py:914} INFO - Processing file /mnt/c/Users/wu_li/OneDrive/Desktop/Airflow_pract/venv/lib/python3.9/site-packages/airflow/example_dags/example_external_task_marker_dag.py for tasks to queue
[2025-04-20T21:25:26.487+0800] {logging_mixin.py:190} INFO - [2025-04-20T21:25:26.486+0800] {dagbag.py:588} INFO - Filling up the DagBag from /mnt/c/Users/wu_li/OneDrive/Desktop/Airflow_pract/venv/lib/python3.9/site-packages/airflow/example_dags/example_external_task_marker_dag.py
[2025-04-20T21:25:26.508+0800] {processor.py:925} INFO - DAG(s) 'example_external_task_marker_parent', 'example_external_task_marker_child' retrieved from /mnt/c/Users/wu_li/OneDrive/Desktop/Airflow_pract/venv/lib/python3.9/site-packages/airflow/example_dags/example_external_task_marker_dag.py
[2025-04-20T21:25:26.542+0800] {logging_mixin.py:190} INFO - [2025-04-20T21:25:26.541+0800] {dag.py:3239} INFO - Sync 2 DAGs
[2025-04-20T21:25:26.563+0800] {logging_mixin.py:190} INFO - [2025-04-20T21:25:26.562+0800] {dag.py:4180} INFO - Setting next_dagrun for example_external_task_marker_child to None, run_after=None
[2025-04-20T21:25:26.568+0800] {logging_mixin.py:190} INFO - [2025-04-20T21:25:26.567+0800] {dag.py:4180} INFO - Setting next_dagrun for example_external_task_marker_parent to None, run_after=None
[2025-04-20T21:25:26.627+0800] {processor.py:208} INFO - Processing /mnt/c/Users/wu_li/OneDrive/Desktop/Airflow_pract/venv/lib/python3.9/site-packages/airflow/example_dags/example_external_task_marker_dag.py took 0.156 seconds
[2025-04-20T21:26:58.860+0800] {processor.py:186} INFO - Started process (PID=109545) to work on /mnt/c/Users/wu_li/OneDrive/Desktop/Airflow_pract/venv/lib/python3.9/site-packages/airflow/example_dags/example_external_task_marker_dag.py
[2025-04-20T21:26:58.863+0800] {processor.py:914} INFO - Processing file /mnt/c/Users/wu_li/OneDrive/Desktop/Airflow_pract/venv/lib/python3.9/site-packages/airflow/example_dags/example_external_task_marker_dag.py for tasks to queue
[2025-04-20T21:26:58.867+0800] {logging_mixin.py:190} INFO - [2025-04-20T21:26:58.865+0800] {dagbag.py:588} INFO - Filling up the DagBag from /mnt/c/Users/wu_li/OneDrive/Desktop/Airflow_pract/venv/lib/python3.9/site-packages/airflow/example_dags/example_external_task_marker_dag.py
[2025-04-20T21:26:58.918+0800] {processor.py:925} INFO - DAG(s) 'example_external_task_marker_child', 'example_external_task_marker_parent' retrieved from /mnt/c/Users/wu_li/OneDrive/Desktop/Airflow_pract/venv/lib/python3.9/site-packages/airflow/example_dags/example_external_task_marker_dag.py
[2025-04-20T21:26:58.984+0800] {logging_mixin.py:190} INFO - [2025-04-20T21:26:58.983+0800] {dag.py:3239} INFO - Sync 2 DAGs
[2025-04-20T21:26:59.018+0800] {logging_mixin.py:190} INFO - [2025-04-20T21:26:59.016+0800] {dag.py:4180} INFO - Setting next_dagrun for example_external_task_marker_child to None, run_after=None
[2025-04-20T21:26:59.029+0800] {logging_mixin.py:190} INFO - [2025-04-20T21:26:59.028+0800] {dag.py:4180} INFO - Setting next_dagrun for example_external_task_marker_parent to None, run_after=None
[2025-04-20T21:26:59.116+0800] {processor.py:208} INFO - Processing /mnt/c/Users/wu_li/OneDrive/Desktop/Airflow_pract/venv/lib/python3.9/site-packages/airflow/example_dags/example_external_task_marker_dag.py took 0.275 seconds
[2025-04-20T21:28:27.940+0800] {processor.py:186} INFO - Started process (PID=110624) to work on /mnt/c/Users/wu_li/OneDrive/Desktop/Airflow_pract/venv/lib/python3.9/site-packages/airflow/example_dags/example_external_task_marker_dag.py
[2025-04-20T21:28:27.943+0800] {processor.py:914} INFO - Processing file /mnt/c/Users/wu_li/OneDrive/Desktop/Airflow_pract/venv/lib/python3.9/site-packages/airflow/example_dags/example_external_task_marker_dag.py for tasks to queue
[2025-04-20T21:28:27.948+0800] {logging_mixin.py:190} INFO - [2025-04-20T21:28:27.945+0800] {dagbag.py:588} INFO - Filling up the DagBag from /mnt/c/Users/wu_li/OneDrive/Desktop/Airflow_pract/venv/lib/python3.9/site-packages/airflow/example_dags/example_external_task_marker_dag.py
[2025-04-20T21:28:27.988+0800] {processor.py:925} INFO - DAG(s) 'example_external_task_marker_parent', 'example_external_task_marker_child' retrieved from /mnt/c/Users/wu_li/OneDrive/Desktop/Airflow_pract/venv/lib/python3.9/site-packages/airflow/example_dags/example_external_task_marker_dag.py
[2025-04-20T21:28:28.049+0800] {logging_mixin.py:190} INFO - [2025-04-20T21:28:28.047+0800] {dag.py:3239} INFO - Sync 2 DAGs
[2025-04-20T21:28:28.096+0800] {logging_mixin.py:190} INFO - [2025-04-20T21:28:28.094+0800] {dag.py:4180} INFO - Setting next_dagrun for example_external_task_marker_child to None, run_after=None
[2025-04-20T21:28:28.106+0800] {logging_mixin.py:190} INFO - [2025-04-20T21:28:28.105+0800] {dag.py:4180} INFO - Setting next_dagrun for example_external_task_marker_parent to None, run_after=None
[2025-04-20T21:28:28.190+0800] {processor.py:208} INFO - Processing /mnt/c/Users/wu_li/OneDrive/Desktop/Airflow_pract/venv/lib/python3.9/site-packages/airflow/example_dags/example_external_task_marker_dag.py took 0.277 seconds
[2025-04-20T21:29:59.212+0800] {processor.py:186} INFO - Started process (PID=111706) to work on /mnt/c/Users/wu_li/OneDrive/Desktop/Airflow_pract/venv/lib/python3.9/site-packages/airflow/example_dags/example_external_task_marker_dag.py
[2025-04-20T21:29:59.215+0800] {processor.py:914} INFO - Processing file /mnt/c/Users/wu_li/OneDrive/Desktop/Airflow_pract/venv/lib/python3.9/site-packages/airflow/example_dags/example_external_task_marker_dag.py for tasks to queue
[2025-04-20T21:29:59.220+0800] {logging_mixin.py:190} INFO - [2025-04-20T21:29:59.219+0800] {dagbag.py:588} INFO - Filling up the DagBag from /mnt/c/Users/wu_li/OneDrive/Desktop/Airflow_pract/venv/lib/python3.9/site-packages/airflow/example_dags/example_external_task_marker_dag.py
[2025-04-20T21:29:59.251+0800] {processor.py:925} INFO - DAG(s) 'example_external_task_marker_parent', 'example_external_task_marker_child' retrieved from /mnt/c/Users/wu_li/OneDrive/Desktop/Airflow_pract/venv/lib/python3.9/site-packages/airflow/example_dags/example_external_task_marker_dag.py
[2025-04-20T21:29:59.307+0800] {logging_mixin.py:190} INFO - [2025-04-20T21:29:59.306+0800] {dag.py:3239} INFO - Sync 2 DAGs
[2025-04-20T21:29:59.349+0800] {logging_mixin.py:190} INFO - [2025-04-20T21:29:59.348+0800] {dag.py:4180} INFO - Setting next_dagrun for example_external_task_marker_child to None, run_after=None
[2025-04-20T21:29:59.363+0800] {logging_mixin.py:190} INFO - [2025-04-20T21:29:59.361+0800] {dag.py:4180} INFO - Setting next_dagrun for example_external_task_marker_parent to None, run_after=None
[2025-04-20T21:29:59.471+0800] {processor.py:208} INFO - Processing /mnt/c/Users/wu_li/OneDrive/Desktop/Airflow_pract/venv/lib/python3.9/site-packages/airflow/example_dags/example_external_task_marker_dag.py took 0.279 seconds
[2025-04-20T21:31:31.381+0800] {processor.py:186} INFO - Started process (PID=112713) to work on /mnt/c/Users/wu_li/OneDrive/Desktop/Airflow_pract/venv/lib/python3.9/site-packages/airflow/example_dags/example_external_task_marker_dag.py
[2025-04-20T21:31:31.384+0800] {processor.py:914} INFO - Processing file /mnt/c/Users/wu_li/OneDrive/Desktop/Airflow_pract/venv/lib/python3.9/site-packages/airflow/example_dags/example_external_task_marker_dag.py for tasks to queue
[2025-04-20T21:31:31.388+0800] {logging_mixin.py:190} INFO - [2025-04-20T21:31:31.386+0800] {dagbag.py:588} INFO - Filling up the DagBag from /mnt/c/Users/wu_li/OneDrive/Desktop/Airflow_pract/venv/lib/python3.9/site-packages/airflow/example_dags/example_external_task_marker_dag.py
[2025-04-20T21:31:31.428+0800] {processor.py:925} INFO - DAG(s) 'example_external_task_marker_parent', 'example_external_task_marker_child' retrieved from /mnt/c/Users/wu_li/OneDrive/Desktop/Airflow_pract/venv/lib/python3.9/site-packages/airflow/example_dags/example_external_task_marker_dag.py
[2025-04-20T21:31:31.483+0800] {logging_mixin.py:190} INFO - [2025-04-20T21:31:31.482+0800] {dag.py:3239} INFO - Sync 2 DAGs
[2025-04-20T21:31:31.515+0800] {logging_mixin.py:190} INFO - [2025-04-20T21:31:31.514+0800] {dag.py:4180} INFO - Setting next_dagrun for example_external_task_marker_child to None, run_after=None
[2025-04-20T21:31:31.528+0800] {logging_mixin.py:190} INFO - [2025-04-20T21:31:31.526+0800] {dag.py:4180} INFO - Setting next_dagrun for example_external_task_marker_parent to None, run_after=None
[2025-04-20T21:31:31.637+0800] {processor.py:208} INFO - Processing /mnt/c/Users/wu_li/OneDrive/Desktop/Airflow_pract/venv/lib/python3.9/site-packages/airflow/example_dags/example_external_task_marker_dag.py took 0.276 seconds
[2025-04-20T21:33:02.350+0800] {processor.py:186} INFO - Started process (PID=113794) to work on /mnt/c/Users/wu_li/OneDrive/Desktop/Airflow_pract/venv/lib/python3.9/site-packages/airflow/example_dags/example_external_task_marker_dag.py
[2025-04-20T21:33:02.353+0800] {processor.py:914} INFO - Processing file /mnt/c/Users/wu_li/OneDrive/Desktop/Airflow_pract/venv/lib/python3.9/site-packages/airflow/example_dags/example_external_task_marker_dag.py for tasks to queue
[2025-04-20T21:33:02.357+0800] {logging_mixin.py:190} INFO - [2025-04-20T21:33:02.356+0800] {dagbag.py:588} INFO - Filling up the DagBag from /mnt/c/Users/wu_li/OneDrive/Desktop/Airflow_pract/venv/lib/python3.9/site-packages/airflow/example_dags/example_external_task_marker_dag.py
[2025-04-20T21:33:02.389+0800] {processor.py:925} INFO - DAG(s) 'example_external_task_marker_parent', 'example_external_task_marker_child' retrieved from /mnt/c/Users/wu_li/OneDrive/Desktop/Airflow_pract/venv/lib/python3.9/site-packages/airflow/example_dags/example_external_task_marker_dag.py
[2025-04-20T21:33:02.456+0800] {logging_mixin.py:190} INFO - [2025-04-20T21:33:02.455+0800] {dag.py:3239} INFO - Sync 2 DAGs
[2025-04-20T21:33:02.497+0800] {logging_mixin.py:190} INFO - [2025-04-20T21:33:02.496+0800] {dag.py:4180} INFO - Setting next_dagrun for example_external_task_marker_child to None, run_after=None
[2025-04-20T21:33:02.507+0800] {logging_mixin.py:190} INFO - [2025-04-20T21:33:02.506+0800] {dag.py:4180} INFO - Setting next_dagrun for example_external_task_marker_parent to None, run_after=None
[2025-04-20T21:33:02.592+0800] {processor.py:208} INFO - Processing /mnt/c/Users/wu_li/OneDrive/Desktop/Airflow_pract/venv/lib/python3.9/site-packages/airflow/example_dags/example_external_task_marker_dag.py took 0.261 seconds
[2025-04-20T21:34:33.106+0800] {processor.py:186} INFO - Started process (PID=114842) to work on /mnt/c/Users/wu_li/OneDrive/Desktop/Airflow_pract/venv/lib/python3.9/site-packages/airflow/example_dags/example_external_task_marker_dag.py
[2025-04-20T21:34:33.107+0800] {processor.py:914} INFO - Processing file /mnt/c/Users/wu_li/OneDrive/Desktop/Airflow_pract/venv/lib/python3.9/site-packages/airflow/example_dags/example_external_task_marker_dag.py for tasks to queue
[2025-04-20T21:34:33.110+0800] {logging_mixin.py:190} INFO - [2025-04-20T21:34:33.109+0800] {dagbag.py:588} INFO - Filling up the DagBag from /mnt/c/Users/wu_li/OneDrive/Desktop/Airflow_pract/venv/lib/python3.9/site-packages/airflow/example_dags/example_external_task_marker_dag.py
[2025-04-20T21:34:33.132+0800] {processor.py:925} INFO - DAG(s) 'example_external_task_marker_child', 'example_external_task_marker_parent' retrieved from /mnt/c/Users/wu_li/OneDrive/Desktop/Airflow_pract/venv/lib/python3.9/site-packages/airflow/example_dags/example_external_task_marker_dag.py
[2025-04-20T21:34:33.163+0800] {logging_mixin.py:190} INFO - [2025-04-20T21:34:33.162+0800] {dag.py:3239} INFO - Sync 2 DAGs
[2025-04-20T21:34:33.178+0800] {logging_mixin.py:190} INFO - [2025-04-20T21:34:33.177+0800] {dag.py:4180} INFO - Setting next_dagrun for example_external_task_marker_child to None, run_after=None
[2025-04-20T21:34:33.183+0800] {logging_mixin.py:190} INFO - [2025-04-20T21:34:33.182+0800] {dag.py:4180} INFO - Setting next_dagrun for example_external_task_marker_parent to None, run_after=None
[2025-04-20T21:34:33.236+0800] {processor.py:208} INFO - Processing /mnt/c/Users/wu_li/OneDrive/Desktop/Airflow_pract/venv/lib/python3.9/site-packages/airflow/example_dags/example_external_task_marker_dag.py took 0.142 seconds
[2025-04-20T21:36:12.562+0800] {processor.py:186} INFO - Started process (PID=116026) to work on /mnt/c/Users/wu_li/OneDrive/Desktop/Airflow_pract/venv/lib/python3.9/site-packages/airflow/example_dags/example_external_task_marker_dag.py
[2025-04-20T21:36:12.564+0800] {processor.py:914} INFO - Processing file /mnt/c/Users/wu_li/OneDrive/Desktop/Airflow_pract/venv/lib/python3.9/site-packages/airflow/example_dags/example_external_task_marker_dag.py for tasks to queue
[2025-04-20T21:36:12.568+0800] {logging_mixin.py:190} INFO - [2025-04-20T21:36:12.567+0800] {dagbag.py:588} INFO - Filling up the DagBag from /mnt/c/Users/wu_li/OneDrive/Desktop/Airflow_pract/venv/lib/python3.9/site-packages/airflow/example_dags/example_external_task_marker_dag.py
[2025-04-20T21:36:12.600+0800] {processor.py:925} INFO - DAG(s) 'example_external_task_marker_parent', 'example_external_task_marker_child' retrieved from /mnt/c/Users/wu_li/OneDrive/Desktop/Airflow_pract/venv/lib/python3.9/site-packages/airflow/example_dags/example_external_task_marker_dag.py
[2025-04-20T21:36:12.665+0800] {logging_mixin.py:190} INFO - [2025-04-20T21:36:12.664+0800] {dag.py:3239} INFO - Sync 2 DAGs
[2025-04-20T21:36:12.705+0800] {logging_mixin.py:190} INFO - [2025-04-20T21:36:12.702+0800] {dag.py:4180} INFO - Setting next_dagrun for example_external_task_marker_child to None, run_after=None
[2025-04-20T21:36:12.714+0800] {logging_mixin.py:190} INFO - [2025-04-20T21:36:12.713+0800] {dag.py:4180} INFO - Setting next_dagrun for example_external_task_marker_parent to None, run_after=None
[2025-04-20T21:36:12.806+0800] {processor.py:208} INFO - Processing /mnt/c/Users/wu_li/OneDrive/Desktop/Airflow_pract/venv/lib/python3.9/site-packages/airflow/example_dags/example_external_task_marker_dag.py took 0.263 seconds
[2025-04-20T21:37:57.292+0800] {processor.py:186} INFO - Started process (PID=116965) to work on /mnt/c/Users/wu_li/OneDrive/Desktop/Airflow_pract/venv/lib/python3.9/site-packages/airflow/example_dags/example_external_task_marker_dag.py
[2025-04-20T21:37:57.305+0800] {processor.py:914} INFO - Processing file /mnt/c/Users/wu_li/OneDrive/Desktop/Airflow_pract/venv/lib/python3.9/site-packages/airflow/example_dags/example_external_task_marker_dag.py for tasks to queue
[2025-04-20T21:37:57.315+0800] {logging_mixin.py:190} INFO - [2025-04-20T21:37:57.312+0800] {dagbag.py:588} INFO - Filling up the DagBag from /mnt/c/Users/wu_li/OneDrive/Desktop/Airflow_pract/venv/lib/python3.9/site-packages/airflow/example_dags/example_external_task_marker_dag.py
[2025-04-20T21:37:57.365+0800] {processor.py:925} INFO - DAG(s) 'example_external_task_marker_parent', 'example_external_task_marker_child' retrieved from /mnt/c/Users/wu_li/OneDrive/Desktop/Airflow_pract/venv/lib/python3.9/site-packages/airflow/example_dags/example_external_task_marker_dag.py
[2025-04-20T21:37:57.491+0800] {logging_mixin.py:190} INFO - [2025-04-20T21:37:57.489+0800] {dag.py:3239} INFO - Sync 2 DAGs
[2025-04-20T21:37:57.545+0800] {logging_mixin.py:190} INFO - [2025-04-20T21:37:57.543+0800] {dag.py:4180} INFO - Setting next_dagrun for example_external_task_marker_child to None, run_after=None
[2025-04-20T21:37:57.557+0800] {logging_mixin.py:190} INFO - [2025-04-20T21:37:57.556+0800] {dag.py:4180} INFO - Setting next_dagrun for example_external_task_marker_parent to None, run_after=None
[2025-04-20T21:37:57.657+0800] {processor.py:208} INFO - Processing /mnt/c/Users/wu_li/OneDrive/Desktop/Airflow_pract/venv/lib/python3.9/site-packages/airflow/example_dags/example_external_task_marker_dag.py took 0.394 seconds
[2025-04-20T21:39:38.382+0800] {processor.py:186} INFO - Started process (PID=118090) to work on /mnt/c/Users/wu_li/OneDrive/Desktop/Airflow_pract/venv/lib/python3.9/site-packages/airflow/example_dags/example_external_task_marker_dag.py
[2025-04-20T21:39:38.384+0800] {processor.py:914} INFO - Processing file /mnt/c/Users/wu_li/OneDrive/Desktop/Airflow_pract/venv/lib/python3.9/site-packages/airflow/example_dags/example_external_task_marker_dag.py for tasks to queue
[2025-04-20T21:39:38.387+0800] {logging_mixin.py:190} INFO - [2025-04-20T21:39:38.386+0800] {dagbag.py:588} INFO - Filling up the DagBag from /mnt/c/Users/wu_li/OneDrive/Desktop/Airflow_pract/venv/lib/python3.9/site-packages/airflow/example_dags/example_external_task_marker_dag.py
[2025-04-20T21:39:38.411+0800] {processor.py:925} INFO - DAG(s) 'example_external_task_marker_child', 'example_external_task_marker_parent' retrieved from /mnt/c/Users/wu_li/OneDrive/Desktop/Airflow_pract/venv/lib/python3.9/site-packages/airflow/example_dags/example_external_task_marker_dag.py
[2025-04-20T21:39:38.451+0800] {logging_mixin.py:190} INFO - [2025-04-20T21:39:38.450+0800] {dag.py:3239} INFO - Sync 2 DAGs
[2025-04-20T21:39:38.482+0800] {logging_mixin.py:190} INFO - [2025-04-20T21:39:38.481+0800] {dag.py:4180} INFO - Setting next_dagrun for example_external_task_marker_child to None, run_after=None
[2025-04-20T21:39:38.487+0800] {logging_mixin.py:190} INFO - [2025-04-20T21:39:38.486+0800] {dag.py:4180} INFO - Setting next_dagrun for example_external_task_marker_parent to None, run_after=None
[2025-04-20T21:39:38.558+0800] {processor.py:208} INFO - Processing /mnt/c/Users/wu_li/OneDrive/Desktop/Airflow_pract/venv/lib/python3.9/site-packages/airflow/example_dags/example_external_task_marker_dag.py took 0.191 seconds
[2025-04-20T21:41:03.302+0800] {processor.py:186} INFO - Started process (PID=119068) to work on /mnt/c/Users/wu_li/OneDrive/Desktop/Airflow_pract/venv/lib/python3.9/site-packages/airflow/example_dags/example_external_task_marker_dag.py
[2025-04-20T21:41:03.303+0800] {processor.py:914} INFO - Processing file /mnt/c/Users/wu_li/OneDrive/Desktop/Airflow_pract/venv/lib/python3.9/site-packages/airflow/example_dags/example_external_task_marker_dag.py for tasks to queue
[2025-04-20T21:41:03.306+0800] {logging_mixin.py:190} INFO - [2025-04-20T21:41:03.305+0800] {dagbag.py:588} INFO - Filling up the DagBag from /mnt/c/Users/wu_li/OneDrive/Desktop/Airflow_pract/venv/lib/python3.9/site-packages/airflow/example_dags/example_external_task_marker_dag.py
[2025-04-20T21:41:03.327+0800] {processor.py:925} INFO - DAG(s) 'example_external_task_marker_parent', 'example_external_task_marker_child' retrieved from /mnt/c/Users/wu_li/OneDrive/Desktop/Airflow_pract/venv/lib/python3.9/site-packages/airflow/example_dags/example_external_task_marker_dag.py
[2025-04-20T21:41:03.357+0800] {logging_mixin.py:190} INFO - [2025-04-20T21:41:03.356+0800] {dag.py:3239} INFO - Sync 2 DAGs
[2025-04-20T21:41:03.370+0800] {logging_mixin.py:190} INFO - [2025-04-20T21:41:03.370+0800] {dag.py:4180} INFO - Setting next_dagrun for example_external_task_marker_child to None, run_after=None
[2025-04-20T21:41:03.375+0800] {logging_mixin.py:190} INFO - [2025-04-20T21:41:03.375+0800] {dag.py:4180} INFO - Setting next_dagrun for example_external_task_marker_parent to None, run_after=None
[2025-04-20T21:41:03.430+0800] {processor.py:208} INFO - Processing /mnt/c/Users/wu_li/OneDrive/Desktop/Airflow_pract/venv/lib/python3.9/site-packages/airflow/example_dags/example_external_task_marker_dag.py took 0.138 seconds
[2025-04-20T21:42:36.010+0800] {processor.py:186} INFO - Started process (PID=119963) to work on /mnt/c/Users/wu_li/OneDrive/Desktop/Airflow_pract/venv/lib/python3.9/site-packages/airflow/example_dags/example_external_task_marker_dag.py
[2025-04-20T21:42:36.012+0800] {processor.py:914} INFO - Processing file /mnt/c/Users/wu_li/OneDrive/Desktop/Airflow_pract/venv/lib/python3.9/site-packages/airflow/example_dags/example_external_task_marker_dag.py for tasks to queue
[2025-04-20T21:42:36.025+0800] {logging_mixin.py:190} INFO - [2025-04-20T21:42:36.015+0800] {dagbag.py:588} INFO - Filling up the DagBag from /mnt/c/Users/wu_li/OneDrive/Desktop/Airflow_pract/venv/lib/python3.9/site-packages/airflow/example_dags/example_external_task_marker_dag.py
[2025-04-20T21:42:36.062+0800] {processor.py:925} INFO - DAG(s) 'example_external_task_marker_parent', 'example_external_task_marker_child' retrieved from /mnt/c/Users/wu_li/OneDrive/Desktop/Airflow_pract/venv/lib/python3.9/site-packages/airflow/example_dags/example_external_task_marker_dag.py
[2025-04-20T21:42:36.137+0800] {logging_mixin.py:190} INFO - [2025-04-20T21:42:36.135+0800] {dag.py:3239} INFO - Sync 2 DAGs
[2025-04-20T21:42:36.168+0800] {logging_mixin.py:190} INFO - [2025-04-20T21:42:36.167+0800] {dag.py:4180} INFO - Setting next_dagrun for example_external_task_marker_child to None, run_after=None
[2025-04-20T21:42:36.178+0800] {logging_mixin.py:190} INFO - [2025-04-20T21:42:36.177+0800] {dag.py:4180} INFO - Setting next_dagrun for example_external_task_marker_parent to None, run_after=None
[2025-04-20T21:42:36.293+0800] {processor.py:208} INFO - Processing /mnt/c/Users/wu_li/OneDrive/Desktop/Airflow_pract/venv/lib/python3.9/site-packages/airflow/example_dags/example_external_task_marker_dag.py took 0.308 seconds
[2025-04-20T21:44:15.210+0800] {processor.py:186} INFO - Started process (PID=120867) to work on /mnt/c/Users/wu_li/OneDrive/Desktop/Airflow_pract/venv/lib/python3.9/site-packages/airflow/example_dags/example_external_task_marker_dag.py
[2025-04-20T21:44:15.212+0800] {processor.py:914} INFO - Processing file /mnt/c/Users/wu_li/OneDrive/Desktop/Airflow_pract/venv/lib/python3.9/site-packages/airflow/example_dags/example_external_task_marker_dag.py for tasks to queue
[2025-04-20T21:44:15.216+0800] {logging_mixin.py:190} INFO - [2025-04-20T21:44:15.215+0800] {dagbag.py:588} INFO - Filling up the DagBag from /mnt/c/Users/wu_li/OneDrive/Desktop/Airflow_pract/venv/lib/python3.9/site-packages/airflow/example_dags/example_external_task_marker_dag.py
[2025-04-20T21:44:15.250+0800] {processor.py:925} INFO - DAG(s) 'example_external_task_marker_child', 'example_external_task_marker_parent' retrieved from /mnt/c/Users/wu_li/OneDrive/Desktop/Airflow_pract/venv/lib/python3.9/site-packages/airflow/example_dags/example_external_task_marker_dag.py
[2025-04-20T21:44:15.315+0800] {logging_mixin.py:190} INFO - [2025-04-20T21:44:15.314+0800] {dag.py:3239} INFO - Sync 2 DAGs
[2025-04-20T21:44:15.355+0800] {logging_mixin.py:190} INFO - [2025-04-20T21:44:15.352+0800] {dag.py:4180} INFO - Setting next_dagrun for example_external_task_marker_child to None, run_after=None
[2025-04-20T21:44:15.365+0800] {logging_mixin.py:190} INFO - [2025-04-20T21:44:15.363+0800] {dag.py:4180} INFO - Setting next_dagrun for example_external_task_marker_parent to None, run_after=None
[2025-04-20T21:44:15.446+0800] {processor.py:208} INFO - Processing /mnt/c/Users/wu_li/OneDrive/Desktop/Airflow_pract/venv/lib/python3.9/site-packages/airflow/example_dags/example_external_task_marker_dag.py took 0.255 seconds
[2025-04-20T21:45:45.820+0800] {processor.py:186} INFO - Started process (PID=121884) to work on /mnt/c/Users/wu_li/OneDrive/Desktop/Airflow_pract/venv/lib/python3.9/site-packages/airflow/example_dags/example_external_task_marker_dag.py
[2025-04-20T21:45:45.822+0800] {processor.py:914} INFO - Processing file /mnt/c/Users/wu_li/OneDrive/Desktop/Airflow_pract/venv/lib/python3.9/site-packages/airflow/example_dags/example_external_task_marker_dag.py for tasks to queue
[2025-04-20T21:45:45.825+0800] {logging_mixin.py:190} INFO - [2025-04-20T21:45:45.824+0800] {dagbag.py:588} INFO - Filling up the DagBag from /mnt/c/Users/wu_li/OneDrive/Desktop/Airflow_pract/venv/lib/python3.9/site-packages/airflow/example_dags/example_external_task_marker_dag.py
[2025-04-20T21:45:45.916+0800] {processor.py:925} INFO - DAG(s) 'example_external_task_marker_parent', 'example_external_task_marker_child' retrieved from /mnt/c/Users/wu_li/OneDrive/Desktop/Airflow_pract/venv/lib/python3.9/site-packages/airflow/example_dags/example_external_task_marker_dag.py
[2025-04-20T21:45:46.033+0800] {logging_mixin.py:190} INFO - [2025-04-20T21:45:46.032+0800] {dag.py:3239} INFO - Sync 2 DAGs
[2025-04-20T21:45:46.086+0800] {logging_mixin.py:190} INFO - [2025-04-20T21:45:46.084+0800] {dag.py:4180} INFO - Setting next_dagrun for example_external_task_marker_child to None, run_after=None
[2025-04-20T21:45:46.095+0800] {logging_mixin.py:190} INFO - [2025-04-20T21:45:46.094+0800] {dag.py:4180} INFO - Setting next_dagrun for example_external_task_marker_parent to None, run_after=None
[2025-04-20T21:45:46.238+0800] {processor.py:208} INFO - Processing /mnt/c/Users/wu_li/OneDrive/Desktop/Airflow_pract/venv/lib/python3.9/site-packages/airflow/example_dags/example_external_task_marker_dag.py took 0.442 seconds
[2025-04-20T21:47:41.945+0800] {processor.py:186} INFO - Started process (PID=122617) to work on /mnt/c/Users/wu_li/OneDrive/Desktop/Airflow_pract/venv/lib/python3.9/site-packages/airflow/example_dags/example_external_task_marker_dag.py
[2025-04-20T21:47:41.948+0800] {processor.py:914} INFO - Processing file /mnt/c/Users/wu_li/OneDrive/Desktop/Airflow_pract/venv/lib/python3.9/site-packages/airflow/example_dags/example_external_task_marker_dag.py for tasks to queue
[2025-04-20T21:47:41.951+0800] {logging_mixin.py:190} INFO - [2025-04-20T21:47:41.950+0800] {dagbag.py:588} INFO - Filling up the DagBag from /mnt/c/Users/wu_li/OneDrive/Desktop/Airflow_pract/venv/lib/python3.9/site-packages/airflow/example_dags/example_external_task_marker_dag.py
[2025-04-20T21:47:41.985+0800] {processor.py:925} INFO - DAG(s) 'example_external_task_marker_child', 'example_external_task_marker_parent' retrieved from /mnt/c/Users/wu_li/OneDrive/Desktop/Airflow_pract/venv/lib/python3.9/site-packages/airflow/example_dags/example_external_task_marker_dag.py
[2025-04-20T21:47:42.036+0800] {logging_mixin.py:190} INFO - [2025-04-20T21:47:42.034+0800] {dag.py:3239} INFO - Sync 2 DAGs
[2025-04-20T21:47:42.070+0800] {logging_mixin.py:190} INFO - [2025-04-20T21:47:42.069+0800] {dag.py:4180} INFO - Setting next_dagrun for example_external_task_marker_child to None, run_after=None
[2025-04-20T21:47:42.076+0800] {logging_mixin.py:190} INFO - [2025-04-20T21:47:42.075+0800] {dag.py:4180} INFO - Setting next_dagrun for example_external_task_marker_parent to None, run_after=None
[2025-04-20T21:47:42.160+0800] {processor.py:208} INFO - Processing /mnt/c/Users/wu_li/OneDrive/Desktop/Airflow_pract/venv/lib/python3.9/site-packages/airflow/example_dags/example_external_task_marker_dag.py took 0.238 seconds
[2025-04-20T21:49:14.509+0800] {processor.py:186} INFO - Started process (PID=123744) to work on /mnt/c/Users/wu_li/OneDrive/Desktop/Airflow_pract/venv/lib/python3.9/site-packages/airflow/example_dags/example_external_task_marker_dag.py
[2025-04-20T21:49:14.512+0800] {processor.py:914} INFO - Processing file /mnt/c/Users/wu_li/OneDrive/Desktop/Airflow_pract/venv/lib/python3.9/site-packages/airflow/example_dags/example_external_task_marker_dag.py for tasks to queue
[2025-04-20T21:49:14.515+0800] {logging_mixin.py:190} INFO - [2025-04-20T21:49:14.514+0800] {dagbag.py:588} INFO - Filling up the DagBag from /mnt/c/Users/wu_li/OneDrive/Desktop/Airflow_pract/venv/lib/python3.9/site-packages/airflow/example_dags/example_external_task_marker_dag.py
[2025-04-20T21:49:14.539+0800] {processor.py:925} INFO - DAG(s) 'example_external_task_marker_parent', 'example_external_task_marker_child' retrieved from /mnt/c/Users/wu_li/OneDrive/Desktop/Airflow_pract/venv/lib/python3.9/site-packages/airflow/example_dags/example_external_task_marker_dag.py
[2025-04-20T21:49:14.576+0800] {logging_mixin.py:190} INFO - [2025-04-20T21:49:14.576+0800] {dag.py:3239} INFO - Sync 2 DAGs
[2025-04-20T21:49:14.594+0800] {logging_mixin.py:190} INFO - [2025-04-20T21:49:14.593+0800] {dag.py:4180} INFO - Setting next_dagrun for example_external_task_marker_child to None, run_after=None
[2025-04-20T21:49:14.600+0800] {logging_mixin.py:190} INFO - [2025-04-20T21:49:14.599+0800] {dag.py:4180} INFO - Setting next_dagrun for example_external_task_marker_parent to None, run_after=None
[2025-04-20T21:49:14.653+0800] {processor.py:208} INFO - Processing /mnt/c/Users/wu_li/OneDrive/Desktop/Airflow_pract/venv/lib/python3.9/site-packages/airflow/example_dags/example_external_task_marker_dag.py took 0.159 seconds
