[2025-04-20T20:12:17.902+0800] {processor.py:186} INFO - Started process (PID=64077) to work on /mnt/c/Users/wu_li/OneDrive/Desktop/Airflow_pract/venv/lib/python3.9/site-packages/airflow/example_dags/example_dynamic_task_mapping.py
[2025-04-20T20:12:17.904+0800] {processor.py:914} INFO - Processing file /mnt/c/Users/wu_li/OneDrive/Desktop/Airflow_pract/venv/lib/python3.9/site-packages/airflow/example_dags/example_dynamic_task_mapping.py for tasks to queue
[2025-04-20T20:12:17.909+0800] {logging_mixin.py:190} INFO - [2025-04-20T20:12:17.908+0800] {dagbag.py:588} INFO - Filling up the DagBag from /mnt/c/Users/wu_li/OneDrive/Desktop/Airflow_pract/venv/lib/python3.9/site-packages/airflow/example_dags/example_dynamic_task_mapping.py
[2025-04-20T20:12:18.035+0800] {processor.py:925} INFO - DAG(s) 'example_dynamic_task_mapping' retrieved from /mnt/c/Users/wu_li/OneDrive/Desktop/Airflow_pract/venv/lib/python3.9/site-packages/airflow/example_dags/example_dynamic_task_mapping.py
[2025-04-20T20:12:20.193+0800] {logging_mixin.py:190} INFO - [2025-04-20T20:12:20.191+0800] {override.py:1912} INFO - Created Permission View: can delete on DAG:example_dynamic_task_mapping
[2025-04-20T20:12:20.245+0800] {logging_mixin.py:190} INFO - [2025-04-20T20:12:20.243+0800] {override.py:1912} INFO - Created Permission View: can read on DAG:example_dynamic_task_mapping
[2025-04-20T20:12:20.292+0800] {logging_mixin.py:190} INFO - [2025-04-20T20:12:20.290+0800] {override.py:1912} INFO - Created Permission View: can edit on DAG:example_dynamic_task_mapping
[2025-04-20T20:12:20.388+0800] {logging_mixin.py:190} INFO - [2025-04-20T20:12:20.386+0800] {override.py:1912} INFO - Created Permission View: can delete on DAG Run:example_dynamic_task_mapping
[2025-04-20T20:12:20.475+0800] {logging_mixin.py:190} INFO - [2025-04-20T20:12:20.473+0800] {override.py:1912} INFO - Created Permission View: can read on DAG Run:example_dynamic_task_mapping
[2025-04-20T20:12:20.563+0800] {logging_mixin.py:190} INFO - [2025-04-20T20:12:20.561+0800] {override.py:1912} INFO - Created Permission View: can create on DAG Run:example_dynamic_task_mapping
[2025-04-20T20:12:20.641+0800] {logging_mixin.py:190} INFO - [2025-04-20T20:12:20.637+0800] {override.py:1912} INFO - Created Permission View: menu access on DAG Run:example_dynamic_task_mapping
[2025-04-20T20:12:20.644+0800] {logging_mixin.py:190} INFO - [2025-04-20T20:12:20.642+0800] {dag.py:3239} INFO - Sync 1 DAGs
[2025-04-20T20:12:20.689+0800] {logging_mixin.py:190} INFO - [2025-04-20T20:12:20.688+0800] {dag.py:3262} INFO - Creating ORM DAG for example_dynamic_task_mapping
[2025-04-20T20:12:20.692+0800] {logging_mixin.py:190} INFO - [2025-04-20T20:12:20.691+0800] {dag.py:4180} INFO - Setting next_dagrun for example_dynamic_task_mapping to None, run_after=None
[2025-04-20T20:12:20.789+0800] {processor.py:208} INFO - Processing /mnt/c/Users/wu_li/OneDrive/Desktop/Airflow_pract/venv/lib/python3.9/site-packages/airflow/example_dags/example_dynamic_task_mapping.py took 2.909 seconds
[2025-04-20T20:17:48.285+0800] {processor.py:186} INFO - Started process (PID=68089) to work on /mnt/c/Users/wu_li/OneDrive/Desktop/Airflow_pract/venv/lib/python3.9/site-packages/airflow/example_dags/example_dynamic_task_mapping.py
[2025-04-20T20:17:48.286+0800] {processor.py:914} INFO - Processing file /mnt/c/Users/wu_li/OneDrive/Desktop/Airflow_pract/venv/lib/python3.9/site-packages/airflow/example_dags/example_dynamic_task_mapping.py for tasks to queue
[2025-04-20T20:17:48.291+0800] {logging_mixin.py:190} INFO - [2025-04-20T20:17:48.290+0800] {dagbag.py:588} INFO - Filling up the DagBag from /mnt/c/Users/wu_li/OneDrive/Desktop/Airflow_pract/venv/lib/python3.9/site-packages/airflow/example_dags/example_dynamic_task_mapping.py
[2025-04-20T20:17:48.578+0800] {processor.py:925} INFO - DAG(s) 'example_dynamic_task_mapping' retrieved from /mnt/c/Users/wu_li/OneDrive/Desktop/Airflow_pract/venv/lib/python3.9/site-packages/airflow/example_dags/example_dynamic_task_mapping.py
[2025-04-20T20:17:48.608+0800] {logging_mixin.py:190} INFO - [2025-04-20T20:17:48.607+0800] {dag.py:3239} INFO - Sync 1 DAGs
[2025-04-20T20:17:48.625+0800] {logging_mixin.py:190} INFO - [2025-04-20T20:17:48.624+0800] {dag.py:4180} INFO - Setting next_dagrun for example_dynamic_task_mapping to None, run_after=None
[2025-04-20T20:17:48.684+0800] {processor.py:208} INFO - Processing /mnt/c/Users/wu_li/OneDrive/Desktop/Airflow_pract/venv/lib/python3.9/site-packages/airflow/example_dags/example_dynamic_task_mapping.py took 0.412 seconds
[2025-04-20T20:19:33.028+0800] {processor.py:186} INFO - Started process (PID=69325) to work on /mnt/c/Users/wu_li/OneDrive/Desktop/Airflow_pract/venv/lib/python3.9/site-packages/airflow/example_dags/example_dynamic_task_mapping.py
[2025-04-20T20:19:33.031+0800] {processor.py:914} INFO - Processing file /mnt/c/Users/wu_li/OneDrive/Desktop/Airflow_pract/venv/lib/python3.9/site-packages/airflow/example_dags/example_dynamic_task_mapping.py for tasks to queue
[2025-04-20T20:19:33.037+0800] {logging_mixin.py:190} INFO - [2025-04-20T20:19:33.035+0800] {dagbag.py:588} INFO - Filling up the DagBag from /mnt/c/Users/wu_li/OneDrive/Desktop/Airflow_pract/venv/lib/python3.9/site-packages/airflow/example_dags/example_dynamic_task_mapping.py
[2025-04-20T20:19:33.113+0800] {processor.py:925} INFO - DAG(s) 'example_dynamic_task_mapping' retrieved from /mnt/c/Users/wu_li/OneDrive/Desktop/Airflow_pract/venv/lib/python3.9/site-packages/airflow/example_dags/example_dynamic_task_mapping.py
[2025-04-20T20:19:33.143+0800] {logging_mixin.py:190} INFO - [2025-04-20T20:19:33.142+0800] {dag.py:3239} INFO - Sync 1 DAGs
[2025-04-20T20:19:33.157+0800] {logging_mixin.py:190} INFO - [2025-04-20T20:19:33.156+0800] {dag.py:4180} INFO - Setting next_dagrun for example_dynamic_task_mapping to None, run_after=None
[2025-04-20T20:19:33.214+0800] {processor.py:208} INFO - Processing /mnt/c/Users/wu_li/OneDrive/Desktop/Airflow_pract/venv/lib/python3.9/site-packages/airflow/example_dags/example_dynamic_task_mapping.py took 0.198 seconds
[2025-04-20T20:21:27.684+0800] {processor.py:186} INFO - Started process (PID=70328) to work on /mnt/c/Users/wu_li/OneDrive/Desktop/Airflow_pract/venv/lib/python3.9/site-packages/airflow/example_dags/example_dynamic_task_mapping.py
[2025-04-20T20:21:27.685+0800] {processor.py:914} INFO - Processing file /mnt/c/Users/wu_li/OneDrive/Desktop/Airflow_pract/venv/lib/python3.9/site-packages/airflow/example_dags/example_dynamic_task_mapping.py for tasks to queue
[2025-04-20T20:21:27.688+0800] {logging_mixin.py:190} INFO - [2025-04-20T20:21:27.687+0800] {dagbag.py:588} INFO - Filling up the DagBag from /mnt/c/Users/wu_li/OneDrive/Desktop/Airflow_pract/venv/lib/python3.9/site-packages/airflow/example_dags/example_dynamic_task_mapping.py
[2025-04-20T20:21:27.745+0800] {processor.py:925} INFO - DAG(s) 'example_dynamic_task_mapping' retrieved from /mnt/c/Users/wu_li/OneDrive/Desktop/Airflow_pract/venv/lib/python3.9/site-packages/airflow/example_dags/example_dynamic_task_mapping.py
[2025-04-20T20:21:27.769+0800] {logging_mixin.py:190} INFO - [2025-04-20T20:21:27.768+0800] {dag.py:3239} INFO - Sync 1 DAGs
[2025-04-20T20:21:27.786+0800] {logging_mixin.py:190} INFO - [2025-04-20T20:21:27.785+0800] {dag.py:4180} INFO - Setting next_dagrun for example_dynamic_task_mapping to None, run_after=None
[2025-04-20T20:21:27.846+0800] {processor.py:208} INFO - Processing /mnt/c/Users/wu_li/OneDrive/Desktop/Airflow_pract/venv/lib/python3.9/site-packages/airflow/example_dags/example_dynamic_task_mapping.py took 0.173 seconds
[2025-04-20T20:23:24.878+0800] {processor.py:186} INFO - Started process (PID=71277) to work on /mnt/c/Users/wu_li/OneDrive/Desktop/Airflow_pract/venv/lib/python3.9/site-packages/airflow/example_dags/example_dynamic_task_mapping.py
[2025-04-20T20:23:24.881+0800] {processor.py:914} INFO - Processing file /mnt/c/Users/wu_li/OneDrive/Desktop/Airflow_pract/venv/lib/python3.9/site-packages/airflow/example_dags/example_dynamic_task_mapping.py for tasks to queue
[2025-04-20T20:23:24.889+0800] {logging_mixin.py:190} INFO - [2025-04-20T20:23:24.887+0800] {dagbag.py:588} INFO - Filling up the DagBag from /mnt/c/Users/wu_li/OneDrive/Desktop/Airflow_pract/venv/lib/python3.9/site-packages/airflow/example_dags/example_dynamic_task_mapping.py
[2025-04-20T20:23:25.032+0800] {processor.py:925} INFO - DAG(s) 'example_dynamic_task_mapping' retrieved from /mnt/c/Users/wu_li/OneDrive/Desktop/Airflow_pract/venv/lib/python3.9/site-packages/airflow/example_dags/example_dynamic_task_mapping.py
[2025-04-20T20:23:25.094+0800] {logging_mixin.py:190} INFO - [2025-04-20T20:23:25.092+0800] {dag.py:3239} INFO - Sync 1 DAGs
[2025-04-20T20:23:25.145+0800] {logging_mixin.py:190} INFO - [2025-04-20T20:23:25.143+0800] {dag.py:4180} INFO - Setting next_dagrun for example_dynamic_task_mapping to None, run_after=None
[2025-04-20T20:23:25.238+0800] {processor.py:208} INFO - Processing /mnt/c/Users/wu_li/OneDrive/Desktop/Airflow_pract/venv/lib/python3.9/site-packages/airflow/example_dags/example_dynamic_task_mapping.py took 0.384 seconds
[2025-04-20T20:25:24.167+0800] {processor.py:186} INFO - Started process (PID=72307) to work on /mnt/c/Users/wu_li/OneDrive/Desktop/Airflow_pract/venv/lib/python3.9/site-packages/airflow/example_dags/example_dynamic_task_mapping.py
[2025-04-20T20:25:24.171+0800] {processor.py:914} INFO - Processing file /mnt/c/Users/wu_li/OneDrive/Desktop/Airflow_pract/venv/lib/python3.9/site-packages/airflow/example_dags/example_dynamic_task_mapping.py for tasks to queue
[2025-04-20T20:25:24.176+0800] {logging_mixin.py:190} INFO - [2025-04-20T20:25:24.174+0800] {dagbag.py:588} INFO - Filling up the DagBag from /mnt/c/Users/wu_li/OneDrive/Desktop/Airflow_pract/venv/lib/python3.9/site-packages/airflow/example_dags/example_dynamic_task_mapping.py
[2025-04-20T20:25:24.315+0800] {processor.py:925} INFO - DAG(s) 'example_dynamic_task_mapping' retrieved from /mnt/c/Users/wu_li/OneDrive/Desktop/Airflow_pract/venv/lib/python3.9/site-packages/airflow/example_dags/example_dynamic_task_mapping.py
[2025-04-20T20:25:24.360+0800] {logging_mixin.py:190} INFO - [2025-04-20T20:25:24.359+0800] {dag.py:3239} INFO - Sync 1 DAGs
[2025-04-20T20:25:24.432+0800] {logging_mixin.py:190} INFO - [2025-04-20T20:25:24.419+0800] {dag.py:4180} INFO - Setting next_dagrun for example_dynamic_task_mapping to None, run_after=None
[2025-04-20T20:25:24.525+0800] {processor.py:208} INFO - Processing /mnt/c/Users/wu_li/OneDrive/Desktop/Airflow_pract/venv/lib/python3.9/site-packages/airflow/example_dags/example_dynamic_task_mapping.py took 0.384 seconds
[2025-04-20T20:27:18.593+0800] {processor.py:186} INFO - Started process (PID=73482) to work on /mnt/c/Users/wu_li/OneDrive/Desktop/Airflow_pract/venv/lib/python3.9/site-packages/airflow/example_dags/example_dynamic_task_mapping.py
[2025-04-20T20:27:18.597+0800] {processor.py:914} INFO - Processing file /mnt/c/Users/wu_li/OneDrive/Desktop/Airflow_pract/venv/lib/python3.9/site-packages/airflow/example_dags/example_dynamic_task_mapping.py for tasks to queue
[2025-04-20T20:27:18.603+0800] {logging_mixin.py:190} INFO - [2025-04-20T20:27:18.602+0800] {dagbag.py:588} INFO - Filling up the DagBag from /mnt/c/Users/wu_li/OneDrive/Desktop/Airflow_pract/venv/lib/python3.9/site-packages/airflow/example_dags/example_dynamic_task_mapping.py
[2025-04-20T20:27:18.699+0800] {processor.py:925} INFO - DAG(s) 'example_dynamic_task_mapping' retrieved from /mnt/c/Users/wu_li/OneDrive/Desktop/Airflow_pract/venv/lib/python3.9/site-packages/airflow/example_dags/example_dynamic_task_mapping.py
[2025-04-20T20:27:18.740+0800] {logging_mixin.py:190} INFO - [2025-04-20T20:27:18.738+0800] {dag.py:3239} INFO - Sync 1 DAGs
[2025-04-20T20:27:18.785+0800] {logging_mixin.py:190} INFO - [2025-04-20T20:27:18.780+0800] {dag.py:4180} INFO - Setting next_dagrun for example_dynamic_task_mapping to None, run_after=None
[2025-04-20T20:27:18.889+0800] {processor.py:208} INFO - Processing /mnt/c/Users/wu_li/OneDrive/Desktop/Airflow_pract/venv/lib/python3.9/site-packages/airflow/example_dags/example_dynamic_task_mapping.py took 0.322 seconds
[2025-04-20T20:36:55.937+0800] {processor.py:186} INFO - Started process (PID=77410) to work on /mnt/c/Users/wu_li/OneDrive/Desktop/Airflow_pract/venv/lib/python3.9/site-packages/airflow/example_dags/example_dynamic_task_mapping.py
[2025-04-20T20:36:55.939+0800] {processor.py:914} INFO - Processing file /mnt/c/Users/wu_li/OneDrive/Desktop/Airflow_pract/venv/lib/python3.9/site-packages/airflow/example_dags/example_dynamic_task_mapping.py for tasks to queue
[2025-04-20T20:36:55.944+0800] {logging_mixin.py:190} INFO - [2025-04-20T20:36:55.942+0800] {dagbag.py:588} INFO - Filling up the DagBag from /mnt/c/Users/wu_li/OneDrive/Desktop/Airflow_pract/venv/lib/python3.9/site-packages/airflow/example_dags/example_dynamic_task_mapping.py
[2025-04-20T20:36:55.999+0800] {processor.py:925} INFO - DAG(s) 'example_dynamic_task_mapping' retrieved from /mnt/c/Users/wu_li/OneDrive/Desktop/Airflow_pract/venv/lib/python3.9/site-packages/airflow/example_dags/example_dynamic_task_mapping.py
[2025-04-20T20:36:56.056+0800] {logging_mixin.py:190} INFO - [2025-04-20T20:36:56.055+0800] {dag.py:3239} INFO - Sync 1 DAGs
[2025-04-20T20:36:56.115+0800] {logging_mixin.py:190} INFO - [2025-04-20T20:36:56.114+0800] {dag.py:4180} INFO - Setting next_dagrun for example_dynamic_task_mapping to None, run_after=None
[2025-04-20T20:36:56.231+0800] {processor.py:208} INFO - Processing /mnt/c/Users/wu_li/OneDrive/Desktop/Airflow_pract/venv/lib/python3.9/site-packages/airflow/example_dags/example_dynamic_task_mapping.py took 0.338 seconds
[2025-04-20T20:38:33.270+0800] {processor.py:186} INFO - Started process (PID=78426) to work on /mnt/c/Users/wu_li/OneDrive/Desktop/Airflow_pract/venv/lib/python3.9/site-packages/airflow/example_dags/example_dynamic_task_mapping.py
[2025-04-20T20:38:33.272+0800] {processor.py:914} INFO - Processing file /mnt/c/Users/wu_li/OneDrive/Desktop/Airflow_pract/venv/lib/python3.9/site-packages/airflow/example_dags/example_dynamic_task_mapping.py for tasks to queue
[2025-04-20T20:38:33.277+0800] {logging_mixin.py:190} INFO - [2025-04-20T20:38:33.273+0800] {dagbag.py:588} INFO - Filling up the DagBag from /mnt/c/Users/wu_li/OneDrive/Desktop/Airflow_pract/venv/lib/python3.9/site-packages/airflow/example_dags/example_dynamic_task_mapping.py
[2025-04-20T20:38:33.303+0800] {processor.py:925} INFO - DAG(s) 'example_dynamic_task_mapping' retrieved from /mnt/c/Users/wu_li/OneDrive/Desktop/Airflow_pract/venv/lib/python3.9/site-packages/airflow/example_dags/example_dynamic_task_mapping.py
[2025-04-20T20:38:33.333+0800] {logging_mixin.py:190} INFO - [2025-04-20T20:38:33.332+0800] {dag.py:3239} INFO - Sync 1 DAGs
[2025-04-20T20:38:33.351+0800] {logging_mixin.py:190} INFO - [2025-04-20T20:38:33.349+0800] {dag.py:4180} INFO - Setting next_dagrun for example_dynamic_task_mapping to None, run_after=None
[2025-04-20T20:38:33.418+0800] {processor.py:208} INFO - Processing /mnt/c/Users/wu_li/OneDrive/Desktop/Airflow_pract/venv/lib/python3.9/site-packages/airflow/example_dags/example_dynamic_task_mapping.py took 0.162 seconds
[2025-04-20T20:40:03.216+0800] {processor.py:186} INFO - Started process (PID=79504) to work on /mnt/c/Users/wu_li/OneDrive/Desktop/Airflow_pract/venv/lib/python3.9/site-packages/airflow/example_dags/example_dynamic_task_mapping.py
[2025-04-20T20:40:03.226+0800] {processor.py:914} INFO - Processing file /mnt/c/Users/wu_li/OneDrive/Desktop/Airflow_pract/venv/lib/python3.9/site-packages/airflow/example_dags/example_dynamic_task_mapping.py for tasks to queue
[2025-04-20T20:40:03.233+0800] {logging_mixin.py:190} INFO - [2025-04-20T20:40:03.231+0800] {dagbag.py:588} INFO - Filling up the DagBag from /mnt/c/Users/wu_li/OneDrive/Desktop/Airflow_pract/venv/lib/python3.9/site-packages/airflow/example_dags/example_dynamic_task_mapping.py
[2025-04-20T20:40:03.301+0800] {processor.py:925} INFO - DAG(s) 'example_dynamic_task_mapping' retrieved from /mnt/c/Users/wu_li/OneDrive/Desktop/Airflow_pract/venv/lib/python3.9/site-packages/airflow/example_dags/example_dynamic_task_mapping.py
[2025-04-20T20:40:03.398+0800] {logging_mixin.py:190} INFO - [2025-04-20T20:40:03.396+0800] {dag.py:3239} INFO - Sync 1 DAGs
[2025-04-20T20:40:03.437+0800] {logging_mixin.py:190} INFO - [2025-04-20T20:40:03.435+0800] {dag.py:4180} INFO - Setting next_dagrun for example_dynamic_task_mapping to None, run_after=None
[2025-04-20T20:40:03.608+0800] {processor.py:208} INFO - Processing /mnt/c/Users/wu_li/OneDrive/Desktop/Airflow_pract/venv/lib/python3.9/site-packages/airflow/example_dags/example_dynamic_task_mapping.py took 0.478 seconds
[2025-04-20T20:42:03.268+0800] {processor.py:186} INFO - Started process (PID=80420) to work on /mnt/c/Users/wu_li/OneDrive/Desktop/Airflow_pract/venv/lib/python3.9/site-packages/airflow/example_dags/example_dynamic_task_mapping.py
[2025-04-20T20:42:03.270+0800] {processor.py:914} INFO - Processing file /mnt/c/Users/wu_li/OneDrive/Desktop/Airflow_pract/venv/lib/python3.9/site-packages/airflow/example_dags/example_dynamic_task_mapping.py for tasks to queue
[2025-04-20T20:42:03.275+0800] {logging_mixin.py:190} INFO - [2025-04-20T20:42:03.274+0800] {dagbag.py:588} INFO - Filling up the DagBag from /mnt/c/Users/wu_li/OneDrive/Desktop/Airflow_pract/venv/lib/python3.9/site-packages/airflow/example_dags/example_dynamic_task_mapping.py
[2025-04-20T20:42:03.303+0800] {processor.py:925} INFO - DAG(s) 'example_dynamic_task_mapping' retrieved from /mnt/c/Users/wu_li/OneDrive/Desktop/Airflow_pract/venv/lib/python3.9/site-packages/airflow/example_dags/example_dynamic_task_mapping.py
[2025-04-20T20:42:03.338+0800] {logging_mixin.py:190} INFO - [2025-04-20T20:42:03.337+0800] {dag.py:3239} INFO - Sync 1 DAGs
[2025-04-20T20:42:03.365+0800] {logging_mixin.py:190} INFO - [2025-04-20T20:42:03.364+0800] {dag.py:4180} INFO - Setting next_dagrun for example_dynamic_task_mapping to None, run_after=None
[2025-04-20T20:42:03.550+0800] {processor.py:208} INFO - Processing /mnt/c/Users/wu_li/OneDrive/Desktop/Airflow_pract/venv/lib/python3.9/site-packages/airflow/example_dags/example_dynamic_task_mapping.py took 0.295 seconds
[2025-04-20T20:43:45.932+0800] {processor.py:186} INFO - Started process (PID=81464) to work on /mnt/c/Users/wu_li/OneDrive/Desktop/Airflow_pract/venv/lib/python3.9/site-packages/airflow/example_dags/example_dynamic_task_mapping.py
[2025-04-20T20:43:45.935+0800] {processor.py:914} INFO - Processing file /mnt/c/Users/wu_li/OneDrive/Desktop/Airflow_pract/venv/lib/python3.9/site-packages/airflow/example_dags/example_dynamic_task_mapping.py for tasks to queue
[2025-04-20T20:43:45.939+0800] {logging_mixin.py:190} INFO - [2025-04-20T20:43:45.937+0800] {dagbag.py:588} INFO - Filling up the DagBag from /mnt/c/Users/wu_li/OneDrive/Desktop/Airflow_pract/venv/lib/python3.9/site-packages/airflow/example_dags/example_dynamic_task_mapping.py
[2025-04-20T20:43:45.967+0800] {processor.py:925} INFO - DAG(s) 'example_dynamic_task_mapping' retrieved from /mnt/c/Users/wu_li/OneDrive/Desktop/Airflow_pract/venv/lib/python3.9/site-packages/airflow/example_dags/example_dynamic_task_mapping.py
[2025-04-20T20:43:46.022+0800] {logging_mixin.py:190} INFO - [2025-04-20T20:43:46.021+0800] {dag.py:3239} INFO - Sync 1 DAGs
[2025-04-20T20:43:46.054+0800] {logging_mixin.py:190} INFO - [2025-04-20T20:43:46.052+0800] {dag.py:4180} INFO - Setting next_dagrun for example_dynamic_task_mapping to None, run_after=None
[2025-04-20T20:43:46.156+0800] {processor.py:208} INFO - Processing /mnt/c/Users/wu_li/OneDrive/Desktop/Airflow_pract/venv/lib/python3.9/site-packages/airflow/example_dags/example_dynamic_task_mapping.py took 0.250 seconds
[2025-04-20T20:45:25.547+0800] {processor.py:186} INFO - Started process (PID=82257) to work on /mnt/c/Users/wu_li/OneDrive/Desktop/Airflow_pract/venv/lib/python3.9/site-packages/airflow/example_dags/example_dynamic_task_mapping.py
[2025-04-20T20:45:25.549+0800] {processor.py:914} INFO - Processing file /mnt/c/Users/wu_li/OneDrive/Desktop/Airflow_pract/venv/lib/python3.9/site-packages/airflow/example_dags/example_dynamic_task_mapping.py for tasks to queue
[2025-04-20T20:45:25.553+0800] {logging_mixin.py:190} INFO - [2025-04-20T20:45:25.552+0800] {dagbag.py:588} INFO - Filling up the DagBag from /mnt/c/Users/wu_li/OneDrive/Desktop/Airflow_pract/venv/lib/python3.9/site-packages/airflow/example_dags/example_dynamic_task_mapping.py
[2025-04-20T20:45:25.596+0800] {processor.py:925} INFO - DAG(s) 'example_dynamic_task_mapping' retrieved from /mnt/c/Users/wu_li/OneDrive/Desktop/Airflow_pract/venv/lib/python3.9/site-packages/airflow/example_dags/example_dynamic_task_mapping.py
[2025-04-20T20:45:25.666+0800] {logging_mixin.py:190} INFO - [2025-04-20T20:45:25.664+0800] {dag.py:3239} INFO - Sync 1 DAGs
[2025-04-20T20:45:25.718+0800] {logging_mixin.py:190} INFO - [2025-04-20T20:45:25.716+0800] {dag.py:4180} INFO - Setting next_dagrun for example_dynamic_task_mapping to None, run_after=None
[2025-04-20T20:45:25.838+0800] {processor.py:208} INFO - Processing /mnt/c/Users/wu_li/OneDrive/Desktop/Airflow_pract/venv/lib/python3.9/site-packages/airflow/example_dags/example_dynamic_task_mapping.py took 0.316 seconds
[2025-04-20T20:47:15.965+0800] {processor.py:186} INFO - Started process (PID=83126) to work on /mnt/c/Users/wu_li/OneDrive/Desktop/Airflow_pract/venv/lib/python3.9/site-packages/airflow/example_dags/example_dynamic_task_mapping.py
[2025-04-20T20:47:15.968+0800] {processor.py:914} INFO - Processing file /mnt/c/Users/wu_li/OneDrive/Desktop/Airflow_pract/venv/lib/python3.9/site-packages/airflow/example_dags/example_dynamic_task_mapping.py for tasks to queue
[2025-04-20T20:47:15.973+0800] {logging_mixin.py:190} INFO - [2025-04-20T20:47:15.972+0800] {dagbag.py:588} INFO - Filling up the DagBag from /mnt/c/Users/wu_li/OneDrive/Desktop/Airflow_pract/venv/lib/python3.9/site-packages/airflow/example_dags/example_dynamic_task_mapping.py
[2025-04-20T20:47:16.018+0800] {processor.py:925} INFO - DAG(s) 'example_dynamic_task_mapping' retrieved from /mnt/c/Users/wu_li/OneDrive/Desktop/Airflow_pract/venv/lib/python3.9/site-packages/airflow/example_dags/example_dynamic_task_mapping.py
[2025-04-20T20:47:16.050+0800] {logging_mixin.py:190} INFO - [2025-04-20T20:47:16.049+0800] {dag.py:3239} INFO - Sync 1 DAGs
[2025-04-20T20:47:16.067+0800] {logging_mixin.py:190} INFO - [2025-04-20T20:47:16.066+0800] {dag.py:4180} INFO - Setting next_dagrun for example_dynamic_task_mapping to None, run_after=None
[2025-04-20T20:47:16.132+0800] {processor.py:208} INFO - Processing /mnt/c/Users/wu_li/OneDrive/Desktop/Airflow_pract/venv/lib/python3.9/site-packages/airflow/example_dags/example_dynamic_task_mapping.py took 0.199 seconds
[2025-04-20T20:48:58.756+0800] {processor.py:186} INFO - Started process (PID=84139) to work on /mnt/c/Users/wu_li/OneDrive/Desktop/Airflow_pract/venv/lib/python3.9/site-packages/airflow/example_dags/example_dynamic_task_mapping.py
[2025-04-20T20:48:58.759+0800] {processor.py:914} INFO - Processing file /mnt/c/Users/wu_li/OneDrive/Desktop/Airflow_pract/venv/lib/python3.9/site-packages/airflow/example_dags/example_dynamic_task_mapping.py for tasks to queue
[2025-04-20T20:48:58.765+0800] {logging_mixin.py:190} INFO - [2025-04-20T20:48:58.762+0800] {dagbag.py:588} INFO - Filling up the DagBag from /mnt/c/Users/wu_li/OneDrive/Desktop/Airflow_pract/venv/lib/python3.9/site-packages/airflow/example_dags/example_dynamic_task_mapping.py
[2025-04-20T20:48:58.817+0800] {processor.py:925} INFO - DAG(s) 'example_dynamic_task_mapping' retrieved from /mnt/c/Users/wu_li/OneDrive/Desktop/Airflow_pract/venv/lib/python3.9/site-packages/airflow/example_dags/example_dynamic_task_mapping.py
[2025-04-20T20:48:58.884+0800] {logging_mixin.py:190} INFO - [2025-04-20T20:48:58.880+0800] {dag.py:3239} INFO - Sync 1 DAGs
[2025-04-20T20:48:58.930+0800] {logging_mixin.py:190} INFO - [2025-04-20T20:48:58.929+0800] {dag.py:4180} INFO - Setting next_dagrun for example_dynamic_task_mapping to None, run_after=None
[2025-04-20T20:48:59.083+0800] {processor.py:208} INFO - Processing /mnt/c/Users/wu_li/OneDrive/Desktop/Airflow_pract/venv/lib/python3.9/site-packages/airflow/example_dags/example_dynamic_task_mapping.py took 0.353 seconds
[2025-04-20T20:50:55.276+0800] {processor.py:186} INFO - Started process (PID=85009) to work on /mnt/c/Users/wu_li/OneDrive/Desktop/Airflow_pract/venv/lib/python3.9/site-packages/airflow/example_dags/example_dynamic_task_mapping.py
[2025-04-20T20:50:55.282+0800] {processor.py:914} INFO - Processing file /mnt/c/Users/wu_li/OneDrive/Desktop/Airflow_pract/venv/lib/python3.9/site-packages/airflow/example_dags/example_dynamic_task_mapping.py for tasks to queue
[2025-04-20T20:50:55.286+0800] {logging_mixin.py:190} INFO - [2025-04-20T20:50:55.285+0800] {dagbag.py:588} INFO - Filling up the DagBag from /mnt/c/Users/wu_li/OneDrive/Desktop/Airflow_pract/venv/lib/python3.9/site-packages/airflow/example_dags/example_dynamic_task_mapping.py
[2025-04-20T20:50:55.326+0800] {processor.py:925} INFO - DAG(s) 'example_dynamic_task_mapping' retrieved from /mnt/c/Users/wu_li/OneDrive/Desktop/Airflow_pract/venv/lib/python3.9/site-packages/airflow/example_dags/example_dynamic_task_mapping.py
[2025-04-20T20:50:55.386+0800] {logging_mixin.py:190} INFO - [2025-04-20T20:50:55.385+0800] {dag.py:3239} INFO - Sync 1 DAGs
[2025-04-20T20:50:55.441+0800] {logging_mixin.py:190} INFO - [2025-04-20T20:50:55.434+0800] {dag.py:4180} INFO - Setting next_dagrun for example_dynamic_task_mapping to None, run_after=None
[2025-04-20T20:50:55.555+0800] {processor.py:208} INFO - Processing /mnt/c/Users/wu_li/OneDrive/Desktop/Airflow_pract/venv/lib/python3.9/site-packages/airflow/example_dags/example_dynamic_task_mapping.py took 0.302 seconds
[2025-04-20T20:52:52.825+0800] {processor.py:186} INFO - Started process (PID=85926) to work on /mnt/c/Users/wu_li/OneDrive/Desktop/Airflow_pract/venv/lib/python3.9/site-packages/airflow/example_dags/example_dynamic_task_mapping.py
[2025-04-20T20:52:52.827+0800] {processor.py:914} INFO - Processing file /mnt/c/Users/wu_li/OneDrive/Desktop/Airflow_pract/venv/lib/python3.9/site-packages/airflow/example_dags/example_dynamic_task_mapping.py for tasks to queue
[2025-04-20T20:52:52.836+0800] {logging_mixin.py:190} INFO - [2025-04-20T20:52:52.834+0800] {dagbag.py:588} INFO - Filling up the DagBag from /mnt/c/Users/wu_li/OneDrive/Desktop/Airflow_pract/venv/lib/python3.9/site-packages/airflow/example_dags/example_dynamic_task_mapping.py
[2025-04-20T20:52:52.868+0800] {processor.py:925} INFO - DAG(s) 'example_dynamic_task_mapping' retrieved from /mnt/c/Users/wu_li/OneDrive/Desktop/Airflow_pract/venv/lib/python3.9/site-packages/airflow/example_dags/example_dynamic_task_mapping.py
[2025-04-20T20:52:52.900+0800] {logging_mixin.py:190} INFO - [2025-04-20T20:52:52.899+0800] {dag.py:3239} INFO - Sync 1 DAGs
[2025-04-20T20:52:52.920+0800] {logging_mixin.py:190} INFO - [2025-04-20T20:52:52.918+0800] {dag.py:4180} INFO - Setting next_dagrun for example_dynamic_task_mapping to None, run_after=None
[2025-04-20T20:52:52.986+0800] {processor.py:208} INFO - Processing /mnt/c/Users/wu_li/OneDrive/Desktop/Airflow_pract/venv/lib/python3.9/site-packages/airflow/example_dags/example_dynamic_task_mapping.py took 0.258 seconds
[2025-04-20T20:54:21.433+0800] {processor.py:186} INFO - Started process (PID=86961) to work on /mnt/c/Users/wu_li/OneDrive/Desktop/Airflow_pract/venv/lib/python3.9/site-packages/airflow/example_dags/example_dynamic_task_mapping.py
[2025-04-20T20:54:21.434+0800] {processor.py:914} INFO - Processing file /mnt/c/Users/wu_li/OneDrive/Desktop/Airflow_pract/venv/lib/python3.9/site-packages/airflow/example_dags/example_dynamic_task_mapping.py for tasks to queue
[2025-04-20T20:54:21.437+0800] {logging_mixin.py:190} INFO - [2025-04-20T20:54:21.436+0800] {dagbag.py:588} INFO - Filling up the DagBag from /mnt/c/Users/wu_li/OneDrive/Desktop/Airflow_pract/venv/lib/python3.9/site-packages/airflow/example_dags/example_dynamic_task_mapping.py
[2025-04-20T20:54:21.461+0800] {processor.py:925} INFO - DAG(s) 'example_dynamic_task_mapping' retrieved from /mnt/c/Users/wu_li/OneDrive/Desktop/Airflow_pract/venv/lib/python3.9/site-packages/airflow/example_dags/example_dynamic_task_mapping.py
[2025-04-20T20:54:21.486+0800] {logging_mixin.py:190} INFO - [2025-04-20T20:54:21.485+0800] {dag.py:3239} INFO - Sync 1 DAGs
[2025-04-20T20:54:21.499+0800] {logging_mixin.py:190} INFO - [2025-04-20T20:54:21.498+0800] {dag.py:4180} INFO - Setting next_dagrun for example_dynamic_task_mapping to None, run_after=None
[2025-04-20T20:54:21.557+0800] {processor.py:208} INFO - Processing /mnt/c/Users/wu_li/OneDrive/Desktop/Airflow_pract/venv/lib/python3.9/site-packages/airflow/example_dags/example_dynamic_task_mapping.py took 0.136 seconds
[2025-04-20T20:55:50.311+0800] {processor.py:186} INFO - Started process (PID=87823) to work on /mnt/c/Users/wu_li/OneDrive/Desktop/Airflow_pract/venv/lib/python3.9/site-packages/airflow/example_dags/example_dynamic_task_mapping.py
[2025-04-20T20:55:50.313+0800] {processor.py:914} INFO - Processing file /mnt/c/Users/wu_li/OneDrive/Desktop/Airflow_pract/venv/lib/python3.9/site-packages/airflow/example_dags/example_dynamic_task_mapping.py for tasks to queue
[2025-04-20T20:55:50.316+0800] {logging_mixin.py:190} INFO - [2025-04-20T20:55:50.315+0800] {dagbag.py:588} INFO - Filling up the DagBag from /mnt/c/Users/wu_li/OneDrive/Desktop/Airflow_pract/venv/lib/python3.9/site-packages/airflow/example_dags/example_dynamic_task_mapping.py
[2025-04-20T20:55:50.339+0800] {processor.py:925} INFO - DAG(s) 'example_dynamic_task_mapping' retrieved from /mnt/c/Users/wu_li/OneDrive/Desktop/Airflow_pract/venv/lib/python3.9/site-packages/airflow/example_dags/example_dynamic_task_mapping.py
[2025-04-20T20:55:50.371+0800] {logging_mixin.py:190} INFO - [2025-04-20T20:55:50.370+0800] {dag.py:3239} INFO - Sync 1 DAGs
[2025-04-20T20:55:50.394+0800] {logging_mixin.py:190} INFO - [2025-04-20T20:55:50.393+0800] {dag.py:4180} INFO - Setting next_dagrun for example_dynamic_task_mapping to None, run_after=None
[2025-04-20T20:55:50.469+0800] {processor.py:208} INFO - Processing /mnt/c/Users/wu_li/OneDrive/Desktop/Airflow_pract/venv/lib/python3.9/site-packages/airflow/example_dags/example_dynamic_task_mapping.py took 0.171 seconds
[2025-04-20T20:57:21.650+0800] {processor.py:186} INFO - Started process (PID=88903) to work on /mnt/c/Users/wu_li/OneDrive/Desktop/Airflow_pract/venv/lib/python3.9/site-packages/airflow/example_dags/example_dynamic_task_mapping.py
[2025-04-20T20:57:21.652+0800] {processor.py:914} INFO - Processing file /mnt/c/Users/wu_li/OneDrive/Desktop/Airflow_pract/venv/lib/python3.9/site-packages/airflow/example_dags/example_dynamic_task_mapping.py for tasks to queue
[2025-04-20T20:57:21.659+0800] {logging_mixin.py:190} INFO - [2025-04-20T20:57:21.658+0800] {dagbag.py:588} INFO - Filling up the DagBag from /mnt/c/Users/wu_li/OneDrive/Desktop/Airflow_pract/venv/lib/python3.9/site-packages/airflow/example_dags/example_dynamic_task_mapping.py
[2025-04-20T20:57:21.697+0800] {processor.py:925} INFO - DAG(s) 'example_dynamic_task_mapping' retrieved from /mnt/c/Users/wu_li/OneDrive/Desktop/Airflow_pract/venv/lib/python3.9/site-packages/airflow/example_dags/example_dynamic_task_mapping.py
[2025-04-20T20:57:21.747+0800] {logging_mixin.py:190} INFO - [2025-04-20T20:57:21.742+0800] {dag.py:3239} INFO - Sync 1 DAGs
[2025-04-20T20:57:21.785+0800] {logging_mixin.py:190} INFO - [2025-04-20T20:57:21.783+0800] {dag.py:4180} INFO - Setting next_dagrun for example_dynamic_task_mapping to None, run_after=None
[2025-04-20T20:57:21.889+0800] {processor.py:208} INFO - Processing /mnt/c/Users/wu_li/OneDrive/Desktop/Airflow_pract/venv/lib/python3.9/site-packages/airflow/example_dags/example_dynamic_task_mapping.py took 0.267 seconds
[2025-04-20T20:58:52.127+0800] {processor.py:186} INFO - Started process (PID=89955) to work on /mnt/c/Users/wu_li/OneDrive/Desktop/Airflow_pract/venv/lib/python3.9/site-packages/airflow/example_dags/example_dynamic_task_mapping.py
[2025-04-20T20:58:52.128+0800] {processor.py:914} INFO - Processing file /mnt/c/Users/wu_li/OneDrive/Desktop/Airflow_pract/venv/lib/python3.9/site-packages/airflow/example_dags/example_dynamic_task_mapping.py for tasks to queue
[2025-04-20T20:58:52.130+0800] {logging_mixin.py:190} INFO - [2025-04-20T20:58:52.130+0800] {dagbag.py:588} INFO - Filling up the DagBag from /mnt/c/Users/wu_li/OneDrive/Desktop/Airflow_pract/venv/lib/python3.9/site-packages/airflow/example_dags/example_dynamic_task_mapping.py
[2025-04-20T20:58:52.148+0800] {processor.py:925} INFO - DAG(s) 'example_dynamic_task_mapping' retrieved from /mnt/c/Users/wu_li/OneDrive/Desktop/Airflow_pract/venv/lib/python3.9/site-packages/airflow/example_dags/example_dynamic_task_mapping.py
[2025-04-20T20:58:52.170+0800] {logging_mixin.py:190} INFO - [2025-04-20T20:58:52.169+0800] {dag.py:3239} INFO - Sync 1 DAGs
[2025-04-20T20:58:52.182+0800] {logging_mixin.py:190} INFO - [2025-04-20T20:58:52.181+0800] {dag.py:4180} INFO - Setting next_dagrun for example_dynamic_task_mapping to None, run_after=None
[2025-04-20T20:58:52.233+0800] {processor.py:208} INFO - Processing /mnt/c/Users/wu_li/OneDrive/Desktop/Airflow_pract/venv/lib/python3.9/site-packages/airflow/example_dags/example_dynamic_task_mapping.py took 0.116 seconds
[2025-04-20T21:00:15.596+0800] {processor.py:186} INFO - Started process (PID=90959) to work on /mnt/c/Users/wu_li/OneDrive/Desktop/Airflow_pract/venv/lib/python3.9/site-packages/airflow/example_dags/example_dynamic_task_mapping.py
[2025-04-20T21:00:15.598+0800] {processor.py:914} INFO - Processing file /mnt/c/Users/wu_li/OneDrive/Desktop/Airflow_pract/venv/lib/python3.9/site-packages/airflow/example_dags/example_dynamic_task_mapping.py for tasks to queue
[2025-04-20T21:00:15.600+0800] {logging_mixin.py:190} INFO - [2025-04-20T21:00:15.599+0800] {dagbag.py:588} INFO - Filling up the DagBag from /mnt/c/Users/wu_li/OneDrive/Desktop/Airflow_pract/venv/lib/python3.9/site-packages/airflow/example_dags/example_dynamic_task_mapping.py
[2025-04-20T21:00:15.622+0800] {processor.py:925} INFO - DAG(s) 'example_dynamic_task_mapping' retrieved from /mnt/c/Users/wu_li/OneDrive/Desktop/Airflow_pract/venv/lib/python3.9/site-packages/airflow/example_dags/example_dynamic_task_mapping.py
[2025-04-20T21:00:15.651+0800] {logging_mixin.py:190} INFO - [2025-04-20T21:00:15.650+0800] {dag.py:3239} INFO - Sync 1 DAGs
[2025-04-20T21:00:15.664+0800] {logging_mixin.py:190} INFO - [2025-04-20T21:00:15.663+0800] {dag.py:4180} INFO - Setting next_dagrun for example_dynamic_task_mapping to None, run_after=None
[2025-04-20T21:00:15.726+0800] {processor.py:208} INFO - Processing /mnt/c/Users/wu_li/OneDrive/Desktop/Airflow_pract/venv/lib/python3.9/site-packages/airflow/example_dags/example_dynamic_task_mapping.py took 0.141 seconds
[2025-04-20T21:01:51.820+0800] {processor.py:186} INFO - Started process (PID=92000) to work on /mnt/c/Users/wu_li/OneDrive/Desktop/Airflow_pract/venv/lib/python3.9/site-packages/airflow/example_dags/example_dynamic_task_mapping.py
[2025-04-20T21:01:51.828+0800] {processor.py:914} INFO - Processing file /mnt/c/Users/wu_li/OneDrive/Desktop/Airflow_pract/venv/lib/python3.9/site-packages/airflow/example_dags/example_dynamic_task_mapping.py for tasks to queue
[2025-04-20T21:01:51.836+0800] {logging_mixin.py:190} INFO - [2025-04-20T21:01:51.835+0800] {dagbag.py:588} INFO - Filling up the DagBag from /mnt/c/Users/wu_li/OneDrive/Desktop/Airflow_pract/venv/lib/python3.9/site-packages/airflow/example_dags/example_dynamic_task_mapping.py
[2025-04-20T21:01:51.885+0800] {processor.py:925} INFO - DAG(s) 'example_dynamic_task_mapping' retrieved from /mnt/c/Users/wu_li/OneDrive/Desktop/Airflow_pract/venv/lib/python3.9/site-packages/airflow/example_dags/example_dynamic_task_mapping.py
[2025-04-20T21:01:51.968+0800] {logging_mixin.py:190} INFO - [2025-04-20T21:01:51.967+0800] {dag.py:3239} INFO - Sync 1 DAGs
[2025-04-20T21:01:52.036+0800] {logging_mixin.py:190} INFO - [2025-04-20T21:01:52.031+0800] {dag.py:4180} INFO - Setting next_dagrun for example_dynamic_task_mapping to None, run_after=None
[2025-04-20T21:01:52.177+0800] {processor.py:208} INFO - Processing /mnt/c/Users/wu_li/OneDrive/Desktop/Airflow_pract/venv/lib/python3.9/site-packages/airflow/example_dags/example_dynamic_task_mapping.py took 0.384 seconds
[2025-04-20T21:03:17.116+0800] {processor.py:186} INFO - Started process (PID=93006) to work on /mnt/c/Users/wu_li/OneDrive/Desktop/Airflow_pract/venv/lib/python3.9/site-packages/airflow/example_dags/example_dynamic_task_mapping.py
[2025-04-20T21:03:17.118+0800] {processor.py:914} INFO - Processing file /mnt/c/Users/wu_li/OneDrive/Desktop/Airflow_pract/venv/lib/python3.9/site-packages/airflow/example_dags/example_dynamic_task_mapping.py for tasks to queue
[2025-04-20T21:03:17.122+0800] {logging_mixin.py:190} INFO - [2025-04-20T21:03:17.121+0800] {dagbag.py:588} INFO - Filling up the DagBag from /mnt/c/Users/wu_li/OneDrive/Desktop/Airflow_pract/venv/lib/python3.9/site-packages/airflow/example_dags/example_dynamic_task_mapping.py
[2025-04-20T21:03:17.154+0800] {processor.py:925} INFO - DAG(s) 'example_dynamic_task_mapping' retrieved from /mnt/c/Users/wu_li/OneDrive/Desktop/Airflow_pract/venv/lib/python3.9/site-packages/airflow/example_dags/example_dynamic_task_mapping.py
[2025-04-20T21:03:17.195+0800] {logging_mixin.py:190} INFO - [2025-04-20T21:03:17.194+0800] {dag.py:3239} INFO - Sync 1 DAGs
[2025-04-20T21:03:17.231+0800] {logging_mixin.py:190} INFO - [2025-04-20T21:03:17.229+0800] {dag.py:4180} INFO - Setting next_dagrun for example_dynamic_task_mapping to None, run_after=None
[2025-04-20T21:03:17.324+0800] {processor.py:208} INFO - Processing /mnt/c/Users/wu_li/OneDrive/Desktop/Airflow_pract/venv/lib/python3.9/site-packages/airflow/example_dags/example_dynamic_task_mapping.py took 0.231 seconds
[2025-04-20T21:04:45.995+0800] {processor.py:186} INFO - Started process (PID=94084) to work on /mnt/c/Users/wu_li/OneDrive/Desktop/Airflow_pract/venv/lib/python3.9/site-packages/airflow/example_dags/example_dynamic_task_mapping.py
[2025-04-20T21:04:45.997+0800] {processor.py:914} INFO - Processing file /mnt/c/Users/wu_li/OneDrive/Desktop/Airflow_pract/venv/lib/python3.9/site-packages/airflow/example_dags/example_dynamic_task_mapping.py for tasks to queue
[2025-04-20T21:04:46.003+0800] {logging_mixin.py:190} INFO - [2025-04-20T21:04:46.002+0800] {dagbag.py:588} INFO - Filling up the DagBag from /mnt/c/Users/wu_li/OneDrive/Desktop/Airflow_pract/venv/lib/python3.9/site-packages/airflow/example_dags/example_dynamic_task_mapping.py
[2025-04-20T21:04:46.035+0800] {processor.py:925} INFO - DAG(s) 'example_dynamic_task_mapping' retrieved from /mnt/c/Users/wu_li/OneDrive/Desktop/Airflow_pract/venv/lib/python3.9/site-packages/airflow/example_dags/example_dynamic_task_mapping.py
[2025-04-20T21:04:46.074+0800] {logging_mixin.py:190} INFO - [2025-04-20T21:04:46.073+0800] {dag.py:3239} INFO - Sync 1 DAGs
[2025-04-20T21:04:46.118+0800] {logging_mixin.py:190} INFO - [2025-04-20T21:04:46.117+0800] {dag.py:4180} INFO - Setting next_dagrun for example_dynamic_task_mapping to None, run_after=None
[2025-04-20T21:04:46.214+0800] {processor.py:208} INFO - Processing /mnt/c/Users/wu_li/OneDrive/Desktop/Airflow_pract/venv/lib/python3.9/site-packages/airflow/example_dags/example_dynamic_task_mapping.py took 0.237 seconds
[2025-04-20T21:06:16.893+0800] {processor.py:186} INFO - Started process (PID=95165) to work on /mnt/c/Users/wu_li/OneDrive/Desktop/Airflow_pract/venv/lib/python3.9/site-packages/airflow/example_dags/example_dynamic_task_mapping.py
[2025-04-20T21:06:16.895+0800] {processor.py:914} INFO - Processing file /mnt/c/Users/wu_li/OneDrive/Desktop/Airflow_pract/venv/lib/python3.9/site-packages/airflow/example_dags/example_dynamic_task_mapping.py for tasks to queue
[2025-04-20T21:06:16.899+0800] {logging_mixin.py:190} INFO - [2025-04-20T21:06:16.897+0800] {dagbag.py:588} INFO - Filling up the DagBag from /mnt/c/Users/wu_li/OneDrive/Desktop/Airflow_pract/venv/lib/python3.9/site-packages/airflow/example_dags/example_dynamic_task_mapping.py
[2025-04-20T21:06:16.934+0800] {processor.py:925} INFO - DAG(s) 'example_dynamic_task_mapping' retrieved from /mnt/c/Users/wu_li/OneDrive/Desktop/Airflow_pract/venv/lib/python3.9/site-packages/airflow/example_dags/example_dynamic_task_mapping.py
[2025-04-20T21:06:17.011+0800] {logging_mixin.py:190} INFO - [2025-04-20T21:06:17.008+0800] {dag.py:3239} INFO - Sync 1 DAGs
[2025-04-20T21:06:17.048+0800] {logging_mixin.py:190} INFO - [2025-04-20T21:06:17.046+0800] {dag.py:4180} INFO - Setting next_dagrun for example_dynamic_task_mapping to None, run_after=None
[2025-04-20T21:06:17.131+0800] {processor.py:208} INFO - Processing /mnt/c/Users/wu_li/OneDrive/Desktop/Airflow_pract/venv/lib/python3.9/site-packages/airflow/example_dags/example_dynamic_task_mapping.py took 0.255 seconds
[2025-04-20T21:07:49.538+0800] {processor.py:186} INFO - Started process (PID=96247) to work on /mnt/c/Users/wu_li/OneDrive/Desktop/Airflow_pract/venv/lib/python3.9/site-packages/airflow/example_dags/example_dynamic_task_mapping.py
[2025-04-20T21:07:49.540+0800] {processor.py:914} INFO - Processing file /mnt/c/Users/wu_li/OneDrive/Desktop/Airflow_pract/venv/lib/python3.9/site-packages/airflow/example_dags/example_dynamic_task_mapping.py for tasks to queue
[2025-04-20T21:07:49.543+0800] {logging_mixin.py:190} INFO - [2025-04-20T21:07:49.542+0800] {dagbag.py:588} INFO - Filling up the DagBag from /mnt/c/Users/wu_li/OneDrive/Desktop/Airflow_pract/venv/lib/python3.9/site-packages/airflow/example_dags/example_dynamic_task_mapping.py
[2025-04-20T21:07:49.563+0800] {processor.py:925} INFO - DAG(s) 'example_dynamic_task_mapping' retrieved from /mnt/c/Users/wu_li/OneDrive/Desktop/Airflow_pract/venv/lib/python3.9/site-packages/airflow/example_dags/example_dynamic_task_mapping.py
[2025-04-20T21:07:49.592+0800] {logging_mixin.py:190} INFO - [2025-04-20T21:07:49.591+0800] {dag.py:3239} INFO - Sync 1 DAGs
[2025-04-20T21:07:49.608+0800] {logging_mixin.py:190} INFO - [2025-04-20T21:07:49.607+0800] {dag.py:4180} INFO - Setting next_dagrun for example_dynamic_task_mapping to None, run_after=None
[2025-04-20T21:07:49.667+0800] {processor.py:208} INFO - Processing /mnt/c/Users/wu_li/OneDrive/Desktop/Airflow_pract/venv/lib/python3.9/site-packages/airflow/example_dags/example_dynamic_task_mapping.py took 0.139 seconds
[2025-04-20T21:09:20.255+0800] {processor.py:186} INFO - Started process (PID=97329) to work on /mnt/c/Users/wu_li/OneDrive/Desktop/Airflow_pract/venv/lib/python3.9/site-packages/airflow/example_dags/example_dynamic_task_mapping.py
[2025-04-20T21:09:20.257+0800] {processor.py:914} INFO - Processing file /mnt/c/Users/wu_li/OneDrive/Desktop/Airflow_pract/venv/lib/python3.9/site-packages/airflow/example_dags/example_dynamic_task_mapping.py for tasks to queue
[2025-04-20T21:09:20.259+0800] {logging_mixin.py:190} INFO - [2025-04-20T21:09:20.258+0800] {dagbag.py:588} INFO - Filling up the DagBag from /mnt/c/Users/wu_li/OneDrive/Desktop/Airflow_pract/venv/lib/python3.9/site-packages/airflow/example_dags/example_dynamic_task_mapping.py
[2025-04-20T21:09:20.278+0800] {processor.py:925} INFO - DAG(s) 'example_dynamic_task_mapping' retrieved from /mnt/c/Users/wu_li/OneDrive/Desktop/Airflow_pract/venv/lib/python3.9/site-packages/airflow/example_dags/example_dynamic_task_mapping.py
[2025-04-20T21:09:20.303+0800] {logging_mixin.py:190} INFO - [2025-04-20T21:09:20.302+0800] {dag.py:3239} INFO - Sync 1 DAGs
[2025-04-20T21:09:20.317+0800] {logging_mixin.py:190} INFO - [2025-04-20T21:09:20.316+0800] {dag.py:4180} INFO - Setting next_dagrun for example_dynamic_task_mapping to None, run_after=None
[2025-04-20T21:09:20.367+0800] {processor.py:208} INFO - Processing /mnt/c/Users/wu_li/OneDrive/Desktop/Airflow_pract/venv/lib/python3.9/site-packages/airflow/example_dags/example_dynamic_task_mapping.py took 0.122 seconds
[2025-04-20T21:10:51.720+0800] {processor.py:186} INFO - Started process (PID=98410) to work on /mnt/c/Users/wu_li/OneDrive/Desktop/Airflow_pract/venv/lib/python3.9/site-packages/airflow/example_dags/example_dynamic_task_mapping.py
[2025-04-20T21:10:51.722+0800] {processor.py:914} INFO - Processing file /mnt/c/Users/wu_li/OneDrive/Desktop/Airflow_pract/venv/lib/python3.9/site-packages/airflow/example_dags/example_dynamic_task_mapping.py for tasks to queue
[2025-04-20T21:10:51.724+0800] {logging_mixin.py:190} INFO - [2025-04-20T21:10:51.723+0800] {dagbag.py:588} INFO - Filling up the DagBag from /mnt/c/Users/wu_li/OneDrive/Desktop/Airflow_pract/venv/lib/python3.9/site-packages/airflow/example_dags/example_dynamic_task_mapping.py
[2025-04-20T21:10:51.746+0800] {processor.py:925} INFO - DAG(s) 'example_dynamic_task_mapping' retrieved from /mnt/c/Users/wu_li/OneDrive/Desktop/Airflow_pract/venv/lib/python3.9/site-packages/airflow/example_dags/example_dynamic_task_mapping.py
[2025-04-20T21:10:51.771+0800] {logging_mixin.py:190} INFO - [2025-04-20T21:10:51.770+0800] {dag.py:3239} INFO - Sync 1 DAGs
[2025-04-20T21:10:51.785+0800] {logging_mixin.py:190} INFO - [2025-04-20T21:10:51.784+0800] {dag.py:4180} INFO - Setting next_dagrun for example_dynamic_task_mapping to None, run_after=None
[2025-04-20T21:10:51.843+0800] {processor.py:208} INFO - Processing /mnt/c/Users/wu_li/OneDrive/Desktop/Airflow_pract/venv/lib/python3.9/site-packages/airflow/example_dags/example_dynamic_task_mapping.py took 0.136 seconds
[2025-04-20T21:12:23.496+0800] {processor.py:186} INFO - Started process (PID=99562) to work on /mnt/c/Users/wu_li/OneDrive/Desktop/Airflow_pract/venv/lib/python3.9/site-packages/airflow/example_dags/example_dynamic_task_mapping.py
[2025-04-20T21:12:23.499+0800] {processor.py:914} INFO - Processing file /mnt/c/Users/wu_li/OneDrive/Desktop/Airflow_pract/venv/lib/python3.9/site-packages/airflow/example_dags/example_dynamic_task_mapping.py for tasks to queue
[2025-04-20T21:12:23.504+0800] {logging_mixin.py:190} INFO - [2025-04-20T21:12:23.502+0800] {dagbag.py:588} INFO - Filling up the DagBag from /mnt/c/Users/wu_li/OneDrive/Desktop/Airflow_pract/venv/lib/python3.9/site-packages/airflow/example_dags/example_dynamic_task_mapping.py
[2025-04-20T21:12:23.538+0800] {processor.py:925} INFO - DAG(s) 'example_dynamic_task_mapping' retrieved from /mnt/c/Users/wu_li/OneDrive/Desktop/Airflow_pract/venv/lib/python3.9/site-packages/airflow/example_dags/example_dynamic_task_mapping.py
[2025-04-20T21:12:23.581+0800] {logging_mixin.py:190} INFO - [2025-04-20T21:12:23.579+0800] {dag.py:3239} INFO - Sync 1 DAGs
[2025-04-20T21:12:23.619+0800] {logging_mixin.py:190} INFO - [2025-04-20T21:12:23.618+0800] {dag.py:4180} INFO - Setting next_dagrun for example_dynamic_task_mapping to None, run_after=None
[2025-04-20T21:12:23.711+0800] {processor.py:208} INFO - Processing /mnt/c/Users/wu_li/OneDrive/Desktop/Airflow_pract/venv/lib/python3.9/site-packages/airflow/example_dags/example_dynamic_task_mapping.py took 0.234 seconds
[2025-04-20T21:13:51.436+0800] {processor.py:186} INFO - Started process (PID=100568) to work on /mnt/c/Users/wu_li/OneDrive/Desktop/Airflow_pract/venv/lib/python3.9/site-packages/airflow/example_dags/example_dynamic_task_mapping.py
[2025-04-20T21:13:51.439+0800] {processor.py:914} INFO - Processing file /mnt/c/Users/wu_li/OneDrive/Desktop/Airflow_pract/venv/lib/python3.9/site-packages/airflow/example_dags/example_dynamic_task_mapping.py for tasks to queue
[2025-04-20T21:13:51.447+0800] {logging_mixin.py:190} INFO - [2025-04-20T21:13:51.441+0800] {dagbag.py:588} INFO - Filling up the DagBag from /mnt/c/Users/wu_li/OneDrive/Desktop/Airflow_pract/venv/lib/python3.9/site-packages/airflow/example_dags/example_dynamic_task_mapping.py
[2025-04-20T21:13:51.487+0800] {processor.py:925} INFO - DAG(s) 'example_dynamic_task_mapping' retrieved from /mnt/c/Users/wu_li/OneDrive/Desktop/Airflow_pract/venv/lib/python3.9/site-packages/airflow/example_dags/example_dynamic_task_mapping.py
[2025-04-20T21:13:51.536+0800] {logging_mixin.py:190} INFO - [2025-04-20T21:13:51.535+0800] {dag.py:3239} INFO - Sync 1 DAGs
[2025-04-20T21:13:51.582+0800] {logging_mixin.py:190} INFO - [2025-04-20T21:13:51.581+0800] {dag.py:4180} INFO - Setting next_dagrun for example_dynamic_task_mapping to None, run_after=None
[2025-04-20T21:13:51.680+0800] {processor.py:208} INFO - Processing /mnt/c/Users/wu_li/OneDrive/Desktop/Airflow_pract/venv/lib/python3.9/site-packages/airflow/example_dags/example_dynamic_task_mapping.py took 0.264 seconds
[2025-04-20T21:15:22.830+0800] {processor.py:186} INFO - Started process (PID=101578) to work on /mnt/c/Users/wu_li/OneDrive/Desktop/Airflow_pract/venv/lib/python3.9/site-packages/airflow/example_dags/example_dynamic_task_mapping.py
[2025-04-20T21:15:22.831+0800] {processor.py:914} INFO - Processing file /mnt/c/Users/wu_li/OneDrive/Desktop/Airflow_pract/venv/lib/python3.9/site-packages/airflow/example_dags/example_dynamic_task_mapping.py for tasks to queue
[2025-04-20T21:15:22.834+0800] {logging_mixin.py:190} INFO - [2025-04-20T21:15:22.833+0800] {dagbag.py:588} INFO - Filling up the DagBag from /mnt/c/Users/wu_li/OneDrive/Desktop/Airflow_pract/venv/lib/python3.9/site-packages/airflow/example_dags/example_dynamic_task_mapping.py
[2025-04-20T21:15:22.854+0800] {processor.py:925} INFO - DAG(s) 'example_dynamic_task_mapping' retrieved from /mnt/c/Users/wu_li/OneDrive/Desktop/Airflow_pract/venv/lib/python3.9/site-packages/airflow/example_dags/example_dynamic_task_mapping.py
[2025-04-20T21:15:22.879+0800] {logging_mixin.py:190} INFO - [2025-04-20T21:15:22.878+0800] {dag.py:3239} INFO - Sync 1 DAGs
[2025-04-20T21:15:22.892+0800] {logging_mixin.py:190} INFO - [2025-04-20T21:15:22.891+0800] {dag.py:4180} INFO - Setting next_dagrun for example_dynamic_task_mapping to None, run_after=None
[2025-04-20T21:15:22.950+0800] {processor.py:208} INFO - Processing /mnt/c/Users/wu_li/OneDrive/Desktop/Airflow_pract/venv/lib/python3.9/site-packages/airflow/example_dags/example_dynamic_task_mapping.py took 0.130 seconds
[2025-04-20T21:16:54.632+0800] {processor.py:186} INFO - Started process (PID=102657) to work on /mnt/c/Users/wu_li/OneDrive/Desktop/Airflow_pract/venv/lib/python3.9/site-packages/airflow/example_dags/example_dynamic_task_mapping.py
[2025-04-20T21:16:54.634+0800] {processor.py:914} INFO - Processing file /mnt/c/Users/wu_li/OneDrive/Desktop/Airflow_pract/venv/lib/python3.9/site-packages/airflow/example_dags/example_dynamic_task_mapping.py for tasks to queue
[2025-04-20T21:16:54.638+0800] {logging_mixin.py:190} INFO - [2025-04-20T21:16:54.636+0800] {dagbag.py:588} INFO - Filling up the DagBag from /mnt/c/Users/wu_li/OneDrive/Desktop/Airflow_pract/venv/lib/python3.9/site-packages/airflow/example_dags/example_dynamic_task_mapping.py
[2025-04-20T21:16:54.673+0800] {processor.py:925} INFO - DAG(s) 'example_dynamic_task_mapping' retrieved from /mnt/c/Users/wu_li/OneDrive/Desktop/Airflow_pract/venv/lib/python3.9/site-packages/airflow/example_dags/example_dynamic_task_mapping.py
[2025-04-20T21:16:54.717+0800] {logging_mixin.py:190} INFO - [2025-04-20T21:16:54.715+0800] {dag.py:3239} INFO - Sync 1 DAGs
[2025-04-20T21:16:54.754+0800] {logging_mixin.py:190} INFO - [2025-04-20T21:16:54.751+0800] {dag.py:4180} INFO - Setting next_dagrun for example_dynamic_task_mapping to None, run_after=None
[2025-04-20T21:16:54.880+0800] {processor.py:208} INFO - Processing /mnt/c/Users/wu_li/OneDrive/Desktop/Airflow_pract/venv/lib/python3.9/site-packages/airflow/example_dags/example_dynamic_task_mapping.py took 0.265 seconds
[2025-04-20T21:18:19.846+0800] {processor.py:186} INFO - Started process (PID=103665) to work on /mnt/c/Users/wu_li/OneDrive/Desktop/Airflow_pract/venv/lib/python3.9/site-packages/airflow/example_dags/example_dynamic_task_mapping.py
[2025-04-20T21:18:19.848+0800] {processor.py:914} INFO - Processing file /mnt/c/Users/wu_li/OneDrive/Desktop/Airflow_pract/venv/lib/python3.9/site-packages/airflow/example_dags/example_dynamic_task_mapping.py for tasks to queue
[2025-04-20T21:18:19.852+0800] {logging_mixin.py:190} INFO - [2025-04-20T21:18:19.851+0800] {dagbag.py:588} INFO - Filling up the DagBag from /mnt/c/Users/wu_li/OneDrive/Desktop/Airflow_pract/venv/lib/python3.9/site-packages/airflow/example_dags/example_dynamic_task_mapping.py
[2025-04-20T21:18:19.886+0800] {processor.py:925} INFO - DAG(s) 'example_dynamic_task_mapping' retrieved from /mnt/c/Users/wu_li/OneDrive/Desktop/Airflow_pract/venv/lib/python3.9/site-packages/airflow/example_dags/example_dynamic_task_mapping.py
[2025-04-20T21:18:19.926+0800] {logging_mixin.py:190} INFO - [2025-04-20T21:18:19.924+0800] {dag.py:3239} INFO - Sync 1 DAGs
[2025-04-20T21:18:19.963+0800] {logging_mixin.py:190} INFO - [2025-04-20T21:18:19.961+0800] {dag.py:4180} INFO - Setting next_dagrun for example_dynamic_task_mapping to None, run_after=None
[2025-04-20T21:18:20.056+0800] {processor.py:208} INFO - Processing /mnt/c/Users/wu_li/OneDrive/Desktop/Airflow_pract/venv/lib/python3.9/site-packages/airflow/example_dags/example_dynamic_task_mapping.py took 0.227 seconds
[2025-04-20T21:19:48.600+0800] {processor.py:186} INFO - Started process (PID=104714) to work on /mnt/c/Users/wu_li/OneDrive/Desktop/Airflow_pract/venv/lib/python3.9/site-packages/airflow/example_dags/example_dynamic_task_mapping.py
[2025-04-20T21:19:48.602+0800] {processor.py:914} INFO - Processing file /mnt/c/Users/wu_li/OneDrive/Desktop/Airflow_pract/venv/lib/python3.9/site-packages/airflow/example_dags/example_dynamic_task_mapping.py for tasks to queue
[2025-04-20T21:19:48.604+0800] {logging_mixin.py:190} INFO - [2025-04-20T21:19:48.603+0800] {dagbag.py:588} INFO - Filling up the DagBag from /mnt/c/Users/wu_li/OneDrive/Desktop/Airflow_pract/venv/lib/python3.9/site-packages/airflow/example_dags/example_dynamic_task_mapping.py
[2025-04-20T21:19:48.654+0800] {processor.py:925} INFO - DAG(s) 'example_dynamic_task_mapping' retrieved from /mnt/c/Users/wu_li/OneDrive/Desktop/Airflow_pract/venv/lib/python3.9/site-packages/airflow/example_dags/example_dynamic_task_mapping.py
[2025-04-20T21:19:48.704+0800] {logging_mixin.py:190} INFO - [2025-04-20T21:19:48.702+0800] {dag.py:3239} INFO - Sync 1 DAGs
[2025-04-20T21:19:48.739+0800] {logging_mixin.py:190} INFO - [2025-04-20T21:19:48.737+0800] {dag.py:4180} INFO - Setting next_dagrun for example_dynamic_task_mapping to None, run_after=None
[2025-04-20T21:19:48.848+0800] {processor.py:208} INFO - Processing /mnt/c/Users/wu_li/OneDrive/Desktop/Airflow_pract/venv/lib/python3.9/site-packages/airflow/example_dags/example_dynamic_task_mapping.py took 0.258 seconds
[2025-04-20T21:21:21.991+0800] {processor.py:186} INFO - Started process (PID=105754) to work on /mnt/c/Users/wu_li/OneDrive/Desktop/Airflow_pract/venv/lib/python3.9/site-packages/airflow/example_dags/example_dynamic_task_mapping.py
[2025-04-20T21:21:21.993+0800] {processor.py:914} INFO - Processing file /mnt/c/Users/wu_li/OneDrive/Desktop/Airflow_pract/venv/lib/python3.9/site-packages/airflow/example_dags/example_dynamic_task_mapping.py for tasks to queue
[2025-04-20T21:21:21.996+0800] {logging_mixin.py:190} INFO - [2025-04-20T21:21:21.994+0800] {dagbag.py:588} INFO - Filling up the DagBag from /mnt/c/Users/wu_li/OneDrive/Desktop/Airflow_pract/venv/lib/python3.9/site-packages/airflow/example_dags/example_dynamic_task_mapping.py
[2025-04-20T21:21:22.015+0800] {processor.py:925} INFO - DAG(s) 'example_dynamic_task_mapping' retrieved from /mnt/c/Users/wu_li/OneDrive/Desktop/Airflow_pract/venv/lib/python3.9/site-packages/airflow/example_dags/example_dynamic_task_mapping.py
[2025-04-20T21:21:22.039+0800] {logging_mixin.py:190} INFO - [2025-04-20T21:21:22.038+0800] {dag.py:3239} INFO - Sync 1 DAGs
[2025-04-20T21:21:22.053+0800] {logging_mixin.py:190} INFO - [2025-04-20T21:21:22.052+0800] {dag.py:4180} INFO - Setting next_dagrun for example_dynamic_task_mapping to None, run_after=None
[2025-04-20T21:21:22.105+0800] {processor.py:208} INFO - Processing /mnt/c/Users/wu_li/OneDrive/Desktop/Airflow_pract/venv/lib/python3.9/site-packages/airflow/example_dags/example_dynamic_task_mapping.py took 0.124 seconds
[2025-04-20T21:22:55.023+0800] {processor.py:186} INFO - Started process (PID=106761) to work on /mnt/c/Users/wu_li/OneDrive/Desktop/Airflow_pract/venv/lib/python3.9/site-packages/airflow/example_dags/example_dynamic_task_mapping.py
[2025-04-20T21:22:55.025+0800] {processor.py:914} INFO - Processing file /mnt/c/Users/wu_li/OneDrive/Desktop/Airflow_pract/venv/lib/python3.9/site-packages/airflow/example_dags/example_dynamic_task_mapping.py for tasks to queue
[2025-04-20T21:22:55.030+0800] {logging_mixin.py:190} INFO - [2025-04-20T21:22:55.027+0800] {dagbag.py:588} INFO - Filling up the DagBag from /mnt/c/Users/wu_li/OneDrive/Desktop/Airflow_pract/venv/lib/python3.9/site-packages/airflow/example_dags/example_dynamic_task_mapping.py
[2025-04-20T21:22:55.062+0800] {processor.py:925} INFO - DAG(s) 'example_dynamic_task_mapping' retrieved from /mnt/c/Users/wu_li/OneDrive/Desktop/Airflow_pract/venv/lib/python3.9/site-packages/airflow/example_dags/example_dynamic_task_mapping.py
[2025-04-20T21:22:55.113+0800] {logging_mixin.py:190} INFO - [2025-04-20T21:22:55.111+0800] {dag.py:3239} INFO - Sync 1 DAGs
[2025-04-20T21:22:55.154+0800] {logging_mixin.py:190} INFO - [2025-04-20T21:22:55.151+0800] {dag.py:4180} INFO - Setting next_dagrun for example_dynamic_task_mapping to None, run_after=None
[2025-04-20T21:22:55.244+0800] {processor.py:208} INFO - Processing /mnt/c/Users/wu_li/OneDrive/Desktop/Airflow_pract/venv/lib/python3.9/site-packages/airflow/example_dags/example_dynamic_task_mapping.py took 0.241 seconds
[2025-04-20T21:24:24.340+0800] {processor.py:186} INFO - Started process (PID=107770) to work on /mnt/c/Users/wu_li/OneDrive/Desktop/Airflow_pract/venv/lib/python3.9/site-packages/airflow/example_dags/example_dynamic_task_mapping.py
[2025-04-20T21:24:24.341+0800] {processor.py:914} INFO - Processing file /mnt/c/Users/wu_li/OneDrive/Desktop/Airflow_pract/venv/lib/python3.9/site-packages/airflow/example_dags/example_dynamic_task_mapping.py for tasks to queue
[2025-04-20T21:24:24.344+0800] {logging_mixin.py:190} INFO - [2025-04-20T21:24:24.343+0800] {dagbag.py:588} INFO - Filling up the DagBag from /mnt/c/Users/wu_li/OneDrive/Desktop/Airflow_pract/venv/lib/python3.9/site-packages/airflow/example_dags/example_dynamic_task_mapping.py
[2025-04-20T21:24:24.365+0800] {processor.py:925} INFO - DAG(s) 'example_dynamic_task_mapping' retrieved from /mnt/c/Users/wu_li/OneDrive/Desktop/Airflow_pract/venv/lib/python3.9/site-packages/airflow/example_dags/example_dynamic_task_mapping.py
[2025-04-20T21:24:24.391+0800] {logging_mixin.py:190} INFO - [2025-04-20T21:24:24.390+0800] {dag.py:3239} INFO - Sync 1 DAGs
[2025-04-20T21:24:24.406+0800] {logging_mixin.py:190} INFO - [2025-04-20T21:24:24.405+0800] {dag.py:4180} INFO - Setting next_dagrun for example_dynamic_task_mapping to None, run_after=None
[2025-04-20T21:24:24.460+0800] {processor.py:208} INFO - Processing /mnt/c/Users/wu_li/OneDrive/Desktop/Airflow_pract/venv/lib/python3.9/site-packages/airflow/example_dags/example_dynamic_task_mapping.py took 0.132 seconds
[2025-04-20T21:25:55.025+0800] {processor.py:186} INFO - Started process (PID=108847) to work on /mnt/c/Users/wu_li/OneDrive/Desktop/Airflow_pract/venv/lib/python3.9/site-packages/airflow/example_dags/example_dynamic_task_mapping.py
[2025-04-20T21:25:55.028+0800] {processor.py:914} INFO - Processing file /mnt/c/Users/wu_li/OneDrive/Desktop/Airflow_pract/venv/lib/python3.9/site-packages/airflow/example_dags/example_dynamic_task_mapping.py for tasks to queue
[2025-04-20T21:25:55.033+0800] {logging_mixin.py:190} INFO - [2025-04-20T21:25:55.031+0800] {dagbag.py:588} INFO - Filling up the DagBag from /mnt/c/Users/wu_li/OneDrive/Desktop/Airflow_pract/venv/lib/python3.9/site-packages/airflow/example_dags/example_dynamic_task_mapping.py
[2025-04-20T21:25:55.068+0800] {processor.py:925} INFO - DAG(s) 'example_dynamic_task_mapping' retrieved from /mnt/c/Users/wu_li/OneDrive/Desktop/Airflow_pract/venv/lib/python3.9/site-packages/airflow/example_dags/example_dynamic_task_mapping.py
[2025-04-20T21:25:55.114+0800] {logging_mixin.py:190} INFO - [2025-04-20T21:25:55.112+0800] {dag.py:3239} INFO - Sync 1 DAGs
[2025-04-20T21:25:55.153+0800] {logging_mixin.py:190} INFO - [2025-04-20T21:25:55.149+0800] {dag.py:4180} INFO - Setting next_dagrun for example_dynamic_task_mapping to None, run_after=None
[2025-04-20T21:25:55.249+0800] {processor.py:208} INFO - Processing /mnt/c/Users/wu_li/OneDrive/Desktop/Airflow_pract/venv/lib/python3.9/site-packages/airflow/example_dags/example_dynamic_task_mapping.py took 0.243 seconds
[2025-04-20T21:27:22.441+0800] {processor.py:186} INFO - Started process (PID=109854) to work on /mnt/c/Users/wu_li/OneDrive/Desktop/Airflow_pract/venv/lib/python3.9/site-packages/airflow/example_dags/example_dynamic_task_mapping.py
[2025-04-20T21:27:22.449+0800] {processor.py:914} INFO - Processing file /mnt/c/Users/wu_li/OneDrive/Desktop/Airflow_pract/venv/lib/python3.9/site-packages/airflow/example_dags/example_dynamic_task_mapping.py for tasks to queue
[2025-04-20T21:27:22.453+0800] {logging_mixin.py:190} INFO - [2025-04-20T21:27:22.452+0800] {dagbag.py:588} INFO - Filling up the DagBag from /mnt/c/Users/wu_li/OneDrive/Desktop/Airflow_pract/venv/lib/python3.9/site-packages/airflow/example_dags/example_dynamic_task_mapping.py
[2025-04-20T21:27:22.494+0800] {processor.py:925} INFO - DAG(s) 'example_dynamic_task_mapping' retrieved from /mnt/c/Users/wu_li/OneDrive/Desktop/Airflow_pract/venv/lib/python3.9/site-packages/airflow/example_dags/example_dynamic_task_mapping.py
[2025-04-20T21:27:22.542+0800] {logging_mixin.py:190} INFO - [2025-04-20T21:27:22.541+0800] {dag.py:3239} INFO - Sync 1 DAGs
[2025-04-20T21:27:22.579+0800] {logging_mixin.py:190} INFO - [2025-04-20T21:27:22.576+0800] {dag.py:4180} INFO - Setting next_dagrun for example_dynamic_task_mapping to None, run_after=None
[2025-04-20T21:27:22.671+0800] {processor.py:208} INFO - Processing /mnt/c/Users/wu_li/OneDrive/Desktop/Airflow_pract/venv/lib/python3.9/site-packages/airflow/example_dags/example_dynamic_task_mapping.py took 0.260 seconds
[2025-04-20T21:28:56.476+0800] {processor.py:186} INFO - Started process (PID=110936) to work on /mnt/c/Users/wu_li/OneDrive/Desktop/Airflow_pract/venv/lib/python3.9/site-packages/airflow/example_dags/example_dynamic_task_mapping.py
[2025-04-20T21:28:56.480+0800] {processor.py:914} INFO - Processing file /mnt/c/Users/wu_li/OneDrive/Desktop/Airflow_pract/venv/lib/python3.9/site-packages/airflow/example_dags/example_dynamic_task_mapping.py for tasks to queue
[2025-04-20T21:28:56.484+0800] {logging_mixin.py:190} INFO - [2025-04-20T21:28:56.482+0800] {dagbag.py:588} INFO - Filling up the DagBag from /mnt/c/Users/wu_li/OneDrive/Desktop/Airflow_pract/venv/lib/python3.9/site-packages/airflow/example_dags/example_dynamic_task_mapping.py
[2025-04-20T21:28:56.525+0800] {processor.py:925} INFO - DAG(s) 'example_dynamic_task_mapping' retrieved from /mnt/c/Users/wu_li/OneDrive/Desktop/Airflow_pract/venv/lib/python3.9/site-packages/airflow/example_dags/example_dynamic_task_mapping.py
[2025-04-20T21:28:56.578+0800] {logging_mixin.py:190} INFO - [2025-04-20T21:28:56.577+0800] {dag.py:3239} INFO - Sync 1 DAGs
[2025-04-20T21:28:56.618+0800] {logging_mixin.py:190} INFO - [2025-04-20T21:28:56.615+0800] {dag.py:4180} INFO - Setting next_dagrun for example_dynamic_task_mapping to None, run_after=None
[2025-04-20T21:28:56.712+0800] {processor.py:208} INFO - Processing /mnt/c/Users/wu_li/OneDrive/Desktop/Airflow_pract/venv/lib/python3.9/site-packages/airflow/example_dags/example_dynamic_task_mapping.py took 0.264 seconds
[2025-04-20T21:30:26.267+0800] {processor.py:186} INFO - Started process (PID=112015) to work on /mnt/c/Users/wu_li/OneDrive/Desktop/Airflow_pract/venv/lib/python3.9/site-packages/airflow/example_dags/example_dynamic_task_mapping.py
[2025-04-20T21:30:26.270+0800] {processor.py:914} INFO - Processing file /mnt/c/Users/wu_li/OneDrive/Desktop/Airflow_pract/venv/lib/python3.9/site-packages/airflow/example_dags/example_dynamic_task_mapping.py for tasks to queue
[2025-04-20T21:30:26.274+0800] {logging_mixin.py:190} INFO - [2025-04-20T21:30:26.272+0800] {dagbag.py:588} INFO - Filling up the DagBag from /mnt/c/Users/wu_li/OneDrive/Desktop/Airflow_pract/venv/lib/python3.9/site-packages/airflow/example_dags/example_dynamic_task_mapping.py
[2025-04-20T21:30:26.306+0800] {processor.py:925} INFO - DAG(s) 'example_dynamic_task_mapping' retrieved from /mnt/c/Users/wu_li/OneDrive/Desktop/Airflow_pract/venv/lib/python3.9/site-packages/airflow/example_dags/example_dynamic_task_mapping.py
[2025-04-20T21:30:26.346+0800] {logging_mixin.py:190} INFO - [2025-04-20T21:30:26.344+0800] {dag.py:3239} INFO - Sync 1 DAGs
[2025-04-20T21:30:26.390+0800] {logging_mixin.py:190} INFO - [2025-04-20T21:30:26.383+0800] {dag.py:4180} INFO - Setting next_dagrun for example_dynamic_task_mapping to None, run_after=None
[2025-04-20T21:30:26.491+0800] {processor.py:208} INFO - Processing /mnt/c/Users/wu_li/OneDrive/Desktop/Airflow_pract/venv/lib/python3.9/site-packages/airflow/example_dags/example_dynamic_task_mapping.py took 0.242 seconds
[2025-04-20T21:32:00.558+0800] {processor.py:186} INFO - Started process (PID=113026) to work on /mnt/c/Users/wu_li/OneDrive/Desktop/Airflow_pract/venv/lib/python3.9/site-packages/airflow/example_dags/example_dynamic_task_mapping.py
[2025-04-20T21:32:00.560+0800] {processor.py:914} INFO - Processing file /mnt/c/Users/wu_li/OneDrive/Desktop/Airflow_pract/venv/lib/python3.9/site-packages/airflow/example_dags/example_dynamic_task_mapping.py for tasks to queue
[2025-04-20T21:32:00.562+0800] {logging_mixin.py:190} INFO - [2025-04-20T21:32:00.561+0800] {dagbag.py:588} INFO - Filling up the DagBag from /mnt/c/Users/wu_li/OneDrive/Desktop/Airflow_pract/venv/lib/python3.9/site-packages/airflow/example_dags/example_dynamic_task_mapping.py
[2025-04-20T21:32:00.584+0800] {processor.py:925} INFO - DAG(s) 'example_dynamic_task_mapping' retrieved from /mnt/c/Users/wu_li/OneDrive/Desktop/Airflow_pract/venv/lib/python3.9/site-packages/airflow/example_dags/example_dynamic_task_mapping.py
[2025-04-20T21:32:00.609+0800] {logging_mixin.py:190} INFO - [2025-04-20T21:32:00.608+0800] {dag.py:3239} INFO - Sync 1 DAGs
[2025-04-20T21:32:00.622+0800] {logging_mixin.py:190} INFO - [2025-04-20T21:32:00.621+0800] {dag.py:4180} INFO - Setting next_dagrun for example_dynamic_task_mapping to None, run_after=None
[2025-04-20T21:32:00.683+0800] {processor.py:208} INFO - Processing /mnt/c/Users/wu_li/OneDrive/Desktop/Airflow_pract/venv/lib/python3.9/site-packages/airflow/example_dags/example_dynamic_task_mapping.py took 0.137 seconds
[2025-04-20T21:33:29.158+0800] {processor.py:186} INFO - Started process (PID=114103) to work on /mnt/c/Users/wu_li/OneDrive/Desktop/Airflow_pract/venv/lib/python3.9/site-packages/airflow/example_dags/example_dynamic_task_mapping.py
[2025-04-20T21:33:29.161+0800] {processor.py:914} INFO - Processing file /mnt/c/Users/wu_li/OneDrive/Desktop/Airflow_pract/venv/lib/python3.9/site-packages/airflow/example_dags/example_dynamic_task_mapping.py for tasks to queue
[2025-04-20T21:33:29.165+0800] {logging_mixin.py:190} INFO - [2025-04-20T21:33:29.163+0800] {dagbag.py:588} INFO - Filling up the DagBag from /mnt/c/Users/wu_li/OneDrive/Desktop/Airflow_pract/venv/lib/python3.9/site-packages/airflow/example_dags/example_dynamic_task_mapping.py
[2025-04-20T21:33:29.200+0800] {processor.py:925} INFO - DAG(s) 'example_dynamic_task_mapping' retrieved from /mnt/c/Users/wu_li/OneDrive/Desktop/Airflow_pract/venv/lib/python3.9/site-packages/airflow/example_dags/example_dynamic_task_mapping.py
[2025-04-20T21:33:29.250+0800] {logging_mixin.py:190} INFO - [2025-04-20T21:33:29.248+0800] {dag.py:3239} INFO - Sync 1 DAGs
[2025-04-20T21:33:29.495+0800] {logging_mixin.py:190} INFO - [2025-04-20T21:33:29.492+0800] {dag.py:4180} INFO - Setting next_dagrun for example_dynamic_task_mapping to None, run_after=None
[2025-04-20T21:33:29.575+0800] {processor.py:208} INFO - Processing /mnt/c/Users/wu_li/OneDrive/Desktop/Airflow_pract/venv/lib/python3.9/site-packages/airflow/example_dags/example_dynamic_task_mapping.py took 0.443 seconds
[2025-04-20T21:35:03.081+0800] {processor.py:186} INFO - Started process (PID=115183) to work on /mnt/c/Users/wu_li/OneDrive/Desktop/Airflow_pract/venv/lib/python3.9/site-packages/airflow/example_dags/example_dynamic_task_mapping.py
[2025-04-20T21:35:03.087+0800] {processor.py:914} INFO - Processing file /mnt/c/Users/wu_li/OneDrive/Desktop/Airflow_pract/venv/lib/python3.9/site-packages/airflow/example_dags/example_dynamic_task_mapping.py for tasks to queue
[2025-04-20T21:35:03.091+0800] {logging_mixin.py:190} INFO - [2025-04-20T21:35:03.089+0800] {dagbag.py:588} INFO - Filling up the DagBag from /mnt/c/Users/wu_li/OneDrive/Desktop/Airflow_pract/venv/lib/python3.9/site-packages/airflow/example_dags/example_dynamic_task_mapping.py
[2025-04-20T21:35:03.122+0800] {processor.py:925} INFO - DAG(s) 'example_dynamic_task_mapping' retrieved from /mnt/c/Users/wu_li/OneDrive/Desktop/Airflow_pract/venv/lib/python3.9/site-packages/airflow/example_dags/example_dynamic_task_mapping.py
[2025-04-20T21:35:03.173+0800] {logging_mixin.py:190} INFO - [2025-04-20T21:35:03.172+0800] {dag.py:3239} INFO - Sync 1 DAGs
[2025-04-20T21:35:03.502+0800] {logging_mixin.py:190} INFO - [2025-04-20T21:35:03.501+0800] {dag.py:4180} INFO - Setting next_dagrun for example_dynamic_task_mapping to None, run_after=None
[2025-04-20T21:35:03.577+0800] {processor.py:208} INFO - Processing /mnt/c/Users/wu_li/OneDrive/Desktop/Airflow_pract/venv/lib/python3.9/site-packages/airflow/example_dags/example_dynamic_task_mapping.py took 0.514 seconds
[2025-04-20T21:36:42.678+0800] {processor.py:186} INFO - Started process (PID=116379) to work on /mnt/c/Users/wu_li/OneDrive/Desktop/Airflow_pract/venv/lib/python3.9/site-packages/airflow/example_dags/example_dynamic_task_mapping.py
[2025-04-20T21:36:42.680+0800] {processor.py:914} INFO - Processing file /mnt/c/Users/wu_li/OneDrive/Desktop/Airflow_pract/venv/lib/python3.9/site-packages/airflow/example_dags/example_dynamic_task_mapping.py for tasks to queue
[2025-04-20T21:36:42.683+0800] {logging_mixin.py:190} INFO - [2025-04-20T21:36:42.682+0800] {dagbag.py:588} INFO - Filling up the DagBag from /mnt/c/Users/wu_li/OneDrive/Desktop/Airflow_pract/venv/lib/python3.9/site-packages/airflow/example_dags/example_dynamic_task_mapping.py
[2025-04-20T21:36:42.714+0800] {processor.py:925} INFO - DAG(s) 'example_dynamic_task_mapping' retrieved from /mnt/c/Users/wu_li/OneDrive/Desktop/Airflow_pract/venv/lib/python3.9/site-packages/airflow/example_dags/example_dynamic_task_mapping.py
[2025-04-20T21:36:42.746+0800] {logging_mixin.py:190} INFO - [2025-04-20T21:36:42.745+0800] {dag.py:3239} INFO - Sync 1 DAGs
[2025-04-20T21:36:42.876+0800] {logging_mixin.py:190} INFO - [2025-04-20T21:36:42.875+0800] {dag.py:4180} INFO - Setting next_dagrun for example_dynamic_task_mapping to None, run_after=None
[2025-04-20T21:36:42.923+0800] {processor.py:208} INFO - Processing /mnt/c/Users/wu_li/OneDrive/Desktop/Airflow_pract/venv/lib/python3.9/site-packages/airflow/example_dags/example_dynamic_task_mapping.py took 0.259 seconds
[2025-04-20T21:38:32.950+0800] {processor.py:186} INFO - Started process (PID=117380) to work on /mnt/c/Users/wu_li/OneDrive/Desktop/Airflow_pract/venv/lib/python3.9/site-packages/airflow/example_dags/example_dynamic_task_mapping.py
[2025-04-20T21:38:32.952+0800] {processor.py:914} INFO - Processing file /mnt/c/Users/wu_li/OneDrive/Desktop/Airflow_pract/venv/lib/python3.9/site-packages/airflow/example_dags/example_dynamic_task_mapping.py for tasks to queue
[2025-04-20T21:38:32.955+0800] {logging_mixin.py:190} INFO - [2025-04-20T21:38:32.954+0800] {dagbag.py:588} INFO - Filling up the DagBag from /mnt/c/Users/wu_li/OneDrive/Desktop/Airflow_pract/venv/lib/python3.9/site-packages/airflow/example_dags/example_dynamic_task_mapping.py
[2025-04-20T21:38:32.976+0800] {processor.py:925} INFO - DAG(s) 'example_dynamic_task_mapping' retrieved from /mnt/c/Users/wu_li/OneDrive/Desktop/Airflow_pract/venv/lib/python3.9/site-packages/airflow/example_dags/example_dynamic_task_mapping.py
[2025-04-20T21:38:33.003+0800] {logging_mixin.py:190} INFO - [2025-04-20T21:38:33.003+0800] {dag.py:3239} INFO - Sync 1 DAGs
[2025-04-20T21:38:33.267+0800] {logging_mixin.py:190} INFO - [2025-04-20T21:38:33.266+0800] {dag.py:4180} INFO - Setting next_dagrun for example_dynamic_task_mapping to None, run_after=None
[2025-04-20T21:38:33.319+0800] {processor.py:208} INFO - Processing /mnt/c/Users/wu_li/OneDrive/Desktop/Airflow_pract/venv/lib/python3.9/site-packages/airflow/example_dags/example_dynamic_task_mapping.py took 0.381 seconds
[2025-04-20T21:40:00.447+0800] {processor.py:186} INFO - Started process (PID=118330) to work on /mnt/c/Users/wu_li/OneDrive/Desktop/Airflow_pract/venv/lib/python3.9/site-packages/airflow/example_dags/example_dynamic_task_mapping.py
[2025-04-20T21:40:00.453+0800] {processor.py:914} INFO - Processing file /mnt/c/Users/wu_li/OneDrive/Desktop/Airflow_pract/venv/lib/python3.9/site-packages/airflow/example_dags/example_dynamic_task_mapping.py for tasks to queue
[2025-04-20T21:40:00.461+0800] {logging_mixin.py:190} INFO - [2025-04-20T21:40:00.460+0800] {dagbag.py:588} INFO - Filling up the DagBag from /mnt/c/Users/wu_li/OneDrive/Desktop/Airflow_pract/venv/lib/python3.9/site-packages/airflow/example_dags/example_dynamic_task_mapping.py
[2025-04-20T21:40:00.490+0800] {processor.py:925} INFO - DAG(s) 'example_dynamic_task_mapping' retrieved from /mnt/c/Users/wu_li/OneDrive/Desktop/Airflow_pract/venv/lib/python3.9/site-packages/airflow/example_dags/example_dynamic_task_mapping.py
[2025-04-20T21:40:00.534+0800] {logging_mixin.py:190} INFO - [2025-04-20T21:40:00.533+0800] {dag.py:3239} INFO - Sync 1 DAGs
[2025-04-20T21:40:00.579+0800] {logging_mixin.py:190} INFO - [2025-04-20T21:40:00.578+0800] {dag.py:4180} INFO - Setting next_dagrun for example_dynamic_task_mapping to None, run_after=None
[2025-04-20T21:40:00.663+0800] {processor.py:208} INFO - Processing /mnt/c/Users/wu_li/OneDrive/Desktop/Airflow_pract/venv/lib/python3.9/site-packages/airflow/example_dags/example_dynamic_task_mapping.py took 0.234 seconds
[2025-04-20T21:41:29.027+0800] {processor.py:186} INFO - Started process (PID=119381) to work on /mnt/c/Users/wu_li/OneDrive/Desktop/Airflow_pract/venv/lib/python3.9/site-packages/airflow/example_dags/example_dynamic_task_mapping.py
[2025-04-20T21:41:29.036+0800] {processor.py:914} INFO - Processing file /mnt/c/Users/wu_li/OneDrive/Desktop/Airflow_pract/venv/lib/python3.9/site-packages/airflow/example_dags/example_dynamic_task_mapping.py for tasks to queue
[2025-04-20T21:41:29.040+0800] {logging_mixin.py:190} INFO - [2025-04-20T21:41:29.039+0800] {dagbag.py:588} INFO - Filling up the DagBag from /mnt/c/Users/wu_li/OneDrive/Desktop/Airflow_pract/venv/lib/python3.9/site-packages/airflow/example_dags/example_dynamic_task_mapping.py
[2025-04-20T21:41:29.066+0800] {processor.py:925} INFO - DAG(s) 'example_dynamic_task_mapping' retrieved from /mnt/c/Users/wu_li/OneDrive/Desktop/Airflow_pract/venv/lib/python3.9/site-packages/airflow/example_dags/example_dynamic_task_mapping.py
[2025-04-20T21:41:29.096+0800] {logging_mixin.py:190} INFO - [2025-04-20T21:41:29.095+0800] {dag.py:3239} INFO - Sync 1 DAGs
[2025-04-20T21:41:29.114+0800] {logging_mixin.py:190} INFO - [2025-04-20T21:41:29.112+0800] {dag.py:4180} INFO - Setting next_dagrun for example_dynamic_task_mapping to None, run_after=None
[2025-04-20T21:41:29.183+0800] {processor.py:208} INFO - Processing /mnt/c/Users/wu_li/OneDrive/Desktop/Airflow_pract/venv/lib/python3.9/site-packages/airflow/example_dags/example_dynamic_task_mapping.py took 0.168 seconds
[2025-04-20T21:43:05.220+0800] {processor.py:186} INFO - Started process (PID=120284) to work on /mnt/c/Users/wu_li/OneDrive/Desktop/Airflow_pract/venv/lib/python3.9/site-packages/airflow/example_dags/example_dynamic_task_mapping.py
[2025-04-20T21:43:05.223+0800] {processor.py:914} INFO - Processing file /mnt/c/Users/wu_li/OneDrive/Desktop/Airflow_pract/venv/lib/python3.9/site-packages/airflow/example_dags/example_dynamic_task_mapping.py for tasks to queue
[2025-04-20T21:43:05.228+0800] {logging_mixin.py:190} INFO - [2025-04-20T21:43:05.226+0800] {dagbag.py:588} INFO - Filling up the DagBag from /mnt/c/Users/wu_li/OneDrive/Desktop/Airflow_pract/venv/lib/python3.9/site-packages/airflow/example_dags/example_dynamic_task_mapping.py
[2025-04-20T21:43:05.278+0800] {processor.py:925} INFO - DAG(s) 'example_dynamic_task_mapping' retrieved from /mnt/c/Users/wu_li/OneDrive/Desktop/Airflow_pract/venv/lib/python3.9/site-packages/airflow/example_dags/example_dynamic_task_mapping.py
[2025-04-20T21:43:05.359+0800] {logging_mixin.py:190} INFO - [2025-04-20T21:43:05.353+0800] {dag.py:3239} INFO - Sync 1 DAGs
[2025-04-20T21:43:05.403+0800] {logging_mixin.py:190} INFO - [2025-04-20T21:43:05.399+0800] {dag.py:4180} INFO - Setting next_dagrun for example_dynamic_task_mapping to None, run_after=None
[2025-04-20T21:43:04.857+0800] {processor.py:208} INFO - Processing /mnt/c/Users/wu_li/OneDrive/Desktop/Airflow_pract/venv/lib/python3.9/site-packages/airflow/example_dags/example_dynamic_task_mapping.py took 0.379 seconds
[2025-04-20T21:44:39.631+0800] {processor.py:186} INFO - Started process (PID=121248) to work on /mnt/c/Users/wu_li/OneDrive/Desktop/Airflow_pract/venv/lib/python3.9/site-packages/airflow/example_dags/example_dynamic_task_mapping.py
[2025-04-20T21:44:39.637+0800] {processor.py:914} INFO - Processing file /mnt/c/Users/wu_li/OneDrive/Desktop/Airflow_pract/venv/lib/python3.9/site-packages/airflow/example_dags/example_dynamic_task_mapping.py for tasks to queue
[2025-04-20T21:44:39.640+0800] {logging_mixin.py:190} INFO - [2025-04-20T21:44:39.639+0800] {dagbag.py:588} INFO - Filling up the DagBag from /mnt/c/Users/wu_li/OneDrive/Desktop/Airflow_pract/venv/lib/python3.9/site-packages/airflow/example_dags/example_dynamic_task_mapping.py
[2025-04-20T21:44:39.663+0800] {processor.py:925} INFO - DAG(s) 'example_dynamic_task_mapping' retrieved from /mnt/c/Users/wu_li/OneDrive/Desktop/Airflow_pract/venv/lib/python3.9/site-packages/airflow/example_dags/example_dynamic_task_mapping.py
[2025-04-20T21:44:39.727+0800] {logging_mixin.py:190} INFO - [2025-04-20T21:44:39.727+0800] {dag.py:3239} INFO - Sync 1 DAGs
[2025-04-20T21:44:39.754+0800] {logging_mixin.py:190} INFO - [2025-04-20T21:44:39.752+0800] {dag.py:4180} INFO - Setting next_dagrun for example_dynamic_task_mapping to None, run_after=None
[2025-04-20T21:44:39.816+0800] {processor.py:208} INFO - Processing /mnt/c/Users/wu_li/OneDrive/Desktop/Airflow_pract/venv/lib/python3.9/site-packages/airflow/example_dags/example_dynamic_task_mapping.py took 0.198 seconds
[2025-04-20T21:46:15.696+0800] {processor.py:186} INFO - Started process (PID=122055) to work on /mnt/c/Users/wu_li/OneDrive/Desktop/Airflow_pract/venv/lib/python3.9/site-packages/airflow/example_dags/example_dynamic_task_mapping.py
[2025-04-20T21:46:15.698+0800] {processor.py:914} INFO - Processing file /mnt/c/Users/wu_li/OneDrive/Desktop/Airflow_pract/venv/lib/python3.9/site-packages/airflow/example_dags/example_dynamic_task_mapping.py for tasks to queue
[2025-04-20T21:46:15.700+0800] {logging_mixin.py:190} INFO - [2025-04-20T21:46:15.699+0800] {dagbag.py:588} INFO - Filling up the DagBag from /mnt/c/Users/wu_li/OneDrive/Desktop/Airflow_pract/venv/lib/python3.9/site-packages/airflow/example_dags/example_dynamic_task_mapping.py
[2025-04-20T21:46:15.720+0800] {processor.py:925} INFO - DAG(s) 'example_dynamic_task_mapping' retrieved from /mnt/c/Users/wu_li/OneDrive/Desktop/Airflow_pract/venv/lib/python3.9/site-packages/airflow/example_dags/example_dynamic_task_mapping.py
[2025-04-20T21:46:15.745+0800] {logging_mixin.py:190} INFO - [2025-04-20T21:46:15.744+0800] {dag.py:3239} INFO - Sync 1 DAGs
[2025-04-20T21:46:15.758+0800] {logging_mixin.py:190} INFO - [2025-04-20T21:46:15.757+0800] {dag.py:4180} INFO - Setting next_dagrun for example_dynamic_task_mapping to None, run_after=None
[2025-04-20T21:46:15.822+0800] {processor.py:208} INFO - Processing /mnt/c/Users/wu_li/OneDrive/Desktop/Airflow_pract/venv/lib/python3.9/site-packages/airflow/example_dags/example_dynamic_task_mapping.py took 0.137 seconds
[2025-04-20T21:48:13.886+0800] {processor.py:186} INFO - Started process (PID=123006) to work on /mnt/c/Users/wu_li/OneDrive/Desktop/Airflow_pract/venv/lib/python3.9/site-packages/airflow/example_dags/example_dynamic_task_mapping.py
[2025-04-20T21:48:13.889+0800] {processor.py:914} INFO - Processing file /mnt/c/Users/wu_li/OneDrive/Desktop/Airflow_pract/venv/lib/python3.9/site-packages/airflow/example_dags/example_dynamic_task_mapping.py for tasks to queue
[2025-04-20T21:48:13.893+0800] {logging_mixin.py:190} INFO - [2025-04-20T21:48:13.891+0800] {dagbag.py:588} INFO - Filling up the DagBag from /mnt/c/Users/wu_li/OneDrive/Desktop/Airflow_pract/venv/lib/python3.9/site-packages/airflow/example_dags/example_dynamic_task_mapping.py
[2025-04-20T21:48:13.916+0800] {processor.py:925} INFO - DAG(s) 'example_dynamic_task_mapping' retrieved from /mnt/c/Users/wu_li/OneDrive/Desktop/Airflow_pract/venv/lib/python3.9/site-packages/airflow/example_dags/example_dynamic_task_mapping.py
[2025-04-20T21:48:13.945+0800] {logging_mixin.py:190} INFO - [2025-04-20T21:48:13.944+0800] {dag.py:3239} INFO - Sync 1 DAGs
[2025-04-20T21:48:13.967+0800] {logging_mixin.py:190} INFO - [2025-04-20T21:48:13.965+0800] {dag.py:4180} INFO - Setting next_dagrun for example_dynamic_task_mapping to None, run_after=None
[2025-04-20T21:48:14.030+0800] {processor.py:208} INFO - Processing /mnt/c/Users/wu_li/OneDrive/Desktop/Airflow_pract/venv/lib/python3.9/site-packages/airflow/example_dags/example_dynamic_task_mapping.py took 0.160 seconds
[2025-04-20T21:49:43.755+0800] {processor.py:186} INFO - Started process (PID=124011) to work on /mnt/c/Users/wu_li/OneDrive/Desktop/Airflow_pract/venv/lib/python3.9/site-packages/airflow/example_dags/example_dynamic_task_mapping.py
[2025-04-20T21:49:43.758+0800] {processor.py:914} INFO - Processing file /mnt/c/Users/wu_li/OneDrive/Desktop/Airflow_pract/venv/lib/python3.9/site-packages/airflow/example_dags/example_dynamic_task_mapping.py for tasks to queue
[2025-04-20T21:49:43.762+0800] {logging_mixin.py:190} INFO - [2025-04-20T21:49:43.760+0800] {dagbag.py:588} INFO - Filling up the DagBag from /mnt/c/Users/wu_li/OneDrive/Desktop/Airflow_pract/venv/lib/python3.9/site-packages/airflow/example_dags/example_dynamic_task_mapping.py
[2025-04-20T21:49:43.802+0800] {processor.py:925} INFO - DAG(s) 'example_dynamic_task_mapping' retrieved from /mnt/c/Users/wu_li/OneDrive/Desktop/Airflow_pract/venv/lib/python3.9/site-packages/airflow/example_dags/example_dynamic_task_mapping.py
[2025-04-20T21:49:43.864+0800] {logging_mixin.py:190} INFO - [2025-04-20T21:49:43.863+0800] {dag.py:3239} INFO - Sync 1 DAGs
[2025-04-20T21:49:43.907+0800] {logging_mixin.py:190} INFO - [2025-04-20T21:49:43.906+0800] {dag.py:4180} INFO - Setting next_dagrun for example_dynamic_task_mapping to None, run_after=None
[2025-04-20T21:49:44.026+0800] {processor.py:208} INFO - Processing /mnt/c/Users/wu_li/OneDrive/Desktop/Airflow_pract/venv/lib/python3.9/site-packages/airflow/example_dags/example_dynamic_task_mapping.py took 0.293 seconds
