[2025-04-20T20:12:01.732+0800] {processor.py:186} INFO - Started process (PID=63855) to work on /mnt/c/Users/wu_li/OneDrive/Desktop/Airflow_pract/venv/lib/python3.9/site-packages/airflow/example_dags/example_latest_only_with_trigger.py
[2025-04-20T20:12:01.734+0800] {processor.py:914} INFO - Processing file /mnt/c/Users/wu_li/OneDrive/Desktop/Airflow_pract/venv/lib/python3.9/site-packages/airflow/example_dags/example_latest_only_with_trigger.py for tasks to queue
[2025-04-20T20:12:01.739+0800] {logging_mixin.py:190} INFO - [2025-04-20T20:12:01.737+0800] {dagbag.py:588} INFO - Filling up the DagBag from /mnt/c/Users/wu_li/OneDrive/Desktop/Airflow_pract/venv/lib/python3.9/site-packages/airflow/example_dags/example_latest_only_with_trigger.py
[2025-04-20T20:12:01.810+0800] {processor.py:925} INFO - DAG(s) 'latest_only_with_trigger' retrieved from /mnt/c/Users/wu_li/OneDrive/Desktop/Airflow_pract/venv/lib/python3.9/site-packages/airflow/example_dags/example_latest_only_with_trigger.py
[2025-04-20T20:12:03.207+0800] {logging_mixin.py:190} INFO - [2025-04-20T20:12:03.205+0800] {override.py:1912} INFO - Created Permission View: can delete on DAG:latest_only_with_trigger
[2025-04-20T20:12:03.241+0800] {logging_mixin.py:190} INFO - [2025-04-20T20:12:03.240+0800] {override.py:1912} INFO - Created Permission View: can read on DAG:latest_only_with_trigger
[2025-04-20T20:12:03.272+0800] {logging_mixin.py:190} INFO - [2025-04-20T20:12:03.270+0800] {override.py:1912} INFO - Created Permission View: can edit on DAG:latest_only_with_trigger
[2025-04-20T20:12:03.321+0800] {logging_mixin.py:190} INFO - [2025-04-20T20:12:03.320+0800] {override.py:1912} INFO - Created Permission View: can delete on DAG Run:latest_only_with_trigger
[2025-04-20T20:12:03.353+0800] {logging_mixin.py:190} INFO - [2025-04-20T20:12:03.352+0800] {override.py:1912} INFO - Created Permission View: can read on DAG Run:latest_only_with_trigger
[2025-04-20T20:12:03.386+0800] {logging_mixin.py:190} INFO - [2025-04-20T20:12:03.385+0800] {override.py:1912} INFO - Created Permission View: can create on DAG Run:latest_only_with_trigger
[2025-04-20T20:12:03.420+0800] {logging_mixin.py:190} INFO - [2025-04-20T20:12:03.419+0800] {override.py:1912} INFO - Created Permission View: menu access on DAG Run:latest_only_with_trigger
[2025-04-20T20:12:03.422+0800] {logging_mixin.py:190} INFO - [2025-04-20T20:12:03.421+0800] {dag.py:3239} INFO - Sync 1 DAGs
[2025-04-20T20:12:03.439+0800] {logging_mixin.py:190} INFO - [2025-04-20T20:12:03.438+0800] {dag.py:3262} INFO - Creating ORM DAG for latest_only_with_trigger
[2025-04-20T20:12:03.454+0800] {logging_mixin.py:190} INFO - [2025-04-20T20:12:03.453+0800] {dag.py:4180} INFO - Setting next_dagrun for latest_only_with_trigger to 2025-04-20 08:00:00+00:00, run_after=2025-04-20 12:00:00+00:00
[2025-04-20T20:12:03.509+0800] {processor.py:208} INFO - Processing /mnt/c/Users/wu_li/OneDrive/Desktop/Airflow_pract/venv/lib/python3.9/site-packages/airflow/example_dags/example_latest_only_with_trigger.py took 1.791 seconds
[2025-04-20T20:17:40.585+0800] {processor.py:186} INFO - Started process (PID=67966) to work on /mnt/c/Users/wu_li/OneDrive/Desktop/Airflow_pract/venv/lib/python3.9/site-packages/airflow/example_dags/example_latest_only_with_trigger.py
[2025-04-20T20:17:40.586+0800] {processor.py:914} INFO - Processing file /mnt/c/Users/wu_li/OneDrive/Desktop/Airflow_pract/venv/lib/python3.9/site-packages/airflow/example_dags/example_latest_only_with_trigger.py for tasks to queue
[2025-04-20T20:17:40.589+0800] {logging_mixin.py:190} INFO - [2025-04-20T20:17:40.588+0800] {dagbag.py:588} INFO - Filling up the DagBag from /mnt/c/Users/wu_li/OneDrive/Desktop/Airflow_pract/venv/lib/python3.9/site-packages/airflow/example_dags/example_latest_only_with_trigger.py
[2025-04-20T20:17:40.650+0800] {processor.py:925} INFO - DAG(s) 'latest_only_with_trigger' retrieved from /mnt/c/Users/wu_li/OneDrive/Desktop/Airflow_pract/venv/lib/python3.9/site-packages/airflow/example_dags/example_latest_only_with_trigger.py
[2025-04-20T20:17:40.776+0800] {logging_mixin.py:190} INFO - [2025-04-20T20:17:40.775+0800] {dag.py:3239} INFO - Sync 1 DAGs
[2025-04-20T20:17:40.799+0800] {logging_mixin.py:190} INFO - [2025-04-20T20:17:40.798+0800] {dag.py:4180} INFO - Setting next_dagrun for latest_only_with_trigger to 2025-04-20 08:00:00+00:00, run_after=2025-04-20 12:00:00+00:00
[2025-04-20T20:17:40.848+0800] {processor.py:208} INFO - Processing /mnt/c/Users/wu_li/OneDrive/Desktop/Airflow_pract/venv/lib/python3.9/site-packages/airflow/example_dags/example_latest_only_with_trigger.py took 0.273 seconds
[2025-04-20T20:19:01.587+0800] {processor.py:186} INFO - Started process (PID=68988) to work on /mnt/c/Users/wu_li/OneDrive/Desktop/Airflow_pract/venv/lib/python3.9/site-packages/airflow/example_dags/example_latest_only_with_trigger.py
[2025-04-20T20:19:01.590+0800] {processor.py:914} INFO - Processing file /mnt/c/Users/wu_li/OneDrive/Desktop/Airflow_pract/venv/lib/python3.9/site-packages/airflow/example_dags/example_latest_only_with_trigger.py for tasks to queue
[2025-04-20T20:19:01.595+0800] {logging_mixin.py:190} INFO - [2025-04-20T20:19:01.593+0800] {dagbag.py:588} INFO - Filling up the DagBag from /mnt/c/Users/wu_li/OneDrive/Desktop/Airflow_pract/venv/lib/python3.9/site-packages/airflow/example_dags/example_latest_only_with_trigger.py
[2025-04-20T20:19:01.705+0800] {processor.py:925} INFO - DAG(s) 'latest_only_with_trigger' retrieved from /mnt/c/Users/wu_li/OneDrive/Desktop/Airflow_pract/venv/lib/python3.9/site-packages/airflow/example_dags/example_latest_only_with_trigger.py
[2025-04-20T20:19:01.745+0800] {logging_mixin.py:190} INFO - [2025-04-20T20:19:01.744+0800] {dag.py:3239} INFO - Sync 1 DAGs
[2025-04-20T20:19:01.826+0800] {logging_mixin.py:190} INFO - [2025-04-20T20:19:01.825+0800] {dag.py:4180} INFO - Setting next_dagrun for latest_only_with_trigger to 2025-04-20 08:00:00+00:00, run_after=2025-04-20 12:00:00+00:00
[2025-04-20T20:19:01.912+0800] {processor.py:208} INFO - Processing /mnt/c/Users/wu_li/OneDrive/Desktop/Airflow_pract/venv/lib/python3.9/site-packages/airflow/example_dags/example_latest_only_with_trigger.py took 0.341 seconds
[2025-04-20T20:20:47.413+0800] {processor.py:186} INFO - Started process (PID=70076) to work on /mnt/c/Users/wu_li/OneDrive/Desktop/Airflow_pract/venv/lib/python3.9/site-packages/airflow/example_dags/example_latest_only_with_trigger.py
[2025-04-20T20:20:47.417+0800] {processor.py:914} INFO - Processing file /mnt/c/Users/wu_li/OneDrive/Desktop/Airflow_pract/venv/lib/python3.9/site-packages/airflow/example_dags/example_latest_only_with_trigger.py for tasks to queue
[2025-04-20T20:20:47.424+0800] {logging_mixin.py:190} INFO - [2025-04-20T20:20:47.422+0800] {dagbag.py:588} INFO - Filling up the DagBag from /mnt/c/Users/wu_li/OneDrive/Desktop/Airflow_pract/venv/lib/python3.9/site-packages/airflow/example_dags/example_latest_only_with_trigger.py
[2025-04-20T20:20:47.550+0800] {processor.py:925} INFO - DAG(s) 'latest_only_with_trigger' retrieved from /mnt/c/Users/wu_li/OneDrive/Desktop/Airflow_pract/venv/lib/python3.9/site-packages/airflow/example_dags/example_latest_only_with_trigger.py
[2025-04-20T20:20:47.586+0800] {logging_mixin.py:190} INFO - [2025-04-20T20:20:47.585+0800] {dag.py:3239} INFO - Sync 1 DAGs
[2025-04-20T20:20:47.652+0800] {logging_mixin.py:190} INFO - [2025-04-20T20:20:47.651+0800] {dag.py:4180} INFO - Setting next_dagrun for latest_only_with_trigger to 2025-04-20 08:00:00+00:00, run_after=2025-04-20 12:00:00+00:00
[2025-04-20T20:20:47.750+0800] {processor.py:208} INFO - Processing /mnt/c/Users/wu_li/OneDrive/Desktop/Airflow_pract/venv/lib/python3.9/site-packages/airflow/example_dags/example_latest_only_with_trigger.py took 0.368 seconds
[2025-04-20T20:22:48.787+0800] {processor.py:186} INFO - Started process (PID=70888) to work on /mnt/c/Users/wu_li/OneDrive/Desktop/Airflow_pract/venv/lib/python3.9/site-packages/airflow/example_dags/example_latest_only_with_trigger.py
[2025-04-20T20:22:48.789+0800] {processor.py:914} INFO - Processing file /mnt/c/Users/wu_li/OneDrive/Desktop/Airflow_pract/venv/lib/python3.9/site-packages/airflow/example_dags/example_latest_only_with_trigger.py for tasks to queue
[2025-04-20T20:22:48.794+0800] {logging_mixin.py:190} INFO - [2025-04-20T20:22:48.792+0800] {dagbag.py:588} INFO - Filling up the DagBag from /mnt/c/Users/wu_li/OneDrive/Desktop/Airflow_pract/venv/lib/python3.9/site-packages/airflow/example_dags/example_latest_only_with_trigger.py
[2025-04-20T20:22:48.868+0800] {processor.py:925} INFO - DAG(s) 'latest_only_with_trigger' retrieved from /mnt/c/Users/wu_li/OneDrive/Desktop/Airflow_pract/venv/lib/python3.9/site-packages/airflow/example_dags/example_latest_only_with_trigger.py
[2025-04-20T20:22:48.895+0800] {logging_mixin.py:190} INFO - [2025-04-20T20:22:48.894+0800] {dag.py:3239} INFO - Sync 1 DAGs
[2025-04-20T20:22:48.930+0800] {logging_mixin.py:190} INFO - [2025-04-20T20:22:48.928+0800] {dag.py:4180} INFO - Setting next_dagrun for latest_only_with_trigger to 2025-04-20 08:00:00+00:00, run_after=2025-04-20 12:00:00+00:00
[2025-04-20T20:22:48.988+0800] {processor.py:208} INFO - Processing /mnt/c/Users/wu_li/OneDrive/Desktop/Airflow_pract/venv/lib/python3.9/site-packages/airflow/example_dags/example_latest_only_with_trigger.py took 0.212 seconds
[2025-04-20T20:24:40.566+0800] {processor.py:186} INFO - Started process (PID=71910) to work on /mnt/c/Users/wu_li/OneDrive/Desktop/Airflow_pract/venv/lib/python3.9/site-packages/airflow/example_dags/example_latest_only_with_trigger.py
[2025-04-20T20:24:40.568+0800] {processor.py:914} INFO - Processing file /mnt/c/Users/wu_li/OneDrive/Desktop/Airflow_pract/venv/lib/python3.9/site-packages/airflow/example_dags/example_latest_only_with_trigger.py for tasks to queue
[2025-04-20T20:24:40.572+0800] {logging_mixin.py:190} INFO - [2025-04-20T20:24:40.571+0800] {dagbag.py:588} INFO - Filling up the DagBag from /mnt/c/Users/wu_li/OneDrive/Desktop/Airflow_pract/venv/lib/python3.9/site-packages/airflow/example_dags/example_latest_only_with_trigger.py
[2025-04-20T20:24:40.658+0800] {processor.py:925} INFO - DAG(s) 'latest_only_with_trigger' retrieved from /mnt/c/Users/wu_li/OneDrive/Desktop/Airflow_pract/venv/lib/python3.9/site-packages/airflow/example_dags/example_latest_only_with_trigger.py
[2025-04-20T20:24:40.691+0800] {logging_mixin.py:190} INFO - [2025-04-20T20:24:40.690+0800] {dag.py:3239} INFO - Sync 1 DAGs
[2025-04-20T20:24:40.739+0800] {logging_mixin.py:190} INFO - [2025-04-20T20:24:40.738+0800] {dag.py:4180} INFO - Setting next_dagrun for latest_only_with_trigger to 2025-04-20 08:00:00+00:00, run_after=2025-04-20 12:00:00+00:00
[2025-04-20T20:24:40.811+0800] {processor.py:208} INFO - Processing /mnt/c/Users/wu_li/OneDrive/Desktop/Airflow_pract/venv/lib/python3.9/site-packages/airflow/example_dags/example_latest_only_with_trigger.py took 0.258 seconds
[2025-04-20T20:26:38.725+0800] {processor.py:186} INFO - Started process (PID=72794) to work on /mnt/c/Users/wu_li/OneDrive/Desktop/Airflow_pract/venv/lib/python3.9/site-packages/airflow/example_dags/example_latest_only_with_trigger.py
[2025-04-20T20:26:38.726+0800] {processor.py:914} INFO - Processing file /mnt/c/Users/wu_li/OneDrive/Desktop/Airflow_pract/venv/lib/python3.9/site-packages/airflow/example_dags/example_latest_only_with_trigger.py for tasks to queue
[2025-04-20T20:26:38.730+0800] {logging_mixin.py:190} INFO - [2025-04-20T20:26:38.729+0800] {dagbag.py:588} INFO - Filling up the DagBag from /mnt/c/Users/wu_li/OneDrive/Desktop/Airflow_pract/venv/lib/python3.9/site-packages/airflow/example_dags/example_latest_only_with_trigger.py
[2025-04-20T20:26:38.809+0800] {processor.py:925} INFO - DAG(s) 'latest_only_with_trigger' retrieved from /mnt/c/Users/wu_li/OneDrive/Desktop/Airflow_pract/venv/lib/python3.9/site-packages/airflow/example_dags/example_latest_only_with_trigger.py
[2025-04-20T20:26:38.844+0800] {logging_mixin.py:190} INFO - [2025-04-20T20:26:38.843+0800] {dag.py:3239} INFO - Sync 1 DAGs
[2025-04-20T20:26:38.875+0800] {logging_mixin.py:190} INFO - [2025-04-20T20:26:38.874+0800] {dag.py:4180} INFO - Setting next_dagrun for latest_only_with_trigger to 2025-04-20 08:00:00+00:00, run_after=2025-04-20 12:00:00+00:00
[2025-04-20T20:26:38.931+0800] {processor.py:208} INFO - Processing /mnt/c/Users/wu_li/OneDrive/Desktop/Airflow_pract/venv/lib/python3.9/site-packages/airflow/example_dags/example_latest_only_with_trigger.py took 0.219 seconds
[2025-04-20T20:36:47.485+0800] {processor.py:186} INFO - Started process (PID=77332) to work on /mnt/c/Users/wu_li/OneDrive/Desktop/Airflow_pract/venv/lib/python3.9/site-packages/airflow/example_dags/example_latest_only_with_trigger.py
[2025-04-20T20:36:47.493+0800] {processor.py:914} INFO - Processing file /mnt/c/Users/wu_li/OneDrive/Desktop/Airflow_pract/venv/lib/python3.9/site-packages/airflow/example_dags/example_latest_only_with_trigger.py for tasks to queue
[2025-04-20T20:36:47.504+0800] {logging_mixin.py:190} INFO - [2025-04-20T20:36:47.502+0800] {dagbag.py:588} INFO - Filling up the DagBag from /mnt/c/Users/wu_li/OneDrive/Desktop/Airflow_pract/venv/lib/python3.9/site-packages/airflow/example_dags/example_latest_only_with_trigger.py
[2025-04-20T20:36:47.545+0800] {processor.py:925} INFO - DAG(s) 'latest_only_with_trigger' retrieved from /mnt/c/Users/wu_li/OneDrive/Desktop/Airflow_pract/venv/lib/python3.9/site-packages/airflow/example_dags/example_latest_only_with_trigger.py
[2025-04-20T20:36:47.632+0800] {logging_mixin.py:190} INFO - [2025-04-20T20:36:47.631+0800] {dag.py:3239} INFO - Sync 1 DAGs
[2025-04-20T20:36:47.716+0800] {logging_mixin.py:190} INFO - [2025-04-20T20:36:47.712+0800] {dag.py:4180} INFO - Setting next_dagrun for latest_only_with_trigger to 2025-04-20 08:00:00+00:00, run_after=2025-04-20 12:00:00+00:00
[2025-04-20T20:36:47.850+0800] {processor.py:208} INFO - Processing /mnt/c/Users/wu_li/OneDrive/Desktop/Airflow_pract/venv/lib/python3.9/site-packages/airflow/example_dags/example_latest_only_with_trigger.py took 0.389 seconds
[2025-04-20T20:38:08.517+0800] {processor.py:186} INFO - Started process (PID=78047) to work on /mnt/c/Users/wu_li/OneDrive/Desktop/Airflow_pract/venv/lib/python3.9/site-packages/airflow/example_dags/example_latest_only_with_trigger.py
[2025-04-20T20:38:08.518+0800] {processor.py:914} INFO - Processing file /mnt/c/Users/wu_li/OneDrive/Desktop/Airflow_pract/venv/lib/python3.9/site-packages/airflow/example_dags/example_latest_only_with_trigger.py for tasks to queue
[2025-04-20T20:38:08.521+0800] {logging_mixin.py:190} INFO - [2025-04-20T20:38:08.520+0800] {dagbag.py:588} INFO - Filling up the DagBag from /mnt/c/Users/wu_li/OneDrive/Desktop/Airflow_pract/venv/lib/python3.9/site-packages/airflow/example_dags/example_latest_only_with_trigger.py
[2025-04-20T20:38:08.541+0800] {processor.py:925} INFO - DAG(s) 'latest_only_with_trigger' retrieved from /mnt/c/Users/wu_li/OneDrive/Desktop/Airflow_pract/venv/lib/python3.9/site-packages/airflow/example_dags/example_latest_only_with_trigger.py
[2025-04-20T20:38:08.567+0800] {logging_mixin.py:190} INFO - [2025-04-20T20:38:08.567+0800] {dag.py:3239} INFO - Sync 1 DAGs
[2025-04-20T20:38:08.593+0800] {logging_mixin.py:190} INFO - [2025-04-20T20:38:08.592+0800] {dag.py:4180} INFO - Setting next_dagrun for latest_only_with_trigger to 2025-04-20 08:00:00+00:00, run_after=2025-04-20 12:00:00+00:00
[2025-04-20T20:38:08.650+0800] {processor.py:208} INFO - Processing /mnt/c/Users/wu_li/OneDrive/Desktop/Airflow_pract/venv/lib/python3.9/site-packages/airflow/example_dags/example_latest_only_with_trigger.py took 0.145 seconds
[2025-04-20T20:39:32.708+0800] {processor.py:186} INFO - Started process (PID=79195) to work on /mnt/c/Users/wu_li/OneDrive/Desktop/Airflow_pract/venv/lib/python3.9/site-packages/airflow/example_dags/example_latest_only_with_trigger.py
[2025-04-20T20:39:32.710+0800] {processor.py:914} INFO - Processing file /mnt/c/Users/wu_li/OneDrive/Desktop/Airflow_pract/venv/lib/python3.9/site-packages/airflow/example_dags/example_latest_only_with_trigger.py for tasks to queue
[2025-04-20T20:39:32.714+0800] {logging_mixin.py:190} INFO - [2025-04-20T20:39:32.712+0800] {dagbag.py:588} INFO - Filling up the DagBag from /mnt/c/Users/wu_li/OneDrive/Desktop/Airflow_pract/venv/lib/python3.9/site-packages/airflow/example_dags/example_latest_only_with_trigger.py
[2025-04-20T20:39:32.753+0800] {processor.py:925} INFO - DAG(s) 'latest_only_with_trigger' retrieved from /mnt/c/Users/wu_li/OneDrive/Desktop/Airflow_pract/venv/lib/python3.9/site-packages/airflow/example_dags/example_latest_only_with_trigger.py
[2025-04-20T20:39:32.791+0800] {logging_mixin.py:190} INFO - [2025-04-20T20:39:32.790+0800] {dag.py:3239} INFO - Sync 1 DAGs
[2025-04-20T20:39:32.848+0800] {logging_mixin.py:190} INFO - [2025-04-20T20:39:32.843+0800] {dag.py:4180} INFO - Setting next_dagrun for latest_only_with_trigger to 2025-04-20 08:00:00+00:00, run_after=2025-04-20 12:00:00+00:00
[2025-04-20T20:39:32.943+0800] {processor.py:208} INFO - Processing /mnt/c/Users/wu_li/OneDrive/Desktop/Airflow_pract/venv/lib/python3.9/site-packages/airflow/example_dags/example_latest_only_with_trigger.py took 0.245 seconds
[2025-04-20T20:41:25.663+0800] {processor.py:186} INFO - Started process (PID=80133) to work on /mnt/c/Users/wu_li/OneDrive/Desktop/Airflow_pract/venv/lib/python3.9/site-packages/airflow/example_dags/example_latest_only_with_trigger.py
[2025-04-20T20:41:25.666+0800] {processor.py:914} INFO - Processing file /mnt/c/Users/wu_li/OneDrive/Desktop/Airflow_pract/venv/lib/python3.9/site-packages/airflow/example_dags/example_latest_only_with_trigger.py for tasks to queue
[2025-04-20T20:41:25.670+0800] {logging_mixin.py:190} INFO - [2025-04-20T20:41:25.669+0800] {dagbag.py:588} INFO - Filling up the DagBag from /mnt/c/Users/wu_li/OneDrive/Desktop/Airflow_pract/venv/lib/python3.9/site-packages/airflow/example_dags/example_latest_only_with_trigger.py
[2025-04-20T20:41:25.701+0800] {processor.py:925} INFO - DAG(s) 'latest_only_with_trigger' retrieved from /mnt/c/Users/wu_li/OneDrive/Desktop/Airflow_pract/venv/lib/python3.9/site-packages/airflow/example_dags/example_latest_only_with_trigger.py
[2025-04-20T20:41:25.749+0800] {logging_mixin.py:190} INFO - [2025-04-20T20:41:25.748+0800] {dag.py:3239} INFO - Sync 1 DAGs
[2025-04-20T20:41:25.828+0800] {logging_mixin.py:190} INFO - [2025-04-20T20:41:25.827+0800] {dag.py:4180} INFO - Setting next_dagrun for latest_only_with_trigger to 2025-04-20 08:00:00+00:00, run_after=2025-04-20 12:00:00+00:00
[2025-04-20T20:41:25.921+0800] {processor.py:208} INFO - Processing /mnt/c/Users/wu_li/OneDrive/Desktop/Airflow_pract/venv/lib/python3.9/site-packages/airflow/example_dags/example_latest_only_with_trigger.py took 0.279 seconds
[2025-04-20T20:43:12.663+0800] {processor.py:186} INFO - Started process (PID=81078) to work on /mnt/c/Users/wu_li/OneDrive/Desktop/Airflow_pract/venv/lib/python3.9/site-packages/airflow/example_dags/example_latest_only_with_trigger.py
[2025-04-20T20:43:12.669+0800] {processor.py:914} INFO - Processing file /mnt/c/Users/wu_li/OneDrive/Desktop/Airflow_pract/venv/lib/python3.9/site-packages/airflow/example_dags/example_latest_only_with_trigger.py for tasks to queue
[2025-04-20T20:43:12.674+0800] {logging_mixin.py:190} INFO - [2025-04-20T20:43:12.672+0800] {dagbag.py:588} INFO - Filling up the DagBag from /mnt/c/Users/wu_li/OneDrive/Desktop/Airflow_pract/venv/lib/python3.9/site-packages/airflow/example_dags/example_latest_only_with_trigger.py
[2025-04-20T20:43:12.712+0800] {processor.py:925} INFO - DAG(s) 'latest_only_with_trigger' retrieved from /mnt/c/Users/wu_li/OneDrive/Desktop/Airflow_pract/venv/lib/python3.9/site-packages/airflow/example_dags/example_latest_only_with_trigger.py
[2025-04-20T20:43:12.772+0800] {logging_mixin.py:190} INFO - [2025-04-20T20:43:12.770+0800] {dag.py:3239} INFO - Sync 1 DAGs
[2025-04-20T20:43:12.840+0800] {logging_mixin.py:190} INFO - [2025-04-20T20:43:12.839+0800] {dag.py:4180} INFO - Setting next_dagrun for latest_only_with_trigger to 2025-04-20 08:00:00+00:00, run_after=2025-04-20 12:00:00+00:00
[2025-04-20T20:43:12.927+0800] {processor.py:208} INFO - Processing /mnt/c/Users/wu_li/OneDrive/Desktop/Airflow_pract/venv/lib/python3.9/site-packages/airflow/example_dags/example_latest_only_with_trigger.py took 0.283 seconds
[2025-04-20T20:44:48.295+0800] {processor.py:186} INFO - Started process (PID=82014) to work on /mnt/c/Users/wu_li/OneDrive/Desktop/Airflow_pract/venv/lib/python3.9/site-packages/airflow/example_dags/example_latest_only_with_trigger.py
[2025-04-20T20:44:48.298+0800] {processor.py:914} INFO - Processing file /mnt/c/Users/wu_li/OneDrive/Desktop/Airflow_pract/venv/lib/python3.9/site-packages/airflow/example_dags/example_latest_only_with_trigger.py for tasks to queue
[2025-04-20T20:44:48.308+0800] {logging_mixin.py:190} INFO - [2025-04-20T20:44:48.302+0800] {dagbag.py:588} INFO - Filling up the DagBag from /mnt/c/Users/wu_li/OneDrive/Desktop/Airflow_pract/venv/lib/python3.9/site-packages/airflow/example_dags/example_latest_only_with_trigger.py
[2025-04-20T20:44:48.350+0800] {processor.py:925} INFO - DAG(s) 'latest_only_with_trigger' retrieved from /mnt/c/Users/wu_li/OneDrive/Desktop/Airflow_pract/venv/lib/python3.9/site-packages/airflow/example_dags/example_latest_only_with_trigger.py
[2025-04-20T20:44:48.419+0800] {logging_mixin.py:190} INFO - [2025-04-20T20:44:48.418+0800] {dag.py:3239} INFO - Sync 1 DAGs
[2025-04-20T20:44:48.502+0800] {logging_mixin.py:190} INFO - [2025-04-20T20:44:48.499+0800] {dag.py:4180} INFO - Setting next_dagrun for latest_only_with_trigger to 2025-04-20 08:00:00+00:00, run_after=2025-04-20 12:00:00+00:00
[2025-04-20T20:44:48.636+0800] {processor.py:208} INFO - Processing /mnt/c/Users/wu_li/OneDrive/Desktop/Airflow_pract/venv/lib/python3.9/site-packages/airflow/example_dags/example_latest_only_with_trigger.py took 0.363 seconds
[2025-04-20T20:46:38.713+0800] {processor.py:186} INFO - Started process (PID=82883) to work on /mnt/c/Users/wu_li/OneDrive/Desktop/Airflow_pract/venv/lib/python3.9/site-packages/airflow/example_dags/example_latest_only_with_trigger.py
[2025-04-20T20:46:38.716+0800] {processor.py:914} INFO - Processing file /mnt/c/Users/wu_li/OneDrive/Desktop/Airflow_pract/venv/lib/python3.9/site-packages/airflow/example_dags/example_latest_only_with_trigger.py for tasks to queue
[2025-04-20T20:46:38.724+0800] {logging_mixin.py:190} INFO - [2025-04-20T20:46:38.722+0800] {dagbag.py:588} INFO - Filling up the DagBag from /mnt/c/Users/wu_li/OneDrive/Desktop/Airflow_pract/venv/lib/python3.9/site-packages/airflow/example_dags/example_latest_only_with_trigger.py
[2025-04-20T20:46:38.764+0800] {processor.py:925} INFO - DAG(s) 'latest_only_with_trigger' retrieved from /mnt/c/Users/wu_li/OneDrive/Desktop/Airflow_pract/venv/lib/python3.9/site-packages/airflow/example_dags/example_latest_only_with_trigger.py
[2025-04-20T20:46:38.824+0800] {logging_mixin.py:190} INFO - [2025-04-20T20:46:38.821+0800] {dag.py:3239} INFO - Sync 1 DAGs
[2025-04-20T20:46:38.914+0800] {logging_mixin.py:190} INFO - [2025-04-20T20:46:38.912+0800] {dag.py:4180} INFO - Setting next_dagrun for latest_only_with_trigger to 2025-04-20 08:00:00+00:00, run_after=2025-04-20 12:00:00+00:00
[2025-04-20T20:46:39.036+0800] {processor.py:208} INFO - Processing /mnt/c/Users/wu_li/OneDrive/Desktop/Airflow_pract/venv/lib/python3.9/site-packages/airflow/example_dags/example_latest_only_with_trigger.py took 0.350 seconds
[2025-04-20T20:48:23.189+0800] {processor.py:186} INFO - Started process (PID=83825) to work on /mnt/c/Users/wu_li/OneDrive/Desktop/Airflow_pract/venv/lib/python3.9/site-packages/airflow/example_dags/example_latest_only_with_trigger.py
[2025-04-20T20:48:23.191+0800] {processor.py:914} INFO - Processing file /mnt/c/Users/wu_li/OneDrive/Desktop/Airflow_pract/venv/lib/python3.9/site-packages/airflow/example_dags/example_latest_only_with_trigger.py for tasks to queue
[2025-04-20T20:48:23.196+0800] {logging_mixin.py:190} INFO - [2025-04-20T20:48:23.194+0800] {dagbag.py:588} INFO - Filling up the DagBag from /mnt/c/Users/wu_li/OneDrive/Desktop/Airflow_pract/venv/lib/python3.9/site-packages/airflow/example_dags/example_latest_only_with_trigger.py
[2025-04-20T20:48:23.228+0800] {processor.py:925} INFO - DAG(s) 'latest_only_with_trigger' retrieved from /mnt/c/Users/wu_li/OneDrive/Desktop/Airflow_pract/venv/lib/python3.9/site-packages/airflow/example_dags/example_latest_only_with_trigger.py
[2025-04-20T20:48:23.271+0800] {logging_mixin.py:190} INFO - [2025-04-20T20:48:23.269+0800] {dag.py:3239} INFO - Sync 1 DAGs
[2025-04-20T20:48:23.354+0800] {logging_mixin.py:190} INFO - [2025-04-20T20:48:23.353+0800] {dag.py:4180} INFO - Setting next_dagrun for latest_only_with_trigger to 2025-04-20 08:00:00+00:00, run_after=2025-04-20 12:00:00+00:00
[2025-04-20T20:48:23.440+0800] {processor.py:208} INFO - Processing /mnt/c/Users/wu_li/OneDrive/Desktop/Airflow_pract/venv/lib/python3.9/site-packages/airflow/example_dags/example_latest_only_with_trigger.py took 0.268 seconds
[2025-04-20T20:50:16.287+0800] {processor.py:186} INFO - Started process (PID=84693) to work on /mnt/c/Users/wu_li/OneDrive/Desktop/Airflow_pract/venv/lib/python3.9/site-packages/airflow/example_dags/example_latest_only_with_trigger.py
[2025-04-20T20:50:16.294+0800] {processor.py:914} INFO - Processing file /mnt/c/Users/wu_li/OneDrive/Desktop/Airflow_pract/venv/lib/python3.9/site-packages/airflow/example_dags/example_latest_only_with_trigger.py for tasks to queue
[2025-04-20T20:50:16.298+0800] {logging_mixin.py:190} INFO - [2025-04-20T20:50:16.297+0800] {dagbag.py:588} INFO - Filling up the DagBag from /mnt/c/Users/wu_li/OneDrive/Desktop/Airflow_pract/venv/lib/python3.9/site-packages/airflow/example_dags/example_latest_only_with_trigger.py
[2025-04-20T20:50:16.346+0800] {processor.py:925} INFO - DAG(s) 'latest_only_with_trigger' retrieved from /mnt/c/Users/wu_li/OneDrive/Desktop/Airflow_pract/venv/lib/python3.9/site-packages/airflow/example_dags/example_latest_only_with_trigger.py
[2025-04-20T20:50:16.408+0800] {logging_mixin.py:190} INFO - [2025-04-20T20:50:16.406+0800] {dag.py:3239} INFO - Sync 1 DAGs
[2025-04-20T20:50:16.498+0800] {logging_mixin.py:190} INFO - [2025-04-20T20:50:16.494+0800] {dag.py:4180} INFO - Setting next_dagrun for latest_only_with_trigger to 2025-04-20 08:00:00+00:00, run_after=2025-04-20 12:00:00+00:00
[2025-04-20T20:50:16.636+0800] {processor.py:208} INFO - Processing /mnt/c/Users/wu_li/OneDrive/Desktop/Airflow_pract/venv/lib/python3.9/site-packages/airflow/example_dags/example_latest_only_with_trigger.py took 0.379 seconds
[2025-04-20T20:52:15.394+0800] {processor.py:186} INFO - Started process (PID=85492) to work on /mnt/c/Users/wu_li/OneDrive/Desktop/Airflow_pract/venv/lib/python3.9/site-packages/airflow/example_dags/example_latest_only_with_trigger.py
[2025-04-20T20:52:15.398+0800] {processor.py:914} INFO - Processing file /mnt/c/Users/wu_li/OneDrive/Desktop/Airflow_pract/venv/lib/python3.9/site-packages/airflow/example_dags/example_latest_only_with_trigger.py for tasks to queue
[2025-04-20T20:52:15.402+0800] {logging_mixin.py:190} INFO - [2025-04-20T20:52:15.401+0800] {dagbag.py:588} INFO - Filling up the DagBag from /mnt/c/Users/wu_li/OneDrive/Desktop/Airflow_pract/venv/lib/python3.9/site-packages/airflow/example_dags/example_latest_only_with_trigger.py
[2025-04-20T20:52:15.456+0800] {processor.py:925} INFO - DAG(s) 'latest_only_with_trigger' retrieved from /mnt/c/Users/wu_li/OneDrive/Desktop/Airflow_pract/venv/lib/python3.9/site-packages/airflow/example_dags/example_latest_only_with_trigger.py
[2025-04-20T20:52:15.536+0800] {logging_mixin.py:190} INFO - [2025-04-20T20:52:15.535+0800] {dag.py:3239} INFO - Sync 1 DAGs
[2025-04-20T20:52:15.637+0800] {logging_mixin.py:190} INFO - [2025-04-20T20:52:15.635+0800] {dag.py:4180} INFO - Setting next_dagrun for latest_only_with_trigger to 2025-04-20 08:00:00+00:00, run_after=2025-04-20 12:00:00+00:00
[2025-04-20T20:52:15.793+0800] {processor.py:208} INFO - Processing /mnt/c/Users/wu_li/OneDrive/Desktop/Airflow_pract/venv/lib/python3.9/site-packages/airflow/example_dags/example_latest_only_with_trigger.py took 0.429 seconds
[2025-04-20T20:53:53.018+0800] {processor.py:186} INFO - Started process (PID=86649) to work on /mnt/c/Users/wu_li/OneDrive/Desktop/Airflow_pract/venv/lib/python3.9/site-packages/airflow/example_dags/example_latest_only_with_trigger.py
[2025-04-20T20:53:53.020+0800] {processor.py:914} INFO - Processing file /mnt/c/Users/wu_li/OneDrive/Desktop/Airflow_pract/venv/lib/python3.9/site-packages/airflow/example_dags/example_latest_only_with_trigger.py for tasks to queue
[2025-04-20T20:53:53.022+0800] {logging_mixin.py:190} INFO - [2025-04-20T20:53:53.021+0800] {dagbag.py:588} INFO - Filling up the DagBag from /mnt/c/Users/wu_li/OneDrive/Desktop/Airflow_pract/venv/lib/python3.9/site-packages/airflow/example_dags/example_latest_only_with_trigger.py
[2025-04-20T20:53:53.044+0800] {processor.py:925} INFO - DAG(s) 'latest_only_with_trigger' retrieved from /mnt/c/Users/wu_li/OneDrive/Desktop/Airflow_pract/venv/lib/python3.9/site-packages/airflow/example_dags/example_latest_only_with_trigger.py
[2025-04-20T20:53:53.074+0800] {logging_mixin.py:190} INFO - [2025-04-20T20:53:53.074+0800] {dag.py:3239} INFO - Sync 1 DAGs
[2025-04-20T20:53:53.125+0800] {logging_mixin.py:190} INFO - [2025-04-20T20:53:53.124+0800] {dag.py:4180} INFO - Setting next_dagrun for latest_only_with_trigger to 2025-04-20 08:00:00+00:00, run_after=2025-04-20 12:00:00+00:00
[2025-04-20T20:53:53.207+0800] {processor.py:208} INFO - Processing /mnt/c/Users/wu_li/OneDrive/Desktop/Airflow_pract/venv/lib/python3.9/site-packages/airflow/example_dags/example_latest_only_with_trigger.py took 0.202 seconds
[2025-04-20T20:55:19.553+0800] {processor.py:186} INFO - Started process (PID=87480) to work on /mnt/c/Users/wu_li/OneDrive/Desktop/Airflow_pract/venv/lib/python3.9/site-packages/airflow/example_dags/example_latest_only_with_trigger.py
[2025-04-20T20:55:19.555+0800] {processor.py:914} INFO - Processing file /mnt/c/Users/wu_li/OneDrive/Desktop/Airflow_pract/venv/lib/python3.9/site-packages/airflow/example_dags/example_latest_only_with_trigger.py for tasks to queue
[2025-04-20T20:55:19.557+0800] {logging_mixin.py:190} INFO - [2025-04-20T20:55:19.557+0800] {dagbag.py:588} INFO - Filling up the DagBag from /mnt/c/Users/wu_li/OneDrive/Desktop/Airflow_pract/venv/lib/python3.9/site-packages/airflow/example_dags/example_latest_only_with_trigger.py
[2025-04-20T20:55:19.582+0800] {processor.py:925} INFO - DAG(s) 'latest_only_with_trigger' retrieved from /mnt/c/Users/wu_li/OneDrive/Desktop/Airflow_pract/venv/lib/python3.9/site-packages/airflow/example_dags/example_latest_only_with_trigger.py
[2025-04-20T20:55:19.614+0800] {logging_mixin.py:190} INFO - [2025-04-20T20:55:19.613+0800] {dag.py:3239} INFO - Sync 1 DAGs
[2025-04-20T20:55:19.644+0800] {logging_mixin.py:190} INFO - [2025-04-20T20:55:19.642+0800] {dag.py:4180} INFO - Setting next_dagrun for latest_only_with_trigger to 2025-04-20 08:00:00+00:00, run_after=2025-04-20 12:00:00+00:00
[2025-04-20T20:55:19.704+0800] {processor.py:208} INFO - Processing /mnt/c/Users/wu_li/OneDrive/Desktop/Airflow_pract/venv/lib/python3.9/site-packages/airflow/example_dags/example_latest_only_with_trigger.py took 0.163 seconds
[2025-04-20T20:56:49.002+0800] {processor.py:186} INFO - Started process (PID=88559) to work on /mnt/c/Users/wu_li/OneDrive/Desktop/Airflow_pract/venv/lib/python3.9/site-packages/airflow/example_dags/example_latest_only_with_trigger.py
[2025-04-20T20:56:49.004+0800] {processor.py:914} INFO - Processing file /mnt/c/Users/wu_li/OneDrive/Desktop/Airflow_pract/venv/lib/python3.9/site-packages/airflow/example_dags/example_latest_only_with_trigger.py for tasks to queue
[2025-04-20T20:56:49.006+0800] {logging_mixin.py:190} INFO - [2025-04-20T20:56:49.005+0800] {dagbag.py:588} INFO - Filling up the DagBag from /mnt/c/Users/wu_li/OneDrive/Desktop/Airflow_pract/venv/lib/python3.9/site-packages/airflow/example_dags/example_latest_only_with_trigger.py
[2025-04-20T20:56:49.028+0800] {processor.py:925} INFO - DAG(s) 'latest_only_with_trigger' retrieved from /mnt/c/Users/wu_li/OneDrive/Desktop/Airflow_pract/venv/lib/python3.9/site-packages/airflow/example_dags/example_latest_only_with_trigger.py
[2025-04-20T20:56:49.056+0800] {logging_mixin.py:190} INFO - [2025-04-20T20:56:49.055+0800] {dag.py:3239} INFO - Sync 1 DAGs
[2025-04-20T20:56:49.084+0800] {logging_mixin.py:190} INFO - [2025-04-20T20:56:49.082+0800] {dag.py:4180} INFO - Setting next_dagrun for latest_only_with_trigger to 2025-04-20 08:00:00+00:00, run_after=2025-04-20 12:00:00+00:00
[2025-04-20T20:56:49.141+0800] {processor.py:208} INFO - Processing /mnt/c/Users/wu_li/OneDrive/Desktop/Airflow_pract/venv/lib/python3.9/site-packages/airflow/example_dags/example_latest_only_with_trigger.py took 0.150 seconds
[2025-04-20T20:58:20.032+0800] {processor.py:186} INFO - Started process (PID=89599) to work on /mnt/c/Users/wu_li/OneDrive/Desktop/Airflow_pract/venv/lib/python3.9/site-packages/airflow/example_dags/example_latest_only_with_trigger.py
[2025-04-20T20:58:20.034+0800] {processor.py:914} INFO - Processing file /mnt/c/Users/wu_li/OneDrive/Desktop/Airflow_pract/venv/lib/python3.9/site-packages/airflow/example_dags/example_latest_only_with_trigger.py for tasks to queue
[2025-04-20T20:58:20.038+0800] {logging_mixin.py:190} INFO - [2025-04-20T20:58:20.036+0800] {dagbag.py:588} INFO - Filling up the DagBag from /mnt/c/Users/wu_li/OneDrive/Desktop/Airflow_pract/venv/lib/python3.9/site-packages/airflow/example_dags/example_latest_only_with_trigger.py
[2025-04-20T20:58:20.073+0800] {processor.py:925} INFO - DAG(s) 'latest_only_with_trigger' retrieved from /mnt/c/Users/wu_li/OneDrive/Desktop/Airflow_pract/venv/lib/python3.9/site-packages/airflow/example_dags/example_latest_only_with_trigger.py
[2025-04-20T20:58:20.124+0800] {logging_mixin.py:190} INFO - [2025-04-20T20:58:20.123+0800] {dag.py:3239} INFO - Sync 1 DAGs
[2025-04-20T20:58:20.186+0800] {logging_mixin.py:190} INFO - [2025-04-20T20:58:20.185+0800] {dag.py:4180} INFO - Setting next_dagrun for latest_only_with_trigger to 2025-04-20 08:00:00+00:00, run_after=2025-04-20 12:00:00+00:00
[2025-04-20T20:58:20.264+0800] {processor.py:208} INFO - Processing /mnt/c/Users/wu_li/OneDrive/Desktop/Airflow_pract/venv/lib/python3.9/site-packages/airflow/example_dags/example_latest_only_with_trigger.py took 0.250 seconds
[2025-04-20T20:59:47.990+0800] {processor.py:186} INFO - Started process (PID=90605) to work on /mnt/c/Users/wu_li/OneDrive/Desktop/Airflow_pract/venv/lib/python3.9/site-packages/airflow/example_dags/example_latest_only_with_trigger.py
[2025-04-20T20:59:47.993+0800] {processor.py:914} INFO - Processing file /mnt/c/Users/wu_li/OneDrive/Desktop/Airflow_pract/venv/lib/python3.9/site-packages/airflow/example_dags/example_latest_only_with_trigger.py for tasks to queue
[2025-04-20T20:59:48.001+0800] {logging_mixin.py:190} INFO - [2025-04-20T20:59:47.999+0800] {dagbag.py:588} INFO - Filling up the DagBag from /mnt/c/Users/wu_li/OneDrive/Desktop/Airflow_pract/venv/lib/python3.9/site-packages/airflow/example_dags/example_latest_only_with_trigger.py
[2025-04-20T20:59:48.037+0800] {processor.py:925} INFO - DAG(s) 'latest_only_with_trigger' retrieved from /mnt/c/Users/wu_li/OneDrive/Desktop/Airflow_pract/venv/lib/python3.9/site-packages/airflow/example_dags/example_latest_only_with_trigger.py
[2025-04-20T20:59:48.081+0800] {logging_mixin.py:190} INFO - [2025-04-20T20:59:48.080+0800] {dag.py:3239} INFO - Sync 1 DAGs
[2025-04-20T20:59:48.110+0800] {logging_mixin.py:190} INFO - [2025-04-20T20:59:48.108+0800] {dag.py:4180} INFO - Setting next_dagrun for latest_only_with_trigger to 2025-04-20 08:00:00+00:00, run_after=2025-04-20 12:00:00+00:00
[2025-04-20T20:59:48.181+0800] {processor.py:208} INFO - Processing /mnt/c/Users/wu_li/OneDrive/Desktop/Airflow_pract/venv/lib/python3.9/site-packages/airflow/example_dags/example_latest_only_with_trigger.py took 0.212 seconds
[2025-04-20T21:01:18.391+0800] {processor.py:186} INFO - Started process (PID=91613) to work on /mnt/c/Users/wu_li/OneDrive/Desktop/Airflow_pract/venv/lib/python3.9/site-packages/airflow/example_dags/example_latest_only_with_trigger.py
[2025-04-20T21:01:18.393+0800] {processor.py:914} INFO - Processing file /mnt/c/Users/wu_li/OneDrive/Desktop/Airflow_pract/venv/lib/python3.9/site-packages/airflow/example_dags/example_latest_only_with_trigger.py for tasks to queue
[2025-04-20T21:01:18.397+0800] {logging_mixin.py:190} INFO - [2025-04-20T21:01:18.396+0800] {dagbag.py:588} INFO - Filling up the DagBag from /mnt/c/Users/wu_li/OneDrive/Desktop/Airflow_pract/venv/lib/python3.9/site-packages/airflow/example_dags/example_latest_only_with_trigger.py
[2025-04-20T21:01:18.426+0800] {processor.py:925} INFO - DAG(s) 'latest_only_with_trigger' retrieved from /mnt/c/Users/wu_li/OneDrive/Desktop/Airflow_pract/venv/lib/python3.9/site-packages/airflow/example_dags/example_latest_only_with_trigger.py
[2025-04-20T21:01:18.473+0800] {logging_mixin.py:190} INFO - [2025-04-20T21:01:18.472+0800] {dag.py:3239} INFO - Sync 1 DAGs
[2025-04-20T21:01:18.507+0800] {logging_mixin.py:190} INFO - [2025-04-20T21:01:18.506+0800] {dag.py:4180} INFO - Setting next_dagrun for latest_only_with_trigger to 2025-04-20 08:00:00+00:00, run_after=2025-04-20 12:00:00+00:00
[2025-04-20T21:01:18.560+0800] {processor.py:208} INFO - Processing /mnt/c/Users/wu_li/OneDrive/Desktop/Airflow_pract/venv/lib/python3.9/site-packages/airflow/example_dags/example_latest_only_with_trigger.py took 0.188 seconds
[2025-04-20T21:02:47.237+0800] {processor.py:186} INFO - Started process (PID=92621) to work on /mnt/c/Users/wu_li/OneDrive/Desktop/Airflow_pract/venv/lib/python3.9/site-packages/airflow/example_dags/example_latest_only_with_trigger.py
[2025-04-20T21:02:47.239+0800] {processor.py:914} INFO - Processing file /mnt/c/Users/wu_li/OneDrive/Desktop/Airflow_pract/venv/lib/python3.9/site-packages/airflow/example_dags/example_latest_only_with_trigger.py for tasks to queue
[2025-04-20T21:02:47.243+0800] {logging_mixin.py:190} INFO - [2025-04-20T21:02:47.241+0800] {dagbag.py:588} INFO - Filling up the DagBag from /mnt/c/Users/wu_li/OneDrive/Desktop/Airflow_pract/venv/lib/python3.9/site-packages/airflow/example_dags/example_latest_only_with_trigger.py
[2025-04-20T21:02:47.273+0800] {processor.py:925} INFO - DAG(s) 'latest_only_with_trigger' retrieved from /mnt/c/Users/wu_li/OneDrive/Desktop/Airflow_pract/venv/lib/python3.9/site-packages/airflow/example_dags/example_latest_only_with_trigger.py
[2025-04-20T21:02:47.318+0800] {logging_mixin.py:190} INFO - [2025-04-20T21:02:47.317+0800] {dag.py:3239} INFO - Sync 1 DAGs
[2025-04-20T21:02:47.376+0800] {logging_mixin.py:190} INFO - [2025-04-20T21:02:47.374+0800] {dag.py:4180} INFO - Setting next_dagrun for latest_only_with_trigger to 2025-04-20 08:00:00+00:00, run_after=2025-04-20 12:00:00+00:00
[2025-04-20T21:02:47.468+0800] {processor.py:208} INFO - Processing /mnt/c/Users/wu_li/OneDrive/Desktop/Airflow_pract/venv/lib/python3.9/site-packages/airflow/example_dags/example_latest_only_with_trigger.py took 0.252 seconds
[2025-04-20T21:04:14.254+0800] {processor.py:186} INFO - Started process (PID=93699) to work on /mnt/c/Users/wu_li/OneDrive/Desktop/Airflow_pract/venv/lib/python3.9/site-packages/airflow/example_dags/example_latest_only_with_trigger.py
[2025-04-20T21:04:14.257+0800] {processor.py:914} INFO - Processing file /mnt/c/Users/wu_li/OneDrive/Desktop/Airflow_pract/venv/lib/python3.9/site-packages/airflow/example_dags/example_latest_only_with_trigger.py for tasks to queue
[2025-04-20T21:04:14.261+0800] {logging_mixin.py:190} INFO - [2025-04-20T21:04:14.259+0800] {dagbag.py:588} INFO - Filling up the DagBag from /mnt/c/Users/wu_li/OneDrive/Desktop/Airflow_pract/venv/lib/python3.9/site-packages/airflow/example_dags/example_latest_only_with_trigger.py
[2025-04-20T21:04:14.296+0800] {processor.py:925} INFO - DAG(s) 'latest_only_with_trigger' retrieved from /mnt/c/Users/wu_li/OneDrive/Desktop/Airflow_pract/venv/lib/python3.9/site-packages/airflow/example_dags/example_latest_only_with_trigger.py
[2025-04-20T21:04:14.344+0800] {logging_mixin.py:190} INFO - [2025-04-20T21:04:14.342+0800] {dag.py:3239} INFO - Sync 1 DAGs
[2025-04-20T21:04:14.397+0800] {logging_mixin.py:190} INFO - [2025-04-20T21:04:14.395+0800] {dag.py:4180} INFO - Setting next_dagrun for latest_only_with_trigger to 2025-04-20 08:00:00+00:00, run_after=2025-04-20 12:00:00+00:00
[2025-04-20T21:04:14.471+0800] {processor.py:208} INFO - Processing /mnt/c/Users/wu_li/OneDrive/Desktop/Airflow_pract/venv/lib/python3.9/site-packages/airflow/example_dags/example_latest_only_with_trigger.py took 0.241 seconds
[2025-04-20T21:05:44.967+0800] {processor.py:186} INFO - Started process (PID=94780) to work on /mnt/c/Users/wu_li/OneDrive/Desktop/Airflow_pract/venv/lib/python3.9/site-packages/airflow/example_dags/example_latest_only_with_trigger.py
[2025-04-20T21:05:44.970+0800] {processor.py:914} INFO - Processing file /mnt/c/Users/wu_li/OneDrive/Desktop/Airflow_pract/venv/lib/python3.9/site-packages/airflow/example_dags/example_latest_only_with_trigger.py for tasks to queue
[2025-04-20T21:05:44.974+0800] {logging_mixin.py:190} INFO - [2025-04-20T21:05:44.972+0800] {dagbag.py:588} INFO - Filling up the DagBag from /mnt/c/Users/wu_li/OneDrive/Desktop/Airflow_pract/venv/lib/python3.9/site-packages/airflow/example_dags/example_latest_only_with_trigger.py
[2025-04-20T21:05:45.004+0800] {processor.py:925} INFO - DAG(s) 'latest_only_with_trigger' retrieved from /mnt/c/Users/wu_li/OneDrive/Desktop/Airflow_pract/venv/lib/python3.9/site-packages/airflow/example_dags/example_latest_only_with_trigger.py
[2025-04-20T21:05:45.052+0800] {logging_mixin.py:190} INFO - [2025-04-20T21:05:45.048+0800] {dag.py:3239} INFO - Sync 1 DAGs
[2025-04-20T21:05:45.120+0800] {logging_mixin.py:190} INFO - [2025-04-20T21:05:45.115+0800] {dag.py:4180} INFO - Setting next_dagrun for latest_only_with_trigger to 2025-04-20 08:00:00+00:00, run_after=2025-04-20 12:00:00+00:00
[2025-04-20T21:05:45.204+0800] {processor.py:208} INFO - Processing /mnt/c/Users/wu_li/OneDrive/Desktop/Airflow_pract/venv/lib/python3.9/site-packages/airflow/example_dags/example_latest_only_with_trigger.py took 0.254 seconds
[2025-04-20T21:07:18.873+0800] {processor.py:186} INFO - Started process (PID=95862) to work on /mnt/c/Users/wu_li/OneDrive/Desktop/Airflow_pract/venv/lib/python3.9/site-packages/airflow/example_dags/example_latest_only_with_trigger.py
[2025-04-20T21:07:18.874+0800] {processor.py:914} INFO - Processing file /mnt/c/Users/wu_li/OneDrive/Desktop/Airflow_pract/venv/lib/python3.9/site-packages/airflow/example_dags/example_latest_only_with_trigger.py for tasks to queue
[2025-04-20T21:07:18.876+0800] {logging_mixin.py:190} INFO - [2025-04-20T21:07:18.875+0800] {dagbag.py:588} INFO - Filling up the DagBag from /mnt/c/Users/wu_li/OneDrive/Desktop/Airflow_pract/venv/lib/python3.9/site-packages/airflow/example_dags/example_latest_only_with_trigger.py
[2025-04-20T21:07:18.899+0800] {processor.py:925} INFO - DAG(s) 'latest_only_with_trigger' retrieved from /mnt/c/Users/wu_li/OneDrive/Desktop/Airflow_pract/venv/lib/python3.9/site-packages/airflow/example_dags/example_latest_only_with_trigger.py
[2025-04-20T21:07:18.923+0800] {logging_mixin.py:190} INFO - [2025-04-20T21:07:18.922+0800] {dag.py:3239} INFO - Sync 1 DAGs
[2025-04-20T21:07:18.950+0800] {logging_mixin.py:190} INFO - [2025-04-20T21:07:18.949+0800] {dag.py:4180} INFO - Setting next_dagrun for latest_only_with_trigger to 2025-04-20 08:00:00+00:00, run_after=2025-04-20 12:00:00+00:00
[2025-04-20T21:07:19.010+0800] {processor.py:208} INFO - Processing /mnt/c/Users/wu_li/OneDrive/Desktop/Airflow_pract/venv/lib/python3.9/site-packages/airflow/example_dags/example_latest_only_with_trigger.py took 0.148 seconds
[2025-04-20T21:08:49.280+0800] {processor.py:186} INFO - Started process (PID=96944) to work on /mnt/c/Users/wu_li/OneDrive/Desktop/Airflow_pract/venv/lib/python3.9/site-packages/airflow/example_dags/example_latest_only_with_trigger.py
[2025-04-20T21:08:49.282+0800] {processor.py:914} INFO - Processing file /mnt/c/Users/wu_li/OneDrive/Desktop/Airflow_pract/venv/lib/python3.9/site-packages/airflow/example_dags/example_latest_only_with_trigger.py for tasks to queue
[2025-04-20T21:08:49.285+0800] {logging_mixin.py:190} INFO - [2025-04-20T21:08:49.284+0800] {dagbag.py:588} INFO - Filling up the DagBag from /mnt/c/Users/wu_li/OneDrive/Desktop/Airflow_pract/venv/lib/python3.9/site-packages/airflow/example_dags/example_latest_only_with_trigger.py
[2025-04-20T21:08:49.304+0800] {processor.py:925} INFO - DAG(s) 'latest_only_with_trigger' retrieved from /mnt/c/Users/wu_li/OneDrive/Desktop/Airflow_pract/venv/lib/python3.9/site-packages/airflow/example_dags/example_latest_only_with_trigger.py
[2025-04-20T21:08:49.330+0800] {logging_mixin.py:190} INFO - [2025-04-20T21:08:49.329+0800] {dag.py:3239} INFO - Sync 1 DAGs
[2025-04-20T21:08:49.355+0800] {logging_mixin.py:190} INFO - [2025-04-20T21:08:49.355+0800] {dag.py:4180} INFO - Setting next_dagrun for latest_only_with_trigger to 2025-04-20 08:00:00+00:00, run_after=2025-04-20 12:00:00+00:00
[2025-04-20T21:08:49.409+0800] {processor.py:208} INFO - Processing /mnt/c/Users/wu_li/OneDrive/Desktop/Airflow_pract/venv/lib/python3.9/site-packages/airflow/example_dags/example_latest_only_with_trigger.py took 0.140 seconds
[2025-04-20T21:10:17.569+0800] {processor.py:186} INFO - Started process (PID=98021) to work on /mnt/c/Users/wu_li/OneDrive/Desktop/Airflow_pract/venv/lib/python3.9/site-packages/airflow/example_dags/example_latest_only_with_trigger.py
[2025-04-20T21:10:17.571+0800] {processor.py:914} INFO - Processing file /mnt/c/Users/wu_li/OneDrive/Desktop/Airflow_pract/venv/lib/python3.9/site-packages/airflow/example_dags/example_latest_only_with_trigger.py for tasks to queue
[2025-04-20T21:10:17.575+0800] {logging_mixin.py:190} INFO - [2025-04-20T21:10:17.574+0800] {dagbag.py:588} INFO - Filling up the DagBag from /mnt/c/Users/wu_li/OneDrive/Desktop/Airflow_pract/venv/lib/python3.9/site-packages/airflow/example_dags/example_latest_only_with_trigger.py
[2025-04-20T21:10:17.607+0800] {processor.py:925} INFO - DAG(s) 'latest_only_with_trigger' retrieved from /mnt/c/Users/wu_li/OneDrive/Desktop/Airflow_pract/venv/lib/python3.9/site-packages/airflow/example_dags/example_latest_only_with_trigger.py
[2025-04-20T21:10:17.801+0800] {logging_mixin.py:190} INFO - [2025-04-20T21:10:17.796+0800] {dag.py:3239} INFO - Sync 1 DAGs
[2025-04-20T21:10:17.927+0800] {logging_mixin.py:190} INFO - [2025-04-20T21:10:17.925+0800] {dag.py:4180} INFO - Setting next_dagrun for latest_only_with_trigger to 2025-04-20 08:00:00+00:00, run_after=2025-04-20 12:00:00+00:00
[2025-04-20T21:10:18.019+0800] {processor.py:208} INFO - Processing /mnt/c/Users/wu_li/OneDrive/Desktop/Airflow_pract/venv/lib/python3.9/site-packages/airflow/example_dags/example_latest_only_with_trigger.py took 0.469 seconds
[2025-04-20T21:11:51.671+0800] {processor.py:186} INFO - Started process (PID=99175) to work on /mnt/c/Users/wu_li/OneDrive/Desktop/Airflow_pract/venv/lib/python3.9/site-packages/airflow/example_dags/example_latest_only_with_trigger.py
[2025-04-20T21:11:51.680+0800] {processor.py:914} INFO - Processing file /mnt/c/Users/wu_li/OneDrive/Desktop/Airflow_pract/venv/lib/python3.9/site-packages/airflow/example_dags/example_latest_only_with_trigger.py for tasks to queue
[2025-04-20T21:11:51.684+0800] {logging_mixin.py:190} INFO - [2025-04-20T21:11:51.683+0800] {dagbag.py:588} INFO - Filling up the DagBag from /mnt/c/Users/wu_li/OneDrive/Desktop/Airflow_pract/venv/lib/python3.9/site-packages/airflow/example_dags/example_latest_only_with_trigger.py
[2025-04-20T21:11:51.716+0800] {processor.py:925} INFO - DAG(s) 'latest_only_with_trigger' retrieved from /mnt/c/Users/wu_li/OneDrive/Desktop/Airflow_pract/venv/lib/python3.9/site-packages/airflow/example_dags/example_latest_only_with_trigger.py
[2025-04-20T21:11:51.763+0800] {logging_mixin.py:190} INFO - [2025-04-20T21:11:51.762+0800] {dag.py:3239} INFO - Sync 1 DAGs
[2025-04-20T21:11:51.842+0800] {logging_mixin.py:190} INFO - [2025-04-20T21:11:51.841+0800] {dag.py:4180} INFO - Setting next_dagrun for latest_only_with_trigger to 2025-04-20 08:00:00+00:00, run_after=2025-04-20 12:00:00+00:00
[2025-04-20T21:11:51.929+0800] {processor.py:208} INFO - Processing /mnt/c/Users/wu_li/OneDrive/Desktop/Airflow_pract/venv/lib/python3.9/site-packages/airflow/example_dags/example_latest_only_with_trigger.py took 0.284 seconds
[2025-04-20T21:13:22.719+0800] {processor.py:186} INFO - Started process (PID=100225) to work on /mnt/c/Users/wu_li/OneDrive/Desktop/Airflow_pract/venv/lib/python3.9/site-packages/airflow/example_dags/example_latest_only_with_trigger.py
[2025-04-20T21:13:22.721+0800] {processor.py:914} INFO - Processing file /mnt/c/Users/wu_li/OneDrive/Desktop/Airflow_pract/venv/lib/python3.9/site-packages/airflow/example_dags/example_latest_only_with_trigger.py for tasks to queue
[2025-04-20T21:13:22.723+0800] {logging_mixin.py:190} INFO - [2025-04-20T21:13:22.722+0800] {dagbag.py:588} INFO - Filling up the DagBag from /mnt/c/Users/wu_li/OneDrive/Desktop/Airflow_pract/venv/lib/python3.9/site-packages/airflow/example_dags/example_latest_only_with_trigger.py
[2025-04-20T21:13:22.744+0800] {processor.py:925} INFO - DAG(s) 'latest_only_with_trigger' retrieved from /mnt/c/Users/wu_li/OneDrive/Desktop/Airflow_pract/venv/lib/python3.9/site-packages/airflow/example_dags/example_latest_only_with_trigger.py
[2025-04-20T21:13:22.770+0800] {logging_mixin.py:190} INFO - [2025-04-20T21:13:22.769+0800] {dag.py:3239} INFO - Sync 1 DAGs
[2025-04-20T21:13:22.799+0800] {logging_mixin.py:190} INFO - [2025-04-20T21:13:22.798+0800] {dag.py:4180} INFO - Setting next_dagrun for latest_only_with_trigger to 2025-04-20 08:00:00+00:00, run_after=2025-04-20 12:00:00+00:00
[2025-04-20T21:13:22.916+0800] {processor.py:208} INFO - Processing /mnt/c/Users/wu_li/OneDrive/Desktop/Airflow_pract/venv/lib/python3.9/site-packages/airflow/example_dags/example_latest_only_with_trigger.py took 0.209 seconds
[2025-04-20T21:14:53.604+0800] {processor.py:186} INFO - Started process (PID=101263) to work on /mnt/c/Users/wu_li/OneDrive/Desktop/Airflow_pract/venv/lib/python3.9/site-packages/airflow/example_dags/example_latest_only_with_trigger.py
[2025-04-20T21:14:53.607+0800] {processor.py:914} INFO - Processing file /mnt/c/Users/wu_li/OneDrive/Desktop/Airflow_pract/venv/lib/python3.9/site-packages/airflow/example_dags/example_latest_only_with_trigger.py for tasks to queue
[2025-04-20T21:14:53.611+0800] {logging_mixin.py:190} INFO - [2025-04-20T21:14:53.610+0800] {dagbag.py:588} INFO - Filling up the DagBag from /mnt/c/Users/wu_li/OneDrive/Desktop/Airflow_pract/venv/lib/python3.9/site-packages/airflow/example_dags/example_latest_only_with_trigger.py
[2025-04-20T21:14:53.642+0800] {processor.py:925} INFO - DAG(s) 'latest_only_with_trigger' retrieved from /mnt/c/Users/wu_li/OneDrive/Desktop/Airflow_pract/venv/lib/python3.9/site-packages/airflow/example_dags/example_latest_only_with_trigger.py
[2025-04-20T21:14:53.686+0800] {logging_mixin.py:190} INFO - [2025-04-20T21:14:53.684+0800] {dag.py:3239} INFO - Sync 1 DAGs
[2025-04-20T21:14:53.747+0800] {logging_mixin.py:190} INFO - [2025-04-20T21:14:53.746+0800] {dag.py:4180} INFO - Setting next_dagrun for latest_only_with_trigger to 2025-04-20 08:00:00+00:00, run_after=2025-04-20 12:00:00+00:00
[2025-04-20T21:14:53.832+0800] {processor.py:208} INFO - Processing /mnt/c/Users/wu_li/OneDrive/Desktop/Airflow_pract/venv/lib/python3.9/site-packages/airflow/example_dags/example_latest_only_with_trigger.py took 0.246 seconds
[2025-04-20T21:16:24.924+0800] {processor.py:186} INFO - Started process (PID=102343) to work on /mnt/c/Users/wu_li/OneDrive/Desktop/Airflow_pract/venv/lib/python3.9/site-packages/airflow/example_dags/example_latest_only_with_trigger.py
[2025-04-20T21:16:24.927+0800] {processor.py:914} INFO - Processing file /mnt/c/Users/wu_li/OneDrive/Desktop/Airflow_pract/venv/lib/python3.9/site-packages/airflow/example_dags/example_latest_only_with_trigger.py for tasks to queue
[2025-04-20T21:16:24.932+0800] {logging_mixin.py:190} INFO - [2025-04-20T21:16:24.929+0800] {dagbag.py:588} INFO - Filling up the DagBag from /mnt/c/Users/wu_li/OneDrive/Desktop/Airflow_pract/venv/lib/python3.9/site-packages/airflow/example_dags/example_latest_only_with_trigger.py
[2025-04-20T21:16:24.966+0800] {processor.py:925} INFO - DAG(s) 'latest_only_with_trigger' retrieved from /mnt/c/Users/wu_li/OneDrive/Desktop/Airflow_pract/venv/lib/python3.9/site-packages/airflow/example_dags/example_latest_only_with_trigger.py
[2025-04-20T21:16:25.010+0800] {logging_mixin.py:190} INFO - [2025-04-20T21:16:25.009+0800] {dag.py:3239} INFO - Sync 1 DAGs
[2025-04-20T21:16:25.076+0800] {logging_mixin.py:190} INFO - [2025-04-20T21:16:25.075+0800] {dag.py:4180} INFO - Setting next_dagrun for latest_only_with_trigger to 2025-04-20 08:00:00+00:00, run_after=2025-04-20 12:00:00+00:00
[2025-04-20T21:16:25.174+0800] {processor.py:208} INFO - Processing /mnt/c/Users/wu_li/OneDrive/Desktop/Airflow_pract/venv/lib/python3.9/site-packages/airflow/example_dags/example_latest_only_with_trigger.py took 0.269 seconds
[2025-04-20T21:17:50.384+0800] {processor.py:186} INFO - Started process (PID=103353) to work on /mnt/c/Users/wu_li/OneDrive/Desktop/Airflow_pract/venv/lib/python3.9/site-packages/airflow/example_dags/example_latest_only_with_trigger.py
[2025-04-20T21:17:50.390+0800] {processor.py:914} INFO - Processing file /mnt/c/Users/wu_li/OneDrive/Desktop/Airflow_pract/venv/lib/python3.9/site-packages/airflow/example_dags/example_latest_only_with_trigger.py for tasks to queue
[2025-04-20T21:17:50.395+0800] {logging_mixin.py:190} INFO - [2025-04-20T21:17:50.393+0800] {dagbag.py:588} INFO - Filling up the DagBag from /mnt/c/Users/wu_li/OneDrive/Desktop/Airflow_pract/venv/lib/python3.9/site-packages/airflow/example_dags/example_latest_only_with_trigger.py
[2025-04-20T21:17:50.426+0800] {processor.py:925} INFO - DAG(s) 'latest_only_with_trigger' retrieved from /mnt/c/Users/wu_li/OneDrive/Desktop/Airflow_pract/venv/lib/python3.9/site-packages/airflow/example_dags/example_latest_only_with_trigger.py
[2025-04-20T21:17:50.478+0800] {logging_mixin.py:190} INFO - [2025-04-20T21:17:50.477+0800] {dag.py:3239} INFO - Sync 1 DAGs
[2025-04-20T21:17:50.543+0800] {logging_mixin.py:190} INFO - [2025-04-20T21:17:50.542+0800] {dag.py:4180} INFO - Setting next_dagrun for latest_only_with_trigger to 2025-04-20 08:00:00+00:00, run_after=2025-04-20 12:00:00+00:00
[2025-04-20T21:17:50.641+0800] {processor.py:208} INFO - Processing /mnt/c/Users/wu_li/OneDrive/Desktop/Airflow_pract/venv/lib/python3.9/site-packages/airflow/example_dags/example_latest_only_with_trigger.py took 0.277 seconds
[2025-04-20T21:19:16.898+0800] {processor.py:186} INFO - Started process (PID=104358) to work on /mnt/c/Users/wu_li/OneDrive/Desktop/Airflow_pract/venv/lib/python3.9/site-packages/airflow/example_dags/example_latest_only_with_trigger.py
[2025-04-20T21:19:16.900+0800] {processor.py:914} INFO - Processing file /mnt/c/Users/wu_li/OneDrive/Desktop/Airflow_pract/venv/lib/python3.9/site-packages/airflow/example_dags/example_latest_only_with_trigger.py for tasks to queue
[2025-04-20T21:19:16.906+0800] {logging_mixin.py:190} INFO - [2025-04-20T21:19:16.903+0800] {dagbag.py:588} INFO - Filling up the DagBag from /mnt/c/Users/wu_li/OneDrive/Desktop/Airflow_pract/venv/lib/python3.9/site-packages/airflow/example_dags/example_latest_only_with_trigger.py
[2025-04-20T21:19:16.947+0800] {processor.py:925} INFO - DAG(s) 'latest_only_with_trigger' retrieved from /mnt/c/Users/wu_li/OneDrive/Desktop/Airflow_pract/venv/lib/python3.9/site-packages/airflow/example_dags/example_latest_only_with_trigger.py
[2025-04-20T21:19:17.008+0800] {logging_mixin.py:190} INFO - [2025-04-20T21:19:17.005+0800] {dag.py:3239} INFO - Sync 1 DAGs
[2025-04-20T21:19:16.385+0800] {logging_mixin.py:190} INFO - [2025-04-20T21:19:16.384+0800] {dag.py:4180} INFO - Setting next_dagrun for latest_only_with_trigger to 2025-04-20 08:00:00+00:00, run_after=2025-04-20 12:00:00+00:00
[2025-04-20T21:19:16.476+0800] {processor.py:208} INFO - Processing /mnt/c/Users/wu_li/OneDrive/Desktop/Airflow_pract/venv/lib/python3.9/site-packages/airflow/example_dags/example_latest_only_with_trigger.py took 0.286 seconds
[2025-04-20T21:20:47.208+0800] {processor.py:186} INFO - Started process (PID=105366) to work on /mnt/c/Users/wu_li/OneDrive/Desktop/Airflow_pract/venv/lib/python3.9/site-packages/airflow/example_dags/example_latest_only_with_trigger.py
[2025-04-20T21:20:47.210+0800] {processor.py:914} INFO - Processing file /mnt/c/Users/wu_li/OneDrive/Desktop/Airflow_pract/venv/lib/python3.9/site-packages/airflow/example_dags/example_latest_only_with_trigger.py for tasks to queue
[2025-04-20T21:20:47.216+0800] {logging_mixin.py:190} INFO - [2025-04-20T21:20:47.214+0800] {dagbag.py:588} INFO - Filling up the DagBag from /mnt/c/Users/wu_li/OneDrive/Desktop/Airflow_pract/venv/lib/python3.9/site-packages/airflow/example_dags/example_latest_only_with_trigger.py
[2025-04-20T21:20:47.250+0800] {processor.py:925} INFO - DAG(s) 'latest_only_with_trigger' retrieved from /mnt/c/Users/wu_li/OneDrive/Desktop/Airflow_pract/venv/lib/python3.9/site-packages/airflow/example_dags/example_latest_only_with_trigger.py
[2025-04-20T21:20:47.297+0800] {logging_mixin.py:190} INFO - [2025-04-20T21:20:47.295+0800] {dag.py:3239} INFO - Sync 1 DAGs
[2025-04-20T21:20:47.359+0800] {logging_mixin.py:190} INFO - [2025-04-20T21:20:47.358+0800] {dag.py:4180} INFO - Setting next_dagrun for latest_only_with_trigger to 2025-04-20 08:00:00+00:00, run_after=2025-04-20 12:00:00+00:00
[2025-04-20T21:20:47.463+0800] {processor.py:208} INFO - Processing /mnt/c/Users/wu_li/OneDrive/Desktop/Airflow_pract/venv/lib/python3.9/site-packages/airflow/example_dags/example_latest_only_with_trigger.py took 0.273 seconds
[2025-04-20T21:22:20.948+0800] {processor.py:186} INFO - Started process (PID=106448) to work on /mnt/c/Users/wu_li/OneDrive/Desktop/Airflow_pract/venv/lib/python3.9/site-packages/airflow/example_dags/example_latest_only_with_trigger.py
[2025-04-20T21:22:20.950+0800] {processor.py:914} INFO - Processing file /mnt/c/Users/wu_li/OneDrive/Desktop/Airflow_pract/venv/lib/python3.9/site-packages/airflow/example_dags/example_latest_only_with_trigger.py for tasks to queue
[2025-04-20T21:22:20.952+0800] {logging_mixin.py:190} INFO - [2025-04-20T21:22:20.951+0800] {dagbag.py:588} INFO - Filling up the DagBag from /mnt/c/Users/wu_li/OneDrive/Desktop/Airflow_pract/venv/lib/python3.9/site-packages/airflow/example_dags/example_latest_only_with_trigger.py
[2025-04-20T21:22:20.972+0800] {processor.py:925} INFO - DAG(s) 'latest_only_with_trigger' retrieved from /mnt/c/Users/wu_li/OneDrive/Desktop/Airflow_pract/venv/lib/python3.9/site-packages/airflow/example_dags/example_latest_only_with_trigger.py
[2025-04-20T21:22:20.997+0800] {logging_mixin.py:190} INFO - [2025-04-20T21:22:20.996+0800] {dag.py:3239} INFO - Sync 1 DAGs
[2025-04-20T21:22:21.022+0800] {logging_mixin.py:190} INFO - [2025-04-20T21:22:21.021+0800] {dag.py:4180} INFO - Setting next_dagrun for latest_only_with_trigger to 2025-04-20 08:00:00+00:00, run_after=2025-04-20 12:00:00+00:00
[2025-04-20T21:22:21.073+0800] {processor.py:208} INFO - Processing /mnt/c/Users/wu_li/OneDrive/Desktop/Airflow_pract/venv/lib/python3.9/site-packages/airflow/example_dags/example_latest_only_with_trigger.py took 0.136 seconds
[2025-04-20T21:23:51.391+0800] {processor.py:186} INFO - Started process (PID=107382) to work on /mnt/c/Users/wu_li/OneDrive/Desktop/Airflow_pract/venv/lib/python3.9/site-packages/airflow/example_dags/example_latest_only_with_trigger.py
[2025-04-20T21:23:51.393+0800] {processor.py:914} INFO - Processing file /mnt/c/Users/wu_li/OneDrive/Desktop/Airflow_pract/venv/lib/python3.9/site-packages/airflow/example_dags/example_latest_only_with_trigger.py for tasks to queue
[2025-04-20T21:23:51.397+0800] {logging_mixin.py:190} INFO - [2025-04-20T21:23:51.395+0800] {dagbag.py:588} INFO - Filling up the DagBag from /mnt/c/Users/wu_li/OneDrive/Desktop/Airflow_pract/venv/lib/python3.9/site-packages/airflow/example_dags/example_latest_only_with_trigger.py
[2025-04-20T21:23:51.423+0800] {processor.py:925} INFO - DAG(s) 'latest_only_with_trigger' retrieved from /mnt/c/Users/wu_li/OneDrive/Desktop/Airflow_pract/venv/lib/python3.9/site-packages/airflow/example_dags/example_latest_only_with_trigger.py
[2025-04-20T21:23:51.450+0800] {logging_mixin.py:190} INFO - [2025-04-20T21:23:51.449+0800] {dag.py:3239} INFO - Sync 1 DAGs
[2025-04-20T21:23:51.477+0800] {logging_mixin.py:190} INFO - [2025-04-20T21:23:51.476+0800] {dag.py:4180} INFO - Setting next_dagrun for latest_only_with_trigger to 2025-04-20 08:00:00+00:00, run_after=2025-04-20 12:00:00+00:00
[2025-04-20T21:23:51.536+0800] {processor.py:208} INFO - Processing /mnt/c/Users/wu_li/OneDrive/Desktop/Airflow_pract/venv/lib/python3.9/site-packages/airflow/example_dags/example_latest_only_with_trigger.py took 0.159 seconds
[2025-04-20T21:25:20.996+0800] {processor.py:186} INFO - Started process (PID=108461) to work on /mnt/c/Users/wu_li/OneDrive/Desktop/Airflow_pract/venv/lib/python3.9/site-packages/airflow/example_dags/example_latest_only_with_trigger.py
[2025-04-20T21:25:20.999+0800] {processor.py:914} INFO - Processing file /mnt/c/Users/wu_li/OneDrive/Desktop/Airflow_pract/venv/lib/python3.9/site-packages/airflow/example_dags/example_latest_only_with_trigger.py for tasks to queue
[2025-04-20T21:25:21.004+0800] {logging_mixin.py:190} INFO - [2025-04-20T21:25:21.002+0800] {dagbag.py:588} INFO - Filling up the DagBag from /mnt/c/Users/wu_li/OneDrive/Desktop/Airflow_pract/venv/lib/python3.9/site-packages/airflow/example_dags/example_latest_only_with_trigger.py
[2025-04-20T21:25:21.040+0800] {processor.py:925} INFO - DAG(s) 'latest_only_with_trigger' retrieved from /mnt/c/Users/wu_li/OneDrive/Desktop/Airflow_pract/venv/lib/python3.9/site-packages/airflow/example_dags/example_latest_only_with_trigger.py
[2025-04-20T21:25:21.083+0800] {logging_mixin.py:190} INFO - [2025-04-20T21:25:21.082+0800] {dag.py:3239} INFO - Sync 1 DAGs
[2025-04-20T21:25:21.147+0800] {logging_mixin.py:190} INFO - [2025-04-20T21:25:21.145+0800] {dag.py:4180} INFO - Setting next_dagrun for latest_only_with_trigger to 2025-04-20 08:00:00+00:00, run_after=2025-04-20 12:00:00+00:00
[2025-04-20T21:25:21.243+0800] {processor.py:208} INFO - Processing /mnt/c/Users/wu_li/OneDrive/Desktop/Airflow_pract/venv/lib/python3.9/site-packages/airflow/example_dags/example_latest_only_with_trigger.py took 0.267 seconds
[2025-04-20T21:26:53.276+0800] {processor.py:186} INFO - Started process (PID=109469) to work on /mnt/c/Users/wu_li/OneDrive/Desktop/Airflow_pract/venv/lib/python3.9/site-packages/airflow/example_dags/example_latest_only_with_trigger.py
[2025-04-20T21:26:53.279+0800] {processor.py:914} INFO - Processing file /mnt/c/Users/wu_li/OneDrive/Desktop/Airflow_pract/venv/lib/python3.9/site-packages/airflow/example_dags/example_latest_only_with_trigger.py for tasks to queue
[2025-04-20T21:26:53.287+0800] {logging_mixin.py:190} INFO - [2025-04-20T21:26:53.285+0800] {dagbag.py:588} INFO - Filling up the DagBag from /mnt/c/Users/wu_li/OneDrive/Desktop/Airflow_pract/venv/lib/python3.9/site-packages/airflow/example_dags/example_latest_only_with_trigger.py
[2025-04-20T21:26:53.335+0800] {processor.py:925} INFO - DAG(s) 'latest_only_with_trigger' retrieved from /mnt/c/Users/wu_li/OneDrive/Desktop/Airflow_pract/venv/lib/python3.9/site-packages/airflow/example_dags/example_latest_only_with_trigger.py
[2025-04-20T21:26:53.403+0800] {logging_mixin.py:190} INFO - [2025-04-20T21:26:53.401+0800] {dag.py:3239} INFO - Sync 1 DAGs
[2025-04-20T21:26:53.506+0800] {logging_mixin.py:190} INFO - [2025-04-20T21:26:53.503+0800] {dag.py:4180} INFO - Setting next_dagrun for latest_only_with_trigger to 2025-04-20 08:00:00+00:00, run_after=2025-04-20 12:00:00+00:00
[2025-04-20T21:26:53.603+0800] {processor.py:208} INFO - Processing /mnt/c/Users/wu_li/OneDrive/Desktop/Airflow_pract/venv/lib/python3.9/site-packages/airflow/example_dags/example_latest_only_with_trigger.py took 0.352 seconds
[2025-04-20T21:28:22.818+0800] {processor.py:186} INFO - Started process (PID=110548) to work on /mnt/c/Users/wu_li/OneDrive/Desktop/Airflow_pract/venv/lib/python3.9/site-packages/airflow/example_dags/example_latest_only_with_trigger.py
[2025-04-20T21:28:22.820+0800] {processor.py:914} INFO - Processing file /mnt/c/Users/wu_li/OneDrive/Desktop/Airflow_pract/venv/lib/python3.9/site-packages/airflow/example_dags/example_latest_only_with_trigger.py for tasks to queue
[2025-04-20T21:28:22.830+0800] {logging_mixin.py:190} INFO - [2025-04-20T21:28:22.828+0800] {dagbag.py:588} INFO - Filling up the DagBag from /mnt/c/Users/wu_li/OneDrive/Desktop/Airflow_pract/venv/lib/python3.9/site-packages/airflow/example_dags/example_latest_only_with_trigger.py
[2025-04-20T21:28:22.865+0800] {processor.py:925} INFO - DAG(s) 'latest_only_with_trigger' retrieved from /mnt/c/Users/wu_li/OneDrive/Desktop/Airflow_pract/venv/lib/python3.9/site-packages/airflow/example_dags/example_latest_only_with_trigger.py
[2025-04-20T21:28:22.910+0800] {logging_mixin.py:190} INFO - [2025-04-20T21:28:22.908+0800] {dag.py:3239} INFO - Sync 1 DAGs
[2025-04-20T21:28:22.970+0800] {logging_mixin.py:190} INFO - [2025-04-20T21:28:22.968+0800] {dag.py:4180} INFO - Setting next_dagrun for latest_only_with_trigger to 2025-04-20 08:00:00+00:00, run_after=2025-04-20 12:00:00+00:00
[2025-04-20T21:28:23.057+0800] {processor.py:208} INFO - Processing /mnt/c/Users/wu_li/OneDrive/Desktop/Airflow_pract/venv/lib/python3.9/site-packages/airflow/example_dags/example_latest_only_with_trigger.py took 0.268 seconds
[2025-04-20T21:29:53.629+0800] {processor.py:186} INFO - Started process (PID=111630) to work on /mnt/c/Users/wu_li/OneDrive/Desktop/Airflow_pract/venv/lib/python3.9/site-packages/airflow/example_dags/example_latest_only_with_trigger.py
[2025-04-20T21:29:53.633+0800] {processor.py:914} INFO - Processing file /mnt/c/Users/wu_li/OneDrive/Desktop/Airflow_pract/venv/lib/python3.9/site-packages/airflow/example_dags/example_latest_only_with_trigger.py for tasks to queue
[2025-04-20T21:29:53.641+0800] {logging_mixin.py:190} INFO - [2025-04-20T21:29:53.637+0800] {dagbag.py:588} INFO - Filling up the DagBag from /mnt/c/Users/wu_li/OneDrive/Desktop/Airflow_pract/venv/lib/python3.9/site-packages/airflow/example_dags/example_latest_only_with_trigger.py
[2025-04-20T21:29:53.674+0800] {processor.py:925} INFO - DAG(s) 'latest_only_with_trigger' retrieved from /mnt/c/Users/wu_li/OneDrive/Desktop/Airflow_pract/venv/lib/python3.9/site-packages/airflow/example_dags/example_latest_only_with_trigger.py
[2025-04-20T21:29:53.719+0800] {logging_mixin.py:190} INFO - [2025-04-20T21:29:53.717+0800] {dag.py:3239} INFO - Sync 1 DAGs
[2025-04-20T21:29:53.783+0800] {logging_mixin.py:190} INFO - [2025-04-20T21:29:53.782+0800] {dag.py:4180} INFO - Setting next_dagrun for latest_only_with_trigger to 2025-04-20 08:00:00+00:00, run_after=2025-04-20 12:00:00+00:00
[2025-04-20T21:29:53.874+0800] {processor.py:208} INFO - Processing /mnt/c/Users/wu_li/OneDrive/Desktop/Airflow_pract/venv/lib/python3.9/site-packages/airflow/example_dags/example_latest_only_with_trigger.py took 0.266 seconds
[2025-04-20T21:31:26.761+0800] {processor.py:186} INFO - Started process (PID=112709) to work on /mnt/c/Users/wu_li/OneDrive/Desktop/Airflow_pract/venv/lib/python3.9/site-packages/airflow/example_dags/example_latest_only_with_trigger.py
[2025-04-20T21:31:26.767+0800] {processor.py:914} INFO - Processing file /mnt/c/Users/wu_li/OneDrive/Desktop/Airflow_pract/venv/lib/python3.9/site-packages/airflow/example_dags/example_latest_only_with_trigger.py for tasks to queue
[2025-04-20T21:31:26.772+0800] {logging_mixin.py:190} INFO - [2025-04-20T21:31:26.770+0800] {dagbag.py:588} INFO - Filling up the DagBag from /mnt/c/Users/wu_li/OneDrive/Desktop/Airflow_pract/venv/lib/python3.9/site-packages/airflow/example_dags/example_latest_only_with_trigger.py
[2025-04-20T21:31:26.829+0800] {processor.py:925} INFO - DAG(s) 'latest_only_with_trigger' retrieved from /mnt/c/Users/wu_li/OneDrive/Desktop/Airflow_pract/venv/lib/python3.9/site-packages/airflow/example_dags/example_latest_only_with_trigger.py
[2025-04-20T21:31:26.886+0800] {logging_mixin.py:190} INFO - [2025-04-20T21:31:26.885+0800] {dag.py:3239} INFO - Sync 1 DAGs
[2025-04-20T21:31:26.257+0800] {logging_mixin.py:190} INFO - [2025-04-20T21:31:26.256+0800] {dag.py:4180} INFO - Setting next_dagrun for latest_only_with_trigger to 2025-04-20 08:00:00+00:00, run_after=2025-04-20 12:00:00+00:00
[2025-04-20T21:31:26.350+0800] {processor.py:208} INFO - Processing /mnt/c/Users/wu_li/OneDrive/Desktop/Airflow_pract/venv/lib/python3.9/site-packages/airflow/example_dags/example_latest_only_with_trigger.py took 0.312 seconds
[2025-04-20T21:32:58.856+0800] {processor.py:186} INFO - Started process (PID=113718) to work on /mnt/c/Users/wu_li/OneDrive/Desktop/Airflow_pract/venv/lib/python3.9/site-packages/airflow/example_dags/example_latest_only_with_trigger.py
[2025-04-20T21:32:58.860+0800] {processor.py:914} INFO - Processing file /mnt/c/Users/wu_li/OneDrive/Desktop/Airflow_pract/venv/lib/python3.9/site-packages/airflow/example_dags/example_latest_only_with_trigger.py for tasks to queue
[2025-04-20T21:32:58.867+0800] {logging_mixin.py:190} INFO - [2025-04-20T21:32:58.863+0800] {dagbag.py:588} INFO - Filling up the DagBag from /mnt/c/Users/wu_li/OneDrive/Desktop/Airflow_pract/venv/lib/python3.9/site-packages/airflow/example_dags/example_latest_only_with_trigger.py
[2025-04-20T21:32:58.903+0800] {processor.py:925} INFO - DAG(s) 'latest_only_with_trigger' retrieved from /mnt/c/Users/wu_li/OneDrive/Desktop/Airflow_pract/venv/lib/python3.9/site-packages/airflow/example_dags/example_latest_only_with_trigger.py
[2025-04-20T21:32:58.940+0800] {logging_mixin.py:190} INFO - [2025-04-20T21:32:58.938+0800] {dag.py:3239} INFO - Sync 1 DAGs
[2025-04-20T21:32:58.974+0800] {logging_mixin.py:190} INFO - [2025-04-20T21:32:58.973+0800] {dag.py:4180} INFO - Setting next_dagrun for latest_only_with_trigger to 2025-04-20 08:00:00+00:00, run_after=2025-04-20 12:00:00+00:00
[2025-04-20T21:32:59.048+0800] {processor.py:208} INFO - Processing /mnt/c/Users/wu_li/OneDrive/Desktop/Airflow_pract/venv/lib/python3.9/site-packages/airflow/example_dags/example_latest_only_with_trigger.py took 0.213 seconds
[2025-04-20T21:34:27.761+0800] {processor.py:186} INFO - Started process (PID=114796) to work on /mnt/c/Users/wu_li/OneDrive/Desktop/Airflow_pract/venv/lib/python3.9/site-packages/airflow/example_dags/example_latest_only_with_trigger.py
[2025-04-20T21:34:27.764+0800] {processor.py:914} INFO - Processing file /mnt/c/Users/wu_li/OneDrive/Desktop/Airflow_pract/venv/lib/python3.9/site-packages/airflow/example_dags/example_latest_only_with_trigger.py for tasks to queue
[2025-04-20T21:34:27.769+0800] {logging_mixin.py:190} INFO - [2025-04-20T21:34:27.767+0800] {dagbag.py:588} INFO - Filling up the DagBag from /mnt/c/Users/wu_li/OneDrive/Desktop/Airflow_pract/venv/lib/python3.9/site-packages/airflow/example_dags/example_latest_only_with_trigger.py
[2025-04-20T21:34:27.810+0800] {processor.py:925} INFO - DAG(s) 'latest_only_with_trigger' retrieved from /mnt/c/Users/wu_li/OneDrive/Desktop/Airflow_pract/venv/lib/python3.9/site-packages/airflow/example_dags/example_latest_only_with_trigger.py
[2025-04-20T21:34:27.870+0800] {logging_mixin.py:190} INFO - [2025-04-20T21:34:27.868+0800] {dag.py:3239} INFO - Sync 1 DAGs
[2025-04-20T21:34:27.945+0800] {logging_mixin.py:190} INFO - [2025-04-20T21:34:27.943+0800] {dag.py:4180} INFO - Setting next_dagrun for latest_only_with_trigger to 2025-04-20 08:00:00+00:00, run_after=2025-04-20 12:00:00+00:00
[2025-04-20T21:34:28.044+0800] {processor.py:208} INFO - Processing /mnt/c/Users/wu_li/OneDrive/Desktop/Airflow_pract/venv/lib/python3.9/site-packages/airflow/example_dags/example_latest_only_with_trigger.py took 0.306 seconds
[2025-04-20T21:36:07.748+0800] {processor.py:186} INFO - Started process (PID=115950) to work on /mnt/c/Users/wu_li/OneDrive/Desktop/Airflow_pract/venv/lib/python3.9/site-packages/airflow/example_dags/example_latest_only_with_trigger.py
[2025-04-20T21:36:07.751+0800] {processor.py:914} INFO - Processing file /mnt/c/Users/wu_li/OneDrive/Desktop/Airflow_pract/venv/lib/python3.9/site-packages/airflow/example_dags/example_latest_only_with_trigger.py for tasks to queue
[2025-04-20T21:36:07.756+0800] {logging_mixin.py:190} INFO - [2025-04-20T21:36:07.755+0800] {dagbag.py:588} INFO - Filling up the DagBag from /mnt/c/Users/wu_li/OneDrive/Desktop/Airflow_pract/venv/lib/python3.9/site-packages/airflow/example_dags/example_latest_only_with_trigger.py
[2025-04-20T21:36:07.788+0800] {processor.py:925} INFO - DAG(s) 'latest_only_with_trigger' retrieved from /mnt/c/Users/wu_li/OneDrive/Desktop/Airflow_pract/venv/lib/python3.9/site-packages/airflow/example_dags/example_latest_only_with_trigger.py
[2025-04-20T21:36:07.836+0800] {logging_mixin.py:190} INFO - [2025-04-20T21:36:07.834+0800] {dag.py:3239} INFO - Sync 1 DAGs
[2025-04-20T21:36:07.902+0800] {logging_mixin.py:190} INFO - [2025-04-20T21:36:07.900+0800] {dag.py:4180} INFO - Setting next_dagrun for latest_only_with_trigger to 2025-04-20 08:00:00+00:00, run_after=2025-04-20 12:00:00+00:00
[2025-04-20T21:36:07.989+0800] {processor.py:208} INFO - Processing /mnt/c/Users/wu_li/OneDrive/Desktop/Airflow_pract/venv/lib/python3.9/site-packages/airflow/example_dags/example_latest_only_with_trigger.py took 0.259 seconds
[2025-04-20T21:37:52.139+0800] {processor.py:186} INFO - Started process (PID=116892) to work on /mnt/c/Users/wu_li/OneDrive/Desktop/Airflow_pract/venv/lib/python3.9/site-packages/airflow/example_dags/example_latest_only_with_trigger.py
[2025-04-20T21:37:52.141+0800] {processor.py:914} INFO - Processing file /mnt/c/Users/wu_li/OneDrive/Desktop/Airflow_pract/venv/lib/python3.9/site-packages/airflow/example_dags/example_latest_only_with_trigger.py for tasks to queue
[2025-04-20T21:37:52.144+0800] {logging_mixin.py:190} INFO - [2025-04-20T21:37:52.143+0800] {dagbag.py:588} INFO - Filling up the DagBag from /mnt/c/Users/wu_li/OneDrive/Desktop/Airflow_pract/venv/lib/python3.9/site-packages/airflow/example_dags/example_latest_only_with_trigger.py
[2025-04-20T21:37:52.166+0800] {processor.py:925} INFO - DAG(s) 'latest_only_with_trigger' retrieved from /mnt/c/Users/wu_li/OneDrive/Desktop/Airflow_pract/venv/lib/python3.9/site-packages/airflow/example_dags/example_latest_only_with_trigger.py
[2025-04-20T21:37:52.195+0800] {logging_mixin.py:190} INFO - [2025-04-20T21:37:52.195+0800] {dag.py:3239} INFO - Sync 1 DAGs
[2025-04-20T21:37:52.224+0800] {logging_mixin.py:190} INFO - [2025-04-20T21:37:52.223+0800] {dag.py:4180} INFO - Setting next_dagrun for latest_only_with_trigger to 2025-04-20 08:00:00+00:00, run_after=2025-04-20 12:00:00+00:00
[2025-04-20T21:37:52.283+0800] {processor.py:208} INFO - Processing /mnt/c/Users/wu_li/OneDrive/Desktop/Airflow_pract/venv/lib/python3.9/site-packages/airflow/example_dags/example_latest_only_with_trigger.py took 0.157 seconds
[2025-04-20T21:39:33.383+0800] {processor.py:186} INFO - Started process (PID=118014) to work on /mnt/c/Users/wu_li/OneDrive/Desktop/Airflow_pract/venv/lib/python3.9/site-packages/airflow/example_dags/example_latest_only_with_trigger.py
[2025-04-20T21:39:33.387+0800] {processor.py:914} INFO - Processing file /mnt/c/Users/wu_li/OneDrive/Desktop/Airflow_pract/venv/lib/python3.9/site-packages/airflow/example_dags/example_latest_only_with_trigger.py for tasks to queue
[2025-04-20T21:39:33.395+0800] {logging_mixin.py:190} INFO - [2025-04-20T21:39:33.393+0800] {dagbag.py:588} INFO - Filling up the DagBag from /mnt/c/Users/wu_li/OneDrive/Desktop/Airflow_pract/venv/lib/python3.9/site-packages/airflow/example_dags/example_latest_only_with_trigger.py
[2025-04-20T21:39:33.463+0800] {processor.py:925} INFO - DAG(s) 'latest_only_with_trigger' retrieved from /mnt/c/Users/wu_li/OneDrive/Desktop/Airflow_pract/venv/lib/python3.9/site-packages/airflow/example_dags/example_latest_only_with_trigger.py
[2025-04-20T21:39:33.517+0800] {logging_mixin.py:190} INFO - [2025-04-20T21:39:33.516+0800] {dag.py:3239} INFO - Sync 1 DAGs
[2025-04-20T21:39:33.617+0800] {logging_mixin.py:190} INFO - [2025-04-20T21:39:33.612+0800] {dag.py:4180} INFO - Setting next_dagrun for latest_only_with_trigger to 2025-04-20 08:00:00+00:00, run_after=2025-04-20 12:00:00+00:00
[2025-04-20T21:39:33.719+0800] {processor.py:208} INFO - Processing /mnt/c/Users/wu_li/OneDrive/Desktop/Airflow_pract/venv/lib/python3.9/site-packages/airflow/example_dags/example_latest_only_with_trigger.py took 0.358 seconds
[2025-04-20T21:40:58.040+0800] {processor.py:186} INFO - Started process (PID=118990) to work on /mnt/c/Users/wu_li/OneDrive/Desktop/Airflow_pract/venv/lib/python3.9/site-packages/airflow/example_dags/example_latest_only_with_trigger.py
[2025-04-20T21:40:58.041+0800] {processor.py:914} INFO - Processing file /mnt/c/Users/wu_li/OneDrive/Desktop/Airflow_pract/venv/lib/python3.9/site-packages/airflow/example_dags/example_latest_only_with_trigger.py for tasks to queue
[2025-04-20T21:40:58.044+0800] {logging_mixin.py:190} INFO - [2025-04-20T21:40:58.043+0800] {dagbag.py:588} INFO - Filling up the DagBag from /mnt/c/Users/wu_li/OneDrive/Desktop/Airflow_pract/venv/lib/python3.9/site-packages/airflow/example_dags/example_latest_only_with_trigger.py
[2025-04-20T21:40:58.067+0800] {processor.py:925} INFO - DAG(s) 'latest_only_with_trigger' retrieved from /mnt/c/Users/wu_li/OneDrive/Desktop/Airflow_pract/venv/lib/python3.9/site-packages/airflow/example_dags/example_latest_only_with_trigger.py
[2025-04-20T21:40:58.097+0800] {logging_mixin.py:190} INFO - [2025-04-20T21:40:58.095+0800] {dag.py:3239} INFO - Sync 1 DAGs
[2025-04-20T21:40:58.123+0800] {logging_mixin.py:190} INFO - [2025-04-20T21:40:58.123+0800] {dag.py:4180} INFO - Setting next_dagrun for latest_only_with_trigger to 2025-04-20 08:00:00+00:00, run_after=2025-04-20 12:00:00+00:00
[2025-04-20T21:40:58.177+0800] {processor.py:208} INFO - Processing /mnt/c/Users/wu_li/OneDrive/Desktop/Airflow_pract/venv/lib/python3.9/site-packages/airflow/example_dags/example_latest_only_with_trigger.py took 0.151 seconds
[2025-04-20T21:42:30.873+0800] {processor.py:186} INFO - Started process (PID=119958) to work on /mnt/c/Users/wu_li/OneDrive/Desktop/Airflow_pract/venv/lib/python3.9/site-packages/airflow/example_dags/example_latest_only_with_trigger.py
[2025-04-20T21:42:30.878+0800] {processor.py:914} INFO - Processing file /mnt/c/Users/wu_li/OneDrive/Desktop/Airflow_pract/venv/lib/python3.9/site-packages/airflow/example_dags/example_latest_only_with_trigger.py for tasks to queue
[2025-04-20T21:42:30.882+0800] {logging_mixin.py:190} INFO - [2025-04-20T21:42:30.880+0800] {dagbag.py:588} INFO - Filling up the DagBag from /mnt/c/Users/wu_li/OneDrive/Desktop/Airflow_pract/venv/lib/python3.9/site-packages/airflow/example_dags/example_latest_only_with_trigger.py
[2025-04-20T21:42:30.931+0800] {processor.py:925} INFO - DAG(s) 'latest_only_with_trigger' retrieved from /mnt/c/Users/wu_li/OneDrive/Desktop/Airflow_pract/venv/lib/python3.9/site-packages/airflow/example_dags/example_latest_only_with_trigger.py
[2025-04-20T21:42:31.010+0800] {logging_mixin.py:190} INFO - [2025-04-20T21:42:31.009+0800] {dag.py:3239} INFO - Sync 1 DAGs
[2025-04-20T21:42:31.086+0800] {logging_mixin.py:190} INFO - [2025-04-20T21:42:31.084+0800] {dag.py:4180} INFO - Setting next_dagrun for latest_only_with_trigger to 2025-04-20 08:00:00+00:00, run_after=2025-04-20 12:00:00+00:00
[2025-04-20T21:42:31.304+0800] {processor.py:208} INFO - Processing /mnt/c/Users/wu_li/OneDrive/Desktop/Airflow_pract/venv/lib/python3.9/site-packages/airflow/example_dags/example_latest_only_with_trigger.py took 0.448 seconds
[2025-04-20T21:44:11.173+0800] {processor.py:186} INFO - Started process (PID=120794) to work on /mnt/c/Users/wu_li/OneDrive/Desktop/Airflow_pract/venv/lib/python3.9/site-packages/airflow/example_dags/example_latest_only_with_trigger.py
[2025-04-20T21:44:11.175+0800] {processor.py:914} INFO - Processing file /mnt/c/Users/wu_li/OneDrive/Desktop/Airflow_pract/venv/lib/python3.9/site-packages/airflow/example_dags/example_latest_only_with_trigger.py for tasks to queue
[2025-04-20T21:44:11.177+0800] {logging_mixin.py:190} INFO - [2025-04-20T21:44:11.176+0800] {dagbag.py:588} INFO - Filling up the DagBag from /mnt/c/Users/wu_li/OneDrive/Desktop/Airflow_pract/venv/lib/python3.9/site-packages/airflow/example_dags/example_latest_only_with_trigger.py
[2025-04-20T21:44:11.200+0800] {processor.py:925} INFO - DAG(s) 'latest_only_with_trigger' retrieved from /mnt/c/Users/wu_li/OneDrive/Desktop/Airflow_pract/venv/lib/python3.9/site-packages/airflow/example_dags/example_latest_only_with_trigger.py
[2025-04-20T21:44:11.225+0800] {logging_mixin.py:190} INFO - [2025-04-20T21:44:11.225+0800] {dag.py:3239} INFO - Sync 1 DAGs
[2025-04-20T21:44:11.253+0800] {logging_mixin.py:190} INFO - [2025-04-20T21:44:11.252+0800] {dag.py:4180} INFO - Setting next_dagrun for latest_only_with_trigger to 2025-04-20 08:00:00+00:00, run_after=2025-04-20 12:00:00+00:00
[2025-04-20T21:44:11.309+0800] {processor.py:208} INFO - Processing /mnt/c/Users/wu_li/OneDrive/Desktop/Airflow_pract/venv/lib/python3.9/site-packages/airflow/example_dags/example_latest_only_with_trigger.py took 0.148 seconds
[2025-04-20T21:45:41.295+0800] {processor.py:186} INFO - Started process (PID=121811) to work on /mnt/c/Users/wu_li/OneDrive/Desktop/Airflow_pract/venv/lib/python3.9/site-packages/airflow/example_dags/example_latest_only_with_trigger.py
[2025-04-20T21:45:41.296+0800] {processor.py:914} INFO - Processing file /mnt/c/Users/wu_li/OneDrive/Desktop/Airflow_pract/venv/lib/python3.9/site-packages/airflow/example_dags/example_latest_only_with_trigger.py for tasks to queue
[2025-04-20T21:45:41.301+0800] {logging_mixin.py:190} INFO - [2025-04-20T21:45:41.298+0800] {dagbag.py:588} INFO - Filling up the DagBag from /mnt/c/Users/wu_li/OneDrive/Desktop/Airflow_pract/venv/lib/python3.9/site-packages/airflow/example_dags/example_latest_only_with_trigger.py
[2025-04-20T21:45:41.326+0800] {processor.py:925} INFO - DAG(s) 'latest_only_with_trigger' retrieved from /mnt/c/Users/wu_li/OneDrive/Desktop/Airflow_pract/venv/lib/python3.9/site-packages/airflow/example_dags/example_latest_only_with_trigger.py
[2025-04-20T21:45:41.359+0800] {logging_mixin.py:190} INFO - [2025-04-20T21:45:41.358+0800] {dag.py:3239} INFO - Sync 1 DAGs
[2025-04-20T21:45:41.394+0800] {logging_mixin.py:190} INFO - [2025-04-20T21:45:41.393+0800] {dag.py:4180} INFO - Setting next_dagrun for latest_only_with_trigger to 2025-04-20 08:00:00+00:00, run_after=2025-04-20 12:00:00+00:00
[2025-04-20T21:45:41.461+0800] {processor.py:208} INFO - Processing /mnt/c/Users/wu_li/OneDrive/Desktop/Airflow_pract/venv/lib/python3.9/site-packages/airflow/example_dags/example_latest_only_with_trigger.py took 0.180 seconds
[2025-04-20T21:47:35.683+0800] {processor.py:186} INFO - Started process (PID=122544) to work on /mnt/c/Users/wu_li/OneDrive/Desktop/Airflow_pract/venv/lib/python3.9/site-packages/airflow/example_dags/example_latest_only_with_trigger.py
[2025-04-20T21:47:35.687+0800] {processor.py:914} INFO - Processing file /mnt/c/Users/wu_li/OneDrive/Desktop/Airflow_pract/venv/lib/python3.9/site-packages/airflow/example_dags/example_latest_only_with_trigger.py for tasks to queue
[2025-04-20T21:47:35.690+0800] {logging_mixin.py:190} INFO - [2025-04-20T21:47:35.689+0800] {dagbag.py:588} INFO - Filling up the DagBag from /mnt/c/Users/wu_li/OneDrive/Desktop/Airflow_pract/venv/lib/python3.9/site-packages/airflow/example_dags/example_latest_only_with_trigger.py
[2025-04-20T21:47:35.714+0800] {processor.py:925} INFO - DAG(s) 'latest_only_with_trigger' retrieved from /mnt/c/Users/wu_li/OneDrive/Desktop/Airflow_pract/venv/lib/python3.9/site-packages/airflow/example_dags/example_latest_only_with_trigger.py
[2025-04-20T21:47:35.746+0800] {logging_mixin.py:190} INFO - [2025-04-20T21:47:35.746+0800] {dag.py:3239} INFO - Sync 1 DAGs
[2025-04-20T21:47:35.786+0800] {logging_mixin.py:190} INFO - [2025-04-20T21:47:35.785+0800] {dag.py:4180} INFO - Setting next_dagrun for latest_only_with_trigger to 2025-04-20 08:00:00+00:00, run_after=2025-04-20 12:00:00+00:00
[2025-04-20T21:47:35.857+0800] {processor.py:208} INFO - Processing /mnt/c/Users/wu_li/OneDrive/Desktop/Airflow_pract/venv/lib/python3.9/site-packages/airflow/example_dags/example_latest_only_with_trigger.py took 0.196 seconds
[2025-04-20T21:49:09.191+0800] {processor.py:186} INFO - Started process (PID=123698) to work on /mnt/c/Users/wu_li/OneDrive/Desktop/Airflow_pract/venv/lib/python3.9/site-packages/airflow/example_dags/example_latest_only_with_trigger.py
[2025-04-20T21:49:09.193+0800] {processor.py:914} INFO - Processing file /mnt/c/Users/wu_li/OneDrive/Desktop/Airflow_pract/venv/lib/python3.9/site-packages/airflow/example_dags/example_latest_only_with_trigger.py for tasks to queue
[2025-04-20T21:49:09.198+0800] {logging_mixin.py:190} INFO - [2025-04-20T21:49:09.196+0800] {dagbag.py:588} INFO - Filling up the DagBag from /mnt/c/Users/wu_li/OneDrive/Desktop/Airflow_pract/venv/lib/python3.9/site-packages/airflow/example_dags/example_latest_only_with_trigger.py
[2025-04-20T21:49:09.228+0800] {processor.py:925} INFO - DAG(s) 'latest_only_with_trigger' retrieved from /mnt/c/Users/wu_li/OneDrive/Desktop/Airflow_pract/venv/lib/python3.9/site-packages/airflow/example_dags/example_latest_only_with_trigger.py
[2025-04-20T21:49:09.278+0800] {logging_mixin.py:190} INFO - [2025-04-20T21:49:09.276+0800] {dag.py:3239} INFO - Sync 1 DAGs
[2025-04-20T21:49:09.346+0800] {logging_mixin.py:190} INFO - [2025-04-20T21:49:09.345+0800] {dag.py:4180} INFO - Setting next_dagrun for latest_only_with_trigger to 2025-04-20 08:00:00+00:00, run_after=2025-04-20 12:00:00+00:00
[2025-04-20T21:49:09.452+0800] {processor.py:208} INFO - Processing /mnt/c/Users/wu_li/OneDrive/Desktop/Airflow_pract/venv/lib/python3.9/site-packages/airflow/example_dags/example_latest_only_with_trigger.py took 0.279 seconds
[2025-04-20T21:50:57.323+0800] {processor.py:186} INFO - Started process (PID=124492) to work on /mnt/c/Users/wu_li/OneDrive/Desktop/Airflow_pract/venv/lib/python3.9/site-packages/airflow/example_dags/example_latest_only_with_trigger.py
[2025-04-20T21:50:57.326+0800] {processor.py:914} INFO - Processing file /mnt/c/Users/wu_li/OneDrive/Desktop/Airflow_pract/venv/lib/python3.9/site-packages/airflow/example_dags/example_latest_only_with_trigger.py for tasks to queue
[2025-04-20T21:50:57.330+0800] {logging_mixin.py:190} INFO - [2025-04-20T21:50:57.328+0800] {dagbag.py:588} INFO - Filling up the DagBag from /mnt/c/Users/wu_li/OneDrive/Desktop/Airflow_pract/venv/lib/python3.9/site-packages/airflow/example_dags/example_latest_only_with_trigger.py
[2025-04-20T21:50:57.369+0800] {processor.py:925} INFO - DAG(s) 'latest_only_with_trigger' retrieved from /mnt/c/Users/wu_li/OneDrive/Desktop/Airflow_pract/venv/lib/python3.9/site-packages/airflow/example_dags/example_latest_only_with_trigger.py
[2025-04-20T21:50:57.418+0800] {logging_mixin.py:190} INFO - [2025-04-20T21:50:57.417+0800] {dag.py:3239} INFO - Sync 1 DAGs
[2025-04-20T21:50:57.518+0800] {logging_mixin.py:190} INFO - [2025-04-20T21:50:57.517+0800] {dag.py:4180} INFO - Setting next_dagrun for latest_only_with_trigger to 2025-04-20 08:00:00+00:00, run_after=2025-04-20 12:00:00+00:00
[2025-04-20T21:50:57.602+0800] {processor.py:208} INFO - Processing /mnt/c/Users/wu_li/OneDrive/Desktop/Airflow_pract/venv/lib/python3.9/site-packages/airflow/example_dags/example_latest_only_with_trigger.py took 0.301 seconds
[2025-04-20T21:52:55.279+0800] {processor.py:186} INFO - Started process (PID=125362) to work on /mnt/c/Users/wu_li/OneDrive/Desktop/Airflow_pract/venv/lib/python3.9/site-packages/airflow/example_dags/example_latest_only_with_trigger.py
[2025-04-20T21:52:55.281+0800] {processor.py:914} INFO - Processing file /mnt/c/Users/wu_li/OneDrive/Desktop/Airflow_pract/venv/lib/python3.9/site-packages/airflow/example_dags/example_latest_only_with_trigger.py for tasks to queue
[2025-04-20T21:52:55.286+0800] {logging_mixin.py:190} INFO - [2025-04-20T21:52:55.284+0800] {dagbag.py:588} INFO - Filling up the DagBag from /mnt/c/Users/wu_li/OneDrive/Desktop/Airflow_pract/venv/lib/python3.9/site-packages/airflow/example_dags/example_latest_only_with_trigger.py
[2025-04-20T21:52:55.332+0800] {processor.py:925} INFO - DAG(s) 'latest_only_with_trigger' retrieved from /mnt/c/Users/wu_li/OneDrive/Desktop/Airflow_pract/venv/lib/python3.9/site-packages/airflow/example_dags/example_latest_only_with_trigger.py
[2025-04-20T21:52:55.399+0800] {logging_mixin.py:190} INFO - [2025-04-20T21:52:55.398+0800] {dag.py:3239} INFO - Sync 1 DAGs
[2025-04-20T21:52:55.470+0800] {logging_mixin.py:190} INFO - [2025-04-20T21:52:55.469+0800] {dag.py:4180} INFO - Setting next_dagrun for latest_only_with_trigger to 2025-04-20 08:00:00+00:00, run_after=2025-04-20 12:00:00+00:00
[2025-04-20T21:52:55.567+0800] {processor.py:208} INFO - Processing /mnt/c/Users/wu_li/OneDrive/Desktop/Airflow_pract/venv/lib/python3.9/site-packages/airflow/example_dags/example_latest_only_with_trigger.py took 0.308 seconds
[2025-04-20T21:54:58.164+0800] {processor.py:186} INFO - Started process (PID=126232) to work on /mnt/c/Users/wu_li/OneDrive/Desktop/Airflow_pract/venv/lib/python3.9/site-packages/airflow/example_dags/example_latest_only_with_trigger.py
[2025-04-20T21:54:58.167+0800] {processor.py:914} INFO - Processing file /mnt/c/Users/wu_li/OneDrive/Desktop/Airflow_pract/venv/lib/python3.9/site-packages/airflow/example_dags/example_latest_only_with_trigger.py for tasks to queue
[2025-04-20T21:54:58.177+0800] {logging_mixin.py:190} INFO - [2025-04-20T21:54:58.170+0800] {dagbag.py:588} INFO - Filling up the DagBag from /mnt/c/Users/wu_li/OneDrive/Desktop/Airflow_pract/venv/lib/python3.9/site-packages/airflow/example_dags/example_latest_only_with_trigger.py
[2025-04-20T21:54:58.232+0800] {processor.py:925} INFO - DAG(s) 'latest_only_with_trigger' retrieved from /mnt/c/Users/wu_li/OneDrive/Desktop/Airflow_pract/venv/lib/python3.9/site-packages/airflow/example_dags/example_latest_only_with_trigger.py
[2025-04-20T21:54:58.299+0800] {logging_mixin.py:190} INFO - [2025-04-20T21:54:58.296+0800] {dag.py:3239} INFO - Sync 1 DAGs
[2025-04-20T21:54:58.386+0800] {logging_mixin.py:190} INFO - [2025-04-20T21:54:58.384+0800] {dag.py:4180} INFO - Setting next_dagrun for latest_only_with_trigger to 2025-04-20 08:00:00+00:00, run_after=2025-04-20 12:00:00+00:00
[2025-04-20T21:54:58.505+0800] {processor.py:208} INFO - Processing /mnt/c/Users/wu_li/OneDrive/Desktop/Airflow_pract/venv/lib/python3.9/site-packages/airflow/example_dags/example_latest_only_with_trigger.py took 0.368 seconds
[2025-04-20T21:56:58.696+0800] {processor.py:186} INFO - Started process (PID=127108) to work on /mnt/c/Users/wu_li/OneDrive/Desktop/Airflow_pract/venv/lib/python3.9/site-packages/airflow/example_dags/example_latest_only_with_trigger.py
[2025-04-20T21:56:58.699+0800] {processor.py:914} INFO - Processing file /mnt/c/Users/wu_li/OneDrive/Desktop/Airflow_pract/venv/lib/python3.9/site-packages/airflow/example_dags/example_latest_only_with_trigger.py for tasks to queue
[2025-04-20T21:56:58.702+0800] {logging_mixin.py:190} INFO - [2025-04-20T21:56:58.700+0800] {dagbag.py:588} INFO - Filling up the DagBag from /mnt/c/Users/wu_li/OneDrive/Desktop/Airflow_pract/venv/lib/python3.9/site-packages/airflow/example_dags/example_latest_only_with_trigger.py
[2025-04-20T21:56:58.757+0800] {processor.py:925} INFO - DAG(s) 'latest_only_with_trigger' retrieved from /mnt/c/Users/wu_li/OneDrive/Desktop/Airflow_pract/venv/lib/python3.9/site-packages/airflow/example_dags/example_latest_only_with_trigger.py
[2025-04-20T21:56:58.795+0800] {logging_mixin.py:190} INFO - [2025-04-20T21:56:58.794+0800] {dag.py:3239} INFO - Sync 1 DAGs
[2025-04-20T21:56:58.838+0800] {logging_mixin.py:190} INFO - [2025-04-20T21:56:58.837+0800] {dag.py:4180} INFO - Setting next_dagrun for latest_only_with_trigger to 2025-04-20 08:00:00+00:00, run_after=2025-04-20 12:00:00+00:00
[2025-04-20T21:56:59.035+0800] {processor.py:208} INFO - Processing /mnt/c/Users/wu_li/OneDrive/Desktop/Airflow_pract/venv/lib/python3.9/site-packages/airflow/example_dags/example_latest_only_with_trigger.py took 0.351 seconds
[2025-04-20T21:59:01.807+0800] {processor.py:186} INFO - Started process (PID=127984) to work on /mnt/c/Users/wu_li/OneDrive/Desktop/Airflow_pract/venv/lib/python3.9/site-packages/airflow/example_dags/example_latest_only_with_trigger.py
[2025-04-20T21:59:01.809+0800] {processor.py:914} INFO - Processing file /mnt/c/Users/wu_li/OneDrive/Desktop/Airflow_pract/venv/lib/python3.9/site-packages/airflow/example_dags/example_latest_only_with_trigger.py for tasks to queue
[2025-04-20T21:59:01.811+0800] {logging_mixin.py:190} INFO - [2025-04-20T21:59:01.810+0800] {dagbag.py:588} INFO - Filling up the DagBag from /mnt/c/Users/wu_li/OneDrive/Desktop/Airflow_pract/venv/lib/python3.9/site-packages/airflow/example_dags/example_latest_only_with_trigger.py
[2025-04-20T21:59:01.830+0800] {processor.py:925} INFO - DAG(s) 'latest_only_with_trigger' retrieved from /mnt/c/Users/wu_li/OneDrive/Desktop/Airflow_pract/venv/lib/python3.9/site-packages/airflow/example_dags/example_latest_only_with_trigger.py
[2025-04-20T21:59:01.854+0800] {logging_mixin.py:190} INFO - [2025-04-20T21:59:01.854+0800] {dag.py:3239} INFO - Sync 1 DAGs
[2025-04-20T21:59:01.879+0800] {logging_mixin.py:190} INFO - [2025-04-20T21:59:01.878+0800] {dag.py:4180} INFO - Setting next_dagrun for latest_only_with_trigger to 2025-04-20 08:00:00+00:00, run_after=2025-04-20 12:00:00+00:00
[2025-04-20T21:59:01.927+0800] {processor.py:208} INFO - Processing /mnt/c/Users/wu_li/OneDrive/Desktop/Airflow_pract/venv/lib/python3.9/site-packages/airflow/example_dags/example_latest_only_with_trigger.py took 0.130 seconds
[2025-04-20T22:00:45.335+0800] {processor.py:186} INFO - Started process (PID=128966) to work on /mnt/c/Users/wu_li/OneDrive/Desktop/Airflow_pract/venv/lib/python3.9/site-packages/airflow/example_dags/example_latest_only_with_trigger.py
[2025-04-20T22:00:45.337+0800] {processor.py:914} INFO - Processing file /mnt/c/Users/wu_li/OneDrive/Desktop/Airflow_pract/venv/lib/python3.9/site-packages/airflow/example_dags/example_latest_only_with_trigger.py for tasks to queue
[2025-04-20T22:00:45.343+0800] {logging_mixin.py:190} INFO - [2025-04-20T22:00:45.340+0800] {dagbag.py:588} INFO - Filling up the DagBag from /mnt/c/Users/wu_li/OneDrive/Desktop/Airflow_pract/venv/lib/python3.9/site-packages/airflow/example_dags/example_latest_only_with_trigger.py
[2025-04-20T22:00:45.378+0800] {processor.py:925} INFO - DAG(s) 'latest_only_with_trigger' retrieved from /mnt/c/Users/wu_li/OneDrive/Desktop/Airflow_pract/venv/lib/python3.9/site-packages/airflow/example_dags/example_latest_only_with_trigger.py
[2025-04-20T22:00:45.422+0800] {logging_mixin.py:190} INFO - [2025-04-20T22:00:45.421+0800] {dag.py:3239} INFO - Sync 1 DAGs
[2025-04-20T22:00:45.462+0800] {logging_mixin.py:190} INFO - [2025-04-20T22:00:45.459+0800] {dag.py:4180} INFO - Setting next_dagrun for latest_only_with_trigger to 2025-04-20 08:00:00+00:00, run_after=2025-04-20 12:00:00+00:00
[2025-04-20T22:00:45.549+0800] {processor.py:208} INFO - Processing /mnt/c/Users/wu_li/OneDrive/Desktop/Airflow_pract/venv/lib/python3.9/site-packages/airflow/example_dags/example_latest_only_with_trigger.py took 0.230 seconds
[2025-04-20T22:02:43.366+0800] {processor.py:186} INFO - Started process (PID=129795) to work on /mnt/c/Users/wu_li/OneDrive/Desktop/Airflow_pract/venv/lib/python3.9/site-packages/airflow/example_dags/example_latest_only_with_trigger.py
[2025-04-20T22:02:43.370+0800] {processor.py:914} INFO - Processing file /mnt/c/Users/wu_li/OneDrive/Desktop/Airflow_pract/venv/lib/python3.9/site-packages/airflow/example_dags/example_latest_only_with_trigger.py for tasks to queue
[2025-04-20T22:02:43.374+0800] {logging_mixin.py:190} INFO - [2025-04-20T22:02:43.372+0800] {dagbag.py:588} INFO - Filling up the DagBag from /mnt/c/Users/wu_li/OneDrive/Desktop/Airflow_pract/venv/lib/python3.9/site-packages/airflow/example_dags/example_latest_only_with_trigger.py
[2025-04-20T22:02:43.421+0800] {processor.py:925} INFO - DAG(s) 'latest_only_with_trigger' retrieved from /mnt/c/Users/wu_li/OneDrive/Desktop/Airflow_pract/venv/lib/python3.9/site-packages/airflow/example_dags/example_latest_only_with_trigger.py
[2025-04-20T22:02:43.496+0800] {logging_mixin.py:190} INFO - [2025-04-20T22:02:43.495+0800] {dag.py:3239} INFO - Sync 1 DAGs
[2025-04-20T22:02:43.564+0800] {logging_mixin.py:190} INFO - [2025-04-20T22:02:43.562+0800] {dag.py:4180} INFO - Setting next_dagrun for latest_only_with_trigger to 2025-04-20 08:00:00+00:00, run_after=2025-04-20 12:00:00+00:00
[2025-04-20T22:02:43.698+0800] {processor.py:208} INFO - Processing /mnt/c/Users/wu_li/OneDrive/Desktop/Airflow_pract/venv/lib/python3.9/site-packages/airflow/example_dags/example_latest_only_with_trigger.py took 0.360 seconds
[2025-04-20T22:04:36.568+0800] {processor.py:186} INFO - Started process (PID=130592) to work on /mnt/c/Users/wu_li/OneDrive/Desktop/Airflow_pract/venv/lib/python3.9/site-packages/airflow/example_dags/example_latest_only_with_trigger.py
[2025-04-20T22:04:36.569+0800] {processor.py:914} INFO - Processing file /mnt/c/Users/wu_li/OneDrive/Desktop/Airflow_pract/venv/lib/python3.9/site-packages/airflow/example_dags/example_latest_only_with_trigger.py for tasks to queue
[2025-04-20T22:04:36.572+0800] {logging_mixin.py:190} INFO - [2025-04-20T22:04:36.571+0800] {dagbag.py:588} INFO - Filling up the DagBag from /mnt/c/Users/wu_li/OneDrive/Desktop/Airflow_pract/venv/lib/python3.9/site-packages/airflow/example_dags/example_latest_only_with_trigger.py
[2025-04-20T22:04:36.599+0800] {processor.py:925} INFO - DAG(s) 'latest_only_with_trigger' retrieved from /mnt/c/Users/wu_li/OneDrive/Desktop/Airflow_pract/venv/lib/python3.9/site-packages/airflow/example_dags/example_latest_only_with_trigger.py
[2025-04-20T22:04:36.634+0800] {logging_mixin.py:190} INFO - [2025-04-20T22:04:36.633+0800] {dag.py:3239} INFO - Sync 1 DAGs
[2025-04-20T22:04:36.671+0800] {logging_mixin.py:190} INFO - [2025-04-20T22:04:36.670+0800] {dag.py:4180} INFO - Setting next_dagrun for latest_only_with_trigger to 2025-04-20 08:00:00+00:00, run_after=2025-04-20 12:00:00+00:00
[2025-04-20T22:04:36.740+0800] {processor.py:208} INFO - Processing /mnt/c/Users/wu_li/OneDrive/Desktop/Airflow_pract/venv/lib/python3.9/site-packages/airflow/example_dags/example_latest_only_with_trigger.py took 0.186 seconds
