[2025-04-20T20:12:49.196+0800] {processor.py:186} INFO - Started process (PID=64309) to work on /mnt/c/Users/wu_li/OneDrive/Desktop/Airflow_pract/venv/lib/python3.9/site-packages/airflow/example_dags/example_complex.py
[2025-04-20T20:12:49.199+0800] {processor.py:914} INFO - Processing file /mnt/c/Users/wu_li/OneDrive/Desktop/Airflow_pract/venv/lib/python3.9/site-packages/airflow/example_dags/example_complex.py for tasks to queue
[2025-04-20T20:12:49.202+0800] {logging_mixin.py:190} INFO - [2025-04-20T20:12:49.201+0800] {dagbag.py:588} INFO - Filling up the DagBag from /mnt/c/Users/wu_li/OneDrive/Desktop/Airflow_pract/venv/lib/python3.9/site-packages/airflow/example_dags/example_complex.py
[2025-04-20T20:12:49.551+0800] {processor.py:925} INFO - DAG(s) 'example_complex' retrieved from /mnt/c/Users/wu_li/OneDrive/Desktop/Airflow_pract/venv/lib/python3.9/site-packages/airflow/example_dags/example_complex.py
[2025-04-20T20:12:51.342+0800] {logging_mixin.py:190} INFO - [2025-04-20T20:12:51.339+0800] {override.py:1912} INFO - Created Permission View: can delete on DAG:example_complex
[2025-04-20T20:12:51.401+0800] {logging_mixin.py:190} INFO - [2025-04-20T20:12:51.398+0800] {override.py:1912} INFO - Created Permission View: can read on DAG:example_complex
[2025-04-20T20:12:51.450+0800] {logging_mixin.py:190} INFO - [2025-04-20T20:12:51.444+0800] {override.py:1912} INFO - Created Permission View: can edit on DAG:example_complex
[2025-04-20T20:12:51.539+0800] {logging_mixin.py:190} INFO - [2025-04-20T20:12:51.537+0800] {override.py:1912} INFO - Created Permission View: can delete on DAG Run:example_complex
[2025-04-20T20:12:51.591+0800] {logging_mixin.py:190} INFO - [2025-04-20T20:12:51.589+0800] {override.py:1912} INFO - Created Permission View: can read on DAG Run:example_complex
[2025-04-20T20:12:51.660+0800] {logging_mixin.py:190} INFO - [2025-04-20T20:12:51.656+0800] {override.py:1912} INFO - Created Permission View: can create on DAG Run:example_complex
[2025-04-20T20:12:51.719+0800] {logging_mixin.py:190} INFO - [2025-04-20T20:12:51.717+0800] {override.py:1912} INFO - Created Permission View: menu access on DAG Run:example_complex
[2025-04-20T20:12:51.722+0800] {logging_mixin.py:190} INFO - [2025-04-20T20:12:51.720+0800] {dag.py:3239} INFO - Sync 1 DAGs
[2025-04-20T20:12:51.756+0800] {logging_mixin.py:190} INFO - [2025-04-20T20:12:51.754+0800] {dag.py:3262} INFO - Creating ORM DAG for example_complex
[2025-04-20T20:12:51.759+0800] {logging_mixin.py:190} INFO - [2025-04-20T20:12:51.758+0800] {dag.py:4180} INFO - Setting next_dagrun for example_complex to None, run_after=None
[2025-04-20T20:12:51.856+0800] {processor.py:208} INFO - Processing /mnt/c/Users/wu_li/OneDrive/Desktop/Airflow_pract/venv/lib/python3.9/site-packages/airflow/example_dags/example_complex.py took 2.677 seconds
[2025-04-20T20:18:00.874+0800] {processor.py:186} INFO - Started process (PID=68257) to work on /mnt/c/Users/wu_li/OneDrive/Desktop/Airflow_pract/venv/lib/python3.9/site-packages/airflow/example_dags/example_complex.py
[2025-04-20T20:18:00.875+0800] {processor.py:914} INFO - Processing file /mnt/c/Users/wu_li/OneDrive/Desktop/Airflow_pract/venv/lib/python3.9/site-packages/airflow/example_dags/example_complex.py for tasks to queue
[2025-04-20T20:18:00.880+0800] {logging_mixin.py:190} INFO - [2025-04-20T20:18:00.878+0800] {dagbag.py:588} INFO - Filling up the DagBag from /mnt/c/Users/wu_li/OneDrive/Desktop/Airflow_pract/venv/lib/python3.9/site-packages/airflow/example_dags/example_complex.py
[2025-04-20T20:18:00.949+0800] {processor.py:925} INFO - DAG(s) 'example_complex' retrieved from /mnt/c/Users/wu_li/OneDrive/Desktop/Airflow_pract/venv/lib/python3.9/site-packages/airflow/example_dags/example_complex.py
[2025-04-20T20:18:00.986+0800] {logging_mixin.py:190} INFO - [2025-04-20T20:18:00.985+0800] {dag.py:3239} INFO - Sync 1 DAGs
[2025-04-20T20:18:01.001+0800] {logging_mixin.py:190} INFO - [2025-04-20T20:18:01.000+0800] {dag.py:4180} INFO - Setting next_dagrun for example_complex to None, run_after=None
[2025-04-20T20:18:01.062+0800] {processor.py:208} INFO - Processing /mnt/c/Users/wu_li/OneDrive/Desktop/Airflow_pract/venv/lib/python3.9/site-packages/airflow/example_dags/example_complex.py took 0.201 seconds
[2025-04-20T20:19:44.070+0800] {processor.py:186} INFO - Started process (PID=69478) to work on /mnt/c/Users/wu_li/OneDrive/Desktop/Airflow_pract/venv/lib/python3.9/site-packages/airflow/example_dags/example_complex.py
[2025-04-20T20:19:44.072+0800] {processor.py:914} INFO - Processing file /mnt/c/Users/wu_li/OneDrive/Desktop/Airflow_pract/venv/lib/python3.9/site-packages/airflow/example_dags/example_complex.py for tasks to queue
[2025-04-20T20:19:44.078+0800] {logging_mixin.py:190} INFO - [2025-04-20T20:19:44.077+0800] {dagbag.py:588} INFO - Filling up the DagBag from /mnt/c/Users/wu_li/OneDrive/Desktop/Airflow_pract/venv/lib/python3.9/site-packages/airflow/example_dags/example_complex.py
[2025-04-20T20:19:44.202+0800] {processor.py:925} INFO - DAG(s) 'example_complex' retrieved from /mnt/c/Users/wu_li/OneDrive/Desktop/Airflow_pract/venv/lib/python3.9/site-packages/airflow/example_dags/example_complex.py
[2025-04-20T20:19:44.358+0800] {logging_mixin.py:190} INFO - [2025-04-20T20:19:44.357+0800] {dag.py:3239} INFO - Sync 1 DAGs
[2025-04-20T20:19:44.414+0800] {logging_mixin.py:190} INFO - [2025-04-20T20:19:44.412+0800] {dag.py:4180} INFO - Setting next_dagrun for example_complex to None, run_after=None
[2025-04-20T20:19:44.710+0800] {processor.py:208} INFO - Processing /mnt/c/Users/wu_li/OneDrive/Desktop/Airflow_pract/venv/lib/python3.9/site-packages/airflow/example_dags/example_complex.py took 0.673 seconds
[2025-04-20T20:21:39.740+0800] {processor.py:186} INFO - Started process (PID=70477) to work on /mnt/c/Users/wu_li/OneDrive/Desktop/Airflow_pract/venv/lib/python3.9/site-packages/airflow/example_dags/example_complex.py
[2025-04-20T20:21:39.743+0800] {processor.py:914} INFO - Processing file /mnt/c/Users/wu_li/OneDrive/Desktop/Airflow_pract/venv/lib/python3.9/site-packages/airflow/example_dags/example_complex.py for tasks to queue
[2025-04-20T20:21:39.748+0800] {logging_mixin.py:190} INFO - [2025-04-20T20:21:39.746+0800] {dagbag.py:588} INFO - Filling up the DagBag from /mnt/c/Users/wu_li/OneDrive/Desktop/Airflow_pract/venv/lib/python3.9/site-packages/airflow/example_dags/example_complex.py
[2025-04-20T20:21:39.863+0800] {processor.py:925} INFO - DAG(s) 'example_complex' retrieved from /mnt/c/Users/wu_li/OneDrive/Desktop/Airflow_pract/venv/lib/python3.9/site-packages/airflow/example_dags/example_complex.py
[2025-04-20T20:21:39.950+0800] {logging_mixin.py:190} INFO - [2025-04-20T20:21:39.948+0800] {dag.py:3239} INFO - Sync 1 DAGs
[2025-04-20T20:21:39.992+0800] {logging_mixin.py:190} INFO - [2025-04-20T20:21:39.989+0800] {dag.py:4180} INFO - Setting next_dagrun for example_complex to None, run_after=None
[2025-04-20T20:21:40.110+0800] {processor.py:208} INFO - Processing /mnt/c/Users/wu_li/OneDrive/Desktop/Airflow_pract/venv/lib/python3.9/site-packages/airflow/example_dags/example_complex.py took 0.392 seconds
[2025-04-20T20:23:37.463+0800] {processor.py:186} INFO - Started process (PID=71355) to work on /mnt/c/Users/wu_li/OneDrive/Desktop/Airflow_pract/venv/lib/python3.9/site-packages/airflow/example_dags/example_complex.py
[2025-04-20T20:23:37.466+0800] {processor.py:914} INFO - Processing file /mnt/c/Users/wu_li/OneDrive/Desktop/Airflow_pract/venv/lib/python3.9/site-packages/airflow/example_dags/example_complex.py for tasks to queue
[2025-04-20T20:23:37.471+0800] {logging_mixin.py:190} INFO - [2025-04-20T20:23:37.469+0800] {dagbag.py:588} INFO - Filling up the DagBag from /mnt/c/Users/wu_li/OneDrive/Desktop/Airflow_pract/venv/lib/python3.9/site-packages/airflow/example_dags/example_complex.py
[2025-04-20T20:23:37.595+0800] {processor.py:925} INFO - DAG(s) 'example_complex' retrieved from /mnt/c/Users/wu_li/OneDrive/Desktop/Airflow_pract/venv/lib/python3.9/site-packages/airflow/example_dags/example_complex.py
[2025-04-20T20:23:37.695+0800] {logging_mixin.py:190} INFO - [2025-04-20T20:23:37.692+0800] {dag.py:3239} INFO - Sync 1 DAGs
[2025-04-20T20:23:37.739+0800] {logging_mixin.py:190} INFO - [2025-04-20T20:23:37.738+0800] {dag.py:4180} INFO - Setting next_dagrun for example_complex to None, run_after=None
[2025-04-20T20:23:37.862+0800] {processor.py:208} INFO - Processing /mnt/c/Users/wu_li/OneDrive/Desktop/Airflow_pract/venv/lib/python3.9/site-packages/airflow/example_dags/example_complex.py took 0.418 seconds
[2025-04-20T20:25:34.746+0800] {processor.py:186} INFO - Started process (PID=72429) to work on /mnt/c/Users/wu_li/OneDrive/Desktop/Airflow_pract/venv/lib/python3.9/site-packages/airflow/example_dags/example_complex.py
[2025-04-20T20:25:34.747+0800] {processor.py:914} INFO - Processing file /mnt/c/Users/wu_li/OneDrive/Desktop/Airflow_pract/venv/lib/python3.9/site-packages/airflow/example_dags/example_complex.py for tasks to queue
[2025-04-20T20:25:34.751+0800] {logging_mixin.py:190} INFO - [2025-04-20T20:25:34.749+0800] {dagbag.py:588} INFO - Filling up the DagBag from /mnt/c/Users/wu_li/OneDrive/Desktop/Airflow_pract/venv/lib/python3.9/site-packages/airflow/example_dags/example_complex.py
[2025-04-20T20:25:34.824+0800] {processor.py:925} INFO - DAG(s) 'example_complex' retrieved from /mnt/c/Users/wu_li/OneDrive/Desktop/Airflow_pract/venv/lib/python3.9/site-packages/airflow/example_dags/example_complex.py
[2025-04-20T20:25:34.860+0800] {logging_mixin.py:190} INFO - [2025-04-20T20:25:34.859+0800] {dag.py:3239} INFO - Sync 1 DAGs
[2025-04-20T20:25:34.875+0800] {logging_mixin.py:190} INFO - [2025-04-20T20:25:34.874+0800] {dag.py:4180} INFO - Setting next_dagrun for example_complex to None, run_after=None
[2025-04-20T20:25:34.931+0800] {processor.py:208} INFO - Processing /mnt/c/Users/wu_li/OneDrive/Desktop/Airflow_pract/venv/lib/python3.9/site-packages/airflow/example_dags/example_complex.py took 0.199 seconds
[2025-04-20T20:27:29.358+0800] {processor.py:186} INFO - Started process (PID=73632) to work on /mnt/c/Users/wu_li/OneDrive/Desktop/Airflow_pract/venv/lib/python3.9/site-packages/airflow/example_dags/example_complex.py
[2025-04-20T20:27:29.361+0800] {processor.py:914} INFO - Processing file /mnt/c/Users/wu_li/OneDrive/Desktop/Airflow_pract/venv/lib/python3.9/site-packages/airflow/example_dags/example_complex.py for tasks to queue
[2025-04-20T20:27:29.366+0800] {logging_mixin.py:190} INFO - [2025-04-20T20:27:29.364+0800] {dagbag.py:588} INFO - Filling up the DagBag from /mnt/c/Users/wu_li/OneDrive/Desktop/Airflow_pract/venv/lib/python3.9/site-packages/airflow/example_dags/example_complex.py
[2025-04-20T20:27:29.477+0800] {processor.py:925} INFO - DAG(s) 'example_complex' retrieved from /mnt/c/Users/wu_li/OneDrive/Desktop/Airflow_pract/venv/lib/python3.9/site-packages/airflow/example_dags/example_complex.py
[2025-04-20T20:27:29.568+0800] {logging_mixin.py:190} INFO - [2025-04-20T20:27:29.566+0800] {dag.py:3239} INFO - Sync 1 DAGs
[2025-04-20T20:27:29.606+0800] {logging_mixin.py:190} INFO - [2025-04-20T20:27:29.604+0800] {dag.py:4180} INFO - Setting next_dagrun for example_complex to None, run_after=None
[2025-04-20T20:27:29.703+0800] {processor.py:208} INFO - Processing /mnt/c/Users/wu_li/OneDrive/Desktop/Airflow_pract/venv/lib/python3.9/site-packages/airflow/example_dags/example_complex.py took 0.364 seconds
[2025-04-20T20:37:10.073+0800] {processor.py:186} INFO - Started process (PID=77490) to work on /mnt/c/Users/wu_li/OneDrive/Desktop/Airflow_pract/venv/lib/python3.9/site-packages/airflow/example_dags/example_complex.py
[2025-04-20T20:37:10.076+0800] {processor.py:914} INFO - Processing file /mnt/c/Users/wu_li/OneDrive/Desktop/Airflow_pract/venv/lib/python3.9/site-packages/airflow/example_dags/example_complex.py for tasks to queue
[2025-04-20T20:37:10.081+0800] {logging_mixin.py:190} INFO - [2025-04-20T20:37:10.078+0800] {dagbag.py:588} INFO - Filling up the DagBag from /mnt/c/Users/wu_li/OneDrive/Desktop/Airflow_pract/venv/lib/python3.9/site-packages/airflow/example_dags/example_complex.py
[2025-04-20T20:37:10.130+0800] {processor.py:925} INFO - DAG(s) 'example_complex' retrieved from /mnt/c/Users/wu_li/OneDrive/Desktop/Airflow_pract/venv/lib/python3.9/site-packages/airflow/example_dags/example_complex.py
[2025-04-20T20:37:10.267+0800] {logging_mixin.py:190} INFO - [2025-04-20T20:37:10.263+0800] {dag.py:3239} INFO - Sync 1 DAGs
[2025-04-20T20:37:10.302+0800] {logging_mixin.py:190} INFO - [2025-04-20T20:37:10.295+0800] {dag.py:4180} INFO - Setting next_dagrun for example_complex to None, run_after=None
[2025-04-20T20:37:10.493+0800] {processor.py:208} INFO - Processing /mnt/c/Users/wu_li/OneDrive/Desktop/Airflow_pract/venv/lib/python3.9/site-packages/airflow/example_dags/example_complex.py took 0.453 seconds
[2025-04-20T20:38:42.901+0800] {processor.py:186} INFO - Started process (PID=78576) to work on /mnt/c/Users/wu_li/OneDrive/Desktop/Airflow_pract/venv/lib/python3.9/site-packages/airflow/example_dags/example_complex.py
[2025-04-20T20:38:42.902+0800] {processor.py:914} INFO - Processing file /mnt/c/Users/wu_li/OneDrive/Desktop/Airflow_pract/venv/lib/python3.9/site-packages/airflow/example_dags/example_complex.py for tasks to queue
[2025-04-20T20:38:42.906+0800] {logging_mixin.py:190} INFO - [2025-04-20T20:38:42.905+0800] {dagbag.py:588} INFO - Filling up the DagBag from /mnt/c/Users/wu_li/OneDrive/Desktop/Airflow_pract/venv/lib/python3.9/site-packages/airflow/example_dags/example_complex.py
[2025-04-20T20:38:42.928+0800] {processor.py:925} INFO - DAG(s) 'example_complex' retrieved from /mnt/c/Users/wu_li/OneDrive/Desktop/Airflow_pract/venv/lib/python3.9/site-packages/airflow/example_dags/example_complex.py
[2025-04-20T20:38:42.972+0800] {logging_mixin.py:190} INFO - [2025-04-20T20:38:42.971+0800] {dag.py:3239} INFO - Sync 1 DAGs
[2025-04-20T20:38:42.989+0800] {logging_mixin.py:190} INFO - [2025-04-20T20:38:42.988+0800] {dag.py:4180} INFO - Setting next_dagrun for example_complex to None, run_after=None
[2025-04-20T20:38:43.062+0800] {processor.py:208} INFO - Processing /mnt/c/Users/wu_li/OneDrive/Desktop/Airflow_pract/venv/lib/python3.9/site-packages/airflow/example_dags/example_complex.py took 0.177 seconds
[2025-04-20T20:40:18.407+0800] {processor.py:186} INFO - Started process (PID=79582) to work on /mnt/c/Users/wu_li/OneDrive/Desktop/Airflow_pract/venv/lib/python3.9/site-packages/airflow/example_dags/example_complex.py
[2025-04-20T20:40:18.410+0800] {processor.py:914} INFO - Processing file /mnt/c/Users/wu_li/OneDrive/Desktop/Airflow_pract/venv/lib/python3.9/site-packages/airflow/example_dags/example_complex.py for tasks to queue
[2025-04-20T20:40:18.419+0800] {logging_mixin.py:190} INFO - [2025-04-20T20:40:18.416+0800] {dagbag.py:588} INFO - Filling up the DagBag from /mnt/c/Users/wu_li/OneDrive/Desktop/Airflow_pract/venv/lib/python3.9/site-packages/airflow/example_dags/example_complex.py
[2025-04-20T20:40:18.471+0800] {processor.py:925} INFO - DAG(s) 'example_complex' retrieved from /mnt/c/Users/wu_li/OneDrive/Desktop/Airflow_pract/venv/lib/python3.9/site-packages/airflow/example_dags/example_complex.py
[2025-04-20T20:40:18.597+0800] {logging_mixin.py:190} INFO - [2025-04-20T20:40:18.596+0800] {dag.py:3239} INFO - Sync 1 DAGs
[2025-04-20T20:40:18.648+0800] {logging_mixin.py:190} INFO - [2025-04-20T20:40:18.645+0800] {dag.py:4180} INFO - Setting next_dagrun for example_complex to None, run_after=None
[2025-04-20T20:40:18.799+0800] {processor.py:208} INFO - Processing /mnt/c/Users/wu_li/OneDrive/Desktop/Airflow_pract/venv/lib/python3.9/site-packages/airflow/example_dags/example_complex.py took 0.422 seconds
[2025-04-20T20:42:15.327+0800] {processor.py:186} INFO - Started process (PID=80528) to work on /mnt/c/Users/wu_li/OneDrive/Desktop/Airflow_pract/venv/lib/python3.9/site-packages/airflow/example_dags/example_complex.py
[2025-04-20T20:42:15.330+0800] {processor.py:914} INFO - Processing file /mnt/c/Users/wu_li/OneDrive/Desktop/Airflow_pract/venv/lib/python3.9/site-packages/airflow/example_dags/example_complex.py for tasks to queue
[2025-04-20T20:42:15.341+0800] {logging_mixin.py:190} INFO - [2025-04-20T20:42:15.338+0800] {dagbag.py:588} INFO - Filling up the DagBag from /mnt/c/Users/wu_li/OneDrive/Desktop/Airflow_pract/venv/lib/python3.9/site-packages/airflow/example_dags/example_complex.py
[2025-04-20T20:42:15.398+0800] {processor.py:925} INFO - DAG(s) 'example_complex' retrieved from /mnt/c/Users/wu_li/OneDrive/Desktop/Airflow_pract/venv/lib/python3.9/site-packages/airflow/example_dags/example_complex.py
[2025-04-20T20:42:15.513+0800] {logging_mixin.py:190} INFO - [2025-04-20T20:42:15.511+0800] {dag.py:3239} INFO - Sync 1 DAGs
[2025-04-20T20:42:15.565+0800] {logging_mixin.py:190} INFO - [2025-04-20T20:42:15.563+0800] {dag.py:4180} INFO - Setting next_dagrun for example_complex to None, run_after=None
[2025-04-20T20:42:15.712+0800] {processor.py:208} INFO - Processing /mnt/c/Users/wu_li/OneDrive/Desktop/Airflow_pract/venv/lib/python3.9/site-packages/airflow/example_dags/example_complex.py took 0.409 seconds
[2025-04-20T20:43:56.356+0800] {processor.py:186} INFO - Started process (PID=81543) to work on /mnt/c/Users/wu_li/OneDrive/Desktop/Airflow_pract/venv/lib/python3.9/site-packages/airflow/example_dags/example_complex.py
[2025-04-20T20:43:56.358+0800] {processor.py:914} INFO - Processing file /mnt/c/Users/wu_li/OneDrive/Desktop/Airflow_pract/venv/lib/python3.9/site-packages/airflow/example_dags/example_complex.py for tasks to queue
[2025-04-20T20:43:56.360+0800] {logging_mixin.py:190} INFO - [2025-04-20T20:43:56.359+0800] {dagbag.py:588} INFO - Filling up the DagBag from /mnt/c/Users/wu_li/OneDrive/Desktop/Airflow_pract/venv/lib/python3.9/site-packages/airflow/example_dags/example_complex.py
[2025-04-20T20:43:56.384+0800] {processor.py:925} INFO - DAG(s) 'example_complex' retrieved from /mnt/c/Users/wu_li/OneDrive/Desktop/Airflow_pract/venv/lib/python3.9/site-packages/airflow/example_dags/example_complex.py
[2025-04-20T20:43:56.423+0800] {logging_mixin.py:190} INFO - [2025-04-20T20:43:56.422+0800] {dag.py:3239} INFO - Sync 1 DAGs
[2025-04-20T20:43:56.437+0800] {logging_mixin.py:190} INFO - [2025-04-20T20:43:56.436+0800] {dag.py:4180} INFO - Setting next_dagrun for example_complex to None, run_after=None
[2025-04-20T20:43:56.494+0800] {processor.py:208} INFO - Processing /mnt/c/Users/wu_li/OneDrive/Desktop/Airflow_pract/venv/lib/python3.9/site-packages/airflow/example_dags/example_complex.py took 0.150 seconds
[2025-04-20T20:45:38.207+0800] {processor.py:186} INFO - Started process (PID=82352) to work on /mnt/c/Users/wu_li/OneDrive/Desktop/Airflow_pract/venv/lib/python3.9/site-packages/airflow/example_dags/example_complex.py
[2025-04-20T20:45:38.209+0800] {processor.py:914} INFO - Processing file /mnt/c/Users/wu_li/OneDrive/Desktop/Airflow_pract/venv/lib/python3.9/site-packages/airflow/example_dags/example_complex.py for tasks to queue
[2025-04-20T20:45:38.211+0800] {logging_mixin.py:190} INFO - [2025-04-20T20:45:38.210+0800] {dagbag.py:588} INFO - Filling up the DagBag from /mnt/c/Users/wu_li/OneDrive/Desktop/Airflow_pract/venv/lib/python3.9/site-packages/airflow/example_dags/example_complex.py
[2025-04-20T20:45:38.255+0800] {processor.py:925} INFO - DAG(s) 'example_complex' retrieved from /mnt/c/Users/wu_li/OneDrive/Desktop/Airflow_pract/venv/lib/python3.9/site-packages/airflow/example_dags/example_complex.py
[2025-04-20T20:45:38.308+0800] {logging_mixin.py:190} INFO - [2025-04-20T20:45:38.307+0800] {dag.py:3239} INFO - Sync 1 DAGs
[2025-04-20T20:45:38.329+0800] {logging_mixin.py:190} INFO - [2025-04-20T20:45:38.327+0800] {dag.py:4180} INFO - Setting next_dagrun for example_complex to None, run_after=None
[2025-04-20T20:45:38.449+0800] {processor.py:208} INFO - Processing /mnt/c/Users/wu_li/OneDrive/Desktop/Airflow_pract/venv/lib/python3.9/site-packages/airflow/example_dags/example_complex.py took 0.258 seconds
[2025-04-20T20:47:28.043+0800] {processor.py:186} INFO - Started process (PID=83207) to work on /mnt/c/Users/wu_li/OneDrive/Desktop/Airflow_pract/venv/lib/python3.9/site-packages/airflow/example_dags/example_complex.py
[2025-04-20T20:47:28.045+0800] {processor.py:914} INFO - Processing file /mnt/c/Users/wu_li/OneDrive/Desktop/Airflow_pract/venv/lib/python3.9/site-packages/airflow/example_dags/example_complex.py for tasks to queue
[2025-04-20T20:47:28.048+0800] {logging_mixin.py:190} INFO - [2025-04-20T20:47:28.047+0800] {dagbag.py:588} INFO - Filling up the DagBag from /mnt/c/Users/wu_li/OneDrive/Desktop/Airflow_pract/venv/lib/python3.9/site-packages/airflow/example_dags/example_complex.py
[2025-04-20T20:47:28.076+0800] {processor.py:925} INFO - DAG(s) 'example_complex' retrieved from /mnt/c/Users/wu_li/OneDrive/Desktop/Airflow_pract/venv/lib/python3.9/site-packages/airflow/example_dags/example_complex.py
[2025-04-20T20:47:28.119+0800] {logging_mixin.py:190} INFO - [2025-04-20T20:47:28.118+0800] {dag.py:3239} INFO - Sync 1 DAGs
[2025-04-20T20:47:28.137+0800] {logging_mixin.py:190} INFO - [2025-04-20T20:47:28.136+0800] {dag.py:4180} INFO - Setting next_dagrun for example_complex to None, run_after=None
[2025-04-20T20:47:28.211+0800] {processor.py:208} INFO - Processing /mnt/c/Users/wu_li/OneDrive/Desktop/Airflow_pract/venv/lib/python3.9/site-packages/airflow/example_dags/example_complex.py took 0.180 seconds
[2025-04-20T20:49:12.515+0800] {processor.py:186} INFO - Started process (PID=84220) to work on /mnt/c/Users/wu_li/OneDrive/Desktop/Airflow_pract/venv/lib/python3.9/site-packages/airflow/example_dags/example_complex.py
[2025-04-20T20:49:12.517+0800] {processor.py:914} INFO - Processing file /mnt/c/Users/wu_li/OneDrive/Desktop/Airflow_pract/venv/lib/python3.9/site-packages/airflow/example_dags/example_complex.py for tasks to queue
[2025-04-20T20:49:12.520+0800] {logging_mixin.py:190} INFO - [2025-04-20T20:49:12.519+0800] {dagbag.py:588} INFO - Filling up the DagBag from /mnt/c/Users/wu_li/OneDrive/Desktop/Airflow_pract/venv/lib/python3.9/site-packages/airflow/example_dags/example_complex.py
[2025-04-20T20:49:12.556+0800] {processor.py:925} INFO - DAG(s) 'example_complex' retrieved from /mnt/c/Users/wu_li/OneDrive/Desktop/Airflow_pract/venv/lib/python3.9/site-packages/airflow/example_dags/example_complex.py
[2025-04-20T20:49:12.601+0800] {logging_mixin.py:190} INFO - [2025-04-20T20:49:12.600+0800] {dag.py:3239} INFO - Sync 1 DAGs
[2025-04-20T20:49:12.618+0800] {logging_mixin.py:190} INFO - [2025-04-20T20:49:12.616+0800] {dag.py:4180} INFO - Setting next_dagrun for example_complex to None, run_after=None
[2025-04-20T20:49:12.688+0800] {processor.py:208} INFO - Processing /mnt/c/Users/wu_li/OneDrive/Desktop/Airflow_pract/venv/lib/python3.9/site-packages/airflow/example_dags/example_complex.py took 0.187 seconds
[2025-04-20T20:51:11.224+0800] {processor.py:186} INFO - Started process (PID=85090) to work on /mnt/c/Users/wu_li/OneDrive/Desktop/Airflow_pract/venv/lib/python3.9/site-packages/airflow/example_dags/example_complex.py
[2025-04-20T20:51:11.226+0800] {processor.py:914} INFO - Processing file /mnt/c/Users/wu_li/OneDrive/Desktop/Airflow_pract/venv/lib/python3.9/site-packages/airflow/example_dags/example_complex.py for tasks to queue
[2025-04-20T20:51:11.230+0800] {logging_mixin.py:190} INFO - [2025-04-20T20:51:11.229+0800] {dagbag.py:588} INFO - Filling up the DagBag from /mnt/c/Users/wu_li/OneDrive/Desktop/Airflow_pract/venv/lib/python3.9/site-packages/airflow/example_dags/example_complex.py
[2025-04-20T20:51:11.257+0800] {processor.py:925} INFO - DAG(s) 'example_complex' retrieved from /mnt/c/Users/wu_li/OneDrive/Desktop/Airflow_pract/venv/lib/python3.9/site-packages/airflow/example_dags/example_complex.py
[2025-04-20T20:51:11.302+0800] {logging_mixin.py:190} INFO - [2025-04-20T20:51:11.301+0800] {dag.py:3239} INFO - Sync 1 DAGs
[2025-04-20T20:51:11.317+0800] {logging_mixin.py:190} INFO - [2025-04-20T20:51:11.316+0800] {dag.py:4180} INFO - Setting next_dagrun for example_complex to None, run_after=None
[2025-04-20T20:51:11.382+0800] {processor.py:208} INFO - Processing /mnt/c/Users/wu_li/OneDrive/Desktop/Airflow_pract/venv/lib/python3.9/site-packages/airflow/example_dags/example_complex.py took 0.169 seconds
[2025-04-20T20:53:03.171+0800] {processor.py:186} INFO - Started process (PID=86067) to work on /mnt/c/Users/wu_li/OneDrive/Desktop/Airflow_pract/venv/lib/python3.9/site-packages/airflow/example_dags/example_complex.py
[2025-04-20T20:53:03.173+0800] {processor.py:914} INFO - Processing file /mnt/c/Users/wu_li/OneDrive/Desktop/Airflow_pract/venv/lib/python3.9/site-packages/airflow/example_dags/example_complex.py for tasks to queue
[2025-04-20T20:53:03.176+0800] {logging_mixin.py:190} INFO - [2025-04-20T20:53:03.174+0800] {dagbag.py:588} INFO - Filling up the DagBag from /mnt/c/Users/wu_li/OneDrive/Desktop/Airflow_pract/venv/lib/python3.9/site-packages/airflow/example_dags/example_complex.py
[2025-04-20T20:53:03.205+0800] {processor.py:925} INFO - DAG(s) 'example_complex' retrieved from /mnt/c/Users/wu_li/OneDrive/Desktop/Airflow_pract/venv/lib/python3.9/site-packages/airflow/example_dags/example_complex.py
[2025-04-20T20:53:03.242+0800] {logging_mixin.py:190} INFO - [2025-04-20T20:53:03.241+0800] {dag.py:3239} INFO - Sync 1 DAGs
[2025-04-20T20:53:03.257+0800] {logging_mixin.py:190} INFO - [2025-04-20T20:53:03.256+0800] {dag.py:4180} INFO - Setting next_dagrun for example_complex to None, run_after=None
[2025-04-20T20:53:03.316+0800] {processor.py:208} INFO - Processing /mnt/c/Users/wu_li/OneDrive/Desktop/Airflow_pract/venv/lib/python3.9/site-packages/airflow/example_dags/example_complex.py took 0.157 seconds
[2025-04-20T20:54:31.520+0800] {processor.py:186} INFO - Started process (PID=87040) to work on /mnt/c/Users/wu_li/OneDrive/Desktop/Airflow_pract/venv/lib/python3.9/site-packages/airflow/example_dags/example_complex.py
[2025-04-20T20:54:31.521+0800] {processor.py:914} INFO - Processing file /mnt/c/Users/wu_li/OneDrive/Desktop/Airflow_pract/venv/lib/python3.9/site-packages/airflow/example_dags/example_complex.py for tasks to queue
[2025-04-20T20:54:31.527+0800] {logging_mixin.py:190} INFO - [2025-04-20T20:54:31.523+0800] {dagbag.py:588} INFO - Filling up the DagBag from /mnt/c/Users/wu_li/OneDrive/Desktop/Airflow_pract/venv/lib/python3.9/site-packages/airflow/example_dags/example_complex.py
[2025-04-20T20:54:31.555+0800] {processor.py:925} INFO - DAG(s) 'example_complex' retrieved from /mnt/c/Users/wu_li/OneDrive/Desktop/Airflow_pract/venv/lib/python3.9/site-packages/airflow/example_dags/example_complex.py
[2025-04-20T20:54:31.615+0800] {logging_mixin.py:190} INFO - [2025-04-20T20:54:31.614+0800] {dag.py:3239} INFO - Sync 1 DAGs
[2025-04-20T20:54:31.646+0800] {logging_mixin.py:190} INFO - [2025-04-20T20:54:31.644+0800] {dag.py:4180} INFO - Setting next_dagrun for example_complex to None, run_after=None
[2025-04-20T20:54:31.716+0800] {processor.py:208} INFO - Processing /mnt/c/Users/wu_li/OneDrive/Desktop/Airflow_pract/venv/lib/python3.9/site-packages/airflow/example_dags/example_complex.py took 0.212 seconds
[2025-04-20T20:56:01.645+0800] {processor.py:186} INFO - Started process (PID=87974) to work on /mnt/c/Users/wu_li/OneDrive/Desktop/Airflow_pract/venv/lib/python3.9/site-packages/airflow/example_dags/example_complex.py
[2025-04-20T20:56:01.647+0800] {processor.py:914} INFO - Processing file /mnt/c/Users/wu_li/OneDrive/Desktop/Airflow_pract/venv/lib/python3.9/site-packages/airflow/example_dags/example_complex.py for tasks to queue
[2025-04-20T20:56:01.650+0800] {logging_mixin.py:190} INFO - [2025-04-20T20:56:01.649+0800] {dagbag.py:588} INFO - Filling up the DagBag from /mnt/c/Users/wu_li/OneDrive/Desktop/Airflow_pract/venv/lib/python3.9/site-packages/airflow/example_dags/example_complex.py
[2025-04-20T20:56:01.684+0800] {processor.py:925} INFO - DAG(s) 'example_complex' retrieved from /mnt/c/Users/wu_li/OneDrive/Desktop/Airflow_pract/venv/lib/python3.9/site-packages/airflow/example_dags/example_complex.py
[2025-04-20T20:56:01.768+0800] {logging_mixin.py:190} INFO - [2025-04-20T20:56:01.766+0800] {dag.py:3239} INFO - Sync 1 DAGs
[2025-04-20T20:56:01.792+0800] {logging_mixin.py:190} INFO - [2025-04-20T20:56:01.790+0800] {dag.py:4180} INFO - Setting next_dagrun for example_complex to None, run_after=None
[2025-04-20T20:56:01.859+0800] {processor.py:208} INFO - Processing /mnt/c/Users/wu_li/OneDrive/Desktop/Airflow_pract/venv/lib/python3.9/site-packages/airflow/example_dags/example_complex.py took 0.242 seconds
[2025-04-20T20:57:31.755+0800] {processor.py:186} INFO - Started process (PID=89053) to work on /mnt/c/Users/wu_li/OneDrive/Desktop/Airflow_pract/venv/lib/python3.9/site-packages/airflow/example_dags/example_complex.py
[2025-04-20T20:57:31.758+0800] {processor.py:914} INFO - Processing file /mnt/c/Users/wu_li/OneDrive/Desktop/Airflow_pract/venv/lib/python3.9/site-packages/airflow/example_dags/example_complex.py for tasks to queue
[2025-04-20T20:57:31.761+0800] {logging_mixin.py:190} INFO - [2025-04-20T20:57:31.760+0800] {dagbag.py:588} INFO - Filling up the DagBag from /mnt/c/Users/wu_li/OneDrive/Desktop/Airflow_pract/venv/lib/python3.9/site-packages/airflow/example_dags/example_complex.py
[2025-04-20T20:57:31.787+0800] {processor.py:925} INFO - DAG(s) 'example_complex' retrieved from /mnt/c/Users/wu_li/OneDrive/Desktop/Airflow_pract/venv/lib/python3.9/site-packages/airflow/example_dags/example_complex.py
[2025-04-20T20:57:31.895+0800] {logging_mixin.py:190} INFO - [2025-04-20T20:57:31.894+0800] {dag.py:3239} INFO - Sync 1 DAGs
[2025-04-20T20:57:31.931+0800] {logging_mixin.py:190} INFO - [2025-04-20T20:57:31.930+0800] {dag.py:4180} INFO - Setting next_dagrun for example_complex to None, run_after=None
[2025-04-20T20:57:32.069+0800] {processor.py:208} INFO - Processing /mnt/c/Users/wu_li/OneDrive/Desktop/Airflow_pract/venv/lib/python3.9/site-packages/airflow/example_dags/example_complex.py took 0.332 seconds
[2025-04-20T20:59:00.892+0800] {processor.py:186} INFO - Started process (PID=90063) to work on /mnt/c/Users/wu_li/OneDrive/Desktop/Airflow_pract/venv/lib/python3.9/site-packages/airflow/example_dags/example_complex.py
[2025-04-20T20:59:00.895+0800] {processor.py:914} INFO - Processing file /mnt/c/Users/wu_li/OneDrive/Desktop/Airflow_pract/venv/lib/python3.9/site-packages/airflow/example_dags/example_complex.py for tasks to queue
[2025-04-20T20:59:00.899+0800] {logging_mixin.py:190} INFO - [2025-04-20T20:59:00.898+0800] {dagbag.py:588} INFO - Filling up the DagBag from /mnt/c/Users/wu_li/OneDrive/Desktop/Airflow_pract/venv/lib/python3.9/site-packages/airflow/example_dags/example_complex.py
[2025-04-20T20:59:00.938+0800] {processor.py:925} INFO - DAG(s) 'example_complex' retrieved from /mnt/c/Users/wu_li/OneDrive/Desktop/Airflow_pract/venv/lib/python3.9/site-packages/airflow/example_dags/example_complex.py
[2025-04-20T20:59:01.047+0800] {logging_mixin.py:190} INFO - [2025-04-20T20:59:01.046+0800] {dag.py:3239} INFO - Sync 1 DAGs
[2025-04-20T20:59:01.090+0800] {logging_mixin.py:190} INFO - [2025-04-20T20:59:01.087+0800] {dag.py:4180} INFO - Setting next_dagrun for example_complex to None, run_after=None
[2025-04-20T20:59:01.190+0800] {processor.py:208} INFO - Processing /mnt/c/Users/wu_li/OneDrive/Desktop/Airflow_pract/venv/lib/python3.9/site-packages/airflow/example_dags/example_complex.py took 0.315 seconds
[2025-04-20T21:00:26.617+0800] {processor.py:186} INFO - Started process (PID=91067) to work on /mnt/c/Users/wu_li/OneDrive/Desktop/Airflow_pract/venv/lib/python3.9/site-packages/airflow/example_dags/example_complex.py
[2025-04-20T21:00:26.620+0800] {processor.py:914} INFO - Processing file /mnt/c/Users/wu_li/OneDrive/Desktop/Airflow_pract/venv/lib/python3.9/site-packages/airflow/example_dags/example_complex.py for tasks to queue
[2025-04-20T21:00:26.624+0800] {logging_mixin.py:190} INFO - [2025-04-20T21:00:26.623+0800] {dagbag.py:588} INFO - Filling up the DagBag from /mnt/c/Users/wu_li/OneDrive/Desktop/Airflow_pract/venv/lib/python3.9/site-packages/airflow/example_dags/example_complex.py
[2025-04-20T21:00:26.666+0800] {processor.py:925} INFO - DAG(s) 'example_complex' retrieved from /mnt/c/Users/wu_li/OneDrive/Desktop/Airflow_pract/venv/lib/python3.9/site-packages/airflow/example_dags/example_complex.py
[2025-04-20T21:00:26.771+0800] {logging_mixin.py:190} INFO - [2025-04-20T21:00:26.769+0800] {dag.py:3239} INFO - Sync 1 DAGs
[2025-04-20T21:00:26.830+0800] {logging_mixin.py:190} INFO - [2025-04-20T21:00:26.828+0800] {dag.py:4180} INFO - Setting next_dagrun for example_complex to None, run_after=None
[2025-04-20T21:00:26.931+0800] {processor.py:208} INFO - Processing /mnt/c/Users/wu_li/OneDrive/Desktop/Airflow_pract/venv/lib/python3.9/site-packages/airflow/example_dags/example_complex.py took 0.334 seconds
[2025-04-20T21:02:01.187+0800] {processor.py:186} INFO - Started process (PID=92078) to work on /mnt/c/Users/wu_li/OneDrive/Desktop/Airflow_pract/venv/lib/python3.9/site-packages/airflow/example_dags/example_complex.py
[2025-04-20T21:02:01.190+0800] {processor.py:914} INFO - Processing file /mnt/c/Users/wu_li/OneDrive/Desktop/Airflow_pract/venv/lib/python3.9/site-packages/airflow/example_dags/example_complex.py for tasks to queue
[2025-04-20T21:02:01.193+0800] {logging_mixin.py:190} INFO - [2025-04-20T21:02:01.192+0800] {dagbag.py:588} INFO - Filling up the DagBag from /mnt/c/Users/wu_li/OneDrive/Desktop/Airflow_pract/venv/lib/python3.9/site-packages/airflow/example_dags/example_complex.py
[2025-04-20T21:02:01.258+0800] {processor.py:925} INFO - DAG(s) 'example_complex' retrieved from /mnt/c/Users/wu_li/OneDrive/Desktop/Airflow_pract/venv/lib/python3.9/site-packages/airflow/example_dags/example_complex.py
[2025-04-20T21:02:01.361+0800] {logging_mixin.py:190} INFO - [2025-04-20T21:02:01.360+0800] {dag.py:3239} INFO - Sync 1 DAGs
[2025-04-20T21:02:01.401+0800] {logging_mixin.py:190} INFO - [2025-04-20T21:02:01.397+0800] {dag.py:4180} INFO - Setting next_dagrun for example_complex to None, run_after=None
[2025-04-20T21:02:01.505+0800] {processor.py:208} INFO - Processing /mnt/c/Users/wu_li/OneDrive/Desktop/Airflow_pract/venv/lib/python3.9/site-packages/airflow/example_dags/example_complex.py took 0.338 seconds
[2025-04-20T21:03:25.936+0800] {processor.py:186} INFO - Started process (PID=93087) to work on /mnt/c/Users/wu_li/OneDrive/Desktop/Airflow_pract/venv/lib/python3.9/site-packages/airflow/example_dags/example_complex.py
[2025-04-20T21:03:25.938+0800] {processor.py:914} INFO - Processing file /mnt/c/Users/wu_li/OneDrive/Desktop/Airflow_pract/venv/lib/python3.9/site-packages/airflow/example_dags/example_complex.py for tasks to queue
[2025-04-20T21:03:25.941+0800] {logging_mixin.py:190} INFO - [2025-04-20T21:03:25.940+0800] {dagbag.py:588} INFO - Filling up the DagBag from /mnt/c/Users/wu_li/OneDrive/Desktop/Airflow_pract/venv/lib/python3.9/site-packages/airflow/example_dags/example_complex.py
[2025-04-20T21:03:25.963+0800] {processor.py:925} INFO - DAG(s) 'example_complex' retrieved from /mnt/c/Users/wu_li/OneDrive/Desktop/Airflow_pract/venv/lib/python3.9/site-packages/airflow/example_dags/example_complex.py
[2025-04-20T21:03:25.999+0800] {logging_mixin.py:190} INFO - [2025-04-20T21:03:25.998+0800] {dag.py:3239} INFO - Sync 1 DAGs
[2025-04-20T21:03:26.011+0800] {logging_mixin.py:190} INFO - [2025-04-20T21:03:26.010+0800] {dag.py:4180} INFO - Setting next_dagrun for example_complex to None, run_after=None
[2025-04-20T21:03:26.064+0800] {processor.py:208} INFO - Processing /mnt/c/Users/wu_li/OneDrive/Desktop/Airflow_pract/venv/lib/python3.9/site-packages/airflow/example_dags/example_complex.py took 0.138 seconds
[2025-04-20T21:04:55.949+0800] {processor.py:186} INFO - Started process (PID=94163) to work on /mnt/c/Users/wu_li/OneDrive/Desktop/Airflow_pract/venv/lib/python3.9/site-packages/airflow/example_dags/example_complex.py
[2025-04-20T21:04:55.951+0800] {processor.py:914} INFO - Processing file /mnt/c/Users/wu_li/OneDrive/Desktop/Airflow_pract/venv/lib/python3.9/site-packages/airflow/example_dags/example_complex.py for tasks to queue
[2025-04-20T21:04:55.954+0800] {logging_mixin.py:190} INFO - [2025-04-20T21:04:55.953+0800] {dagbag.py:588} INFO - Filling up the DagBag from /mnt/c/Users/wu_li/OneDrive/Desktop/Airflow_pract/venv/lib/python3.9/site-packages/airflow/example_dags/example_complex.py
[2025-04-20T21:04:55.983+0800] {processor.py:925} INFO - DAG(s) 'example_complex' retrieved from /mnt/c/Users/wu_li/OneDrive/Desktop/Airflow_pract/venv/lib/python3.9/site-packages/airflow/example_dags/example_complex.py
[2025-04-20T21:04:56.022+0800] {logging_mixin.py:190} INFO - [2025-04-20T21:04:56.021+0800] {dag.py:3239} INFO - Sync 1 DAGs
[2025-04-20T21:04:56.036+0800] {logging_mixin.py:190} INFO - [2025-04-20T21:04:56.035+0800] {dag.py:4180} INFO - Setting next_dagrun for example_complex to None, run_after=None
[2025-04-20T21:04:56.094+0800] {processor.py:208} INFO - Processing /mnt/c/Users/wu_li/OneDrive/Desktop/Airflow_pract/venv/lib/python3.9/site-packages/airflow/example_dags/example_complex.py took 0.158 seconds
[2025-04-20T21:06:27.800+0800] {processor.py:186} INFO - Started process (PID=95246) to work on /mnt/c/Users/wu_li/OneDrive/Desktop/Airflow_pract/venv/lib/python3.9/site-packages/airflow/example_dags/example_complex.py
[2025-04-20T21:06:27.802+0800] {processor.py:914} INFO - Processing file /mnt/c/Users/wu_li/OneDrive/Desktop/Airflow_pract/venv/lib/python3.9/site-packages/airflow/example_dags/example_complex.py for tasks to queue
[2025-04-20T21:06:27.804+0800] {logging_mixin.py:190} INFO - [2025-04-20T21:06:27.803+0800] {dagbag.py:588} INFO - Filling up the DagBag from /mnt/c/Users/wu_li/OneDrive/Desktop/Airflow_pract/venv/lib/python3.9/site-packages/airflow/example_dags/example_complex.py
[2025-04-20T21:06:27.826+0800] {processor.py:925} INFO - DAG(s) 'example_complex' retrieved from /mnt/c/Users/wu_li/OneDrive/Desktop/Airflow_pract/venv/lib/python3.9/site-packages/airflow/example_dags/example_complex.py
[2025-04-20T21:06:27.861+0800] {logging_mixin.py:190} INFO - [2025-04-20T21:06:27.860+0800] {dag.py:3239} INFO - Sync 1 DAGs
[2025-04-20T21:06:27.874+0800] {logging_mixin.py:190} INFO - [2025-04-20T21:06:27.873+0800] {dag.py:4180} INFO - Setting next_dagrun for example_complex to None, run_after=None
[2025-04-20T21:06:27.927+0800] {processor.py:208} INFO - Processing /mnt/c/Users/wu_li/OneDrive/Desktop/Airflow_pract/venv/lib/python3.9/site-packages/airflow/example_dags/example_complex.py took 0.137 seconds
[2025-04-20T21:07:59.821+0800] {processor.py:186} INFO - Started process (PID=96397) to work on /mnt/c/Users/wu_li/OneDrive/Desktop/Airflow_pract/venv/lib/python3.9/site-packages/airflow/example_dags/example_complex.py
[2025-04-20T21:07:59.824+0800] {processor.py:914} INFO - Processing file /mnt/c/Users/wu_li/OneDrive/Desktop/Airflow_pract/venv/lib/python3.9/site-packages/airflow/example_dags/example_complex.py for tasks to queue
[2025-04-20T21:07:59.827+0800] {logging_mixin.py:190} INFO - [2025-04-20T21:07:59.826+0800] {dagbag.py:588} INFO - Filling up the DagBag from /mnt/c/Users/wu_li/OneDrive/Desktop/Airflow_pract/venv/lib/python3.9/site-packages/airflow/example_dags/example_complex.py
[2025-04-20T21:07:59.867+0800] {processor.py:925} INFO - DAG(s) 'example_complex' retrieved from /mnt/c/Users/wu_li/OneDrive/Desktop/Airflow_pract/venv/lib/python3.9/site-packages/airflow/example_dags/example_complex.py
[2025-04-20T21:07:59.966+0800] {logging_mixin.py:190} INFO - [2025-04-20T21:07:59.965+0800] {dag.py:3239} INFO - Sync 1 DAGs
[2025-04-20T21:08:00.012+0800] {logging_mixin.py:190} INFO - [2025-04-20T21:08:00.010+0800] {dag.py:4180} INFO - Setting next_dagrun for example_complex to None, run_after=None
[2025-04-20T21:08:00.109+0800] {processor.py:208} INFO - Processing /mnt/c/Users/wu_li/OneDrive/Desktop/Airflow_pract/venv/lib/python3.9/site-packages/airflow/example_dags/example_complex.py took 0.307 seconds
[2025-04-20T21:09:29.134+0800] {processor.py:186} INFO - Started process (PID=97476) to work on /mnt/c/Users/wu_li/OneDrive/Desktop/Airflow_pract/venv/lib/python3.9/site-packages/airflow/example_dags/example_complex.py
[2025-04-20T21:09:29.137+0800] {processor.py:914} INFO - Processing file /mnt/c/Users/wu_li/OneDrive/Desktop/Airflow_pract/venv/lib/python3.9/site-packages/airflow/example_dags/example_complex.py for tasks to queue
[2025-04-20T21:09:29.141+0800] {logging_mixin.py:190} INFO - [2025-04-20T21:09:29.139+0800] {dagbag.py:588} INFO - Filling up the DagBag from /mnt/c/Users/wu_li/OneDrive/Desktop/Airflow_pract/venv/lib/python3.9/site-packages/airflow/example_dags/example_complex.py
[2025-04-20T21:09:29.187+0800] {processor.py:925} INFO - DAG(s) 'example_complex' retrieved from /mnt/c/Users/wu_li/OneDrive/Desktop/Airflow_pract/venv/lib/python3.9/site-packages/airflow/example_dags/example_complex.py
[2025-04-20T21:09:29.294+0800] {logging_mixin.py:190} INFO - [2025-04-20T21:09:29.292+0800] {dag.py:3239} INFO - Sync 1 DAGs
[2025-04-20T21:09:29.348+0800] {logging_mixin.py:190} INFO - [2025-04-20T21:09:29.340+0800] {dag.py:4180} INFO - Setting next_dagrun for example_complex to None, run_after=None
[2025-04-20T21:09:29.461+0800] {processor.py:208} INFO - Processing /mnt/c/Users/wu_li/OneDrive/Desktop/Airflow_pract/venv/lib/python3.9/site-packages/airflow/example_dags/example_complex.py took 0.347 seconds
[2025-04-20T21:10:59.632+0800] {processor.py:186} INFO - Started process (PID=98557) to work on /mnt/c/Users/wu_li/OneDrive/Desktop/Airflow_pract/venv/lib/python3.9/site-packages/airflow/example_dags/example_complex.py
[2025-04-20T21:10:59.634+0800] {processor.py:914} INFO - Processing file /mnt/c/Users/wu_li/OneDrive/Desktop/Airflow_pract/venv/lib/python3.9/site-packages/airflow/example_dags/example_complex.py for tasks to queue
[2025-04-20T21:10:59.636+0800] {logging_mixin.py:190} INFO - [2025-04-20T21:10:59.635+0800] {dagbag.py:588} INFO - Filling up the DagBag from /mnt/c/Users/wu_li/OneDrive/Desktop/Airflow_pract/venv/lib/python3.9/site-packages/airflow/example_dags/example_complex.py
[2025-04-20T21:10:59.684+0800] {processor.py:925} INFO - DAG(s) 'example_complex' retrieved from /mnt/c/Users/wu_li/OneDrive/Desktop/Airflow_pract/venv/lib/python3.9/site-packages/airflow/example_dags/example_complex.py
[2025-04-20T21:10:59.817+0800] {logging_mixin.py:190} INFO - [2025-04-20T21:10:59.815+0800] {dag.py:3239} INFO - Sync 1 DAGs
[2025-04-20T21:10:59.850+0800] {logging_mixin.py:190} INFO - [2025-04-20T21:10:59.843+0800] {dag.py:4180} INFO - Setting next_dagrun for example_complex to None, run_after=None
[2025-04-20T21:10:59.972+0800] {processor.py:208} INFO - Processing /mnt/c/Users/wu_li/OneDrive/Desktop/Airflow_pract/venv/lib/python3.9/site-packages/airflow/example_dags/example_complex.py took 0.350 seconds
[2025-04-20T21:12:34.625+0800] {processor.py:186} INFO - Started process (PID=99643) to work on /mnt/c/Users/wu_li/OneDrive/Desktop/Airflow_pract/venv/lib/python3.9/site-packages/airflow/example_dags/example_complex.py
[2025-04-20T21:12:34.626+0800] {processor.py:914} INFO - Processing file /mnt/c/Users/wu_li/OneDrive/Desktop/Airflow_pract/venv/lib/python3.9/site-packages/airflow/example_dags/example_complex.py for tasks to queue
[2025-04-20T21:12:34.629+0800] {logging_mixin.py:190} INFO - [2025-04-20T21:12:34.628+0800] {dagbag.py:588} INFO - Filling up the DagBag from /mnt/c/Users/wu_li/OneDrive/Desktop/Airflow_pract/venv/lib/python3.9/site-packages/airflow/example_dags/example_complex.py
[2025-04-20T21:12:34.653+0800] {processor.py:925} INFO - DAG(s) 'example_complex' retrieved from /mnt/c/Users/wu_li/OneDrive/Desktop/Airflow_pract/venv/lib/python3.9/site-packages/airflow/example_dags/example_complex.py
[2025-04-20T21:12:34.688+0800] {logging_mixin.py:190} INFO - [2025-04-20T21:12:34.687+0800] {dag.py:3239} INFO - Sync 1 DAGs
[2025-04-20T21:12:34.704+0800] {logging_mixin.py:190} INFO - [2025-04-20T21:12:34.703+0800] {dag.py:4180} INFO - Setting next_dagrun for example_complex to None, run_after=None
[2025-04-20T21:12:34.758+0800] {processor.py:208} INFO - Processing /mnt/c/Users/wu_li/OneDrive/Desktop/Airflow_pract/venv/lib/python3.9/site-packages/airflow/example_dags/example_complex.py took 0.144 seconds
[2025-04-20T21:14:02.568+0800] {processor.py:186} INFO - Started process (PID=100646) to work on /mnt/c/Users/wu_li/OneDrive/Desktop/Airflow_pract/venv/lib/python3.9/site-packages/airflow/example_dags/example_complex.py
[2025-04-20T21:14:02.570+0800] {processor.py:914} INFO - Processing file /mnt/c/Users/wu_li/OneDrive/Desktop/Airflow_pract/venv/lib/python3.9/site-packages/airflow/example_dags/example_complex.py for tasks to queue
[2025-04-20T21:14:02.573+0800] {logging_mixin.py:190} INFO - [2025-04-20T21:14:02.572+0800] {dagbag.py:588} INFO - Filling up the DagBag from /mnt/c/Users/wu_li/OneDrive/Desktop/Airflow_pract/venv/lib/python3.9/site-packages/airflow/example_dags/example_complex.py
[2025-04-20T21:14:02.603+0800] {processor.py:925} INFO - DAG(s) 'example_complex' retrieved from /mnt/c/Users/wu_li/OneDrive/Desktop/Airflow_pract/venv/lib/python3.9/site-packages/airflow/example_dags/example_complex.py
[2025-04-20T21:14:02.652+0800] {logging_mixin.py:190} INFO - [2025-04-20T21:14:02.651+0800] {dag.py:3239} INFO - Sync 1 DAGs
[2025-04-20T21:14:02.670+0800] {logging_mixin.py:190} INFO - [2025-04-20T21:14:02.669+0800] {dag.py:4180} INFO - Setting next_dagrun for example_complex to None, run_after=None
[2025-04-20T21:14:02.736+0800] {processor.py:208} INFO - Processing /mnt/c/Users/wu_li/OneDrive/Desktop/Airflow_pract/venv/lib/python3.9/site-packages/airflow/example_dags/example_complex.py took 0.179 seconds
[2025-04-20T21:15:33.406+0800] {processor.py:186} INFO - Started process (PID=101725) to work on /mnt/c/Users/wu_li/OneDrive/Desktop/Airflow_pract/venv/lib/python3.9/site-packages/airflow/example_dags/example_complex.py
[2025-04-20T21:15:33.411+0800] {processor.py:914} INFO - Processing file /mnt/c/Users/wu_li/OneDrive/Desktop/Airflow_pract/venv/lib/python3.9/site-packages/airflow/example_dags/example_complex.py for tasks to queue
[2025-04-20T21:15:33.414+0800] {logging_mixin.py:190} INFO - [2025-04-20T21:15:33.413+0800] {dagbag.py:588} INFO - Filling up the DagBag from /mnt/c/Users/wu_li/OneDrive/Desktop/Airflow_pract/venv/lib/python3.9/site-packages/airflow/example_dags/example_complex.py
[2025-04-20T21:15:33.487+0800] {processor.py:925} INFO - DAG(s) 'example_complex' retrieved from /mnt/c/Users/wu_li/OneDrive/Desktop/Airflow_pract/venv/lib/python3.9/site-packages/airflow/example_dags/example_complex.py
[2025-04-20T21:15:33.601+0800] {logging_mixin.py:190} INFO - [2025-04-20T21:15:33.597+0800] {dag.py:3239} INFO - Sync 1 DAGs
[2025-04-20T21:15:33.641+0800] {logging_mixin.py:190} INFO - [2025-04-20T21:15:33.638+0800] {dag.py:4180} INFO - Setting next_dagrun for example_complex to None, run_after=None
[2025-04-20T21:15:33.742+0800] {processor.py:208} INFO - Processing /mnt/c/Users/wu_li/OneDrive/Desktop/Airflow_pract/venv/lib/python3.9/site-packages/airflow/example_dags/example_complex.py took 0.360 seconds
[2025-04-20T21:17:03.645+0800] {processor.py:186} INFO - Started process (PID=102739) to work on /mnt/c/Users/wu_li/OneDrive/Desktop/Airflow_pract/venv/lib/python3.9/site-packages/airflow/example_dags/example_complex.py
[2025-04-20T21:17:03.646+0800] {processor.py:914} INFO - Processing file /mnt/c/Users/wu_li/OneDrive/Desktop/Airflow_pract/venv/lib/python3.9/site-packages/airflow/example_dags/example_complex.py for tasks to queue
[2025-04-20T21:17:03.648+0800] {logging_mixin.py:190} INFO - [2025-04-20T21:17:03.647+0800] {dagbag.py:588} INFO - Filling up the DagBag from /mnt/c/Users/wu_li/OneDrive/Desktop/Airflow_pract/venv/lib/python3.9/site-packages/airflow/example_dags/example_complex.py
[2025-04-20T21:17:03.673+0800] {processor.py:925} INFO - DAG(s) 'example_complex' retrieved from /mnt/c/Users/wu_li/OneDrive/Desktop/Airflow_pract/venv/lib/python3.9/site-packages/airflow/example_dags/example_complex.py
[2025-04-20T21:17:03.710+0800] {logging_mixin.py:190} INFO - [2025-04-20T21:17:03.710+0800] {dag.py:3239} INFO - Sync 1 DAGs
[2025-04-20T21:17:03.725+0800] {logging_mixin.py:190} INFO - [2025-04-20T21:17:03.724+0800] {dag.py:4180} INFO - Setting next_dagrun for example_complex to None, run_after=None
[2025-04-20T21:17:03.782+0800] {processor.py:208} INFO - Processing /mnt/c/Users/wu_li/OneDrive/Desktop/Airflow_pract/venv/lib/python3.9/site-packages/airflow/example_dags/example_complex.py took 0.149 seconds
[2025-04-20T21:18:29.334+0800] {processor.py:186} INFO - Started process (PID=103746) to work on /mnt/c/Users/wu_li/OneDrive/Desktop/Airflow_pract/venv/lib/python3.9/site-packages/airflow/example_dags/example_complex.py
[2025-04-20T21:18:29.336+0800] {processor.py:914} INFO - Processing file /mnt/c/Users/wu_li/OneDrive/Desktop/Airflow_pract/venv/lib/python3.9/site-packages/airflow/example_dags/example_complex.py for tasks to queue
[2025-04-20T21:18:29.338+0800] {logging_mixin.py:190} INFO - [2025-04-20T21:18:29.337+0800] {dagbag.py:588} INFO - Filling up the DagBag from /mnt/c/Users/wu_li/OneDrive/Desktop/Airflow_pract/venv/lib/python3.9/site-packages/airflow/example_dags/example_complex.py
[2025-04-20T21:18:29.362+0800] {processor.py:925} INFO - DAG(s) 'example_complex' retrieved from /mnt/c/Users/wu_li/OneDrive/Desktop/Airflow_pract/venv/lib/python3.9/site-packages/airflow/example_dags/example_complex.py
[2025-04-20T21:18:29.399+0800] {logging_mixin.py:190} INFO - [2025-04-20T21:18:29.398+0800] {dag.py:3239} INFO - Sync 1 DAGs
[2025-04-20T21:18:29.413+0800] {logging_mixin.py:190} INFO - [2025-04-20T21:18:29.412+0800] {dag.py:4180} INFO - Setting next_dagrun for example_complex to None, run_after=None
[2025-04-20T21:18:29.474+0800] {processor.py:208} INFO - Processing /mnt/c/Users/wu_li/OneDrive/Desktop/Airflow_pract/venv/lib/python3.9/site-packages/airflow/example_dags/example_complex.py took 0.152 seconds
[2025-04-20T21:19:57.637+0800] {processor.py:186} INFO - Started process (PID=104822) to work on /mnt/c/Users/wu_li/OneDrive/Desktop/Airflow_pract/venv/lib/python3.9/site-packages/airflow/example_dags/example_complex.py
[2025-04-20T21:19:57.645+0800] {processor.py:914} INFO - Processing file /mnt/c/Users/wu_li/OneDrive/Desktop/Airflow_pract/venv/lib/python3.9/site-packages/airflow/example_dags/example_complex.py for tasks to queue
[2025-04-20T21:19:57.649+0800] {logging_mixin.py:190} INFO - [2025-04-20T21:19:57.648+0800] {dagbag.py:588} INFO - Filling up the DagBag from /mnt/c/Users/wu_li/OneDrive/Desktop/Airflow_pract/venv/lib/python3.9/site-packages/airflow/example_dags/example_complex.py
[2025-04-20T21:19:57.695+0800] {processor.py:925} INFO - DAG(s) 'example_complex' retrieved from /mnt/c/Users/wu_li/OneDrive/Desktop/Airflow_pract/venv/lib/python3.9/site-packages/airflow/example_dags/example_complex.py
[2025-04-20T21:19:57.801+0800] {logging_mixin.py:190} INFO - [2025-04-20T21:19:57.800+0800] {dag.py:3239} INFO - Sync 1 DAGs
[2025-04-20T21:19:57.845+0800] {logging_mixin.py:190} INFO - [2025-04-20T21:19:57.842+0800] {dag.py:4180} INFO - Setting next_dagrun for example_complex to None, run_after=None
[2025-04-20T21:19:57.957+0800] {processor.py:208} INFO - Processing /mnt/c/Users/wu_li/OneDrive/Desktop/Airflow_pract/venv/lib/python3.9/site-packages/airflow/example_dags/example_complex.py took 0.343 seconds
[2025-04-20T21:21:30.105+0800] {processor.py:186} INFO - Started process (PID=105901) to work on /mnt/c/Users/wu_li/OneDrive/Desktop/Airflow_pract/venv/lib/python3.9/site-packages/airflow/example_dags/example_complex.py
[2025-04-20T21:21:30.107+0800] {processor.py:914} INFO - Processing file /mnt/c/Users/wu_li/OneDrive/Desktop/Airflow_pract/venv/lib/python3.9/site-packages/airflow/example_dags/example_complex.py for tasks to queue
[2025-04-20T21:21:30.112+0800] {logging_mixin.py:190} INFO - [2025-04-20T21:21:30.110+0800] {dagbag.py:588} INFO - Filling up the DagBag from /mnt/c/Users/wu_li/OneDrive/Desktop/Airflow_pract/venv/lib/python3.9/site-packages/airflow/example_dags/example_complex.py
[2025-04-20T21:21:30.153+0800] {processor.py:925} INFO - DAG(s) 'example_complex' retrieved from /mnt/c/Users/wu_li/OneDrive/Desktop/Airflow_pract/venv/lib/python3.9/site-packages/airflow/example_dags/example_complex.py
[2025-04-20T21:21:30.253+0800] {logging_mixin.py:190} INFO - [2025-04-20T21:21:30.252+0800] {dag.py:3239} INFO - Sync 1 DAGs
[2025-04-20T21:21:30.294+0800] {logging_mixin.py:190} INFO - [2025-04-20T21:21:30.291+0800] {dag.py:4180} INFO - Setting next_dagrun for example_complex to None, run_after=None
[2025-04-20T21:21:30.391+0800] {processor.py:208} INFO - Processing /mnt/c/Users/wu_li/OneDrive/Desktop/Airflow_pract/venv/lib/python3.9/site-packages/airflow/example_dags/example_complex.py took 0.306 seconds
[2025-04-20T21:23:03.789+0800] {processor.py:186} INFO - Started process (PID=106839) to work on /mnt/c/Users/wu_li/OneDrive/Desktop/Airflow_pract/venv/lib/python3.9/site-packages/airflow/example_dags/example_complex.py
[2025-04-20T21:23:03.794+0800] {processor.py:914} INFO - Processing file /mnt/c/Users/wu_li/OneDrive/Desktop/Airflow_pract/venv/lib/python3.9/site-packages/airflow/example_dags/example_complex.py for tasks to queue
[2025-04-20T21:23:03.799+0800] {logging_mixin.py:190} INFO - [2025-04-20T21:23:03.797+0800] {dagbag.py:588} INFO - Filling up the DagBag from /mnt/c/Users/wu_li/OneDrive/Desktop/Airflow_pract/venv/lib/python3.9/site-packages/airflow/example_dags/example_complex.py
[2025-04-20T21:23:03.840+0800] {processor.py:925} INFO - DAG(s) 'example_complex' retrieved from /mnt/c/Users/wu_li/OneDrive/Desktop/Airflow_pract/venv/lib/python3.9/site-packages/airflow/example_dags/example_complex.py
[2025-04-20T21:23:03.938+0800] {logging_mixin.py:190} INFO - [2025-04-20T21:23:03.937+0800] {dag.py:3239} INFO - Sync 1 DAGs
[2025-04-20T21:23:03.981+0800] {logging_mixin.py:190} INFO - [2025-04-20T21:23:03.979+0800] {dag.py:4180} INFO - Setting next_dagrun for example_complex to None, run_after=None
[2025-04-20T21:23:04.145+0800] {processor.py:208} INFO - Processing /mnt/c/Users/wu_li/OneDrive/Desktop/Airflow_pract/venv/lib/python3.9/site-packages/airflow/example_dags/example_complex.py took 0.372 seconds
[2025-04-20T21:24:33.407+0800] {processor.py:186} INFO - Started process (PID=107918) to work on /mnt/c/Users/wu_li/OneDrive/Desktop/Airflow_pract/venv/lib/python3.9/site-packages/airflow/example_dags/example_complex.py
[2025-04-20T21:24:33.409+0800] {processor.py:914} INFO - Processing file /mnt/c/Users/wu_li/OneDrive/Desktop/Airflow_pract/venv/lib/python3.9/site-packages/airflow/example_dags/example_complex.py for tasks to queue
[2025-04-20T21:24:33.414+0800] {logging_mixin.py:190} INFO - [2025-04-20T21:24:33.412+0800] {dagbag.py:588} INFO - Filling up the DagBag from /mnt/c/Users/wu_li/OneDrive/Desktop/Airflow_pract/venv/lib/python3.9/site-packages/airflow/example_dags/example_complex.py
[2025-04-20T21:24:33.455+0800] {processor.py:925} INFO - DAG(s) 'example_complex' retrieved from /mnt/c/Users/wu_li/OneDrive/Desktop/Airflow_pract/venv/lib/python3.9/site-packages/airflow/example_dags/example_complex.py
[2025-04-20T21:24:33.563+0800] {logging_mixin.py:190} INFO - [2025-04-20T21:24:33.562+0800] {dag.py:3239} INFO - Sync 1 DAGs
[2025-04-20T21:24:33.592+0800] {logging_mixin.py:190} INFO - [2025-04-20T21:24:33.591+0800] {dag.py:4180} INFO - Setting next_dagrun for example_complex to None, run_after=None
[2025-04-20T21:24:33.672+0800] {processor.py:208} INFO - Processing /mnt/c/Users/wu_li/OneDrive/Desktop/Airflow_pract/venv/lib/python3.9/site-packages/airflow/example_dags/example_complex.py took 0.286 seconds
[2025-04-20T21:26:05.688+0800] {processor.py:186} INFO - Started process (PID=108926) to work on /mnt/c/Users/wu_li/OneDrive/Desktop/Airflow_pract/venv/lib/python3.9/site-packages/airflow/example_dags/example_complex.py
[2025-04-20T21:26:05.689+0800] {processor.py:914} INFO - Processing file /mnt/c/Users/wu_li/OneDrive/Desktop/Airflow_pract/venv/lib/python3.9/site-packages/airflow/example_dags/example_complex.py for tasks to queue
[2025-04-20T21:26:05.692+0800] {logging_mixin.py:190} INFO - [2025-04-20T21:26:05.691+0800] {dagbag.py:588} INFO - Filling up the DagBag from /mnt/c/Users/wu_li/OneDrive/Desktop/Airflow_pract/venv/lib/python3.9/site-packages/airflow/example_dags/example_complex.py
[2025-04-20T21:26:05.716+0800] {processor.py:925} INFO - DAG(s) 'example_complex' retrieved from /mnt/c/Users/wu_li/OneDrive/Desktop/Airflow_pract/venv/lib/python3.9/site-packages/airflow/example_dags/example_complex.py
[2025-04-20T21:26:05.755+0800] {logging_mixin.py:190} INFO - [2025-04-20T21:26:05.754+0800] {dag.py:3239} INFO - Sync 1 DAGs
[2025-04-20T21:26:05.769+0800] {logging_mixin.py:190} INFO - [2025-04-20T21:26:05.768+0800] {dag.py:4180} INFO - Setting next_dagrun for example_complex to None, run_after=None
[2025-04-20T21:26:05.825+0800] {processor.py:208} INFO - Processing /mnt/c/Users/wu_li/OneDrive/Desktop/Airflow_pract/venv/lib/python3.9/site-packages/airflow/example_dags/example_complex.py took 0.149 seconds
[2025-04-20T21:27:32.947+0800] {processor.py:186} INFO - Started process (PID=109933) to work on /mnt/c/Users/wu_li/OneDrive/Desktop/Airflow_pract/venv/lib/python3.9/site-packages/airflow/example_dags/example_complex.py
[2025-04-20T21:27:32.949+0800] {processor.py:914} INFO - Processing file /mnt/c/Users/wu_li/OneDrive/Desktop/Airflow_pract/venv/lib/python3.9/site-packages/airflow/example_dags/example_complex.py for tasks to queue
[2025-04-20T21:27:32.951+0800] {logging_mixin.py:190} INFO - [2025-04-20T21:27:32.950+0800] {dagbag.py:588} INFO - Filling up the DagBag from /mnt/c/Users/wu_li/OneDrive/Desktop/Airflow_pract/venv/lib/python3.9/site-packages/airflow/example_dags/example_complex.py
[2025-04-20T21:27:32.976+0800] {processor.py:925} INFO - DAG(s) 'example_complex' retrieved from /mnt/c/Users/wu_li/OneDrive/Desktop/Airflow_pract/venv/lib/python3.9/site-packages/airflow/example_dags/example_complex.py
[2025-04-20T21:27:33.016+0800] {logging_mixin.py:190} INFO - [2025-04-20T21:27:33.015+0800] {dag.py:3239} INFO - Sync 1 DAGs
[2025-04-20T21:27:33.033+0800] {logging_mixin.py:190} INFO - [2025-04-20T21:27:33.031+0800] {dag.py:4180} INFO - Setting next_dagrun for example_complex to None, run_after=None
[2025-04-20T21:27:33.093+0800] {processor.py:208} INFO - Processing /mnt/c/Users/wu_li/OneDrive/Desktop/Airflow_pract/venv/lib/python3.9/site-packages/airflow/example_dags/example_complex.py took 0.156 seconds
[2025-04-20T21:29:06.121+0800] {processor.py:186} INFO - Started process (PID=111056) to work on /mnt/c/Users/wu_li/OneDrive/Desktop/Airflow_pract/venv/lib/python3.9/site-packages/airflow/example_dags/example_complex.py
[2025-04-20T21:29:06.123+0800] {processor.py:914} INFO - Processing file /mnt/c/Users/wu_li/OneDrive/Desktop/Airflow_pract/venv/lib/python3.9/site-packages/airflow/example_dags/example_complex.py for tasks to queue
[2025-04-20T21:29:06.126+0800] {logging_mixin.py:190} INFO - [2025-04-20T21:29:06.125+0800] {dagbag.py:588} INFO - Filling up the DagBag from /mnt/c/Users/wu_li/OneDrive/Desktop/Airflow_pract/venv/lib/python3.9/site-packages/airflow/example_dags/example_complex.py
[2025-04-20T21:29:06.155+0800] {processor.py:925} INFO - DAG(s) 'example_complex' retrieved from /mnt/c/Users/wu_li/OneDrive/Desktop/Airflow_pract/venv/lib/python3.9/site-packages/airflow/example_dags/example_complex.py
[2025-04-20T21:29:06.197+0800] {logging_mixin.py:190} INFO - [2025-04-20T21:29:06.196+0800] {dag.py:3239} INFO - Sync 1 DAGs
[2025-04-20T21:29:06.214+0800] {logging_mixin.py:190} INFO - [2025-04-20T21:29:06.213+0800] {dag.py:4180} INFO - Setting next_dagrun for example_complex to None, run_after=None
[2025-04-20T21:29:06.280+0800] {processor.py:208} INFO - Processing /mnt/c/Users/wu_li/OneDrive/Desktop/Airflow_pract/venv/lib/python3.9/site-packages/airflow/example_dags/example_complex.py took 0.175 seconds
[2025-04-20T21:30:36.405+0800] {processor.py:186} INFO - Started process (PID=112093) to work on /mnt/c/Users/wu_li/OneDrive/Desktop/Airflow_pract/venv/lib/python3.9/site-packages/airflow/example_dags/example_complex.py
[2025-04-20T21:30:36.408+0800] {processor.py:914} INFO - Processing file /mnt/c/Users/wu_li/OneDrive/Desktop/Airflow_pract/venv/lib/python3.9/site-packages/airflow/example_dags/example_complex.py for tasks to queue
[2025-04-20T21:30:36.412+0800] {logging_mixin.py:190} INFO - [2025-04-20T21:30:36.410+0800] {dagbag.py:588} INFO - Filling up the DagBag from /mnt/c/Users/wu_li/OneDrive/Desktop/Airflow_pract/venv/lib/python3.9/site-packages/airflow/example_dags/example_complex.py
[2025-04-20T21:30:36.451+0800] {processor.py:925} INFO - DAG(s) 'example_complex' retrieved from /mnt/c/Users/wu_li/OneDrive/Desktop/Airflow_pract/venv/lib/python3.9/site-packages/airflow/example_dags/example_complex.py
[2025-04-20T21:30:36.552+0800] {logging_mixin.py:190} INFO - [2025-04-20T21:30:36.550+0800] {dag.py:3239} INFO - Sync 1 DAGs
[2025-04-20T21:30:36.592+0800] {logging_mixin.py:190} INFO - [2025-04-20T21:30:36.590+0800] {dag.py:4180} INFO - Setting next_dagrun for example_complex to None, run_after=None
[2025-04-20T21:30:36.704+0800] {processor.py:208} INFO - Processing /mnt/c/Users/wu_li/OneDrive/Desktop/Airflow_pract/venv/lib/python3.9/site-packages/airflow/example_dags/example_complex.py took 0.316 seconds
[2025-04-20T21:32:09.460+0800] {processor.py:186} INFO - Started process (PID=113175) to work on /mnt/c/Users/wu_li/OneDrive/Desktop/Airflow_pract/venv/lib/python3.9/site-packages/airflow/example_dags/example_complex.py
[2025-04-20T21:32:09.463+0800] {processor.py:914} INFO - Processing file /mnt/c/Users/wu_li/OneDrive/Desktop/Airflow_pract/venv/lib/python3.9/site-packages/airflow/example_dags/example_complex.py for tasks to queue
[2025-04-20T21:32:09.469+0800] {logging_mixin.py:190} INFO - [2025-04-20T21:32:09.467+0800] {dagbag.py:588} INFO - Filling up the DagBag from /mnt/c/Users/wu_li/OneDrive/Desktop/Airflow_pract/venv/lib/python3.9/site-packages/airflow/example_dags/example_complex.py
[2025-04-20T21:32:09.525+0800] {processor.py:925} INFO - DAG(s) 'example_complex' retrieved from /mnt/c/Users/wu_li/OneDrive/Desktop/Airflow_pract/venv/lib/python3.9/site-packages/airflow/example_dags/example_complex.py
[2025-04-20T21:32:09.613+0800] {logging_mixin.py:190} INFO - [2025-04-20T21:32:09.612+0800] {dag.py:3239} INFO - Sync 1 DAGs
[2025-04-20T21:32:09.655+0800] {logging_mixin.py:190} INFO - [2025-04-20T21:32:09.652+0800] {dag.py:4180} INFO - Setting next_dagrun for example_complex to None, run_after=None
[2025-04-20T21:32:09.757+0800] {processor.py:208} INFO - Processing /mnt/c/Users/wu_li/OneDrive/Desktop/Airflow_pract/venv/lib/python3.9/site-packages/airflow/example_dags/example_complex.py took 0.314 seconds
[2025-04-20T21:33:37.824+0800] {processor.py:186} INFO - Started process (PID=114181) to work on /mnt/c/Users/wu_li/OneDrive/Desktop/Airflow_pract/venv/lib/python3.9/site-packages/airflow/example_dags/example_complex.py
[2025-04-20T21:33:37.826+0800] {processor.py:914} INFO - Processing file /mnt/c/Users/wu_li/OneDrive/Desktop/Airflow_pract/venv/lib/python3.9/site-packages/airflow/example_dags/example_complex.py for tasks to queue
[2025-04-20T21:33:37.830+0800] {logging_mixin.py:190} INFO - [2025-04-20T21:33:37.828+0800] {dagbag.py:588} INFO - Filling up the DagBag from /mnt/c/Users/wu_li/OneDrive/Desktop/Airflow_pract/venv/lib/python3.9/site-packages/airflow/example_dags/example_complex.py
[2025-04-20T21:33:37.882+0800] {processor.py:925} INFO - DAG(s) 'example_complex' retrieved from /mnt/c/Users/wu_li/OneDrive/Desktop/Airflow_pract/venv/lib/python3.9/site-packages/airflow/example_dags/example_complex.py
[2025-04-20T21:33:37.993+0800] {logging_mixin.py:190} INFO - [2025-04-20T21:33:37.991+0800] {dag.py:3239} INFO - Sync 1 DAGs
[2025-04-20T21:33:38.033+0800] {logging_mixin.py:190} INFO - [2025-04-20T21:33:38.031+0800] {dag.py:4180} INFO - Setting next_dagrun for example_complex to None, run_after=None
[2025-04-20T21:33:38.124+0800] {processor.py:208} INFO - Processing /mnt/c/Users/wu_li/OneDrive/Desktop/Airflow_pract/venv/lib/python3.9/site-packages/airflow/example_dags/example_complex.py took 0.318 seconds
[2025-04-20T21:35:14.602+0800] {processor.py:186} INFO - Started process (PID=115333) to work on /mnt/c/Users/wu_li/OneDrive/Desktop/Airflow_pract/venv/lib/python3.9/site-packages/airflow/example_dags/example_complex.py
[2025-04-20T21:35:14.604+0800] {processor.py:914} INFO - Processing file /mnt/c/Users/wu_li/OneDrive/Desktop/Airflow_pract/venv/lib/python3.9/site-packages/airflow/example_dags/example_complex.py for tasks to queue
[2025-04-20T21:35:14.608+0800] {logging_mixin.py:190} INFO - [2025-04-20T21:35:14.607+0800] {dagbag.py:588} INFO - Filling up the DagBag from /mnt/c/Users/wu_li/OneDrive/Desktop/Airflow_pract/venv/lib/python3.9/site-packages/airflow/example_dags/example_complex.py
[2025-04-20T21:35:14.656+0800] {processor.py:925} INFO - DAG(s) 'example_complex' retrieved from /mnt/c/Users/wu_li/OneDrive/Desktop/Airflow_pract/venv/lib/python3.9/site-packages/airflow/example_dags/example_complex.py
[2025-04-20T21:35:14.767+0800] {logging_mixin.py:190} INFO - [2025-04-20T21:35:14.763+0800] {dag.py:3239} INFO - Sync 1 DAGs
[2025-04-20T21:35:14.801+0800] {logging_mixin.py:190} INFO - [2025-04-20T21:35:14.798+0800] {dag.py:4180} INFO - Setting next_dagrun for example_complex to None, run_after=None
[2025-04-20T21:35:14.881+0800] {processor.py:208} INFO - Processing /mnt/c/Users/wu_li/OneDrive/Desktop/Airflow_pract/venv/lib/python3.9/site-packages/airflow/example_dags/example_complex.py took 0.298 seconds
[2025-04-20T21:36:52.958+0800] {processor.py:186} INFO - Started process (PID=116488) to work on /mnt/c/Users/wu_li/OneDrive/Desktop/Airflow_pract/venv/lib/python3.9/site-packages/airflow/example_dags/example_complex.py
[2025-04-20T21:36:52.960+0800] {processor.py:914} INFO - Processing file /mnt/c/Users/wu_li/OneDrive/Desktop/Airflow_pract/venv/lib/python3.9/site-packages/airflow/example_dags/example_complex.py for tasks to queue
[2025-04-20T21:36:52.964+0800] {logging_mixin.py:190} INFO - [2025-04-20T21:36:52.963+0800] {dagbag.py:588} INFO - Filling up the DagBag from /mnt/c/Users/wu_li/OneDrive/Desktop/Airflow_pract/venv/lib/python3.9/site-packages/airflow/example_dags/example_complex.py
[2025-04-20T21:36:53.007+0800] {processor.py:925} INFO - DAG(s) 'example_complex' retrieved from /mnt/c/Users/wu_li/OneDrive/Desktop/Airflow_pract/venv/lib/python3.9/site-packages/airflow/example_dags/example_complex.py
[2025-04-20T21:36:53.093+0800] {logging_mixin.py:190} INFO - [2025-04-20T21:36:53.091+0800] {dag.py:3239} INFO - Sync 1 DAGs
[2025-04-20T21:36:53.131+0800] {logging_mixin.py:190} INFO - [2025-04-20T21:36:53.129+0800] {dag.py:4180} INFO - Setting next_dagrun for example_complex to None, run_after=None
[2025-04-20T21:36:53.219+0800] {processor.py:208} INFO - Processing /mnt/c/Users/wu_li/OneDrive/Desktop/Airflow_pract/venv/lib/python3.9/site-packages/airflow/example_dags/example_complex.py took 0.281 seconds
[2025-04-20T21:38:42.434+0800] {processor.py:186} INFO - Started process (PID=117539) to work on /mnt/c/Users/wu_li/OneDrive/Desktop/Airflow_pract/venv/lib/python3.9/site-packages/airflow/example_dags/example_complex.py
[2025-04-20T21:38:42.436+0800] {processor.py:914} INFO - Processing file /mnt/c/Users/wu_li/OneDrive/Desktop/Airflow_pract/venv/lib/python3.9/site-packages/airflow/example_dags/example_complex.py for tasks to queue
[2025-04-20T21:38:42.446+0800] {logging_mixin.py:190} INFO - [2025-04-20T21:38:42.445+0800] {dagbag.py:588} INFO - Filling up the DagBag from /mnt/c/Users/wu_li/OneDrive/Desktop/Airflow_pract/venv/lib/python3.9/site-packages/airflow/example_dags/example_complex.py
[2025-04-20T21:38:42.486+0800] {processor.py:925} INFO - DAG(s) 'example_complex' retrieved from /mnt/c/Users/wu_li/OneDrive/Desktop/Airflow_pract/venv/lib/python3.9/site-packages/airflow/example_dags/example_complex.py
[2025-04-20T21:38:42.778+0800] {logging_mixin.py:190} INFO - [2025-04-20T21:38:42.774+0800] {dag.py:3239} INFO - Sync 1 DAGs
[2025-04-20T21:38:42.803+0800] {logging_mixin.py:190} INFO - [2025-04-20T21:38:42.802+0800] {dag.py:4180} INFO - Setting next_dagrun for example_complex to None, run_after=None
[2025-04-20T21:38:42.921+0800] {processor.py:208} INFO - Processing /mnt/c/Users/wu_li/OneDrive/Desktop/Airflow_pract/venv/lib/python3.9/site-packages/airflow/example_dags/example_complex.py took 0.507 seconds
[2025-04-20T21:40:11.302+0800] {processor.py:186} INFO - Started process (PID=118389) to work on /mnt/c/Users/wu_li/OneDrive/Desktop/Airflow_pract/venv/lib/python3.9/site-packages/airflow/example_dags/example_complex.py
[2025-04-20T21:40:11.304+0800] {processor.py:914} INFO - Processing file /mnt/c/Users/wu_li/OneDrive/Desktop/Airflow_pract/venv/lib/python3.9/site-packages/airflow/example_dags/example_complex.py for tasks to queue
[2025-04-20T21:40:11.307+0800] {logging_mixin.py:190} INFO - [2025-04-20T21:40:11.306+0800] {dagbag.py:588} INFO - Filling up the DagBag from /mnt/c/Users/wu_li/OneDrive/Desktop/Airflow_pract/venv/lib/python3.9/site-packages/airflow/example_dags/example_complex.py
[2025-04-20T21:40:11.334+0800] {processor.py:925} INFO - DAG(s) 'example_complex' retrieved from /mnt/c/Users/wu_li/OneDrive/Desktop/Airflow_pract/venv/lib/python3.9/site-packages/airflow/example_dags/example_complex.py
[2025-04-20T21:40:11.377+0800] {logging_mixin.py:190} INFO - [2025-04-20T21:40:11.376+0800] {dag.py:3239} INFO - Sync 1 DAGs
[2025-04-20T21:40:11.393+0800] {logging_mixin.py:190} INFO - [2025-04-20T21:40:11.392+0800] {dag.py:4180} INFO - Setting next_dagrun for example_complex to None, run_after=None
[2025-04-20T21:40:11.462+0800] {processor.py:208} INFO - Processing /mnt/c/Users/wu_li/OneDrive/Desktop/Airflow_pract/venv/lib/python3.9/site-packages/airflow/example_dags/example_complex.py took 0.186 seconds
[2025-04-20T21:41:38.606+0800] {processor.py:186} INFO - Started process (PID=119498) to work on /mnt/c/Users/wu_li/OneDrive/Desktop/Airflow_pract/venv/lib/python3.9/site-packages/airflow/example_dags/example_complex.py
[2025-04-20T21:41:38.608+0800] {processor.py:914} INFO - Processing file /mnt/c/Users/wu_li/OneDrive/Desktop/Airflow_pract/venv/lib/python3.9/site-packages/airflow/example_dags/example_complex.py for tasks to queue
[2025-04-20T21:41:38.610+0800] {logging_mixin.py:190} INFO - [2025-04-20T21:41:38.609+0800] {dagbag.py:588} INFO - Filling up the DagBag from /mnt/c/Users/wu_li/OneDrive/Desktop/Airflow_pract/venv/lib/python3.9/site-packages/airflow/example_dags/example_complex.py
[2025-04-20T21:41:38.631+0800] {processor.py:925} INFO - DAG(s) 'example_complex' retrieved from /mnt/c/Users/wu_li/OneDrive/Desktop/Airflow_pract/venv/lib/python3.9/site-packages/airflow/example_dags/example_complex.py
[2025-04-20T21:41:38.668+0800] {logging_mixin.py:190} INFO - [2025-04-20T21:41:38.666+0800] {dag.py:3239} INFO - Sync 1 DAGs
[2025-04-20T21:41:38.684+0800] {logging_mixin.py:190} INFO - [2025-04-20T21:41:38.682+0800] {dag.py:4180} INFO - Setting next_dagrun for example_complex to None, run_after=None
[2025-04-20T21:41:38.740+0800] {processor.py:208} INFO - Processing /mnt/c/Users/wu_li/OneDrive/Desktop/Airflow_pract/venv/lib/python3.9/site-packages/airflow/example_dags/example_complex.py took 0.144 seconds
[2025-04-20T21:43:15.765+0800] {processor.py:186} INFO - Started process (PID=120336) to work on /mnt/c/Users/wu_li/OneDrive/Desktop/Airflow_pract/venv/lib/python3.9/site-packages/airflow/example_dags/example_complex.py
[2025-04-20T21:43:15.767+0800] {processor.py:914} INFO - Processing file /mnt/c/Users/wu_li/OneDrive/Desktop/Airflow_pract/venv/lib/python3.9/site-packages/airflow/example_dags/example_complex.py for tasks to queue
[2025-04-20T21:43:15.772+0800] {logging_mixin.py:190} INFO - [2025-04-20T21:43:15.769+0800] {dagbag.py:588} INFO - Filling up the DagBag from /mnt/c/Users/wu_li/OneDrive/Desktop/Airflow_pract/venv/lib/python3.9/site-packages/airflow/example_dags/example_complex.py
[2025-04-20T21:43:15.809+0800] {processor.py:925} INFO - DAG(s) 'example_complex' retrieved from /mnt/c/Users/wu_li/OneDrive/Desktop/Airflow_pract/venv/lib/python3.9/site-packages/airflow/example_dags/example_complex.py
[2025-04-20T21:43:15.880+0800] {logging_mixin.py:190} INFO - [2025-04-20T21:43:15.878+0800] {dag.py:3239} INFO - Sync 1 DAGs
[2025-04-20T21:43:15.920+0800] {logging_mixin.py:190} INFO - [2025-04-20T21:43:15.918+0800] {dag.py:4180} INFO - Setting next_dagrun for example_complex to None, run_after=None
[2025-04-20T21:43:16.125+0800] {processor.py:208} INFO - Processing /mnt/c/Users/wu_li/OneDrive/Desktop/Airflow_pract/venv/lib/python3.9/site-packages/airflow/example_dags/example_complex.py took 0.377 seconds
[2025-04-20T21:44:49.653+0800] {processor.py:186} INFO - Started process (PID=121257) to work on /mnt/c/Users/wu_li/OneDrive/Desktop/Airflow_pract/venv/lib/python3.9/site-packages/airflow/example_dags/example_complex.py
[2025-04-20T21:44:49.658+0800] {processor.py:914} INFO - Processing file /mnt/c/Users/wu_li/OneDrive/Desktop/Airflow_pract/venv/lib/python3.9/site-packages/airflow/example_dags/example_complex.py for tasks to queue
[2025-04-20T21:44:49.662+0800] {logging_mixin.py:190} INFO - [2025-04-20T21:44:49.661+0800] {dagbag.py:588} INFO - Filling up the DagBag from /mnt/c/Users/wu_li/OneDrive/Desktop/Airflow_pract/venv/lib/python3.9/site-packages/airflow/example_dags/example_complex.py
[2025-04-20T21:44:49.687+0800] {processor.py:925} INFO - DAG(s) 'example_complex' retrieved from /mnt/c/Users/wu_li/OneDrive/Desktop/Airflow_pract/venv/lib/python3.9/site-packages/airflow/example_dags/example_complex.py
[2025-04-20T21:44:49.735+0800] {logging_mixin.py:190} INFO - [2025-04-20T21:44:49.734+0800] {dag.py:3239} INFO - Sync 1 DAGs
[2025-04-20T21:44:49.751+0800] {logging_mixin.py:190} INFO - [2025-04-20T21:44:49.750+0800] {dag.py:4180} INFO - Setting next_dagrun for example_complex to None, run_after=None
[2025-04-20T21:44:49.816+0800] {processor.py:208} INFO - Processing /mnt/c/Users/wu_li/OneDrive/Desktop/Airflow_pract/venv/lib/python3.9/site-packages/airflow/example_dags/example_complex.py took 0.174 seconds
[2025-04-20T21:46:26.638+0800] {processor.py:186} INFO - Started process (PID=122208) to work on /mnt/c/Users/wu_li/OneDrive/Desktop/Airflow_pract/venv/lib/python3.9/site-packages/airflow/example_dags/example_complex.py
[2025-04-20T21:46:26.641+0800] {processor.py:914} INFO - Processing file /mnt/c/Users/wu_li/OneDrive/Desktop/Airflow_pract/venv/lib/python3.9/site-packages/airflow/example_dags/example_complex.py for tasks to queue
[2025-04-20T21:46:26.646+0800] {logging_mixin.py:190} INFO - [2025-04-20T21:46:26.644+0800] {dagbag.py:588} INFO - Filling up the DagBag from /mnt/c/Users/wu_li/OneDrive/Desktop/Airflow_pract/venv/lib/python3.9/site-packages/airflow/example_dags/example_complex.py
[2025-04-20T21:46:26.703+0800] {processor.py:925} INFO - DAG(s) 'example_complex' retrieved from /mnt/c/Users/wu_li/OneDrive/Desktop/Airflow_pract/venv/lib/python3.9/site-packages/airflow/example_dags/example_complex.py
[2025-04-20T21:46:26.829+0800] {logging_mixin.py:190} INFO - [2025-04-20T21:46:26.827+0800] {dag.py:3239} INFO - Sync 1 DAGs
[2025-04-20T21:46:26.871+0800] {logging_mixin.py:190} INFO - [2025-04-20T21:46:26.869+0800] {dag.py:4180} INFO - Setting next_dagrun for example_complex to None, run_after=None
[2025-04-20T21:46:26.976+0800] {processor.py:208} INFO - Processing /mnt/c/Users/wu_li/OneDrive/Desktop/Airflow_pract/venv/lib/python3.9/site-packages/airflow/example_dags/example_complex.py took 0.368 seconds
[2025-04-20T21:48:21.860+0800] {processor.py:186} INFO - Started process (PID=123126) to work on /mnt/c/Users/wu_li/OneDrive/Desktop/Airflow_pract/venv/lib/python3.9/site-packages/airflow/example_dags/example_complex.py
[2025-04-20T21:48:21.862+0800] {processor.py:914} INFO - Processing file /mnt/c/Users/wu_li/OneDrive/Desktop/Airflow_pract/venv/lib/python3.9/site-packages/airflow/example_dags/example_complex.py for tasks to queue
[2025-04-20T21:48:21.864+0800] {logging_mixin.py:190} INFO - [2025-04-20T21:48:21.864+0800] {dagbag.py:588} INFO - Filling up the DagBag from /mnt/c/Users/wu_li/OneDrive/Desktop/Airflow_pract/venv/lib/python3.9/site-packages/airflow/example_dags/example_complex.py
[2025-04-20T21:48:21.888+0800] {processor.py:925} INFO - DAG(s) 'example_complex' retrieved from /mnt/c/Users/wu_li/OneDrive/Desktop/Airflow_pract/venv/lib/python3.9/site-packages/airflow/example_dags/example_complex.py
[2025-04-20T21:48:21.929+0800] {logging_mixin.py:190} INFO - [2025-04-20T21:48:21.928+0800] {dag.py:3239} INFO - Sync 1 DAGs
[2025-04-20T21:48:21.949+0800] {logging_mixin.py:190} INFO - [2025-04-20T21:48:21.948+0800] {dag.py:4180} INFO - Setting next_dagrun for example_complex to None, run_after=None
[2025-04-20T21:48:22.010+0800] {processor.py:208} INFO - Processing /mnt/c/Users/wu_li/OneDrive/Desktop/Airflow_pract/venv/lib/python3.9/site-packages/airflow/example_dags/example_complex.py took 0.162 seconds
[2025-04-20T21:49:53.103+0800] {processor.py:186} INFO - Started process (PID=124089) to work on /mnt/c/Users/wu_li/OneDrive/Desktop/Airflow_pract/venv/lib/python3.9/site-packages/airflow/example_dags/example_complex.py
[2025-04-20T21:49:53.107+0800] {processor.py:914} INFO - Processing file /mnt/c/Users/wu_li/OneDrive/Desktop/Airflow_pract/venv/lib/python3.9/site-packages/airflow/example_dags/example_complex.py for tasks to queue
[2025-04-20T21:49:53.117+0800] {logging_mixin.py:190} INFO - [2025-04-20T21:49:53.115+0800] {dagbag.py:588} INFO - Filling up the DagBag from /mnt/c/Users/wu_li/OneDrive/Desktop/Airflow_pract/venv/lib/python3.9/site-packages/airflow/example_dags/example_complex.py
[2025-04-20T21:49:53.256+0800] {processor.py:925} INFO - DAG(s) 'example_complex' retrieved from /mnt/c/Users/wu_li/OneDrive/Desktop/Airflow_pract/venv/lib/python3.9/site-packages/airflow/example_dags/example_complex.py
[2025-04-20T21:49:53.435+0800] {logging_mixin.py:190} INFO - [2025-04-20T21:49:53.434+0800] {dag.py:3239} INFO - Sync 1 DAGs
[2025-04-20T21:49:53.530+0800] {logging_mixin.py:190} INFO - [2025-04-20T21:49:53.529+0800] {dag.py:4180} INFO - Setting next_dagrun for example_complex to None, run_after=None
[2025-04-20T21:49:53.728+0800] {processor.py:208} INFO - Processing /mnt/c/Users/wu_li/OneDrive/Desktop/Airflow_pract/venv/lib/python3.9/site-packages/airflow/example_dags/example_complex.py took 0.653 seconds
