[2025-04-20T20:11:57.485+0800] {processor.py:186} INFO - Started process (PID=63784) to work on /mnt/c/Users/wu_li/OneDrive/Desktop/Airflow_pract/venv/lib/python3.9/site-packages/airflow/example_dags/example_nested_branch_dag.py
[2025-04-20T20:11:57.487+0800] {processor.py:914} INFO - Processing file /mnt/c/Users/wu_li/OneDrive/Desktop/Airflow_pract/venv/lib/python3.9/site-packages/airflow/example_dags/example_nested_branch_dag.py for tasks to queue
[2025-04-20T20:11:57.490+0800] {logging_mixin.py:190} INFO - [2025-04-20T20:11:57.489+0800] {dagbag.py:588} INFO - Filling up the DagBag from /mnt/c/Users/wu_li/OneDrive/Desktop/Airflow_pract/venv/lib/python3.9/site-packages/airflow/example_dags/example_nested_branch_dag.py
[2025-04-20T20:11:57.558+0800] {processor.py:925} INFO - DAG(s) 'example_nested_branch_dag' retrieved from /mnt/c/Users/wu_li/OneDrive/Desktop/Airflow_pract/venv/lib/python3.9/site-packages/airflow/example_dags/example_nested_branch_dag.py
[2025-04-20T20:11:58.726+0800] {logging_mixin.py:190} INFO - [2025-04-20T20:11:58.725+0800] {override.py:1912} INFO - Created Permission View: can delete on DAG:example_nested_branch_dag
[2025-04-20T20:11:58.768+0800] {logging_mixin.py:190} INFO - [2025-04-20T20:11:58.766+0800] {override.py:1912} INFO - Created Permission View: can read on DAG:example_nested_branch_dag
[2025-04-20T20:11:58.803+0800] {logging_mixin.py:190} INFO - [2025-04-20T20:11:58.802+0800] {override.py:1912} INFO - Created Permission View: can edit on DAG:example_nested_branch_dag
[2025-04-20T20:11:58.866+0800] {logging_mixin.py:190} INFO - [2025-04-20T20:11:58.863+0800] {override.py:1912} INFO - Created Permission View: can delete on DAG Run:example_nested_branch_dag
[2025-04-20T20:11:58.909+0800] {logging_mixin.py:190} INFO - [2025-04-20T20:11:58.908+0800] {override.py:1912} INFO - Created Permission View: can read on DAG Run:example_nested_branch_dag
[2025-04-20T20:11:58.960+0800] {logging_mixin.py:190} INFO - [2025-04-20T20:11:58.959+0800] {override.py:1912} INFO - Created Permission View: can create on DAG Run:example_nested_branch_dag
[2025-04-20T20:11:59.010+0800] {logging_mixin.py:190} INFO - [2025-04-20T20:11:59.008+0800] {override.py:1912} INFO - Created Permission View: menu access on DAG Run:example_nested_branch_dag
[2025-04-20T20:11:59.012+0800] {logging_mixin.py:190} INFO - [2025-04-20T20:11:59.011+0800] {dag.py:3239} INFO - Sync 1 DAGs
[2025-04-20T20:11:59.033+0800] {logging_mixin.py:190} INFO - [2025-04-20T20:11:59.032+0800] {dag.py:3262} INFO - Creating ORM DAG for example_nested_branch_dag
[2025-04-20T20:11:59.046+0800] {logging_mixin.py:190} INFO - [2025-04-20T20:11:59.045+0800] {dag.py:4180} INFO - Setting next_dagrun for example_nested_branch_dag to 2025-04-19 00:00:00+00:00, run_after=2025-04-20 00:00:00+00:00
[2025-04-20T20:11:59.103+0800] {processor.py:208} INFO - Processing /mnt/c/Users/wu_li/OneDrive/Desktop/Airflow_pract/venv/lib/python3.9/site-packages/airflow/example_dags/example_nested_branch_dag.py took 1.628 seconds
[2025-04-20T20:17:37.849+0800] {processor.py:186} INFO - Started process (PID=67951) to work on /mnt/c/Users/wu_li/OneDrive/Desktop/Airflow_pract/venv/lib/python3.9/site-packages/airflow/example_dags/example_nested_branch_dag.py
[2025-04-20T20:17:37.852+0800] {processor.py:914} INFO - Processing file /mnt/c/Users/wu_li/OneDrive/Desktop/Airflow_pract/venv/lib/python3.9/site-packages/airflow/example_dags/example_nested_branch_dag.py for tasks to queue
[2025-04-20T20:17:37.857+0800] {logging_mixin.py:190} INFO - [2025-04-20T20:17:37.855+0800] {dagbag.py:588} INFO - Filling up the DagBag from /mnt/c/Users/wu_li/OneDrive/Desktop/Airflow_pract/venv/lib/python3.9/site-packages/airflow/example_dags/example_nested_branch_dag.py
[2025-04-20T20:17:37.935+0800] {processor.py:925} INFO - DAG(s) 'example_nested_branch_dag' retrieved from /mnt/c/Users/wu_li/OneDrive/Desktop/Airflow_pract/venv/lib/python3.9/site-packages/airflow/example_dags/example_nested_branch_dag.py
[2025-04-20T20:17:38.123+0800] {logging_mixin.py:190} INFO - [2025-04-20T20:17:38.122+0800] {dag.py:3239} INFO - Sync 1 DAGs
[2025-04-20T20:17:38.176+0800] {logging_mixin.py:190} INFO - [2025-04-20T20:17:38.168+0800] {dag.py:4180} INFO - Setting next_dagrun for example_nested_branch_dag to 2025-04-19 00:00:00+00:00, run_after=2025-04-20 00:00:00+00:00
[2025-04-20T20:17:38.268+0800] {processor.py:208} INFO - Processing /mnt/c/Users/wu_li/OneDrive/Desktop/Airflow_pract/venv/lib/python3.9/site-packages/airflow/example_dags/example_nested_branch_dag.py took 0.431 seconds
[2025-04-20T20:18:58.438+0800] {processor.py:186} INFO - Started process (PID=68985) to work on /mnt/c/Users/wu_li/OneDrive/Desktop/Airflow_pract/venv/lib/python3.9/site-packages/airflow/example_dags/example_nested_branch_dag.py
[2025-04-20T20:18:58.440+0800] {processor.py:914} INFO - Processing file /mnt/c/Users/wu_li/OneDrive/Desktop/Airflow_pract/venv/lib/python3.9/site-packages/airflow/example_dags/example_nested_branch_dag.py for tasks to queue
[2025-04-20T20:18:58.444+0800] {logging_mixin.py:190} INFO - [2025-04-20T20:18:58.443+0800] {dagbag.py:588} INFO - Filling up the DagBag from /mnt/c/Users/wu_li/OneDrive/Desktop/Airflow_pract/venv/lib/python3.9/site-packages/airflow/example_dags/example_nested_branch_dag.py
[2025-04-20T20:18:58.533+0800] {processor.py:925} INFO - DAG(s) 'example_nested_branch_dag' retrieved from /mnt/c/Users/wu_li/OneDrive/Desktop/Airflow_pract/venv/lib/python3.9/site-packages/airflow/example_dags/example_nested_branch_dag.py
[2025-04-20T20:18:58.571+0800] {logging_mixin.py:190} INFO - [2025-04-20T20:18:58.570+0800] {dag.py:3239} INFO - Sync 1 DAGs
[2025-04-20T20:18:58.622+0800] {logging_mixin.py:190} INFO - [2025-04-20T20:18:58.619+0800] {dag.py:4180} INFO - Setting next_dagrun for example_nested_branch_dag to 2025-04-19 00:00:00+00:00, run_after=2025-04-20 00:00:00+00:00
[2025-04-20T20:18:58.711+0800] {processor.py:208} INFO - Processing /mnt/c/Users/wu_li/OneDrive/Desktop/Airflow_pract/venv/lib/python3.9/site-packages/airflow/example_dags/example_nested_branch_dag.py took 0.290 seconds
[2025-04-20T20:20:44.876+0800] {processor.py:186} INFO - Started process (PID=70005) to work on /mnt/c/Users/wu_li/OneDrive/Desktop/Airflow_pract/venv/lib/python3.9/site-packages/airflow/example_dags/example_nested_branch_dag.py
[2025-04-20T20:20:44.877+0800] {processor.py:914} INFO - Processing file /mnt/c/Users/wu_li/OneDrive/Desktop/Airflow_pract/venv/lib/python3.9/site-packages/airflow/example_dags/example_nested_branch_dag.py for tasks to queue
[2025-04-20T20:20:44.880+0800] {logging_mixin.py:190} INFO - [2025-04-20T20:20:44.879+0800] {dagbag.py:588} INFO - Filling up the DagBag from /mnt/c/Users/wu_li/OneDrive/Desktop/Airflow_pract/venv/lib/python3.9/site-packages/airflow/example_dags/example_nested_branch_dag.py
[2025-04-20T20:20:44.954+0800] {processor.py:925} INFO - DAG(s) 'example_nested_branch_dag' retrieved from /mnt/c/Users/wu_li/OneDrive/Desktop/Airflow_pract/venv/lib/python3.9/site-packages/airflow/example_dags/example_nested_branch_dag.py
[2025-04-20T20:20:44.983+0800] {logging_mixin.py:190} INFO - [2025-04-20T20:20:44.981+0800] {dag.py:3239} INFO - Sync 1 DAGs
[2025-04-20T20:20:45.008+0800] {logging_mixin.py:190} INFO - [2025-04-20T20:20:45.007+0800] {dag.py:4180} INFO - Setting next_dagrun for example_nested_branch_dag to 2025-04-19 00:00:00+00:00, run_after=2025-04-20 00:00:00+00:00
[2025-04-20T20:20:45.061+0800] {processor.py:208} INFO - Processing /mnt/c/Users/wu_li/OneDrive/Desktop/Airflow_pract/venv/lib/python3.9/site-packages/airflow/example_dags/example_nested_branch_dag.py took 0.195 seconds
[2025-04-20T20:22:46.457+0800] {processor.py:186} INFO - Started process (PID=70884) to work on /mnt/c/Users/wu_li/OneDrive/Desktop/Airflow_pract/venv/lib/python3.9/site-packages/airflow/example_dags/example_nested_branch_dag.py
[2025-04-20T20:22:46.462+0800] {processor.py:914} INFO - Processing file /mnt/c/Users/wu_li/OneDrive/Desktop/Airflow_pract/venv/lib/python3.9/site-packages/airflow/example_dags/example_nested_branch_dag.py for tasks to queue
[2025-04-20T20:22:46.469+0800] {logging_mixin.py:190} INFO - [2025-04-20T20:22:46.467+0800] {dagbag.py:588} INFO - Filling up the DagBag from /mnt/c/Users/wu_li/OneDrive/Desktop/Airflow_pract/venv/lib/python3.9/site-packages/airflow/example_dags/example_nested_branch_dag.py
[2025-04-20T20:22:46.665+0800] {processor.py:925} INFO - DAG(s) 'example_nested_branch_dag' retrieved from /mnt/c/Users/wu_li/OneDrive/Desktop/Airflow_pract/venv/lib/python3.9/site-packages/airflow/example_dags/example_nested_branch_dag.py
[2025-04-20T20:22:46.743+0800] {logging_mixin.py:190} INFO - [2025-04-20T20:22:46.739+0800] {dag.py:3239} INFO - Sync 1 DAGs
[2025-04-20T20:22:46.811+0800] {logging_mixin.py:190} INFO - [2025-04-20T20:22:46.810+0800] {dag.py:4180} INFO - Setting next_dagrun for example_nested_branch_dag to 2025-04-19 00:00:00+00:00, run_after=2025-04-20 00:00:00+00:00
[2025-04-20T20:22:46.921+0800] {processor.py:208} INFO - Processing /mnt/c/Users/wu_li/OneDrive/Desktop/Airflow_pract/venv/lib/python3.9/site-packages/airflow/example_dags/example_nested_branch_dag.py took 0.490 seconds
[2025-04-20T20:24:37.906+0800] {processor.py:186} INFO - Started process (PID=71905) to work on /mnt/c/Users/wu_li/OneDrive/Desktop/Airflow_pract/venv/lib/python3.9/site-packages/airflow/example_dags/example_nested_branch_dag.py
[2025-04-20T20:24:37.908+0800] {processor.py:914} INFO - Processing file /mnt/c/Users/wu_li/OneDrive/Desktop/Airflow_pract/venv/lib/python3.9/site-packages/airflow/example_dags/example_nested_branch_dag.py for tasks to queue
[2025-04-20T20:24:37.913+0800] {logging_mixin.py:190} INFO - [2025-04-20T20:24:37.911+0800] {dagbag.py:588} INFO - Filling up the DagBag from /mnt/c/Users/wu_li/OneDrive/Desktop/Airflow_pract/venv/lib/python3.9/site-packages/airflow/example_dags/example_nested_branch_dag.py
[2025-04-20T20:24:38.035+0800] {processor.py:925} INFO - DAG(s) 'example_nested_branch_dag' retrieved from /mnt/c/Users/wu_li/OneDrive/Desktop/Airflow_pract/venv/lib/python3.9/site-packages/airflow/example_dags/example_nested_branch_dag.py
[2025-04-20T20:24:38.082+0800] {logging_mixin.py:190} INFO - [2025-04-20T20:24:38.081+0800] {dag.py:3239} INFO - Sync 1 DAGs
[2025-04-20T20:24:38.137+0800] {logging_mixin.py:190} INFO - [2025-04-20T20:24:38.133+0800] {dag.py:4180} INFO - Setting next_dagrun for example_nested_branch_dag to 2025-04-19 00:00:00+00:00, run_after=2025-04-20 00:00:00+00:00
[2025-04-20T20:24:38.231+0800] {processor.py:208} INFO - Processing /mnt/c/Users/wu_li/OneDrive/Desktop/Airflow_pract/venv/lib/python3.9/site-packages/airflow/example_dags/example_nested_branch_dag.py took 0.344 seconds
[2025-04-20T20:26:35.814+0800] {processor.py:186} INFO - Started process (PID=72791) to work on /mnt/c/Users/wu_li/OneDrive/Desktop/Airflow_pract/venv/lib/python3.9/site-packages/airflow/example_dags/example_nested_branch_dag.py
[2025-04-20T20:26:35.817+0800] {processor.py:914} INFO - Processing file /mnt/c/Users/wu_li/OneDrive/Desktop/Airflow_pract/venv/lib/python3.9/site-packages/airflow/example_dags/example_nested_branch_dag.py for tasks to queue
[2025-04-20T20:26:35.822+0800] {logging_mixin.py:190} INFO - [2025-04-20T20:26:35.820+0800] {dagbag.py:588} INFO - Filling up the DagBag from /mnt/c/Users/wu_li/OneDrive/Desktop/Airflow_pract/venv/lib/python3.9/site-packages/airflow/example_dags/example_nested_branch_dag.py
[2025-04-20T20:26:35.926+0800] {processor.py:925} INFO - DAG(s) 'example_nested_branch_dag' retrieved from /mnt/c/Users/wu_li/OneDrive/Desktop/Airflow_pract/venv/lib/python3.9/site-packages/airflow/example_dags/example_nested_branch_dag.py
[2025-04-20T20:26:35.972+0800] {logging_mixin.py:190} INFO - [2025-04-20T20:26:35.970+0800] {dag.py:3239} INFO - Sync 1 DAGs
[2025-04-20T20:26:36.041+0800] {logging_mixin.py:190} INFO - [2025-04-20T20:26:36.037+0800] {dag.py:4180} INFO - Setting next_dagrun for example_nested_branch_dag to 2025-04-19 00:00:00+00:00, run_after=2025-04-20 00:00:00+00:00
[2025-04-20T20:26:36.127+0800] {processor.py:208} INFO - Processing /mnt/c/Users/wu_li/OneDrive/Desktop/Airflow_pract/venv/lib/python3.9/site-packages/airflow/example_dags/example_nested_branch_dag.py took 0.331 seconds
[2025-04-20T20:36:44.615+0800] {processor.py:186} INFO - Started process (PID=77261) to work on /mnt/c/Users/wu_li/OneDrive/Desktop/Airflow_pract/venv/lib/python3.9/site-packages/airflow/example_dags/example_nested_branch_dag.py
[2025-04-20T20:36:44.622+0800] {processor.py:914} INFO - Processing file /mnt/c/Users/wu_li/OneDrive/Desktop/Airflow_pract/venv/lib/python3.9/site-packages/airflow/example_dags/example_nested_branch_dag.py for tasks to queue
[2025-04-20T20:36:44.625+0800] {logging_mixin.py:190} INFO - [2025-04-20T20:36:44.624+0800] {dagbag.py:588} INFO - Filling up the DagBag from /mnt/c/Users/wu_li/OneDrive/Desktop/Airflow_pract/venv/lib/python3.9/site-packages/airflow/example_dags/example_nested_branch_dag.py
[2025-04-20T20:36:44.662+0800] {processor.py:925} INFO - DAG(s) 'example_nested_branch_dag' retrieved from /mnt/c/Users/wu_li/OneDrive/Desktop/Airflow_pract/venv/lib/python3.9/site-packages/airflow/example_dags/example_nested_branch_dag.py
[2025-04-20T20:36:44.713+0800] {logging_mixin.py:190} INFO - [2025-04-20T20:36:44.711+0800] {dag.py:3239} INFO - Sync 1 DAGs
[2025-04-20T20:36:44.857+0800] {logging_mixin.py:190} INFO - [2025-04-20T20:36:44.843+0800] {dag.py:4180} INFO - Setting next_dagrun for example_nested_branch_dag to 2025-04-19 00:00:00+00:00, run_after=2025-04-20 00:00:00+00:00
[2025-04-20T20:36:44.563+0800] {processor.py:208} INFO - Processing /mnt/c/Users/wu_li/OneDrive/Desktop/Airflow_pract/venv/lib/python3.9/site-packages/airflow/example_dags/example_nested_branch_dag.py took 0.438 seconds
[2025-04-20T20:38:06.525+0800] {processor.py:186} INFO - Started process (PID=78042) to work on /mnt/c/Users/wu_li/OneDrive/Desktop/Airflow_pract/venv/lib/python3.9/site-packages/airflow/example_dags/example_nested_branch_dag.py
[2025-04-20T20:38:06.528+0800] {processor.py:914} INFO - Processing file /mnt/c/Users/wu_li/OneDrive/Desktop/Airflow_pract/venv/lib/python3.9/site-packages/airflow/example_dags/example_nested_branch_dag.py for tasks to queue
[2025-04-20T20:38:06.532+0800] {logging_mixin.py:190} INFO - [2025-04-20T20:38:06.530+0800] {dagbag.py:588} INFO - Filling up the DagBag from /mnt/c/Users/wu_li/OneDrive/Desktop/Airflow_pract/venv/lib/python3.9/site-packages/airflow/example_dags/example_nested_branch_dag.py
[2025-04-20T20:38:06.579+0800] {processor.py:925} INFO - DAG(s) 'example_nested_branch_dag' retrieved from /mnt/c/Users/wu_li/OneDrive/Desktop/Airflow_pract/venv/lib/python3.9/site-packages/airflow/example_dags/example_nested_branch_dag.py
[2025-04-20T20:38:06.628+0800] {logging_mixin.py:190} INFO - [2025-04-20T20:38:06.627+0800] {dag.py:3239} INFO - Sync 1 DAGs
[2025-04-20T20:38:06.692+0800] {logging_mixin.py:190} INFO - [2025-04-20T20:38:06.688+0800] {dag.py:4180} INFO - Setting next_dagrun for example_nested_branch_dag to 2025-04-19 00:00:00+00:00, run_after=2025-04-20 00:00:00+00:00
[2025-04-20T20:38:06.779+0800] {processor.py:208} INFO - Processing /mnt/c/Users/wu_li/OneDrive/Desktop/Airflow_pract/venv/lib/python3.9/site-packages/airflow/example_dags/example_nested_branch_dag.py took 0.272 seconds
[2025-04-20T20:39:30.572+0800] {processor.py:186} INFO - Started process (PID=79192) to work on /mnt/c/Users/wu_li/OneDrive/Desktop/Airflow_pract/venv/lib/python3.9/site-packages/airflow/example_dags/example_nested_branch_dag.py
[2025-04-20T20:39:30.574+0800] {processor.py:914} INFO - Processing file /mnt/c/Users/wu_li/OneDrive/Desktop/Airflow_pract/venv/lib/python3.9/site-packages/airflow/example_dags/example_nested_branch_dag.py for tasks to queue
[2025-04-20T20:39:30.576+0800] {logging_mixin.py:190} INFO - [2025-04-20T20:39:30.575+0800] {dagbag.py:588} INFO - Filling up the DagBag from /mnt/c/Users/wu_li/OneDrive/Desktop/Airflow_pract/venv/lib/python3.9/site-packages/airflow/example_dags/example_nested_branch_dag.py
[2025-04-20T20:39:30.611+0800] {processor.py:925} INFO - DAG(s) 'example_nested_branch_dag' retrieved from /mnt/c/Users/wu_li/OneDrive/Desktop/Airflow_pract/venv/lib/python3.9/site-packages/airflow/example_dags/example_nested_branch_dag.py
[2025-04-20T20:39:30.648+0800] {logging_mixin.py:190} INFO - [2025-04-20T20:39:30.647+0800] {dag.py:3239} INFO - Sync 1 DAGs
[2025-04-20T20:39:30.695+0800] {logging_mixin.py:190} INFO - [2025-04-20T20:39:30.694+0800] {dag.py:4180} INFO - Setting next_dagrun for example_nested_branch_dag to 2025-04-19 00:00:00+00:00, run_after=2025-04-20 00:00:00+00:00
[2025-04-20T20:39:30.763+0800] {processor.py:208} INFO - Processing /mnt/c/Users/wu_li/OneDrive/Desktop/Airflow_pract/venv/lib/python3.9/site-packages/airflow/example_dags/example_nested_branch_dag.py took 0.206 seconds
[2025-04-20T20:41:23.104+0800] {processor.py:186} INFO - Started process (PID=80060) to work on /mnt/c/Users/wu_li/OneDrive/Desktop/Airflow_pract/venv/lib/python3.9/site-packages/airflow/example_dags/example_nested_branch_dag.py
[2025-04-20T20:41:23.106+0800] {processor.py:914} INFO - Processing file /mnt/c/Users/wu_li/OneDrive/Desktop/Airflow_pract/venv/lib/python3.9/site-packages/airflow/example_dags/example_nested_branch_dag.py for tasks to queue
[2025-04-20T20:41:23.110+0800] {logging_mixin.py:190} INFO - [2025-04-20T20:41:23.108+0800] {dagbag.py:588} INFO - Filling up the DagBag from /mnt/c/Users/wu_li/OneDrive/Desktop/Airflow_pract/venv/lib/python3.9/site-packages/airflow/example_dags/example_nested_branch_dag.py
[2025-04-20T20:41:23.144+0800] {processor.py:925} INFO - DAG(s) 'example_nested_branch_dag' retrieved from /mnt/c/Users/wu_li/OneDrive/Desktop/Airflow_pract/venv/lib/python3.9/site-packages/airflow/example_dags/example_nested_branch_dag.py
[2025-04-20T20:41:23.176+0800] {logging_mixin.py:190} INFO - [2025-04-20T20:41:23.175+0800] {dag.py:3239} INFO - Sync 1 DAGs
[2025-04-20T20:41:23.206+0800] {logging_mixin.py:190} INFO - [2025-04-20T20:41:23.205+0800] {dag.py:4180} INFO - Setting next_dagrun for example_nested_branch_dag to 2025-04-19 00:00:00+00:00, run_after=2025-04-20 00:00:00+00:00
[2025-04-20T20:41:23.266+0800] {processor.py:208} INFO - Processing /mnt/c/Users/wu_li/OneDrive/Desktop/Airflow_pract/venv/lib/python3.9/site-packages/airflow/example_dags/example_nested_branch_dag.py took 0.175 seconds
[2025-04-20T20:43:09.855+0800] {processor.py:186} INFO - Started process (PID=81007) to work on /mnt/c/Users/wu_li/OneDrive/Desktop/Airflow_pract/venv/lib/python3.9/site-packages/airflow/example_dags/example_nested_branch_dag.py
[2025-04-20T20:43:09.857+0800] {processor.py:914} INFO - Processing file /mnt/c/Users/wu_li/OneDrive/Desktop/Airflow_pract/venv/lib/python3.9/site-packages/airflow/example_dags/example_nested_branch_dag.py for tasks to queue
[2025-04-20T20:43:09.860+0800] {logging_mixin.py:190} INFO - [2025-04-20T20:43:09.859+0800] {dagbag.py:588} INFO - Filling up the DagBag from /mnt/c/Users/wu_li/OneDrive/Desktop/Airflow_pract/venv/lib/python3.9/site-packages/airflow/example_dags/example_nested_branch_dag.py
[2025-04-20T20:43:09.889+0800] {processor.py:925} INFO - DAG(s) 'example_nested_branch_dag' retrieved from /mnt/c/Users/wu_li/OneDrive/Desktop/Airflow_pract/venv/lib/python3.9/site-packages/airflow/example_dags/example_nested_branch_dag.py
[2025-04-20T20:43:09.918+0800] {logging_mixin.py:190} INFO - [2025-04-20T20:43:09.917+0800] {dag.py:3239} INFO - Sync 1 DAGs
[2025-04-20T20:43:09.942+0800] {logging_mixin.py:190} INFO - [2025-04-20T20:43:09.941+0800] {dag.py:4180} INFO - Setting next_dagrun for example_nested_branch_dag to 2025-04-19 00:00:00+00:00, run_after=2025-04-20 00:00:00+00:00
[2025-04-20T20:43:09.992+0800] {processor.py:208} INFO - Processing /mnt/c/Users/wu_li/OneDrive/Desktop/Airflow_pract/venv/lib/python3.9/site-packages/airflow/example_dags/example_nested_branch_dag.py took 0.147 seconds
[2025-04-20T20:44:46.057+0800] {processor.py:186} INFO - Started process (PID=82012) to work on /mnt/c/Users/wu_li/OneDrive/Desktop/Airflow_pract/venv/lib/python3.9/site-packages/airflow/example_dags/example_nested_branch_dag.py
[2025-04-20T20:44:46.061+0800] {processor.py:914} INFO - Processing file /mnt/c/Users/wu_li/OneDrive/Desktop/Airflow_pract/venv/lib/python3.9/site-packages/airflow/example_dags/example_nested_branch_dag.py for tasks to queue
[2025-04-20T20:44:46.070+0800] {logging_mixin.py:190} INFO - [2025-04-20T20:44:46.066+0800] {dagbag.py:588} INFO - Filling up the DagBag from /mnt/c/Users/wu_li/OneDrive/Desktop/Airflow_pract/venv/lib/python3.9/site-packages/airflow/example_dags/example_nested_branch_dag.py
[2025-04-20T20:44:46.130+0800] {processor.py:925} INFO - DAG(s) 'example_nested_branch_dag' retrieved from /mnt/c/Users/wu_li/OneDrive/Desktop/Airflow_pract/venv/lib/python3.9/site-packages/airflow/example_dags/example_nested_branch_dag.py
[2025-04-20T20:44:46.208+0800] {logging_mixin.py:190} INFO - [2025-04-20T20:44:46.205+0800] {dag.py:3239} INFO - Sync 1 DAGs
[2025-04-20T20:44:46.294+0800] {logging_mixin.py:190} INFO - [2025-04-20T20:44:46.293+0800] {dag.py:4180} INFO - Setting next_dagrun for example_nested_branch_dag to 2025-04-19 00:00:00+00:00, run_after=2025-04-20 00:00:00+00:00
[2025-04-20T20:44:46.415+0800] {processor.py:208} INFO - Processing /mnt/c/Users/wu_li/OneDrive/Desktop/Airflow_pract/venv/lib/python3.9/site-packages/airflow/example_dags/example_nested_branch_dag.py took 0.388 seconds
[2025-04-20T20:46:36.472+0800] {processor.py:186} INFO - Started process (PID=82812) to work on /mnt/c/Users/wu_li/OneDrive/Desktop/Airflow_pract/venv/lib/python3.9/site-packages/airflow/example_dags/example_nested_branch_dag.py
[2025-04-20T20:46:36.474+0800] {processor.py:914} INFO - Processing file /mnt/c/Users/wu_li/OneDrive/Desktop/Airflow_pract/venv/lib/python3.9/site-packages/airflow/example_dags/example_nested_branch_dag.py for tasks to queue
[2025-04-20T20:46:36.476+0800] {logging_mixin.py:190} INFO - [2025-04-20T20:46:36.475+0800] {dagbag.py:588} INFO - Filling up the DagBag from /mnt/c/Users/wu_li/OneDrive/Desktop/Airflow_pract/venv/lib/python3.9/site-packages/airflow/example_dags/example_nested_branch_dag.py
[2025-04-20T20:46:36.510+0800] {processor.py:925} INFO - DAG(s) 'example_nested_branch_dag' retrieved from /mnt/c/Users/wu_li/OneDrive/Desktop/Airflow_pract/venv/lib/python3.9/site-packages/airflow/example_dags/example_nested_branch_dag.py
[2025-04-20T20:46:36.590+0800] {logging_mixin.py:190} INFO - [2025-04-20T20:46:36.578+0800] {dag.py:3239} INFO - Sync 1 DAGs
[2025-04-20T20:46:36.789+0800] {logging_mixin.py:190} INFO - [2025-04-20T20:46:36.788+0800] {dag.py:4180} INFO - Setting next_dagrun for example_nested_branch_dag to 2025-04-19 00:00:00+00:00, run_after=2025-04-20 00:00:00+00:00
[2025-04-20T20:46:36.850+0800] {processor.py:208} INFO - Processing /mnt/c/Users/wu_li/OneDrive/Desktop/Airflow_pract/venv/lib/python3.9/site-packages/airflow/example_dags/example_nested_branch_dag.py took 0.392 seconds
[2025-04-20T20:48:20.256+0800] {processor.py:186} INFO - Started process (PID=83823) to work on /mnt/c/Users/wu_li/OneDrive/Desktop/Airflow_pract/venv/lib/python3.9/site-packages/airflow/example_dags/example_nested_branch_dag.py
[2025-04-20T20:48:20.259+0800] {processor.py:914} INFO - Processing file /mnt/c/Users/wu_li/OneDrive/Desktop/Airflow_pract/venv/lib/python3.9/site-packages/airflow/example_dags/example_nested_branch_dag.py for tasks to queue
[2025-04-20T20:48:20.263+0800] {logging_mixin.py:190} INFO - [2025-04-20T20:48:20.262+0800] {dagbag.py:588} INFO - Filling up the DagBag from /mnt/c/Users/wu_li/OneDrive/Desktop/Airflow_pract/venv/lib/python3.9/site-packages/airflow/example_dags/example_nested_branch_dag.py
[2025-04-20T20:48:20.319+0800] {processor.py:925} INFO - DAG(s) 'example_nested_branch_dag' retrieved from /mnt/c/Users/wu_li/OneDrive/Desktop/Airflow_pract/venv/lib/python3.9/site-packages/airflow/example_dags/example_nested_branch_dag.py
[2025-04-20T20:48:20.369+0800] {logging_mixin.py:190} INFO - [2025-04-20T20:48:20.366+0800] {dag.py:3239} INFO - Sync 1 DAGs
[2025-04-20T20:48:20.440+0800] {logging_mixin.py:190} INFO - [2025-04-20T20:48:20.433+0800] {dag.py:4180} INFO - Setting next_dagrun for example_nested_branch_dag to 2025-04-19 00:00:00+00:00, run_after=2025-04-20 00:00:00+00:00
[2025-04-20T20:48:20.540+0800] {processor.py:208} INFO - Processing /mnt/c/Users/wu_li/OneDrive/Desktop/Airflow_pract/venv/lib/python3.9/site-packages/airflow/example_dags/example_nested_branch_dag.py took 0.302 seconds
[2025-04-20T20:50:13.368+0800] {processor.py:186} INFO - Started process (PID=84622) to work on /mnt/c/Users/wu_li/OneDrive/Desktop/Airflow_pract/venv/lib/python3.9/site-packages/airflow/example_dags/example_nested_branch_dag.py
[2025-04-20T20:50:13.370+0800] {processor.py:914} INFO - Processing file /mnt/c/Users/wu_li/OneDrive/Desktop/Airflow_pract/venv/lib/python3.9/site-packages/airflow/example_dags/example_nested_branch_dag.py for tasks to queue
[2025-04-20T20:50:13.376+0800] {logging_mixin.py:190} INFO - [2025-04-20T20:50:13.375+0800] {dagbag.py:588} INFO - Filling up the DagBag from /mnt/c/Users/wu_li/OneDrive/Desktop/Airflow_pract/venv/lib/python3.9/site-packages/airflow/example_dags/example_nested_branch_dag.py
[2025-04-20T20:50:13.410+0800] {processor.py:925} INFO - DAG(s) 'example_nested_branch_dag' retrieved from /mnt/c/Users/wu_li/OneDrive/Desktop/Airflow_pract/venv/lib/python3.9/site-packages/airflow/example_dags/example_nested_branch_dag.py
[2025-04-20T20:50:13.444+0800] {logging_mixin.py:190} INFO - [2025-04-20T20:50:13.443+0800] {dag.py:3239} INFO - Sync 1 DAGs
[2025-04-20T20:50:13.477+0800] {logging_mixin.py:190} INFO - [2025-04-20T20:50:13.475+0800] {dag.py:4180} INFO - Setting next_dagrun for example_nested_branch_dag to 2025-04-19 00:00:00+00:00, run_after=2025-04-20 00:00:00+00:00
[2025-04-20T20:50:13.552+0800] {processor.py:208} INFO - Processing /mnt/c/Users/wu_li/OneDrive/Desktop/Airflow_pract/venv/lib/python3.9/site-packages/airflow/example_dags/example_nested_branch_dag.py took 0.198 seconds
[2025-04-20T20:52:12.524+0800] {processor.py:186} INFO - Started process (PID=85490) to work on /mnt/c/Users/wu_li/OneDrive/Desktop/Airflow_pract/venv/lib/python3.9/site-packages/airflow/example_dags/example_nested_branch_dag.py
[2025-04-20T20:52:12.527+0800] {processor.py:914} INFO - Processing file /mnt/c/Users/wu_li/OneDrive/Desktop/Airflow_pract/venv/lib/python3.9/site-packages/airflow/example_dags/example_nested_branch_dag.py for tasks to queue
[2025-04-20T20:52:12.542+0800] {logging_mixin.py:190} INFO - [2025-04-20T20:52:12.530+0800] {dagbag.py:588} INFO - Filling up the DagBag from /mnt/c/Users/wu_li/OneDrive/Desktop/Airflow_pract/venv/lib/python3.9/site-packages/airflow/example_dags/example_nested_branch_dag.py
[2025-04-20T20:52:12.631+0800] {processor.py:925} INFO - DAG(s) 'example_nested_branch_dag' retrieved from /mnt/c/Users/wu_li/OneDrive/Desktop/Airflow_pract/venv/lib/python3.9/site-packages/airflow/example_dags/example_nested_branch_dag.py
[2025-04-20T20:52:12.716+0800] {logging_mixin.py:190} INFO - [2025-04-20T20:52:12.715+0800] {dag.py:3239} INFO - Sync 1 DAGs
[2025-04-20T20:52:12.831+0800] {logging_mixin.py:190} INFO - [2025-04-20T20:52:12.829+0800] {dag.py:4180} INFO - Setting next_dagrun for example_nested_branch_dag to 2025-04-19 00:00:00+00:00, run_after=2025-04-20 00:00:00+00:00
[2025-04-20T20:52:12.979+0800] {processor.py:208} INFO - Processing /mnt/c/Users/wu_li/OneDrive/Desktop/Airflow_pract/venv/lib/python3.9/site-packages/airflow/example_dags/example_nested_branch_dag.py took 0.531 seconds
[2025-04-20T20:53:50.479+0800] {processor.py:186} INFO - Started process (PID=86578) to work on /mnt/c/Users/wu_li/OneDrive/Desktop/Airflow_pract/venv/lib/python3.9/site-packages/airflow/example_dags/example_nested_branch_dag.py
[2025-04-20T20:53:50.481+0800] {processor.py:914} INFO - Processing file /mnt/c/Users/wu_li/OneDrive/Desktop/Airflow_pract/venv/lib/python3.9/site-packages/airflow/example_dags/example_nested_branch_dag.py for tasks to queue
[2025-04-20T20:53:50.484+0800] {logging_mixin.py:190} INFO - [2025-04-20T20:53:50.483+0800] {dagbag.py:588} INFO - Filling up the DagBag from /mnt/c/Users/wu_li/OneDrive/Desktop/Airflow_pract/venv/lib/python3.9/site-packages/airflow/example_dags/example_nested_branch_dag.py
[2025-04-20T20:53:50.510+0800] {processor.py:925} INFO - DAG(s) 'example_nested_branch_dag' retrieved from /mnt/c/Users/wu_li/OneDrive/Desktop/Airflow_pract/venv/lib/python3.9/site-packages/airflow/example_dags/example_nested_branch_dag.py
[2025-04-20T20:53:50.536+0800] {logging_mixin.py:190} INFO - [2025-04-20T20:53:50.535+0800] {dag.py:3239} INFO - Sync 1 DAGs
[2025-04-20T20:53:50.565+0800] {logging_mixin.py:190} INFO - [2025-04-20T20:53:50.564+0800] {dag.py:4180} INFO - Setting next_dagrun for example_nested_branch_dag to 2025-04-19 00:00:00+00:00, run_after=2025-04-20 00:00:00+00:00
[2025-04-20T20:53:50.624+0800] {processor.py:208} INFO - Processing /mnt/c/Users/wu_li/OneDrive/Desktop/Airflow_pract/venv/lib/python3.9/site-packages/airflow/example_dags/example_nested_branch_dag.py took 0.155 seconds
[2025-04-20T20:55:17.723+0800] {processor.py:186} INFO - Started process (PID=87437) to work on /mnt/c/Users/wu_li/OneDrive/Desktop/Airflow_pract/venv/lib/python3.9/site-packages/airflow/example_dags/example_nested_branch_dag.py
[2025-04-20T20:55:17.725+0800] {processor.py:914} INFO - Processing file /mnt/c/Users/wu_li/OneDrive/Desktop/Airflow_pract/venv/lib/python3.9/site-packages/airflow/example_dags/example_nested_branch_dag.py for tasks to queue
[2025-04-20T20:55:17.728+0800] {logging_mixin.py:190} INFO - [2025-04-20T20:55:17.726+0800] {dagbag.py:588} INFO - Filling up the DagBag from /mnt/c/Users/wu_li/OneDrive/Desktop/Airflow_pract/venv/lib/python3.9/site-packages/airflow/example_dags/example_nested_branch_dag.py
[2025-04-20T20:55:17.761+0800] {processor.py:925} INFO - DAG(s) 'example_nested_branch_dag' retrieved from /mnt/c/Users/wu_li/OneDrive/Desktop/Airflow_pract/venv/lib/python3.9/site-packages/airflow/example_dags/example_nested_branch_dag.py
[2025-04-20T20:55:17.792+0800] {logging_mixin.py:190} INFO - [2025-04-20T20:55:17.791+0800] {dag.py:3239} INFO - Sync 1 DAGs
[2025-04-20T20:55:17.815+0800] {logging_mixin.py:190} INFO - [2025-04-20T20:55:17.814+0800] {dag.py:4180} INFO - Setting next_dagrun for example_nested_branch_dag to 2025-04-19 00:00:00+00:00, run_after=2025-04-20 00:00:00+00:00
[2025-04-20T20:55:17.865+0800] {processor.py:208} INFO - Processing /mnt/c/Users/wu_li/OneDrive/Desktop/Airflow_pract/venv/lib/python3.9/site-packages/airflow/example_dags/example_nested_branch_dag.py took 0.156 seconds
[2025-04-20T20:56:47.051+0800] {processor.py:186} INFO - Started process (PID=88516) to work on /mnt/c/Users/wu_li/OneDrive/Desktop/Airflow_pract/venv/lib/python3.9/site-packages/airflow/example_dags/example_nested_branch_dag.py
[2025-04-20T20:56:47.053+0800] {processor.py:914} INFO - Processing file /mnt/c/Users/wu_li/OneDrive/Desktop/Airflow_pract/venv/lib/python3.9/site-packages/airflow/example_dags/example_nested_branch_dag.py for tasks to queue
[2025-04-20T20:56:47.055+0800] {logging_mixin.py:190} INFO - [2025-04-20T20:56:47.054+0800] {dagbag.py:588} INFO - Filling up the DagBag from /mnt/c/Users/wu_li/OneDrive/Desktop/Airflow_pract/venv/lib/python3.9/site-packages/airflow/example_dags/example_nested_branch_dag.py
[2025-04-20T20:56:47.084+0800] {processor.py:925} INFO - DAG(s) 'example_nested_branch_dag' retrieved from /mnt/c/Users/wu_li/OneDrive/Desktop/Airflow_pract/venv/lib/python3.9/site-packages/airflow/example_dags/example_nested_branch_dag.py
[2025-04-20T20:56:47.112+0800] {logging_mixin.py:190} INFO - [2025-04-20T20:56:47.112+0800] {dag.py:3239} INFO - Sync 1 DAGs
[2025-04-20T20:56:47.134+0800] {logging_mixin.py:190} INFO - [2025-04-20T20:56:47.133+0800] {dag.py:4180} INFO - Setting next_dagrun for example_nested_branch_dag to 2025-04-19 00:00:00+00:00, run_after=2025-04-20 00:00:00+00:00
[2025-04-20T20:56:47.188+0800] {processor.py:208} INFO - Processing /mnt/c/Users/wu_li/OneDrive/Desktop/Airflow_pract/venv/lib/python3.9/site-packages/airflow/example_dags/example_nested_branch_dag.py took 0.149 seconds
[2025-04-20T20:58:17.688+0800] {processor.py:186} INFO - Started process (PID=89528) to work on /mnt/c/Users/wu_li/OneDrive/Desktop/Airflow_pract/venv/lib/python3.9/site-packages/airflow/example_dags/example_nested_branch_dag.py
[2025-04-20T20:58:17.690+0800] {processor.py:914} INFO - Processing file /mnt/c/Users/wu_li/OneDrive/Desktop/Airflow_pract/venv/lib/python3.9/site-packages/airflow/example_dags/example_nested_branch_dag.py for tasks to queue
[2025-04-20T20:58:17.693+0800] {logging_mixin.py:190} INFO - [2025-04-20T20:58:17.692+0800] {dagbag.py:588} INFO - Filling up the DagBag from /mnt/c/Users/wu_li/OneDrive/Desktop/Airflow_pract/venv/lib/python3.9/site-packages/airflow/example_dags/example_nested_branch_dag.py
[2025-04-20T20:58:17.724+0800] {processor.py:925} INFO - DAG(s) 'example_nested_branch_dag' retrieved from /mnt/c/Users/wu_li/OneDrive/Desktop/Airflow_pract/venv/lib/python3.9/site-packages/airflow/example_dags/example_nested_branch_dag.py
[2025-04-20T20:58:17.751+0800] {logging_mixin.py:190} INFO - [2025-04-20T20:58:17.750+0800] {dag.py:3239} INFO - Sync 1 DAGs
[2025-04-20T20:58:17.776+0800] {logging_mixin.py:190} INFO - [2025-04-20T20:58:17.774+0800] {dag.py:4180} INFO - Setting next_dagrun for example_nested_branch_dag to 2025-04-19 00:00:00+00:00, run_after=2025-04-20 00:00:00+00:00
[2025-04-20T20:58:17.844+0800] {processor.py:208} INFO - Processing /mnt/c/Users/wu_li/OneDrive/Desktop/Airflow_pract/venv/lib/python3.9/site-packages/airflow/example_dags/example_nested_branch_dag.py took 0.167 seconds
[2025-04-20T20:59:45.038+0800] {processor.py:186} INFO - Started process (PID=90603) to work on /mnt/c/Users/wu_li/OneDrive/Desktop/Airflow_pract/venv/lib/python3.9/site-packages/airflow/example_dags/example_nested_branch_dag.py
[2025-04-20T20:59:45.040+0800] {processor.py:914} INFO - Processing file /mnt/c/Users/wu_li/OneDrive/Desktop/Airflow_pract/venv/lib/python3.9/site-packages/airflow/example_dags/example_nested_branch_dag.py for tasks to queue
[2025-04-20T20:59:45.045+0800] {logging_mixin.py:190} INFO - [2025-04-20T20:59:45.043+0800] {dagbag.py:588} INFO - Filling up the DagBag from /mnt/c/Users/wu_li/OneDrive/Desktop/Airflow_pract/venv/lib/python3.9/site-packages/airflow/example_dags/example_nested_branch_dag.py
[2025-04-20T20:59:45.106+0800] {processor.py:925} INFO - DAG(s) 'example_nested_branch_dag' retrieved from /mnt/c/Users/wu_li/OneDrive/Desktop/Airflow_pract/venv/lib/python3.9/site-packages/airflow/example_dags/example_nested_branch_dag.py
[2025-04-20T20:59:45.164+0800] {logging_mixin.py:190} INFO - [2025-04-20T20:59:45.160+0800] {dag.py:3239} INFO - Sync 1 DAGs
[2025-04-20T20:59:45.230+0800] {logging_mixin.py:190} INFO - [2025-04-20T20:59:45.227+0800] {dag.py:4180} INFO - Setting next_dagrun for example_nested_branch_dag to 2025-04-19 00:00:00+00:00, run_after=2025-04-20 00:00:00+00:00
[2025-04-20T20:59:45.329+0800] {processor.py:208} INFO - Processing /mnt/c/Users/wu_li/OneDrive/Desktop/Airflow_pract/venv/lib/python3.9/site-packages/airflow/example_dags/example_nested_branch_dag.py took 0.315 seconds
[2025-04-20T21:01:16.243+0800] {processor.py:186} INFO - Started process (PID=91611) to work on /mnt/c/Users/wu_li/OneDrive/Desktop/Airflow_pract/venv/lib/python3.9/site-packages/airflow/example_dags/example_nested_branch_dag.py
[2025-04-20T21:01:16.246+0800] {processor.py:914} INFO - Processing file /mnt/c/Users/wu_li/OneDrive/Desktop/Airflow_pract/venv/lib/python3.9/site-packages/airflow/example_dags/example_nested_branch_dag.py for tasks to queue
[2025-04-20T21:01:16.250+0800] {logging_mixin.py:190} INFO - [2025-04-20T21:01:16.248+0800] {dagbag.py:588} INFO - Filling up the DagBag from /mnt/c/Users/wu_li/OneDrive/Desktop/Airflow_pract/venv/lib/python3.9/site-packages/airflow/example_dags/example_nested_branch_dag.py
[2025-04-20T21:01:16.294+0800] {processor.py:925} INFO - DAG(s) 'example_nested_branch_dag' retrieved from /mnt/c/Users/wu_li/OneDrive/Desktop/Airflow_pract/venv/lib/python3.9/site-packages/airflow/example_dags/example_nested_branch_dag.py
[2025-04-20T21:01:16.342+0800] {logging_mixin.py:190} INFO - [2025-04-20T21:01:16.340+0800] {dag.py:3239} INFO - Sync 1 DAGs
[2025-04-20T21:01:16.399+0800] {logging_mixin.py:190} INFO - [2025-04-20T21:01:16.395+0800] {dag.py:4180} INFO - Setting next_dagrun for example_nested_branch_dag to 2025-04-19 00:00:00+00:00, run_after=2025-04-20 00:00:00+00:00
[2025-04-20T21:01:16.484+0800] {processor.py:208} INFO - Processing /mnt/c/Users/wu_li/OneDrive/Desktop/Airflow_pract/venv/lib/python3.9/site-packages/airflow/example_dags/example_nested_branch_dag.py took 0.259 seconds
[2025-04-20T21:02:44.243+0800] {processor.py:186} INFO - Started process (PID=92619) to work on /mnt/c/Users/wu_li/OneDrive/Desktop/Airflow_pract/venv/lib/python3.9/site-packages/airflow/example_dags/example_nested_branch_dag.py
[2025-04-20T21:02:44.246+0800] {processor.py:914} INFO - Processing file /mnt/c/Users/wu_li/OneDrive/Desktop/Airflow_pract/venv/lib/python3.9/site-packages/airflow/example_dags/example_nested_branch_dag.py for tasks to queue
[2025-04-20T21:02:44.250+0800] {logging_mixin.py:190} INFO - [2025-04-20T21:02:44.248+0800] {dagbag.py:588} INFO - Filling up the DagBag from /mnt/c/Users/wu_li/OneDrive/Desktop/Airflow_pract/venv/lib/python3.9/site-packages/airflow/example_dags/example_nested_branch_dag.py
[2025-04-20T21:02:44.309+0800] {processor.py:925} INFO - DAG(s) 'example_nested_branch_dag' retrieved from /mnt/c/Users/wu_li/OneDrive/Desktop/Airflow_pract/venv/lib/python3.9/site-packages/airflow/example_dags/example_nested_branch_dag.py
[2025-04-20T21:02:44.363+0800] {logging_mixin.py:190} INFO - [2025-04-20T21:02:44.361+0800] {dag.py:3239} INFO - Sync 1 DAGs
[2025-04-20T21:02:44.411+0800] {logging_mixin.py:190} INFO - [2025-04-20T21:02:44.409+0800] {dag.py:4180} INFO - Setting next_dagrun for example_nested_branch_dag to 2025-04-19 00:00:00+00:00, run_after=2025-04-20 00:00:00+00:00
[2025-04-20T21:02:44.508+0800] {processor.py:208} INFO - Processing /mnt/c/Users/wu_li/OneDrive/Desktop/Airflow_pract/venv/lib/python3.9/site-packages/airflow/example_dags/example_nested_branch_dag.py took 0.292 seconds
[2025-04-20T21:04:12.130+0800] {processor.py:186} INFO - Started process (PID=93697) to work on /mnt/c/Users/wu_li/OneDrive/Desktop/Airflow_pract/venv/lib/python3.9/site-packages/airflow/example_dags/example_nested_branch_dag.py
[2025-04-20T21:04:12.136+0800] {processor.py:914} INFO - Processing file /mnt/c/Users/wu_li/OneDrive/Desktop/Airflow_pract/venv/lib/python3.9/site-packages/airflow/example_dags/example_nested_branch_dag.py for tasks to queue
[2025-04-20T21:04:12.144+0800] {logging_mixin.py:190} INFO - [2025-04-20T21:04:12.142+0800] {dagbag.py:588} INFO - Filling up the DagBag from /mnt/c/Users/wu_li/OneDrive/Desktop/Airflow_pract/venv/lib/python3.9/site-packages/airflow/example_dags/example_nested_branch_dag.py
[2025-04-20T21:04:12.190+0800] {processor.py:925} INFO - DAG(s) 'example_nested_branch_dag' retrieved from /mnt/c/Users/wu_li/OneDrive/Desktop/Airflow_pract/venv/lib/python3.9/site-packages/airflow/example_dags/example_nested_branch_dag.py
[2025-04-20T21:04:12.241+0800] {logging_mixin.py:190} INFO - [2025-04-20T21:04:12.240+0800] {dag.py:3239} INFO - Sync 1 DAGs
[2025-04-20T21:04:12.288+0800] {logging_mixin.py:190} INFO - [2025-04-20T21:04:12.288+0800] {dag.py:4180} INFO - Setting next_dagrun for example_nested_branch_dag to 2025-04-19 00:00:00+00:00, run_after=2025-04-20 00:00:00+00:00
[2025-04-20T21:04:12.376+0800] {processor.py:208} INFO - Processing /mnt/c/Users/wu_li/OneDrive/Desktop/Airflow_pract/venv/lib/python3.9/site-packages/airflow/example_dags/example_nested_branch_dag.py took 0.267 seconds
[2025-04-20T21:05:42.477+0800] {processor.py:186} INFO - Started process (PID=94709) to work on /mnt/c/Users/wu_li/OneDrive/Desktop/Airflow_pract/venv/lib/python3.9/site-packages/airflow/example_dags/example_nested_branch_dag.py
[2025-04-20T21:05:42.478+0800] {processor.py:914} INFO - Processing file /mnt/c/Users/wu_li/OneDrive/Desktop/Airflow_pract/venv/lib/python3.9/site-packages/airflow/example_dags/example_nested_branch_dag.py for tasks to queue
[2025-04-20T21:05:42.481+0800] {logging_mixin.py:190} INFO - [2025-04-20T21:05:42.480+0800] {dagbag.py:588} INFO - Filling up the DagBag from /mnt/c/Users/wu_li/OneDrive/Desktop/Airflow_pract/venv/lib/python3.9/site-packages/airflow/example_dags/example_nested_branch_dag.py
[2025-04-20T21:05:42.508+0800] {processor.py:925} INFO - DAG(s) 'example_nested_branch_dag' retrieved from /mnt/c/Users/wu_li/OneDrive/Desktop/Airflow_pract/venv/lib/python3.9/site-packages/airflow/example_dags/example_nested_branch_dag.py
[2025-04-20T21:05:42.532+0800] {logging_mixin.py:190} INFO - [2025-04-20T21:05:42.532+0800] {dag.py:3239} INFO - Sync 1 DAGs
[2025-04-20T21:05:42.553+0800] {logging_mixin.py:190} INFO - [2025-04-20T21:05:42.552+0800] {dag.py:4180} INFO - Setting next_dagrun for example_nested_branch_dag to 2025-04-19 00:00:00+00:00, run_after=2025-04-20 00:00:00+00:00
[2025-04-20T21:05:42.604+0800] {processor.py:208} INFO - Processing /mnt/c/Users/wu_li/OneDrive/Desktop/Airflow_pract/venv/lib/python3.9/site-packages/airflow/example_dags/example_nested_branch_dag.py took 0.138 seconds
[2025-04-20T21:07:16.109+0800] {processor.py:186} INFO - Started process (PID=95858) to work on /mnt/c/Users/wu_li/OneDrive/Desktop/Airflow_pract/venv/lib/python3.9/site-packages/airflow/example_dags/example_nested_branch_dag.py
[2025-04-20T21:07:16.111+0800] {processor.py:914} INFO - Processing file /mnt/c/Users/wu_li/OneDrive/Desktop/Airflow_pract/venv/lib/python3.9/site-packages/airflow/example_dags/example_nested_branch_dag.py for tasks to queue
[2025-04-20T21:07:16.115+0800] {logging_mixin.py:190} INFO - [2025-04-20T21:07:16.113+0800] {dagbag.py:588} INFO - Filling up the DagBag from /mnt/c/Users/wu_li/OneDrive/Desktop/Airflow_pract/venv/lib/python3.9/site-packages/airflow/example_dags/example_nested_branch_dag.py
[2025-04-20T21:07:16.157+0800] {processor.py:925} INFO - DAG(s) 'example_nested_branch_dag' retrieved from /mnt/c/Users/wu_li/OneDrive/Desktop/Airflow_pract/venv/lib/python3.9/site-packages/airflow/example_dags/example_nested_branch_dag.py
[2025-04-20T21:07:16.204+0800] {logging_mixin.py:190} INFO - [2025-04-20T21:07:16.201+0800] {dag.py:3239} INFO - Sync 1 DAGs
[2025-04-20T21:07:16.245+0800] {logging_mixin.py:190} INFO - [2025-04-20T21:07:16.242+0800] {dag.py:4180} INFO - Setting next_dagrun for example_nested_branch_dag to 2025-04-19 00:00:00+00:00, run_after=2025-04-20 00:00:00+00:00
[2025-04-20T21:07:16.339+0800] {processor.py:208} INFO - Processing /mnt/c/Users/wu_li/OneDrive/Desktop/Airflow_pract/venv/lib/python3.9/site-packages/airflow/example_dags/example_nested_branch_dag.py took 0.248 seconds
[2025-04-20T21:08:46.680+0800] {processor.py:186} INFO - Started process (PID=96939) to work on /mnt/c/Users/wu_li/OneDrive/Desktop/Airflow_pract/venv/lib/python3.9/site-packages/airflow/example_dags/example_nested_branch_dag.py
[2025-04-20T21:08:46.682+0800] {processor.py:914} INFO - Processing file /mnt/c/Users/wu_li/OneDrive/Desktop/Airflow_pract/venv/lib/python3.9/site-packages/airflow/example_dags/example_nested_branch_dag.py for tasks to queue
[2025-04-20T21:08:46.686+0800] {logging_mixin.py:190} INFO - [2025-04-20T21:08:46.685+0800] {dagbag.py:588} INFO - Filling up the DagBag from /mnt/c/Users/wu_li/OneDrive/Desktop/Airflow_pract/venv/lib/python3.9/site-packages/airflow/example_dags/example_nested_branch_dag.py
[2025-04-20T21:08:46.726+0800] {processor.py:925} INFO - DAG(s) 'example_nested_branch_dag' retrieved from /mnt/c/Users/wu_li/OneDrive/Desktop/Airflow_pract/venv/lib/python3.9/site-packages/airflow/example_dags/example_nested_branch_dag.py
[2025-04-20T21:08:46.783+0800] {logging_mixin.py:190} INFO - [2025-04-20T21:08:46.782+0800] {dag.py:3239} INFO - Sync 1 DAGs
[2025-04-20T21:08:46.845+0800] {logging_mixin.py:190} INFO - [2025-04-20T21:08:46.843+0800] {dag.py:4180} INFO - Setting next_dagrun for example_nested_branch_dag to 2025-04-19 00:00:00+00:00, run_after=2025-04-20 00:00:00+00:00
[2025-04-20T21:08:46.927+0800] {processor.py:208} INFO - Processing /mnt/c/Users/wu_li/OneDrive/Desktop/Airflow_pract/venv/lib/python3.9/site-packages/airflow/example_dags/example_nested_branch_dag.py took 0.266 seconds
[2025-04-20T21:10:16.052+0800] {processor.py:186} INFO - Started process (PID=97989) to work on /mnt/c/Users/wu_li/OneDrive/Desktop/Airflow_pract/venv/lib/python3.9/site-packages/airflow/example_dags/example_nested_branch_dag.py
[2025-04-20T21:10:16.053+0800] {processor.py:914} INFO - Processing file /mnt/c/Users/wu_li/OneDrive/Desktop/Airflow_pract/venv/lib/python3.9/site-packages/airflow/example_dags/example_nested_branch_dag.py for tasks to queue
[2025-04-20T21:10:16.056+0800] {logging_mixin.py:190} INFO - [2025-04-20T21:10:16.055+0800] {dagbag.py:588} INFO - Filling up the DagBag from /mnt/c/Users/wu_li/OneDrive/Desktop/Airflow_pract/venv/lib/python3.9/site-packages/airflow/example_dags/example_nested_branch_dag.py
[2025-04-20T21:10:16.086+0800] {processor.py:925} INFO - DAG(s) 'example_nested_branch_dag' retrieved from /mnt/c/Users/wu_li/OneDrive/Desktop/Airflow_pract/venv/lib/python3.9/site-packages/airflow/example_dags/example_nested_branch_dag.py
[2025-04-20T21:10:16.115+0800] {logging_mixin.py:190} INFO - [2025-04-20T21:10:16.114+0800] {dag.py:3239} INFO - Sync 1 DAGs
[2025-04-20T21:10:16.139+0800] {logging_mixin.py:190} INFO - [2025-04-20T21:10:16.138+0800] {dag.py:4180} INFO - Setting next_dagrun for example_nested_branch_dag to 2025-04-19 00:00:00+00:00, run_after=2025-04-20 00:00:00+00:00
[2025-04-20T21:10:16.277+0800] {processor.py:208} INFO - Processing /mnt/c/Users/wu_li/OneDrive/Desktop/Airflow_pract/venv/lib/python3.9/site-packages/airflow/example_dags/example_nested_branch_dag.py took 0.237 seconds
[2025-04-20T21:11:49.275+0800] {processor.py:186} INFO - Started process (PID=99104) to work on /mnt/c/Users/wu_li/OneDrive/Desktop/Airflow_pract/venv/lib/python3.9/site-packages/airflow/example_dags/example_nested_branch_dag.py
[2025-04-20T21:11:49.276+0800] {processor.py:914} INFO - Processing file /mnt/c/Users/wu_li/OneDrive/Desktop/Airflow_pract/venv/lib/python3.9/site-packages/airflow/example_dags/example_nested_branch_dag.py for tasks to queue
[2025-04-20T21:11:49.279+0800] {logging_mixin.py:190} INFO - [2025-04-20T21:11:49.278+0800] {dagbag.py:588} INFO - Filling up the DagBag from /mnt/c/Users/wu_li/OneDrive/Desktop/Airflow_pract/venv/lib/python3.9/site-packages/airflow/example_dags/example_nested_branch_dag.py
[2025-04-20T21:11:49.305+0800] {processor.py:925} INFO - DAG(s) 'example_nested_branch_dag' retrieved from /mnt/c/Users/wu_li/OneDrive/Desktop/Airflow_pract/venv/lib/python3.9/site-packages/airflow/example_dags/example_nested_branch_dag.py
[2025-04-20T21:11:49.331+0800] {logging_mixin.py:190} INFO - [2025-04-20T21:11:49.330+0800] {dag.py:3239} INFO - Sync 1 DAGs
[2025-04-20T21:11:49.353+0800] {logging_mixin.py:190} INFO - [2025-04-20T21:11:49.352+0800] {dag.py:4180} INFO - Setting next_dagrun for example_nested_branch_dag to 2025-04-19 00:00:00+00:00, run_after=2025-04-20 00:00:00+00:00
[2025-04-20T21:11:49.405+0800] {processor.py:208} INFO - Processing /mnt/c/Users/wu_li/OneDrive/Desktop/Airflow_pract/venv/lib/python3.9/site-packages/airflow/example_dags/example_nested_branch_dag.py took 0.143 seconds
[2025-04-20T21:13:20.810+0800] {processor.py:186} INFO - Started process (PID=100182) to work on /mnt/c/Users/wu_li/OneDrive/Desktop/Airflow_pract/venv/lib/python3.9/site-packages/airflow/example_dags/example_nested_branch_dag.py
[2025-04-20T21:13:20.811+0800] {processor.py:914} INFO - Processing file /mnt/c/Users/wu_li/OneDrive/Desktop/Airflow_pract/venv/lib/python3.9/site-packages/airflow/example_dags/example_nested_branch_dag.py for tasks to queue
[2025-04-20T21:13:20.814+0800] {logging_mixin.py:190} INFO - [2025-04-20T21:13:20.813+0800] {dagbag.py:588} INFO - Filling up the DagBag from /mnt/c/Users/wu_li/OneDrive/Desktop/Airflow_pract/venv/lib/python3.9/site-packages/airflow/example_dags/example_nested_branch_dag.py
[2025-04-20T21:13:20.842+0800] {processor.py:925} INFO - DAG(s) 'example_nested_branch_dag' retrieved from /mnt/c/Users/wu_li/OneDrive/Desktop/Airflow_pract/venv/lib/python3.9/site-packages/airflow/example_dags/example_nested_branch_dag.py
[2025-04-20T21:13:20.871+0800] {logging_mixin.py:190} INFO - [2025-04-20T21:13:20.870+0800] {dag.py:3239} INFO - Sync 1 DAGs
[2025-04-20T21:13:20.894+0800] {logging_mixin.py:190} INFO - [2025-04-20T21:13:20.893+0800] {dag.py:4180} INFO - Setting next_dagrun for example_nested_branch_dag to 2025-04-19 00:00:00+00:00, run_after=2025-04-20 00:00:00+00:00
[2025-04-20T21:13:20.950+0800] {processor.py:208} INFO - Processing /mnt/c/Users/wu_li/OneDrive/Desktop/Airflow_pract/venv/lib/python3.9/site-packages/airflow/example_dags/example_nested_branch_dag.py took 0.151 seconds
[2025-04-20T21:14:50.812+0800] {processor.py:186} INFO - Started process (PID=101231) to work on /mnt/c/Users/wu_li/OneDrive/Desktop/Airflow_pract/venv/lib/python3.9/site-packages/airflow/example_dags/example_nested_branch_dag.py
[2025-04-20T21:14:50.814+0800] {processor.py:914} INFO - Processing file /mnt/c/Users/wu_li/OneDrive/Desktop/Airflow_pract/venv/lib/python3.9/site-packages/airflow/example_dags/example_nested_branch_dag.py for tasks to queue
[2025-04-20T21:14:50.816+0800] {logging_mixin.py:190} INFO - [2025-04-20T21:14:50.815+0800] {dagbag.py:588} INFO - Filling up the DagBag from /mnt/c/Users/wu_li/OneDrive/Desktop/Airflow_pract/venv/lib/python3.9/site-packages/airflow/example_dags/example_nested_branch_dag.py
[2025-04-20T21:14:50.845+0800] {processor.py:925} INFO - DAG(s) 'example_nested_branch_dag' retrieved from /mnt/c/Users/wu_li/OneDrive/Desktop/Airflow_pract/venv/lib/python3.9/site-packages/airflow/example_dags/example_nested_branch_dag.py
[2025-04-20T21:14:50.871+0800] {logging_mixin.py:190} INFO - [2025-04-20T21:14:50.870+0800] {dag.py:3239} INFO - Sync 1 DAGs
[2025-04-20T21:14:50.895+0800] {logging_mixin.py:190} INFO - [2025-04-20T21:14:50.894+0800] {dag.py:4180} INFO - Setting next_dagrun for example_nested_branch_dag to 2025-04-19 00:00:00+00:00, run_after=2025-04-20 00:00:00+00:00
[2025-04-20T21:14:50.952+0800] {processor.py:208} INFO - Processing /mnt/c/Users/wu_li/OneDrive/Desktop/Airflow_pract/venv/lib/python3.9/site-packages/airflow/example_dags/example_nested_branch_dag.py took 0.151 seconds
[2025-04-20T21:16:22.432+0800] {processor.py:186} INFO - Started process (PID=102272) to work on /mnt/c/Users/wu_li/OneDrive/Desktop/Airflow_pract/venv/lib/python3.9/site-packages/airflow/example_dags/example_nested_branch_dag.py
[2025-04-20T21:16:22.434+0800] {processor.py:914} INFO - Processing file /mnt/c/Users/wu_li/OneDrive/Desktop/Airflow_pract/venv/lib/python3.9/site-packages/airflow/example_dags/example_nested_branch_dag.py for tasks to queue
[2025-04-20T21:16:22.436+0800] {logging_mixin.py:190} INFO - [2025-04-20T21:16:22.435+0800] {dagbag.py:588} INFO - Filling up the DagBag from /mnt/c/Users/wu_li/OneDrive/Desktop/Airflow_pract/venv/lib/python3.9/site-packages/airflow/example_dags/example_nested_branch_dag.py
[2025-04-20T21:16:22.467+0800] {processor.py:925} INFO - DAG(s) 'example_nested_branch_dag' retrieved from /mnt/c/Users/wu_li/OneDrive/Desktop/Airflow_pract/venv/lib/python3.9/site-packages/airflow/example_dags/example_nested_branch_dag.py
[2025-04-20T21:16:22.496+0800] {logging_mixin.py:190} INFO - [2025-04-20T21:16:22.495+0800] {dag.py:3239} INFO - Sync 1 DAGs
[2025-04-20T21:16:22.520+0800] {logging_mixin.py:190} INFO - [2025-04-20T21:16:22.519+0800] {dag.py:4180} INFO - Setting next_dagrun for example_nested_branch_dag to 2025-04-19 00:00:00+00:00, run_after=2025-04-20 00:00:00+00:00
[2025-04-20T21:16:22.577+0800] {processor.py:208} INFO - Processing /mnt/c/Users/wu_li/OneDrive/Desktop/Airflow_pract/venv/lib/python3.9/site-packages/airflow/example_dags/example_nested_branch_dag.py took 0.158 seconds
[2025-04-20T21:17:48.467+0800] {processor.py:186} INFO - Started process (PID=103282) to work on /mnt/c/Users/wu_li/OneDrive/Desktop/Airflow_pract/venv/lib/python3.9/site-packages/airflow/example_dags/example_nested_branch_dag.py
[2025-04-20T21:17:48.468+0800] {processor.py:914} INFO - Processing file /mnt/c/Users/wu_li/OneDrive/Desktop/Airflow_pract/venv/lib/python3.9/site-packages/airflow/example_dags/example_nested_branch_dag.py for tasks to queue
[2025-04-20T21:17:48.471+0800] {logging_mixin.py:190} INFO - [2025-04-20T21:17:48.470+0800] {dagbag.py:588} INFO - Filling up the DagBag from /mnt/c/Users/wu_li/OneDrive/Desktop/Airflow_pract/venv/lib/python3.9/site-packages/airflow/example_dags/example_nested_branch_dag.py
[2025-04-20T21:17:48.497+0800] {processor.py:925} INFO - DAG(s) 'example_nested_branch_dag' retrieved from /mnt/c/Users/wu_li/OneDrive/Desktop/Airflow_pract/venv/lib/python3.9/site-packages/airflow/example_dags/example_nested_branch_dag.py
[2025-04-20T21:17:48.523+0800] {logging_mixin.py:190} INFO - [2025-04-20T21:17:48.522+0800] {dag.py:3239} INFO - Sync 1 DAGs
[2025-04-20T21:17:48.544+0800] {logging_mixin.py:190} INFO - [2025-04-20T21:17:48.543+0800] {dag.py:4180} INFO - Setting next_dagrun for example_nested_branch_dag to 2025-04-19 00:00:00+00:00, run_after=2025-04-20 00:00:00+00:00
[2025-04-20T21:17:48.596+0800] {processor.py:208} INFO - Processing /mnt/c/Users/wu_li/OneDrive/Desktop/Airflow_pract/venv/lib/python3.9/site-packages/airflow/example_dags/example_nested_branch_dag.py took 0.140 seconds
[2025-04-20T21:19:14.880+0800] {processor.py:186} INFO - Started process (PID=104287) to work on /mnt/c/Users/wu_li/OneDrive/Desktop/Airflow_pract/venv/lib/python3.9/site-packages/airflow/example_dags/example_nested_branch_dag.py
[2025-04-20T21:19:14.882+0800] {processor.py:914} INFO - Processing file /mnt/c/Users/wu_li/OneDrive/Desktop/Airflow_pract/venv/lib/python3.9/site-packages/airflow/example_dags/example_nested_branch_dag.py for tasks to queue
[2025-04-20T21:19:14.885+0800] {logging_mixin.py:190} INFO - [2025-04-20T21:19:14.884+0800] {dagbag.py:588} INFO - Filling up the DagBag from /mnt/c/Users/wu_li/OneDrive/Desktop/Airflow_pract/venv/lib/python3.9/site-packages/airflow/example_dags/example_nested_branch_dag.py
[2025-04-20T21:19:14.912+0800] {processor.py:925} INFO - DAG(s) 'example_nested_branch_dag' retrieved from /mnt/c/Users/wu_li/OneDrive/Desktop/Airflow_pract/venv/lib/python3.9/site-packages/airflow/example_dags/example_nested_branch_dag.py
[2025-04-20T21:19:14.938+0800] {logging_mixin.py:190} INFO - [2025-04-20T21:19:14.937+0800] {dag.py:3239} INFO - Sync 1 DAGs
[2025-04-20T21:19:14.960+0800] {logging_mixin.py:190} INFO - [2025-04-20T21:19:14.959+0800] {dag.py:4180} INFO - Setting next_dagrun for example_nested_branch_dag to 2025-04-19 00:00:00+00:00, run_after=2025-04-20 00:00:00+00:00
[2025-04-20T21:19:15.018+0800] {processor.py:208} INFO - Processing /mnt/c/Users/wu_li/OneDrive/Desktop/Airflow_pract/venv/lib/python3.9/site-packages/airflow/example_dags/example_nested_branch_dag.py took 0.148 seconds
[2025-04-20T21:20:45.260+0800] {processor.py:186} INFO - Started process (PID=105364) to work on /mnt/c/Users/wu_li/OneDrive/Desktop/Airflow_pract/venv/lib/python3.9/site-packages/airflow/example_dags/example_nested_branch_dag.py
[2025-04-20T21:20:45.263+0800] {processor.py:914} INFO - Processing file /mnt/c/Users/wu_li/OneDrive/Desktop/Airflow_pract/venv/lib/python3.9/site-packages/airflow/example_dags/example_nested_branch_dag.py for tasks to queue
[2025-04-20T21:20:45.268+0800] {logging_mixin.py:190} INFO - [2025-04-20T21:20:45.266+0800] {dagbag.py:588} INFO - Filling up the DagBag from /mnt/c/Users/wu_li/OneDrive/Desktop/Airflow_pract/venv/lib/python3.9/site-packages/airflow/example_dags/example_nested_branch_dag.py
[2025-04-20T21:20:45.317+0800] {processor.py:925} INFO - DAG(s) 'example_nested_branch_dag' retrieved from /mnt/c/Users/wu_li/OneDrive/Desktop/Airflow_pract/venv/lib/python3.9/site-packages/airflow/example_dags/example_nested_branch_dag.py
[2025-04-20T21:20:45.369+0800] {logging_mixin.py:190} INFO - [2025-04-20T21:20:45.367+0800] {dag.py:3239} INFO - Sync 1 DAGs
[2025-04-20T21:20:45.433+0800] {logging_mixin.py:190} INFO - [2025-04-20T21:20:45.430+0800] {dag.py:4180} INFO - Setting next_dagrun for example_nested_branch_dag to 2025-04-19 00:00:00+00:00, run_after=2025-04-20 00:00:00+00:00
[2025-04-20T21:20:45.549+0800] {processor.py:208} INFO - Processing /mnt/c/Users/wu_li/OneDrive/Desktop/Airflow_pract/venv/lib/python3.9/site-packages/airflow/example_dags/example_nested_branch_dag.py took 0.307 seconds
[2025-04-20T21:22:18.003+0800] {processor.py:186} INFO - Started process (PID=106443) to work on /mnt/c/Users/wu_li/OneDrive/Desktop/Airflow_pract/venv/lib/python3.9/site-packages/airflow/example_dags/example_nested_branch_dag.py
[2025-04-20T21:22:18.006+0800] {processor.py:914} INFO - Processing file /mnt/c/Users/wu_li/OneDrive/Desktop/Airflow_pract/venv/lib/python3.9/site-packages/airflow/example_dags/example_nested_branch_dag.py for tasks to queue
[2025-04-20T21:22:18.010+0800] {logging_mixin.py:190} INFO - [2025-04-20T21:22:18.009+0800] {dagbag.py:588} INFO - Filling up the DagBag from /mnt/c/Users/wu_li/OneDrive/Desktop/Airflow_pract/venv/lib/python3.9/site-packages/airflow/example_dags/example_nested_branch_dag.py
[2025-04-20T21:22:18.055+0800] {processor.py:925} INFO - DAG(s) 'example_nested_branch_dag' retrieved from /mnt/c/Users/wu_li/OneDrive/Desktop/Airflow_pract/venv/lib/python3.9/site-packages/airflow/example_dags/example_nested_branch_dag.py
[2025-04-20T21:22:18.104+0800] {logging_mixin.py:190} INFO - [2025-04-20T21:22:18.103+0800] {dag.py:3239} INFO - Sync 1 DAGs
[2025-04-20T21:22:18.168+0800] {logging_mixin.py:190} INFO - [2025-04-20T21:22:18.166+0800] {dag.py:4180} INFO - Setting next_dagrun for example_nested_branch_dag to 2025-04-19 00:00:00+00:00, run_after=2025-04-20 00:00:00+00:00
[2025-04-20T21:22:18.255+0800] {processor.py:208} INFO - Processing /mnt/c/Users/wu_li/OneDrive/Desktop/Airflow_pract/venv/lib/python3.9/site-packages/airflow/example_dags/example_nested_branch_dag.py took 0.273 seconds
[2025-04-20T21:23:49.064+0800] {processor.py:186} INFO - Started process (PID=107380) to work on /mnt/c/Users/wu_li/OneDrive/Desktop/Airflow_pract/venv/lib/python3.9/site-packages/airflow/example_dags/example_nested_branch_dag.py
[2025-04-20T21:23:49.066+0800] {processor.py:914} INFO - Processing file /mnt/c/Users/wu_li/OneDrive/Desktop/Airflow_pract/venv/lib/python3.9/site-packages/airflow/example_dags/example_nested_branch_dag.py for tasks to queue
[2025-04-20T21:23:49.070+0800] {logging_mixin.py:190} INFO - [2025-04-20T21:23:49.069+0800] {dagbag.py:588} INFO - Filling up the DagBag from /mnt/c/Users/wu_li/OneDrive/Desktop/Airflow_pract/venv/lib/python3.9/site-packages/airflow/example_dags/example_nested_branch_dag.py
[2025-04-20T21:23:49.114+0800] {processor.py:925} INFO - DAG(s) 'example_nested_branch_dag' retrieved from /mnt/c/Users/wu_li/OneDrive/Desktop/Airflow_pract/venv/lib/python3.9/site-packages/airflow/example_dags/example_nested_branch_dag.py
[2025-04-20T21:23:49.166+0800] {logging_mixin.py:190} INFO - [2025-04-20T21:23:49.164+0800] {dag.py:3239} INFO - Sync 1 DAGs
[2025-04-20T21:23:49.227+0800] {logging_mixin.py:190} INFO - [2025-04-20T21:23:49.224+0800] {dag.py:4180} INFO - Setting next_dagrun for example_nested_branch_dag to 2025-04-19 00:00:00+00:00, run_after=2025-04-20 00:00:00+00:00
[2025-04-20T21:23:49.333+0800] {processor.py:208} INFO - Processing /mnt/c/Users/wu_li/OneDrive/Desktop/Airflow_pract/venv/lib/python3.9/site-packages/airflow/example_dags/example_nested_branch_dag.py took 0.287 seconds
[2025-04-20T21:25:18.643+0800] {processor.py:186} INFO - Started process (PID=108390) to work on /mnt/c/Users/wu_li/OneDrive/Desktop/Airflow_pract/venv/lib/python3.9/site-packages/airflow/example_dags/example_nested_branch_dag.py
[2025-04-20T21:25:18.645+0800] {processor.py:914} INFO - Processing file /mnt/c/Users/wu_li/OneDrive/Desktop/Airflow_pract/venv/lib/python3.9/site-packages/airflow/example_dags/example_nested_branch_dag.py for tasks to queue
[2025-04-20T21:25:18.647+0800] {logging_mixin.py:190} INFO - [2025-04-20T21:25:18.646+0800] {dagbag.py:588} INFO - Filling up the DagBag from /mnt/c/Users/wu_li/OneDrive/Desktop/Airflow_pract/venv/lib/python3.9/site-packages/airflow/example_dags/example_nested_branch_dag.py
[2025-04-20T21:25:18.675+0800] {processor.py:925} INFO - DAG(s) 'example_nested_branch_dag' retrieved from /mnt/c/Users/wu_li/OneDrive/Desktop/Airflow_pract/venv/lib/python3.9/site-packages/airflow/example_dags/example_nested_branch_dag.py
[2025-04-20T21:25:18.700+0800] {logging_mixin.py:190} INFO - [2025-04-20T21:25:18.700+0800] {dag.py:3239} INFO - Sync 1 DAGs
[2025-04-20T21:25:18.724+0800] {logging_mixin.py:190} INFO - [2025-04-20T21:25:18.723+0800] {dag.py:4180} INFO - Setting next_dagrun for example_nested_branch_dag to 2025-04-19 00:00:00+00:00, run_after=2025-04-20 00:00:00+00:00
[2025-04-20T21:25:18.779+0800] {processor.py:208} INFO - Processing /mnt/c/Users/wu_li/OneDrive/Desktop/Airflow_pract/venv/lib/python3.9/site-packages/airflow/example_dags/example_nested_branch_dag.py took 0.148 seconds
[2025-04-20T21:26:50.324+0800] {processor.py:186} INFO - Started process (PID=109467) to work on /mnt/c/Users/wu_li/OneDrive/Desktop/Airflow_pract/venv/lib/python3.9/site-packages/airflow/example_dags/example_nested_branch_dag.py
[2025-04-20T21:26:50.327+0800] {processor.py:914} INFO - Processing file /mnt/c/Users/wu_li/OneDrive/Desktop/Airflow_pract/venv/lib/python3.9/site-packages/airflow/example_dags/example_nested_branch_dag.py for tasks to queue
[2025-04-20T21:26:50.331+0800] {logging_mixin.py:190} INFO - [2025-04-20T21:26:50.330+0800] {dagbag.py:588} INFO - Filling up the DagBag from /mnt/c/Users/wu_li/OneDrive/Desktop/Airflow_pract/venv/lib/python3.9/site-packages/airflow/example_dags/example_nested_branch_dag.py
[2025-04-20T21:26:50.422+0800] {processor.py:925} INFO - DAG(s) 'example_nested_branch_dag' retrieved from /mnt/c/Users/wu_li/OneDrive/Desktop/Airflow_pract/venv/lib/python3.9/site-packages/airflow/example_dags/example_nested_branch_dag.py
[2025-04-20T21:26:50.499+0800] {logging_mixin.py:190} INFO - [2025-04-20T21:26:50.497+0800] {dag.py:3239} INFO - Sync 1 DAGs
[2025-04-20T21:26:50.556+0800] {logging_mixin.py:190} INFO - [2025-04-20T21:26:50.553+0800] {dag.py:4180} INFO - Setting next_dagrun for example_nested_branch_dag to 2025-04-19 00:00:00+00:00, run_after=2025-04-20 00:00:00+00:00
[2025-04-20T21:26:50.652+0800] {processor.py:208} INFO - Processing /mnt/c/Users/wu_li/OneDrive/Desktop/Airflow_pract/venv/lib/python3.9/site-packages/airflow/example_dags/example_nested_branch_dag.py took 0.358 seconds
[2025-04-20T21:28:20.332+0800] {processor.py:186} INFO - Started process (PID=110516) to work on /mnt/c/Users/wu_li/OneDrive/Desktop/Airflow_pract/venv/lib/python3.9/site-packages/airflow/example_dags/example_nested_branch_dag.py
[2025-04-20T21:28:20.334+0800] {processor.py:914} INFO - Processing file /mnt/c/Users/wu_li/OneDrive/Desktop/Airflow_pract/venv/lib/python3.9/site-packages/airflow/example_dags/example_nested_branch_dag.py for tasks to queue
[2025-04-20T21:28:20.336+0800] {logging_mixin.py:190} INFO - [2025-04-20T21:28:20.336+0800] {dagbag.py:588} INFO - Filling up the DagBag from /mnt/c/Users/wu_li/OneDrive/Desktop/Airflow_pract/venv/lib/python3.9/site-packages/airflow/example_dags/example_nested_branch_dag.py
[2025-04-20T21:28:20.365+0800] {processor.py:925} INFO - DAG(s) 'example_nested_branch_dag' retrieved from /mnt/c/Users/wu_li/OneDrive/Desktop/Airflow_pract/venv/lib/python3.9/site-packages/airflow/example_dags/example_nested_branch_dag.py
[2025-04-20T21:28:20.393+0800] {logging_mixin.py:190} INFO - [2025-04-20T21:28:20.392+0800] {dag.py:3239} INFO - Sync 1 DAGs
[2025-04-20T21:28:20.418+0800] {logging_mixin.py:190} INFO - [2025-04-20T21:28:20.416+0800] {dag.py:4180} INFO - Setting next_dagrun for example_nested_branch_dag to 2025-04-19 00:00:00+00:00, run_after=2025-04-20 00:00:00+00:00
[2025-04-20T21:28:20.489+0800] {processor.py:208} INFO - Processing /mnt/c/Users/wu_li/OneDrive/Desktop/Airflow_pract/venv/lib/python3.9/site-packages/airflow/example_dags/example_nested_branch_dag.py took 0.168 seconds
[2025-04-20T21:29:52.347+0800] {processor.py:186} INFO - Started process (PID=111628) to work on /mnt/c/Users/wu_li/OneDrive/Desktop/Airflow_pract/venv/lib/python3.9/site-packages/airflow/example_dags/example_nested_branch_dag.py
[2025-04-20T21:29:52.349+0800] {processor.py:914} INFO - Processing file /mnt/c/Users/wu_li/OneDrive/Desktop/Airflow_pract/venv/lib/python3.9/site-packages/airflow/example_dags/example_nested_branch_dag.py for tasks to queue
[2025-04-20T21:29:52.354+0800] {logging_mixin.py:190} INFO - [2025-04-20T21:29:52.352+0800] {dagbag.py:588} INFO - Filling up the DagBag from /mnt/c/Users/wu_li/OneDrive/Desktop/Airflow_pract/venv/lib/python3.9/site-packages/airflow/example_dags/example_nested_branch_dag.py
[2025-04-20T21:29:52.398+0800] {processor.py:925} INFO - DAG(s) 'example_nested_branch_dag' retrieved from /mnt/c/Users/wu_li/OneDrive/Desktop/Airflow_pract/venv/lib/python3.9/site-packages/airflow/example_dags/example_nested_branch_dag.py
[2025-04-20T21:29:52.450+0800] {logging_mixin.py:190} INFO - [2025-04-20T21:29:52.448+0800] {dag.py:3239} INFO - Sync 1 DAGs
[2025-04-20T21:29:52.521+0800] {logging_mixin.py:190} INFO - [2025-04-20T21:29:52.514+0800] {dag.py:4180} INFO - Setting next_dagrun for example_nested_branch_dag to 2025-04-19 00:00:00+00:00, run_after=2025-04-20 00:00:00+00:00
[2025-04-20T21:29:52.620+0800] {processor.py:208} INFO - Processing /mnt/c/Users/wu_li/OneDrive/Desktop/Airflow_pract/venv/lib/python3.9/site-packages/airflow/example_dags/example_nested_branch_dag.py took 0.290 seconds
[2025-04-20T21:31:24.573+0800] {processor.py:186} INFO - Started process (PID=112638) to work on /mnt/c/Users/wu_li/OneDrive/Desktop/Airflow_pract/venv/lib/python3.9/site-packages/airflow/example_dags/example_nested_branch_dag.py
[2025-04-20T21:31:24.575+0800] {processor.py:914} INFO - Processing file /mnt/c/Users/wu_li/OneDrive/Desktop/Airflow_pract/venv/lib/python3.9/site-packages/airflow/example_dags/example_nested_branch_dag.py for tasks to queue
[2025-04-20T21:31:24.577+0800] {logging_mixin.py:190} INFO - [2025-04-20T21:31:24.576+0800] {dagbag.py:588} INFO - Filling up the DagBag from /mnt/c/Users/wu_li/OneDrive/Desktop/Airflow_pract/venv/lib/python3.9/site-packages/airflow/example_dags/example_nested_branch_dag.py
[2025-04-20T21:31:24.603+0800] {processor.py:925} INFO - DAG(s) 'example_nested_branch_dag' retrieved from /mnt/c/Users/wu_li/OneDrive/Desktop/Airflow_pract/venv/lib/python3.9/site-packages/airflow/example_dags/example_nested_branch_dag.py
[2025-04-20T21:31:24.628+0800] {logging_mixin.py:190} INFO - [2025-04-20T21:31:24.628+0800] {dag.py:3239} INFO - Sync 1 DAGs
[2025-04-20T21:31:24.650+0800] {logging_mixin.py:190} INFO - [2025-04-20T21:31:24.649+0800] {dag.py:4180} INFO - Setting next_dagrun for example_nested_branch_dag to 2025-04-19 00:00:00+00:00, run_after=2025-04-20 00:00:00+00:00
[2025-04-20T21:31:24.700+0800] {processor.py:208} INFO - Processing /mnt/c/Users/wu_li/OneDrive/Desktop/Airflow_pract/venv/lib/python3.9/site-packages/airflow/example_dags/example_nested_branch_dag.py took 0.137 seconds
[2025-04-20T21:32:55.847+0800] {processor.py:186} INFO - Started process (PID=113716) to work on /mnt/c/Users/wu_li/OneDrive/Desktop/Airflow_pract/venv/lib/python3.9/site-packages/airflow/example_dags/example_nested_branch_dag.py
[2025-04-20T21:32:55.850+0800] {processor.py:914} INFO - Processing file /mnt/c/Users/wu_li/OneDrive/Desktop/Airflow_pract/venv/lib/python3.9/site-packages/airflow/example_dags/example_nested_branch_dag.py for tasks to queue
[2025-04-20T21:32:55.854+0800] {logging_mixin.py:190} INFO - [2025-04-20T21:32:55.852+0800] {dagbag.py:588} INFO - Filling up the DagBag from /mnt/c/Users/wu_li/OneDrive/Desktop/Airflow_pract/venv/lib/python3.9/site-packages/airflow/example_dags/example_nested_branch_dag.py
[2025-04-20T21:32:55.899+0800] {processor.py:925} INFO - DAG(s) 'example_nested_branch_dag' retrieved from /mnt/c/Users/wu_li/OneDrive/Desktop/Airflow_pract/venv/lib/python3.9/site-packages/airflow/example_dags/example_nested_branch_dag.py
[2025-04-20T21:32:55.955+0800] {logging_mixin.py:190} INFO - [2025-04-20T21:32:55.950+0800] {dag.py:3239} INFO - Sync 1 DAGs
[2025-04-20T21:32:56.038+0800] {logging_mixin.py:190} INFO - [2025-04-20T21:32:56.037+0800] {dag.py:4180} INFO - Setting next_dagrun for example_nested_branch_dag to 2025-04-19 00:00:00+00:00, run_after=2025-04-20 00:00:00+00:00
[2025-04-20T21:32:56.135+0800] {processor.py:208} INFO - Processing /mnt/c/Users/wu_li/OneDrive/Desktop/Airflow_pract/venv/lib/python3.9/site-packages/airflow/example_dags/example_nested_branch_dag.py took 0.307 seconds
[2025-04-20T21:34:25.634+0800] {processor.py:186} INFO - Started process (PID=114725) to work on /mnt/c/Users/wu_li/OneDrive/Desktop/Airflow_pract/venv/lib/python3.9/site-packages/airflow/example_dags/example_nested_branch_dag.py
[2025-04-20T21:34:25.636+0800] {processor.py:914} INFO - Processing file /mnt/c/Users/wu_li/OneDrive/Desktop/Airflow_pract/venv/lib/python3.9/site-packages/airflow/example_dags/example_nested_branch_dag.py for tasks to queue
[2025-04-20T21:34:25.638+0800] {logging_mixin.py:190} INFO - [2025-04-20T21:34:25.638+0800] {dagbag.py:588} INFO - Filling up the DagBag from /mnt/c/Users/wu_li/OneDrive/Desktop/Airflow_pract/venv/lib/python3.9/site-packages/airflow/example_dags/example_nested_branch_dag.py
[2025-04-20T21:34:25.664+0800] {processor.py:925} INFO - DAG(s) 'example_nested_branch_dag' retrieved from /mnt/c/Users/wu_li/OneDrive/Desktop/Airflow_pract/venv/lib/python3.9/site-packages/airflow/example_dags/example_nested_branch_dag.py
[2025-04-20T21:34:25.691+0800] {logging_mixin.py:190} INFO - [2025-04-20T21:34:25.690+0800] {dag.py:3239} INFO - Sync 1 DAGs
[2025-04-20T21:34:25.712+0800] {logging_mixin.py:190} INFO - [2025-04-20T21:34:25.711+0800] {dag.py:4180} INFO - Setting next_dagrun for example_nested_branch_dag to 2025-04-19 00:00:00+00:00, run_after=2025-04-20 00:00:00+00:00
[2025-04-20T21:34:25.765+0800] {processor.py:208} INFO - Processing /mnt/c/Users/wu_li/OneDrive/Desktop/Airflow_pract/venv/lib/python3.9/site-packages/airflow/example_dags/example_nested_branch_dag.py took 0.141 seconds
[2025-04-20T21:36:03.848+0800] {processor.py:186} INFO - Started process (PID=115879) to work on /mnt/c/Users/wu_li/OneDrive/Desktop/Airflow_pract/venv/lib/python3.9/site-packages/airflow/example_dags/example_nested_branch_dag.py
[2025-04-20T21:36:03.850+0800] {processor.py:914} INFO - Processing file /mnt/c/Users/wu_li/OneDrive/Desktop/Airflow_pract/venv/lib/python3.9/site-packages/airflow/example_dags/example_nested_branch_dag.py for tasks to queue
[2025-04-20T21:36:03.852+0800] {logging_mixin.py:190} INFO - [2025-04-20T21:36:03.851+0800] {dagbag.py:588} INFO - Filling up the DagBag from /mnt/c/Users/wu_li/OneDrive/Desktop/Airflow_pract/venv/lib/python3.9/site-packages/airflow/example_dags/example_nested_branch_dag.py
[2025-04-20T21:36:03.878+0800] {processor.py:925} INFO - DAG(s) 'example_nested_branch_dag' retrieved from /mnt/c/Users/wu_li/OneDrive/Desktop/Airflow_pract/venv/lib/python3.9/site-packages/airflow/example_dags/example_nested_branch_dag.py
[2025-04-20T21:36:03.903+0800] {logging_mixin.py:190} INFO - [2025-04-20T21:36:03.902+0800] {dag.py:3239} INFO - Sync 1 DAGs
[2025-04-20T21:36:03.925+0800] {logging_mixin.py:190} INFO - [2025-04-20T21:36:03.924+0800] {dag.py:4180} INFO - Setting next_dagrun for example_nested_branch_dag to 2025-04-19 00:00:00+00:00, run_after=2025-04-20 00:00:00+00:00
[2025-04-20T21:36:03.972+0800] {processor.py:208} INFO - Processing /mnt/c/Users/wu_li/OneDrive/Desktop/Airflow_pract/venv/lib/python3.9/site-packages/airflow/example_dags/example_nested_branch_dag.py took 0.134 seconds
[2025-04-20T21:37:50.076+0800] {processor.py:186} INFO - Started process (PID=116887) to work on /mnt/c/Users/wu_li/OneDrive/Desktop/Airflow_pract/venv/lib/python3.9/site-packages/airflow/example_dags/example_nested_branch_dag.py
[2025-04-20T21:37:50.078+0800] {processor.py:914} INFO - Processing file /mnt/c/Users/wu_li/OneDrive/Desktop/Airflow_pract/venv/lib/python3.9/site-packages/airflow/example_dags/example_nested_branch_dag.py for tasks to queue
[2025-04-20T21:37:50.083+0800] {logging_mixin.py:190} INFO - [2025-04-20T21:37:50.081+0800] {dagbag.py:588} INFO - Filling up the DagBag from /mnt/c/Users/wu_li/OneDrive/Desktop/Airflow_pract/venv/lib/python3.9/site-packages/airflow/example_dags/example_nested_branch_dag.py
[2025-04-20T21:37:50.140+0800] {processor.py:925} INFO - DAG(s) 'example_nested_branch_dag' retrieved from /mnt/c/Users/wu_li/OneDrive/Desktop/Airflow_pract/venv/lib/python3.9/site-packages/airflow/example_dags/example_nested_branch_dag.py
[2025-04-20T21:37:50.232+0800] {logging_mixin.py:190} INFO - [2025-04-20T21:37:50.228+0800] {dag.py:3239} INFO - Sync 1 DAGs
[2025-04-20T21:37:50.393+0800] {logging_mixin.py:190} INFO - [2025-04-20T21:37:50.384+0800] {dag.py:4180} INFO - Setting next_dagrun for example_nested_branch_dag to 2025-04-19 00:00:00+00:00, run_after=2025-04-20 00:00:00+00:00
[2025-04-20T21:37:50.555+0800] {processor.py:208} INFO - Processing /mnt/c/Users/wu_li/OneDrive/Desktop/Airflow_pract/venv/lib/python3.9/site-packages/airflow/example_dags/example_nested_branch_dag.py took 0.501 seconds
[2025-04-20T21:39:30.296+0800] {processor.py:186} INFO - Started process (PID=118012) to work on /mnt/c/Users/wu_li/OneDrive/Desktop/Airflow_pract/venv/lib/python3.9/site-packages/airflow/example_dags/example_nested_branch_dag.py
[2025-04-20T21:39:30.300+0800] {processor.py:914} INFO - Processing file /mnt/c/Users/wu_li/OneDrive/Desktop/Airflow_pract/venv/lib/python3.9/site-packages/airflow/example_dags/example_nested_branch_dag.py for tasks to queue
[2025-04-20T21:39:30.308+0800] {logging_mixin.py:190} INFO - [2025-04-20T21:39:30.302+0800] {dagbag.py:588} INFO - Filling up the DagBag from /mnt/c/Users/wu_li/OneDrive/Desktop/Airflow_pract/venv/lib/python3.9/site-packages/airflow/example_dags/example_nested_branch_dag.py
[2025-04-20T21:39:30.354+0800] {processor.py:925} INFO - DAG(s) 'example_nested_branch_dag' retrieved from /mnt/c/Users/wu_li/OneDrive/Desktop/Airflow_pract/venv/lib/python3.9/site-packages/airflow/example_dags/example_nested_branch_dag.py
[2025-04-20T21:39:30.414+0800] {logging_mixin.py:190} INFO - [2025-04-20T21:39:30.413+0800] {dag.py:3239} INFO - Sync 1 DAGs
[2025-04-20T21:39:30.470+0800] {logging_mixin.py:190} INFO - [2025-04-20T21:39:30.469+0800] {dag.py:4180} INFO - Setting next_dagrun for example_nested_branch_dag to 2025-04-19 00:00:00+00:00, run_after=2025-04-20 00:00:00+00:00
[2025-04-20T21:39:30.573+0800] {processor.py:208} INFO - Processing /mnt/c/Users/wu_li/OneDrive/Desktop/Airflow_pract/venv/lib/python3.9/site-packages/airflow/example_dags/example_nested_branch_dag.py took 0.294 seconds
[2025-04-20T21:40:56.698+0800] {processor.py:186} INFO - Started process (PID=118985) to work on /mnt/c/Users/wu_li/OneDrive/Desktop/Airflow_pract/venv/lib/python3.9/site-packages/airflow/example_dags/example_nested_branch_dag.py
[2025-04-20T21:40:56.700+0800] {processor.py:914} INFO - Processing file /mnt/c/Users/wu_li/OneDrive/Desktop/Airflow_pract/venv/lib/python3.9/site-packages/airflow/example_dags/example_nested_branch_dag.py for tasks to queue
[2025-04-20T21:40:56.702+0800] {logging_mixin.py:190} INFO - [2025-04-20T21:40:56.701+0800] {dagbag.py:588} INFO - Filling up the DagBag from /mnt/c/Users/wu_li/OneDrive/Desktop/Airflow_pract/venv/lib/python3.9/site-packages/airflow/example_dags/example_nested_branch_dag.py
[2025-04-20T21:40:56.734+0800] {processor.py:925} INFO - DAG(s) 'example_nested_branch_dag' retrieved from /mnt/c/Users/wu_li/OneDrive/Desktop/Airflow_pract/venv/lib/python3.9/site-packages/airflow/example_dags/example_nested_branch_dag.py
[2025-04-20T21:40:56.763+0800] {logging_mixin.py:190} INFO - [2025-04-20T21:40:56.762+0800] {dag.py:3239} INFO - Sync 1 DAGs
[2025-04-20T21:40:56.806+0800] {logging_mixin.py:190} INFO - [2025-04-20T21:40:56.805+0800] {dag.py:4180} INFO - Setting next_dagrun for example_nested_branch_dag to 2025-04-19 00:00:00+00:00, run_after=2025-04-20 00:00:00+00:00
[2025-04-20T21:40:56.898+0800] {processor.py:208} INFO - Processing /mnt/c/Users/wu_li/OneDrive/Desktop/Airflow_pract/venv/lib/python3.9/site-packages/airflow/example_dags/example_nested_branch_dag.py took 0.215 seconds
[2025-04-20T21:42:28.120+0800] {processor.py:186} INFO - Started process (PID=119885) to work on /mnt/c/Users/wu_li/OneDrive/Desktop/Airflow_pract/venv/lib/python3.9/site-packages/airflow/example_dags/example_nested_branch_dag.py
[2025-04-20T21:42:28.122+0800] {processor.py:914} INFO - Processing file /mnt/c/Users/wu_li/OneDrive/Desktop/Airflow_pract/venv/lib/python3.9/site-packages/airflow/example_dags/example_nested_branch_dag.py for tasks to queue
[2025-04-20T21:42:28.125+0800] {logging_mixin.py:190} INFO - [2025-04-20T21:42:28.124+0800] {dagbag.py:588} INFO - Filling up the DagBag from /mnt/c/Users/wu_li/OneDrive/Desktop/Airflow_pract/venv/lib/python3.9/site-packages/airflow/example_dags/example_nested_branch_dag.py
[2025-04-20T21:42:28.166+0800] {processor.py:925} INFO - DAG(s) 'example_nested_branch_dag' retrieved from /mnt/c/Users/wu_li/OneDrive/Desktop/Airflow_pract/venv/lib/python3.9/site-packages/airflow/example_dags/example_nested_branch_dag.py
[2025-04-20T21:42:28.199+0800] {logging_mixin.py:190} INFO - [2025-04-20T21:42:28.198+0800] {dag.py:3239} INFO - Sync 1 DAGs
[2025-04-20T21:42:28.225+0800] {logging_mixin.py:190} INFO - [2025-04-20T21:42:28.224+0800] {dag.py:4180} INFO - Setting next_dagrun for example_nested_branch_dag to 2025-04-19 00:00:00+00:00, run_after=2025-04-20 00:00:00+00:00
[2025-04-20T21:42:28.301+0800] {processor.py:208} INFO - Processing /mnt/c/Users/wu_li/OneDrive/Desktop/Airflow_pract/venv/lib/python3.9/site-packages/airflow/example_dags/example_nested_branch_dag.py took 0.196 seconds
[2025-04-20T21:44:09.225+0800] {processor.py:186} INFO - Started process (PID=120789) to work on /mnt/c/Users/wu_li/OneDrive/Desktop/Airflow_pract/venv/lib/python3.9/site-packages/airflow/example_dags/example_nested_branch_dag.py
[2025-04-20T21:44:09.234+0800] {processor.py:914} INFO - Processing file /mnt/c/Users/wu_li/OneDrive/Desktop/Airflow_pract/venv/lib/python3.9/site-packages/airflow/example_dags/example_nested_branch_dag.py for tasks to queue
[2025-04-20T21:44:09.238+0800] {logging_mixin.py:190} INFO - [2025-04-20T21:44:09.236+0800] {dagbag.py:588} INFO - Filling up the DagBag from /mnt/c/Users/wu_li/OneDrive/Desktop/Airflow_pract/venv/lib/python3.9/site-packages/airflow/example_dags/example_nested_branch_dag.py
[2025-04-20T21:44:09.291+0800] {processor.py:925} INFO - DAG(s) 'example_nested_branch_dag' retrieved from /mnt/c/Users/wu_li/OneDrive/Desktop/Airflow_pract/venv/lib/python3.9/site-packages/airflow/example_dags/example_nested_branch_dag.py
[2025-04-20T21:44:09.352+0800] {logging_mixin.py:190} INFO - [2025-04-20T21:44:09.351+0800] {dag.py:3239} INFO - Sync 1 DAGs
[2025-04-20T21:44:09.419+0800] {logging_mixin.py:190} INFO - [2025-04-20T21:44:09.416+0800] {dag.py:4180} INFO - Setting next_dagrun for example_nested_branch_dag to 2025-04-19 00:00:00+00:00, run_after=2025-04-20 00:00:00+00:00
[2025-04-20T21:44:09.512+0800] {processor.py:208} INFO - Processing /mnt/c/Users/wu_li/OneDrive/Desktop/Airflow_pract/venv/lib/python3.9/site-packages/airflow/example_dags/example_nested_branch_dag.py took 0.304 seconds
[2025-04-20T21:45:38.971+0800] {processor.py:186} INFO - Started process (PID=121806) to work on /mnt/c/Users/wu_li/OneDrive/Desktop/Airflow_pract/venv/lib/python3.9/site-packages/airflow/example_dags/example_nested_branch_dag.py
[2025-04-20T21:45:38.973+0800] {processor.py:914} INFO - Processing file /mnt/c/Users/wu_li/OneDrive/Desktop/Airflow_pract/venv/lib/python3.9/site-packages/airflow/example_dags/example_nested_branch_dag.py for tasks to queue
[2025-04-20T21:45:38.976+0800] {logging_mixin.py:190} INFO - [2025-04-20T21:45:38.975+0800] {dagbag.py:588} INFO - Filling up the DagBag from /mnt/c/Users/wu_li/OneDrive/Desktop/Airflow_pract/venv/lib/python3.9/site-packages/airflow/example_dags/example_nested_branch_dag.py
[2025-04-20T21:45:39.015+0800] {processor.py:925} INFO - DAG(s) 'example_nested_branch_dag' retrieved from /mnt/c/Users/wu_li/OneDrive/Desktop/Airflow_pract/venv/lib/python3.9/site-packages/airflow/example_dags/example_nested_branch_dag.py
[2025-04-20T21:45:39.060+0800] {logging_mixin.py:190} INFO - [2025-04-20T21:45:39.059+0800] {dag.py:3239} INFO - Sync 1 DAGs
[2025-04-20T21:45:39.112+0800] {logging_mixin.py:190} INFO - [2025-04-20T21:45:39.111+0800] {dag.py:4180} INFO - Setting next_dagrun for example_nested_branch_dag to 2025-04-19 00:00:00+00:00, run_after=2025-04-20 00:00:00+00:00
[2025-04-20T21:45:39.195+0800] {processor.py:208} INFO - Processing /mnt/c/Users/wu_li/OneDrive/Desktop/Airflow_pract/venv/lib/python3.9/site-packages/airflow/example_dags/example_nested_branch_dag.py took 0.251 seconds
[2025-04-20T21:47:33.005+0800] {processor.py:186} INFO - Started process (PID=122539) to work on /mnt/c/Users/wu_li/OneDrive/Desktop/Airflow_pract/venv/lib/python3.9/site-packages/airflow/example_dags/example_nested_branch_dag.py
[2025-04-20T21:47:33.007+0800] {processor.py:914} INFO - Processing file /mnt/c/Users/wu_li/OneDrive/Desktop/Airflow_pract/venv/lib/python3.9/site-packages/airflow/example_dags/example_nested_branch_dag.py for tasks to queue
[2025-04-20T21:47:33.017+0800] {logging_mixin.py:190} INFO - [2025-04-20T21:47:33.013+0800] {dagbag.py:588} INFO - Filling up the DagBag from /mnt/c/Users/wu_li/OneDrive/Desktop/Airflow_pract/venv/lib/python3.9/site-packages/airflow/example_dags/example_nested_branch_dag.py
[2025-04-20T21:47:33.090+0800] {processor.py:925} INFO - DAG(s) 'example_nested_branch_dag' retrieved from /mnt/c/Users/wu_li/OneDrive/Desktop/Airflow_pract/venv/lib/python3.9/site-packages/airflow/example_dags/example_nested_branch_dag.py
[2025-04-20T21:47:33.197+0800] {logging_mixin.py:190} INFO - [2025-04-20T21:47:33.194+0800] {dag.py:3239} INFO - Sync 1 DAGs
[2025-04-20T21:47:33.273+0800] {logging_mixin.py:190} INFO - [2025-04-20T21:47:33.267+0800] {dag.py:4180} INFO - Setting next_dagrun for example_nested_branch_dag to 2025-04-19 00:00:00+00:00, run_after=2025-04-20 00:00:00+00:00
[2025-04-20T21:47:33.404+0800] {processor.py:208} INFO - Processing /mnt/c/Users/wu_li/OneDrive/Desktop/Airflow_pract/venv/lib/python3.9/site-packages/airflow/example_dags/example_nested_branch_dag.py took 0.428 seconds
[2025-04-20T21:49:07.068+0800] {processor.py:186} INFO - Started process (PID=123666) to work on /mnt/c/Users/wu_li/OneDrive/Desktop/Airflow_pract/venv/lib/python3.9/site-packages/airflow/example_dags/example_nested_branch_dag.py
[2025-04-20T21:49:07.069+0800] {processor.py:914} INFO - Processing file /mnt/c/Users/wu_li/OneDrive/Desktop/Airflow_pract/venv/lib/python3.9/site-packages/airflow/example_dags/example_nested_branch_dag.py for tasks to queue
[2025-04-20T21:49:07.072+0800] {logging_mixin.py:190} INFO - [2025-04-20T21:49:07.071+0800] {dagbag.py:588} INFO - Filling up the DagBag from /mnt/c/Users/wu_li/OneDrive/Desktop/Airflow_pract/venv/lib/python3.9/site-packages/airflow/example_dags/example_nested_branch_dag.py
[2025-04-20T21:49:07.103+0800] {processor.py:925} INFO - DAG(s) 'example_nested_branch_dag' retrieved from /mnt/c/Users/wu_li/OneDrive/Desktop/Airflow_pract/venv/lib/python3.9/site-packages/airflow/example_dags/example_nested_branch_dag.py
[2025-04-20T21:49:07.148+0800] {logging_mixin.py:190} INFO - [2025-04-20T21:49:07.147+0800] {dag.py:3239} INFO - Sync 1 DAGs
[2025-04-20T21:49:07.175+0800] {logging_mixin.py:190} INFO - [2025-04-20T21:49:07.174+0800] {dag.py:4180} INFO - Setting next_dagrun for example_nested_branch_dag to 2025-04-19 00:00:00+00:00, run_after=2025-04-20 00:00:00+00:00
[2025-04-20T21:49:07.240+0800] {processor.py:208} INFO - Processing /mnt/c/Users/wu_li/OneDrive/Desktop/Airflow_pract/venv/lib/python3.9/site-packages/airflow/example_dags/example_nested_branch_dag.py took 0.185 seconds
[2025-04-20T21:50:53.613+0800] {processor.py:186} INFO - Started process (PID=124490) to work on /mnt/c/Users/wu_li/OneDrive/Desktop/Airflow_pract/venv/lib/python3.9/site-packages/airflow/example_dags/example_nested_branch_dag.py
[2025-04-20T21:50:53.629+0800] {processor.py:914} INFO - Processing file /mnt/c/Users/wu_li/OneDrive/Desktop/Airflow_pract/venv/lib/python3.9/site-packages/airflow/example_dags/example_nested_branch_dag.py for tasks to queue
[2025-04-20T21:50:53.645+0800] {logging_mixin.py:190} INFO - [2025-04-20T21:50:53.634+0800] {dagbag.py:588} INFO - Filling up the DagBag from /mnt/c/Users/wu_li/OneDrive/Desktop/Airflow_pract/venv/lib/python3.9/site-packages/airflow/example_dags/example_nested_branch_dag.py
[2025-04-20T21:50:53.703+0800] {processor.py:925} INFO - DAG(s) 'example_nested_branch_dag' retrieved from /mnt/c/Users/wu_li/OneDrive/Desktop/Airflow_pract/venv/lib/python3.9/site-packages/airflow/example_dags/example_nested_branch_dag.py
[2025-04-20T21:50:53.783+0800] {logging_mixin.py:190} INFO - [2025-04-20T21:50:53.780+0800] {dag.py:3239} INFO - Sync 1 DAGs
[2025-04-20T21:50:53.931+0800] {logging_mixin.py:190} INFO - [2025-04-20T21:50:53.922+0800] {dag.py:4180} INFO - Setting next_dagrun for example_nested_branch_dag to 2025-04-19 00:00:00+00:00, run_after=2025-04-20 00:00:00+00:00
[2025-04-20T21:50:54.239+0800] {processor.py:208} INFO - Processing /mnt/c/Users/wu_li/OneDrive/Desktop/Airflow_pract/venv/lib/python3.9/site-packages/airflow/example_dags/example_nested_branch_dag.py took 0.724 seconds
