[2025-04-20T20:12:21.694+0800] {processor.py:186} INFO - Started process (PID=64078) to work on /mnt/c/Users/wu_li/OneDrive/Desktop/Airflow_pract/venv/lib/python3.9/site-packages/airflow/example_dags/example_display_name.py
[2025-04-20T20:12:21.701+0800] {processor.py:914} INFO - Processing file /mnt/c/Users/wu_li/OneDrive/Desktop/Airflow_pract/venv/lib/python3.9/site-packages/airflow/example_dags/example_display_name.py for tasks to queue
[2025-04-20T20:12:21.714+0800] {logging_mixin.py:190} INFO - [2025-04-20T20:12:21.710+0800] {dagbag.py:588} INFO - Filling up the DagBag from /mnt/c/Users/wu_li/OneDrive/Desktop/Airflow_pract/venv/lib/python3.9/site-packages/airflow/example_dags/example_display_name.py
[2025-04-20T20:12:21.863+0800] {processor.py:925} INFO - DAG(s) 'example_display_name' retrieved from /mnt/c/Users/wu_li/OneDrive/Desktop/Airflow_pract/venv/lib/python3.9/site-packages/airflow/example_dags/example_display_name.py
[2025-04-20T20:12:24.135+0800] {logging_mixin.py:190} INFO - [2025-04-20T20:12:24.133+0800] {override.py:1912} INFO - Created Permission View: can delete on DAG:example_display_name
[2025-04-20T20:12:24.193+0800] {logging_mixin.py:190} INFO - [2025-04-20T20:12:24.192+0800] {override.py:1912} INFO - Created Permission View: can read on DAG:example_display_name
[2025-04-20T20:12:24.239+0800] {logging_mixin.py:190} INFO - [2025-04-20T20:12:24.237+0800] {override.py:1912} INFO - Created Permission View: can edit on DAG:example_display_name
[2025-04-20T20:12:24.326+0800] {logging_mixin.py:190} INFO - [2025-04-20T20:12:24.324+0800] {override.py:1912} INFO - Created Permission View: can delete on DAG Run:example_display_name
[2025-04-20T20:12:24.374+0800] {logging_mixin.py:190} INFO - [2025-04-20T20:12:24.372+0800] {override.py:1912} INFO - Created Permission View: can read on DAG Run:example_display_name
[2025-04-20T20:12:24.416+0800] {logging_mixin.py:190} INFO - [2025-04-20T20:12:24.414+0800] {override.py:1912} INFO - Created Permission View: can create on DAG Run:example_display_name
[2025-04-20T20:12:24.464+0800] {logging_mixin.py:190} INFO - [2025-04-20T20:12:24.462+0800] {override.py:1912} INFO - Created Permission View: menu access on DAG Run:example_display_name
[2025-04-20T20:12:24.466+0800] {logging_mixin.py:190} INFO - [2025-04-20T20:12:24.465+0800] {dag.py:3239} INFO - Sync 1 DAGs
[2025-04-20T20:12:24.509+0800] {logging_mixin.py:190} INFO - [2025-04-20T20:12:24.504+0800] {dag.py:3262} INFO - Creating ORM DAG for example_display_name
[2025-04-20T20:12:24.512+0800] {logging_mixin.py:190} INFO - [2025-04-20T20:12:24.511+0800] {dag.py:4180} INFO - Setting next_dagrun for example_display_name to None, run_after=None
[2025-04-20T20:12:24.607+0800] {processor.py:208} INFO - Processing /mnt/c/Users/wu_li/OneDrive/Desktop/Airflow_pract/venv/lib/python3.9/site-packages/airflow/example_dags/example_display_name.py took 2.934 seconds
[2025-04-20T20:17:49.911+0800] {processor.py:186} INFO - Started process (PID=68120) to work on /mnt/c/Users/wu_li/OneDrive/Desktop/Airflow_pract/venv/lib/python3.9/site-packages/airflow/example_dags/example_display_name.py
[2025-04-20T20:17:49.914+0800] {processor.py:914} INFO - Processing file /mnt/c/Users/wu_li/OneDrive/Desktop/Airflow_pract/venv/lib/python3.9/site-packages/airflow/example_dags/example_display_name.py for tasks to queue
[2025-04-20T20:17:49.919+0800] {logging_mixin.py:190} INFO - [2025-04-20T20:17:49.918+0800] {dagbag.py:588} INFO - Filling up the DagBag from /mnt/c/Users/wu_li/OneDrive/Desktop/Airflow_pract/venv/lib/python3.9/site-packages/airflow/example_dags/example_display_name.py
[2025-04-20T20:17:50.121+0800] {processor.py:925} INFO - DAG(s) 'example_display_name' retrieved from /mnt/c/Users/wu_li/OneDrive/Desktop/Airflow_pract/venv/lib/python3.9/site-packages/airflow/example_dags/example_display_name.py
[2025-04-20T20:17:50.146+0800] {logging_mixin.py:190} INFO - [2025-04-20T20:17:50.145+0800] {dag.py:3239} INFO - Sync 1 DAGs
[2025-04-20T20:17:50.168+0800] {logging_mixin.py:190} INFO - [2025-04-20T20:17:50.166+0800] {dag.py:4180} INFO - Setting next_dagrun for example_display_name to None, run_after=None
[2025-04-20T20:17:50.257+0800] {processor.py:208} INFO - Processing /mnt/c/Users/wu_li/OneDrive/Desktop/Airflow_pract/venv/lib/python3.9/site-packages/airflow/example_dags/example_display_name.py took 0.357 seconds
[2025-04-20T20:19:33.601+0800] {processor.py:186} INFO - Started process (PID=69328) to work on /mnt/c/Users/wu_li/OneDrive/Desktop/Airflow_pract/venv/lib/python3.9/site-packages/airflow/example_dags/example_display_name.py
[2025-04-20T20:19:33.603+0800] {processor.py:914} INFO - Processing file /mnt/c/Users/wu_li/OneDrive/Desktop/Airflow_pract/venv/lib/python3.9/site-packages/airflow/example_dags/example_display_name.py for tasks to queue
[2025-04-20T20:19:33.607+0800] {logging_mixin.py:190} INFO - [2025-04-20T20:19:33.606+0800] {dagbag.py:588} INFO - Filling up the DagBag from /mnt/c/Users/wu_li/OneDrive/Desktop/Airflow_pract/venv/lib/python3.9/site-packages/airflow/example_dags/example_display_name.py
[2025-04-20T20:19:33.676+0800] {processor.py:925} INFO - DAG(s) 'example_display_name' retrieved from /mnt/c/Users/wu_li/OneDrive/Desktop/Airflow_pract/venv/lib/python3.9/site-packages/airflow/example_dags/example_display_name.py
[2025-04-20T20:19:33.706+0800] {logging_mixin.py:190} INFO - [2025-04-20T20:19:33.705+0800] {dag.py:3239} INFO - Sync 1 DAGs
[2025-04-20T20:19:33.722+0800] {logging_mixin.py:190} INFO - [2025-04-20T20:19:33.721+0800] {dag.py:4180} INFO - Setting next_dagrun for example_display_name to None, run_after=None
[2025-04-20T20:19:33.783+0800] {processor.py:208} INFO - Processing /mnt/c/Users/wu_li/OneDrive/Desktop/Airflow_pract/venv/lib/python3.9/site-packages/airflow/example_dags/example_display_name.py took 0.194 seconds
[2025-04-20T20:21:28.988+0800] {processor.py:186} INFO - Started process (PID=70368) to work on /mnt/c/Users/wu_li/OneDrive/Desktop/Airflow_pract/venv/lib/python3.9/site-packages/airflow/example_dags/example_display_name.py
[2025-04-20T20:21:28.990+0800] {processor.py:914} INFO - Processing file /mnt/c/Users/wu_li/OneDrive/Desktop/Airflow_pract/venv/lib/python3.9/site-packages/airflow/example_dags/example_display_name.py for tasks to queue
[2025-04-20T20:21:28.996+0800] {logging_mixin.py:190} INFO - [2025-04-20T20:21:28.994+0800] {dagbag.py:588} INFO - Filling up the DagBag from /mnt/c/Users/wu_li/OneDrive/Desktop/Airflow_pract/venv/lib/python3.9/site-packages/airflow/example_dags/example_display_name.py
[2025-04-20T20:21:29.159+0800] {processor.py:925} INFO - DAG(s) 'example_display_name' retrieved from /mnt/c/Users/wu_li/OneDrive/Desktop/Airflow_pract/venv/lib/python3.9/site-packages/airflow/example_dags/example_display_name.py
[2025-04-20T20:21:29.264+0800] {logging_mixin.py:190} INFO - [2025-04-20T20:21:29.250+0800] {dag.py:3239} INFO - Sync 1 DAGs
[2025-04-20T20:21:29.313+0800] {logging_mixin.py:190} INFO - [2025-04-20T20:21:29.312+0800] {dag.py:4180} INFO - Setting next_dagrun for example_display_name to None, run_after=None
[2025-04-20T20:21:29.380+0800] {processor.py:208} INFO - Processing /mnt/c/Users/wu_li/OneDrive/Desktop/Airflow_pract/venv/lib/python3.9/site-packages/airflow/example_dags/example_display_name.py took 0.410 seconds
[2025-04-20T20:23:25.940+0800] {processor.py:186} INFO - Started process (PID=71278) to work on /mnt/c/Users/wu_li/OneDrive/Desktop/Airflow_pract/venv/lib/python3.9/site-packages/airflow/example_dags/example_display_name.py
[2025-04-20T20:23:25.943+0800] {processor.py:914} INFO - Processing file /mnt/c/Users/wu_li/OneDrive/Desktop/Airflow_pract/venv/lib/python3.9/site-packages/airflow/example_dags/example_display_name.py for tasks to queue
[2025-04-20T20:23:25.949+0800] {logging_mixin.py:190} INFO - [2025-04-20T20:23:25.948+0800] {dagbag.py:588} INFO - Filling up the DagBag from /mnt/c/Users/wu_li/OneDrive/Desktop/Airflow_pract/venv/lib/python3.9/site-packages/airflow/example_dags/example_display_name.py
[2025-04-20T20:23:26.060+0800] {processor.py:925} INFO - DAG(s) 'example_display_name' retrieved from /mnt/c/Users/wu_li/OneDrive/Desktop/Airflow_pract/venv/lib/python3.9/site-packages/airflow/example_dags/example_display_name.py
[2025-04-20T20:23:26.116+0800] {logging_mixin.py:190} INFO - [2025-04-20T20:23:26.114+0800] {dag.py:3239} INFO - Sync 1 DAGs
[2025-04-20T20:23:26.147+0800] {logging_mixin.py:190} INFO - [2025-04-20T20:23:26.145+0800] {dag.py:4180} INFO - Setting next_dagrun for example_display_name to None, run_after=None
[2025-04-20T20:23:26.282+0800] {processor.py:208} INFO - Processing /mnt/c/Users/wu_li/OneDrive/Desktop/Airflow_pract/venv/lib/python3.9/site-packages/airflow/example_dags/example_display_name.py took 0.361 seconds
[2025-04-20T20:25:25.023+0800] {processor.py:186} INFO - Started process (PID=72309) to work on /mnt/c/Users/wu_li/OneDrive/Desktop/Airflow_pract/venv/lib/python3.9/site-packages/airflow/example_dags/example_display_name.py
[2025-04-20T20:25:25.025+0800] {processor.py:914} INFO - Processing file /mnt/c/Users/wu_li/OneDrive/Desktop/Airflow_pract/venv/lib/python3.9/site-packages/airflow/example_dags/example_display_name.py for tasks to queue
[2025-04-20T20:25:25.029+0800] {logging_mixin.py:190} INFO - [2025-04-20T20:25:25.028+0800] {dagbag.py:588} INFO - Filling up the DagBag from /mnt/c/Users/wu_li/OneDrive/Desktop/Airflow_pract/venv/lib/python3.9/site-packages/airflow/example_dags/example_display_name.py
[2025-04-20T20:25:25.119+0800] {processor.py:925} INFO - DAG(s) 'example_display_name' retrieved from /mnt/c/Users/wu_li/OneDrive/Desktop/Airflow_pract/venv/lib/python3.9/site-packages/airflow/example_dags/example_display_name.py
[2025-04-20T20:25:25.156+0800] {logging_mixin.py:190} INFO - [2025-04-20T20:25:25.154+0800] {dag.py:3239} INFO - Sync 1 DAGs
[2025-04-20T20:25:25.174+0800] {logging_mixin.py:190} INFO - [2025-04-20T20:25:25.173+0800] {dag.py:4180} INFO - Setting next_dagrun for example_display_name to None, run_after=None
[2025-04-20T20:25:25.245+0800] {processor.py:208} INFO - Processing /mnt/c/Users/wu_li/OneDrive/Desktop/Airflow_pract/venv/lib/python3.9/site-packages/airflow/example_dags/example_display_name.py took 0.237 seconds
[2025-04-20T20:27:19.409+0800] {processor.py:186} INFO - Started process (PID=73483) to work on /mnt/c/Users/wu_li/OneDrive/Desktop/Airflow_pract/venv/lib/python3.9/site-packages/airflow/example_dags/example_display_name.py
[2025-04-20T20:27:19.413+0800] {processor.py:914} INFO - Processing file /mnt/c/Users/wu_li/OneDrive/Desktop/Airflow_pract/venv/lib/python3.9/site-packages/airflow/example_dags/example_display_name.py for tasks to queue
[2025-04-20T20:27:19.419+0800] {logging_mixin.py:190} INFO - [2025-04-20T20:27:19.417+0800] {dagbag.py:588} INFO - Filling up the DagBag from /mnt/c/Users/wu_li/OneDrive/Desktop/Airflow_pract/venv/lib/python3.9/site-packages/airflow/example_dags/example_display_name.py
[2025-04-20T20:27:19.546+0800] {processor.py:925} INFO - DAG(s) 'example_display_name' retrieved from /mnt/c/Users/wu_li/OneDrive/Desktop/Airflow_pract/venv/lib/python3.9/site-packages/airflow/example_dags/example_display_name.py
[2025-04-20T20:27:19.604+0800] {logging_mixin.py:190} INFO - [2025-04-20T20:27:19.602+0800] {dag.py:3239} INFO - Sync 1 DAGs
[2025-04-20T20:27:19.652+0800] {logging_mixin.py:190} INFO - [2025-04-20T20:27:19.651+0800] {dag.py:4180} INFO - Setting next_dagrun for example_display_name to None, run_after=None
[2025-04-20T20:27:19.717+0800] {processor.py:208} INFO - Processing /mnt/c/Users/wu_li/OneDrive/Desktop/Airflow_pract/venv/lib/python3.9/site-packages/airflow/example_dags/example_display_name.py took 0.325 seconds
[2025-04-20T20:36:57.563+0800] {processor.py:186} INFO - Started process (PID=77411) to work on /mnt/c/Users/wu_li/OneDrive/Desktop/Airflow_pract/venv/lib/python3.9/site-packages/airflow/example_dags/example_display_name.py
[2025-04-20T20:36:57.565+0800] {processor.py:914} INFO - Processing file /mnt/c/Users/wu_li/OneDrive/Desktop/Airflow_pract/venv/lib/python3.9/site-packages/airflow/example_dags/example_display_name.py for tasks to queue
[2025-04-20T20:36:57.570+0800] {logging_mixin.py:190} INFO - [2025-04-20T20:36:57.568+0800] {dagbag.py:588} INFO - Filling up the DagBag from /mnt/c/Users/wu_li/OneDrive/Desktop/Airflow_pract/venv/lib/python3.9/site-packages/airflow/example_dags/example_display_name.py
[2025-04-20T20:36:57.613+0800] {processor.py:925} INFO - DAG(s) 'example_display_name' retrieved from /mnt/c/Users/wu_li/OneDrive/Desktop/Airflow_pract/venv/lib/python3.9/site-packages/airflow/example_dags/example_display_name.py
[2025-04-20T20:36:57.685+0800] {logging_mixin.py:190} INFO - [2025-04-20T20:36:57.673+0800] {dag.py:3239} INFO - Sync 1 DAGs
[2025-04-20T20:36:57.718+0800] {logging_mixin.py:190} INFO - [2025-04-20T20:36:57.717+0800] {dag.py:4180} INFO - Setting next_dagrun for example_display_name to None, run_after=None
[2025-04-20T20:36:57.836+0800] {processor.py:208} INFO - Processing /mnt/c/Users/wu_li/OneDrive/Desktop/Airflow_pract/venv/lib/python3.9/site-packages/airflow/example_dags/example_display_name.py took 0.297 seconds
[2025-04-20T20:38:34.585+0800] {processor.py:186} INFO - Started process (PID=78427) to work on /mnt/c/Users/wu_li/OneDrive/Desktop/Airflow_pract/venv/lib/python3.9/site-packages/airflow/example_dags/example_display_name.py
[2025-04-20T20:38:34.587+0800] {processor.py:914} INFO - Processing file /mnt/c/Users/wu_li/OneDrive/Desktop/Airflow_pract/venv/lib/python3.9/site-packages/airflow/example_dags/example_display_name.py for tasks to queue
[2025-04-20T20:38:34.589+0800] {logging_mixin.py:190} INFO - [2025-04-20T20:38:34.588+0800] {dagbag.py:588} INFO - Filling up the DagBag from /mnt/c/Users/wu_li/OneDrive/Desktop/Airflow_pract/venv/lib/python3.9/site-packages/airflow/example_dags/example_display_name.py
[2025-04-20T20:38:34.610+0800] {processor.py:925} INFO - DAG(s) 'example_display_name' retrieved from /mnt/c/Users/wu_li/OneDrive/Desktop/Airflow_pract/venv/lib/python3.9/site-packages/airflow/example_dags/example_display_name.py
[2025-04-20T20:38:34.639+0800] {logging_mixin.py:190} INFO - [2025-04-20T20:38:34.638+0800] {dag.py:3239} INFO - Sync 1 DAGs
[2025-04-20T20:38:34.658+0800] {logging_mixin.py:190} INFO - [2025-04-20T20:38:34.657+0800] {dag.py:4180} INFO - Setting next_dagrun for example_display_name to None, run_after=None
[2025-04-20T20:38:34.718+0800] {processor.py:208} INFO - Processing /mnt/c/Users/wu_li/OneDrive/Desktop/Airflow_pract/venv/lib/python3.9/site-packages/airflow/example_dags/example_display_name.py took 0.148 seconds
[2025-04-20T20:40:05.128+0800] {processor.py:186} INFO - Started process (PID=79505) to work on /mnt/c/Users/wu_li/OneDrive/Desktop/Airflow_pract/venv/lib/python3.9/site-packages/airflow/example_dags/example_display_name.py
[2025-04-20T20:40:05.137+0800] {processor.py:914} INFO - Processing file /mnt/c/Users/wu_li/OneDrive/Desktop/Airflow_pract/venv/lib/python3.9/site-packages/airflow/example_dags/example_display_name.py for tasks to queue
[2025-04-20T20:40:05.152+0800] {logging_mixin.py:190} INFO - [2025-04-20T20:40:05.140+0800] {dagbag.py:588} INFO - Filling up the DagBag from /mnt/c/Users/wu_li/OneDrive/Desktop/Airflow_pract/venv/lib/python3.9/site-packages/airflow/example_dags/example_display_name.py
[2025-04-20T20:40:05.195+0800] {processor.py:925} INFO - DAG(s) 'example_display_name' retrieved from /mnt/c/Users/wu_li/OneDrive/Desktop/Airflow_pract/venv/lib/python3.9/site-packages/airflow/example_dags/example_display_name.py
[2025-04-20T20:40:05.262+0800] {logging_mixin.py:190} INFO - [2025-04-20T20:40:05.261+0800] {dag.py:3239} INFO - Sync 1 DAGs
[2025-04-20T20:40:05.316+0800] {logging_mixin.py:190} INFO - [2025-04-20T20:40:05.314+0800] {dag.py:4180} INFO - Setting next_dagrun for example_display_name to None, run_after=None
[2025-04-20T20:40:05.483+0800] {processor.py:208} INFO - Processing /mnt/c/Users/wu_li/OneDrive/Desktop/Airflow_pract/venv/lib/python3.9/site-packages/airflow/example_dags/example_display_name.py took 0.384 seconds
[2025-04-20T20:42:04.208+0800] {processor.py:186} INFO - Started process (PID=80451) to work on /mnt/c/Users/wu_li/OneDrive/Desktop/Airflow_pract/venv/lib/python3.9/site-packages/airflow/example_dags/example_display_name.py
[2025-04-20T20:42:04.211+0800] {processor.py:914} INFO - Processing file /mnt/c/Users/wu_li/OneDrive/Desktop/Airflow_pract/venv/lib/python3.9/site-packages/airflow/example_dags/example_display_name.py for tasks to queue
[2025-04-20T20:42:04.215+0800] {logging_mixin.py:190} INFO - [2025-04-20T20:42:04.213+0800] {dagbag.py:588} INFO - Filling up the DagBag from /mnt/c/Users/wu_li/OneDrive/Desktop/Airflow_pract/venv/lib/python3.9/site-packages/airflow/example_dags/example_display_name.py
[2025-04-20T20:42:04.261+0800] {processor.py:925} INFO - DAG(s) 'example_display_name' retrieved from /mnt/c/Users/wu_li/OneDrive/Desktop/Airflow_pract/venv/lib/python3.9/site-packages/airflow/example_dags/example_display_name.py
[2025-04-20T20:42:04.327+0800] {logging_mixin.py:190} INFO - [2025-04-20T20:42:04.320+0800] {dag.py:3239} INFO - Sync 1 DAGs
[2025-04-20T20:42:04.384+0800] {logging_mixin.py:190} INFO - [2025-04-20T20:42:04.382+0800] {dag.py:4180} INFO - Setting next_dagrun for example_display_name to None, run_after=None
[2025-04-20T20:42:04.519+0800] {processor.py:208} INFO - Processing /mnt/c/Users/wu_li/OneDrive/Desktop/Airflow_pract/venv/lib/python3.9/site-packages/airflow/example_dags/example_display_name.py took 0.338 seconds
[2025-04-20T20:43:47.421+0800] {processor.py:186} INFO - Started process (PID=81465) to work on /mnt/c/Users/wu_li/OneDrive/Desktop/Airflow_pract/venv/lib/python3.9/site-packages/airflow/example_dags/example_display_name.py
[2025-04-20T20:43:47.423+0800] {processor.py:914} INFO - Processing file /mnt/c/Users/wu_li/OneDrive/Desktop/Airflow_pract/venv/lib/python3.9/site-packages/airflow/example_dags/example_display_name.py for tasks to queue
[2025-04-20T20:43:47.427+0800] {logging_mixin.py:190} INFO - [2025-04-20T20:43:47.426+0800] {dagbag.py:588} INFO - Filling up the DagBag from /mnt/c/Users/wu_li/OneDrive/Desktop/Airflow_pract/venv/lib/python3.9/site-packages/airflow/example_dags/example_display_name.py
[2025-04-20T20:43:47.465+0800] {processor.py:925} INFO - DAG(s) 'example_display_name' retrieved from /mnt/c/Users/wu_li/OneDrive/Desktop/Airflow_pract/venv/lib/python3.9/site-packages/airflow/example_dags/example_display_name.py
[2025-04-20T20:43:47.513+0800] {logging_mixin.py:190} INFO - [2025-04-20T20:43:47.511+0800] {dag.py:3239} INFO - Sync 1 DAGs
[2025-04-20T20:43:47.550+0800] {logging_mixin.py:190} INFO - [2025-04-20T20:43:47.549+0800] {dag.py:4180} INFO - Setting next_dagrun for example_display_name to None, run_after=None
[2025-04-20T20:43:47.626+0800] {processor.py:208} INFO - Processing /mnt/c/Users/wu_li/OneDrive/Desktop/Airflow_pract/venv/lib/python3.9/site-packages/airflow/example_dags/example_display_name.py took 0.235 seconds
[2025-04-20T20:45:27.090+0800] {processor.py:186} INFO - Started process (PID=82259) to work on /mnt/c/Users/wu_li/OneDrive/Desktop/Airflow_pract/venv/lib/python3.9/site-packages/airflow/example_dags/example_display_name.py
[2025-04-20T20:45:27.091+0800] {processor.py:914} INFO - Processing file /mnt/c/Users/wu_li/OneDrive/Desktop/Airflow_pract/venv/lib/python3.9/site-packages/airflow/example_dags/example_display_name.py for tasks to queue
[2025-04-20T20:45:27.094+0800] {logging_mixin.py:190} INFO - [2025-04-20T20:45:27.093+0800] {dagbag.py:588} INFO - Filling up the DagBag from /mnt/c/Users/wu_li/OneDrive/Desktop/Airflow_pract/venv/lib/python3.9/site-packages/airflow/example_dags/example_display_name.py
[2025-04-20T20:45:27.128+0800] {processor.py:925} INFO - DAG(s) 'example_display_name' retrieved from /mnt/c/Users/wu_li/OneDrive/Desktop/Airflow_pract/venv/lib/python3.9/site-packages/airflow/example_dags/example_display_name.py
[2025-04-20T20:45:27.170+0800] {logging_mixin.py:190} INFO - [2025-04-20T20:45:27.165+0800] {dag.py:3239} INFO - Sync 1 DAGs
[2025-04-20T20:45:27.197+0800] {logging_mixin.py:190} INFO - [2025-04-20T20:45:27.195+0800] {dag.py:4180} INFO - Setting next_dagrun for example_display_name to None, run_after=None
[2025-04-20T20:45:27.293+0800] {processor.py:208} INFO - Processing /mnt/c/Users/wu_li/OneDrive/Desktop/Airflow_pract/venv/lib/python3.9/site-packages/airflow/example_dags/example_display_name.py took 0.233 seconds
[2025-04-20T20:47:17.346+0800] {processor.py:186} INFO - Started process (PID=83130) to work on /mnt/c/Users/wu_li/OneDrive/Desktop/Airflow_pract/venv/lib/python3.9/site-packages/airflow/example_dags/example_display_name.py
[2025-04-20T20:47:17.347+0800] {processor.py:914} INFO - Processing file /mnt/c/Users/wu_li/OneDrive/Desktop/Airflow_pract/venv/lib/python3.9/site-packages/airflow/example_dags/example_display_name.py for tasks to queue
[2025-04-20T20:47:17.354+0800] {logging_mixin.py:190} INFO - [2025-04-20T20:47:17.350+0800] {dagbag.py:588} INFO - Filling up the DagBag from /mnt/c/Users/wu_li/OneDrive/Desktop/Airflow_pract/venv/lib/python3.9/site-packages/airflow/example_dags/example_display_name.py
[2025-04-20T20:47:17.377+0800] {processor.py:925} INFO - DAG(s) 'example_display_name' retrieved from /mnt/c/Users/wu_li/OneDrive/Desktop/Airflow_pract/venv/lib/python3.9/site-packages/airflow/example_dags/example_display_name.py
[2025-04-20T20:47:17.407+0800] {logging_mixin.py:190} INFO - [2025-04-20T20:47:17.406+0800] {dag.py:3239} INFO - Sync 1 DAGs
[2025-04-20T20:47:17.423+0800] {logging_mixin.py:190} INFO - [2025-04-20T20:47:17.422+0800] {dag.py:4180} INFO - Setting next_dagrun for example_display_name to None, run_after=None
[2025-04-20T20:47:17.481+0800] {processor.py:208} INFO - Processing /mnt/c/Users/wu_li/OneDrive/Desktop/Airflow_pract/venv/lib/python3.9/site-packages/airflow/example_dags/example_display_name.py took 0.146 seconds
[2025-04-20T20:49:00.419+0800] {processor.py:186} INFO - Started process (PID=84140) to work on /mnt/c/Users/wu_li/OneDrive/Desktop/Airflow_pract/venv/lib/python3.9/site-packages/airflow/example_dags/example_display_name.py
[2025-04-20T20:49:00.422+0800] {processor.py:914} INFO - Processing file /mnt/c/Users/wu_li/OneDrive/Desktop/Airflow_pract/venv/lib/python3.9/site-packages/airflow/example_dags/example_display_name.py for tasks to queue
[2025-04-20T20:49:00.432+0800] {logging_mixin.py:190} INFO - [2025-04-20T20:49:00.430+0800] {dagbag.py:588} INFO - Filling up the DagBag from /mnt/c/Users/wu_li/OneDrive/Desktop/Airflow_pract/venv/lib/python3.9/site-packages/airflow/example_dags/example_display_name.py
[2025-04-20T20:49:00.475+0800] {processor.py:925} INFO - DAG(s) 'example_display_name' retrieved from /mnt/c/Users/wu_li/OneDrive/Desktop/Airflow_pract/venv/lib/python3.9/site-packages/airflow/example_dags/example_display_name.py
[2025-04-20T20:49:00.557+0800] {logging_mixin.py:190} INFO - [2025-04-20T20:49:00.556+0800] {dag.py:3239} INFO - Sync 1 DAGs
[2025-04-20T20:49:00.606+0800] {logging_mixin.py:190} INFO - [2025-04-20T20:49:00.603+0800] {dag.py:4180} INFO - Setting next_dagrun for example_display_name to None, run_after=None
[2025-04-20T20:49:00.723+0800] {processor.py:208} INFO - Processing /mnt/c/Users/wu_li/OneDrive/Desktop/Airflow_pract/venv/lib/python3.9/site-packages/airflow/example_dags/example_display_name.py took 0.326 seconds
[2025-04-20T20:50:58.937+0800] {processor.py:186} INFO - Started process (PID=85010) to work on /mnt/c/Users/wu_li/OneDrive/Desktop/Airflow_pract/venv/lib/python3.9/site-packages/airflow/example_dags/example_display_name.py
[2025-04-20T20:50:58.939+0800] {processor.py:914} INFO - Processing file /mnt/c/Users/wu_li/OneDrive/Desktop/Airflow_pract/venv/lib/python3.9/site-packages/airflow/example_dags/example_display_name.py for tasks to queue
[2025-04-20T20:50:58.947+0800] {logging_mixin.py:190} INFO - [2025-04-20T20:50:58.942+0800] {dagbag.py:588} INFO - Filling up the DagBag from /mnt/c/Users/wu_li/OneDrive/Desktop/Airflow_pract/venv/lib/python3.9/site-packages/airflow/example_dags/example_display_name.py
[2025-04-20T20:50:58.992+0800] {processor.py:925} INFO - DAG(s) 'example_display_name' retrieved from /mnt/c/Users/wu_li/OneDrive/Desktop/Airflow_pract/venv/lib/python3.9/site-packages/airflow/example_dags/example_display_name.py
[2025-04-20T20:50:59.045+0800] {logging_mixin.py:190} INFO - [2025-04-20T20:50:59.043+0800] {dag.py:3239} INFO - Sync 1 DAGs
[2025-04-20T20:50:59.089+0800] {logging_mixin.py:190} INFO - [2025-04-20T20:50:59.088+0800] {dag.py:4180} INFO - Setting next_dagrun for example_display_name to None, run_after=None
[2025-04-20T20:50:59.224+0800] {processor.py:208} INFO - Processing /mnt/c/Users/wu_li/OneDrive/Desktop/Airflow_pract/venv/lib/python3.9/site-packages/airflow/example_dags/example_display_name.py took 0.309 seconds
[2025-04-20T20:52:54.146+0800] {processor.py:186} INFO - Started process (PID=85957) to work on /mnt/c/Users/wu_li/OneDrive/Desktop/Airflow_pract/venv/lib/python3.9/site-packages/airflow/example_dags/example_display_name.py
[2025-04-20T20:52:54.148+0800] {processor.py:914} INFO - Processing file /mnt/c/Users/wu_li/OneDrive/Desktop/Airflow_pract/venv/lib/python3.9/site-packages/airflow/example_dags/example_display_name.py for tasks to queue
[2025-04-20T20:52:54.153+0800] {logging_mixin.py:190} INFO - [2025-04-20T20:52:54.150+0800] {dagbag.py:588} INFO - Filling up the DagBag from /mnt/c/Users/wu_li/OneDrive/Desktop/Airflow_pract/venv/lib/python3.9/site-packages/airflow/example_dags/example_display_name.py
[2025-04-20T20:52:54.176+0800] {processor.py:925} INFO - DAG(s) 'example_display_name' retrieved from /mnt/c/Users/wu_li/OneDrive/Desktop/Airflow_pract/venv/lib/python3.9/site-packages/airflow/example_dags/example_display_name.py
[2025-04-20T20:52:54.225+0800] {logging_mixin.py:190} INFO - [2025-04-20T20:52:54.224+0800] {dag.py:3239} INFO - Sync 1 DAGs
[2025-04-20T20:52:54.262+0800] {logging_mixin.py:190} INFO - [2025-04-20T20:52:54.261+0800] {dag.py:4180} INFO - Setting next_dagrun for example_display_name to None, run_after=None
[2025-04-20T20:52:54.358+0800] {processor.py:208} INFO - Processing /mnt/c/Users/wu_li/OneDrive/Desktop/Airflow_pract/venv/lib/python3.9/site-packages/airflow/example_dags/example_display_name.py took 0.226 seconds
[2025-04-20T20:54:22.115+0800] {processor.py:186} INFO - Started process (PID=86964) to work on /mnt/c/Users/wu_li/OneDrive/Desktop/Airflow_pract/venv/lib/python3.9/site-packages/airflow/example_dags/example_display_name.py
[2025-04-20T20:54:22.117+0800] {processor.py:914} INFO - Processing file /mnt/c/Users/wu_li/OneDrive/Desktop/Airflow_pract/venv/lib/python3.9/site-packages/airflow/example_dags/example_display_name.py for tasks to queue
[2025-04-20T20:54:22.119+0800] {logging_mixin.py:190} INFO - [2025-04-20T20:54:22.118+0800] {dagbag.py:588} INFO - Filling up the DagBag from /mnt/c/Users/wu_li/OneDrive/Desktop/Airflow_pract/venv/lib/python3.9/site-packages/airflow/example_dags/example_display_name.py
[2025-04-20T20:54:22.138+0800] {processor.py:925} INFO - DAG(s) 'example_display_name' retrieved from /mnt/c/Users/wu_li/OneDrive/Desktop/Airflow_pract/venv/lib/python3.9/site-packages/airflow/example_dags/example_display_name.py
[2025-04-20T20:54:22.164+0800] {logging_mixin.py:190} INFO - [2025-04-20T20:54:22.163+0800] {dag.py:3239} INFO - Sync 1 DAGs
[2025-04-20T20:54:22.178+0800] {logging_mixin.py:190} INFO - [2025-04-20T20:54:22.177+0800] {dag.py:4180} INFO - Setting next_dagrun for example_display_name to None, run_after=None
[2025-04-20T20:54:22.229+0800] {processor.py:208} INFO - Processing /mnt/c/Users/wu_li/OneDrive/Desktop/Airflow_pract/venv/lib/python3.9/site-packages/airflow/example_dags/example_display_name.py took 0.126 seconds
[2025-04-20T20:55:51.671+0800] {processor.py:186} INFO - Started process (PID=87824) to work on /mnt/c/Users/wu_li/OneDrive/Desktop/Airflow_pract/venv/lib/python3.9/site-packages/airflow/example_dags/example_display_name.py
[2025-04-20T20:55:51.673+0800] {processor.py:914} INFO - Processing file /mnt/c/Users/wu_li/OneDrive/Desktop/Airflow_pract/venv/lib/python3.9/site-packages/airflow/example_dags/example_display_name.py for tasks to queue
[2025-04-20T20:55:51.677+0800] {logging_mixin.py:190} INFO - [2025-04-20T20:55:51.676+0800] {dagbag.py:588} INFO - Filling up the DagBag from /mnt/c/Users/wu_li/OneDrive/Desktop/Airflow_pract/venv/lib/python3.9/site-packages/airflow/example_dags/example_display_name.py
[2025-04-20T20:55:51.716+0800] {processor.py:925} INFO - DAG(s) 'example_display_name' retrieved from /mnt/c/Users/wu_li/OneDrive/Desktop/Airflow_pract/venv/lib/python3.9/site-packages/airflow/example_dags/example_display_name.py
[2025-04-20T20:55:51.752+0800] {logging_mixin.py:190} INFO - [2025-04-20T20:55:51.750+0800] {dag.py:3239} INFO - Sync 1 DAGs
[2025-04-20T20:55:51.793+0800] {logging_mixin.py:190} INFO - [2025-04-20T20:55:51.792+0800] {dag.py:4180} INFO - Setting next_dagrun for example_display_name to None, run_after=None
[2025-04-20T20:55:51.869+0800] {processor.py:208} INFO - Processing /mnt/c/Users/wu_li/OneDrive/Desktop/Airflow_pract/venv/lib/python3.9/site-packages/airflow/example_dags/example_display_name.py took 0.217 seconds
[2025-04-20T20:57:23.150+0800] {processor.py:186} INFO - Started process (PID=88905) to work on /mnt/c/Users/wu_li/OneDrive/Desktop/Airflow_pract/venv/lib/python3.9/site-packages/airflow/example_dags/example_display_name.py
[2025-04-20T20:57:23.152+0800] {processor.py:914} INFO - Processing file /mnt/c/Users/wu_li/OneDrive/Desktop/Airflow_pract/venv/lib/python3.9/site-packages/airflow/example_dags/example_display_name.py for tasks to queue
[2025-04-20T20:57:23.154+0800] {logging_mixin.py:190} INFO - [2025-04-20T20:57:23.153+0800] {dagbag.py:588} INFO - Filling up the DagBag from /mnt/c/Users/wu_li/OneDrive/Desktop/Airflow_pract/venv/lib/python3.9/site-packages/airflow/example_dags/example_display_name.py
[2025-04-20T20:57:23.175+0800] {processor.py:925} INFO - DAG(s) 'example_display_name' retrieved from /mnt/c/Users/wu_li/OneDrive/Desktop/Airflow_pract/venv/lib/python3.9/site-packages/airflow/example_dags/example_display_name.py
[2025-04-20T20:57:23.205+0800] {logging_mixin.py:190} INFO - [2025-04-20T20:57:23.204+0800] {dag.py:3239} INFO - Sync 1 DAGs
[2025-04-20T20:57:23.219+0800] {logging_mixin.py:190} INFO - [2025-04-20T20:57:23.218+0800] {dag.py:4180} INFO - Setting next_dagrun for example_display_name to None, run_after=None
[2025-04-20T20:57:23.280+0800] {processor.py:208} INFO - Processing /mnt/c/Users/wu_li/OneDrive/Desktop/Airflow_pract/venv/lib/python3.9/site-packages/airflow/example_dags/example_display_name.py took 0.140 seconds
[2025-04-20T20:58:53.561+0800] {processor.py:186} INFO - Started process (PID=89986) to work on /mnt/c/Users/wu_li/OneDrive/Desktop/Airflow_pract/venv/lib/python3.9/site-packages/airflow/example_dags/example_display_name.py
[2025-04-20T20:58:53.564+0800] {processor.py:914} INFO - Processing file /mnt/c/Users/wu_li/OneDrive/Desktop/Airflow_pract/venv/lib/python3.9/site-packages/airflow/example_dags/example_display_name.py for tasks to queue
[2025-04-20T20:58:53.567+0800] {logging_mixin.py:190} INFO - [2025-04-20T20:58:53.566+0800] {dagbag.py:588} INFO - Filling up the DagBag from /mnt/c/Users/wu_li/OneDrive/Desktop/Airflow_pract/venv/lib/python3.9/site-packages/airflow/example_dags/example_display_name.py
[2025-04-20T20:58:53.598+0800] {processor.py:925} INFO - DAG(s) 'example_display_name' retrieved from /mnt/c/Users/wu_li/OneDrive/Desktop/Airflow_pract/venv/lib/python3.9/site-packages/airflow/example_dags/example_display_name.py
[2025-04-20T20:58:53.637+0800] {logging_mixin.py:190} INFO - [2025-04-20T20:58:53.636+0800] {dag.py:3239} INFO - Sync 1 DAGs
[2025-04-20T20:58:53.672+0800] {logging_mixin.py:190} INFO - [2025-04-20T20:58:53.668+0800] {dag.py:4180} INFO - Setting next_dagrun for example_display_name to None, run_after=None
[2025-04-20T20:58:53.762+0800] {processor.py:208} INFO - Processing /mnt/c/Users/wu_li/OneDrive/Desktop/Airflow_pract/venv/lib/python3.9/site-packages/airflow/example_dags/example_display_name.py took 0.218 seconds
[2025-04-20T21:00:16.966+0800] {processor.py:186} INFO - Started process (PID=90990) to work on /mnt/c/Users/wu_li/OneDrive/Desktop/Airflow_pract/venv/lib/python3.9/site-packages/airflow/example_dags/example_display_name.py
[2025-04-20T21:00:16.969+0800] {processor.py:914} INFO - Processing file /mnt/c/Users/wu_li/OneDrive/Desktop/Airflow_pract/venv/lib/python3.9/site-packages/airflow/example_dags/example_display_name.py for tasks to queue
[2025-04-20T21:00:16.973+0800] {logging_mixin.py:190} INFO - [2025-04-20T21:00:16.971+0800] {dagbag.py:588} INFO - Filling up the DagBag from /mnt/c/Users/wu_li/OneDrive/Desktop/Airflow_pract/venv/lib/python3.9/site-packages/airflow/example_dags/example_display_name.py
[2025-04-20T21:00:17.010+0800] {processor.py:925} INFO - DAG(s) 'example_display_name' retrieved from /mnt/c/Users/wu_li/OneDrive/Desktop/Airflow_pract/venv/lib/python3.9/site-packages/airflow/example_dags/example_display_name.py
[2025-04-20T21:00:17.092+0800] {logging_mixin.py:190} INFO - [2025-04-20T21:00:17.091+0800] {dag.py:3239} INFO - Sync 1 DAGs
[2025-04-20T21:00:17.126+0800] {logging_mixin.py:190} INFO - [2025-04-20T21:00:17.119+0800] {dag.py:4180} INFO - Setting next_dagrun for example_display_name to None, run_after=None
[2025-04-20T21:00:17.257+0800] {processor.py:208} INFO - Processing /mnt/c/Users/wu_li/OneDrive/Desktop/Airflow_pract/venv/lib/python3.9/site-packages/airflow/example_dags/example_display_name.py took 0.309 seconds
[2025-04-20T21:01:52.842+0800] {processor.py:186} INFO - Started process (PID=92001) to work on /mnt/c/Users/wu_li/OneDrive/Desktop/Airflow_pract/venv/lib/python3.9/site-packages/airflow/example_dags/example_display_name.py
[2025-04-20T21:01:52.846+0800] {processor.py:914} INFO - Processing file /mnt/c/Users/wu_li/OneDrive/Desktop/Airflow_pract/venv/lib/python3.9/site-packages/airflow/example_dags/example_display_name.py for tasks to queue
[2025-04-20T21:01:52.851+0800] {logging_mixin.py:190} INFO - [2025-04-20T21:01:52.849+0800] {dagbag.py:588} INFO - Filling up the DagBag from /mnt/c/Users/wu_li/OneDrive/Desktop/Airflow_pract/venv/lib/python3.9/site-packages/airflow/example_dags/example_display_name.py
[2025-04-20T21:01:52.887+0800] {processor.py:925} INFO - DAG(s) 'example_display_name' retrieved from /mnt/c/Users/wu_li/OneDrive/Desktop/Airflow_pract/venv/lib/python3.9/site-packages/airflow/example_dags/example_display_name.py
[2025-04-20T21:01:52.932+0800] {logging_mixin.py:190} INFO - [2025-04-20T21:01:52.929+0800] {dag.py:3239} INFO - Sync 1 DAGs
[2025-04-20T21:01:52.977+0800] {logging_mixin.py:190} INFO - [2025-04-20T21:01:52.974+0800] {dag.py:4180} INFO - Setting next_dagrun for example_display_name to None, run_after=None
[2025-04-20T21:01:53.087+0800] {processor.py:208} INFO - Processing /mnt/c/Users/wu_li/OneDrive/Desktop/Airflow_pract/venv/lib/python3.9/site-packages/airflow/example_dags/example_display_name.py took 0.282 seconds
[2025-04-20T21:03:18.573+0800] {processor.py:186} INFO - Started process (PID=93007) to work on /mnt/c/Users/wu_li/OneDrive/Desktop/Airflow_pract/venv/lib/python3.9/site-packages/airflow/example_dags/example_display_name.py
[2025-04-20T21:03:18.576+0800] {processor.py:914} INFO - Processing file /mnt/c/Users/wu_li/OneDrive/Desktop/Airflow_pract/venv/lib/python3.9/site-packages/airflow/example_dags/example_display_name.py for tasks to queue
[2025-04-20T21:03:18.580+0800] {logging_mixin.py:190} INFO - [2025-04-20T21:03:18.578+0800] {dagbag.py:588} INFO - Filling up the DagBag from /mnt/c/Users/wu_li/OneDrive/Desktop/Airflow_pract/venv/lib/python3.9/site-packages/airflow/example_dags/example_display_name.py
[2025-04-20T21:03:18.608+0800] {processor.py:925} INFO - DAG(s) 'example_display_name' retrieved from /mnt/c/Users/wu_li/OneDrive/Desktop/Airflow_pract/venv/lib/python3.9/site-packages/airflow/example_dags/example_display_name.py
[2025-04-20T21:03:18.648+0800] {logging_mixin.py:190} INFO - [2025-04-20T21:03:18.647+0800] {dag.py:3239} INFO - Sync 1 DAGs
[2025-04-20T21:03:18.702+0800] {logging_mixin.py:190} INFO - [2025-04-20T21:03:18.700+0800] {dag.py:4180} INFO - Setting next_dagrun for example_display_name to None, run_after=None
[2025-04-20T21:03:18.800+0800] {processor.py:208} INFO - Processing /mnt/c/Users/wu_li/OneDrive/Desktop/Airflow_pract/venv/lib/python3.9/site-packages/airflow/example_dags/example_display_name.py took 0.244 seconds
[2025-04-20T21:04:47.498+0800] {processor.py:186} INFO - Started process (PID=94085) to work on /mnt/c/Users/wu_li/OneDrive/Desktop/Airflow_pract/venv/lib/python3.9/site-packages/airflow/example_dags/example_display_name.py
[2025-04-20T21:04:47.500+0800] {processor.py:914} INFO - Processing file /mnt/c/Users/wu_li/OneDrive/Desktop/Airflow_pract/venv/lib/python3.9/site-packages/airflow/example_dags/example_display_name.py for tasks to queue
[2025-04-20T21:04:47.504+0800] {logging_mixin.py:190} INFO - [2025-04-20T21:04:47.502+0800] {dagbag.py:588} INFO - Filling up the DagBag from /mnt/c/Users/wu_li/OneDrive/Desktop/Airflow_pract/venv/lib/python3.9/site-packages/airflow/example_dags/example_display_name.py
[2025-04-20T21:04:47.545+0800] {processor.py:925} INFO - DAG(s) 'example_display_name' retrieved from /mnt/c/Users/wu_li/OneDrive/Desktop/Airflow_pract/venv/lib/python3.9/site-packages/airflow/example_dags/example_display_name.py
[2025-04-20T21:04:47.589+0800] {logging_mixin.py:190} INFO - [2025-04-20T21:04:47.588+0800] {dag.py:3239} INFO - Sync 1 DAGs
[2025-04-20T21:04:47.626+0800] {logging_mixin.py:190} INFO - [2025-04-20T21:04:47.624+0800] {dag.py:4180} INFO - Setting next_dagrun for example_display_name to None, run_after=None
[2025-04-20T21:04:47.715+0800] {processor.py:208} INFO - Processing /mnt/c/Users/wu_li/OneDrive/Desktop/Airflow_pract/venv/lib/python3.9/site-packages/airflow/example_dags/example_display_name.py took 0.242 seconds
[2025-04-20T21:06:17.598+0800] {processor.py:186} INFO - Started process (PID=95166) to work on /mnt/c/Users/wu_li/OneDrive/Desktop/Airflow_pract/venv/lib/python3.9/site-packages/airflow/example_dags/example_display_name.py
[2025-04-20T21:06:17.601+0800] {processor.py:914} INFO - Processing file /mnt/c/Users/wu_li/OneDrive/Desktop/Airflow_pract/venv/lib/python3.9/site-packages/airflow/example_dags/example_display_name.py for tasks to queue
[2025-04-20T21:06:17.605+0800] {logging_mixin.py:190} INFO - [2025-04-20T21:06:17.603+0800] {dagbag.py:588} INFO - Filling up the DagBag from /mnt/c/Users/wu_li/OneDrive/Desktop/Airflow_pract/venv/lib/python3.9/site-packages/airflow/example_dags/example_display_name.py
[2025-04-20T21:06:17.634+0800] {processor.py:925} INFO - DAG(s) 'example_display_name' retrieved from /mnt/c/Users/wu_li/OneDrive/Desktop/Airflow_pract/venv/lib/python3.9/site-packages/airflow/example_dags/example_display_name.py
[2025-04-20T21:06:17.675+0800] {logging_mixin.py:190} INFO - [2025-04-20T21:06:17.673+0800] {dag.py:3239} INFO - Sync 1 DAGs
[2025-04-20T21:06:17.714+0800] {logging_mixin.py:190} INFO - [2025-04-20T21:06:17.712+0800] {dag.py:4180} INFO - Setting next_dagrun for example_display_name to None, run_after=None
[2025-04-20T21:06:17.796+0800] {processor.py:208} INFO - Processing /mnt/c/Users/wu_li/OneDrive/Desktop/Airflow_pract/venv/lib/python3.9/site-packages/airflow/example_dags/example_display_name.py took 0.216 seconds
[2025-04-20T21:07:50.848+0800] {processor.py:186} INFO - Started process (PID=96251) to work on /mnt/c/Users/wu_li/OneDrive/Desktop/Airflow_pract/venv/lib/python3.9/site-packages/airflow/example_dags/example_display_name.py
[2025-04-20T21:07:50.850+0800] {processor.py:914} INFO - Processing file /mnt/c/Users/wu_li/OneDrive/Desktop/Airflow_pract/venv/lib/python3.9/site-packages/airflow/example_dags/example_display_name.py for tasks to queue
[2025-04-20T21:07:50.852+0800] {logging_mixin.py:190} INFO - [2025-04-20T21:07:50.851+0800] {dagbag.py:588} INFO - Filling up the DagBag from /mnt/c/Users/wu_li/OneDrive/Desktop/Airflow_pract/venv/lib/python3.9/site-packages/airflow/example_dags/example_display_name.py
[2025-04-20T21:07:50.871+0800] {processor.py:925} INFO - DAG(s) 'example_display_name' retrieved from /mnt/c/Users/wu_li/OneDrive/Desktop/Airflow_pract/venv/lib/python3.9/site-packages/airflow/example_dags/example_display_name.py
[2025-04-20T21:07:50.897+0800] {logging_mixin.py:190} INFO - [2025-04-20T21:07:50.896+0800] {dag.py:3239} INFO - Sync 1 DAGs
[2025-04-20T21:07:50.912+0800] {logging_mixin.py:190} INFO - [2025-04-20T21:07:50.911+0800] {dag.py:4180} INFO - Setting next_dagrun for example_display_name to None, run_after=None
[2025-04-20T21:07:50.965+0800] {processor.py:208} INFO - Processing /mnt/c/Users/wu_li/OneDrive/Desktop/Airflow_pract/venv/lib/python3.9/site-packages/airflow/example_dags/example_display_name.py took 0.127 seconds
[2025-04-20T21:09:20.840+0800] {processor.py:186} INFO - Started process (PID=97330) to work on /mnt/c/Users/wu_li/OneDrive/Desktop/Airflow_pract/venv/lib/python3.9/site-packages/airflow/example_dags/example_display_name.py
[2025-04-20T21:09:20.842+0800] {processor.py:914} INFO - Processing file /mnt/c/Users/wu_li/OneDrive/Desktop/Airflow_pract/venv/lib/python3.9/site-packages/airflow/example_dags/example_display_name.py for tasks to queue
[2025-04-20T21:09:20.844+0800] {logging_mixin.py:190} INFO - [2025-04-20T21:09:20.843+0800] {dagbag.py:588} INFO - Filling up the DagBag from /mnt/c/Users/wu_li/OneDrive/Desktop/Airflow_pract/venv/lib/python3.9/site-packages/airflow/example_dags/example_display_name.py
[2025-04-20T21:09:20.864+0800] {processor.py:925} INFO - DAG(s) 'example_display_name' retrieved from /mnt/c/Users/wu_li/OneDrive/Desktop/Airflow_pract/venv/lib/python3.9/site-packages/airflow/example_dags/example_display_name.py
[2025-04-20T21:09:20.887+0800] {logging_mixin.py:190} INFO - [2025-04-20T21:09:20.886+0800] {dag.py:3239} INFO - Sync 1 DAGs
[2025-04-20T21:09:20.900+0800] {logging_mixin.py:190} INFO - [2025-04-20T21:09:20.899+0800] {dag.py:4180} INFO - Setting next_dagrun for example_display_name to None, run_after=None
[2025-04-20T21:09:20.953+0800] {processor.py:208} INFO - Processing /mnt/c/Users/wu_li/OneDrive/Desktop/Airflow_pract/venv/lib/python3.9/site-packages/airflow/example_dags/example_display_name.py took 0.123 seconds
[2025-04-20T21:10:52.230+0800] {processor.py:186} INFO - Started process (PID=98411) to work on /mnt/c/Users/wu_li/OneDrive/Desktop/Airflow_pract/venv/lib/python3.9/site-packages/airflow/example_dags/example_display_name.py
[2025-04-20T21:10:52.232+0800] {processor.py:914} INFO - Processing file /mnt/c/Users/wu_li/OneDrive/Desktop/Airflow_pract/venv/lib/python3.9/site-packages/airflow/example_dags/example_display_name.py for tasks to queue
[2025-04-20T21:10:52.234+0800] {logging_mixin.py:190} INFO - [2025-04-20T21:10:52.233+0800] {dagbag.py:588} INFO - Filling up the DagBag from /mnt/c/Users/wu_li/OneDrive/Desktop/Airflow_pract/venv/lib/python3.9/site-packages/airflow/example_dags/example_display_name.py
[2025-04-20T21:10:52.257+0800] {processor.py:925} INFO - DAG(s) 'example_display_name' retrieved from /mnt/c/Users/wu_li/OneDrive/Desktop/Airflow_pract/venv/lib/python3.9/site-packages/airflow/example_dags/example_display_name.py
[2025-04-20T21:10:52.280+0800] {logging_mixin.py:190} INFO - [2025-04-20T21:10:52.280+0800] {dag.py:3239} INFO - Sync 1 DAGs
[2025-04-20T21:10:52.293+0800] {logging_mixin.py:190} INFO - [2025-04-20T21:10:52.292+0800] {dag.py:4180} INFO - Setting next_dagrun for example_display_name to None, run_after=None
[2025-04-20T21:10:52.342+0800] {processor.py:208} INFO - Processing /mnt/c/Users/wu_li/OneDrive/Desktop/Airflow_pract/venv/lib/python3.9/site-packages/airflow/example_dags/example_display_name.py took 0.124 seconds
[2025-04-20T21:12:24.567+0800] {processor.py:186} INFO - Started process (PID=99563) to work on /mnt/c/Users/wu_li/OneDrive/Desktop/Airflow_pract/venv/lib/python3.9/site-packages/airflow/example_dags/example_display_name.py
[2025-04-20T21:12:24.570+0800] {processor.py:914} INFO - Processing file /mnt/c/Users/wu_li/OneDrive/Desktop/Airflow_pract/venv/lib/python3.9/site-packages/airflow/example_dags/example_display_name.py for tasks to queue
[2025-04-20T21:12:24.575+0800] {logging_mixin.py:190} INFO - [2025-04-20T21:12:24.573+0800] {dagbag.py:588} INFO - Filling up the DagBag from /mnt/c/Users/wu_li/OneDrive/Desktop/Airflow_pract/venv/lib/python3.9/site-packages/airflow/example_dags/example_display_name.py
[2025-04-20T21:12:24.605+0800] {processor.py:925} INFO - DAG(s) 'example_display_name' retrieved from /mnt/c/Users/wu_li/OneDrive/Desktop/Airflow_pract/venv/lib/python3.9/site-packages/airflow/example_dags/example_display_name.py
[2025-04-20T21:12:24.643+0800] {logging_mixin.py:190} INFO - [2025-04-20T21:12:24.642+0800] {dag.py:3239} INFO - Sync 1 DAGs
[2025-04-20T21:12:24.681+0800] {logging_mixin.py:190} INFO - [2025-04-20T21:12:24.678+0800] {dag.py:4180} INFO - Setting next_dagrun for example_display_name to None, run_after=None
[2025-04-20T21:12:24.778+0800] {processor.py:208} INFO - Processing /mnt/c/Users/wu_li/OneDrive/Desktop/Airflow_pract/venv/lib/python3.9/site-packages/airflow/example_dags/example_display_name.py took 0.230 seconds
[2025-04-20T21:13:52.820+0800] {processor.py:186} INFO - Started process (PID=100569) to work on /mnt/c/Users/wu_li/OneDrive/Desktop/Airflow_pract/venv/lib/python3.9/site-packages/airflow/example_dags/example_display_name.py
[2025-04-20T21:13:52.822+0800] {processor.py:914} INFO - Processing file /mnt/c/Users/wu_li/OneDrive/Desktop/Airflow_pract/venv/lib/python3.9/site-packages/airflow/example_dags/example_display_name.py for tasks to queue
[2025-04-20T21:13:52.827+0800] {logging_mixin.py:190} INFO - [2025-04-20T21:13:52.826+0800] {dagbag.py:588} INFO - Filling up the DagBag from /mnt/c/Users/wu_li/OneDrive/Desktop/Airflow_pract/venv/lib/python3.9/site-packages/airflow/example_dags/example_display_name.py
[2025-04-20T21:13:52.860+0800] {processor.py:925} INFO - DAG(s) 'example_display_name' retrieved from /mnt/c/Users/wu_li/OneDrive/Desktop/Airflow_pract/venv/lib/python3.9/site-packages/airflow/example_dags/example_display_name.py
[2025-04-20T21:13:52.904+0800] {logging_mixin.py:190} INFO - [2025-04-20T21:13:52.903+0800] {dag.py:3239} INFO - Sync 1 DAGs
[2025-04-20T21:13:52.942+0800] {logging_mixin.py:190} INFO - [2025-04-20T21:13:52.940+0800] {dag.py:4180} INFO - Setting next_dagrun for example_display_name to None, run_after=None
[2025-04-20T21:13:53.047+0800] {processor.py:208} INFO - Processing /mnt/c/Users/wu_li/OneDrive/Desktop/Airflow_pract/venv/lib/python3.9/site-packages/airflow/example_dags/example_display_name.py took 0.246 seconds
[2025-04-20T21:15:24.154+0800] {processor.py:186} INFO - Started process (PID=101618) to work on /mnt/c/Users/wu_li/OneDrive/Desktop/Airflow_pract/venv/lib/python3.9/site-packages/airflow/example_dags/example_display_name.py
[2025-04-20T21:15:24.156+0800] {processor.py:914} INFO - Processing file /mnt/c/Users/wu_li/OneDrive/Desktop/Airflow_pract/venv/lib/python3.9/site-packages/airflow/example_dags/example_display_name.py for tasks to queue
[2025-04-20T21:15:24.158+0800] {logging_mixin.py:190} INFO - [2025-04-20T21:15:24.157+0800] {dagbag.py:588} INFO - Filling up the DagBag from /mnt/c/Users/wu_li/OneDrive/Desktop/Airflow_pract/venv/lib/python3.9/site-packages/airflow/example_dags/example_display_name.py
[2025-04-20T21:15:24.181+0800] {processor.py:925} INFO - DAG(s) 'example_display_name' retrieved from /mnt/c/Users/wu_li/OneDrive/Desktop/Airflow_pract/venv/lib/python3.9/site-packages/airflow/example_dags/example_display_name.py
[2025-04-20T21:15:24.209+0800] {logging_mixin.py:190} INFO - [2025-04-20T21:15:24.208+0800] {dag.py:3239} INFO - Sync 1 DAGs
[2025-04-20T21:15:24.226+0800] {logging_mixin.py:190} INFO - [2025-04-20T21:15:24.225+0800] {dag.py:4180} INFO - Setting next_dagrun for example_display_name to None, run_after=None
[2025-04-20T21:15:24.288+0800] {processor.py:208} INFO - Processing /mnt/c/Users/wu_li/OneDrive/Desktop/Airflow_pract/venv/lib/python3.9/site-packages/airflow/example_dags/example_display_name.py took 0.146 seconds
[2025-04-20T21:16:56.124+0800] {processor.py:186} INFO - Started process (PID=102658) to work on /mnt/c/Users/wu_li/OneDrive/Desktop/Airflow_pract/venv/lib/python3.9/site-packages/airflow/example_dags/example_display_name.py
[2025-04-20T21:16:56.128+0800] {processor.py:914} INFO - Processing file /mnt/c/Users/wu_li/OneDrive/Desktop/Airflow_pract/venv/lib/python3.9/site-packages/airflow/example_dags/example_display_name.py for tasks to queue
[2025-04-20T21:16:56.136+0800] {logging_mixin.py:190} INFO - [2025-04-20T21:16:56.134+0800] {dagbag.py:588} INFO - Filling up the DagBag from /mnt/c/Users/wu_li/OneDrive/Desktop/Airflow_pract/venv/lib/python3.9/site-packages/airflow/example_dags/example_display_name.py
[2025-04-20T21:16:56.169+0800] {processor.py:925} INFO - DAG(s) 'example_display_name' retrieved from /mnt/c/Users/wu_li/OneDrive/Desktop/Airflow_pract/venv/lib/python3.9/site-packages/airflow/example_dags/example_display_name.py
[2025-04-20T21:16:56.211+0800] {logging_mixin.py:190} INFO - [2025-04-20T21:16:56.210+0800] {dag.py:3239} INFO - Sync 1 DAGs
[2025-04-20T21:16:56.246+0800] {logging_mixin.py:190} INFO - [2025-04-20T21:16:56.244+0800] {dag.py:4180} INFO - Setting next_dagrun for example_display_name to None, run_after=None
[2025-04-20T21:16:56.312+0800] {processor.py:208} INFO - Processing /mnt/c/Users/wu_li/OneDrive/Desktop/Airflow_pract/venv/lib/python3.9/site-packages/airflow/example_dags/example_display_name.py took 0.213 seconds
[2025-04-20T21:18:21.260+0800] {processor.py:186} INFO - Started process (PID=103669) to work on /mnt/c/Users/wu_li/OneDrive/Desktop/Airflow_pract/venv/lib/python3.9/site-packages/airflow/example_dags/example_display_name.py
[2025-04-20T21:18:21.262+0800] {processor.py:914} INFO - Processing file /mnt/c/Users/wu_li/OneDrive/Desktop/Airflow_pract/venv/lib/python3.9/site-packages/airflow/example_dags/example_display_name.py for tasks to queue
[2025-04-20T21:18:21.264+0800] {logging_mixin.py:190} INFO - [2025-04-20T21:18:21.263+0800] {dagbag.py:588} INFO - Filling up the DagBag from /mnt/c/Users/wu_li/OneDrive/Desktop/Airflow_pract/venv/lib/python3.9/site-packages/airflow/example_dags/example_display_name.py
[2025-04-20T21:18:21.283+0800] {processor.py:925} INFO - DAG(s) 'example_display_name' retrieved from /mnt/c/Users/wu_li/OneDrive/Desktop/Airflow_pract/venv/lib/python3.9/site-packages/airflow/example_dags/example_display_name.py
[2025-04-20T21:18:21.310+0800] {logging_mixin.py:190} INFO - [2025-04-20T21:18:21.309+0800] {dag.py:3239} INFO - Sync 1 DAGs
[2025-04-20T21:18:21.325+0800] {logging_mixin.py:190} INFO - [2025-04-20T21:18:21.324+0800] {dag.py:4180} INFO - Setting next_dagrun for example_display_name to None, run_after=None
[2025-04-20T21:18:21.378+0800] {processor.py:208} INFO - Processing /mnt/c/Users/wu_li/OneDrive/Desktop/Airflow_pract/venv/lib/python3.9/site-packages/airflow/example_dags/example_display_name.py took 0.128 seconds
[2025-04-20T21:19:49.534+0800] {processor.py:186} INFO - Started process (PID=104745) to work on /mnt/c/Users/wu_li/OneDrive/Desktop/Airflow_pract/venv/lib/python3.9/site-packages/airflow/example_dags/example_display_name.py
[2025-04-20T21:19:49.538+0800] {processor.py:914} INFO - Processing file /mnt/c/Users/wu_li/OneDrive/Desktop/Airflow_pract/venv/lib/python3.9/site-packages/airflow/example_dags/example_display_name.py for tasks to queue
[2025-04-20T21:19:49.546+0800] {logging_mixin.py:190} INFO - [2025-04-20T21:19:49.543+0800] {dagbag.py:588} INFO - Filling up the DagBag from /mnt/c/Users/wu_li/OneDrive/Desktop/Airflow_pract/venv/lib/python3.9/site-packages/airflow/example_dags/example_display_name.py
[2025-04-20T21:19:49.609+0800] {processor.py:925} INFO - DAG(s) 'example_display_name' retrieved from /mnt/c/Users/wu_li/OneDrive/Desktop/Airflow_pract/venv/lib/python3.9/site-packages/airflow/example_dags/example_display_name.py
[2025-04-20T21:19:49.687+0800] {logging_mixin.py:190} INFO - [2025-04-20T21:19:49.686+0800] {dag.py:3239} INFO - Sync 1 DAGs
[2025-04-20T21:19:49.738+0800] {logging_mixin.py:190} INFO - [2025-04-20T21:19:49.737+0800] {dag.py:4180} INFO - Setting next_dagrun for example_display_name to None, run_after=None
[2025-04-20T21:19:49.891+0800] {processor.py:208} INFO - Processing /mnt/c/Users/wu_li/OneDrive/Desktop/Airflow_pract/venv/lib/python3.9/site-packages/airflow/example_dags/example_display_name.py took 0.388 seconds
[2025-04-20T21:21:23.001+0800] {processor.py:186} INFO - Started process (PID=105794) to work on /mnt/c/Users/wu_li/OneDrive/Desktop/Airflow_pract/venv/lib/python3.9/site-packages/airflow/example_dags/example_display_name.py
[2025-04-20T21:21:23.003+0800] {processor.py:914} INFO - Processing file /mnt/c/Users/wu_li/OneDrive/Desktop/Airflow_pract/venv/lib/python3.9/site-packages/airflow/example_dags/example_display_name.py for tasks to queue
[2025-04-20T21:21:23.005+0800] {logging_mixin.py:190} INFO - [2025-04-20T21:21:23.004+0800] {dagbag.py:588} INFO - Filling up the DagBag from /mnt/c/Users/wu_li/OneDrive/Desktop/Airflow_pract/venv/lib/python3.9/site-packages/airflow/example_dags/example_display_name.py
[2025-04-20T21:21:23.025+0800] {processor.py:925} INFO - DAG(s) 'example_display_name' retrieved from /mnt/c/Users/wu_li/OneDrive/Desktop/Airflow_pract/venv/lib/python3.9/site-packages/airflow/example_dags/example_display_name.py
[2025-04-20T21:21:23.049+0800] {logging_mixin.py:190} INFO - [2025-04-20T21:21:23.048+0800] {dag.py:3239} INFO - Sync 1 DAGs
[2025-04-20T21:21:23.062+0800] {logging_mixin.py:190} INFO - [2025-04-20T21:21:23.062+0800] {dag.py:4180} INFO - Setting next_dagrun for example_display_name to None, run_after=None
[2025-04-20T21:21:23.127+0800] {processor.py:208} INFO - Processing /mnt/c/Users/wu_li/OneDrive/Desktop/Airflow_pract/venv/lib/python3.9/site-packages/airflow/example_dags/example_display_name.py took 0.138 seconds
[2025-04-20T21:22:56.654+0800] {processor.py:186} INFO - Started process (PID=106762) to work on /mnt/c/Users/wu_li/OneDrive/Desktop/Airflow_pract/venv/lib/python3.9/site-packages/airflow/example_dags/example_display_name.py
[2025-04-20T21:22:56.657+0800] {processor.py:914} INFO - Processing file /mnt/c/Users/wu_li/OneDrive/Desktop/Airflow_pract/venv/lib/python3.9/site-packages/airflow/example_dags/example_display_name.py for tasks to queue
[2025-04-20T21:22:56.666+0800] {logging_mixin.py:190} INFO - [2025-04-20T21:22:56.662+0800] {dagbag.py:588} INFO - Filling up the DagBag from /mnt/c/Users/wu_li/OneDrive/Desktop/Airflow_pract/venv/lib/python3.9/site-packages/airflow/example_dags/example_display_name.py
[2025-04-20T21:22:56.743+0800] {processor.py:925} INFO - DAG(s) 'example_display_name' retrieved from /mnt/c/Users/wu_li/OneDrive/Desktop/Airflow_pract/venv/lib/python3.9/site-packages/airflow/example_dags/example_display_name.py
[2025-04-20T21:22:56.812+0800] {logging_mixin.py:190} INFO - [2025-04-20T21:22:56.810+0800] {dag.py:3239} INFO - Sync 1 DAGs
[2025-04-20T21:22:56.851+0800] {logging_mixin.py:190} INFO - [2025-04-20T21:22:56.849+0800] {dag.py:4180} INFO - Setting next_dagrun for example_display_name to None, run_after=None
[2025-04-20T21:22:56.939+0800] {processor.py:208} INFO - Processing /mnt/c/Users/wu_li/OneDrive/Desktop/Airflow_pract/venv/lib/python3.9/site-packages/airflow/example_dags/example_display_name.py took 0.427 seconds
[2025-04-20T21:24:24.744+0800] {processor.py:186} INFO - Started process (PID=107772) to work on /mnt/c/Users/wu_li/OneDrive/Desktop/Airflow_pract/venv/lib/python3.9/site-packages/airflow/example_dags/example_display_name.py
[2025-04-20T21:24:24.745+0800] {processor.py:914} INFO - Processing file /mnt/c/Users/wu_li/OneDrive/Desktop/Airflow_pract/venv/lib/python3.9/site-packages/airflow/example_dags/example_display_name.py for tasks to queue
[2025-04-20T21:24:24.748+0800] {logging_mixin.py:190} INFO - [2025-04-20T21:24:24.747+0800] {dagbag.py:588} INFO - Filling up the DagBag from /mnt/c/Users/wu_li/OneDrive/Desktop/Airflow_pract/venv/lib/python3.9/site-packages/airflow/example_dags/example_display_name.py
[2025-04-20T21:24:24.768+0800] {processor.py:925} INFO - DAG(s) 'example_display_name' retrieved from /mnt/c/Users/wu_li/OneDrive/Desktop/Airflow_pract/venv/lib/python3.9/site-packages/airflow/example_dags/example_display_name.py
[2025-04-20T21:24:24.795+0800] {logging_mixin.py:190} INFO - [2025-04-20T21:24:24.794+0800] {dag.py:3239} INFO - Sync 1 DAGs
[2025-04-20T21:24:24.810+0800] {logging_mixin.py:190} INFO - [2025-04-20T21:24:24.809+0800] {dag.py:4180} INFO - Setting next_dagrun for example_display_name to None, run_after=None
[2025-04-20T21:24:24.864+0800] {processor.py:208} INFO - Processing /mnt/c/Users/wu_li/OneDrive/Desktop/Airflow_pract/venv/lib/python3.9/site-packages/airflow/example_dags/example_display_name.py took 0.131 seconds
[2025-04-20T21:25:56.509+0800] {processor.py:186} INFO - Started process (PID=108848) to work on /mnt/c/Users/wu_li/OneDrive/Desktop/Airflow_pract/venv/lib/python3.9/site-packages/airflow/example_dags/example_display_name.py
[2025-04-20T21:25:56.512+0800] {processor.py:914} INFO - Processing file /mnt/c/Users/wu_li/OneDrive/Desktop/Airflow_pract/venv/lib/python3.9/site-packages/airflow/example_dags/example_display_name.py for tasks to queue
[2025-04-20T21:25:56.516+0800] {logging_mixin.py:190} INFO - [2025-04-20T21:25:56.515+0800] {dagbag.py:588} INFO - Filling up the DagBag from /mnt/c/Users/wu_li/OneDrive/Desktop/Airflow_pract/venv/lib/python3.9/site-packages/airflow/example_dags/example_display_name.py
[2025-04-20T21:25:56.550+0800] {processor.py:925} INFO - DAG(s) 'example_display_name' retrieved from /mnt/c/Users/wu_li/OneDrive/Desktop/Airflow_pract/venv/lib/python3.9/site-packages/airflow/example_dags/example_display_name.py
[2025-04-20T21:25:56.594+0800] {logging_mixin.py:190} INFO - [2025-04-20T21:25:56.592+0800] {dag.py:3239} INFO - Sync 1 DAGs
[2025-04-20T21:25:56.635+0800] {logging_mixin.py:190} INFO - [2025-04-20T21:25:56.632+0800] {dag.py:4180} INFO - Setting next_dagrun for example_display_name to None, run_after=None
[2025-04-20T21:25:56.741+0800] {processor.py:208} INFO - Processing /mnt/c/Users/wu_li/OneDrive/Desktop/Airflow_pract/venv/lib/python3.9/site-packages/airflow/example_dags/example_display_name.py took 0.252 seconds
[2025-04-20T21:27:23.388+0800] {processor.py:186} INFO - Started process (PID=109855) to work on /mnt/c/Users/wu_li/OneDrive/Desktop/Airflow_pract/venv/lib/python3.9/site-packages/airflow/example_dags/example_display_name.py
[2025-04-20T21:27:23.390+0800] {processor.py:914} INFO - Processing file /mnt/c/Users/wu_li/OneDrive/Desktop/Airflow_pract/venv/lib/python3.9/site-packages/airflow/example_dags/example_display_name.py for tasks to queue
[2025-04-20T21:27:23.394+0800] {logging_mixin.py:190} INFO - [2025-04-20T21:27:23.393+0800] {dagbag.py:588} INFO - Filling up the DagBag from /mnt/c/Users/wu_li/OneDrive/Desktop/Airflow_pract/venv/lib/python3.9/site-packages/airflow/example_dags/example_display_name.py
[2025-04-20T21:27:23.427+0800] {processor.py:925} INFO - DAG(s) 'example_display_name' retrieved from /mnt/c/Users/wu_li/OneDrive/Desktop/Airflow_pract/venv/lib/python3.9/site-packages/airflow/example_dags/example_display_name.py
[2025-04-20T21:27:23.469+0800] {logging_mixin.py:190} INFO - [2025-04-20T21:27:23.468+0800] {dag.py:3239} INFO - Sync 1 DAGs
[2025-04-20T21:27:23.565+0800] {logging_mixin.py:190} INFO - [2025-04-20T21:27:23.563+0800] {dag.py:4180} INFO - Setting next_dagrun for example_display_name to None, run_after=None
[2025-04-20T21:27:23.849+0800] {processor.py:208} INFO - Processing /mnt/c/Users/wu_li/OneDrive/Desktop/Airflow_pract/venv/lib/python3.9/site-packages/airflow/example_dags/example_display_name.py took 0.489 seconds
[2025-04-20T21:28:57.974+0800] {processor.py:186} INFO - Started process (PID=110938) to work on /mnt/c/Users/wu_li/OneDrive/Desktop/Airflow_pract/venv/lib/python3.9/site-packages/airflow/example_dags/example_display_name.py
[2025-04-20T21:28:57.975+0800] {processor.py:914} INFO - Processing file /mnt/c/Users/wu_li/OneDrive/Desktop/Airflow_pract/venv/lib/python3.9/site-packages/airflow/example_dags/example_display_name.py for tasks to queue
[2025-04-20T21:28:57.978+0800] {logging_mixin.py:190} INFO - [2025-04-20T21:28:57.977+0800] {dagbag.py:588} INFO - Filling up the DagBag from /mnt/c/Users/wu_li/OneDrive/Desktop/Airflow_pract/venv/lib/python3.9/site-packages/airflow/example_dags/example_display_name.py
[2025-04-20T21:28:58.001+0800] {processor.py:925} INFO - DAG(s) 'example_display_name' retrieved from /mnt/c/Users/wu_li/OneDrive/Desktop/Airflow_pract/venv/lib/python3.9/site-packages/airflow/example_dags/example_display_name.py
[2025-04-20T21:28:58.024+0800] {logging_mixin.py:190} INFO - [2025-04-20T21:28:58.024+0800] {dag.py:3239} INFO - Sync 1 DAGs
[2025-04-20T21:28:58.038+0800] {logging_mixin.py:190} INFO - [2025-04-20T21:28:58.037+0800] {dag.py:4180} INFO - Setting next_dagrun for example_display_name to None, run_after=None
[2025-04-20T21:28:58.095+0800] {processor.py:208} INFO - Processing /mnt/c/Users/wu_li/OneDrive/Desktop/Airflow_pract/venv/lib/python3.9/site-packages/airflow/example_dags/example_display_name.py took 0.132 seconds
[2025-04-20T21:30:27.749+0800] {processor.py:186} INFO - Started process (PID=112016) to work on /mnt/c/Users/wu_li/OneDrive/Desktop/Airflow_pract/venv/lib/python3.9/site-packages/airflow/example_dags/example_display_name.py
[2025-04-20T21:30:27.752+0800] {processor.py:914} INFO - Processing file /mnt/c/Users/wu_li/OneDrive/Desktop/Airflow_pract/venv/lib/python3.9/site-packages/airflow/example_dags/example_display_name.py for tasks to queue
[2025-04-20T21:30:27.756+0800] {logging_mixin.py:190} INFO - [2025-04-20T21:30:27.755+0800] {dagbag.py:588} INFO - Filling up the DagBag from /mnt/c/Users/wu_li/OneDrive/Desktop/Airflow_pract/venv/lib/python3.9/site-packages/airflow/example_dags/example_display_name.py
[2025-04-20T21:30:27.788+0800] {processor.py:925} INFO - DAG(s) 'example_display_name' retrieved from /mnt/c/Users/wu_li/OneDrive/Desktop/Airflow_pract/venv/lib/python3.9/site-packages/airflow/example_dags/example_display_name.py
[2025-04-20T21:30:27.839+0800] {logging_mixin.py:190} INFO - [2025-04-20T21:30:27.838+0800] {dag.py:3239} INFO - Sync 1 DAGs
[2025-04-20T21:30:27.871+0800] {logging_mixin.py:190} INFO - [2025-04-20T21:30:27.868+0800] {dag.py:4180} INFO - Setting next_dagrun for example_display_name to None, run_after=None
[2025-04-20T21:30:27.962+0800] {processor.py:208} INFO - Processing /mnt/c/Users/wu_li/OneDrive/Desktop/Airflow_pract/venv/lib/python3.9/site-packages/airflow/example_dags/example_display_name.py took 0.231 seconds
[2025-04-20T21:32:01.867+0800] {processor.py:186} INFO - Started process (PID=113029) to work on /mnt/c/Users/wu_li/OneDrive/Desktop/Airflow_pract/venv/lib/python3.9/site-packages/airflow/example_dags/example_display_name.py
[2025-04-20T21:32:01.868+0800] {processor.py:914} INFO - Processing file /mnt/c/Users/wu_li/OneDrive/Desktop/Airflow_pract/venv/lib/python3.9/site-packages/airflow/example_dags/example_display_name.py for tasks to queue
[2025-04-20T21:32:01.870+0800] {logging_mixin.py:190} INFO - [2025-04-20T21:32:01.870+0800] {dagbag.py:588} INFO - Filling up the DagBag from /mnt/c/Users/wu_li/OneDrive/Desktop/Airflow_pract/venv/lib/python3.9/site-packages/airflow/example_dags/example_display_name.py
[2025-04-20T21:32:01.890+0800] {processor.py:925} INFO - DAG(s) 'example_display_name' retrieved from /mnt/c/Users/wu_li/OneDrive/Desktop/Airflow_pract/venv/lib/python3.9/site-packages/airflow/example_dags/example_display_name.py
[2025-04-20T21:32:01.914+0800] {logging_mixin.py:190} INFO - [2025-04-20T21:32:01.913+0800] {dag.py:3239} INFO - Sync 1 DAGs
[2025-04-20T21:32:01.927+0800] {logging_mixin.py:190} INFO - [2025-04-20T21:32:01.926+0800] {dag.py:4180} INFO - Setting next_dagrun for example_display_name to None, run_after=None
[2025-04-20T21:32:01.986+0800] {processor.py:208} INFO - Processing /mnt/c/Users/wu_li/OneDrive/Desktop/Airflow_pract/venv/lib/python3.9/site-packages/airflow/example_dags/example_display_name.py took 0.131 seconds
[2025-04-20T21:33:29.993+0800] {processor.py:186} INFO - Started process (PID=114104) to work on /mnt/c/Users/wu_li/OneDrive/Desktop/Airflow_pract/venv/lib/python3.9/site-packages/airflow/example_dags/example_display_name.py
[2025-04-20T21:33:29.995+0800] {processor.py:914} INFO - Processing file /mnt/c/Users/wu_li/OneDrive/Desktop/Airflow_pract/venv/lib/python3.9/site-packages/airflow/example_dags/example_display_name.py for tasks to queue
[2025-04-20T21:33:29.999+0800] {logging_mixin.py:190} INFO - [2025-04-20T21:33:29.998+0800] {dagbag.py:588} INFO - Filling up the DagBag from /mnt/c/Users/wu_li/OneDrive/Desktop/Airflow_pract/venv/lib/python3.9/site-packages/airflow/example_dags/example_display_name.py
[2025-04-20T21:33:30.030+0800] {processor.py:925} INFO - DAG(s) 'example_display_name' retrieved from /mnt/c/Users/wu_li/OneDrive/Desktop/Airflow_pract/venv/lib/python3.9/site-packages/airflow/example_dags/example_display_name.py
[2025-04-20T21:33:30.072+0800] {logging_mixin.py:190} INFO - [2025-04-20T21:33:30.070+0800] {dag.py:3239} INFO - Sync 1 DAGs
[2025-04-20T21:33:30.111+0800] {logging_mixin.py:190} INFO - [2025-04-20T21:33:30.109+0800] {dag.py:4180} INFO - Setting next_dagrun for example_display_name to None, run_after=None
[2025-04-20T21:33:30.387+0800] {processor.py:208} INFO - Processing /mnt/c/Users/wu_li/OneDrive/Desktop/Airflow_pract/venv/lib/python3.9/site-packages/airflow/example_dags/example_display_name.py took 0.413 seconds
[2025-04-20T21:35:04.823+0800] {processor.py:186} INFO - Started process (PID=115187) to work on /mnt/c/Users/wu_li/OneDrive/Desktop/Airflow_pract/venv/lib/python3.9/site-packages/airflow/example_dags/example_display_name.py
[2025-04-20T21:35:04.825+0800] {processor.py:914} INFO - Processing file /mnt/c/Users/wu_li/OneDrive/Desktop/Airflow_pract/venv/lib/python3.9/site-packages/airflow/example_dags/example_display_name.py for tasks to queue
[2025-04-20T21:35:04.827+0800] {logging_mixin.py:190} INFO - [2025-04-20T21:35:04.826+0800] {dagbag.py:588} INFO - Filling up the DagBag from /mnt/c/Users/wu_li/OneDrive/Desktop/Airflow_pract/venv/lib/python3.9/site-packages/airflow/example_dags/example_display_name.py
[2025-04-20T21:35:04.846+0800] {processor.py:925} INFO - DAG(s) 'example_display_name' retrieved from /mnt/c/Users/wu_li/OneDrive/Desktop/Airflow_pract/venv/lib/python3.9/site-packages/airflow/example_dags/example_display_name.py
[2025-04-20T21:35:04.870+0800] {logging_mixin.py:190} INFO - [2025-04-20T21:35:04.869+0800] {dag.py:3239} INFO - Sync 1 DAGs
[2025-04-20T21:35:04.990+0800] {logging_mixin.py:190} INFO - [2025-04-20T21:35:04.988+0800] {dag.py:4180} INFO - Setting next_dagrun for example_display_name to None, run_after=None
[2025-04-20T21:35:05.043+0800] {processor.py:208} INFO - Processing /mnt/c/Users/wu_li/OneDrive/Desktop/Airflow_pract/venv/lib/python3.9/site-packages/airflow/example_dags/example_display_name.py took 0.230 seconds
[2025-04-20T21:36:44.126+0800] {processor.py:186} INFO - Started process (PID=116410) to work on /mnt/c/Users/wu_li/OneDrive/Desktop/Airflow_pract/venv/lib/python3.9/site-packages/airflow/example_dags/example_display_name.py
[2025-04-20T21:36:44.128+0800] {processor.py:914} INFO - Processing file /mnt/c/Users/wu_li/OneDrive/Desktop/Airflow_pract/venv/lib/python3.9/site-packages/airflow/example_dags/example_display_name.py for tasks to queue
[2025-04-20T21:36:44.132+0800] {logging_mixin.py:190} INFO - [2025-04-20T21:36:44.130+0800] {dagbag.py:588} INFO - Filling up the DagBag from /mnt/c/Users/wu_li/OneDrive/Desktop/Airflow_pract/venv/lib/python3.9/site-packages/airflow/example_dags/example_display_name.py
[2025-04-20T21:36:44.167+0800] {processor.py:925} INFO - DAG(s) 'example_display_name' retrieved from /mnt/c/Users/wu_li/OneDrive/Desktop/Airflow_pract/venv/lib/python3.9/site-packages/airflow/example_dags/example_display_name.py
[2025-04-20T21:36:44.213+0800] {logging_mixin.py:190} INFO - [2025-04-20T21:36:44.212+0800] {dag.py:3239} INFO - Sync 1 DAGs
[2025-04-20T21:36:44.522+0800] {logging_mixin.py:190} INFO - [2025-04-20T21:36:44.521+0800] {dag.py:4180} INFO - Setting next_dagrun for example_display_name to None, run_after=None
[2025-04-20T21:36:44.614+0800] {processor.py:208} INFO - Processing /mnt/c/Users/wu_li/OneDrive/Desktop/Airflow_pract/venv/lib/python3.9/site-packages/airflow/example_dags/example_display_name.py took 0.506 seconds
[2025-04-20T21:38:34.537+0800] {processor.py:186} INFO - Started process (PID=117382) to work on /mnt/c/Users/wu_li/OneDrive/Desktop/Airflow_pract/venv/lib/python3.9/site-packages/airflow/example_dags/example_display_name.py
[2025-04-20T21:38:34.539+0800] {processor.py:914} INFO - Processing file /mnt/c/Users/wu_li/OneDrive/Desktop/Airflow_pract/venv/lib/python3.9/site-packages/airflow/example_dags/example_display_name.py for tasks to queue
[2025-04-20T21:38:34.543+0800] {logging_mixin.py:190} INFO - [2025-04-20T21:38:34.541+0800] {dagbag.py:588} INFO - Filling up the DagBag from /mnt/c/Users/wu_li/OneDrive/Desktop/Airflow_pract/venv/lib/python3.9/site-packages/airflow/example_dags/example_display_name.py
[2025-04-20T21:38:34.576+0800] {processor.py:925} INFO - DAG(s) 'example_display_name' retrieved from /mnt/c/Users/wu_li/OneDrive/Desktop/Airflow_pract/venv/lib/python3.9/site-packages/airflow/example_dags/example_display_name.py
[2025-04-20T21:38:34.605+0800] {logging_mixin.py:190} INFO - [2025-04-20T21:38:34.604+0800] {dag.py:3239} INFO - Sync 1 DAGs
[2025-04-20T21:38:34.736+0800] {logging_mixin.py:190} INFO - [2025-04-20T21:38:34.735+0800] {dag.py:4180} INFO - Setting next_dagrun for example_display_name to None, run_after=None
[2025-04-20T21:38:34.797+0800] {processor.py:208} INFO - Processing /mnt/c/Users/wu_li/OneDrive/Desktop/Airflow_pract/venv/lib/python3.9/site-packages/airflow/example_dags/example_display_name.py took 0.271 seconds
[2025-04-20T21:40:01.883+0800] {processor.py:186} INFO - Started process (PID=118331) to work on /mnt/c/Users/wu_li/OneDrive/Desktop/Airflow_pract/venv/lib/python3.9/site-packages/airflow/example_dags/example_display_name.py
[2025-04-20T21:40:01.889+0800] {processor.py:914} INFO - Processing file /mnt/c/Users/wu_li/OneDrive/Desktop/Airflow_pract/venv/lib/python3.9/site-packages/airflow/example_dags/example_display_name.py for tasks to queue
[2025-04-20T21:40:01.892+0800] {logging_mixin.py:190} INFO - [2025-04-20T21:40:01.891+0800] {dagbag.py:588} INFO - Filling up the DagBag from /mnt/c/Users/wu_li/OneDrive/Desktop/Airflow_pract/venv/lib/python3.9/site-packages/airflow/example_dags/example_display_name.py
[2025-04-20T21:40:01.926+0800] {processor.py:925} INFO - DAG(s) 'example_display_name' retrieved from /mnt/c/Users/wu_li/OneDrive/Desktop/Airflow_pract/venv/lib/python3.9/site-packages/airflow/example_dags/example_display_name.py
[2025-04-20T21:40:01.988+0800] {logging_mixin.py:190} INFO - [2025-04-20T21:40:01.987+0800] {dag.py:3239} INFO - Sync 1 DAGs
[2025-04-20T21:40:02.009+0800] {logging_mixin.py:190} INFO - [2025-04-20T21:40:02.008+0800] {dag.py:4180} INFO - Setting next_dagrun for example_display_name to None, run_after=None
[2025-04-20T21:40:02.100+0800] {processor.py:208} INFO - Processing /mnt/c/Users/wu_li/OneDrive/Desktop/Airflow_pract/venv/lib/python3.9/site-packages/airflow/example_dags/example_display_name.py took 0.234 seconds
[2025-04-20T21:41:30.099+0800] {processor.py:186} INFO - Started process (PID=119451) to work on /mnt/c/Users/wu_li/OneDrive/Desktop/Airflow_pract/venv/lib/python3.9/site-packages/airflow/example_dags/example_display_name.py
[2025-04-20T21:41:30.101+0800] {processor.py:914} INFO - Processing file /mnt/c/Users/wu_li/OneDrive/Desktop/Airflow_pract/venv/lib/python3.9/site-packages/airflow/example_dags/example_display_name.py for tasks to queue
[2025-04-20T21:41:30.105+0800] {logging_mixin.py:190} INFO - [2025-04-20T21:41:30.103+0800] {dagbag.py:588} INFO - Filling up the DagBag from /mnt/c/Users/wu_li/OneDrive/Desktop/Airflow_pract/venv/lib/python3.9/site-packages/airflow/example_dags/example_display_name.py
[2025-04-20T21:41:30.155+0800] {processor.py:925} INFO - DAG(s) 'example_display_name' retrieved from /mnt/c/Users/wu_li/OneDrive/Desktop/Airflow_pract/venv/lib/python3.9/site-packages/airflow/example_dags/example_display_name.py
[2025-04-20T21:41:30.217+0800] {logging_mixin.py:190} INFO - [2025-04-20T21:41:30.215+0800] {dag.py:3239} INFO - Sync 1 DAGs
[2025-04-20T21:41:30.255+0800] {logging_mixin.py:190} INFO - [2025-04-20T21:41:30.253+0800] {dag.py:4180} INFO - Setting next_dagrun for example_display_name to None, run_after=None
[2025-04-20T21:41:30.375+0800] {processor.py:208} INFO - Processing /mnt/c/Users/wu_li/OneDrive/Desktop/Airflow_pract/venv/lib/python3.9/site-packages/airflow/example_dags/example_display_name.py took 0.294 seconds
[2025-04-20T21:43:06.268+0800] {processor.py:186} INFO - Started process (PID=120289) to work on /mnt/c/Users/wu_li/OneDrive/Desktop/Airflow_pract/venv/lib/python3.9/site-packages/airflow/example_dags/example_display_name.py
[2025-04-20T21:43:06.280+0800] {processor.py:914} INFO - Processing file /mnt/c/Users/wu_li/OneDrive/Desktop/Airflow_pract/venv/lib/python3.9/site-packages/airflow/example_dags/example_display_name.py for tasks to queue
[2025-04-20T21:43:06.284+0800] {logging_mixin.py:190} INFO - [2025-04-20T21:43:06.283+0800] {dagbag.py:588} INFO - Filling up the DagBag from /mnt/c/Users/wu_li/OneDrive/Desktop/Airflow_pract/venv/lib/python3.9/site-packages/airflow/example_dags/example_display_name.py
[2025-04-20T21:43:06.329+0800] {processor.py:925} INFO - DAG(s) 'example_display_name' retrieved from /mnt/c/Users/wu_li/OneDrive/Desktop/Airflow_pract/venv/lib/python3.9/site-packages/airflow/example_dags/example_display_name.py
[2025-04-20T21:43:06.389+0800] {logging_mixin.py:190} INFO - [2025-04-20T21:43:06.388+0800] {dag.py:3239} INFO - Sync 1 DAGs
[2025-04-20T21:43:06.439+0800] {logging_mixin.py:190} INFO - [2025-04-20T21:43:06.435+0800] {dag.py:4180} INFO - Setting next_dagrun for example_display_name to None, run_after=None
[2025-04-20T21:43:06.573+0800] {processor.py:208} INFO - Processing /mnt/c/Users/wu_li/OneDrive/Desktop/Airflow_pract/venv/lib/python3.9/site-packages/airflow/example_dags/example_display_name.py took 0.331 seconds
[2025-04-20T21:44:40.297+0800] {processor.py:186} INFO - Started process (PID=121249) to work on /mnt/c/Users/wu_li/OneDrive/Desktop/Airflow_pract/venv/lib/python3.9/site-packages/airflow/example_dags/example_display_name.py
[2025-04-20T21:44:40.298+0800] {processor.py:914} INFO - Processing file /mnt/c/Users/wu_li/OneDrive/Desktop/Airflow_pract/venv/lib/python3.9/site-packages/airflow/example_dags/example_display_name.py for tasks to queue
[2025-04-20T21:44:40.303+0800] {logging_mixin.py:190} INFO - [2025-04-20T21:44:40.300+0800] {dagbag.py:588} INFO - Filling up the DagBag from /mnt/c/Users/wu_li/OneDrive/Desktop/Airflow_pract/venv/lib/python3.9/site-packages/airflow/example_dags/example_display_name.py
[2025-04-20T21:44:40.332+0800] {processor.py:925} INFO - DAG(s) 'example_display_name' retrieved from /mnt/c/Users/wu_li/OneDrive/Desktop/Airflow_pract/venv/lib/python3.9/site-packages/airflow/example_dags/example_display_name.py
[2025-04-20T21:44:40.381+0800] {logging_mixin.py:190} INFO - [2025-04-20T21:44:40.380+0800] {dag.py:3239} INFO - Sync 1 DAGs
[2025-04-20T21:44:40.424+0800] {logging_mixin.py:190} INFO - [2025-04-20T21:44:40.423+0800] {dag.py:4180} INFO - Setting next_dagrun for example_display_name to None, run_after=None
[2025-04-20T21:44:40.502+0800] {processor.py:208} INFO - Processing /mnt/c/Users/wu_li/OneDrive/Desktop/Airflow_pract/venv/lib/python3.9/site-packages/airflow/example_dags/example_display_name.py took 0.220 seconds
[2025-04-20T21:46:17.063+0800] {processor.py:186} INFO - Started process (PID=122127) to work on /mnt/c/Users/wu_li/OneDrive/Desktop/Airflow_pract/venv/lib/python3.9/site-packages/airflow/example_dags/example_display_name.py
[2025-04-20T21:46:17.066+0800] {processor.py:914} INFO - Processing file /mnt/c/Users/wu_li/OneDrive/Desktop/Airflow_pract/venv/lib/python3.9/site-packages/airflow/example_dags/example_display_name.py for tasks to queue
[2025-04-20T21:46:17.069+0800] {logging_mixin.py:190} INFO - [2025-04-20T21:46:17.068+0800] {dagbag.py:588} INFO - Filling up the DagBag from /mnt/c/Users/wu_li/OneDrive/Desktop/Airflow_pract/venv/lib/python3.9/site-packages/airflow/example_dags/example_display_name.py
[2025-04-20T21:46:17.099+0800] {processor.py:925} INFO - DAG(s) 'example_display_name' retrieved from /mnt/c/Users/wu_li/OneDrive/Desktop/Airflow_pract/venv/lib/python3.9/site-packages/airflow/example_dags/example_display_name.py
[2025-04-20T21:46:17.182+0800] {logging_mixin.py:190} INFO - [2025-04-20T21:46:17.180+0800] {dag.py:3239} INFO - Sync 1 DAGs
[2025-04-20T21:46:17.266+0800] {logging_mixin.py:190} INFO - [2025-04-20T21:46:17.264+0800] {dag.py:4180} INFO - Setting next_dagrun for example_display_name to None, run_after=None
[2025-04-20T21:46:17.503+0800] {processor.py:208} INFO - Processing /mnt/c/Users/wu_li/OneDrive/Desktop/Airflow_pract/venv/lib/python3.9/site-packages/airflow/example_dags/example_display_name.py took 0.475 seconds
[2025-04-20T21:48:14.578+0800] {processor.py:186} INFO - Started process (PID=123007) to work on /mnt/c/Users/wu_li/OneDrive/Desktop/Airflow_pract/venv/lib/python3.9/site-packages/airflow/example_dags/example_display_name.py
[2025-04-20T21:48:14.580+0800] {processor.py:914} INFO - Processing file /mnt/c/Users/wu_li/OneDrive/Desktop/Airflow_pract/venv/lib/python3.9/site-packages/airflow/example_dags/example_display_name.py for tasks to queue
[2025-04-20T21:48:14.582+0800] {logging_mixin.py:190} INFO - [2025-04-20T21:48:14.581+0800] {dagbag.py:588} INFO - Filling up the DagBag from /mnt/c/Users/wu_li/OneDrive/Desktop/Airflow_pract/venv/lib/python3.9/site-packages/airflow/example_dags/example_display_name.py
[2025-04-20T21:48:14.623+0800] {processor.py:925} INFO - DAG(s) 'example_display_name' retrieved from /mnt/c/Users/wu_li/OneDrive/Desktop/Airflow_pract/venv/lib/python3.9/site-packages/airflow/example_dags/example_display_name.py
[2025-04-20T21:48:14.663+0800] {logging_mixin.py:190} INFO - [2025-04-20T21:48:14.661+0800] {dag.py:3239} INFO - Sync 1 DAGs
[2025-04-20T21:48:14.690+0800] {logging_mixin.py:190} INFO - [2025-04-20T21:48:14.688+0800] {dag.py:4180} INFO - Setting next_dagrun for example_display_name to None, run_after=None
[2025-04-20T21:48:14.752+0800] {processor.py:208} INFO - Processing /mnt/c/Users/wu_li/OneDrive/Desktop/Airflow_pract/venv/lib/python3.9/site-packages/airflow/example_dags/example_display_name.py took 0.190 seconds
[2025-04-20T21:49:44.496+0800] {processor.py:186} INFO - Started process (PID=124012) to work on /mnt/c/Users/wu_li/OneDrive/Desktop/Airflow_pract/venv/lib/python3.9/site-packages/airflow/example_dags/example_display_name.py
[2025-04-20T21:49:44.498+0800] {processor.py:914} INFO - Processing file /mnt/c/Users/wu_li/OneDrive/Desktop/Airflow_pract/venv/lib/python3.9/site-packages/airflow/example_dags/example_display_name.py for tasks to queue
[2025-04-20T21:49:44.502+0800] {logging_mixin.py:190} INFO - [2025-04-20T21:49:44.501+0800] {dagbag.py:588} INFO - Filling up the DagBag from /mnt/c/Users/wu_li/OneDrive/Desktop/Airflow_pract/venv/lib/python3.9/site-packages/airflow/example_dags/example_display_name.py
[2025-04-20T21:49:44.543+0800] {processor.py:925} INFO - DAG(s) 'example_display_name' retrieved from /mnt/c/Users/wu_li/OneDrive/Desktop/Airflow_pract/venv/lib/python3.9/site-packages/airflow/example_dags/example_display_name.py
[2025-04-20T21:49:44.600+0800] {logging_mixin.py:190} INFO - [2025-04-20T21:49:44.597+0800] {dag.py:3239} INFO - Sync 1 DAGs
[2025-04-20T21:49:44.663+0800] {logging_mixin.py:190} INFO - [2025-04-20T21:49:44.661+0800] {dag.py:4180} INFO - Setting next_dagrun for example_display_name to None, run_after=None
[2025-04-20T21:49:44.761+0800] {processor.py:208} INFO - Processing /mnt/c/Users/wu_li/OneDrive/Desktop/Airflow_pract/venv/lib/python3.9/site-packages/airflow/example_dags/example_display_name.py took 0.284 seconds
[2025-04-20T21:51:44.270+0800] {processor.py:186} INFO - Started process (PID=124810) to work on /mnt/c/Users/wu_li/OneDrive/Desktop/Airflow_pract/venv/lib/python3.9/site-packages/airflow/example_dags/example_display_name.py
[2025-04-20T21:51:44.274+0800] {processor.py:914} INFO - Processing file /mnt/c/Users/wu_li/OneDrive/Desktop/Airflow_pract/venv/lib/python3.9/site-packages/airflow/example_dags/example_display_name.py for tasks to queue
[2025-04-20T21:51:44.284+0800] {logging_mixin.py:190} INFO - [2025-04-20T21:51:44.277+0800] {dagbag.py:588} INFO - Filling up the DagBag from /mnt/c/Users/wu_li/OneDrive/Desktop/Airflow_pract/venv/lib/python3.9/site-packages/airflow/example_dags/example_display_name.py
[2025-04-20T21:51:44.346+0800] {processor.py:925} INFO - DAG(s) 'example_display_name' retrieved from /mnt/c/Users/wu_li/OneDrive/Desktop/Airflow_pract/venv/lib/python3.9/site-packages/airflow/example_dags/example_display_name.py
[2025-04-20T21:51:44.444+0800] {logging_mixin.py:190} INFO - [2025-04-20T21:51:44.443+0800] {dag.py:3239} INFO - Sync 1 DAGs
[2025-04-20T21:51:44.494+0800] {logging_mixin.py:190} INFO - [2025-04-20T21:51:44.491+0800] {dag.py:4180} INFO - Setting next_dagrun for example_display_name to None, run_after=None
[2025-04-20T21:51:44.628+0800] {processor.py:208} INFO - Processing /mnt/c/Users/wu_li/OneDrive/Desktop/Airflow_pract/venv/lib/python3.9/site-packages/airflow/example_dags/example_display_name.py took 0.388 seconds
[2025-04-20T21:53:33.338+0800] {processor.py:186} INFO - Started process (PID=125677) to work on /mnt/c/Users/wu_li/OneDrive/Desktop/Airflow_pract/venv/lib/python3.9/site-packages/airflow/example_dags/example_display_name.py
[2025-04-20T21:53:33.348+0800] {processor.py:914} INFO - Processing file /mnt/c/Users/wu_li/OneDrive/Desktop/Airflow_pract/venv/lib/python3.9/site-packages/airflow/example_dags/example_display_name.py for tasks to queue
[2025-04-20T21:53:33.354+0800] {logging_mixin.py:190} INFO - [2025-04-20T21:53:33.352+0800] {dagbag.py:588} INFO - Filling up the DagBag from /mnt/c/Users/wu_li/OneDrive/Desktop/Airflow_pract/venv/lib/python3.9/site-packages/airflow/example_dags/example_display_name.py
[2025-04-20T21:53:33.411+0800] {processor.py:925} INFO - DAG(s) 'example_display_name' retrieved from /mnt/c/Users/wu_li/OneDrive/Desktop/Airflow_pract/venv/lib/python3.9/site-packages/airflow/example_dags/example_display_name.py
[2025-04-20T21:53:33.482+0800] {logging_mixin.py:190} INFO - [2025-04-20T21:53:33.479+0800] {dag.py:3239} INFO - Sync 1 DAGs
[2025-04-20T21:53:33.529+0800] {logging_mixin.py:190} INFO - [2025-04-20T21:53:33.527+0800] {dag.py:4180} INFO - Setting next_dagrun for example_display_name to None, run_after=None
[2025-04-20T21:53:33.660+0800] {processor.py:208} INFO - Processing /mnt/c/Users/wu_li/OneDrive/Desktop/Airflow_pract/venv/lib/python3.9/site-packages/airflow/example_dags/example_display_name.py took 0.364 seconds
[2025-04-20T21:55:08.633+0800] {processor.py:186} INFO - Started process (PID=126311) to work on /mnt/c/Users/wu_li/OneDrive/Desktop/Airflow_pract/venv/lib/python3.9/site-packages/airflow/example_dags/example_display_name.py
[2025-04-20T21:55:08.635+0800] {processor.py:914} INFO - Processing file /mnt/c/Users/wu_li/OneDrive/Desktop/Airflow_pract/venv/lib/python3.9/site-packages/airflow/example_dags/example_display_name.py for tasks to queue
[2025-04-20T21:55:08.640+0800] {logging_mixin.py:190} INFO - [2025-04-20T21:55:08.638+0800] {dagbag.py:588} INFO - Filling up the DagBag from /mnt/c/Users/wu_li/OneDrive/Desktop/Airflow_pract/venv/lib/python3.9/site-packages/airflow/example_dags/example_display_name.py
[2025-04-20T21:55:08.669+0800] {processor.py:925} INFO - DAG(s) 'example_display_name' retrieved from /mnt/c/Users/wu_li/OneDrive/Desktop/Airflow_pract/venv/lib/python3.9/site-packages/airflow/example_dags/example_display_name.py
[2025-04-20T21:55:08.710+0800] {logging_mixin.py:190} INFO - [2025-04-20T21:55:08.708+0800] {dag.py:3239} INFO - Sync 1 DAGs
[2025-04-20T21:55:08.748+0800] {logging_mixin.py:190} INFO - [2025-04-20T21:55:08.746+0800] {dag.py:4180} INFO - Setting next_dagrun for example_display_name to None, run_after=None
[2025-04-20T21:55:08.845+0800] {processor.py:208} INFO - Processing /mnt/c/Users/wu_li/OneDrive/Desktop/Airflow_pract/venv/lib/python3.9/site-packages/airflow/example_dags/example_display_name.py took 0.232 seconds
[2025-04-20T21:57:09.138+0800] {processor.py:186} INFO - Started process (PID=127186) to work on /mnt/c/Users/wu_li/OneDrive/Desktop/Airflow_pract/venv/lib/python3.9/site-packages/airflow/example_dags/example_display_name.py
[2025-04-20T21:57:09.141+0800] {processor.py:914} INFO - Processing file /mnt/c/Users/wu_li/OneDrive/Desktop/Airflow_pract/venv/lib/python3.9/site-packages/airflow/example_dags/example_display_name.py for tasks to queue
[2025-04-20T21:57:09.149+0800] {logging_mixin.py:190} INFO - [2025-04-20T21:57:09.148+0800] {dagbag.py:588} INFO - Filling up the DagBag from /mnt/c/Users/wu_li/OneDrive/Desktop/Airflow_pract/venv/lib/python3.9/site-packages/airflow/example_dags/example_display_name.py
[2025-04-20T21:57:09.200+0800] {processor.py:925} INFO - DAG(s) 'example_display_name' retrieved from /mnt/c/Users/wu_li/OneDrive/Desktop/Airflow_pract/venv/lib/python3.9/site-packages/airflow/example_dags/example_display_name.py
[2025-04-20T21:57:09.269+0800] {logging_mixin.py:190} INFO - [2025-04-20T21:57:09.262+0800] {dag.py:3239} INFO - Sync 1 DAGs
[2025-04-20T21:57:09.319+0800] {logging_mixin.py:190} INFO - [2025-04-20T21:57:09.313+0800] {dag.py:4180} INFO - Setting next_dagrun for example_display_name to None, run_after=None
[2025-04-20T21:57:09.442+0800] {processor.py:208} INFO - Processing /mnt/c/Users/wu_li/OneDrive/Desktop/Airflow_pract/venv/lib/python3.9/site-packages/airflow/example_dags/example_display_name.py took 0.335 seconds
[2025-04-20T21:59:11.081+0800] {processor.py:186} INFO - Started process (PID=128132) to work on /mnt/c/Users/wu_li/OneDrive/Desktop/Airflow_pract/venv/lib/python3.9/site-packages/airflow/example_dags/example_display_name.py
[2025-04-20T21:59:11.083+0800] {processor.py:914} INFO - Processing file /mnt/c/Users/wu_li/OneDrive/Desktop/Airflow_pract/venv/lib/python3.9/site-packages/airflow/example_dags/example_display_name.py for tasks to queue
[2025-04-20T21:59:11.088+0800] {logging_mixin.py:190} INFO - [2025-04-20T21:59:11.086+0800] {dagbag.py:588} INFO - Filling up the DagBag from /mnt/c/Users/wu_li/OneDrive/Desktop/Airflow_pract/venv/lib/python3.9/site-packages/airflow/example_dags/example_display_name.py
[2025-04-20T21:59:11.119+0800] {processor.py:925} INFO - DAG(s) 'example_display_name' retrieved from /mnt/c/Users/wu_li/OneDrive/Desktop/Airflow_pract/venv/lib/python3.9/site-packages/airflow/example_dags/example_display_name.py
[2025-04-20T21:59:11.163+0800] {logging_mixin.py:190} INFO - [2025-04-20T21:59:11.161+0800] {dag.py:3239} INFO - Sync 1 DAGs
[2025-04-20T21:59:11.203+0800] {logging_mixin.py:190} INFO - [2025-04-20T21:59:11.200+0800] {dag.py:4180} INFO - Setting next_dagrun for example_display_name to None, run_after=None
[2025-04-20T21:59:11.300+0800] {processor.py:208} INFO - Processing /mnt/c/Users/wu_li/OneDrive/Desktop/Airflow_pract/venv/lib/python3.9/site-packages/airflow/example_dags/example_display_name.py took 0.238 seconds
[2025-04-20T22:00:55.569+0800] {processor.py:186} INFO - Started process (PID=129006) to work on /mnt/c/Users/wu_li/OneDrive/Desktop/Airflow_pract/venv/lib/python3.9/site-packages/airflow/example_dags/example_display_name.py
[2025-04-20T22:00:55.570+0800] {processor.py:914} INFO - Processing file /mnt/c/Users/wu_li/OneDrive/Desktop/Airflow_pract/venv/lib/python3.9/site-packages/airflow/example_dags/example_display_name.py for tasks to queue
[2025-04-20T22:00:55.573+0800] {logging_mixin.py:190} INFO - [2025-04-20T22:00:55.572+0800] {dagbag.py:588} INFO - Filling up the DagBag from /mnt/c/Users/wu_li/OneDrive/Desktop/Airflow_pract/venv/lib/python3.9/site-packages/airflow/example_dags/example_display_name.py
[2025-04-20T22:00:55.595+0800] {processor.py:925} INFO - DAG(s) 'example_display_name' retrieved from /mnt/c/Users/wu_li/OneDrive/Desktop/Airflow_pract/venv/lib/python3.9/site-packages/airflow/example_dags/example_display_name.py
[2025-04-20T22:00:55.628+0800] {logging_mixin.py:190} INFO - [2025-04-20T22:00:55.627+0800] {dag.py:3239} INFO - Sync 1 DAGs
[2025-04-20T22:00:55.644+0800] {logging_mixin.py:190} INFO - [2025-04-20T22:00:55.643+0800] {dag.py:4180} INFO - Setting next_dagrun for example_display_name to None, run_after=None
[2025-04-20T22:00:55.713+0800] {processor.py:208} INFO - Processing /mnt/c/Users/wu_li/OneDrive/Desktop/Airflow_pract/venv/lib/python3.9/site-packages/airflow/example_dags/example_display_name.py took 0.158 seconds
[2025-04-20T22:02:52.679+0800] {processor.py:186} INFO - Started process (PID=129874) to work on /mnt/c/Users/wu_li/OneDrive/Desktop/Airflow_pract/venv/lib/python3.9/site-packages/airflow/example_dags/example_display_name.py
[2025-04-20T22:02:52.682+0800] {processor.py:914} INFO - Processing file /mnt/c/Users/wu_li/OneDrive/Desktop/Airflow_pract/venv/lib/python3.9/site-packages/airflow/example_dags/example_display_name.py for tasks to queue
[2025-04-20T22:02:52.692+0800] {logging_mixin.py:190} INFO - [2025-04-20T22:02:52.690+0800] {dagbag.py:588} INFO - Filling up the DagBag from /mnt/c/Users/wu_li/OneDrive/Desktop/Airflow_pract/venv/lib/python3.9/site-packages/airflow/example_dags/example_display_name.py
[2025-04-20T22:02:52.741+0800] {processor.py:925} INFO - DAG(s) 'example_display_name' retrieved from /mnt/c/Users/wu_li/OneDrive/Desktop/Airflow_pract/venv/lib/python3.9/site-packages/airflow/example_dags/example_display_name.py
[2025-04-20T22:02:52.796+0800] {logging_mixin.py:190} INFO - [2025-04-20T22:02:52.794+0800] {dag.py:3239} INFO - Sync 1 DAGs
[2025-04-20T22:02:52.863+0800] {logging_mixin.py:190} INFO - [2025-04-20T22:02:52.860+0800] {dag.py:4180} INFO - Setting next_dagrun for example_display_name to None, run_after=None
[2025-04-20T22:02:53.015+0800] {processor.py:208} INFO - Processing /mnt/c/Users/wu_li/OneDrive/Desktop/Airflow_pract/venv/lib/python3.9/site-packages/airflow/example_dags/example_display_name.py took 0.362 seconds
[2025-04-20T22:04:46.173+0800] {processor.py:186} INFO - Started process (PID=130671) to work on /mnt/c/Users/wu_li/OneDrive/Desktop/Airflow_pract/venv/lib/python3.9/site-packages/airflow/example_dags/example_display_name.py
[2025-04-20T22:04:46.177+0800] {processor.py:914} INFO - Processing file /mnt/c/Users/wu_li/OneDrive/Desktop/Airflow_pract/venv/lib/python3.9/site-packages/airflow/example_dags/example_display_name.py for tasks to queue
[2025-04-20T22:04:46.180+0800] {logging_mixin.py:190} INFO - [2025-04-20T22:04:46.179+0800] {dagbag.py:588} INFO - Filling up the DagBag from /mnt/c/Users/wu_li/OneDrive/Desktop/Airflow_pract/venv/lib/python3.9/site-packages/airflow/example_dags/example_display_name.py
[2025-04-20T22:04:46.205+0800] {processor.py:925} INFO - DAG(s) 'example_display_name' retrieved from /mnt/c/Users/wu_li/OneDrive/Desktop/Airflow_pract/venv/lib/python3.9/site-packages/airflow/example_dags/example_display_name.py
[2025-04-20T22:04:46.239+0800] {logging_mixin.py:190} INFO - [2025-04-20T22:04:46.237+0800] {dag.py:3239} INFO - Sync 1 DAGs
[2025-04-20T22:04:46.258+0800] {logging_mixin.py:190} INFO - [2025-04-20T22:04:46.257+0800] {dag.py:4180} INFO - Setting next_dagrun for example_display_name to None, run_after=None
[2025-04-20T22:04:46.337+0800] {processor.py:208} INFO - Processing /mnt/c/Users/wu_li/OneDrive/Desktop/Airflow_pract/venv/lib/python3.9/site-packages/airflow/example_dags/example_display_name.py took 0.176 seconds
