[2025-04-20T20:12:07.673+0800] {processor.py:186} INFO - Started process (PID=63929) to work on /mnt/c/Users/wu_li/OneDrive/Desktop/Airflow_pract/venv/lib/python3.9/site-packages/airflow/example_dags/example_kubernetes_executor.py
[2025-04-20T20:12:07.676+0800] {processor.py:914} INFO - Processing file /mnt/c/Users/wu_li/OneDrive/Desktop/Airflow_pract/venv/lib/python3.9/site-packages/airflow/example_dags/example_kubernetes_executor.py for tasks to queue
[2025-04-20T20:12:07.688+0800] {logging_mixin.py:190} INFO - [2025-04-20T20:12:07.680+0800] {dagbag.py:588} INFO - Filling up the DagBag from /mnt/c/Users/wu_li/OneDrive/Desktop/Airflow_pract/venv/lib/python3.9/site-packages/airflow/example_dags/example_kubernetes_executor.py
[2025-04-20T20:12:07.722+0800] {logging_mixin.py:190} INFO - [2025-04-20T20:12:07.716+0800] {example_kubernetes_executor.py:39} WARNING - The example_kubernetes_executor example DAG requires the kubernetes provider. Please install it with: pip install apache-airflow[cncf.kubernetes]
[2025-04-20T20:12:07.724+0800] {processor.py:927} WARNING - No viable dags retrieved from /mnt/c/Users/wu_li/OneDrive/Desktop/Airflow_pract/venv/lib/python3.9/site-packages/airflow/example_dags/example_kubernetes_executor.py
[2025-04-20T20:12:07.753+0800] {processor.py:208} INFO - Processing /mnt/c/Users/wu_li/OneDrive/Desktop/Airflow_pract/venv/lib/python3.9/site-packages/airflow/example_dags/example_kubernetes_executor.py took 0.095 seconds
[2025-04-20T20:17:43.614+0800] {processor.py:186} INFO - Started process (PID=68043) to work on /mnt/c/Users/wu_li/OneDrive/Desktop/Airflow_pract/venv/lib/python3.9/site-packages/airflow/example_dags/example_kubernetes_executor.py
[2025-04-20T20:17:43.616+0800] {processor.py:914} INFO - Processing file /mnt/c/Users/wu_li/OneDrive/Desktop/Airflow_pract/venv/lib/python3.9/site-packages/airflow/example_dags/example_kubernetes_executor.py for tasks to queue
[2025-04-20T20:17:43.620+0800] {logging_mixin.py:190} INFO - [2025-04-20T20:17:43.619+0800] {dagbag.py:588} INFO - Filling up the DagBag from /mnt/c/Users/wu_li/OneDrive/Desktop/Airflow_pract/venv/lib/python3.9/site-packages/airflow/example_dags/example_kubernetes_executor.py
[2025-04-20T20:17:43.642+0800] {logging_mixin.py:190} INFO - [2025-04-20T20:17:43.641+0800] {example_kubernetes_executor.py:39} WARNING - The example_kubernetes_executor example DAG requires the kubernetes provider. Please install it with: pip install apache-airflow[cncf.kubernetes]
[2025-04-20T20:17:43.644+0800] {processor.py:927} WARNING - No viable dags retrieved from /mnt/c/Users/wu_li/OneDrive/Desktop/Airflow_pract/venv/lib/python3.9/site-packages/airflow/example_dags/example_kubernetes_executor.py
[2025-04-20T20:17:43.667+0800] {processor.py:208} INFO - Processing /mnt/c/Users/wu_li/OneDrive/Desktop/Airflow_pract/venv/lib/python3.9/site-packages/airflow/example_dags/example_kubernetes_executor.py took 0.066 seconds
[2025-04-20T20:19:04.274+0800] {processor.py:186} INFO - Started process (PID=68993) to work on /mnt/c/Users/wu_li/OneDrive/Desktop/Airflow_pract/venv/lib/python3.9/site-packages/airflow/example_dags/example_kubernetes_executor.py
[2025-04-20T20:19:04.276+0800] {processor.py:914} INFO - Processing file /mnt/c/Users/wu_li/OneDrive/Desktop/Airflow_pract/venv/lib/python3.9/site-packages/airflow/example_dags/example_kubernetes_executor.py for tasks to queue
[2025-04-20T20:19:04.279+0800] {logging_mixin.py:190} INFO - [2025-04-20T20:19:04.278+0800] {dagbag.py:588} INFO - Filling up the DagBag from /mnt/c/Users/wu_li/OneDrive/Desktop/Airflow_pract/venv/lib/python3.9/site-packages/airflow/example_dags/example_kubernetes_executor.py
[2025-04-20T20:19:04.309+0800] {logging_mixin.py:190} INFO - [2025-04-20T20:19:04.308+0800] {example_kubernetes_executor.py:39} WARNING - The example_kubernetes_executor example DAG requires the kubernetes provider. Please install it with: pip install apache-airflow[cncf.kubernetes]
[2025-04-20T20:19:04.310+0800] {processor.py:927} WARNING - No viable dags retrieved from /mnt/c/Users/wu_li/OneDrive/Desktop/Airflow_pract/venv/lib/python3.9/site-packages/airflow/example_dags/example_kubernetes_executor.py
[2025-04-20T20:19:04.335+0800] {processor.py:208} INFO - Processing /mnt/c/Users/wu_li/OneDrive/Desktop/Airflow_pract/venv/lib/python3.9/site-packages/airflow/example_dags/example_kubernetes_executor.py took 0.076 seconds
[2025-04-20T20:20:49.751+0800] {processor.py:186} INFO - Started process (PID=70078) to work on /mnt/c/Users/wu_li/OneDrive/Desktop/Airflow_pract/venv/lib/python3.9/site-packages/airflow/example_dags/example_kubernetes_executor.py
[2025-04-20T20:20:49.753+0800] {processor.py:914} INFO - Processing file /mnt/c/Users/wu_li/OneDrive/Desktop/Airflow_pract/venv/lib/python3.9/site-packages/airflow/example_dags/example_kubernetes_executor.py for tasks to queue
[2025-04-20T20:20:49.758+0800] {logging_mixin.py:190} INFO - [2025-04-20T20:20:49.756+0800] {dagbag.py:588} INFO - Filling up the DagBag from /mnt/c/Users/wu_li/OneDrive/Desktop/Airflow_pract/venv/lib/python3.9/site-packages/airflow/example_dags/example_kubernetes_executor.py
[2025-04-20T20:20:49.797+0800] {logging_mixin.py:190} INFO - [2025-04-20T20:20:49.791+0800] {example_kubernetes_executor.py:39} WARNING - The example_kubernetes_executor example DAG requires the kubernetes provider. Please install it with: pip install apache-airflow[cncf.kubernetes]
[2025-04-20T20:20:49.807+0800] {processor.py:927} WARNING - No viable dags retrieved from /mnt/c/Users/wu_li/OneDrive/Desktop/Airflow_pract/venv/lib/python3.9/site-packages/airflow/example_dags/example_kubernetes_executor.py
[2025-04-20T20:20:49.868+0800] {processor.py:208} INFO - Processing /mnt/c/Users/wu_li/OneDrive/Desktop/Airflow_pract/venv/lib/python3.9/site-packages/airflow/example_dags/example_kubernetes_executor.py took 0.132 seconds
[2025-04-20T20:22:51.724+0800] {processor.py:186} INFO - Started process (PID=70960) to work on /mnt/c/Users/wu_li/OneDrive/Desktop/Airflow_pract/venv/lib/python3.9/site-packages/airflow/example_dags/example_kubernetes_executor.py
[2025-04-20T20:22:51.726+0800] {processor.py:914} INFO - Processing file /mnt/c/Users/wu_li/OneDrive/Desktop/Airflow_pract/venv/lib/python3.9/site-packages/airflow/example_dags/example_kubernetes_executor.py for tasks to queue
[2025-04-20T20:22:51.731+0800] {logging_mixin.py:190} INFO - [2025-04-20T20:22:51.730+0800] {dagbag.py:588} INFO - Filling up the DagBag from /mnt/c/Users/wu_li/OneDrive/Desktop/Airflow_pract/venv/lib/python3.9/site-packages/airflow/example_dags/example_kubernetes_executor.py
[2025-04-20T20:22:51.763+0800] {logging_mixin.py:190} INFO - [2025-04-20T20:22:51.761+0800] {example_kubernetes_executor.py:39} WARNING - The example_kubernetes_executor example DAG requires the kubernetes provider. Please install it with: pip install apache-airflow[cncf.kubernetes]
[2025-04-20T20:22:51.765+0800] {processor.py:927} WARNING - No viable dags retrieved from /mnt/c/Users/wu_li/OneDrive/Desktop/Airflow_pract/venv/lib/python3.9/site-packages/airflow/example_dags/example_kubernetes_executor.py
[2025-04-20T20:22:51.798+0800] {processor.py:208} INFO - Processing /mnt/c/Users/wu_li/OneDrive/Desktop/Airflow_pract/venv/lib/python3.9/site-packages/airflow/example_dags/example_kubernetes_executor.py took 0.101 seconds
[2025-04-20T20:24:44.321+0800] {processor.py:186} INFO - Started process (PID=71985) to work on /mnt/c/Users/wu_li/OneDrive/Desktop/Airflow_pract/venv/lib/python3.9/site-packages/airflow/example_dags/example_kubernetes_executor.py
[2025-04-20T20:24:44.323+0800] {processor.py:914} INFO - Processing file /mnt/c/Users/wu_li/OneDrive/Desktop/Airflow_pract/venv/lib/python3.9/site-packages/airflow/example_dags/example_kubernetes_executor.py for tasks to queue
[2025-04-20T20:24:44.332+0800] {logging_mixin.py:190} INFO - [2025-04-20T20:24:44.330+0800] {dagbag.py:588} INFO - Filling up the DagBag from /mnt/c/Users/wu_li/OneDrive/Desktop/Airflow_pract/venv/lib/python3.9/site-packages/airflow/example_dags/example_kubernetes_executor.py
[2025-04-20T20:24:44.375+0800] {logging_mixin.py:190} INFO - [2025-04-20T20:24:44.374+0800] {example_kubernetes_executor.py:39} WARNING - The example_kubernetes_executor example DAG requires the kubernetes provider. Please install it with: pip install apache-airflow[cncf.kubernetes]
[2025-04-20T20:24:44.380+0800] {processor.py:927} WARNING - No viable dags retrieved from /mnt/c/Users/wu_li/OneDrive/Desktop/Airflow_pract/venv/lib/python3.9/site-packages/airflow/example_dags/example_kubernetes_executor.py
[2025-04-20T20:24:44.424+0800] {processor.py:208} INFO - Processing /mnt/c/Users/wu_li/OneDrive/Desktop/Airflow_pract/venv/lib/python3.9/site-packages/airflow/example_dags/example_kubernetes_executor.py took 0.123 seconds
[2025-04-20T20:26:41.176+0800] {processor.py:186} INFO - Started process (PID=73146) to work on /mnt/c/Users/wu_li/OneDrive/Desktop/Airflow_pract/venv/lib/python3.9/site-packages/airflow/example_dags/example_kubernetes_executor.py
[2025-04-20T20:26:41.180+0800] {processor.py:914} INFO - Processing file /mnt/c/Users/wu_li/OneDrive/Desktop/Airflow_pract/venv/lib/python3.9/site-packages/airflow/example_dags/example_kubernetes_executor.py for tasks to queue
[2025-04-20T20:26:41.188+0800] {logging_mixin.py:190} INFO - [2025-04-20T20:26:41.184+0800] {dagbag.py:588} INFO - Filling up the DagBag from /mnt/c/Users/wu_li/OneDrive/Desktop/Airflow_pract/venv/lib/python3.9/site-packages/airflow/example_dags/example_kubernetes_executor.py
[2025-04-20T20:26:41.223+0800] {logging_mixin.py:190} INFO - [2025-04-20T20:26:41.222+0800] {example_kubernetes_executor.py:39} WARNING - The example_kubernetes_executor example DAG requires the kubernetes provider. Please install it with: pip install apache-airflow[cncf.kubernetes]
[2025-04-20T20:26:41.225+0800] {processor.py:927} WARNING - No viable dags retrieved from /mnt/c/Users/wu_li/OneDrive/Desktop/Airflow_pract/venv/lib/python3.9/site-packages/airflow/example_dags/example_kubernetes_executor.py
[2025-04-20T20:26:41.264+0800] {processor.py:208} INFO - Processing /mnt/c/Users/wu_li/OneDrive/Desktop/Airflow_pract/venv/lib/python3.9/site-packages/airflow/example_dags/example_kubernetes_executor.py took 0.111 seconds
[2025-04-20T20:36:50.933+0800] {processor.py:186} INFO - Started process (PID=77334) to work on /mnt/c/Users/wu_li/OneDrive/Desktop/Airflow_pract/venv/lib/python3.9/site-packages/airflow/example_dags/example_kubernetes_executor.py
[2025-04-20T20:36:50.935+0800] {processor.py:914} INFO - Processing file /mnt/c/Users/wu_li/OneDrive/Desktop/Airflow_pract/venv/lib/python3.9/site-packages/airflow/example_dags/example_kubernetes_executor.py for tasks to queue
[2025-04-20T20:36:50.939+0800] {logging_mixin.py:190} INFO - [2025-04-20T20:36:50.937+0800] {dagbag.py:588} INFO - Filling up the DagBag from /mnt/c/Users/wu_li/OneDrive/Desktop/Airflow_pract/venv/lib/python3.9/site-packages/airflow/example_dags/example_kubernetes_executor.py
[2025-04-20T20:36:50.980+0800] {logging_mixin.py:190} INFO - [2025-04-20T20:36:50.979+0800] {example_kubernetes_executor.py:39} WARNING - The example_kubernetes_executor example DAG requires the kubernetes provider. Please install it with: pip install apache-airflow[cncf.kubernetes]
[2025-04-20T20:36:50.982+0800] {processor.py:927} WARNING - No viable dags retrieved from /mnt/c/Users/wu_li/OneDrive/Desktop/Airflow_pract/venv/lib/python3.9/site-packages/airflow/example_dags/example_kubernetes_executor.py
[2025-04-20T20:36:51.024+0800] {processor.py:208} INFO - Processing /mnt/c/Users/wu_li/OneDrive/Desktop/Airflow_pract/venv/lib/python3.9/site-packages/airflow/example_dags/example_kubernetes_executor.py took 0.115 seconds
[2025-04-20T20:38:11.525+0800] {processor.py:186} INFO - Started process (PID=78118) to work on /mnt/c/Users/wu_li/OneDrive/Desktop/Airflow_pract/venv/lib/python3.9/site-packages/airflow/example_dags/example_kubernetes_executor.py
[2025-04-20T20:38:11.527+0800] {processor.py:914} INFO - Processing file /mnt/c/Users/wu_li/OneDrive/Desktop/Airflow_pract/venv/lib/python3.9/site-packages/airflow/example_dags/example_kubernetes_executor.py for tasks to queue
[2025-04-20T20:38:11.532+0800] {logging_mixin.py:190} INFO - [2025-04-20T20:38:11.531+0800] {dagbag.py:588} INFO - Filling up the DagBag from /mnt/c/Users/wu_li/OneDrive/Desktop/Airflow_pract/venv/lib/python3.9/site-packages/airflow/example_dags/example_kubernetes_executor.py
[2025-04-20T20:38:11.574+0800] {logging_mixin.py:190} INFO - [2025-04-20T20:38:11.573+0800] {example_kubernetes_executor.py:39} WARNING - The example_kubernetes_executor example DAG requires the kubernetes provider. Please install it with: pip install apache-airflow[cncf.kubernetes]
[2025-04-20T20:38:11.576+0800] {processor.py:927} WARNING - No viable dags retrieved from /mnt/c/Users/wu_li/OneDrive/Desktop/Airflow_pract/venv/lib/python3.9/site-packages/airflow/example_dags/example_kubernetes_executor.py
[2025-04-20T20:38:11.628+0800] {processor.py:208} INFO - Processing /mnt/c/Users/wu_li/OneDrive/Desktop/Airflow_pract/venv/lib/python3.9/site-packages/airflow/example_dags/example_kubernetes_executor.py took 0.120 seconds
[2025-04-20T20:39:35.523+0800] {processor.py:186} INFO - Started process (PID=79268) to work on /mnt/c/Users/wu_li/OneDrive/Desktop/Airflow_pract/venv/lib/python3.9/site-packages/airflow/example_dags/example_kubernetes_executor.py
[2025-04-20T20:39:35.525+0800] {processor.py:914} INFO - Processing file /mnt/c/Users/wu_li/OneDrive/Desktop/Airflow_pract/venv/lib/python3.9/site-packages/airflow/example_dags/example_kubernetes_executor.py for tasks to queue
[2025-04-20T20:39:35.529+0800] {logging_mixin.py:190} INFO - [2025-04-20T20:39:35.528+0800] {dagbag.py:588} INFO - Filling up the DagBag from /mnt/c/Users/wu_li/OneDrive/Desktop/Airflow_pract/venv/lib/python3.9/site-packages/airflow/example_dags/example_kubernetes_executor.py
[2025-04-20T20:39:35.560+0800] {logging_mixin.py:190} INFO - [2025-04-20T20:39:35.559+0800] {example_kubernetes_executor.py:39} WARNING - The example_kubernetes_executor example DAG requires the kubernetes provider. Please install it with: pip install apache-airflow[cncf.kubernetes]
[2025-04-20T20:39:35.561+0800] {processor.py:927} WARNING - No viable dags retrieved from /mnt/c/Users/wu_li/OneDrive/Desktop/Airflow_pract/venv/lib/python3.9/site-packages/airflow/example_dags/example_kubernetes_executor.py
[2025-04-20T20:39:35.597+0800] {processor.py:208} INFO - Processing /mnt/c/Users/wu_li/OneDrive/Desktop/Airflow_pract/venv/lib/python3.9/site-packages/airflow/example_dags/example_kubernetes_executor.py took 0.090 seconds
[2025-04-20T20:41:28.894+0800] {processor.py:186} INFO - Started process (PID=80135) to work on /mnt/c/Users/wu_li/OneDrive/Desktop/Airflow_pract/venv/lib/python3.9/site-packages/airflow/example_dags/example_kubernetes_executor.py
[2025-04-20T20:41:28.898+0800] {processor.py:914} INFO - Processing file /mnt/c/Users/wu_li/OneDrive/Desktop/Airflow_pract/venv/lib/python3.9/site-packages/airflow/example_dags/example_kubernetes_executor.py for tasks to queue
[2025-04-20T20:41:28.903+0800] {logging_mixin.py:190} INFO - [2025-04-20T20:41:28.902+0800] {dagbag.py:588} INFO - Filling up the DagBag from /mnt/c/Users/wu_li/OneDrive/Desktop/Airflow_pract/venv/lib/python3.9/site-packages/airflow/example_dags/example_kubernetes_executor.py
[2025-04-20T20:41:28.951+0800] {logging_mixin.py:190} INFO - [2025-04-20T20:41:28.949+0800] {example_kubernetes_executor.py:39} WARNING - The example_kubernetes_executor example DAG requires the kubernetes provider. Please install it with: pip install apache-airflow[cncf.kubernetes]
[2025-04-20T20:41:28.952+0800] {processor.py:927} WARNING - No viable dags retrieved from /mnt/c/Users/wu_li/OneDrive/Desktop/Airflow_pract/venv/lib/python3.9/site-packages/airflow/example_dags/example_kubernetes_executor.py
[2025-04-20T20:41:28.993+0800] {processor.py:208} INFO - Processing /mnt/c/Users/wu_li/OneDrive/Desktop/Airflow_pract/venv/lib/python3.9/site-packages/airflow/example_dags/example_kubernetes_executor.py took 0.146 seconds
[2025-04-20T20:43:15.319+0800] {processor.py:186} INFO - Started process (PID=81081) to work on /mnt/c/Users/wu_li/OneDrive/Desktop/Airflow_pract/venv/lib/python3.9/site-packages/airflow/example_dags/example_kubernetes_executor.py
[2025-04-20T20:43:15.321+0800] {processor.py:914} INFO - Processing file /mnt/c/Users/wu_li/OneDrive/Desktop/Airflow_pract/venv/lib/python3.9/site-packages/airflow/example_dags/example_kubernetes_executor.py for tasks to queue
[2025-04-20T20:43:15.324+0800] {logging_mixin.py:190} INFO - [2025-04-20T20:43:15.323+0800] {dagbag.py:588} INFO - Filling up the DagBag from /mnt/c/Users/wu_li/OneDrive/Desktop/Airflow_pract/venv/lib/python3.9/site-packages/airflow/example_dags/example_kubernetes_executor.py
[2025-04-20T20:43:15.352+0800] {logging_mixin.py:190} INFO - [2025-04-20T20:43:15.350+0800] {example_kubernetes_executor.py:39} WARNING - The example_kubernetes_executor example DAG requires the kubernetes provider. Please install it with: pip install apache-airflow[cncf.kubernetes]
[2025-04-20T20:43:15.353+0800] {processor.py:927} WARNING - No viable dags retrieved from /mnt/c/Users/wu_li/OneDrive/Desktop/Airflow_pract/venv/lib/python3.9/site-packages/airflow/example_dags/example_kubernetes_executor.py
[2025-04-20T20:43:15.383+0800] {processor.py:208} INFO - Processing /mnt/c/Users/wu_li/OneDrive/Desktop/Airflow_pract/venv/lib/python3.9/site-packages/airflow/example_dags/example_kubernetes_executor.py took 0.078 seconds
[2025-04-20T20:44:50.042+0800] {processor.py:186} INFO - Started process (PID=82016) to work on /mnt/c/Users/wu_li/OneDrive/Desktop/Airflow_pract/venv/lib/python3.9/site-packages/airflow/example_dags/example_kubernetes_executor.py
[2025-04-20T20:44:50.048+0800] {processor.py:914} INFO - Processing file /mnt/c/Users/wu_li/OneDrive/Desktop/Airflow_pract/venv/lib/python3.9/site-packages/airflow/example_dags/example_kubernetes_executor.py for tasks to queue
[2025-04-20T20:44:50.056+0800] {logging_mixin.py:190} INFO - [2025-04-20T20:44:50.054+0800] {dagbag.py:588} INFO - Filling up the DagBag from /mnt/c/Users/wu_li/OneDrive/Desktop/Airflow_pract/venv/lib/python3.9/site-packages/airflow/example_dags/example_kubernetes_executor.py
[2025-04-20T20:44:50.106+0800] {logging_mixin.py:190} INFO - [2025-04-20T20:44:50.104+0800] {example_kubernetes_executor.py:39} WARNING - The example_kubernetes_executor example DAG requires the kubernetes provider. Please install it with: pip install apache-airflow[cncf.kubernetes]
[2025-04-20T20:44:50.107+0800] {processor.py:927} WARNING - No viable dags retrieved from /mnt/c/Users/wu_li/OneDrive/Desktop/Airflow_pract/venv/lib/python3.9/site-packages/airflow/example_dags/example_kubernetes_executor.py
[2025-04-20T20:44:50.148+0800] {processor.py:208} INFO - Processing /mnt/c/Users/wu_li/OneDrive/Desktop/Airflow_pract/venv/lib/python3.9/site-packages/airflow/example_dags/example_kubernetes_executor.py took 0.134 seconds
[2025-04-20T20:46:41.919+0800] {processor.py:186} INFO - Started process (PID=82885) to work on /mnt/c/Users/wu_li/OneDrive/Desktop/Airflow_pract/venv/lib/python3.9/site-packages/airflow/example_dags/example_kubernetes_executor.py
[2025-04-20T20:46:41.925+0800] {processor.py:914} INFO - Processing file /mnt/c/Users/wu_li/OneDrive/Desktop/Airflow_pract/venv/lib/python3.9/site-packages/airflow/example_dags/example_kubernetes_executor.py for tasks to queue
[2025-04-20T20:46:41.930+0800] {logging_mixin.py:190} INFO - [2025-04-20T20:46:41.929+0800] {dagbag.py:588} INFO - Filling up the DagBag from /mnt/c/Users/wu_li/OneDrive/Desktop/Airflow_pract/venv/lib/python3.9/site-packages/airflow/example_dags/example_kubernetes_executor.py
[2025-04-20T20:46:41.969+0800] {logging_mixin.py:190} INFO - [2025-04-20T20:46:41.967+0800] {example_kubernetes_executor.py:39} WARNING - The example_kubernetes_executor example DAG requires the kubernetes provider. Please install it with: pip install apache-airflow[cncf.kubernetes]
[2025-04-20T20:46:41.971+0800] {processor.py:927} WARNING - No viable dags retrieved from /mnt/c/Users/wu_li/OneDrive/Desktop/Airflow_pract/venv/lib/python3.9/site-packages/airflow/example_dags/example_kubernetes_executor.py
[2025-04-20T20:46:42.019+0800] {processor.py:208} INFO - Processing /mnt/c/Users/wu_li/OneDrive/Desktop/Airflow_pract/venv/lib/python3.9/site-packages/airflow/example_dags/example_kubernetes_executor.py took 0.135 seconds
[2025-04-20T20:48:25.787+0800] {processor.py:186} INFO - Started process (PID=83869) to work on /mnt/c/Users/wu_li/OneDrive/Desktop/Airflow_pract/venv/lib/python3.9/site-packages/airflow/example_dags/example_kubernetes_executor.py
[2025-04-20T20:48:25.789+0800] {processor.py:914} INFO - Processing file /mnt/c/Users/wu_li/OneDrive/Desktop/Airflow_pract/venv/lib/python3.9/site-packages/airflow/example_dags/example_kubernetes_executor.py for tasks to queue
[2025-04-20T20:48:25.793+0800] {logging_mixin.py:190} INFO - [2025-04-20T20:48:25.792+0800] {dagbag.py:588} INFO - Filling up the DagBag from /mnt/c/Users/wu_li/OneDrive/Desktop/Airflow_pract/venv/lib/python3.9/site-packages/airflow/example_dags/example_kubernetes_executor.py
[2025-04-20T20:48:25.815+0800] {logging_mixin.py:190} INFO - [2025-04-20T20:48:25.814+0800] {example_kubernetes_executor.py:39} WARNING - The example_kubernetes_executor example DAG requires the kubernetes provider. Please install it with: pip install apache-airflow[cncf.kubernetes]
[2025-04-20T20:48:25.816+0800] {processor.py:927} WARNING - No viable dags retrieved from /mnt/c/Users/wu_li/OneDrive/Desktop/Airflow_pract/venv/lib/python3.9/site-packages/airflow/example_dags/example_kubernetes_executor.py
[2025-04-20T20:48:25.836+0800] {processor.py:208} INFO - Processing /mnt/c/Users/wu_li/OneDrive/Desktop/Airflow_pract/venv/lib/python3.9/site-packages/airflow/example_dags/example_kubernetes_executor.py took 0.060 seconds
[2025-04-20T20:50:19.140+0800] {processor.py:186} INFO - Started process (PID=84695) to work on /mnt/c/Users/wu_li/OneDrive/Desktop/Airflow_pract/venv/lib/python3.9/site-packages/airflow/example_dags/example_kubernetes_executor.py
[2025-04-20T20:50:19.143+0800] {processor.py:914} INFO - Processing file /mnt/c/Users/wu_li/OneDrive/Desktop/Airflow_pract/venv/lib/python3.9/site-packages/airflow/example_dags/example_kubernetes_executor.py for tasks to queue
[2025-04-20T20:50:19.147+0800] {logging_mixin.py:190} INFO - [2025-04-20T20:50:19.145+0800] {dagbag.py:588} INFO - Filling up the DagBag from /mnt/c/Users/wu_li/OneDrive/Desktop/Airflow_pract/venv/lib/python3.9/site-packages/airflow/example_dags/example_kubernetes_executor.py
[2025-04-20T20:50:19.183+0800] {logging_mixin.py:190} INFO - [2025-04-20T20:50:19.181+0800] {example_kubernetes_executor.py:39} WARNING - The example_kubernetes_executor example DAG requires the kubernetes provider. Please install it with: pip install apache-airflow[cncf.kubernetes]
[2025-04-20T20:50:19.184+0800] {processor.py:927} WARNING - No viable dags retrieved from /mnt/c/Users/wu_li/OneDrive/Desktop/Airflow_pract/venv/lib/python3.9/site-packages/airflow/example_dags/example_kubernetes_executor.py
[2025-04-20T20:50:19.227+0800] {processor.py:208} INFO - Processing /mnt/c/Users/wu_li/OneDrive/Desktop/Airflow_pract/venv/lib/python3.9/site-packages/airflow/example_dags/example_kubernetes_executor.py took 0.114 seconds
[2025-04-20T20:52:17.438+0800] {processor.py:186} INFO - Started process (PID=85497) to work on /mnt/c/Users/wu_li/OneDrive/Desktop/Airflow_pract/venv/lib/python3.9/site-packages/airflow/example_dags/example_kubernetes_executor.py
[2025-04-20T20:52:17.439+0800] {processor.py:914} INFO - Processing file /mnt/c/Users/wu_li/OneDrive/Desktop/Airflow_pract/venv/lib/python3.9/site-packages/airflow/example_dags/example_kubernetes_executor.py for tasks to queue
[2025-04-20T20:52:17.441+0800] {logging_mixin.py:190} INFO - [2025-04-20T20:52:17.441+0800] {dagbag.py:588} INFO - Filling up the DagBag from /mnt/c/Users/wu_li/OneDrive/Desktop/Airflow_pract/venv/lib/python3.9/site-packages/airflow/example_dags/example_kubernetes_executor.py
[2025-04-20T20:52:17.467+0800] {logging_mixin.py:190} INFO - [2025-04-20T20:52:17.465+0800] {example_kubernetes_executor.py:39} WARNING - The example_kubernetes_executor example DAG requires the kubernetes provider. Please install it with: pip install apache-airflow[cncf.kubernetes]
[2025-04-20T20:52:17.468+0800] {processor.py:927} WARNING - No viable dags retrieved from /mnt/c/Users/wu_li/OneDrive/Desktop/Airflow_pract/venv/lib/python3.9/site-packages/airflow/example_dags/example_kubernetes_executor.py
[2025-04-20T20:52:17.491+0800] {processor.py:208} INFO - Processing /mnt/c/Users/wu_li/OneDrive/Desktop/Airflow_pract/venv/lib/python3.9/site-packages/airflow/example_dags/example_kubernetes_executor.py took 0.066 seconds
[2025-04-20T20:53:55.104+0800] {processor.py:186} INFO - Started process (PID=86652) to work on /mnt/c/Users/wu_li/OneDrive/Desktop/Airflow_pract/venv/lib/python3.9/site-packages/airflow/example_dags/example_kubernetes_executor.py
[2025-04-20T20:53:55.105+0800] {processor.py:914} INFO - Processing file /mnt/c/Users/wu_li/OneDrive/Desktop/Airflow_pract/venv/lib/python3.9/site-packages/airflow/example_dags/example_kubernetes_executor.py for tasks to queue
[2025-04-20T20:53:55.108+0800] {logging_mixin.py:190} INFO - [2025-04-20T20:53:55.107+0800] {dagbag.py:588} INFO - Filling up the DagBag from /mnt/c/Users/wu_li/OneDrive/Desktop/Airflow_pract/venv/lib/python3.9/site-packages/airflow/example_dags/example_kubernetes_executor.py
[2025-04-20T20:53:55.128+0800] {logging_mixin.py:190} INFO - [2025-04-20T20:53:55.127+0800] {example_kubernetes_executor.py:39} WARNING - The example_kubernetes_executor example DAG requires the kubernetes provider. Please install it with: pip install apache-airflow[cncf.kubernetes]
[2025-04-20T20:53:55.130+0800] {processor.py:927} WARNING - No viable dags retrieved from /mnt/c/Users/wu_li/OneDrive/Desktop/Airflow_pract/venv/lib/python3.9/site-packages/airflow/example_dags/example_kubernetes_executor.py
[2025-04-20T20:53:55.148+0800] {processor.py:208} INFO - Processing /mnt/c/Users/wu_li/OneDrive/Desktop/Airflow_pract/venv/lib/python3.9/site-packages/airflow/example_dags/example_kubernetes_executor.py took 0.057 seconds
[2025-04-20T20:55:21.732+0800] {processor.py:186} INFO - Started process (PID=87512) to work on /mnt/c/Users/wu_li/OneDrive/Desktop/Airflow_pract/venv/lib/python3.9/site-packages/airflow/example_dags/example_kubernetes_executor.py
[2025-04-20T20:55:21.734+0800] {processor.py:914} INFO - Processing file /mnt/c/Users/wu_li/OneDrive/Desktop/Airflow_pract/venv/lib/python3.9/site-packages/airflow/example_dags/example_kubernetes_executor.py for tasks to queue
[2025-04-20T20:55:21.737+0800] {logging_mixin.py:190} INFO - [2025-04-20T20:55:21.736+0800] {dagbag.py:588} INFO - Filling up the DagBag from /mnt/c/Users/wu_li/OneDrive/Desktop/Airflow_pract/venv/lib/python3.9/site-packages/airflow/example_dags/example_kubernetes_executor.py
[2025-04-20T20:55:21.761+0800] {logging_mixin.py:190} INFO - [2025-04-20T20:55:21.760+0800] {example_kubernetes_executor.py:39} WARNING - The example_kubernetes_executor example DAG requires the kubernetes provider. Please install it with: pip install apache-airflow[cncf.kubernetes]
[2025-04-20T20:55:21.762+0800] {processor.py:927} WARNING - No viable dags retrieved from /mnt/c/Users/wu_li/OneDrive/Desktop/Airflow_pract/venv/lib/python3.9/site-packages/airflow/example_dags/example_kubernetes_executor.py
[2025-04-20T20:55:21.793+0800] {processor.py:208} INFO - Processing /mnt/c/Users/wu_li/OneDrive/Desktop/Airflow_pract/venv/lib/python3.9/site-packages/airflow/example_dags/example_kubernetes_executor.py took 0.074 seconds
[2025-04-20T20:56:51.372+0800] {processor.py:186} INFO - Started process (PID=88591) to work on /mnt/c/Users/wu_li/OneDrive/Desktop/Airflow_pract/venv/lib/python3.9/site-packages/airflow/example_dags/example_kubernetes_executor.py
[2025-04-20T20:56:51.386+0800] {processor.py:914} INFO - Processing file /mnt/c/Users/wu_li/OneDrive/Desktop/Airflow_pract/venv/lib/python3.9/site-packages/airflow/example_dags/example_kubernetes_executor.py for tasks to queue
[2025-04-20T20:56:51.403+0800] {logging_mixin.py:190} INFO - [2025-04-20T20:56:51.395+0800] {dagbag.py:588} INFO - Filling up the DagBag from /mnt/c/Users/wu_li/OneDrive/Desktop/Airflow_pract/venv/lib/python3.9/site-packages/airflow/example_dags/example_kubernetes_executor.py
[2025-04-20T20:56:51.457+0800] {logging_mixin.py:190} INFO - [2025-04-20T20:56:51.455+0800] {example_kubernetes_executor.py:39} WARNING - The example_kubernetes_executor example DAG requires the kubernetes provider. Please install it with: pip install apache-airflow[cncf.kubernetes]
[2025-04-20T20:56:51.459+0800] {processor.py:927} WARNING - No viable dags retrieved from /mnt/c/Users/wu_li/OneDrive/Desktop/Airflow_pract/venv/lib/python3.9/site-packages/airflow/example_dags/example_kubernetes_executor.py
[2025-04-20T20:56:51.499+0800] {processor.py:208} INFO - Processing /mnt/c/Users/wu_li/OneDrive/Desktop/Airflow_pract/venv/lib/python3.9/site-packages/airflow/example_dags/example_kubernetes_executor.py took 0.153 seconds
[2025-04-20T20:58:22.068+0800] {processor.py:186} INFO - Started process (PID=89601) to work on /mnt/c/Users/wu_li/OneDrive/Desktop/Airflow_pract/venv/lib/python3.9/site-packages/airflow/example_dags/example_kubernetes_executor.py
[2025-04-20T20:58:22.070+0800] {processor.py:914} INFO - Processing file /mnt/c/Users/wu_li/OneDrive/Desktop/Airflow_pract/venv/lib/python3.9/site-packages/airflow/example_dags/example_kubernetes_executor.py for tasks to queue
[2025-04-20T20:58:22.075+0800] {logging_mixin.py:190} INFO - [2025-04-20T20:58:22.074+0800] {dagbag.py:588} INFO - Filling up the DagBag from /mnt/c/Users/wu_li/OneDrive/Desktop/Airflow_pract/venv/lib/python3.9/site-packages/airflow/example_dags/example_kubernetes_executor.py
[2025-04-20T20:58:22.103+0800] {logging_mixin.py:190} INFO - [2025-04-20T20:58:22.102+0800] {example_kubernetes_executor.py:39} WARNING - The example_kubernetes_executor example DAG requires the kubernetes provider. Please install it with: pip install apache-airflow[cncf.kubernetes]
[2025-04-20T20:58:22.104+0800] {processor.py:927} WARNING - No viable dags retrieved from /mnt/c/Users/wu_li/OneDrive/Desktop/Airflow_pract/venv/lib/python3.9/site-packages/airflow/example_dags/example_kubernetes_executor.py
[2025-04-20T20:58:22.139+0800] {processor.py:208} INFO - Processing /mnt/c/Users/wu_li/OneDrive/Desktop/Airflow_pract/venv/lib/python3.9/site-packages/airflow/example_dags/example_kubernetes_executor.py took 0.090 seconds
[2025-04-20T20:59:50.760+0800] {processor.py:186} INFO - Started process (PID=90679) to work on /mnt/c/Users/wu_li/OneDrive/Desktop/Airflow_pract/venv/lib/python3.9/site-packages/airflow/example_dags/example_kubernetes_executor.py
[2025-04-20T20:59:50.763+0800] {processor.py:914} INFO - Processing file /mnt/c/Users/wu_li/OneDrive/Desktop/Airflow_pract/venv/lib/python3.9/site-packages/airflow/example_dags/example_kubernetes_executor.py for tasks to queue
[2025-04-20T20:59:50.767+0800] {logging_mixin.py:190} INFO - [2025-04-20T20:59:50.765+0800] {dagbag.py:588} INFO - Filling up the DagBag from /mnt/c/Users/wu_li/OneDrive/Desktop/Airflow_pract/venv/lib/python3.9/site-packages/airflow/example_dags/example_kubernetes_executor.py
[2025-04-20T20:59:50.804+0800] {logging_mixin.py:190} INFO - [2025-04-20T20:59:50.803+0800] {example_kubernetes_executor.py:39} WARNING - The example_kubernetes_executor example DAG requires the kubernetes provider. Please install it with: pip install apache-airflow[cncf.kubernetes]
[2025-04-20T20:59:50.805+0800] {processor.py:927} WARNING - No viable dags retrieved from /mnt/c/Users/wu_li/OneDrive/Desktop/Airflow_pract/venv/lib/python3.9/site-packages/airflow/example_dags/example_kubernetes_executor.py
[2025-04-20T20:59:50.837+0800] {processor.py:208} INFO - Processing /mnt/c/Users/wu_li/OneDrive/Desktop/Airflow_pract/venv/lib/python3.9/site-packages/airflow/example_dags/example_kubernetes_executor.py took 0.100 seconds
[2025-04-20T21:01:21.162+0800] {processor.py:186} INFO - Started process (PID=91687) to work on /mnt/c/Users/wu_li/OneDrive/Desktop/Airflow_pract/venv/lib/python3.9/site-packages/airflow/example_dags/example_kubernetes_executor.py
[2025-04-20T21:01:21.165+0800] {processor.py:914} INFO - Processing file /mnt/c/Users/wu_li/OneDrive/Desktop/Airflow_pract/venv/lib/python3.9/site-packages/airflow/example_dags/example_kubernetes_executor.py for tasks to queue
[2025-04-20T21:01:21.169+0800] {logging_mixin.py:190} INFO - [2025-04-20T21:01:21.168+0800] {dagbag.py:588} INFO - Filling up the DagBag from /mnt/c/Users/wu_li/OneDrive/Desktop/Airflow_pract/venv/lib/python3.9/site-packages/airflow/example_dags/example_kubernetes_executor.py
[2025-04-20T21:01:21.210+0800] {logging_mixin.py:190} INFO - [2025-04-20T21:01:21.208+0800] {example_kubernetes_executor.py:39} WARNING - The example_kubernetes_executor example DAG requires the kubernetes provider. Please install it with: pip install apache-airflow[cncf.kubernetes]
[2025-04-20T21:01:21.211+0800] {processor.py:927} WARNING - No viable dags retrieved from /mnt/c/Users/wu_li/OneDrive/Desktop/Airflow_pract/venv/lib/python3.9/site-packages/airflow/example_dags/example_kubernetes_executor.py
[2025-04-20T21:01:21.230+0800] {processor.py:208} INFO - Processing /mnt/c/Users/wu_li/OneDrive/Desktop/Airflow_pract/venv/lib/python3.9/site-packages/airflow/example_dags/example_kubernetes_executor.py took 0.091 seconds
[2025-04-20T21:02:49.185+0800] {processor.py:186} INFO - Started process (PID=92626) to work on /mnt/c/Users/wu_li/OneDrive/Desktop/Airflow_pract/venv/lib/python3.9/site-packages/airflow/example_dags/example_kubernetes_executor.py
[2025-04-20T21:02:49.186+0800] {processor.py:914} INFO - Processing file /mnt/c/Users/wu_li/OneDrive/Desktop/Airflow_pract/venv/lib/python3.9/site-packages/airflow/example_dags/example_kubernetes_executor.py for tasks to queue
[2025-04-20T21:02:49.189+0800] {logging_mixin.py:190} INFO - [2025-04-20T21:02:49.188+0800] {dagbag.py:588} INFO - Filling up the DagBag from /mnt/c/Users/wu_li/OneDrive/Desktop/Airflow_pract/venv/lib/python3.9/site-packages/airflow/example_dags/example_kubernetes_executor.py
[2025-04-20T21:02:49.209+0800] {logging_mixin.py:190} INFO - [2025-04-20T21:02:49.207+0800] {example_kubernetes_executor.py:39} WARNING - The example_kubernetes_executor example DAG requires the kubernetes provider. Please install it with: pip install apache-airflow[cncf.kubernetes]
[2025-04-20T21:02:49.210+0800] {processor.py:927} WARNING - No viable dags retrieved from /mnt/c/Users/wu_li/OneDrive/Desktop/Airflow_pract/venv/lib/python3.9/site-packages/airflow/example_dags/example_kubernetes_executor.py
[2025-04-20T21:02:49.227+0800] {processor.py:208} INFO - Processing /mnt/c/Users/wu_li/OneDrive/Desktop/Airflow_pract/venv/lib/python3.9/site-packages/airflow/example_dags/example_kubernetes_executor.py took 0.053 seconds
[2025-04-20T21:04:16.258+0800] {processor.py:186} INFO - Started process (PID=93702) to work on /mnt/c/Users/wu_li/OneDrive/Desktop/Airflow_pract/venv/lib/python3.9/site-packages/airflow/example_dags/example_kubernetes_executor.py
[2025-04-20T21:04:16.260+0800] {processor.py:914} INFO - Processing file /mnt/c/Users/wu_li/OneDrive/Desktop/Airflow_pract/venv/lib/python3.9/site-packages/airflow/example_dags/example_kubernetes_executor.py for tasks to queue
[2025-04-20T21:04:16.262+0800] {logging_mixin.py:190} INFO - [2025-04-20T21:04:16.261+0800] {dagbag.py:588} INFO - Filling up the DagBag from /mnt/c/Users/wu_li/OneDrive/Desktop/Airflow_pract/venv/lib/python3.9/site-packages/airflow/example_dags/example_kubernetes_executor.py
[2025-04-20T21:04:16.280+0800] {logging_mixin.py:190} INFO - [2025-04-20T21:04:16.280+0800] {example_kubernetes_executor.py:39} WARNING - The example_kubernetes_executor example DAG requires the kubernetes provider. Please install it with: pip install apache-airflow[cncf.kubernetes]
[2025-04-20T21:04:16.281+0800] {processor.py:927} WARNING - No viable dags retrieved from /mnt/c/Users/wu_li/OneDrive/Desktop/Airflow_pract/venv/lib/python3.9/site-packages/airflow/example_dags/example_kubernetes_executor.py
[2025-04-20T21:04:16.300+0800] {processor.py:208} INFO - Processing /mnt/c/Users/wu_li/OneDrive/Desktop/Airflow_pract/venv/lib/python3.9/site-packages/airflow/example_dags/example_kubernetes_executor.py took 0.053 seconds
[2025-04-20T21:05:47.099+0800] {processor.py:186} INFO - Started process (PID=94783) to work on /mnt/c/Users/wu_li/OneDrive/Desktop/Airflow_pract/venv/lib/python3.9/site-packages/airflow/example_dags/example_kubernetes_executor.py
[2025-04-20T21:05:47.100+0800] {processor.py:914} INFO - Processing file /mnt/c/Users/wu_li/OneDrive/Desktop/Airflow_pract/venv/lib/python3.9/site-packages/airflow/example_dags/example_kubernetes_executor.py for tasks to queue
[2025-04-20T21:05:47.103+0800] {logging_mixin.py:190} INFO - [2025-04-20T21:05:47.102+0800] {dagbag.py:588} INFO - Filling up the DagBag from /mnt/c/Users/wu_li/OneDrive/Desktop/Airflow_pract/venv/lib/python3.9/site-packages/airflow/example_dags/example_kubernetes_executor.py
[2025-04-20T21:05:47.123+0800] {logging_mixin.py:190} INFO - [2025-04-20T21:05:47.122+0800] {example_kubernetes_executor.py:39} WARNING - The example_kubernetes_executor example DAG requires the kubernetes provider. Please install it with: pip install apache-airflow[cncf.kubernetes]
[2025-04-20T21:05:47.124+0800] {processor.py:927} WARNING - No viable dags retrieved from /mnt/c/Users/wu_li/OneDrive/Desktop/Airflow_pract/venv/lib/python3.9/site-packages/airflow/example_dags/example_kubernetes_executor.py
[2025-04-20T21:05:47.143+0800] {processor.py:208} INFO - Processing /mnt/c/Users/wu_li/OneDrive/Desktop/Airflow_pract/venv/lib/python3.9/site-packages/airflow/example_dags/example_kubernetes_executor.py took 0.055 seconds
[2025-04-20T21:07:21.484+0800] {processor.py:186} INFO - Started process (PID=95934) to work on /mnt/c/Users/wu_li/OneDrive/Desktop/Airflow_pract/venv/lib/python3.9/site-packages/airflow/example_dags/example_kubernetes_executor.py
[2025-04-20T21:07:21.489+0800] {processor.py:914} INFO - Processing file /mnt/c/Users/wu_li/OneDrive/Desktop/Airflow_pract/venv/lib/python3.9/site-packages/airflow/example_dags/example_kubernetes_executor.py for tasks to queue
[2025-04-20T21:07:21.496+0800] {logging_mixin.py:190} INFO - [2025-04-20T21:07:21.492+0800] {dagbag.py:588} INFO - Filling up the DagBag from /mnt/c/Users/wu_li/OneDrive/Desktop/Airflow_pract/venv/lib/python3.9/site-packages/airflow/example_dags/example_kubernetes_executor.py
[2025-04-20T21:07:21.542+0800] {logging_mixin.py:190} INFO - [2025-04-20T21:07:21.540+0800] {example_kubernetes_executor.py:39} WARNING - The example_kubernetes_executor example DAG requires the kubernetes provider. Please install it with: pip install apache-airflow[cncf.kubernetes]
[2025-04-20T21:07:21.543+0800] {processor.py:927} WARNING - No viable dags retrieved from /mnt/c/Users/wu_li/OneDrive/Desktop/Airflow_pract/venv/lib/python3.9/site-packages/airflow/example_dags/example_kubernetes_executor.py
[2025-04-20T21:07:21.579+0800] {processor.py:208} INFO - Processing /mnt/c/Users/wu_li/OneDrive/Desktop/Airflow_pract/venv/lib/python3.9/site-packages/airflow/example_dags/example_kubernetes_executor.py took 0.114 seconds
[2025-04-20T21:08:52.141+0800] {processor.py:186} INFO - Started process (PID=97015) to work on /mnt/c/Users/wu_li/OneDrive/Desktop/Airflow_pract/venv/lib/python3.9/site-packages/airflow/example_dags/example_kubernetes_executor.py
[2025-04-20T21:08:52.148+0800] {processor.py:914} INFO - Processing file /mnt/c/Users/wu_li/OneDrive/Desktop/Airflow_pract/venv/lib/python3.9/site-packages/airflow/example_dags/example_kubernetes_executor.py for tasks to queue
[2025-04-20T21:08:52.154+0800] {logging_mixin.py:190} INFO - [2025-04-20T21:08:52.152+0800] {dagbag.py:588} INFO - Filling up the DagBag from /mnt/c/Users/wu_li/OneDrive/Desktop/Airflow_pract/venv/lib/python3.9/site-packages/airflow/example_dags/example_kubernetes_executor.py
[2025-04-20T21:08:52.192+0800] {logging_mixin.py:190} INFO - [2025-04-20T21:08:52.189+0800] {example_kubernetes_executor.py:39} WARNING - The example_kubernetes_executor example DAG requires the kubernetes provider. Please install it with: pip install apache-airflow[cncf.kubernetes]
[2025-04-20T21:08:52.194+0800] {processor.py:927} WARNING - No viable dags retrieved from /mnt/c/Users/wu_li/OneDrive/Desktop/Airflow_pract/venv/lib/python3.9/site-packages/airflow/example_dags/example_kubernetes_executor.py
[2025-04-20T21:08:52.223+0800] {processor.py:208} INFO - Processing /mnt/c/Users/wu_li/OneDrive/Desktop/Airflow_pract/venv/lib/python3.9/site-packages/airflow/example_dags/example_kubernetes_executor.py took 0.102 seconds
[2025-04-20T21:10:20.665+0800] {processor.py:186} INFO - Started process (PID=98026) to work on /mnt/c/Users/wu_li/OneDrive/Desktop/Airflow_pract/venv/lib/python3.9/site-packages/airflow/example_dags/example_kubernetes_executor.py
[2025-04-20T21:10:20.667+0800] {processor.py:914} INFO - Processing file /mnt/c/Users/wu_li/OneDrive/Desktop/Airflow_pract/venv/lib/python3.9/site-packages/airflow/example_dags/example_kubernetes_executor.py for tasks to queue
[2025-04-20T21:10:20.669+0800] {logging_mixin.py:190} INFO - [2025-04-20T21:10:20.668+0800] {dagbag.py:588} INFO - Filling up the DagBag from /mnt/c/Users/wu_li/OneDrive/Desktop/Airflow_pract/venv/lib/python3.9/site-packages/airflow/example_dags/example_kubernetes_executor.py
[2025-04-20T21:10:20.686+0800] {logging_mixin.py:190} INFO - [2025-04-20T21:10:20.685+0800] {example_kubernetes_executor.py:39} WARNING - The example_kubernetes_executor example DAG requires the kubernetes provider. Please install it with: pip install apache-airflow[cncf.kubernetes]
[2025-04-20T21:10:20.687+0800] {processor.py:927} WARNING - No viable dags retrieved from /mnt/c/Users/wu_li/OneDrive/Desktop/Airflow_pract/venv/lib/python3.9/site-packages/airflow/example_dags/example_kubernetes_executor.py
[2025-04-20T21:10:20.704+0800] {processor.py:208} INFO - Processing /mnt/c/Users/wu_li/OneDrive/Desktop/Airflow_pract/venv/lib/python3.9/site-packages/airflow/example_dags/example_kubernetes_executor.py took 0.049 seconds
[2025-04-20T21:11:54.160+0800] {processor.py:186} INFO - Started process (PID=99177) to work on /mnt/c/Users/wu_li/OneDrive/Desktop/Airflow_pract/venv/lib/python3.9/site-packages/airflow/example_dags/example_kubernetes_executor.py
[2025-04-20T21:11:54.162+0800] {processor.py:914} INFO - Processing file /mnt/c/Users/wu_li/OneDrive/Desktop/Airflow_pract/venv/lib/python3.9/site-packages/airflow/example_dags/example_kubernetes_executor.py for tasks to queue
[2025-04-20T21:11:54.166+0800] {logging_mixin.py:190} INFO - [2025-04-20T21:11:54.165+0800] {dagbag.py:588} INFO - Filling up the DagBag from /mnt/c/Users/wu_li/OneDrive/Desktop/Airflow_pract/venv/lib/python3.9/site-packages/airflow/example_dags/example_kubernetes_executor.py
[2025-04-20T21:11:54.193+0800] {logging_mixin.py:190} INFO - [2025-04-20T21:11:54.191+0800] {example_kubernetes_executor.py:39} WARNING - The example_kubernetes_executor example DAG requires the kubernetes provider. Please install it with: pip install apache-airflow[cncf.kubernetes]
[2025-04-20T21:11:54.196+0800] {processor.py:927} WARNING - No viable dags retrieved from /mnt/c/Users/wu_li/OneDrive/Desktop/Airflow_pract/venv/lib/python3.9/site-packages/airflow/example_dags/example_kubernetes_executor.py
[2025-04-20T21:11:54.223+0800] {processor.py:208} INFO - Processing /mnt/c/Users/wu_li/OneDrive/Desktop/Airflow_pract/venv/lib/python3.9/site-packages/airflow/example_dags/example_kubernetes_executor.py took 0.082 seconds
[2025-04-20T21:13:25.661+0800] {processor.py:186} INFO - Started process (PID=100257) to work on /mnt/c/Users/wu_li/OneDrive/Desktop/Airflow_pract/venv/lib/python3.9/site-packages/airflow/example_dags/example_kubernetes_executor.py
[2025-04-20T21:13:25.664+0800] {processor.py:914} INFO - Processing file /mnt/c/Users/wu_li/OneDrive/Desktop/Airflow_pract/venv/lib/python3.9/site-packages/airflow/example_dags/example_kubernetes_executor.py for tasks to queue
[2025-04-20T21:13:25.669+0800] {logging_mixin.py:190} INFO - [2025-04-20T21:13:25.668+0800] {dagbag.py:588} INFO - Filling up the DagBag from /mnt/c/Users/wu_li/OneDrive/Desktop/Airflow_pract/venv/lib/python3.9/site-packages/airflow/example_dags/example_kubernetes_executor.py
[2025-04-20T21:13:25.697+0800] {logging_mixin.py:190} INFO - [2025-04-20T21:13:25.696+0800] {example_kubernetes_executor.py:39} WARNING - The example_kubernetes_executor example DAG requires the kubernetes provider. Please install it with: pip install apache-airflow[cncf.kubernetes]
[2025-04-20T21:13:25.700+0800] {processor.py:927} WARNING - No viable dags retrieved from /mnt/c/Users/wu_li/OneDrive/Desktop/Airflow_pract/venv/lib/python3.9/site-packages/airflow/example_dags/example_kubernetes_executor.py
[2025-04-20T21:13:25.731+0800] {processor.py:208} INFO - Processing /mnt/c/Users/wu_li/OneDrive/Desktop/Airflow_pract/venv/lib/python3.9/site-packages/airflow/example_dags/example_kubernetes_executor.py took 0.089 seconds
[2025-04-20T21:14:56.246+0800] {processor.py:186} INFO - Started process (PID=101268) to work on /mnt/c/Users/wu_li/OneDrive/Desktop/Airflow_pract/venv/lib/python3.9/site-packages/airflow/example_dags/example_kubernetes_executor.py
[2025-04-20T21:14:56.248+0800] {processor.py:914} INFO - Processing file /mnt/c/Users/wu_li/OneDrive/Desktop/Airflow_pract/venv/lib/python3.9/site-packages/airflow/example_dags/example_kubernetes_executor.py for tasks to queue
[2025-04-20T21:14:56.250+0800] {logging_mixin.py:190} INFO - [2025-04-20T21:14:56.249+0800] {dagbag.py:588} INFO - Filling up the DagBag from /mnt/c/Users/wu_li/OneDrive/Desktop/Airflow_pract/venv/lib/python3.9/site-packages/airflow/example_dags/example_kubernetes_executor.py
[2025-04-20T21:14:56.271+0800] {logging_mixin.py:190} INFO - [2025-04-20T21:14:56.270+0800] {example_kubernetes_executor.py:39} WARNING - The example_kubernetes_executor example DAG requires the kubernetes provider. Please install it with: pip install apache-airflow[cncf.kubernetes]
[2025-04-20T21:14:56.272+0800] {processor.py:927} WARNING - No viable dags retrieved from /mnt/c/Users/wu_li/OneDrive/Desktop/Airflow_pract/venv/lib/python3.9/site-packages/airflow/example_dags/example_kubernetes_executor.py
[2025-04-20T21:14:56.291+0800] {processor.py:208} INFO - Processing /mnt/c/Users/wu_li/OneDrive/Desktop/Airflow_pract/venv/lib/python3.9/site-packages/airflow/example_dags/example_kubernetes_executor.py took 0.056 seconds
[2025-04-20T21:16:27.901+0800] {processor.py:186} INFO - Started process (PID=102345) to work on /mnt/c/Users/wu_li/OneDrive/Desktop/Airflow_pract/venv/lib/python3.9/site-packages/airflow/example_dags/example_kubernetes_executor.py
[2025-04-20T21:16:27.903+0800] {processor.py:914} INFO - Processing file /mnt/c/Users/wu_li/OneDrive/Desktop/Airflow_pract/venv/lib/python3.9/site-packages/airflow/example_dags/example_kubernetes_executor.py for tasks to queue
[2025-04-20T21:16:27.907+0800] {logging_mixin.py:190} INFO - [2025-04-20T21:16:27.905+0800] {dagbag.py:588} INFO - Filling up the DagBag from /mnt/c/Users/wu_li/OneDrive/Desktop/Airflow_pract/venv/lib/python3.9/site-packages/airflow/example_dags/example_kubernetes_executor.py
[2025-04-20T21:16:27.945+0800] {logging_mixin.py:190} INFO - [2025-04-20T21:16:27.943+0800] {example_kubernetes_executor.py:39} WARNING - The example_kubernetes_executor example DAG requires the kubernetes provider. Please install it with: pip install apache-airflow[cncf.kubernetes]
[2025-04-20T21:16:27.946+0800] {processor.py:927} WARNING - No viable dags retrieved from /mnt/c/Users/wu_li/OneDrive/Desktop/Airflow_pract/venv/lib/python3.9/site-packages/airflow/example_dags/example_kubernetes_executor.py
[2025-04-20T21:16:27.993+0800] {processor.py:208} INFO - Processing /mnt/c/Users/wu_li/OneDrive/Desktop/Airflow_pract/venv/lib/python3.9/site-packages/airflow/example_dags/example_kubernetes_executor.py took 0.110 seconds
[2025-04-20T21:17:52.761+0800] {processor.py:186} INFO - Started process (PID=103355) to work on /mnt/c/Users/wu_li/OneDrive/Desktop/Airflow_pract/venv/lib/python3.9/site-packages/airflow/example_dags/example_kubernetes_executor.py
[2025-04-20T21:17:52.764+0800] {processor.py:914} INFO - Processing file /mnt/c/Users/wu_li/OneDrive/Desktop/Airflow_pract/venv/lib/python3.9/site-packages/airflow/example_dags/example_kubernetes_executor.py for tasks to queue
[2025-04-20T21:17:52.768+0800] {logging_mixin.py:190} INFO - [2025-04-20T21:17:52.766+0800] {dagbag.py:588} INFO - Filling up the DagBag from /mnt/c/Users/wu_li/OneDrive/Desktop/Airflow_pract/venv/lib/python3.9/site-packages/airflow/example_dags/example_kubernetes_executor.py
[2025-04-20T21:17:52.806+0800] {logging_mixin.py:190} INFO - [2025-04-20T21:17:52.805+0800] {example_kubernetes_executor.py:39} WARNING - The example_kubernetes_executor example DAG requires the kubernetes provider. Please install it with: pip install apache-airflow[cncf.kubernetes]
[2025-04-20T21:17:52.809+0800] {processor.py:927} WARNING - No viable dags retrieved from /mnt/c/Users/wu_li/OneDrive/Desktop/Airflow_pract/venv/lib/python3.9/site-packages/airflow/example_dags/example_kubernetes_executor.py
[2025-04-20T21:17:52.838+0800] {processor.py:208} INFO - Processing /mnt/c/Users/wu_li/OneDrive/Desktop/Airflow_pract/venv/lib/python3.9/site-packages/airflow/example_dags/example_kubernetes_executor.py took 0.095 seconds
[2025-04-20T21:19:19.360+0800] {processor.py:186} INFO - Started process (PID=104360) to work on /mnt/c/Users/wu_li/OneDrive/Desktop/Airflow_pract/venv/lib/python3.9/site-packages/airflow/example_dags/example_kubernetes_executor.py
[2025-04-20T21:19:19.365+0800] {processor.py:914} INFO - Processing file /mnt/c/Users/wu_li/OneDrive/Desktop/Airflow_pract/venv/lib/python3.9/site-packages/airflow/example_dags/example_kubernetes_executor.py for tasks to queue
[2025-04-20T21:19:19.369+0800] {logging_mixin.py:190} INFO - [2025-04-20T21:19:19.368+0800] {dagbag.py:588} INFO - Filling up the DagBag from /mnt/c/Users/wu_li/OneDrive/Desktop/Airflow_pract/venv/lib/python3.9/site-packages/airflow/example_dags/example_kubernetes_executor.py
[2025-04-20T21:19:19.405+0800] {logging_mixin.py:190} INFO - [2025-04-20T21:19:19.404+0800] {example_kubernetes_executor.py:39} WARNING - The example_kubernetes_executor example DAG requires the kubernetes provider. Please install it with: pip install apache-airflow[cncf.kubernetes]
[2025-04-20T21:19:19.407+0800] {processor.py:927} WARNING - No viable dags retrieved from /mnt/c/Users/wu_li/OneDrive/Desktop/Airflow_pract/venv/lib/python3.9/site-packages/airflow/example_dags/example_kubernetes_executor.py
[2025-04-20T21:19:19.446+0800] {processor.py:208} INFO - Processing /mnt/c/Users/wu_li/OneDrive/Desktop/Airflow_pract/venv/lib/python3.9/site-packages/airflow/example_dags/example_kubernetes_executor.py took 0.108 seconds
[2025-04-20T21:20:50.077+0800] {processor.py:186} INFO - Started process (PID=105371) to work on /mnt/c/Users/wu_li/OneDrive/Desktop/Airflow_pract/venv/lib/python3.9/site-packages/airflow/example_dags/example_kubernetes_executor.py
[2025-04-20T21:20:50.078+0800] {processor.py:914} INFO - Processing file /mnt/c/Users/wu_li/OneDrive/Desktop/Airflow_pract/venv/lib/python3.9/site-packages/airflow/example_dags/example_kubernetes_executor.py for tasks to queue
[2025-04-20T21:20:50.082+0800] {logging_mixin.py:190} INFO - [2025-04-20T21:20:50.080+0800] {dagbag.py:588} INFO - Filling up the DagBag from /mnt/c/Users/wu_li/OneDrive/Desktop/Airflow_pract/venv/lib/python3.9/site-packages/airflow/example_dags/example_kubernetes_executor.py
[2025-04-20T21:20:50.104+0800] {logging_mixin.py:190} INFO - [2025-04-20T21:20:50.104+0800] {example_kubernetes_executor.py:39} WARNING - The example_kubernetes_executor example DAG requires the kubernetes provider. Please install it with: pip install apache-airflow[cncf.kubernetes]
[2025-04-20T21:20:50.106+0800] {processor.py:927} WARNING - No viable dags retrieved from /mnt/c/Users/wu_li/OneDrive/Desktop/Airflow_pract/venv/lib/python3.9/site-packages/airflow/example_dags/example_kubernetes_executor.py
[2025-04-20T21:20:50.125+0800] {processor.py:208} INFO - Processing /mnt/c/Users/wu_li/OneDrive/Desktop/Airflow_pract/venv/lib/python3.9/site-packages/airflow/example_dags/example_kubernetes_executor.py took 0.059 seconds
[2025-04-20T21:22:23.296+0800] {processor.py:186} INFO - Started process (PID=106519) to work on /mnt/c/Users/wu_li/OneDrive/Desktop/Airflow_pract/venv/lib/python3.9/site-packages/airflow/example_dags/example_kubernetes_executor.py
[2025-04-20T21:22:23.299+0800] {processor.py:914} INFO - Processing file /mnt/c/Users/wu_li/OneDrive/Desktop/Airflow_pract/venv/lib/python3.9/site-packages/airflow/example_dags/example_kubernetes_executor.py for tasks to queue
[2025-04-20T21:22:23.302+0800] {logging_mixin.py:190} INFO - [2025-04-20T21:22:23.301+0800] {dagbag.py:588} INFO - Filling up the DagBag from /mnt/c/Users/wu_li/OneDrive/Desktop/Airflow_pract/venv/lib/python3.9/site-packages/airflow/example_dags/example_kubernetes_executor.py
[2025-04-20T21:22:23.338+0800] {logging_mixin.py:190} INFO - [2025-04-20T21:22:23.337+0800] {example_kubernetes_executor.py:39} WARNING - The example_kubernetes_executor example DAG requires the kubernetes provider. Please install it with: pip install apache-airflow[cncf.kubernetes]
[2025-04-20T21:22:23.340+0800] {processor.py:927} WARNING - No viable dags retrieved from /mnt/c/Users/wu_li/OneDrive/Desktop/Airflow_pract/venv/lib/python3.9/site-packages/airflow/example_dags/example_kubernetes_executor.py
[2025-04-20T21:22:23.382+0800] {processor.py:208} INFO - Processing /mnt/c/Users/wu_li/OneDrive/Desktop/Airflow_pract/venv/lib/python3.9/site-packages/airflow/example_dags/example_kubernetes_executor.py took 0.106 seconds
[2025-04-20T21:23:54.172+0800] {processor.py:186} INFO - Started process (PID=107456) to work on /mnt/c/Users/wu_li/OneDrive/Desktop/Airflow_pract/venv/lib/python3.9/site-packages/airflow/example_dags/example_kubernetes_executor.py
[2025-04-20T21:23:54.175+0800] {processor.py:914} INFO - Processing file /mnt/c/Users/wu_li/OneDrive/Desktop/Airflow_pract/venv/lib/python3.9/site-packages/airflow/example_dags/example_kubernetes_executor.py for tasks to queue
[2025-04-20T21:23:54.183+0800] {logging_mixin.py:190} INFO - [2025-04-20T21:23:54.182+0800] {dagbag.py:588} INFO - Filling up the DagBag from /mnt/c/Users/wu_li/OneDrive/Desktop/Airflow_pract/venv/lib/python3.9/site-packages/airflow/example_dags/example_kubernetes_executor.py
[2025-04-20T21:23:54.211+0800] {logging_mixin.py:190} INFO - [2025-04-20T21:23:54.210+0800] {example_kubernetes_executor.py:39} WARNING - The example_kubernetes_executor example DAG requires the kubernetes provider. Please install it with: pip install apache-airflow[cncf.kubernetes]
[2025-04-20T21:23:54.212+0800] {processor.py:927} WARNING - No viable dags retrieved from /mnt/c/Users/wu_li/OneDrive/Desktop/Airflow_pract/venv/lib/python3.9/site-packages/airflow/example_dags/example_kubernetes_executor.py
[2025-04-20T21:23:54.244+0800] {processor.py:208} INFO - Processing /mnt/c/Users/wu_li/OneDrive/Desktop/Airflow_pract/venv/lib/python3.9/site-packages/airflow/example_dags/example_kubernetes_executor.py took 0.093 seconds
[2025-04-20T21:25:23.733+0800] {processor.py:186} INFO - Started process (PID=108463) to work on /mnt/c/Users/wu_li/OneDrive/Desktop/Airflow_pract/venv/lib/python3.9/site-packages/airflow/example_dags/example_kubernetes_executor.py
[2025-04-20T21:25:23.736+0800] {processor.py:914} INFO - Processing file /mnt/c/Users/wu_li/OneDrive/Desktop/Airflow_pract/venv/lib/python3.9/site-packages/airflow/example_dags/example_kubernetes_executor.py for tasks to queue
[2025-04-20T21:25:23.739+0800] {logging_mixin.py:190} INFO - [2025-04-20T21:25:23.738+0800] {dagbag.py:588} INFO - Filling up the DagBag from /mnt/c/Users/wu_li/OneDrive/Desktop/Airflow_pract/venv/lib/python3.9/site-packages/airflow/example_dags/example_kubernetes_executor.py
[2025-04-20T21:25:23.766+0800] {logging_mixin.py:190} INFO - [2025-04-20T21:25:23.765+0800] {example_kubernetes_executor.py:39} WARNING - The example_kubernetes_executor example DAG requires the kubernetes provider. Please install it with: pip install apache-airflow[cncf.kubernetes]
[2025-04-20T21:25:23.767+0800] {processor.py:927} WARNING - No viable dags retrieved from /mnt/c/Users/wu_li/OneDrive/Desktop/Airflow_pract/venv/lib/python3.9/site-packages/airflow/example_dags/example_kubernetes_executor.py
[2025-04-20T21:25:23.796+0800] {processor.py:208} INFO - Processing /mnt/c/Users/wu_li/OneDrive/Desktop/Airflow_pract/venv/lib/python3.9/site-packages/airflow/example_dags/example_kubernetes_executor.py took 0.080 seconds
[2025-04-20T21:26:56.130+0800] {processor.py:186} INFO - Started process (PID=109513) to work on /mnt/c/Users/wu_li/OneDrive/Desktop/Airflow_pract/venv/lib/python3.9/site-packages/airflow/example_dags/example_kubernetes_executor.py
[2025-04-20T21:26:56.131+0800] {processor.py:914} INFO - Processing file /mnt/c/Users/wu_li/OneDrive/Desktop/Airflow_pract/venv/lib/python3.9/site-packages/airflow/example_dags/example_kubernetes_executor.py for tasks to queue
[2025-04-20T21:26:56.134+0800] {logging_mixin.py:190} INFO - [2025-04-20T21:26:56.133+0800] {dagbag.py:588} INFO - Filling up the DagBag from /mnt/c/Users/wu_li/OneDrive/Desktop/Airflow_pract/venv/lib/python3.9/site-packages/airflow/example_dags/example_kubernetes_executor.py
[2025-04-20T21:26:56.154+0800] {logging_mixin.py:190} INFO - [2025-04-20T21:26:56.153+0800] {example_kubernetes_executor.py:39} WARNING - The example_kubernetes_executor example DAG requires the kubernetes provider. Please install it with: pip install apache-airflow[cncf.kubernetes]
[2025-04-20T21:26:56.155+0800] {processor.py:927} WARNING - No viable dags retrieved from /mnt/c/Users/wu_li/OneDrive/Desktop/Airflow_pract/venv/lib/python3.9/site-packages/airflow/example_dags/example_kubernetes_executor.py
[2025-04-20T21:26:56.175+0800] {processor.py:208} INFO - Processing /mnt/c/Users/wu_li/OneDrive/Desktop/Airflow_pract/venv/lib/python3.9/site-packages/airflow/example_dags/example_kubernetes_executor.py took 0.057 seconds
[2025-04-20T21:28:25.259+0800] {processor.py:186} INFO - Started process (PID=110551) to work on /mnt/c/Users/wu_li/OneDrive/Desktop/Airflow_pract/venv/lib/python3.9/site-packages/airflow/example_dags/example_kubernetes_executor.py
[2025-04-20T21:28:25.261+0800] {processor.py:914} INFO - Processing file /mnt/c/Users/wu_li/OneDrive/Desktop/Airflow_pract/venv/lib/python3.9/site-packages/airflow/example_dags/example_kubernetes_executor.py for tasks to queue
[2025-04-20T21:28:25.263+0800] {logging_mixin.py:190} INFO - [2025-04-20T21:28:25.262+0800] {dagbag.py:588} INFO - Filling up the DagBag from /mnt/c/Users/wu_li/OneDrive/Desktop/Airflow_pract/venv/lib/python3.9/site-packages/airflow/example_dags/example_kubernetes_executor.py
[2025-04-20T21:28:25.285+0800] {logging_mixin.py:190} INFO - [2025-04-20T21:28:25.284+0800] {example_kubernetes_executor.py:39} WARNING - The example_kubernetes_executor example DAG requires the kubernetes provider. Please install it with: pip install apache-airflow[cncf.kubernetes]
[2025-04-20T21:28:25.286+0800] {processor.py:927} WARNING - No viable dags retrieved from /mnt/c/Users/wu_li/OneDrive/Desktop/Airflow_pract/venv/lib/python3.9/site-packages/airflow/example_dags/example_kubernetes_executor.py
[2025-04-20T21:28:25.305+0800] {processor.py:208} INFO - Processing /mnt/c/Users/wu_li/OneDrive/Desktop/Airflow_pract/venv/lib/python3.9/site-packages/airflow/example_dags/example_kubernetes_executor.py took 0.057 seconds
[2025-04-20T21:29:56.628+0800] {processor.py:186} INFO - Started process (PID=111634) to work on /mnt/c/Users/wu_li/OneDrive/Desktop/Airflow_pract/venv/lib/python3.9/site-packages/airflow/example_dags/example_kubernetes_executor.py
[2025-04-20T21:29:56.630+0800] {processor.py:914} INFO - Processing file /mnt/c/Users/wu_li/OneDrive/Desktop/Airflow_pract/venv/lib/python3.9/site-packages/airflow/example_dags/example_kubernetes_executor.py for tasks to queue
[2025-04-20T21:29:56.633+0800] {logging_mixin.py:190} INFO - [2025-04-20T21:29:56.631+0800] {dagbag.py:588} INFO - Filling up the DagBag from /mnt/c/Users/wu_li/OneDrive/Desktop/Airflow_pract/venv/lib/python3.9/site-packages/airflow/example_dags/example_kubernetes_executor.py
[2025-04-20T21:29:56.652+0800] {logging_mixin.py:190} INFO - [2025-04-20T21:29:56.651+0800] {example_kubernetes_executor.py:39} WARNING - The example_kubernetes_executor example DAG requires the kubernetes provider. Please install it with: pip install apache-airflow[cncf.kubernetes]
[2025-04-20T21:29:56.653+0800] {processor.py:927} WARNING - No viable dags retrieved from /mnt/c/Users/wu_li/OneDrive/Desktop/Airflow_pract/venv/lib/python3.9/site-packages/airflow/example_dags/example_kubernetes_executor.py
[2025-04-20T21:29:56.695+0800] {processor.py:208} INFO - Processing /mnt/c/Users/wu_li/OneDrive/Desktop/Airflow_pract/venv/lib/python3.9/site-packages/airflow/example_dags/example_kubernetes_executor.py took 0.078 seconds
[2025-04-20T21:31:28.328+0800] {processor.py:186} INFO - Started process (PID=112711) to work on /mnt/c/Users/wu_li/OneDrive/Desktop/Airflow_pract/venv/lib/python3.9/site-packages/airflow/example_dags/example_kubernetes_executor.py
[2025-04-20T21:31:28.330+0800] {processor.py:914} INFO - Processing file /mnt/c/Users/wu_li/OneDrive/Desktop/Airflow_pract/venv/lib/python3.9/site-packages/airflow/example_dags/example_kubernetes_executor.py for tasks to queue
[2025-04-20T21:31:28.334+0800] {logging_mixin.py:190} INFO - [2025-04-20T21:31:28.333+0800] {dagbag.py:588} INFO - Filling up the DagBag from /mnt/c/Users/wu_li/OneDrive/Desktop/Airflow_pract/venv/lib/python3.9/site-packages/airflow/example_dags/example_kubernetes_executor.py
[2025-04-20T21:31:28.366+0800] {logging_mixin.py:190} INFO - [2025-04-20T21:31:28.365+0800] {example_kubernetes_executor.py:39} WARNING - The example_kubernetes_executor example DAG requires the kubernetes provider. Please install it with: pip install apache-airflow[cncf.kubernetes]
[2025-04-20T21:31:28.368+0800] {processor.py:927} WARNING - No viable dags retrieved from /mnt/c/Users/wu_li/OneDrive/Desktop/Airflow_pract/venv/lib/python3.9/site-packages/airflow/example_dags/example_kubernetes_executor.py
[2025-04-20T21:31:28.398+0800] {processor.py:208} INFO - Processing /mnt/c/Users/wu_li/OneDrive/Desktop/Airflow_pract/venv/lib/python3.9/site-packages/airflow/example_dags/example_kubernetes_executor.py took 0.089 seconds
[2025-04-20T21:33:00.889+0800] {processor.py:186} INFO - Started process (PID=113762) to work on /mnt/c/Users/wu_li/OneDrive/Desktop/Airflow_pract/venv/lib/python3.9/site-packages/airflow/example_dags/example_kubernetes_executor.py
[2025-04-20T21:33:00.891+0800] {processor.py:914} INFO - Processing file /mnt/c/Users/wu_li/OneDrive/Desktop/Airflow_pract/venv/lib/python3.9/site-packages/airflow/example_dags/example_kubernetes_executor.py for tasks to queue
[2025-04-20T21:33:00.893+0800] {logging_mixin.py:190} INFO - [2025-04-20T21:33:00.892+0800] {dagbag.py:588} INFO - Filling up the DagBag from /mnt/c/Users/wu_li/OneDrive/Desktop/Airflow_pract/venv/lib/python3.9/site-packages/airflow/example_dags/example_kubernetes_executor.py
[2025-04-20T21:33:00.918+0800] {logging_mixin.py:190} INFO - [2025-04-20T21:33:00.917+0800] {example_kubernetes_executor.py:39} WARNING - The example_kubernetes_executor example DAG requires the kubernetes provider. Please install it with: pip install apache-airflow[cncf.kubernetes]
[2025-04-20T21:33:00.920+0800] {processor.py:927} WARNING - No viable dags retrieved from /mnt/c/Users/wu_li/OneDrive/Desktop/Airflow_pract/venv/lib/python3.9/site-packages/airflow/example_dags/example_kubernetes_executor.py
[2025-04-20T21:33:00.942+0800] {processor.py:208} INFO - Processing /mnt/c/Users/wu_li/OneDrive/Desktop/Airflow_pract/venv/lib/python3.9/site-packages/airflow/example_dags/example_kubernetes_executor.py took 0.065 seconds
[2025-04-20T21:34:30.396+0800] {processor.py:186} INFO - Started process (PID=114798) to work on /mnt/c/Users/wu_li/OneDrive/Desktop/Airflow_pract/venv/lib/python3.9/site-packages/airflow/example_dags/example_kubernetes_executor.py
[2025-04-20T21:34:30.399+0800] {processor.py:914} INFO - Processing file /mnt/c/Users/wu_li/OneDrive/Desktop/Airflow_pract/venv/lib/python3.9/site-packages/airflow/example_dags/example_kubernetes_executor.py for tasks to queue
[2025-04-20T21:34:30.403+0800] {logging_mixin.py:190} INFO - [2025-04-20T21:34:30.401+0800] {dagbag.py:588} INFO - Filling up the DagBag from /mnt/c/Users/wu_li/OneDrive/Desktop/Airflow_pract/venv/lib/python3.9/site-packages/airflow/example_dags/example_kubernetes_executor.py
[2025-04-20T21:34:30.436+0800] {logging_mixin.py:190} INFO - [2025-04-20T21:34:30.435+0800] {example_kubernetes_executor.py:39} WARNING - The example_kubernetes_executor example DAG requires the kubernetes provider. Please install it with: pip install apache-airflow[cncf.kubernetes]
[2025-04-20T21:34:30.438+0800] {processor.py:927} WARNING - No viable dags retrieved from /mnt/c/Users/wu_li/OneDrive/Desktop/Airflow_pract/venv/lib/python3.9/site-packages/airflow/example_dags/example_kubernetes_executor.py
[2025-04-20T21:34:30.471+0800] {processor.py:208} INFO - Processing /mnt/c/Users/wu_li/OneDrive/Desktop/Airflow_pract/venv/lib/python3.9/site-packages/airflow/example_dags/example_kubernetes_executor.py took 0.093 seconds
[2025-04-20T21:36:10.291+0800] {processor.py:186} INFO - Started process (PID=115955) to work on /mnt/c/Users/wu_li/OneDrive/Desktop/Airflow_pract/venv/lib/python3.9/site-packages/airflow/example_dags/example_kubernetes_executor.py
[2025-04-20T21:36:10.293+0800] {processor.py:914} INFO - Processing file /mnt/c/Users/wu_li/OneDrive/Desktop/Airflow_pract/venv/lib/python3.9/site-packages/airflow/example_dags/example_kubernetes_executor.py for tasks to queue
[2025-04-20T21:36:10.295+0800] {logging_mixin.py:190} INFO - [2025-04-20T21:36:10.294+0800] {dagbag.py:588} INFO - Filling up the DagBag from /mnt/c/Users/wu_li/OneDrive/Desktop/Airflow_pract/venv/lib/python3.9/site-packages/airflow/example_dags/example_kubernetes_executor.py
[2025-04-20T21:36:10.314+0800] {logging_mixin.py:190} INFO - [2025-04-20T21:36:10.313+0800] {example_kubernetes_executor.py:39} WARNING - The example_kubernetes_executor example DAG requires the kubernetes provider. Please install it with: pip install apache-airflow[cncf.kubernetes]
[2025-04-20T21:36:10.314+0800] {processor.py:927} WARNING - No viable dags retrieved from /mnt/c/Users/wu_li/OneDrive/Desktop/Airflow_pract/venv/lib/python3.9/site-packages/airflow/example_dags/example_kubernetes_executor.py
[2025-04-20T21:36:10.332+0800] {processor.py:208} INFO - Processing /mnt/c/Users/wu_li/OneDrive/Desktop/Airflow_pract/venv/lib/python3.9/site-packages/airflow/example_dags/example_kubernetes_executor.py took 0.051 seconds
[2025-04-20T21:37:53.995+0800] {processor.py:186} INFO - Started process (PID=116963) to work on /mnt/c/Users/wu_li/OneDrive/Desktop/Airflow_pract/venv/lib/python3.9/site-packages/airflow/example_dags/example_kubernetes_executor.py
[2025-04-20T21:37:53.997+0800] {processor.py:914} INFO - Processing file /mnt/c/Users/wu_li/OneDrive/Desktop/Airflow_pract/venv/lib/python3.9/site-packages/airflow/example_dags/example_kubernetes_executor.py for tasks to queue
[2025-04-20T21:37:54.002+0800] {logging_mixin.py:190} INFO - [2025-04-20T21:37:54.000+0800] {dagbag.py:588} INFO - Filling up the DagBag from /mnt/c/Users/wu_li/OneDrive/Desktop/Airflow_pract/venv/lib/python3.9/site-packages/airflow/example_dags/example_kubernetes_executor.py
[2025-04-20T21:37:54.032+0800] {logging_mixin.py:190} INFO - [2025-04-20T21:37:54.031+0800] {example_kubernetes_executor.py:39} WARNING - The example_kubernetes_executor example DAG requires the kubernetes provider. Please install it with: pip install apache-airflow[cncf.kubernetes]
[2025-04-20T21:37:54.034+0800] {processor.py:927} WARNING - No viable dags retrieved from /mnt/c/Users/wu_li/OneDrive/Desktop/Airflow_pract/venv/lib/python3.9/site-packages/airflow/example_dags/example_kubernetes_executor.py
[2025-04-20T21:37:54.062+0800] {processor.py:208} INFO - Processing /mnt/c/Users/wu_li/OneDrive/Desktop/Airflow_pract/venv/lib/python3.9/site-packages/airflow/example_dags/example_kubernetes_executor.py took 0.086 seconds
[2025-04-20T21:39:35.528+0800] {processor.py:186} INFO - Started process (PID=118019) to work on /mnt/c/Users/wu_li/OneDrive/Desktop/Airflow_pract/venv/lib/python3.9/site-packages/airflow/example_dags/example_kubernetes_executor.py
[2025-04-20T21:39:35.530+0800] {processor.py:914} INFO - Processing file /mnt/c/Users/wu_li/OneDrive/Desktop/Airflow_pract/venv/lib/python3.9/site-packages/airflow/example_dags/example_kubernetes_executor.py for tasks to queue
[2025-04-20T21:39:35.533+0800] {logging_mixin.py:190} INFO - [2025-04-20T21:39:35.532+0800] {dagbag.py:588} INFO - Filling up the DagBag from /mnt/c/Users/wu_li/OneDrive/Desktop/Airflow_pract/venv/lib/python3.9/site-packages/airflow/example_dags/example_kubernetes_executor.py
[2025-04-20T21:39:35.554+0800] {logging_mixin.py:190} INFO - [2025-04-20T21:39:35.553+0800] {example_kubernetes_executor.py:39} WARNING - The example_kubernetes_executor example DAG requires the kubernetes provider. Please install it with: pip install apache-airflow[cncf.kubernetes]
[2025-04-20T21:39:35.555+0800] {processor.py:927} WARNING - No viable dags retrieved from /mnt/c/Users/wu_li/OneDrive/Desktop/Airflow_pract/venv/lib/python3.9/site-packages/airflow/example_dags/example_kubernetes_executor.py
[2025-04-20T21:39:35.578+0800] {processor.py:208} INFO - Processing /mnt/c/Users/wu_li/OneDrive/Desktop/Airflow_pract/venv/lib/python3.9/site-packages/airflow/example_dags/example_kubernetes_executor.py took 0.064 seconds
[2025-04-20T21:41:00.630+0800] {processor.py:186} INFO - Started process (PID=119065) to work on /mnt/c/Users/wu_li/OneDrive/Desktop/Airflow_pract/venv/lib/python3.9/site-packages/airflow/example_dags/example_kubernetes_executor.py
[2025-04-20T21:41:00.632+0800] {processor.py:914} INFO - Processing file /mnt/c/Users/wu_li/OneDrive/Desktop/Airflow_pract/venv/lib/python3.9/site-packages/airflow/example_dags/example_kubernetes_executor.py for tasks to queue
[2025-04-20T21:41:00.636+0800] {logging_mixin.py:190} INFO - [2025-04-20T21:41:00.635+0800] {dagbag.py:588} INFO - Filling up the DagBag from /mnt/c/Users/wu_li/OneDrive/Desktop/Airflow_pract/venv/lib/python3.9/site-packages/airflow/example_dags/example_kubernetes_executor.py
[2025-04-20T21:41:00.666+0800] {logging_mixin.py:190} INFO - [2025-04-20T21:41:00.665+0800] {example_kubernetes_executor.py:39} WARNING - The example_kubernetes_executor example DAG requires the kubernetes provider. Please install it with: pip install apache-airflow[cncf.kubernetes]
[2025-04-20T21:41:00.667+0800] {processor.py:927} WARNING - No viable dags retrieved from /mnt/c/Users/wu_li/OneDrive/Desktop/Airflow_pract/venv/lib/python3.9/site-packages/airflow/example_dags/example_kubernetes_executor.py
[2025-04-20T21:41:00.688+0800] {processor.py:208} INFO - Processing /mnt/c/Users/wu_li/OneDrive/Desktop/Airflow_pract/venv/lib/python3.9/site-packages/airflow/example_dags/example_kubernetes_executor.py took 0.071 seconds
[2025-04-20T21:42:33.565+0800] {processor.py:186} INFO - Started process (PID=119961) to work on /mnt/c/Users/wu_li/OneDrive/Desktop/Airflow_pract/venv/lib/python3.9/site-packages/airflow/example_dags/example_kubernetes_executor.py
[2025-04-20T21:42:33.570+0800] {processor.py:914} INFO - Processing file /mnt/c/Users/wu_li/OneDrive/Desktop/Airflow_pract/venv/lib/python3.9/site-packages/airflow/example_dags/example_kubernetes_executor.py for tasks to queue
[2025-04-20T21:42:33.575+0800] {logging_mixin.py:190} INFO - [2025-04-20T21:42:33.573+0800] {dagbag.py:588} INFO - Filling up the DagBag from /mnt/c/Users/wu_li/OneDrive/Desktop/Airflow_pract/venv/lib/python3.9/site-packages/airflow/example_dags/example_kubernetes_executor.py
[2025-04-20T21:42:33.621+0800] {logging_mixin.py:190} INFO - [2025-04-20T21:42:33.620+0800] {example_kubernetes_executor.py:39} WARNING - The example_kubernetes_executor example DAG requires the kubernetes provider. Please install it with: pip install apache-airflow[cncf.kubernetes]
[2025-04-20T21:42:33.627+0800] {processor.py:927} WARNING - No viable dags retrieved from /mnt/c/Users/wu_li/OneDrive/Desktop/Airflow_pract/venv/lib/python3.9/site-packages/airflow/example_dags/example_kubernetes_executor.py
[2025-04-20T21:42:33.664+0800] {processor.py:208} INFO - Processing /mnt/c/Users/wu_li/OneDrive/Desktop/Airflow_pract/venv/lib/python3.9/site-packages/airflow/example_dags/example_kubernetes_executor.py took 0.143 seconds
[2025-04-20T21:44:13.072+0800] {processor.py:186} INFO - Started process (PID=120865) to work on /mnt/c/Users/wu_li/OneDrive/Desktop/Airflow_pract/venv/lib/python3.9/site-packages/airflow/example_dags/example_kubernetes_executor.py
[2025-04-20T21:44:13.074+0800] {processor.py:914} INFO - Processing file /mnt/c/Users/wu_li/OneDrive/Desktop/Airflow_pract/venv/lib/python3.9/site-packages/airflow/example_dags/example_kubernetes_executor.py for tasks to queue
[2025-04-20T21:44:13.078+0800] {logging_mixin.py:190} INFO - [2025-04-20T21:44:13.077+0800] {dagbag.py:588} INFO - Filling up the DagBag from /mnt/c/Users/wu_li/OneDrive/Desktop/Airflow_pract/venv/lib/python3.9/site-packages/airflow/example_dags/example_kubernetes_executor.py
[2025-04-20T21:44:13.104+0800] {logging_mixin.py:190} INFO - [2025-04-20T21:44:13.103+0800] {example_kubernetes_executor.py:39} WARNING - The example_kubernetes_executor example DAG requires the kubernetes provider. Please install it with: pip install apache-airflow[cncf.kubernetes]
[2025-04-20T21:44:13.107+0800] {processor.py:927} WARNING - No viable dags retrieved from /mnt/c/Users/wu_li/OneDrive/Desktop/Airflow_pract/venv/lib/python3.9/site-packages/airflow/example_dags/example_kubernetes_executor.py
[2025-04-20T21:44:13.139+0800] {processor.py:208} INFO - Processing /mnt/c/Users/wu_li/OneDrive/Desktop/Airflow_pract/venv/lib/python3.9/site-packages/airflow/example_dags/example_kubernetes_executor.py took 0.084 seconds
[2025-04-20T21:45:43.563+0800] {processor.py:186} INFO - Started process (PID=121882) to work on /mnt/c/Users/wu_li/OneDrive/Desktop/Airflow_pract/venv/lib/python3.9/site-packages/airflow/example_dags/example_kubernetes_executor.py
[2025-04-20T21:45:43.565+0800] {processor.py:914} INFO - Processing file /mnt/c/Users/wu_li/OneDrive/Desktop/Airflow_pract/venv/lib/python3.9/site-packages/airflow/example_dags/example_kubernetes_executor.py for tasks to queue
[2025-04-20T21:45:43.578+0800] {logging_mixin.py:190} INFO - [2025-04-20T21:45:43.575+0800] {dagbag.py:588} INFO - Filling up the DagBag from /mnt/c/Users/wu_li/OneDrive/Desktop/Airflow_pract/venv/lib/python3.9/site-packages/airflow/example_dags/example_kubernetes_executor.py
[2025-04-20T21:45:43.602+0800] {logging_mixin.py:190} INFO - [2025-04-20T21:45:43.601+0800] {example_kubernetes_executor.py:39} WARNING - The example_kubernetes_executor example DAG requires the kubernetes provider. Please install it with: pip install apache-airflow[cncf.kubernetes]
[2025-04-20T21:45:43.603+0800] {processor.py:927} WARNING - No viable dags retrieved from /mnt/c/Users/wu_li/OneDrive/Desktop/Airflow_pract/venv/lib/python3.9/site-packages/airflow/example_dags/example_kubernetes_executor.py
[2025-04-20T21:45:43.640+0800] {processor.py:208} INFO - Processing /mnt/c/Users/wu_li/OneDrive/Desktop/Airflow_pract/venv/lib/python3.9/site-packages/airflow/example_dags/example_kubernetes_executor.py took 0.110 seconds
[2025-04-20T21:47:38.702+0800] {processor.py:186} INFO - Started process (PID=122615) to work on /mnt/c/Users/wu_li/OneDrive/Desktop/Airflow_pract/venv/lib/python3.9/site-packages/airflow/example_dags/example_kubernetes_executor.py
[2025-04-20T21:47:38.706+0800] {processor.py:914} INFO - Processing file /mnt/c/Users/wu_li/OneDrive/Desktop/Airflow_pract/venv/lib/python3.9/site-packages/airflow/example_dags/example_kubernetes_executor.py for tasks to queue
[2025-04-20T21:47:38.710+0800] {logging_mixin.py:190} INFO - [2025-04-20T21:47:38.708+0800] {dagbag.py:588} INFO - Filling up the DagBag from /mnt/c/Users/wu_li/OneDrive/Desktop/Airflow_pract/venv/lib/python3.9/site-packages/airflow/example_dags/example_kubernetes_executor.py
[2025-04-20T21:47:38.734+0800] {logging_mixin.py:190} INFO - [2025-04-20T21:47:38.733+0800] {example_kubernetes_executor.py:39} WARNING - The example_kubernetes_executor example DAG requires the kubernetes provider. Please install it with: pip install apache-airflow[cncf.kubernetes]
[2025-04-20T21:47:38.735+0800] {processor.py:927} WARNING - No viable dags retrieved from /mnt/c/Users/wu_li/OneDrive/Desktop/Airflow_pract/venv/lib/python3.9/site-packages/airflow/example_dags/example_kubernetes_executor.py
[2025-04-20T21:47:38.764+0800] {processor.py:208} INFO - Processing /mnt/c/Users/wu_li/OneDrive/Desktop/Airflow_pract/venv/lib/python3.9/site-packages/airflow/example_dags/example_kubernetes_executor.py took 0.081 seconds
[2025-04-20T21:49:12.322+0800] {processor.py:186} INFO - Started process (PID=123700) to work on /mnt/c/Users/wu_li/OneDrive/Desktop/Airflow_pract/venv/lib/python3.9/site-packages/airflow/example_dags/example_kubernetes_executor.py
[2025-04-20T21:49:12.323+0800] {processor.py:914} INFO - Processing file /mnt/c/Users/wu_li/OneDrive/Desktop/Airflow_pract/venv/lib/python3.9/site-packages/airflow/example_dags/example_kubernetes_executor.py for tasks to queue
[2025-04-20T21:49:12.326+0800] {logging_mixin.py:190} INFO - [2025-04-20T21:49:12.325+0800] {dagbag.py:588} INFO - Filling up the DagBag from /mnt/c/Users/wu_li/OneDrive/Desktop/Airflow_pract/venv/lib/python3.9/site-packages/airflow/example_dags/example_kubernetes_executor.py
[2025-04-20T21:49:12.352+0800] {logging_mixin.py:190} INFO - [2025-04-20T21:49:12.350+0800] {example_kubernetes_executor.py:39} WARNING - The example_kubernetes_executor example DAG requires the kubernetes provider. Please install it with: pip install apache-airflow[cncf.kubernetes]
[2025-04-20T21:49:12.353+0800] {processor.py:927} WARNING - No viable dags retrieved from /mnt/c/Users/wu_li/OneDrive/Desktop/Airflow_pract/venv/lib/python3.9/site-packages/airflow/example_dags/example_kubernetes_executor.py
[2025-04-20T21:49:12.380+0800] {processor.py:208} INFO - Processing /mnt/c/Users/wu_li/OneDrive/Desktop/Airflow_pract/venv/lib/python3.9/site-packages/airflow/example_dags/example_kubernetes_executor.py took 0.071 seconds
