[2025-04-20T20:11:29.079+0800] {processor.py:186} INFO - Started process (PID=63536) to work on /mnt/c/Users/wu_li/OneDrive/Desktop/Airflow_pract/venv/lib/python3.9/site-packages/airflow/example_dags/example_setup_teardown.py
[2025-04-20T20:11:29.081+0800] {processor.py:914} INFO - Processing file /mnt/c/Users/wu_li/OneDrive/Desktop/Airflow_pract/venv/lib/python3.9/site-packages/airflow/example_dags/example_setup_teardown.py for tasks to queue
[2025-04-20T20:11:29.085+0800] {logging_mixin.py:190} INFO - [2025-04-20T20:11:29.084+0800] {dagbag.py:588} INFO - Filling up the DagBag from /mnt/c/Users/wu_li/OneDrive/Desktop/Airflow_pract/venv/lib/python3.9/site-packages/airflow/example_dags/example_setup_teardown.py
[2025-04-20T20:11:29.157+0800] {processor.py:925} INFO - DAG(s) 'example_setup_teardown' retrieved from /mnt/c/Users/wu_li/OneDrive/Desktop/Airflow_pract/venv/lib/python3.9/site-packages/airflow/example_dags/example_setup_teardown.py
[2025-04-20T20:11:30.968+0800] {logging_mixin.py:190} INFO - [2025-04-20T20:11:30.964+0800] {override.py:1912} INFO - Created Permission View: can delete on DAG:example_setup_teardown
[2025-04-20T20:11:31.015+0800] {logging_mixin.py:190} INFO - [2025-04-20T20:11:31.014+0800] {override.py:1912} INFO - Created Permission View: can read on DAG:example_setup_teardown
[2025-04-20T20:11:31.054+0800] {logging_mixin.py:190} INFO - [2025-04-20T20:11:31.053+0800] {override.py:1912} INFO - Created Permission View: can edit on DAG:example_setup_teardown
[2025-04-20T20:11:31.129+0800] {logging_mixin.py:190} INFO - [2025-04-20T20:11:31.120+0800] {override.py:1912} INFO - Created Permission View: can delete on DAG Run:example_setup_teardown
[2025-04-20T20:11:31.169+0800] {logging_mixin.py:190} INFO - [2025-04-20T20:11:31.168+0800] {override.py:1912} INFO - Created Permission View: can read on DAG Run:example_setup_teardown
[2025-04-20T20:11:31.211+0800] {logging_mixin.py:190} INFO - [2025-04-20T20:11:31.209+0800] {override.py:1912} INFO - Created Permission View: can create on DAG Run:example_setup_teardown
[2025-04-20T20:11:31.245+0800] {logging_mixin.py:190} INFO - [2025-04-20T20:11:31.244+0800] {override.py:1912} INFO - Created Permission View: menu access on DAG Run:example_setup_teardown
[2025-04-20T20:11:31.247+0800] {logging_mixin.py:190} INFO - [2025-04-20T20:11:31.246+0800] {dag.py:3239} INFO - Sync 1 DAGs
[2025-04-20T20:11:31.273+0800] {logging_mixin.py:190} INFO - [2025-04-20T20:11:31.272+0800] {dag.py:3262} INFO - Creating ORM DAG for example_setup_teardown
[2025-04-20T20:11:31.275+0800] {logging_mixin.py:190} INFO - [2025-04-20T20:11:31.274+0800] {dag.py:4180} INFO - Setting next_dagrun for example_setup_teardown to None, run_after=None
[2025-04-20T20:11:31.340+0800] {processor.py:208} INFO - Processing /mnt/c/Users/wu_li/OneDrive/Desktop/Airflow_pract/venv/lib/python3.9/site-packages/airflow/example_dags/example_setup_teardown.py took 2.276 seconds
[2025-04-20T20:17:25.606+0800] {processor.py:186} INFO - Started process (PID=67782) to work on /mnt/c/Users/wu_li/OneDrive/Desktop/Airflow_pract/venv/lib/python3.9/site-packages/airflow/example_dags/example_setup_teardown.py
[2025-04-20T20:17:25.608+0800] {processor.py:914} INFO - Processing file /mnt/c/Users/wu_li/OneDrive/Desktop/Airflow_pract/venv/lib/python3.9/site-packages/airflow/example_dags/example_setup_teardown.py for tasks to queue
[2025-04-20T20:17:25.612+0800] {logging_mixin.py:190} INFO - [2025-04-20T20:17:25.610+0800] {dagbag.py:588} INFO - Filling up the DagBag from /mnt/c/Users/wu_li/OneDrive/Desktop/Airflow_pract/venv/lib/python3.9/site-packages/airflow/example_dags/example_setup_teardown.py
[2025-04-20T20:17:25.700+0800] {processor.py:925} INFO - DAG(s) 'example_setup_teardown' retrieved from /mnt/c/Users/wu_li/OneDrive/Desktop/Airflow_pract/venv/lib/python3.9/site-packages/airflow/example_dags/example_setup_teardown.py
[2025-04-20T20:17:25.748+0800] {logging_mixin.py:190} INFO - [2025-04-20T20:17:25.747+0800] {dag.py:3239} INFO - Sync 1 DAGs
[2025-04-20T20:17:25.770+0800] {logging_mixin.py:190} INFO - [2025-04-20T20:17:25.769+0800] {dag.py:4180} INFO - Setting next_dagrun for example_setup_teardown to None, run_after=None
[2025-04-20T20:17:25.988+0800] {processor.py:208} INFO - Processing /mnt/c/Users/wu_li/OneDrive/Desktop/Airflow_pract/venv/lib/python3.9/site-packages/airflow/example_dags/example_setup_teardown.py took 0.398 seconds
[2025-04-20T20:18:45.371+0800] {processor.py:186} INFO - Started process (PID=68831) to work on /mnt/c/Users/wu_li/OneDrive/Desktop/Airflow_pract/venv/lib/python3.9/site-packages/airflow/example_dags/example_setup_teardown.py
[2025-04-20T20:18:45.374+0800] {processor.py:914} INFO - Processing file /mnt/c/Users/wu_li/OneDrive/Desktop/Airflow_pract/venv/lib/python3.9/site-packages/airflow/example_dags/example_setup_teardown.py for tasks to queue
[2025-04-20T20:18:45.379+0800] {logging_mixin.py:190} INFO - [2025-04-20T20:18:45.378+0800] {dagbag.py:588} INFO - Filling up the DagBag from /mnt/c/Users/wu_li/OneDrive/Desktop/Airflow_pract/venv/lib/python3.9/site-packages/airflow/example_dags/example_setup_teardown.py
[2025-04-20T20:18:45.487+0800] {processor.py:925} INFO - DAG(s) 'example_setup_teardown' retrieved from /mnt/c/Users/wu_li/OneDrive/Desktop/Airflow_pract/venv/lib/python3.9/site-packages/airflow/example_dags/example_setup_teardown.py
[2025-04-20T20:18:45.612+0800] {logging_mixin.py:190} INFO - [2025-04-20T20:18:45.595+0800] {dag.py:3239} INFO - Sync 1 DAGs
[2025-04-20T20:18:45.635+0800] {logging_mixin.py:190} INFO - [2025-04-20T20:18:45.634+0800] {dag.py:4180} INFO - Setting next_dagrun for example_setup_teardown to None, run_after=None
[2025-04-20T20:18:45.746+0800] {processor.py:208} INFO - Processing /mnt/c/Users/wu_li/OneDrive/Desktop/Airflow_pract/venv/lib/python3.9/site-packages/airflow/example_dags/example_setup_teardown.py took 0.415 seconds
[2025-04-20T20:20:29.940+0800] {processor.py:186} INFO - Started process (PID=69990) to work on /mnt/c/Users/wu_li/OneDrive/Desktop/Airflow_pract/venv/lib/python3.9/site-packages/airflow/example_dags/example_setup_teardown.py
[2025-04-20T20:20:29.945+0800] {processor.py:914} INFO - Processing file /mnt/c/Users/wu_li/OneDrive/Desktop/Airflow_pract/venv/lib/python3.9/site-packages/airflow/example_dags/example_setup_teardown.py for tasks to queue
[2025-04-20T20:20:29.950+0800] {logging_mixin.py:190} INFO - [2025-04-20T20:20:29.949+0800] {dagbag.py:588} INFO - Filling up the DagBag from /mnt/c/Users/wu_li/OneDrive/Desktop/Airflow_pract/venv/lib/python3.9/site-packages/airflow/example_dags/example_setup_teardown.py
[2025-04-20T20:20:30.092+0800] {processor.py:925} INFO - DAG(s) 'example_setup_teardown' retrieved from /mnt/c/Users/wu_li/OneDrive/Desktop/Airflow_pract/venv/lib/python3.9/site-packages/airflow/example_dags/example_setup_teardown.py
[2025-04-20T20:20:30.147+0800] {logging_mixin.py:190} INFO - [2025-04-20T20:20:30.143+0800] {dag.py:3239} INFO - Sync 1 DAGs
[2025-04-20T20:20:30.212+0800] {logging_mixin.py:190} INFO - [2025-04-20T20:20:30.210+0800] {dag.py:4180} INFO - Setting next_dagrun for example_setup_teardown to None, run_after=None
[2025-04-20T20:20:30.362+0800] {processor.py:208} INFO - Processing /mnt/c/Users/wu_li/OneDrive/Desktop/Airflow_pract/venv/lib/python3.9/site-packages/airflow/example_dags/example_setup_teardown.py took 0.443 seconds
[2025-04-20T20:22:31.562+0800] {processor.py:186} INFO - Started process (PID=70801) to work on /mnt/c/Users/wu_li/OneDrive/Desktop/Airflow_pract/venv/lib/python3.9/site-packages/airflow/example_dags/example_setup_teardown.py
[2025-04-20T20:22:31.565+0800] {processor.py:914} INFO - Processing file /mnt/c/Users/wu_li/OneDrive/Desktop/Airflow_pract/venv/lib/python3.9/site-packages/airflow/example_dags/example_setup_teardown.py for tasks to queue
[2025-04-20T20:22:31.570+0800] {logging_mixin.py:190} INFO - [2025-04-20T20:22:31.569+0800] {dagbag.py:588} INFO - Filling up the DagBag from /mnt/c/Users/wu_li/OneDrive/Desktop/Airflow_pract/venv/lib/python3.9/site-packages/airflow/example_dags/example_setup_teardown.py
[2025-04-20T20:22:31.699+0800] {processor.py:925} INFO - DAG(s) 'example_setup_teardown' retrieved from /mnt/c/Users/wu_li/OneDrive/Desktop/Airflow_pract/venv/lib/python3.9/site-packages/airflow/example_dags/example_setup_teardown.py
[2025-04-20T20:22:31.751+0800] {logging_mixin.py:190} INFO - [2025-04-20T20:22:31.749+0800] {dag.py:3239} INFO - Sync 1 DAGs
[2025-04-20T20:22:31.795+0800] {logging_mixin.py:190} INFO - [2025-04-20T20:22:31.792+0800] {dag.py:4180} INFO - Setting next_dagrun for example_setup_teardown to None, run_after=None
[2025-04-20T20:22:31.879+0800] {processor.py:208} INFO - Processing /mnt/c/Users/wu_li/OneDrive/Desktop/Airflow_pract/venv/lib/python3.9/site-packages/airflow/example_dags/example_setup_teardown.py took 0.335 seconds
[2025-04-20T20:24:24.086+0800] {processor.py:186} INFO - Started process (PID=71824) to work on /mnt/c/Users/wu_li/OneDrive/Desktop/Airflow_pract/venv/lib/python3.9/site-packages/airflow/example_dags/example_setup_teardown.py
[2025-04-20T20:24:24.090+0800] {processor.py:914} INFO - Processing file /mnt/c/Users/wu_li/OneDrive/Desktop/Airflow_pract/venv/lib/python3.9/site-packages/airflow/example_dags/example_setup_teardown.py for tasks to queue
[2025-04-20T20:24:24.115+0800] {logging_mixin.py:190} INFO - [2025-04-20T20:24:24.107+0800] {dagbag.py:588} INFO - Filling up the DagBag from /mnt/c/Users/wu_li/OneDrive/Desktop/Airflow_pract/venv/lib/python3.9/site-packages/airflow/example_dags/example_setup_teardown.py
[2025-04-20T20:24:24.237+0800] {processor.py:925} INFO - DAG(s) 'example_setup_teardown' retrieved from /mnt/c/Users/wu_li/OneDrive/Desktop/Airflow_pract/venv/lib/python3.9/site-packages/airflow/example_dags/example_setup_teardown.py
[2025-04-20T20:24:24.275+0800] {logging_mixin.py:190} INFO - [2025-04-20T20:24:24.274+0800] {dag.py:3239} INFO - Sync 1 DAGs
[2025-04-20T20:24:24.310+0800] {logging_mixin.py:190} INFO - [2025-04-20T20:24:24.309+0800] {dag.py:4180} INFO - Setting next_dagrun for example_setup_teardown to None, run_after=None
[2025-04-20T20:24:24.474+0800] {processor.py:208} INFO - Processing /mnt/c/Users/wu_li/OneDrive/Desktop/Airflow_pract/venv/lib/python3.9/site-packages/airflow/example_dags/example_setup_teardown.py took 0.421 seconds
[2025-04-20T20:26:23.590+0800] {processor.py:186} INFO - Started process (PID=72708) to work on /mnt/c/Users/wu_li/OneDrive/Desktop/Airflow_pract/venv/lib/python3.9/site-packages/airflow/example_dags/example_setup_teardown.py
[2025-04-20T20:26:23.593+0800] {processor.py:914} INFO - Processing file /mnt/c/Users/wu_li/OneDrive/Desktop/Airflow_pract/venv/lib/python3.9/site-packages/airflow/example_dags/example_setup_teardown.py for tasks to queue
[2025-04-20T20:26:23.600+0800] {logging_mixin.py:190} INFO - [2025-04-20T20:26:23.598+0800] {dagbag.py:588} INFO - Filling up the DagBag from /mnt/c/Users/wu_li/OneDrive/Desktop/Airflow_pract/venv/lib/python3.9/site-packages/airflow/example_dags/example_setup_teardown.py
[2025-04-20T20:26:23.708+0800] {processor.py:925} INFO - DAG(s) 'example_setup_teardown' retrieved from /mnt/c/Users/wu_li/OneDrive/Desktop/Airflow_pract/venv/lib/python3.9/site-packages/airflow/example_dags/example_setup_teardown.py
[2025-04-20T20:26:23.771+0800] {logging_mixin.py:190} INFO - [2025-04-20T20:26:23.769+0800] {dag.py:3239} INFO - Sync 1 DAGs
[2025-04-20T20:26:23.812+0800] {logging_mixin.py:190} INFO - [2025-04-20T20:26:23.811+0800] {dag.py:4180} INFO - Setting next_dagrun for example_setup_teardown to None, run_after=None
[2025-04-20T20:26:23.903+0800] {processor.py:208} INFO - Processing /mnt/c/Users/wu_li/OneDrive/Desktop/Airflow_pract/venv/lib/python3.9/site-packages/airflow/example_dags/example_setup_teardown.py took 0.335 seconds
[2025-04-20T20:36:31.308+0800] {processor.py:186} INFO - Started process (PID=77177) to work on /mnt/c/Users/wu_li/OneDrive/Desktop/Airflow_pract/venv/lib/python3.9/site-packages/airflow/example_dags/example_setup_teardown.py
[2025-04-20T20:36:31.314+0800] {processor.py:914} INFO - Processing file /mnt/c/Users/wu_li/OneDrive/Desktop/Airflow_pract/venv/lib/python3.9/site-packages/airflow/example_dags/example_setup_teardown.py for tasks to queue
[2025-04-20T20:36:31.319+0800] {logging_mixin.py:190} INFO - [2025-04-20T20:36:31.317+0800] {dagbag.py:588} INFO - Filling up the DagBag from /mnt/c/Users/wu_li/OneDrive/Desktop/Airflow_pract/venv/lib/python3.9/site-packages/airflow/example_dags/example_setup_teardown.py
[2025-04-20T20:36:31.393+0800] {processor.py:925} INFO - DAG(s) 'example_setup_teardown' retrieved from /mnt/c/Users/wu_li/OneDrive/Desktop/Airflow_pract/venv/lib/python3.9/site-packages/airflow/example_dags/example_setup_teardown.py
[2025-04-20T20:36:31.489+0800] {logging_mixin.py:190} INFO - [2025-04-20T20:36:31.488+0800] {dag.py:3239} INFO - Sync 1 DAGs
[2025-04-20T20:36:31.546+0800] {logging_mixin.py:190} INFO - [2025-04-20T20:36:31.540+0800] {dag.py:4180} INFO - Setting next_dagrun for example_setup_teardown to None, run_after=None
[2025-04-20T20:36:31.666+0800] {processor.py:208} INFO - Processing /mnt/c/Users/wu_li/OneDrive/Desktop/Airflow_pract/venv/lib/python3.9/site-packages/airflow/example_dags/example_setup_teardown.py took 0.391 seconds
[2025-04-20T20:37:54.798+0800] {processor.py:186} INFO - Started process (PID=77888) to work on /mnt/c/Users/wu_li/OneDrive/Desktop/Airflow_pract/venv/lib/python3.9/site-packages/airflow/example_dags/example_setup_teardown.py
[2025-04-20T20:37:54.800+0800] {processor.py:914} INFO - Processing file /mnt/c/Users/wu_li/OneDrive/Desktop/Airflow_pract/venv/lib/python3.9/site-packages/airflow/example_dags/example_setup_teardown.py for tasks to queue
[2025-04-20T20:37:54.803+0800] {logging_mixin.py:190} INFO - [2025-04-20T20:37:54.801+0800] {dagbag.py:588} INFO - Filling up the DagBag from /mnt/c/Users/wu_li/OneDrive/Desktop/Airflow_pract/venv/lib/python3.9/site-packages/airflow/example_dags/example_setup_teardown.py
[2025-04-20T20:37:54.828+0800] {processor.py:925} INFO - DAG(s) 'example_setup_teardown' retrieved from /mnt/c/Users/wu_li/OneDrive/Desktop/Airflow_pract/venv/lib/python3.9/site-packages/airflow/example_dags/example_setup_teardown.py
[2025-04-20T20:37:54.854+0800] {logging_mixin.py:190} INFO - [2025-04-20T20:37:54.854+0800] {dag.py:3239} INFO - Sync 1 DAGs
[2025-04-20T20:37:54.869+0800] {logging_mixin.py:190} INFO - [2025-04-20T20:37:54.868+0800] {dag.py:4180} INFO - Setting next_dagrun for example_setup_teardown to None, run_after=None
[2025-04-20T20:37:54.928+0800] {processor.py:208} INFO - Processing /mnt/c/Users/wu_li/OneDrive/Desktop/Airflow_pract/venv/lib/python3.9/site-packages/airflow/example_dags/example_setup_teardown.py took 0.143 seconds
[2025-04-20T20:39:18.794+0800] {processor.py:186} INFO - Started process (PID=79037) to work on /mnt/c/Users/wu_li/OneDrive/Desktop/Airflow_pract/venv/lib/python3.9/site-packages/airflow/example_dags/example_setup_teardown.py
[2025-04-20T20:39:18.796+0800] {processor.py:914} INFO - Processing file /mnt/c/Users/wu_li/OneDrive/Desktop/Airflow_pract/venv/lib/python3.9/site-packages/airflow/example_dags/example_setup_teardown.py for tasks to queue
[2025-04-20T20:39:18.799+0800] {logging_mixin.py:190} INFO - [2025-04-20T20:39:18.797+0800] {dagbag.py:588} INFO - Filling up the DagBag from /mnt/c/Users/wu_li/OneDrive/Desktop/Airflow_pract/venv/lib/python3.9/site-packages/airflow/example_dags/example_setup_teardown.py
[2025-04-20T20:39:18.828+0800] {processor.py:925} INFO - DAG(s) 'example_setup_teardown' retrieved from /mnt/c/Users/wu_li/OneDrive/Desktop/Airflow_pract/venv/lib/python3.9/site-packages/airflow/example_dags/example_setup_teardown.py
[2025-04-20T20:39:18.875+0800] {logging_mixin.py:190} INFO - [2025-04-20T20:39:18.872+0800] {dag.py:3239} INFO - Sync 1 DAGs
[2025-04-20T20:39:18.902+0800] {logging_mixin.py:190} INFO - [2025-04-20T20:39:18.901+0800] {dag.py:4180} INFO - Setting next_dagrun for example_setup_teardown to None, run_after=None
[2025-04-20T20:39:19.004+0800] {processor.py:208} INFO - Processing /mnt/c/Users/wu_li/OneDrive/Desktop/Airflow_pract/venv/lib/python3.9/site-packages/airflow/example_dags/example_setup_teardown.py took 0.226 seconds
[2025-04-20T20:41:09.264+0800] {processor.py:186} INFO - Started process (PID=79978) to work on /mnt/c/Users/wu_li/OneDrive/Desktop/Airflow_pract/venv/lib/python3.9/site-packages/airflow/example_dags/example_setup_teardown.py
[2025-04-20T20:41:09.267+0800] {processor.py:914} INFO - Processing file /mnt/c/Users/wu_li/OneDrive/Desktop/Airflow_pract/venv/lib/python3.9/site-packages/airflow/example_dags/example_setup_teardown.py for tasks to queue
[2025-04-20T20:41:09.290+0800] {logging_mixin.py:190} INFO - [2025-04-20T20:41:09.270+0800] {dagbag.py:588} INFO - Filling up the DagBag from /mnt/c/Users/wu_li/OneDrive/Desktop/Airflow_pract/venv/lib/python3.9/site-packages/airflow/example_dags/example_setup_teardown.py
[2025-04-20T20:41:09.331+0800] {processor.py:925} INFO - DAG(s) 'example_setup_teardown' retrieved from /mnt/c/Users/wu_li/OneDrive/Desktop/Airflow_pract/venv/lib/python3.9/site-packages/airflow/example_dags/example_setup_teardown.py
[2025-04-20T20:41:09.397+0800] {logging_mixin.py:190} INFO - [2025-04-20T20:41:09.395+0800] {dag.py:3239} INFO - Sync 1 DAGs
[2025-04-20T20:41:09.455+0800] {logging_mixin.py:190} INFO - [2025-04-20T20:41:09.453+0800] {dag.py:4180} INFO - Setting next_dagrun for example_setup_teardown to None, run_after=None
[2025-04-20T20:41:09.586+0800] {processor.py:208} INFO - Processing /mnt/c/Users/wu_li/OneDrive/Desktop/Airflow_pract/venv/lib/python3.9/site-packages/airflow/example_dags/example_setup_teardown.py took 0.351 seconds
[2025-04-20T20:42:57.816+0800] {processor.py:186} INFO - Started process (PID=80921) to work on /mnt/c/Users/wu_li/OneDrive/Desktop/Airflow_pract/venv/lib/python3.9/site-packages/airflow/example_dags/example_setup_teardown.py
[2025-04-20T20:42:57.819+0800] {processor.py:914} INFO - Processing file /mnt/c/Users/wu_li/OneDrive/Desktop/Airflow_pract/venv/lib/python3.9/site-packages/airflow/example_dags/example_setup_teardown.py for tasks to queue
[2025-04-20T20:42:57.826+0800] {logging_mixin.py:190} INFO - [2025-04-20T20:42:57.824+0800] {dagbag.py:588} INFO - Filling up the DagBag from /mnt/c/Users/wu_li/OneDrive/Desktop/Airflow_pract/venv/lib/python3.9/site-packages/airflow/example_dags/example_setup_teardown.py
[2025-04-20T20:42:57.862+0800] {processor.py:925} INFO - DAG(s) 'example_setup_teardown' retrieved from /mnt/c/Users/wu_li/OneDrive/Desktop/Airflow_pract/venv/lib/python3.9/site-packages/airflow/example_dags/example_setup_teardown.py
[2025-04-20T20:42:57.920+0800] {logging_mixin.py:190} INFO - [2025-04-20T20:42:57.918+0800] {dag.py:3239} INFO - Sync 1 DAGs
[2025-04-20T20:42:57.957+0800] {logging_mixin.py:190} INFO - [2025-04-20T20:42:57.955+0800] {dag.py:4180} INFO - Setting next_dagrun for example_setup_teardown to None, run_after=None
[2025-04-20T20:42:58.070+0800] {processor.py:208} INFO - Processing /mnt/c/Users/wu_li/OneDrive/Desktop/Airflow_pract/venv/lib/python3.9/site-packages/airflow/example_dags/example_setup_teardown.py took 0.276 seconds
[2025-04-20T20:44:33.302+0800] {processor.py:186} INFO - Started process (PID=81862) to work on /mnt/c/Users/wu_li/OneDrive/Desktop/Airflow_pract/venv/lib/python3.9/site-packages/airflow/example_dags/example_setup_teardown.py
[2025-04-20T20:44:33.303+0800] {processor.py:914} INFO - Processing file /mnt/c/Users/wu_li/OneDrive/Desktop/Airflow_pract/venv/lib/python3.9/site-packages/airflow/example_dags/example_setup_teardown.py for tasks to queue
[2025-04-20T20:44:33.306+0800] {logging_mixin.py:190} INFO - [2025-04-20T20:44:33.305+0800] {dagbag.py:588} INFO - Filling up the DagBag from /mnt/c/Users/wu_li/OneDrive/Desktop/Airflow_pract/venv/lib/python3.9/site-packages/airflow/example_dags/example_setup_teardown.py
[2025-04-20T20:44:33.329+0800] {processor.py:925} INFO - DAG(s) 'example_setup_teardown' retrieved from /mnt/c/Users/wu_li/OneDrive/Desktop/Airflow_pract/venv/lib/python3.9/site-packages/airflow/example_dags/example_setup_teardown.py
[2025-04-20T20:44:33.360+0800] {logging_mixin.py:190} INFO - [2025-04-20T20:44:33.359+0800] {dag.py:3239} INFO - Sync 1 DAGs
[2025-04-20T20:44:33.376+0800] {logging_mixin.py:190} INFO - [2025-04-20T20:44:33.375+0800] {dag.py:4180} INFO - Setting next_dagrun for example_setup_teardown to None, run_after=None
[2025-04-20T20:44:33.439+0800] {processor.py:208} INFO - Processing /mnt/c/Users/wu_li/OneDrive/Desktop/Airflow_pract/venv/lib/python3.9/site-packages/airflow/example_dags/example_setup_teardown.py took 0.152 seconds
[2025-04-20T20:46:22.274+0800] {processor.py:186} INFO - Started process (PID=82728) to work on /mnt/c/Users/wu_li/OneDrive/Desktop/Airflow_pract/venv/lib/python3.9/site-packages/airflow/example_dags/example_setup_teardown.py
[2025-04-20T20:46:22.281+0800] {processor.py:914} INFO - Processing file /mnt/c/Users/wu_li/OneDrive/Desktop/Airflow_pract/venv/lib/python3.9/site-packages/airflow/example_dags/example_setup_teardown.py for tasks to queue
[2025-04-20T20:46:22.285+0800] {logging_mixin.py:190} INFO - [2025-04-20T20:46:22.284+0800] {dagbag.py:588} INFO - Filling up the DagBag from /mnt/c/Users/wu_li/OneDrive/Desktop/Airflow_pract/venv/lib/python3.9/site-packages/airflow/example_dags/example_setup_teardown.py
[2025-04-20T20:46:22.327+0800] {processor.py:925} INFO - DAG(s) 'example_setup_teardown' retrieved from /mnt/c/Users/wu_li/OneDrive/Desktop/Airflow_pract/venv/lib/python3.9/site-packages/airflow/example_dags/example_setup_teardown.py
[2025-04-20T20:46:22.400+0800] {logging_mixin.py:190} INFO - [2025-04-20T20:46:22.398+0800] {dag.py:3239} INFO - Sync 1 DAGs
[2025-04-20T20:46:22.472+0800] {logging_mixin.py:190} INFO - [2025-04-20T20:46:22.467+0800] {dag.py:4180} INFO - Setting next_dagrun for example_setup_teardown to None, run_after=None
[2025-04-20T20:46:22.594+0800] {processor.py:208} INFO - Processing /mnt/c/Users/wu_li/OneDrive/Desktop/Airflow_pract/venv/lib/python3.9/site-packages/airflow/example_dags/example_setup_teardown.py took 0.344 seconds
[2025-04-20T20:48:07.670+0800] {processor.py:186} INFO - Started process (PID=83670) to work on /mnt/c/Users/wu_li/OneDrive/Desktop/Airflow_pract/venv/lib/python3.9/site-packages/airflow/example_dags/example_setup_teardown.py
[2025-04-20T20:48:07.672+0800] {processor.py:914} INFO - Processing file /mnt/c/Users/wu_li/OneDrive/Desktop/Airflow_pract/venv/lib/python3.9/site-packages/airflow/example_dags/example_setup_teardown.py for tasks to queue
[2025-04-20T20:48:07.676+0800] {logging_mixin.py:190} INFO - [2025-04-20T20:48:07.675+0800] {dagbag.py:588} INFO - Filling up the DagBag from /mnt/c/Users/wu_li/OneDrive/Desktop/Airflow_pract/venv/lib/python3.9/site-packages/airflow/example_dags/example_setup_teardown.py
[2025-04-20T20:48:07.708+0800] {processor.py:925} INFO - DAG(s) 'example_setup_teardown' retrieved from /mnt/c/Users/wu_li/OneDrive/Desktop/Airflow_pract/venv/lib/python3.9/site-packages/airflow/example_dags/example_setup_teardown.py
[2025-04-20T20:48:07.761+0800] {logging_mixin.py:190} INFO - [2025-04-20T20:48:07.754+0800] {dag.py:3239} INFO - Sync 1 DAGs
[2025-04-20T20:48:07.791+0800] {logging_mixin.py:190} INFO - [2025-04-20T20:48:07.789+0800] {dag.py:4180} INFO - Setting next_dagrun for example_setup_teardown to None, run_after=None
[2025-04-20T20:48:07.900+0800] {processor.py:208} INFO - Processing /mnt/c/Users/wu_li/OneDrive/Desktop/Airflow_pract/venv/lib/python3.9/site-packages/airflow/example_dags/example_setup_teardown.py took 0.249 seconds
[2025-04-20T20:49:58.847+0800] {processor.py:186} INFO - Started process (PID=84541) to work on /mnt/c/Users/wu_li/OneDrive/Desktop/Airflow_pract/venv/lib/python3.9/site-packages/airflow/example_dags/example_setup_teardown.py
[2025-04-20T20:49:58.849+0800] {processor.py:914} INFO - Processing file /mnt/c/Users/wu_li/OneDrive/Desktop/Airflow_pract/venv/lib/python3.9/site-packages/airflow/example_dags/example_setup_teardown.py for tasks to queue
[2025-04-20T20:49:58.852+0800] {logging_mixin.py:190} INFO - [2025-04-20T20:49:58.851+0800] {dagbag.py:588} INFO - Filling up the DagBag from /mnt/c/Users/wu_li/OneDrive/Desktop/Airflow_pract/venv/lib/python3.9/site-packages/airflow/example_dags/example_setup_teardown.py
[2025-04-20T20:49:58.883+0800] {processor.py:925} INFO - DAG(s) 'example_setup_teardown' retrieved from /mnt/c/Users/wu_li/OneDrive/Desktop/Airflow_pract/venv/lib/python3.9/site-packages/airflow/example_dags/example_setup_teardown.py
[2025-04-20T20:49:58.917+0800] {logging_mixin.py:190} INFO - [2025-04-20T20:49:58.916+0800] {dag.py:3239} INFO - Sync 1 DAGs
[2025-04-20T20:49:58.934+0800] {logging_mixin.py:190} INFO - [2025-04-20T20:49:58.933+0800] {dag.py:4180} INFO - Setting next_dagrun for example_setup_teardown to None, run_after=None
[2025-04-20T20:49:59.001+0800] {processor.py:208} INFO - Processing /mnt/c/Users/wu_li/OneDrive/Desktop/Airflow_pract/venv/lib/python3.9/site-packages/airflow/example_dags/example_setup_teardown.py took 0.170 seconds
[2025-04-20T20:51:56.087+0800] {processor.py:186} INFO - Started process (PID=85407) to work on /mnt/c/Users/wu_li/OneDrive/Desktop/Airflow_pract/venv/lib/python3.9/site-packages/airflow/example_dags/example_setup_teardown.py
[2025-04-20T20:51:56.103+0800] {processor.py:914} INFO - Processing file /mnt/c/Users/wu_li/OneDrive/Desktop/Airflow_pract/venv/lib/python3.9/site-packages/airflow/example_dags/example_setup_teardown.py for tasks to queue
[2025-04-20T20:51:56.112+0800] {logging_mixin.py:190} INFO - [2025-04-20T20:51:56.109+0800] {dagbag.py:588} INFO - Filling up the DagBag from /mnt/c/Users/wu_li/OneDrive/Desktop/Airflow_pract/venv/lib/python3.9/site-packages/airflow/example_dags/example_setup_teardown.py
[2025-04-20T20:51:56.304+0800] {processor.py:925} INFO - DAG(s) 'example_setup_teardown' retrieved from /mnt/c/Users/wu_li/OneDrive/Desktop/Airflow_pract/venv/lib/python3.9/site-packages/airflow/example_dags/example_setup_teardown.py
[2025-04-20T20:51:56.499+0800] {logging_mixin.py:190} INFO - [2025-04-20T20:51:56.484+0800] {dag.py:3239} INFO - Sync 1 DAGs
[2025-04-20T20:51:56.590+0800] {logging_mixin.py:190} INFO - [2025-04-20T20:51:56.588+0800] {dag.py:4180} INFO - Setting next_dagrun for example_setup_teardown to None, run_after=None
[2025-04-20T20:51:56.807+0800] {processor.py:208} INFO - Processing /mnt/c/Users/wu_li/OneDrive/Desktop/Airflow_pract/venv/lib/python3.9/site-packages/airflow/example_dags/example_setup_teardown.py took 0.767 seconds
[2025-04-20T20:53:40.142+0800] {processor.py:186} INFO - Started process (PID=86494) to work on /mnt/c/Users/wu_li/OneDrive/Desktop/Airflow_pract/venv/lib/python3.9/site-packages/airflow/example_dags/example_setup_teardown.py
[2025-04-20T20:53:40.143+0800] {processor.py:914} INFO - Processing file /mnt/c/Users/wu_li/OneDrive/Desktop/Airflow_pract/venv/lib/python3.9/site-packages/airflow/example_dags/example_setup_teardown.py for tasks to queue
[2025-04-20T20:53:40.146+0800] {logging_mixin.py:190} INFO - [2025-04-20T20:53:40.145+0800] {dagbag.py:588} INFO - Filling up the DagBag from /mnt/c/Users/wu_li/OneDrive/Desktop/Airflow_pract/venv/lib/python3.9/site-packages/airflow/example_dags/example_setup_teardown.py
[2025-04-20T20:53:40.169+0800] {processor.py:925} INFO - DAG(s) 'example_setup_teardown' retrieved from /mnt/c/Users/wu_li/OneDrive/Desktop/Airflow_pract/venv/lib/python3.9/site-packages/airflow/example_dags/example_setup_teardown.py
[2025-04-20T20:53:40.194+0800] {logging_mixin.py:190} INFO - [2025-04-20T20:53:40.193+0800] {dag.py:3239} INFO - Sync 1 DAGs
[2025-04-20T20:53:40.208+0800] {logging_mixin.py:190} INFO - [2025-04-20T20:53:40.207+0800] {dag.py:4180} INFO - Setting next_dagrun for example_setup_teardown to None, run_after=None
[2025-04-20T20:53:40.298+0800] {processor.py:208} INFO - Processing /mnt/c/Users/wu_li/OneDrive/Desktop/Airflow_pract/venv/lib/python3.9/site-packages/airflow/example_dags/example_setup_teardown.py took 0.169 seconds
[2025-04-20T20:55:05.241+0800] {processor.py:186} INFO - Started process (PID=87325) to work on /mnt/c/Users/wu_li/OneDrive/Desktop/Airflow_pract/venv/lib/python3.9/site-packages/airflow/example_dags/example_setup_teardown.py
[2025-04-20T20:55:05.245+0800] {processor.py:914} INFO - Processing file /mnt/c/Users/wu_li/OneDrive/Desktop/Airflow_pract/venv/lib/python3.9/site-packages/airflow/example_dags/example_setup_teardown.py for tasks to queue
[2025-04-20T20:55:05.249+0800] {logging_mixin.py:190} INFO - [2025-04-20T20:55:05.246+0800] {dagbag.py:588} INFO - Filling up the DagBag from /mnt/c/Users/wu_li/OneDrive/Desktop/Airflow_pract/venv/lib/python3.9/site-packages/airflow/example_dags/example_setup_teardown.py
[2025-04-20T20:55:05.286+0800] {processor.py:925} INFO - DAG(s) 'example_setup_teardown' retrieved from /mnt/c/Users/wu_li/OneDrive/Desktop/Airflow_pract/venv/lib/python3.9/site-packages/airflow/example_dags/example_setup_teardown.py
[2025-04-20T20:55:05.314+0800] {logging_mixin.py:190} INFO - [2025-04-20T20:55:05.314+0800] {dag.py:3239} INFO - Sync 1 DAGs
[2025-04-20T20:55:05.333+0800] {logging_mixin.py:190} INFO - [2025-04-20T20:55:05.332+0800] {dag.py:4180} INFO - Setting next_dagrun for example_setup_teardown to None, run_after=None
[2025-04-20T20:55:05.412+0800] {processor.py:208} INFO - Processing /mnt/c/Users/wu_li/OneDrive/Desktop/Airflow_pract/venv/lib/python3.9/site-packages/airflow/example_dags/example_setup_teardown.py took 0.187 seconds
[2025-04-20T20:56:35.504+0800] {processor.py:186} INFO - Started process (PID=88363) to work on /mnt/c/Users/wu_li/OneDrive/Desktop/Airflow_pract/venv/lib/python3.9/site-packages/airflow/example_dags/example_setup_teardown.py
[2025-04-20T20:56:35.506+0800] {processor.py:914} INFO - Processing file /mnt/c/Users/wu_li/OneDrive/Desktop/Airflow_pract/venv/lib/python3.9/site-packages/airflow/example_dags/example_setup_teardown.py for tasks to queue
[2025-04-20T20:56:35.508+0800] {logging_mixin.py:190} INFO - [2025-04-20T20:56:35.507+0800] {dagbag.py:588} INFO - Filling up the DagBag from /mnt/c/Users/wu_li/OneDrive/Desktop/Airflow_pract/venv/lib/python3.9/site-packages/airflow/example_dags/example_setup_teardown.py
[2025-04-20T20:56:35.530+0800] {processor.py:925} INFO - DAG(s) 'example_setup_teardown' retrieved from /mnt/c/Users/wu_li/OneDrive/Desktop/Airflow_pract/venv/lib/python3.9/site-packages/airflow/example_dags/example_setup_teardown.py
[2025-04-20T20:56:35.559+0800] {logging_mixin.py:190} INFO - [2025-04-20T20:56:35.558+0800] {dag.py:3239} INFO - Sync 1 DAGs
[2025-04-20T20:56:35.576+0800] {logging_mixin.py:190} INFO - [2025-04-20T20:56:35.574+0800] {dag.py:4180} INFO - Setting next_dagrun for example_setup_teardown to None, run_after=None
[2025-04-20T20:56:35.634+0800] {processor.py:208} INFO - Processing /mnt/c/Users/wu_li/OneDrive/Desktop/Airflow_pract/venv/lib/python3.9/site-packages/airflow/example_dags/example_setup_teardown.py took 0.142 seconds
[2025-04-20T20:58:05.211+0800] {processor.py:186} INFO - Started process (PID=89444) to work on /mnt/c/Users/wu_li/OneDrive/Desktop/Airflow_pract/venv/lib/python3.9/site-packages/airflow/example_dags/example_setup_teardown.py
[2025-04-20T20:58:05.214+0800] {processor.py:914} INFO - Processing file /mnt/c/Users/wu_li/OneDrive/Desktop/Airflow_pract/venv/lib/python3.9/site-packages/airflow/example_dags/example_setup_teardown.py for tasks to queue
[2025-04-20T20:58:05.219+0800] {logging_mixin.py:190} INFO - [2025-04-20T20:58:05.218+0800] {dagbag.py:588} INFO - Filling up the DagBag from /mnt/c/Users/wu_li/OneDrive/Desktop/Airflow_pract/venv/lib/python3.9/site-packages/airflow/example_dags/example_setup_teardown.py
[2025-04-20T20:58:05.253+0800] {processor.py:925} INFO - DAG(s) 'example_setup_teardown' retrieved from /mnt/c/Users/wu_li/OneDrive/Desktop/Airflow_pract/venv/lib/python3.9/site-packages/airflow/example_dags/example_setup_teardown.py
[2025-04-20T20:58:05.303+0800] {logging_mixin.py:190} INFO - [2025-04-20T20:58:05.301+0800] {dag.py:3239} INFO - Sync 1 DAGs
[2025-04-20T20:58:05.346+0800] {logging_mixin.py:190} INFO - [2025-04-20T20:58:05.340+0800] {dag.py:4180} INFO - Setting next_dagrun for example_setup_teardown to None, run_after=None
[2025-04-20T20:58:05.444+0800] {processor.py:208} INFO - Processing /mnt/c/Users/wu_li/OneDrive/Desktop/Airflow_pract/venv/lib/python3.9/site-packages/airflow/example_dags/example_setup_teardown.py took 0.250 seconds
[2025-04-20T20:59:34.306+0800] {processor.py:186} INFO - Started process (PID=90450) to work on /mnt/c/Users/wu_li/OneDrive/Desktop/Airflow_pract/venv/lib/python3.9/site-packages/airflow/example_dags/example_setup_teardown.py
[2025-04-20T20:59:34.308+0800] {processor.py:914} INFO - Processing file /mnt/c/Users/wu_li/OneDrive/Desktop/Airflow_pract/venv/lib/python3.9/site-packages/airflow/example_dags/example_setup_teardown.py for tasks to queue
[2025-04-20T20:59:34.312+0800] {logging_mixin.py:190} INFO - [2025-04-20T20:59:34.310+0800] {dagbag.py:588} INFO - Filling up the DagBag from /mnt/c/Users/wu_li/OneDrive/Desktop/Airflow_pract/venv/lib/python3.9/site-packages/airflow/example_dags/example_setup_teardown.py
[2025-04-20T20:59:34.343+0800] {processor.py:925} INFO - DAG(s) 'example_setup_teardown' retrieved from /mnt/c/Users/wu_li/OneDrive/Desktop/Airflow_pract/venv/lib/python3.9/site-packages/airflow/example_dags/example_setup_teardown.py
[2025-04-20T20:59:34.388+0800] {logging_mixin.py:190} INFO - [2025-04-20T20:59:34.387+0800] {dag.py:3239} INFO - Sync 1 DAGs
[2025-04-20T20:59:34.426+0800] {logging_mixin.py:190} INFO - [2025-04-20T20:59:34.424+0800] {dag.py:4180} INFO - Setting next_dagrun for example_setup_teardown to None, run_after=None
[2025-04-20T20:59:34.508+0800] {processor.py:208} INFO - Processing /mnt/c/Users/wu_li/OneDrive/Desktop/Airflow_pract/venv/lib/python3.9/site-packages/airflow/example_dags/example_setup_teardown.py took 0.220 seconds
[2025-04-20T21:01:04.007+0800] {processor.py:186} INFO - Started process (PID=91461) to work on /mnt/c/Users/wu_li/OneDrive/Desktop/Airflow_pract/venv/lib/python3.9/site-packages/airflow/example_dags/example_setup_teardown.py
[2025-04-20T21:01:04.008+0800] {processor.py:914} INFO - Processing file /mnt/c/Users/wu_li/OneDrive/Desktop/Airflow_pract/venv/lib/python3.9/site-packages/airflow/example_dags/example_setup_teardown.py for tasks to queue
[2025-04-20T21:01:04.010+0800] {logging_mixin.py:190} INFO - [2025-04-20T21:01:04.009+0800] {dagbag.py:588} INFO - Filling up the DagBag from /mnt/c/Users/wu_li/OneDrive/Desktop/Airflow_pract/venv/lib/python3.9/site-packages/airflow/example_dags/example_setup_teardown.py
[2025-04-20T21:01:04.030+0800] {processor.py:925} INFO - DAG(s) 'example_setup_teardown' retrieved from /mnt/c/Users/wu_li/OneDrive/Desktop/Airflow_pract/venv/lib/python3.9/site-packages/airflow/example_dags/example_setup_teardown.py
[2025-04-20T21:01:04.054+0800] {logging_mixin.py:190} INFO - [2025-04-20T21:01:04.053+0800] {dag.py:3239} INFO - Sync 1 DAGs
[2025-04-20T21:01:04.067+0800] {logging_mixin.py:190} INFO - [2025-04-20T21:01:04.066+0800] {dag.py:4180} INFO - Setting next_dagrun for example_setup_teardown to None, run_after=None
[2025-04-20T21:01:04.126+0800] {processor.py:208} INFO - Processing /mnt/c/Users/wu_li/OneDrive/Desktop/Airflow_pract/venv/lib/python3.9/site-packages/airflow/example_dags/example_setup_teardown.py took 0.130 seconds
[2025-04-20T21:02:33.758+0800] {processor.py:186} INFO - Started process (PID=92466) to work on /mnt/c/Users/wu_li/OneDrive/Desktop/Airflow_pract/venv/lib/python3.9/site-packages/airflow/example_dags/example_setup_teardown.py
[2025-04-20T21:02:33.761+0800] {processor.py:914} INFO - Processing file /mnt/c/Users/wu_li/OneDrive/Desktop/Airflow_pract/venv/lib/python3.9/site-packages/airflow/example_dags/example_setup_teardown.py for tasks to queue
[2025-04-20T21:02:33.765+0800] {logging_mixin.py:190} INFO - [2025-04-20T21:02:33.764+0800] {dagbag.py:588} INFO - Filling up the DagBag from /mnt/c/Users/wu_li/OneDrive/Desktop/Airflow_pract/venv/lib/python3.9/site-packages/airflow/example_dags/example_setup_teardown.py
[2025-04-20T21:02:33.800+0800] {processor.py:925} INFO - DAG(s) 'example_setup_teardown' retrieved from /mnt/c/Users/wu_li/OneDrive/Desktop/Airflow_pract/venv/lib/python3.9/site-packages/airflow/example_dags/example_setup_teardown.py
[2025-04-20T21:02:33.848+0800] {logging_mixin.py:190} INFO - [2025-04-20T21:02:33.846+0800] {dag.py:3239} INFO - Sync 1 DAGs
[2025-04-20T21:02:33.885+0800] {logging_mixin.py:190} INFO - [2025-04-20T21:02:33.883+0800] {dag.py:4180} INFO - Setting next_dagrun for example_setup_teardown to None, run_after=None
[2025-04-20T21:02:33.980+0800] {processor.py:208} INFO - Processing /mnt/c/Users/wu_li/OneDrive/Desktop/Airflow_pract/venv/lib/python3.9/site-packages/airflow/example_dags/example_setup_teardown.py took 0.240 seconds
[2025-04-20T21:04:00.952+0800] {processor.py:186} INFO - Started process (PID=93544) to work on /mnt/c/Users/wu_li/OneDrive/Desktop/Airflow_pract/venv/lib/python3.9/site-packages/airflow/example_dags/example_setup_teardown.py
[2025-04-20T21:04:00.954+0800] {processor.py:914} INFO - Processing file /mnt/c/Users/wu_li/OneDrive/Desktop/Airflow_pract/venv/lib/python3.9/site-packages/airflow/example_dags/example_setup_teardown.py for tasks to queue
[2025-04-20T21:04:00.958+0800] {logging_mixin.py:190} INFO - [2025-04-20T21:04:00.957+0800] {dagbag.py:588} INFO - Filling up the DagBag from /mnt/c/Users/wu_li/OneDrive/Desktop/Airflow_pract/venv/lib/python3.9/site-packages/airflow/example_dags/example_setup_teardown.py
[2025-04-20T21:04:00.989+0800] {processor.py:925} INFO - DAG(s) 'example_setup_teardown' retrieved from /mnt/c/Users/wu_li/OneDrive/Desktop/Airflow_pract/venv/lib/python3.9/site-packages/airflow/example_dags/example_setup_teardown.py
[2025-04-20T21:04:01.049+0800] {logging_mixin.py:190} INFO - [2025-04-20T21:04:01.043+0800] {dag.py:3239} INFO - Sync 1 DAGs
[2025-04-20T21:04:01.084+0800] {logging_mixin.py:190} INFO - [2025-04-20T21:04:01.083+0800] {dag.py:4180} INFO - Setting next_dagrun for example_setup_teardown to None, run_after=None
[2025-04-20T21:04:01.176+0800] {processor.py:208} INFO - Processing /mnt/c/Users/wu_li/OneDrive/Desktop/Airflow_pract/venv/lib/python3.9/site-packages/airflow/example_dags/example_setup_teardown.py took 0.242 seconds
[2025-04-20T21:05:29.687+0800] {processor.py:186} INFO - Started process (PID=94556) to work on /mnt/c/Users/wu_li/OneDrive/Desktop/Airflow_pract/venv/lib/python3.9/site-packages/airflow/example_dags/example_setup_teardown.py
[2025-04-20T21:05:29.689+0800] {processor.py:914} INFO - Processing file /mnt/c/Users/wu_li/OneDrive/Desktop/Airflow_pract/venv/lib/python3.9/site-packages/airflow/example_dags/example_setup_teardown.py for tasks to queue
[2025-04-20T21:05:29.691+0800] {logging_mixin.py:190} INFO - [2025-04-20T21:05:29.690+0800] {dagbag.py:588} INFO - Filling up the DagBag from /mnt/c/Users/wu_li/OneDrive/Desktop/Airflow_pract/venv/lib/python3.9/site-packages/airflow/example_dags/example_setup_teardown.py
[2025-04-20T21:05:29.711+0800] {processor.py:925} INFO - DAG(s) 'example_setup_teardown' retrieved from /mnt/c/Users/wu_li/OneDrive/Desktop/Airflow_pract/venv/lib/python3.9/site-packages/airflow/example_dags/example_setup_teardown.py
[2025-04-20T21:05:29.737+0800] {logging_mixin.py:190} INFO - [2025-04-20T21:05:29.736+0800] {dag.py:3239} INFO - Sync 1 DAGs
[2025-04-20T21:05:29.751+0800] {logging_mixin.py:190} INFO - [2025-04-20T21:05:29.750+0800] {dag.py:4180} INFO - Setting next_dagrun for example_setup_teardown to None, run_after=None
[2025-04-20T21:05:29.809+0800] {processor.py:208} INFO - Processing /mnt/c/Users/wu_li/OneDrive/Desktop/Airflow_pract/venv/lib/python3.9/site-packages/airflow/example_dags/example_setup_teardown.py took 0.132 seconds
[2025-04-20T21:07:05.334+0800] {processor.py:186} INFO - Started process (PID=95708) to work on /mnt/c/Users/wu_li/OneDrive/Desktop/Airflow_pract/venv/lib/python3.9/site-packages/airflow/example_dags/example_setup_teardown.py
[2025-04-20T21:07:05.335+0800] {processor.py:914} INFO - Processing file /mnt/c/Users/wu_li/OneDrive/Desktop/Airflow_pract/venv/lib/python3.9/site-packages/airflow/example_dags/example_setup_teardown.py for tasks to queue
[2025-04-20T21:07:05.338+0800] {logging_mixin.py:190} INFO - [2025-04-20T21:07:05.337+0800] {dagbag.py:588} INFO - Filling up the DagBag from /mnt/c/Users/wu_li/OneDrive/Desktop/Airflow_pract/venv/lib/python3.9/site-packages/airflow/example_dags/example_setup_teardown.py
[2025-04-20T21:07:05.359+0800] {processor.py:925} INFO - DAG(s) 'example_setup_teardown' retrieved from /mnt/c/Users/wu_li/OneDrive/Desktop/Airflow_pract/venv/lib/python3.9/site-packages/airflow/example_dags/example_setup_teardown.py
[2025-04-20T21:07:05.386+0800] {logging_mixin.py:190} INFO - [2025-04-20T21:07:05.386+0800] {dag.py:3239} INFO - Sync 1 DAGs
[2025-04-20T21:07:05.402+0800] {logging_mixin.py:190} INFO - [2025-04-20T21:07:05.401+0800] {dag.py:4180} INFO - Setting next_dagrun for example_setup_teardown to None, run_after=None
[2025-04-20T21:07:05.459+0800] {processor.py:208} INFO - Processing /mnt/c/Users/wu_li/OneDrive/Desktop/Airflow_pract/venv/lib/python3.9/site-packages/airflow/example_dags/example_setup_teardown.py took 0.136 seconds
[2025-04-20T21:08:36.467+0800] {processor.py:186} INFO - Started process (PID=96858) to work on /mnt/c/Users/wu_li/OneDrive/Desktop/Airflow_pract/venv/lib/python3.9/site-packages/airflow/example_dags/example_setup_teardown.py
[2025-04-20T21:08:36.470+0800] {processor.py:914} INFO - Processing file /mnt/c/Users/wu_li/OneDrive/Desktop/Airflow_pract/venv/lib/python3.9/site-packages/airflow/example_dags/example_setup_teardown.py for tasks to queue
[2025-04-20T21:08:36.474+0800] {logging_mixin.py:190} INFO - [2025-04-20T21:08:36.472+0800] {dagbag.py:588} INFO - Filling up the DagBag from /mnt/c/Users/wu_li/OneDrive/Desktop/Airflow_pract/venv/lib/python3.9/site-packages/airflow/example_dags/example_setup_teardown.py
[2025-04-20T21:08:36.509+0800] {processor.py:925} INFO - DAG(s) 'example_setup_teardown' retrieved from /mnt/c/Users/wu_li/OneDrive/Desktop/Airflow_pract/venv/lib/python3.9/site-packages/airflow/example_dags/example_setup_teardown.py
[2025-04-20T21:08:36.548+0800] {logging_mixin.py:190} INFO - [2025-04-20T21:08:36.547+0800] {dag.py:3239} INFO - Sync 1 DAGs
[2025-04-20T21:08:36.567+0800] {logging_mixin.py:190} INFO - [2025-04-20T21:08:36.566+0800] {dag.py:4180} INFO - Setting next_dagrun for example_setup_teardown to None, run_after=None
[2025-04-20T21:08:36.666+0800] {processor.py:208} INFO - Processing /mnt/c/Users/wu_li/OneDrive/Desktop/Airflow_pract/venv/lib/python3.9/site-packages/airflow/example_dags/example_setup_teardown.py took 0.216 seconds
[2025-04-20T21:10:04.428+0800] {processor.py:186} INFO - Started process (PID=97866) to work on /mnt/c/Users/wu_li/OneDrive/Desktop/Airflow_pract/venv/lib/python3.9/site-packages/airflow/example_dags/example_setup_teardown.py
[2025-04-20T21:10:04.430+0800] {processor.py:914} INFO - Processing file /mnt/c/Users/wu_li/OneDrive/Desktop/Airflow_pract/venv/lib/python3.9/site-packages/airflow/example_dags/example_setup_teardown.py for tasks to queue
[2025-04-20T21:10:04.435+0800] {logging_mixin.py:190} INFO - [2025-04-20T21:10:04.433+0800] {dagbag.py:588} INFO - Filling up the DagBag from /mnt/c/Users/wu_li/OneDrive/Desktop/Airflow_pract/venv/lib/python3.9/site-packages/airflow/example_dags/example_setup_teardown.py
[2025-04-20T21:10:04.488+0800] {processor.py:925} INFO - DAG(s) 'example_setup_teardown' retrieved from /mnt/c/Users/wu_li/OneDrive/Desktop/Airflow_pract/venv/lib/python3.9/site-packages/airflow/example_dags/example_setup_teardown.py
[2025-04-20T21:10:04.531+0800] {logging_mixin.py:190} INFO - [2025-04-20T21:10:04.530+0800] {dag.py:3239} INFO - Sync 1 DAGs
[2025-04-20T21:10:04.554+0800] {logging_mixin.py:190} INFO - [2025-04-20T21:10:04.553+0800] {dag.py:4180} INFO - Setting next_dagrun for example_setup_teardown to None, run_after=None
[2025-04-20T21:10:04.638+0800] {processor.py:208} INFO - Processing /mnt/c/Users/wu_li/OneDrive/Desktop/Airflow_pract/venv/lib/python3.9/site-packages/airflow/example_dags/example_setup_teardown.py took 0.227 seconds
[2025-04-20T21:11:37.847+0800] {processor.py:186} INFO - Started process (PID=99020) to work on /mnt/c/Users/wu_li/OneDrive/Desktop/Airflow_pract/venv/lib/python3.9/site-packages/airflow/example_dags/example_setup_teardown.py
[2025-04-20T21:11:37.849+0800] {processor.py:914} INFO - Processing file /mnt/c/Users/wu_li/OneDrive/Desktop/Airflow_pract/venv/lib/python3.9/site-packages/airflow/example_dags/example_setup_teardown.py for tasks to queue
[2025-04-20T21:11:37.853+0800] {logging_mixin.py:190} INFO - [2025-04-20T21:11:37.851+0800] {dagbag.py:588} INFO - Filling up the DagBag from /mnt/c/Users/wu_li/OneDrive/Desktop/Airflow_pract/venv/lib/python3.9/site-packages/airflow/example_dags/example_setup_teardown.py
[2025-04-20T21:11:37.881+0800] {processor.py:925} INFO - DAG(s) 'example_setup_teardown' retrieved from /mnt/c/Users/wu_li/OneDrive/Desktop/Airflow_pract/venv/lib/python3.9/site-packages/airflow/example_dags/example_setup_teardown.py
[2025-04-20T21:11:37.938+0800] {logging_mixin.py:190} INFO - [2025-04-20T21:11:37.937+0800] {dag.py:3239} INFO - Sync 1 DAGs
[2025-04-20T21:11:37.975+0800] {logging_mixin.py:190} INFO - [2025-04-20T21:11:37.973+0800] {dag.py:4180} INFO - Setting next_dagrun for example_setup_teardown to None, run_after=None
[2025-04-20T21:11:38.064+0800] {processor.py:208} INFO - Processing /mnt/c/Users/wu_li/OneDrive/Desktop/Airflow_pract/venv/lib/python3.9/site-packages/airflow/example_dags/example_setup_teardown.py took 0.236 seconds
[2025-04-20T21:13:08.326+0800] {processor.py:186} INFO - Started process (PID=100100) to work on /mnt/c/Users/wu_li/OneDrive/Desktop/Airflow_pract/venv/lib/python3.9/site-packages/airflow/example_dags/example_setup_teardown.py
[2025-04-20T21:13:08.329+0800] {processor.py:914} INFO - Processing file /mnt/c/Users/wu_li/OneDrive/Desktop/Airflow_pract/venv/lib/python3.9/site-packages/airflow/example_dags/example_setup_teardown.py for tasks to queue
[2025-04-20T21:13:08.333+0800] {logging_mixin.py:190} INFO - [2025-04-20T21:13:08.331+0800] {dagbag.py:588} INFO - Filling up the DagBag from /mnt/c/Users/wu_li/OneDrive/Desktop/Airflow_pract/venv/lib/python3.9/site-packages/airflow/example_dags/example_setup_teardown.py
[2025-04-20T21:13:08.376+0800] {processor.py:925} INFO - DAG(s) 'example_setup_teardown' retrieved from /mnt/c/Users/wu_li/OneDrive/Desktop/Airflow_pract/venv/lib/python3.9/site-packages/airflow/example_dags/example_setup_teardown.py
[2025-04-20T21:13:08.447+0800] {logging_mixin.py:190} INFO - [2025-04-20T21:13:08.446+0800] {dag.py:3239} INFO - Sync 1 DAGs
[2025-04-20T21:13:08.464+0800] {logging_mixin.py:190} INFO - [2025-04-20T21:13:08.463+0800] {dag.py:4180} INFO - Setting next_dagrun for example_setup_teardown to None, run_after=None
[2025-04-20T21:13:08.613+0800] {processor.py:208} INFO - Processing /mnt/c/Users/wu_li/OneDrive/Desktop/Airflow_pract/venv/lib/python3.9/site-packages/airflow/example_dags/example_setup_teardown.py took 0.307 seconds
[2025-04-20T21:14:39.852+0800] {processor.py:186} INFO - Started process (PID=101108) to work on /mnt/c/Users/wu_li/OneDrive/Desktop/Airflow_pract/venv/lib/python3.9/site-packages/airflow/example_dags/example_setup_teardown.py
[2025-04-20T21:14:39.854+0800] {processor.py:914} INFO - Processing file /mnt/c/Users/wu_li/OneDrive/Desktop/Airflow_pract/venv/lib/python3.9/site-packages/airflow/example_dags/example_setup_teardown.py for tasks to queue
[2025-04-20T21:14:39.866+0800] {logging_mixin.py:190} INFO - [2025-04-20T21:14:39.858+0800] {dagbag.py:588} INFO - Filling up the DagBag from /mnt/c/Users/wu_li/OneDrive/Desktop/Airflow_pract/venv/lib/python3.9/site-packages/airflow/example_dags/example_setup_teardown.py
[2025-04-20T21:14:39.910+0800] {processor.py:925} INFO - DAG(s) 'example_setup_teardown' retrieved from /mnt/c/Users/wu_li/OneDrive/Desktop/Airflow_pract/venv/lib/python3.9/site-packages/airflow/example_dags/example_setup_teardown.py
[2025-04-20T21:14:39.957+0800] {logging_mixin.py:190} INFO - [2025-04-20T21:14:39.956+0800] {dag.py:3239} INFO - Sync 1 DAGs
[2025-04-20T21:14:39.999+0800] {logging_mixin.py:190} INFO - [2025-04-20T21:14:39.994+0800] {dag.py:4180} INFO - Setting next_dagrun for example_setup_teardown to None, run_after=None
[2025-04-20T21:14:40.088+0800] {processor.py:208} INFO - Processing /mnt/c/Users/wu_li/OneDrive/Desktop/Airflow_pract/venv/lib/python3.9/site-packages/airflow/example_dags/example_setup_teardown.py took 0.257 seconds
[2025-04-20T21:16:09.188+0800] {processor.py:186} INFO - Started process (PID=102119) to work on /mnt/c/Users/wu_li/OneDrive/Desktop/Airflow_pract/venv/lib/python3.9/site-packages/airflow/example_dags/example_setup_teardown.py
[2025-04-20T21:16:09.190+0800] {processor.py:914} INFO - Processing file /mnt/c/Users/wu_li/OneDrive/Desktop/Airflow_pract/venv/lib/python3.9/site-packages/airflow/example_dags/example_setup_teardown.py for tasks to queue
[2025-04-20T21:16:09.193+0800] {logging_mixin.py:190} INFO - [2025-04-20T21:16:09.192+0800] {dagbag.py:588} INFO - Filling up the DagBag from /mnt/c/Users/wu_li/OneDrive/Desktop/Airflow_pract/venv/lib/python3.9/site-packages/airflow/example_dags/example_setup_teardown.py
[2025-04-20T21:16:09.212+0800] {processor.py:925} INFO - DAG(s) 'example_setup_teardown' retrieved from /mnt/c/Users/wu_li/OneDrive/Desktop/Airflow_pract/venv/lib/python3.9/site-packages/airflow/example_dags/example_setup_teardown.py
[2025-04-20T21:16:09.237+0800] {logging_mixin.py:190} INFO - [2025-04-20T21:16:09.236+0800] {dag.py:3239} INFO - Sync 1 DAGs
[2025-04-20T21:16:09.250+0800] {logging_mixin.py:190} INFO - [2025-04-20T21:16:09.249+0800] {dag.py:4180} INFO - Setting next_dagrun for example_setup_teardown to None, run_after=None
[2025-04-20T21:16:09.299+0800] {processor.py:208} INFO - Processing /mnt/c/Users/wu_li/OneDrive/Desktop/Airflow_pract/venv/lib/python3.9/site-packages/airflow/example_dags/example_setup_teardown.py took 0.121 seconds
[2025-04-20T21:17:37.138+0800] {processor.py:186} INFO - Started process (PID=103129) to work on /mnt/c/Users/wu_li/OneDrive/Desktop/Airflow_pract/venv/lib/python3.9/site-packages/airflow/example_dags/example_setup_teardown.py
[2025-04-20T21:17:37.139+0800] {processor.py:914} INFO - Processing file /mnt/c/Users/wu_li/OneDrive/Desktop/Airflow_pract/venv/lib/python3.9/site-packages/airflow/example_dags/example_setup_teardown.py for tasks to queue
[2025-04-20T21:17:37.142+0800] {logging_mixin.py:190} INFO - [2025-04-20T21:17:37.141+0800] {dagbag.py:588} INFO - Filling up the DagBag from /mnt/c/Users/wu_li/OneDrive/Desktop/Airflow_pract/venv/lib/python3.9/site-packages/airflow/example_dags/example_setup_teardown.py
[2025-04-20T21:17:37.163+0800] {processor.py:925} INFO - DAG(s) 'example_setup_teardown' retrieved from /mnt/c/Users/wu_li/OneDrive/Desktop/Airflow_pract/venv/lib/python3.9/site-packages/airflow/example_dags/example_setup_teardown.py
[2025-04-20T21:17:37.190+0800] {logging_mixin.py:190} INFO - [2025-04-20T21:17:37.189+0800] {dag.py:3239} INFO - Sync 1 DAGs
[2025-04-20T21:17:37.205+0800] {logging_mixin.py:190} INFO - [2025-04-20T21:17:37.204+0800] {dag.py:4180} INFO - Setting next_dagrun for example_setup_teardown to None, run_after=None
[2025-04-20T21:17:37.261+0800] {processor.py:208} INFO - Processing /mnt/c/Users/wu_li/OneDrive/Desktop/Airflow_pract/venv/lib/python3.9/site-packages/airflow/example_dags/example_setup_teardown.py took 0.134 seconds
[2025-04-20T21:19:02.990+0800] {processor.py:186} INFO - Started process (PID=104134) to work on /mnt/c/Users/wu_li/OneDrive/Desktop/Airflow_pract/venv/lib/python3.9/site-packages/airflow/example_dags/example_setup_teardown.py
[2025-04-20T21:19:02.992+0800] {processor.py:914} INFO - Processing file /mnt/c/Users/wu_li/OneDrive/Desktop/Airflow_pract/venv/lib/python3.9/site-packages/airflow/example_dags/example_setup_teardown.py for tasks to queue
[2025-04-20T21:19:02.994+0800] {logging_mixin.py:190} INFO - [2025-04-20T21:19:02.993+0800] {dagbag.py:588} INFO - Filling up the DagBag from /mnt/c/Users/wu_li/OneDrive/Desktop/Airflow_pract/venv/lib/python3.9/site-packages/airflow/example_dags/example_setup_teardown.py
[2025-04-20T21:19:03.015+0800] {processor.py:925} INFO - DAG(s) 'example_setup_teardown' retrieved from /mnt/c/Users/wu_li/OneDrive/Desktop/Airflow_pract/venv/lib/python3.9/site-packages/airflow/example_dags/example_setup_teardown.py
[2025-04-20T21:19:03.049+0800] {logging_mixin.py:190} INFO - [2025-04-20T21:19:03.048+0800] {dag.py:3239} INFO - Sync 1 DAGs
[2025-04-20T21:19:03.063+0800] {logging_mixin.py:190} INFO - [2025-04-20T21:19:03.062+0800] {dag.py:4180} INFO - Setting next_dagrun for example_setup_teardown to None, run_after=None
[2025-04-20T21:19:03.120+0800] {processor.py:208} INFO - Processing /mnt/c/Users/wu_li/OneDrive/Desktop/Airflow_pract/venv/lib/python3.9/site-packages/airflow/example_dags/example_setup_teardown.py took 0.140 seconds
[2025-04-20T21:20:33.510+0800] {processor.py:186} INFO - Started process (PID=105211) to work on /mnt/c/Users/wu_li/OneDrive/Desktop/Airflow_pract/venv/lib/python3.9/site-packages/airflow/example_dags/example_setup_teardown.py
[2025-04-20T21:20:33.513+0800] {processor.py:914} INFO - Processing file /mnt/c/Users/wu_li/OneDrive/Desktop/Airflow_pract/venv/lib/python3.9/site-packages/airflow/example_dags/example_setup_teardown.py for tasks to queue
[2025-04-20T21:20:33.517+0800] {logging_mixin.py:190} INFO - [2025-04-20T21:20:33.516+0800] {dagbag.py:588} INFO - Filling up the DagBag from /mnt/c/Users/wu_li/OneDrive/Desktop/Airflow_pract/venv/lib/python3.9/site-packages/airflow/example_dags/example_setup_teardown.py
[2025-04-20T21:20:33.553+0800] {processor.py:925} INFO - DAG(s) 'example_setup_teardown' retrieved from /mnt/c/Users/wu_li/OneDrive/Desktop/Airflow_pract/venv/lib/python3.9/site-packages/airflow/example_dags/example_setup_teardown.py
[2025-04-20T21:20:33.600+0800] {logging_mixin.py:190} INFO - [2025-04-20T21:20:33.598+0800] {dag.py:3239} INFO - Sync 1 DAGs
[2025-04-20T21:20:33.636+0800] {logging_mixin.py:190} INFO - [2025-04-20T21:20:33.635+0800] {dag.py:4180} INFO - Setting next_dagrun for example_setup_teardown to None, run_after=None
[2025-04-20T21:20:33.731+0800] {processor.py:208} INFO - Processing /mnt/c/Users/wu_li/OneDrive/Desktop/Airflow_pract/venv/lib/python3.9/site-packages/airflow/example_dags/example_setup_teardown.py took 0.240 seconds
[2025-04-20T21:22:05.555+0800] {processor.py:186} INFO - Started process (PID=106289) to work on /mnt/c/Users/wu_li/OneDrive/Desktop/Airflow_pract/venv/lib/python3.9/site-packages/airflow/example_dags/example_setup_teardown.py
[2025-04-20T21:22:05.558+0800] {processor.py:914} INFO - Processing file /mnt/c/Users/wu_li/OneDrive/Desktop/Airflow_pract/venv/lib/python3.9/site-packages/airflow/example_dags/example_setup_teardown.py for tasks to queue
[2025-04-20T21:22:05.562+0800] {logging_mixin.py:190} INFO - [2025-04-20T21:22:05.561+0800] {dagbag.py:588} INFO - Filling up the DagBag from /mnt/c/Users/wu_li/OneDrive/Desktop/Airflow_pract/venv/lib/python3.9/site-packages/airflow/example_dags/example_setup_teardown.py
[2025-04-20T21:22:05.594+0800] {processor.py:925} INFO - DAG(s) 'example_setup_teardown' retrieved from /mnt/c/Users/wu_li/OneDrive/Desktop/Airflow_pract/venv/lib/python3.9/site-packages/airflow/example_dags/example_setup_teardown.py
[2025-04-20T21:22:05.643+0800] {logging_mixin.py:190} INFO - [2025-04-20T21:22:05.641+0800] {dag.py:3239} INFO - Sync 1 DAGs
[2025-04-20T21:22:05.683+0800] {logging_mixin.py:190} INFO - [2025-04-20T21:22:05.680+0800] {dag.py:4180} INFO - Setting next_dagrun for example_setup_teardown to None, run_after=None
[2025-04-20T21:22:05.781+0800] {processor.py:208} INFO - Processing /mnt/c/Users/wu_li/OneDrive/Desktop/Airflow_pract/venv/lib/python3.9/site-packages/airflow/example_dags/example_setup_teardown.py took 0.244 seconds
[2025-04-20T21:23:36.792+0800] {processor.py:186} INFO - Started process (PID=107227) to work on /mnt/c/Users/wu_li/OneDrive/Desktop/Airflow_pract/venv/lib/python3.9/site-packages/airflow/example_dags/example_setup_teardown.py
[2025-04-20T21:23:36.794+0800] {processor.py:914} INFO - Processing file /mnt/c/Users/wu_li/OneDrive/Desktop/Airflow_pract/venv/lib/python3.9/site-packages/airflow/example_dags/example_setup_teardown.py for tasks to queue
[2025-04-20T21:23:36.798+0800] {logging_mixin.py:190} INFO - [2025-04-20T21:23:36.797+0800] {dagbag.py:588} INFO - Filling up the DagBag from /mnt/c/Users/wu_li/OneDrive/Desktop/Airflow_pract/venv/lib/python3.9/site-packages/airflow/example_dags/example_setup_teardown.py
[2025-04-20T21:23:36.835+0800] {processor.py:925} INFO - DAG(s) 'example_setup_teardown' retrieved from /mnt/c/Users/wu_li/OneDrive/Desktop/Airflow_pract/venv/lib/python3.9/site-packages/airflow/example_dags/example_setup_teardown.py
[2025-04-20T21:23:36.882+0800] {logging_mixin.py:190} INFO - [2025-04-20T21:23:36.881+0800] {dag.py:3239} INFO - Sync 1 DAGs
[2025-04-20T21:23:36.926+0800] {logging_mixin.py:190} INFO - [2025-04-20T21:23:36.924+0800] {dag.py:4180} INFO - Setting next_dagrun for example_setup_teardown to None, run_after=None
[2025-04-20T21:23:37.017+0800] {processor.py:208} INFO - Processing /mnt/c/Users/wu_li/OneDrive/Desktop/Airflow_pract/venv/lib/python3.9/site-packages/airflow/example_dags/example_setup_teardown.py took 0.244 seconds
[2025-04-20T21:25:07.201+0800] {processor.py:186} INFO - Started process (PID=108306) to work on /mnt/c/Users/wu_li/OneDrive/Desktop/Airflow_pract/venv/lib/python3.9/site-packages/airflow/example_dags/example_setup_teardown.py
[2025-04-20T21:25:07.204+0800] {processor.py:914} INFO - Processing file /mnt/c/Users/wu_li/OneDrive/Desktop/Airflow_pract/venv/lib/python3.9/site-packages/airflow/example_dags/example_setup_teardown.py for tasks to queue
[2025-04-20T21:25:07.207+0800] {logging_mixin.py:190} INFO - [2025-04-20T21:25:07.206+0800] {dagbag.py:588} INFO - Filling up the DagBag from /mnt/c/Users/wu_li/OneDrive/Desktop/Airflow_pract/venv/lib/python3.9/site-packages/airflow/example_dags/example_setup_teardown.py
[2025-04-20T21:25:07.241+0800] {processor.py:925} INFO - DAG(s) 'example_setup_teardown' retrieved from /mnt/c/Users/wu_li/OneDrive/Desktop/Airflow_pract/venv/lib/python3.9/site-packages/airflow/example_dags/example_setup_teardown.py
[2025-04-20T21:25:07.298+0800] {logging_mixin.py:190} INFO - [2025-04-20T21:25:07.296+0800] {dag.py:3239} INFO - Sync 1 DAGs
[2025-04-20T21:25:07.334+0800] {logging_mixin.py:190} INFO - [2025-04-20T21:25:07.333+0800] {dag.py:4180} INFO - Setting next_dagrun for example_setup_teardown to None, run_after=None
[2025-04-20T21:25:07.430+0800] {processor.py:208} INFO - Processing /mnt/c/Users/wu_li/OneDrive/Desktop/Airflow_pract/venv/lib/python3.9/site-packages/airflow/example_dags/example_setup_teardown.py took 0.250 seconds
[2025-04-20T21:26:40.603+0800] {processor.py:186} INFO - Started process (PID=109315) to work on /mnt/c/Users/wu_li/OneDrive/Desktop/Airflow_pract/venv/lib/python3.9/site-packages/airflow/example_dags/example_setup_teardown.py
[2025-04-20T21:26:40.605+0800] {processor.py:914} INFO - Processing file /mnt/c/Users/wu_li/OneDrive/Desktop/Airflow_pract/venv/lib/python3.9/site-packages/airflow/example_dags/example_setup_teardown.py for tasks to queue
[2025-04-20T21:26:40.609+0800] {logging_mixin.py:190} INFO - [2025-04-20T21:26:40.607+0800] {dagbag.py:588} INFO - Filling up the DagBag from /mnt/c/Users/wu_li/OneDrive/Desktop/Airflow_pract/venv/lib/python3.9/site-packages/airflow/example_dags/example_setup_teardown.py
[2025-04-20T21:26:40.637+0800] {processor.py:925} INFO - DAG(s) 'example_setup_teardown' retrieved from /mnt/c/Users/wu_li/OneDrive/Desktop/Airflow_pract/venv/lib/python3.9/site-packages/airflow/example_dags/example_setup_teardown.py
[2025-04-20T21:26:40.672+0800] {logging_mixin.py:190} INFO - [2025-04-20T21:26:40.671+0800] {dag.py:3239} INFO - Sync 1 DAGs
[2025-04-20T21:26:40.686+0800] {logging_mixin.py:190} INFO - [2025-04-20T21:26:40.685+0800] {dag.py:4180} INFO - Setting next_dagrun for example_setup_teardown to None, run_after=None
[2025-04-20T21:26:40.745+0800] {processor.py:208} INFO - Processing /mnt/c/Users/wu_li/OneDrive/Desktop/Airflow_pract/venv/lib/python3.9/site-packages/airflow/example_dags/example_setup_teardown.py took 0.156 seconds
[2025-04-20T21:28:09.911+0800] {processor.py:186} INFO - Started process (PID=110393) to work on /mnt/c/Users/wu_li/OneDrive/Desktop/Airflow_pract/venv/lib/python3.9/site-packages/airflow/example_dags/example_setup_teardown.py
[2025-04-20T21:28:09.917+0800] {processor.py:914} INFO - Processing file /mnt/c/Users/wu_li/OneDrive/Desktop/Airflow_pract/venv/lib/python3.9/site-packages/airflow/example_dags/example_setup_teardown.py for tasks to queue
[2025-04-20T21:28:09.923+0800] {logging_mixin.py:190} INFO - [2025-04-20T21:28:09.921+0800] {dagbag.py:588} INFO - Filling up the DagBag from /mnt/c/Users/wu_li/OneDrive/Desktop/Airflow_pract/venv/lib/python3.9/site-packages/airflow/example_dags/example_setup_teardown.py
[2025-04-20T21:28:09.957+0800] {processor.py:925} INFO - DAG(s) 'example_setup_teardown' retrieved from /mnt/c/Users/wu_li/OneDrive/Desktop/Airflow_pract/venv/lib/python3.9/site-packages/airflow/example_dags/example_setup_teardown.py
[2025-04-20T21:28:10.011+0800] {logging_mixin.py:190} INFO - [2025-04-20T21:28:10.010+0800] {dag.py:3239} INFO - Sync 1 DAGs
[2025-04-20T21:28:10.053+0800] {logging_mixin.py:190} INFO - [2025-04-20T21:28:10.051+0800] {dag.py:4180} INFO - Setting next_dagrun for example_setup_teardown to None, run_after=None
[2025-04-20T21:28:10.149+0800] {processor.py:208} INFO - Processing /mnt/c/Users/wu_li/OneDrive/Desktop/Airflow_pract/venv/lib/python3.9/site-packages/airflow/example_dags/example_setup_teardown.py took 0.257 seconds
[2025-04-20T21:29:40.910+0800] {processor.py:186} INFO - Started process (PID=111475) to work on /mnt/c/Users/wu_li/OneDrive/Desktop/Airflow_pract/venv/lib/python3.9/site-packages/airflow/example_dags/example_setup_teardown.py
[2025-04-20T21:29:40.913+0800] {processor.py:914} INFO - Processing file /mnt/c/Users/wu_li/OneDrive/Desktop/Airflow_pract/venv/lib/python3.9/site-packages/airflow/example_dags/example_setup_teardown.py for tasks to queue
[2025-04-20T21:29:40.917+0800] {logging_mixin.py:190} INFO - [2025-04-20T21:29:40.915+0800] {dagbag.py:588} INFO - Filling up the DagBag from /mnt/c/Users/wu_li/OneDrive/Desktop/Airflow_pract/venv/lib/python3.9/site-packages/airflow/example_dags/example_setup_teardown.py
[2025-04-20T21:29:40.949+0800] {processor.py:925} INFO - DAG(s) 'example_setup_teardown' retrieved from /mnt/c/Users/wu_li/OneDrive/Desktop/Airflow_pract/venv/lib/python3.9/site-packages/airflow/example_dags/example_setup_teardown.py
[2025-04-20T21:29:41.006+0800] {logging_mixin.py:190} INFO - [2025-04-20T21:29:41.004+0800] {dag.py:3239} INFO - Sync 1 DAGs
[2025-04-20T21:29:41.030+0800] {logging_mixin.py:190} INFO - [2025-04-20T21:29:41.029+0800] {dag.py:4180} INFO - Setting next_dagrun for example_setup_teardown to None, run_after=None
[2025-04-20T21:29:41.117+0800] {processor.py:208} INFO - Processing /mnt/c/Users/wu_li/OneDrive/Desktop/Airflow_pract/venv/lib/python3.9/site-packages/airflow/example_dags/example_setup_teardown.py took 0.225 seconds
[2025-04-20T21:31:13.502+0800] {processor.py:186} INFO - Started process (PID=112554) to work on /mnt/c/Users/wu_li/OneDrive/Desktop/Airflow_pract/venv/lib/python3.9/site-packages/airflow/example_dags/example_setup_teardown.py
[2025-04-20T21:31:13.505+0800] {processor.py:914} INFO - Processing file /mnt/c/Users/wu_li/OneDrive/Desktop/Airflow_pract/venv/lib/python3.9/site-packages/airflow/example_dags/example_setup_teardown.py for tasks to queue
[2025-04-20T21:31:13.509+0800] {logging_mixin.py:190} INFO - [2025-04-20T21:31:13.507+0800] {dagbag.py:588} INFO - Filling up the DagBag from /mnt/c/Users/wu_li/OneDrive/Desktop/Airflow_pract/venv/lib/python3.9/site-packages/airflow/example_dags/example_setup_teardown.py
[2025-04-20T21:31:13.546+0800] {processor.py:925} INFO - DAG(s) 'example_setup_teardown' retrieved from /mnt/c/Users/wu_li/OneDrive/Desktop/Airflow_pract/venv/lib/python3.9/site-packages/airflow/example_dags/example_setup_teardown.py
[2025-04-20T21:31:13.603+0800] {logging_mixin.py:190} INFO - [2025-04-20T21:31:13.601+0800] {dag.py:3239} INFO - Sync 1 DAGs
[2025-04-20T21:31:13.646+0800] {logging_mixin.py:190} INFO - [2025-04-20T21:31:13.644+0800] {dag.py:4180} INFO - Setting next_dagrun for example_setup_teardown to None, run_after=None
[2025-04-20T21:31:13.740+0800] {processor.py:208} INFO - Processing /mnt/c/Users/wu_li/OneDrive/Desktop/Airflow_pract/venv/lib/python3.9/site-packages/airflow/example_dags/example_setup_teardown.py took 0.265 seconds
[2025-04-20T21:32:43.633+0800] {processor.py:186} INFO - Started process (PID=113563) to work on /mnt/c/Users/wu_li/OneDrive/Desktop/Airflow_pract/venv/lib/python3.9/site-packages/airflow/example_dags/example_setup_teardown.py
[2025-04-20T21:32:43.636+0800] {processor.py:914} INFO - Processing file /mnt/c/Users/wu_li/OneDrive/Desktop/Airflow_pract/venv/lib/python3.9/site-packages/airflow/example_dags/example_setup_teardown.py for tasks to queue
[2025-04-20T21:32:43.640+0800] {logging_mixin.py:190} INFO - [2025-04-20T21:32:43.639+0800] {dagbag.py:588} INFO - Filling up the DagBag from /mnt/c/Users/wu_li/OneDrive/Desktop/Airflow_pract/venv/lib/python3.9/site-packages/airflow/example_dags/example_setup_teardown.py
[2025-04-20T21:32:43.679+0800] {processor.py:925} INFO - DAG(s) 'example_setup_teardown' retrieved from /mnt/c/Users/wu_li/OneDrive/Desktop/Airflow_pract/venv/lib/python3.9/site-packages/airflow/example_dags/example_setup_teardown.py
[2025-04-20T21:32:43.723+0800] {logging_mixin.py:190} INFO - [2025-04-20T21:32:43.721+0800] {dag.py:3239} INFO - Sync 1 DAGs
[2025-04-20T21:32:43.751+0800] {logging_mixin.py:190} INFO - [2025-04-20T21:32:43.749+0800] {dag.py:4180} INFO - Setting next_dagrun for example_setup_teardown to None, run_after=None
[2025-04-20T21:32:43.842+0800] {processor.py:208} INFO - Processing /mnt/c/Users/wu_li/OneDrive/Desktop/Airflow_pract/venv/lib/python3.9/site-packages/airflow/example_dags/example_setup_teardown.py took 0.245 seconds
[2025-04-20T21:34:12.648+0800] {processor.py:186} INFO - Started process (PID=114611) to work on /mnt/c/Users/wu_li/OneDrive/Desktop/Airflow_pract/venv/lib/python3.9/site-packages/airflow/example_dags/example_setup_teardown.py
[2025-04-20T21:34:12.650+0800] {processor.py:914} INFO - Processing file /mnt/c/Users/wu_li/OneDrive/Desktop/Airflow_pract/venv/lib/python3.9/site-packages/airflow/example_dags/example_setup_teardown.py for tasks to queue
[2025-04-20T21:34:12.653+0800] {logging_mixin.py:190} INFO - [2025-04-20T21:34:12.652+0800] {dagbag.py:588} INFO - Filling up the DagBag from /mnt/c/Users/wu_li/OneDrive/Desktop/Airflow_pract/venv/lib/python3.9/site-packages/airflow/example_dags/example_setup_teardown.py
[2025-04-20T21:34:12.674+0800] {processor.py:925} INFO - DAG(s) 'example_setup_teardown' retrieved from /mnt/c/Users/wu_li/OneDrive/Desktop/Airflow_pract/venv/lib/python3.9/site-packages/airflow/example_dags/example_setup_teardown.py
[2025-04-20T21:34:12.699+0800] {logging_mixin.py:190} INFO - [2025-04-20T21:34:12.699+0800] {dag.py:3239} INFO - Sync 1 DAGs
[2025-04-20T21:34:12.713+0800] {logging_mixin.py:190} INFO - [2025-04-20T21:34:12.712+0800] {dag.py:4180} INFO - Setting next_dagrun for example_setup_teardown to None, run_after=None
[2025-04-20T21:34:12.766+0800] {processor.py:208} INFO - Processing /mnt/c/Users/wu_li/OneDrive/Desktop/Airflow_pract/venv/lib/python3.9/site-packages/airflow/example_dags/example_setup_teardown.py took 0.129 seconds
[2025-04-20T21:35:52.848+0800] {processor.py:186} INFO - Started process (PID=115795) to work on /mnt/c/Users/wu_li/OneDrive/Desktop/Airflow_pract/venv/lib/python3.9/site-packages/airflow/example_dags/example_setup_teardown.py
[2025-04-20T21:35:52.851+0800] {processor.py:914} INFO - Processing file /mnt/c/Users/wu_li/OneDrive/Desktop/Airflow_pract/venv/lib/python3.9/site-packages/airflow/example_dags/example_setup_teardown.py for tasks to queue
[2025-04-20T21:35:52.856+0800] {logging_mixin.py:190} INFO - [2025-04-20T21:35:52.854+0800] {dagbag.py:588} INFO - Filling up the DagBag from /mnt/c/Users/wu_li/OneDrive/Desktop/Airflow_pract/venv/lib/python3.9/site-packages/airflow/example_dags/example_setup_teardown.py
[2025-04-20T21:35:52.887+0800] {processor.py:925} INFO - DAG(s) 'example_setup_teardown' retrieved from /mnt/c/Users/wu_li/OneDrive/Desktop/Airflow_pract/venv/lib/python3.9/site-packages/airflow/example_dags/example_setup_teardown.py
[2025-04-20T21:35:52.937+0800] {logging_mixin.py:190} INFO - [2025-04-20T21:35:52.936+0800] {dag.py:3239} INFO - Sync 1 DAGs
[2025-04-20T21:35:52.979+0800] {logging_mixin.py:190} INFO - [2025-04-20T21:35:52.978+0800] {dag.py:4180} INFO - Setting next_dagrun for example_setup_teardown to None, run_after=None
[2025-04-20T21:35:53.094+0800] {processor.py:208} INFO - Processing /mnt/c/Users/wu_li/OneDrive/Desktop/Airflow_pract/venv/lib/python3.9/site-packages/airflow/example_dags/example_setup_teardown.py took 0.263 seconds
[2025-04-20T21:37:33.762+0800] {processor.py:186} INFO - Started process (PID=116848) to work on /mnt/c/Users/wu_li/OneDrive/Desktop/Airflow_pract/venv/lib/python3.9/site-packages/airflow/example_dags/example_setup_teardown.py
[2025-04-20T21:37:33.764+0800] {processor.py:914} INFO - Processing file /mnt/c/Users/wu_li/OneDrive/Desktop/Airflow_pract/venv/lib/python3.9/site-packages/airflow/example_dags/example_setup_teardown.py for tasks to queue
[2025-04-20T21:37:33.767+0800] {logging_mixin.py:190} INFO - [2025-04-20T21:37:33.766+0800] {dagbag.py:588} INFO - Filling up the DagBag from /mnt/c/Users/wu_li/OneDrive/Desktop/Airflow_pract/venv/lib/python3.9/site-packages/airflow/example_dags/example_setup_teardown.py
[2025-04-20T21:37:33.800+0800] {processor.py:925} INFO - DAG(s) 'example_setup_teardown' retrieved from /mnt/c/Users/wu_li/OneDrive/Desktop/Airflow_pract/venv/lib/python3.9/site-packages/airflow/example_dags/example_setup_teardown.py
[2025-04-20T21:37:33.848+0800] {logging_mixin.py:190} INFO - [2025-04-20T21:37:33.846+0800] {dag.py:3239} INFO - Sync 1 DAGs
[2025-04-20T21:37:33.869+0800] {logging_mixin.py:190} INFO - [2025-04-20T21:37:33.868+0800] {dag.py:4180} INFO - Setting next_dagrun for example_setup_teardown to None, run_after=None
[2025-04-20T21:37:33.949+0800] {processor.py:208} INFO - Processing /mnt/c/Users/wu_li/OneDrive/Desktop/Airflow_pract/venv/lib/python3.9/site-packages/airflow/example_dags/example_setup_teardown.py took 0.201 seconds
[2025-04-20T21:39:18.396+0800] {processor.py:186} INFO - Started process (PID=117862) to work on /mnt/c/Users/wu_li/OneDrive/Desktop/Airflow_pract/venv/lib/python3.9/site-packages/airflow/example_dags/example_setup_teardown.py
[2025-04-20T21:39:18.398+0800] {processor.py:914} INFO - Processing file /mnt/c/Users/wu_li/OneDrive/Desktop/Airflow_pract/venv/lib/python3.9/site-packages/airflow/example_dags/example_setup_teardown.py for tasks to queue
[2025-04-20T21:39:18.401+0800] {logging_mixin.py:190} INFO - [2025-04-20T21:39:18.400+0800] {dagbag.py:588} INFO - Filling up the DagBag from /mnt/c/Users/wu_li/OneDrive/Desktop/Airflow_pract/venv/lib/python3.9/site-packages/airflow/example_dags/example_setup_teardown.py
[2025-04-20T21:39:18.422+0800] {processor.py:925} INFO - DAG(s) 'example_setup_teardown' retrieved from /mnt/c/Users/wu_li/OneDrive/Desktop/Airflow_pract/venv/lib/python3.9/site-packages/airflow/example_dags/example_setup_teardown.py
[2025-04-20T21:39:18.449+0800] {logging_mixin.py:190} INFO - [2025-04-20T21:39:18.448+0800] {dag.py:3239} INFO - Sync 1 DAGs
[2025-04-20T21:39:18.464+0800] {logging_mixin.py:190} INFO - [2025-04-20T21:39:18.463+0800] {dag.py:4180} INFO - Setting next_dagrun for example_setup_teardown to None, run_after=None
[2025-04-20T21:39:18.516+0800] {processor.py:208} INFO - Processing /mnt/c/Users/wu_li/OneDrive/Desktop/Airflow_pract/venv/lib/python3.9/site-packages/airflow/example_dags/example_setup_teardown.py took 0.132 seconds
[2025-04-20T21:40:45.379+0800] {processor.py:186} INFO - Started process (PID=118822) to work on /mnt/c/Users/wu_li/OneDrive/Desktop/Airflow_pract/venv/lib/python3.9/site-packages/airflow/example_dags/example_setup_teardown.py
[2025-04-20T21:40:45.381+0800] {processor.py:914} INFO - Processing file /mnt/c/Users/wu_li/OneDrive/Desktop/Airflow_pract/venv/lib/python3.9/site-packages/airflow/example_dags/example_setup_teardown.py for tasks to queue
[2025-04-20T21:40:45.384+0800] {logging_mixin.py:190} INFO - [2025-04-20T21:40:45.383+0800] {dagbag.py:588} INFO - Filling up the DagBag from /mnt/c/Users/wu_li/OneDrive/Desktop/Airflow_pract/venv/lib/python3.9/site-packages/airflow/example_dags/example_setup_teardown.py
[2025-04-20T21:40:45.417+0800] {processor.py:925} INFO - DAG(s) 'example_setup_teardown' retrieved from /mnt/c/Users/wu_li/OneDrive/Desktop/Airflow_pract/venv/lib/python3.9/site-packages/airflow/example_dags/example_setup_teardown.py
[2025-04-20T21:40:45.449+0800] {logging_mixin.py:190} INFO - [2025-04-20T21:40:45.448+0800] {dag.py:3239} INFO - Sync 1 DAGs
[2025-04-20T21:40:45.475+0800] {logging_mixin.py:190} INFO - [2025-04-20T21:40:45.473+0800] {dag.py:4180} INFO - Setting next_dagrun for example_setup_teardown to None, run_after=None
[2025-04-20T21:40:45.542+0800] {processor.py:208} INFO - Processing /mnt/c/Users/wu_li/OneDrive/Desktop/Airflow_pract/venv/lib/python3.9/site-packages/airflow/example_dags/example_setup_teardown.py took 0.187 seconds
[2025-04-20T21:42:13.785+0800] {processor.py:186} INFO - Started process (PID=119803) to work on /mnt/c/Users/wu_li/OneDrive/Desktop/Airflow_pract/venv/lib/python3.9/site-packages/airflow/example_dags/example_setup_teardown.py
[2025-04-20T21:42:13.788+0800] {processor.py:914} INFO - Processing file /mnt/c/Users/wu_li/OneDrive/Desktop/Airflow_pract/venv/lib/python3.9/site-packages/airflow/example_dags/example_setup_teardown.py for tasks to queue
[2025-04-20T21:42:13.794+0800] {logging_mixin.py:190} INFO - [2025-04-20T21:42:13.792+0800] {dagbag.py:588} INFO - Filling up the DagBag from /mnt/c/Users/wu_li/OneDrive/Desktop/Airflow_pract/venv/lib/python3.9/site-packages/airflow/example_dags/example_setup_teardown.py
[2025-04-20T21:42:13.828+0800] {processor.py:925} INFO - DAG(s) 'example_setup_teardown' retrieved from /mnt/c/Users/wu_li/OneDrive/Desktop/Airflow_pract/venv/lib/python3.9/site-packages/airflow/example_dags/example_setup_teardown.py
[2025-04-20T21:42:13.885+0800] {logging_mixin.py:190} INFO - [2025-04-20T21:42:13.884+0800] {dag.py:3239} INFO - Sync 1 DAGs
[2025-04-20T21:42:13.945+0800] {logging_mixin.py:190} INFO - [2025-04-20T21:42:13.942+0800] {dag.py:4180} INFO - Setting next_dagrun for example_setup_teardown to None, run_after=None
[2025-04-20T21:42:14.095+0800] {processor.py:208} INFO - Processing /mnt/c/Users/wu_li/OneDrive/Desktop/Airflow_pract/venv/lib/python3.9/site-packages/airflow/example_dags/example_setup_teardown.py took 0.336 seconds
[2025-04-20T21:43:58.375+0800] {processor.py:186} INFO - Started process (PID=120639) to work on /mnt/c/Users/wu_li/OneDrive/Desktop/Airflow_pract/venv/lib/python3.9/site-packages/airflow/example_dags/example_setup_teardown.py
[2025-04-20T21:43:58.377+0800] {processor.py:914} INFO - Processing file /mnt/c/Users/wu_li/OneDrive/Desktop/Airflow_pract/venv/lib/python3.9/site-packages/airflow/example_dags/example_setup_teardown.py for tasks to queue
[2025-04-20T21:43:58.379+0800] {logging_mixin.py:190} INFO - [2025-04-20T21:43:58.378+0800] {dagbag.py:588} INFO - Filling up the DagBag from /mnt/c/Users/wu_li/OneDrive/Desktop/Airflow_pract/venv/lib/python3.9/site-packages/airflow/example_dags/example_setup_teardown.py
[2025-04-20T21:43:58.401+0800] {processor.py:925} INFO - DAG(s) 'example_setup_teardown' retrieved from /mnt/c/Users/wu_li/OneDrive/Desktop/Airflow_pract/venv/lib/python3.9/site-packages/airflow/example_dags/example_setup_teardown.py
[2025-04-20T21:43:58.428+0800] {logging_mixin.py:190} INFO - [2025-04-20T21:43:58.427+0800] {dag.py:3239} INFO - Sync 1 DAGs
[2025-04-20T21:43:58.442+0800] {logging_mixin.py:190} INFO - [2025-04-20T21:43:58.441+0800] {dag.py:4180} INFO - Setting next_dagrun for example_setup_teardown to None, run_after=None
[2025-04-20T21:43:58.495+0800] {processor.py:208} INFO - Processing /mnt/c/Users/wu_li/OneDrive/Desktop/Airflow_pract/venv/lib/python3.9/site-packages/airflow/example_dags/example_setup_teardown.py took 0.132 seconds
[2025-04-20T21:45:26.579+0800] {processor.py:186} INFO - Started process (PID=121653) to work on /mnt/c/Users/wu_li/OneDrive/Desktop/Airflow_pract/venv/lib/python3.9/site-packages/airflow/example_dags/example_setup_teardown.py
[2025-04-20T21:45:26.581+0800] {processor.py:914} INFO - Processing file /mnt/c/Users/wu_li/OneDrive/Desktop/Airflow_pract/venv/lib/python3.9/site-packages/airflow/example_dags/example_setup_teardown.py for tasks to queue
[2025-04-20T21:45:26.585+0800] {logging_mixin.py:190} INFO - [2025-04-20T21:45:26.584+0800] {dagbag.py:588} INFO - Filling up the DagBag from /mnt/c/Users/wu_li/OneDrive/Desktop/Airflow_pract/venv/lib/python3.9/site-packages/airflow/example_dags/example_setup_teardown.py
[2025-04-20T21:45:26.612+0800] {processor.py:925} INFO - DAG(s) 'example_setup_teardown' retrieved from /mnt/c/Users/wu_li/OneDrive/Desktop/Airflow_pract/venv/lib/python3.9/site-packages/airflow/example_dags/example_setup_teardown.py
[2025-04-20T21:45:26.643+0800] {logging_mixin.py:190} INFO - [2025-04-20T21:45:26.642+0800] {dag.py:3239} INFO - Sync 1 DAGs
[2025-04-20T21:45:26.671+0800] {logging_mixin.py:190} INFO - [2025-04-20T21:45:26.669+0800] {dag.py:4180} INFO - Setting next_dagrun for example_setup_teardown to None, run_after=None
[2025-04-20T21:45:26.739+0800] {processor.py:208} INFO - Processing /mnt/c/Users/wu_li/OneDrive/Desktop/Airflow_pract/venv/lib/python3.9/site-packages/airflow/example_dags/example_setup_teardown.py took 0.179 seconds
[2025-04-20T21:47:17.223+0800] {processor.py:186} INFO - Started process (PID=122458) to work on /mnt/c/Users/wu_li/OneDrive/Desktop/Airflow_pract/venv/lib/python3.9/site-packages/airflow/example_dags/example_setup_teardown.py
[2025-04-20T21:47:17.226+0800] {processor.py:914} INFO - Processing file /mnt/c/Users/wu_li/OneDrive/Desktop/Airflow_pract/venv/lib/python3.9/site-packages/airflow/example_dags/example_setup_teardown.py for tasks to queue
[2025-04-20T21:47:17.234+0800] {logging_mixin.py:190} INFO - [2025-04-20T21:47:17.232+0800] {dagbag.py:588} INFO - Filling up the DagBag from /mnt/c/Users/wu_li/OneDrive/Desktop/Airflow_pract/venv/lib/python3.9/site-packages/airflow/example_dags/example_setup_teardown.py
[2025-04-20T21:47:17.275+0800] {processor.py:925} INFO - DAG(s) 'example_setup_teardown' retrieved from /mnt/c/Users/wu_li/OneDrive/Desktop/Airflow_pract/venv/lib/python3.9/site-packages/airflow/example_dags/example_setup_teardown.py
[2025-04-20T21:47:17.355+0800] {logging_mixin.py:190} INFO - [2025-04-20T21:47:17.347+0800] {dag.py:3239} INFO - Sync 1 DAGs
[2025-04-20T21:47:17.423+0800] {logging_mixin.py:190} INFO - [2025-04-20T21:47:17.421+0800] {dag.py:4180} INFO - Setting next_dagrun for example_setup_teardown to None, run_after=None
[2025-04-20T21:47:17.579+0800] {processor.py:208} INFO - Processing /mnt/c/Users/wu_li/OneDrive/Desktop/Airflow_pract/venv/lib/python3.9/site-packages/airflow/example_dags/example_setup_teardown.py took 0.381 seconds
[2025-04-20T21:48:55.767+0800] {processor.py:186} INFO - Started process (PID=123543) to work on /mnt/c/Users/wu_li/OneDrive/Desktop/Airflow_pract/venv/lib/python3.9/site-packages/airflow/example_dags/example_setup_teardown.py
[2025-04-20T21:48:55.770+0800] {processor.py:914} INFO - Processing file /mnt/c/Users/wu_li/OneDrive/Desktop/Airflow_pract/venv/lib/python3.9/site-packages/airflow/example_dags/example_setup_teardown.py for tasks to queue
[2025-04-20T21:48:55.774+0800] {logging_mixin.py:190} INFO - [2025-04-20T21:48:55.772+0800] {dagbag.py:588} INFO - Filling up the DagBag from /mnt/c/Users/wu_li/OneDrive/Desktop/Airflow_pract/venv/lib/python3.9/site-packages/airflow/example_dags/example_setup_teardown.py
[2025-04-20T21:48:55.811+0800] {processor.py:925} INFO - DAG(s) 'example_setup_teardown' retrieved from /mnt/c/Users/wu_li/OneDrive/Desktop/Airflow_pract/venv/lib/python3.9/site-packages/airflow/example_dags/example_setup_teardown.py
[2025-04-20T21:48:55.867+0800] {logging_mixin.py:190} INFO - [2025-04-20T21:48:55.865+0800] {dag.py:3239} INFO - Sync 1 DAGs
[2025-04-20T21:48:55.908+0800] {logging_mixin.py:190} INFO - [2025-04-20T21:48:55.906+0800] {dag.py:4180} INFO - Setting next_dagrun for example_setup_teardown to None, run_after=None
[2025-04-20T21:48:56.000+0800] {processor.py:208} INFO - Processing /mnt/c/Users/wu_li/OneDrive/Desktop/Airflow_pract/venv/lib/python3.9/site-packages/airflow/example_dags/example_setup_teardown.py took 0.254 seconds
[2025-04-20T21:50:39.673+0800] {processor.py:186} INFO - Started process (PID=124379) to work on /mnt/c/Users/wu_li/OneDrive/Desktop/Airflow_pract/venv/lib/python3.9/site-packages/airflow/example_dags/example_setup_teardown.py
[2025-04-20T21:50:39.675+0800] {processor.py:914} INFO - Processing file /mnt/c/Users/wu_li/OneDrive/Desktop/Airflow_pract/venv/lib/python3.9/site-packages/airflow/example_dags/example_setup_teardown.py for tasks to queue
[2025-04-20T21:50:39.679+0800] {logging_mixin.py:190} INFO - [2025-04-20T21:50:39.678+0800] {dagbag.py:588} INFO - Filling up the DagBag from /mnt/c/Users/wu_li/OneDrive/Desktop/Airflow_pract/venv/lib/python3.9/site-packages/airflow/example_dags/example_setup_teardown.py
[2025-04-20T21:50:39.701+0800] {processor.py:925} INFO - DAG(s) 'example_setup_teardown' retrieved from /mnt/c/Users/wu_li/OneDrive/Desktop/Airflow_pract/venv/lib/python3.9/site-packages/airflow/example_dags/example_setup_teardown.py
[2025-04-20T21:50:39.729+0800] {logging_mixin.py:190} INFO - [2025-04-20T21:50:39.728+0800] {dag.py:3239} INFO - Sync 1 DAGs
[2025-04-20T21:50:39.746+0800] {logging_mixin.py:190} INFO - [2025-04-20T21:50:39.745+0800] {dag.py:4180} INFO - Setting next_dagrun for example_setup_teardown to None, run_after=None
[2025-04-20T21:50:39.822+0800] {processor.py:208} INFO - Processing /mnt/c/Users/wu_li/OneDrive/Desktop/Airflow_pract/venv/lib/python3.9/site-packages/airflow/example_dags/example_setup_teardown.py took 0.162 seconds
[2025-04-20T21:52:41.153+0800] {processor.py:186} INFO - Started process (PID=125207) to work on /mnt/c/Users/wu_li/OneDrive/Desktop/Airflow_pract/venv/lib/python3.9/site-packages/airflow/example_dags/example_setup_teardown.py
[2025-04-20T21:52:41.156+0800] {processor.py:914} INFO - Processing file /mnt/c/Users/wu_li/OneDrive/Desktop/Airflow_pract/venv/lib/python3.9/site-packages/airflow/example_dags/example_setup_teardown.py for tasks to queue
[2025-04-20T21:52:41.161+0800] {logging_mixin.py:190} INFO - [2025-04-20T21:52:41.160+0800] {dagbag.py:588} INFO - Filling up the DagBag from /mnt/c/Users/wu_li/OneDrive/Desktop/Airflow_pract/venv/lib/python3.9/site-packages/airflow/example_dags/example_setup_teardown.py
[2025-04-20T21:52:41.208+0800] {processor.py:925} INFO - DAG(s) 'example_setup_teardown' retrieved from /mnt/c/Users/wu_li/OneDrive/Desktop/Airflow_pract/venv/lib/python3.9/site-packages/airflow/example_dags/example_setup_teardown.py
[2025-04-20T21:52:41.272+0800] {logging_mixin.py:190} INFO - [2025-04-20T21:52:41.270+0800] {dag.py:3239} INFO - Sync 1 DAGs
[2025-04-20T21:52:41.317+0800] {logging_mixin.py:190} INFO - [2025-04-20T21:52:41.314+0800] {dag.py:4180} INFO - Setting next_dagrun for example_setup_teardown to None, run_after=None
[2025-04-20T21:52:41.420+0800] {processor.py:208} INFO - Processing /mnt/c/Users/wu_li/OneDrive/Desktop/Airflow_pract/venv/lib/python3.9/site-packages/airflow/example_dags/example_setup_teardown.py took 0.289 seconds
[2025-04-20T21:54:42.841+0800] {processor.py:186} INFO - Started process (PID=126119) to work on /mnt/c/Users/wu_li/OneDrive/Desktop/Airflow_pract/venv/lib/python3.9/site-packages/airflow/example_dags/example_setup_teardown.py
[2025-04-20T21:54:42.843+0800] {processor.py:914} INFO - Processing file /mnt/c/Users/wu_li/OneDrive/Desktop/Airflow_pract/venv/lib/python3.9/site-packages/airflow/example_dags/example_setup_teardown.py for tasks to queue
[2025-04-20T21:54:42.846+0800] {logging_mixin.py:190} INFO - [2025-04-20T21:54:42.845+0800] {dagbag.py:588} INFO - Filling up the DagBag from /mnt/c/Users/wu_li/OneDrive/Desktop/Airflow_pract/venv/lib/python3.9/site-packages/airflow/example_dags/example_setup_teardown.py
[2025-04-20T21:54:42.868+0800] {processor.py:925} INFO - DAG(s) 'example_setup_teardown' retrieved from /mnt/c/Users/wu_li/OneDrive/Desktop/Airflow_pract/venv/lib/python3.9/site-packages/airflow/example_dags/example_setup_teardown.py
[2025-04-20T21:54:42.898+0800] {logging_mixin.py:190} INFO - [2025-04-20T21:54:42.897+0800] {dag.py:3239} INFO - Sync 1 DAGs
[2025-04-20T21:54:42.913+0800] {logging_mixin.py:190} INFO - [2025-04-20T21:54:42.912+0800] {dag.py:4180} INFO - Setting next_dagrun for example_setup_teardown to None, run_after=None
[2025-04-20T21:54:42.971+0800] {processor.py:208} INFO - Processing /mnt/c/Users/wu_li/OneDrive/Desktop/Airflow_pract/venv/lib/python3.9/site-packages/airflow/example_dags/example_setup_teardown.py took 0.144 seconds
[2025-04-20T21:56:41.015+0800] {processor.py:186} INFO - Started process (PID=127024) to work on /mnt/c/Users/wu_li/OneDrive/Desktop/Airflow_pract/venv/lib/python3.9/site-packages/airflow/example_dags/example_setup_teardown.py
[2025-04-20T21:56:41.018+0800] {processor.py:914} INFO - Processing file /mnt/c/Users/wu_li/OneDrive/Desktop/Airflow_pract/venv/lib/python3.9/site-packages/airflow/example_dags/example_setup_teardown.py for tasks to queue
[2025-04-20T21:56:41.043+0800] {logging_mixin.py:190} INFO - [2025-04-20T21:56:41.040+0800] {dagbag.py:588} INFO - Filling up the DagBag from /mnt/c/Users/wu_li/OneDrive/Desktop/Airflow_pract/venv/lib/python3.9/site-packages/airflow/example_dags/example_setup_teardown.py
[2025-04-20T21:56:41.095+0800] {processor.py:925} INFO - DAG(s) 'example_setup_teardown' retrieved from /mnt/c/Users/wu_li/OneDrive/Desktop/Airflow_pract/venv/lib/python3.9/site-packages/airflow/example_dags/example_setup_teardown.py
[2025-04-20T21:56:41.192+0800] {logging_mixin.py:190} INFO - [2025-04-20T21:56:41.191+0800] {dag.py:3239} INFO - Sync 1 DAGs
[2025-04-20T21:56:41.260+0800] {logging_mixin.py:190} INFO - [2025-04-20T21:56:41.241+0800] {dag.py:4180} INFO - Setting next_dagrun for example_setup_teardown to None, run_after=None
[2025-04-20T21:56:41.503+0800] {processor.py:208} INFO - Processing /mnt/c/Users/wu_li/OneDrive/Desktop/Airflow_pract/venv/lib/python3.9/site-packages/airflow/example_dags/example_setup_teardown.py took 0.506 seconds
[2025-04-20T21:57:59.308+0800] {processor.py:186} INFO - Started process (PID=127432) to work on /mnt/c/Users/wu_li/OneDrive/Desktop/Airflow_pract/venv/lib/python3.9/site-packages/airflow/example_dags/example_setup_teardown.py
[2025-04-20T21:57:59.315+0800] {processor.py:914} INFO - Processing file /mnt/c/Users/wu_li/OneDrive/Desktop/Airflow_pract/venv/lib/python3.9/site-packages/airflow/example_dags/example_setup_teardown.py for tasks to queue
[2025-04-20T21:57:59.322+0800] {logging_mixin.py:190} INFO - [2025-04-20T21:57:59.320+0800] {dagbag.py:588} INFO - Filling up the DagBag from /mnt/c/Users/wu_li/OneDrive/Desktop/Airflow_pract/venv/lib/python3.9/site-packages/airflow/example_dags/example_setup_teardown.py
[2025-04-20T21:57:59.387+0800] {processor.py:925} INFO - DAG(s) 'example_setup_teardown' retrieved from /mnt/c/Users/wu_li/OneDrive/Desktop/Airflow_pract/venv/lib/python3.9/site-packages/airflow/example_dags/example_setup_teardown.py
[2025-04-20T21:57:59.479+0800] {logging_mixin.py:190} INFO - [2025-04-20T21:57:59.477+0800] {dag.py:3239} INFO - Sync 1 DAGs
[2025-04-20T21:57:59.517+0800] {logging_mixin.py:190} INFO - [2025-04-20T21:57:59.511+0800] {dag.py:4180} INFO - Setting next_dagrun for example_setup_teardown to None, run_after=None
[2025-04-20T21:57:59.670+0800] {processor.py:208} INFO - Processing /mnt/c/Users/wu_li/OneDrive/Desktop/Airflow_pract/venv/lib/python3.9/site-packages/airflow/example_dags/example_setup_teardown.py took 0.424 seconds
[2025-04-20T21:59:45.139+0800] {processor.py:186} INFO - Started process (PID=128449) to work on /mnt/c/Users/wu_li/OneDrive/Desktop/Airflow_pract/venv/lib/python3.9/site-packages/airflow/example_dags/example_setup_teardown.py
[2025-04-20T21:59:45.145+0800] {processor.py:914} INFO - Processing file /mnt/c/Users/wu_li/OneDrive/Desktop/Airflow_pract/venv/lib/python3.9/site-packages/airflow/example_dags/example_setup_teardown.py for tasks to queue
[2025-04-20T21:59:45.152+0800] {logging_mixin.py:190} INFO - [2025-04-20T21:59:45.149+0800] {dagbag.py:588} INFO - Filling up the DagBag from /mnt/c/Users/wu_li/OneDrive/Desktop/Airflow_pract/venv/lib/python3.9/site-packages/airflow/example_dags/example_setup_teardown.py
[2025-04-20T21:59:45.202+0800] {processor.py:925} INFO - DAG(s) 'example_setup_teardown' retrieved from /mnt/c/Users/wu_li/OneDrive/Desktop/Airflow_pract/venv/lib/python3.9/site-packages/airflow/example_dags/example_setup_teardown.py
[2025-04-20T21:59:45.264+0800] {logging_mixin.py:190} INFO - [2025-04-20T21:59:45.262+0800] {dag.py:3239} INFO - Sync 1 DAGs
[2025-04-20T21:59:45.311+0800] {logging_mixin.py:190} INFO - [2025-04-20T21:59:45.308+0800] {dag.py:4180} INFO - Setting next_dagrun for example_setup_teardown to None, run_after=None
[2025-04-20T21:59:45.485+0800] {processor.py:208} INFO - Processing /mnt/c/Users/wu_li/OneDrive/Desktop/Airflow_pract/venv/lib/python3.9/site-packages/airflow/example_dags/example_setup_teardown.py took 0.374 seconds
[2025-04-20T22:01:38.865+0800] {processor.py:186} INFO - Started process (PID=129321) to work on /mnt/c/Users/wu_li/OneDrive/Desktop/Airflow_pract/venv/lib/python3.9/site-packages/airflow/example_dags/example_setup_teardown.py
[2025-04-20T22:01:38.867+0800] {processor.py:914} INFO - Processing file /mnt/c/Users/wu_li/OneDrive/Desktop/Airflow_pract/venv/lib/python3.9/site-packages/airflow/example_dags/example_setup_teardown.py for tasks to queue
[2025-04-20T22:01:38.874+0800] {logging_mixin.py:190} INFO - [2025-04-20T22:01:38.870+0800] {dagbag.py:588} INFO - Filling up the DagBag from /mnt/c/Users/wu_li/OneDrive/Desktop/Airflow_pract/venv/lib/python3.9/site-packages/airflow/example_dags/example_setup_teardown.py
[2025-04-20T22:01:38.901+0800] {processor.py:925} INFO - DAG(s) 'example_setup_teardown' retrieved from /mnt/c/Users/wu_li/OneDrive/Desktop/Airflow_pract/venv/lib/python3.9/site-packages/airflow/example_dags/example_setup_teardown.py
[2025-04-20T22:01:38.943+0800] {logging_mixin.py:190} INFO - [2025-04-20T22:01:38.942+0800] {dag.py:3239} INFO - Sync 1 DAGs
[2025-04-20T22:01:38.960+0800] {logging_mixin.py:190} INFO - [2025-04-20T22:01:38.959+0800] {dag.py:4180} INFO - Setting next_dagrun for example_setup_teardown to None, run_after=None
[2025-04-20T22:01:39.035+0800] {processor.py:208} INFO - Processing /mnt/c/Users/wu_li/OneDrive/Desktop/Airflow_pract/venv/lib/python3.9/site-packages/airflow/example_dags/example_setup_teardown.py took 0.184 seconds
[2025-04-20T22:03:32.561+0800] {processor.py:186} INFO - Started process (PID=130121) to work on /mnt/c/Users/wu_li/OneDrive/Desktop/Airflow_pract/venv/lib/python3.9/site-packages/airflow/example_dags/example_setup_teardown.py
[2025-04-20T22:03:32.563+0800] {processor.py:914} INFO - Processing file /mnt/c/Users/wu_li/OneDrive/Desktop/Airflow_pract/venv/lib/python3.9/site-packages/airflow/example_dags/example_setup_teardown.py for tasks to queue
[2025-04-20T22:03:32.566+0800] {logging_mixin.py:190} INFO - [2025-04-20T22:03:32.565+0800] {dagbag.py:588} INFO - Filling up the DagBag from /mnt/c/Users/wu_li/OneDrive/Desktop/Airflow_pract/venv/lib/python3.9/site-packages/airflow/example_dags/example_setup_teardown.py
[2025-04-20T22:03:32.593+0800] {processor.py:925} INFO - DAG(s) 'example_setup_teardown' retrieved from /mnt/c/Users/wu_li/OneDrive/Desktop/Airflow_pract/venv/lib/python3.9/site-packages/airflow/example_dags/example_setup_teardown.py
[2025-04-20T22:03:32.634+0800] {logging_mixin.py:190} INFO - [2025-04-20T22:03:32.633+0800] {dag.py:3239} INFO - Sync 1 DAGs
[2025-04-20T22:03:32.653+0800] {logging_mixin.py:190} INFO - [2025-04-20T22:03:32.652+0800] {dag.py:4180} INFO - Setting next_dagrun for example_setup_teardown to None, run_after=None
[2025-04-20T22:03:32.739+0800] {processor.py:208} INFO - Processing /mnt/c/Users/wu_li/OneDrive/Desktop/Airflow_pract/venv/lib/python3.9/site-packages/airflow/example_dags/example_setup_teardown.py took 0.192 seconds
[2025-04-20T22:05:25.332+0800] {processor.py:186} INFO - Started process (PID=130915) to work on /mnt/c/Users/wu_li/OneDrive/Desktop/Airflow_pract/venv/lib/python3.9/site-packages/airflow/example_dags/example_setup_teardown.py
[2025-04-20T22:05:25.335+0800] {processor.py:914} INFO - Processing file /mnt/c/Users/wu_li/OneDrive/Desktop/Airflow_pract/venv/lib/python3.9/site-packages/airflow/example_dags/example_setup_teardown.py for tasks to queue
[2025-04-20T22:05:25.341+0800] {logging_mixin.py:190} INFO - [2025-04-20T22:05:25.339+0800] {dagbag.py:588} INFO - Filling up the DagBag from /mnt/c/Users/wu_li/OneDrive/Desktop/Airflow_pract/venv/lib/python3.9/site-packages/airflow/example_dags/example_setup_teardown.py
[2025-04-20T22:05:25.384+0800] {processor.py:925} INFO - DAG(s) 'example_setup_teardown' retrieved from /mnt/c/Users/wu_li/OneDrive/Desktop/Airflow_pract/venv/lib/python3.9/site-packages/airflow/example_dags/example_setup_teardown.py
[2025-04-20T22:05:25.488+0800] {logging_mixin.py:190} INFO - [2025-04-20T22:05:25.486+0800] {dag.py:3239} INFO - Sync 1 DAGs
[2025-04-20T22:05:25.540+0800] {logging_mixin.py:190} INFO - [2025-04-20T22:05:25.537+0800] {dag.py:4180} INFO - Setting next_dagrun for example_setup_teardown to None, run_after=None
[2025-04-20T22:05:25.771+0800] {processor.py:208} INFO - Processing /mnt/c/Users/wu_li/OneDrive/Desktop/Airflow_pract/venv/lib/python3.9/site-packages/airflow/example_dags/example_setup_teardown.py took 0.464 seconds
