[2025-04-20T20:12:53.117+0800] {processor.py:186} INFO - Started process (PID=64310) to work on /mnt/c/Users/wu_li/OneDrive/Desktop/Airflow_pract/venv/lib/python3.9/site-packages/airflow/example_dags/example_branch_python_dop_operator_3.py
[2025-04-20T20:12:53.127+0800] {processor.py:914} INFO - Processing file /mnt/c/Users/wu_li/OneDrive/Desktop/Airflow_pract/venv/lib/python3.9/site-packages/airflow/example_dags/example_branch_python_dop_operator_3.py for tasks to queue
[2025-04-20T20:12:53.138+0800] {logging_mixin.py:190} INFO - [2025-04-20T20:12:53.131+0800] {dagbag.py:588} INFO - Filling up the DagBag from /mnt/c/Users/wu_li/OneDrive/Desktop/Airflow_pract/venv/lib/python3.9/site-packages/airflow/example_dags/example_branch_python_dop_operator_3.py
[2025-04-20T20:12:53.642+0800] {processor.py:925} INFO - DAG(s) 'example_branch_dop_operator_v3' retrieved from /mnt/c/Users/wu_li/OneDrive/Desktop/Airflow_pract/venv/lib/python3.9/site-packages/airflow/example_dags/example_branch_python_dop_operator_3.py
[2025-04-20T20:12:55.327+0800] {logging_mixin.py:190} INFO - [2025-04-20T20:12:55.321+0800] {override.py:1912} INFO - Created Permission View: can delete on DAG:example_branch_dop_operator_v3
[2025-04-20T20:12:55.386+0800] {logging_mixin.py:190} INFO - [2025-04-20T20:12:55.384+0800] {override.py:1912} INFO - Created Permission View: can read on DAG:example_branch_dop_operator_v3
[2025-04-20T20:12:55.460+0800] {logging_mixin.py:190} INFO - [2025-04-20T20:12:55.458+0800] {override.py:1912} INFO - Created Permission View: can edit on DAG:example_branch_dop_operator_v3
[2025-04-20T20:12:55.536+0800] {logging_mixin.py:190} INFO - [2025-04-20T20:12:55.534+0800] {override.py:1912} INFO - Created Permission View: can delete on DAG Run:example_branch_dop_operator_v3
[2025-04-20T20:12:55.583+0800] {logging_mixin.py:190} INFO - [2025-04-20T20:12:55.581+0800] {override.py:1912} INFO - Created Permission View: can read on DAG Run:example_branch_dop_operator_v3
[2025-04-20T20:12:55.636+0800] {logging_mixin.py:190} INFO - [2025-04-20T20:12:55.634+0800] {override.py:1912} INFO - Created Permission View: can create on DAG Run:example_branch_dop_operator_v3
[2025-04-20T20:12:55.692+0800] {logging_mixin.py:190} INFO - [2025-04-20T20:12:55.690+0800] {override.py:1912} INFO - Created Permission View: menu access on DAG Run:example_branch_dop_operator_v3
[2025-04-20T20:12:55.696+0800] {logging_mixin.py:190} INFO - [2025-04-20T20:12:55.694+0800] {dag.py:3239} INFO - Sync 1 DAGs
[2025-04-20T20:12:55.743+0800] {logging_mixin.py:190} INFO - [2025-04-20T20:12:55.741+0800] {dag.py:3262} INFO - Creating ORM DAG for example_branch_dop_operator_v3
[2025-04-20T20:12:55.787+0800] {logging_mixin.py:190} INFO - [2025-04-20T20:12:55.786+0800] {dag.py:4180} INFO - Setting next_dagrun for example_branch_dop_operator_v3 to 2025-04-20 12:11:00+00:00, run_after=2025-04-20 12:12:00+00:00
[2025-04-20T20:12:55.885+0800] {processor.py:208} INFO - Processing /mnt/c/Users/wu_li/OneDrive/Desktop/Airflow_pract/venv/lib/python3.9/site-packages/airflow/example_dags/example_branch_python_dop_operator_3.py took 2.802 seconds
[2025-04-20T20:18:01.450+0800] {processor.py:186} INFO - Started process (PID=68258) to work on /mnt/c/Users/wu_li/OneDrive/Desktop/Airflow_pract/venv/lib/python3.9/site-packages/airflow/example_dags/example_branch_python_dop_operator_3.py
[2025-04-20T20:18:01.451+0800] {processor.py:914} INFO - Processing file /mnt/c/Users/wu_li/OneDrive/Desktop/Airflow_pract/venv/lib/python3.9/site-packages/airflow/example_dags/example_branch_python_dop_operator_3.py for tasks to queue
[2025-04-20T20:18:01.454+0800] {logging_mixin.py:190} INFO - [2025-04-20T20:18:01.453+0800] {dagbag.py:588} INFO - Filling up the DagBag from /mnt/c/Users/wu_li/OneDrive/Desktop/Airflow_pract/venv/lib/python3.9/site-packages/airflow/example_dags/example_branch_python_dop_operator_3.py
[2025-04-20T20:18:01.648+0800] {processor.py:925} INFO - DAG(s) 'example_branch_dop_operator_v3' retrieved from /mnt/c/Users/wu_li/OneDrive/Desktop/Airflow_pract/venv/lib/python3.9/site-packages/airflow/example_dags/example_branch_python_dop_operator_3.py
[2025-04-20T20:18:01.719+0800] {logging_mixin.py:190} INFO - [2025-04-20T20:18:01.718+0800] {dag.py:3239} INFO - Sync 1 DAGs
[2025-04-20T20:18:01.793+0800] {logging_mixin.py:190} INFO - [2025-04-20T20:18:01.789+0800] {dag.py:4180} INFO - Setting next_dagrun for example_branch_dop_operator_v3 to 2025-04-20 12:17:00+00:00, run_after=2025-04-20 12:18:00+00:00
[2025-04-20T20:18:01.903+0800] {processor.py:208} INFO - Processing /mnt/c/Users/wu_li/OneDrive/Desktop/Airflow_pract/venv/lib/python3.9/site-packages/airflow/example_dags/example_branch_python_dop_operator_3.py took 0.466 seconds
[2025-04-20T20:19:45.996+0800] {processor.py:186} INFO - Started process (PID=69505) to work on /mnt/c/Users/wu_li/OneDrive/Desktop/Airflow_pract/venv/lib/python3.9/site-packages/airflow/example_dags/example_branch_python_dop_operator_3.py
[2025-04-20T20:19:45.997+0800] {processor.py:914} INFO - Processing file /mnt/c/Users/wu_li/OneDrive/Desktop/Airflow_pract/venv/lib/python3.9/site-packages/airflow/example_dags/example_branch_python_dop_operator_3.py for tasks to queue
[2025-04-20T20:19:46.007+0800] {logging_mixin.py:190} INFO - [2025-04-20T20:19:46.000+0800] {dagbag.py:588} INFO - Filling up the DagBag from /mnt/c/Users/wu_li/OneDrive/Desktop/Airflow_pract/venv/lib/python3.9/site-packages/airflow/example_dags/example_branch_python_dop_operator_3.py
[2025-04-20T20:19:46.112+0800] {processor.py:925} INFO - DAG(s) 'example_branch_dop_operator_v3' retrieved from /mnt/c/Users/wu_li/OneDrive/Desktop/Airflow_pract/venv/lib/python3.9/site-packages/airflow/example_dags/example_branch_python_dop_operator_3.py
[2025-04-20T20:19:46.141+0800] {logging_mixin.py:190} INFO - [2025-04-20T20:19:46.140+0800] {dag.py:3239} INFO - Sync 1 DAGs
[2025-04-20T20:19:46.210+0800] {logging_mixin.py:190} INFO - [2025-04-20T20:19:46.209+0800] {dag.py:4180} INFO - Setting next_dagrun for example_branch_dop_operator_v3 to 2025-04-20 12:18:00+00:00, run_after=2025-04-20 12:19:00+00:00
[2025-04-20T20:19:46.287+0800] {processor.py:208} INFO - Processing /mnt/c/Users/wu_li/OneDrive/Desktop/Airflow_pract/venv/lib/python3.9/site-packages/airflow/example_dags/example_branch_python_dop_operator_3.py took 0.304 seconds
[2025-04-20T20:21:41.542+0800] {processor.py:186} INFO - Started process (PID=70478) to work on /mnt/c/Users/wu_li/OneDrive/Desktop/Airflow_pract/venv/lib/python3.9/site-packages/airflow/example_dags/example_branch_python_dop_operator_3.py
[2025-04-20T20:21:41.549+0800] {processor.py:914} INFO - Processing file /mnt/c/Users/wu_li/OneDrive/Desktop/Airflow_pract/venv/lib/python3.9/site-packages/airflow/example_dags/example_branch_python_dop_operator_3.py for tasks to queue
[2025-04-20T20:21:41.559+0800] {logging_mixin.py:190} INFO - [2025-04-20T20:21:41.557+0800] {dagbag.py:588} INFO - Filling up the DagBag from /mnt/c/Users/wu_li/OneDrive/Desktop/Airflow_pract/venv/lib/python3.9/site-packages/airflow/example_dags/example_branch_python_dop_operator_3.py
[2025-04-20T20:21:41.792+0800] {processor.py:925} INFO - DAG(s) 'example_branch_dop_operator_v3' retrieved from /mnt/c/Users/wu_li/OneDrive/Desktop/Airflow_pract/venv/lib/python3.9/site-packages/airflow/example_dags/example_branch_python_dop_operator_3.py
[2025-04-20T20:21:41.873+0800] {logging_mixin.py:190} INFO - [2025-04-20T20:21:41.871+0800] {dag.py:3239} INFO - Sync 1 DAGs
[2025-04-20T20:21:42.048+0800] {logging_mixin.py:190} INFO - [2025-04-20T20:21:42.045+0800] {dag.py:4180} INFO - Setting next_dagrun for example_branch_dop_operator_v3 to 2025-04-20 12:20:00+00:00, run_after=2025-04-20 12:21:00+00:00
[2025-04-20T20:21:42.205+0800] {processor.py:208} INFO - Processing /mnt/c/Users/wu_li/OneDrive/Desktop/Airflow_pract/venv/lib/python3.9/site-packages/airflow/example_dags/example_branch_python_dop_operator_3.py took 0.712 seconds
[2025-04-20T20:23:39.093+0800] {processor.py:186} INFO - Started process (PID=71359) to work on /mnt/c/Users/wu_li/OneDrive/Desktop/Airflow_pract/venv/lib/python3.9/site-packages/airflow/example_dags/example_branch_python_dop_operator_3.py
[2025-04-20T20:23:39.095+0800] {processor.py:914} INFO - Processing file /mnt/c/Users/wu_li/OneDrive/Desktop/Airflow_pract/venv/lib/python3.9/site-packages/airflow/example_dags/example_branch_python_dop_operator_3.py for tasks to queue
[2025-04-20T20:23:39.098+0800] {logging_mixin.py:190} INFO - [2025-04-20T20:23:39.097+0800] {dagbag.py:588} INFO - Filling up the DagBag from /mnt/c/Users/wu_li/OneDrive/Desktop/Airflow_pract/venv/lib/python3.9/site-packages/airflow/example_dags/example_branch_python_dop_operator_3.py
[2025-04-20T20:23:39.163+0800] {processor.py:925} INFO - DAG(s) 'example_branch_dop_operator_v3' retrieved from /mnt/c/Users/wu_li/OneDrive/Desktop/Airflow_pract/venv/lib/python3.9/site-packages/airflow/example_dags/example_branch_python_dop_operator_3.py
[2025-04-20T20:23:39.193+0800] {logging_mixin.py:190} INFO - [2025-04-20T20:23:39.192+0800] {dag.py:3239} INFO - Sync 1 DAGs
[2025-04-20T20:23:39.231+0800] {logging_mixin.py:190} INFO - [2025-04-20T20:23:39.231+0800] {dag.py:4180} INFO - Setting next_dagrun for example_branch_dop_operator_v3 to 2025-04-20 12:22:00+00:00, run_after=2025-04-20 12:23:00+00:00
[2025-04-20T20:23:39.287+0800] {processor.py:208} INFO - Processing /mnt/c/Users/wu_li/OneDrive/Desktop/Airflow_pract/venv/lib/python3.9/site-packages/airflow/example_dags/example_branch_python_dop_operator_3.py took 0.205 seconds
[2025-04-20T20:25:36.175+0800] {processor.py:186} INFO - Started process (PID=72460) to work on /mnt/c/Users/wu_li/OneDrive/Desktop/Airflow_pract/venv/lib/python3.9/site-packages/airflow/example_dags/example_branch_python_dop_operator_3.py
[2025-04-20T20:25:36.180+0800] {processor.py:914} INFO - Processing file /mnt/c/Users/wu_li/OneDrive/Desktop/Airflow_pract/venv/lib/python3.9/site-packages/airflow/example_dags/example_branch_python_dop_operator_3.py for tasks to queue
[2025-04-20T20:25:36.188+0800] {logging_mixin.py:190} INFO - [2025-04-20T20:25:36.186+0800] {dagbag.py:588} INFO - Filling up the DagBag from /mnt/c/Users/wu_li/OneDrive/Desktop/Airflow_pract/venv/lib/python3.9/site-packages/airflow/example_dags/example_branch_python_dop_operator_3.py
[2025-04-20T20:25:36.383+0800] {processor.py:925} INFO - DAG(s) 'example_branch_dop_operator_v3' retrieved from /mnt/c/Users/wu_li/OneDrive/Desktop/Airflow_pract/venv/lib/python3.9/site-packages/airflow/example_dags/example_branch_python_dop_operator_3.py
[2025-04-20T20:25:36.458+0800] {logging_mixin.py:190} INFO - [2025-04-20T20:25:36.452+0800] {dag.py:3239} INFO - Sync 1 DAGs
[2025-04-20T20:25:36.563+0800] {logging_mixin.py:190} INFO - [2025-04-20T20:25:36.562+0800] {dag.py:4180} INFO - Setting next_dagrun for example_branch_dop_operator_v3 to 2025-04-20 12:24:00+00:00, run_after=2025-04-20 12:25:00+00:00
[2025-04-20T20:25:36.684+0800] {processor.py:208} INFO - Processing /mnt/c/Users/wu_li/OneDrive/Desktop/Airflow_pract/venv/lib/python3.9/site-packages/airflow/example_dags/example_branch_python_dop_operator_3.py took 0.584 seconds
[2025-04-20T20:27:31.102+0800] {processor.py:186} INFO - Started process (PID=73633) to work on /mnt/c/Users/wu_li/OneDrive/Desktop/Airflow_pract/venv/lib/python3.9/site-packages/airflow/example_dags/example_branch_python_dop_operator_3.py
[2025-04-20T20:27:31.104+0800] {processor.py:914} INFO - Processing file /mnt/c/Users/wu_li/OneDrive/Desktop/Airflow_pract/venv/lib/python3.9/site-packages/airflow/example_dags/example_branch_python_dop_operator_3.py for tasks to queue
[2025-04-20T20:27:31.109+0800] {logging_mixin.py:190} INFO - [2025-04-20T20:27:31.107+0800] {dagbag.py:588} INFO - Filling up the DagBag from /mnt/c/Users/wu_li/OneDrive/Desktop/Airflow_pract/venv/lib/python3.9/site-packages/airflow/example_dags/example_branch_python_dop_operator_3.py
[2025-04-20T20:27:31.216+0800] {processor.py:925} INFO - DAG(s) 'example_branch_dop_operator_v3' retrieved from /mnt/c/Users/wu_li/OneDrive/Desktop/Airflow_pract/venv/lib/python3.9/site-packages/airflow/example_dags/example_branch_python_dop_operator_3.py
[2025-04-20T20:27:31.255+0800] {logging_mixin.py:190} INFO - [2025-04-20T20:27:31.254+0800] {dag.py:3239} INFO - Sync 1 DAGs
[2025-04-20T20:27:31.334+0800] {logging_mixin.py:190} INFO - [2025-04-20T20:27:31.333+0800] {dag.py:4180} INFO - Setting next_dagrun for example_branch_dop_operator_v3 to 2025-04-20 12:26:00+00:00, run_after=2025-04-20 12:27:00+00:00
[2025-04-20T20:27:31.419+0800] {processor.py:208} INFO - Processing /mnt/c/Users/wu_li/OneDrive/Desktop/Airflow_pract/venv/lib/python3.9/site-packages/airflow/example_dags/example_branch_python_dop_operator_3.py took 0.336 seconds
[2025-04-20T20:37:11.521+0800] {processor.py:186} INFO - Started process (PID=77491) to work on /mnt/c/Users/wu_li/OneDrive/Desktop/Airflow_pract/venv/lib/python3.9/site-packages/airflow/example_dags/example_branch_python_dop_operator_3.py
[2025-04-20T20:37:11.523+0800] {processor.py:914} INFO - Processing file /mnt/c/Users/wu_li/OneDrive/Desktop/Airflow_pract/venv/lib/python3.9/site-packages/airflow/example_dags/example_branch_python_dop_operator_3.py for tasks to queue
[2025-04-20T20:37:11.527+0800] {logging_mixin.py:190} INFO - [2025-04-20T20:37:11.526+0800] {dagbag.py:588} INFO - Filling up the DagBag from /mnt/c/Users/wu_li/OneDrive/Desktop/Airflow_pract/venv/lib/python3.9/site-packages/airflow/example_dags/example_branch_python_dop_operator_3.py
[2025-04-20T20:37:11.577+0800] {processor.py:925} INFO - DAG(s) 'example_branch_dop_operator_v3' retrieved from /mnt/c/Users/wu_li/OneDrive/Desktop/Airflow_pract/venv/lib/python3.9/site-packages/airflow/example_dags/example_branch_python_dop_operator_3.py
[2025-04-20T20:37:11.633+0800] {logging_mixin.py:190} INFO - [2025-04-20T20:37:11.629+0800] {dag.py:3239} INFO - Sync 1 DAGs
[2025-04-20T20:37:11.740+0800] {logging_mixin.py:190} INFO - [2025-04-20T20:37:11.739+0800] {dag.py:4180} INFO - Setting next_dagrun for example_branch_dop_operator_v3 to 2025-04-20 12:36:00+00:00, run_after=2025-04-20 12:37:00+00:00
[2025-04-20T20:37:11.859+0800] {processor.py:208} INFO - Processing /mnt/c/Users/wu_li/OneDrive/Desktop/Airflow_pract/venv/lib/python3.9/site-packages/airflow/example_dags/example_branch_python_dop_operator_3.py took 0.359 seconds
[2025-04-20T20:38:44.102+0800] {processor.py:186} INFO - Started process (PID=78577) to work on /mnt/c/Users/wu_li/OneDrive/Desktop/Airflow_pract/venv/lib/python3.9/site-packages/airflow/example_dags/example_branch_python_dop_operator_3.py
[2025-04-20T20:38:44.104+0800] {processor.py:914} INFO - Processing file /mnt/c/Users/wu_li/OneDrive/Desktop/Airflow_pract/venv/lib/python3.9/site-packages/airflow/example_dags/example_branch_python_dop_operator_3.py for tasks to queue
[2025-04-20T20:38:44.108+0800] {logging_mixin.py:190} INFO - [2025-04-20T20:38:44.105+0800] {dagbag.py:588} INFO - Filling up the DagBag from /mnt/c/Users/wu_li/OneDrive/Desktop/Airflow_pract/venv/lib/python3.9/site-packages/airflow/example_dags/example_branch_python_dop_operator_3.py
[2025-04-20T20:38:44.133+0800] {processor.py:925} INFO - DAG(s) 'example_branch_dop_operator_v3' retrieved from /mnt/c/Users/wu_li/OneDrive/Desktop/Airflow_pract/venv/lib/python3.9/site-packages/airflow/example_dags/example_branch_python_dop_operator_3.py
[2025-04-20T20:38:44.164+0800] {logging_mixin.py:190} INFO - [2025-04-20T20:38:44.163+0800] {dag.py:3239} INFO - Sync 1 DAGs
[2025-04-20T20:38:44.230+0800] {logging_mixin.py:190} INFO - [2025-04-20T20:38:44.229+0800] {dag.py:4180} INFO - Setting next_dagrun for example_branch_dop_operator_v3 to 2025-04-20 12:37:00+00:00, run_after=2025-04-20 12:38:00+00:00
[2025-04-20T20:38:44.305+0800] {processor.py:208} INFO - Processing /mnt/c/Users/wu_li/OneDrive/Desktop/Airflow_pract/venv/lib/python3.9/site-packages/airflow/example_dags/example_branch_python_dop_operator_3.py took 0.215 seconds
[2025-04-20T20:40:20.177+0800] {processor.py:186} INFO - Started process (PID=79583) to work on /mnt/c/Users/wu_li/OneDrive/Desktop/Airflow_pract/venv/lib/python3.9/site-packages/airflow/example_dags/example_branch_python_dop_operator_3.py
[2025-04-20T20:40:20.186+0800] {processor.py:914} INFO - Processing file /mnt/c/Users/wu_li/OneDrive/Desktop/Airflow_pract/venv/lib/python3.9/site-packages/airflow/example_dags/example_branch_python_dop_operator_3.py for tasks to queue
[2025-04-20T20:40:20.193+0800] {logging_mixin.py:190} INFO - [2025-04-20T20:40:20.191+0800] {dagbag.py:588} INFO - Filling up the DagBag from /mnt/c/Users/wu_li/OneDrive/Desktop/Airflow_pract/venv/lib/python3.9/site-packages/airflow/example_dags/example_branch_python_dop_operator_3.py
[2025-04-20T20:40:20.244+0800] {processor.py:925} INFO - DAG(s) 'example_branch_dop_operator_v3' retrieved from /mnt/c/Users/wu_li/OneDrive/Desktop/Airflow_pract/venv/lib/python3.9/site-packages/airflow/example_dags/example_branch_python_dop_operator_3.py
[2025-04-20T20:40:20.305+0800] {logging_mixin.py:190} INFO - [2025-04-20T20:40:20.303+0800] {dag.py:3239} INFO - Sync 1 DAGs
[2025-04-20T20:40:20.390+0800] {logging_mixin.py:190} INFO - [2025-04-20T20:40:20.389+0800] {dag.py:4180} INFO - Setting next_dagrun for example_branch_dop_operator_v3 to 2025-04-20 12:39:00+00:00, run_after=2025-04-20 12:40:00+00:00
[2025-04-20T20:40:20.517+0800] {processor.py:208} INFO - Processing /mnt/c/Users/wu_li/OneDrive/Desktop/Airflow_pract/venv/lib/python3.9/site-packages/airflow/example_dags/example_branch_python_dop_operator_3.py took 0.362 seconds
[2025-04-20T20:42:17.058+0800] {processor.py:186} INFO - Started process (PID=80529) to work on /mnt/c/Users/wu_li/OneDrive/Desktop/Airflow_pract/venv/lib/python3.9/site-packages/airflow/example_dags/example_branch_python_dop_operator_3.py
[2025-04-20T20:42:17.060+0800] {processor.py:914} INFO - Processing file /mnt/c/Users/wu_li/OneDrive/Desktop/Airflow_pract/venv/lib/python3.9/site-packages/airflow/example_dags/example_branch_python_dop_operator_3.py for tasks to queue
[2025-04-20T20:42:17.067+0800] {logging_mixin.py:190} INFO - [2025-04-20T20:42:17.063+0800] {dagbag.py:588} INFO - Filling up the DagBag from /mnt/c/Users/wu_li/OneDrive/Desktop/Airflow_pract/venv/lib/python3.9/site-packages/airflow/example_dags/example_branch_python_dop_operator_3.py
[2025-04-20T20:42:17.126+0800] {processor.py:925} INFO - DAG(s) 'example_branch_dop_operator_v3' retrieved from /mnt/c/Users/wu_li/OneDrive/Desktop/Airflow_pract/venv/lib/python3.9/site-packages/airflow/example_dags/example_branch_python_dop_operator_3.py
[2025-04-20T20:42:17.203+0800] {logging_mixin.py:190} INFO - [2025-04-20T20:42:17.195+0800] {dag.py:3239} INFO - Sync 1 DAGs
[2025-04-20T20:42:17.305+0800] {logging_mixin.py:190} INFO - [2025-04-20T20:42:17.304+0800] {dag.py:4180} INFO - Setting next_dagrun for example_branch_dop_operator_v3 to 2025-04-20 12:41:00+00:00, run_after=2025-04-20 12:42:00+00:00
[2025-04-20T20:42:17.439+0800] {processor.py:208} INFO - Processing /mnt/c/Users/wu_li/OneDrive/Desktop/Airflow_pract/venv/lib/python3.9/site-packages/airflow/example_dags/example_branch_python_dop_operator_3.py took 0.414 seconds
[2025-04-20T20:43:57.694+0800] {processor.py:186} INFO - Started process (PID=81546) to work on /mnt/c/Users/wu_li/OneDrive/Desktop/Airflow_pract/venv/lib/python3.9/site-packages/airflow/example_dags/example_branch_python_dop_operator_3.py
[2025-04-20T20:43:57.695+0800] {processor.py:914} INFO - Processing file /mnt/c/Users/wu_li/OneDrive/Desktop/Airflow_pract/venv/lib/python3.9/site-packages/airflow/example_dags/example_branch_python_dop_operator_3.py for tasks to queue
[2025-04-20T20:43:57.697+0800] {logging_mixin.py:190} INFO - [2025-04-20T20:43:57.697+0800] {dagbag.py:588} INFO - Filling up the DagBag from /mnt/c/Users/wu_li/OneDrive/Desktop/Airflow_pract/venv/lib/python3.9/site-packages/airflow/example_dags/example_branch_python_dop_operator_3.py
[2025-04-20T20:43:57.722+0800] {processor.py:925} INFO - DAG(s) 'example_branch_dop_operator_v3' retrieved from /mnt/c/Users/wu_li/OneDrive/Desktop/Airflow_pract/venv/lib/python3.9/site-packages/airflow/example_dags/example_branch_python_dop_operator_3.py
[2025-04-20T20:43:57.755+0800] {logging_mixin.py:190} INFO - [2025-04-20T20:43:57.753+0800] {dag.py:3239} INFO - Sync 1 DAGs
[2025-04-20T20:43:57.792+0800] {logging_mixin.py:190} INFO - [2025-04-20T20:43:57.791+0800] {dag.py:4180} INFO - Setting next_dagrun for example_branch_dop_operator_v3 to 2025-04-20 12:42:00+00:00, run_after=2025-04-20 12:43:00+00:00
[2025-04-20T20:43:57.861+0800] {processor.py:208} INFO - Processing /mnt/c/Users/wu_li/OneDrive/Desktop/Airflow_pract/venv/lib/python3.9/site-packages/airflow/example_dags/example_branch_python_dop_operator_3.py took 0.179 seconds
[2025-04-20T20:45:39.686+0800] {processor.py:186} INFO - Started process (PID=82408) to work on /mnt/c/Users/wu_li/OneDrive/Desktop/Airflow_pract/venv/lib/python3.9/site-packages/airflow/example_dags/example_branch_python_dop_operator_3.py
[2025-04-20T20:45:39.689+0800] {processor.py:914} INFO - Processing file /mnt/c/Users/wu_li/OneDrive/Desktop/Airflow_pract/venv/lib/python3.9/site-packages/airflow/example_dags/example_branch_python_dop_operator_3.py for tasks to queue
[2025-04-20T20:45:39.696+0800] {logging_mixin.py:190} INFO - [2025-04-20T20:45:39.692+0800] {dagbag.py:588} INFO - Filling up the DagBag from /mnt/c/Users/wu_li/OneDrive/Desktop/Airflow_pract/venv/lib/python3.9/site-packages/airflow/example_dags/example_branch_python_dop_operator_3.py
[2025-04-20T20:45:39.771+0800] {processor.py:925} INFO - DAG(s) 'example_branch_dop_operator_v3' retrieved from /mnt/c/Users/wu_li/OneDrive/Desktop/Airflow_pract/venv/lib/python3.9/site-packages/airflow/example_dags/example_branch_python_dop_operator_3.py
[2025-04-20T20:45:39.835+0800] {logging_mixin.py:190} INFO - [2025-04-20T20:45:39.833+0800] {dag.py:3239} INFO - Sync 1 DAGs
[2025-04-20T20:45:39.946+0800] {logging_mixin.py:190} INFO - [2025-04-20T20:45:39.940+0800] {dag.py:4180} INFO - Setting next_dagrun for example_branch_dop_operator_v3 to 2025-04-20 12:44:00+00:00, run_after=2025-04-20 12:45:00+00:00
[2025-04-20T20:45:40.071+0800] {processor.py:208} INFO - Processing /mnt/c/Users/wu_li/OneDrive/Desktop/Airflow_pract/venv/lib/python3.9/site-packages/airflow/example_dags/example_branch_python_dop_operator_3.py took 0.408 seconds
[2025-04-20T20:47:29.468+0800] {processor.py:186} INFO - Started process (PID=83277) to work on /mnt/c/Users/wu_li/OneDrive/Desktop/Airflow_pract/venv/lib/python3.9/site-packages/airflow/example_dags/example_branch_python_dop_operator_3.py
[2025-04-20T20:47:29.471+0800] {processor.py:914} INFO - Processing file /mnt/c/Users/wu_li/OneDrive/Desktop/Airflow_pract/venv/lib/python3.9/site-packages/airflow/example_dags/example_branch_python_dop_operator_3.py for tasks to queue
[2025-04-20T20:47:29.482+0800] {logging_mixin.py:190} INFO - [2025-04-20T20:47:29.478+0800] {dagbag.py:588} INFO - Filling up the DagBag from /mnt/c/Users/wu_li/OneDrive/Desktop/Airflow_pract/venv/lib/python3.9/site-packages/airflow/example_dags/example_branch_python_dop_operator_3.py
[2025-04-20T20:47:29.558+0800] {processor.py:925} INFO - DAG(s) 'example_branch_dop_operator_v3' retrieved from /mnt/c/Users/wu_li/OneDrive/Desktop/Airflow_pract/venv/lib/python3.9/site-packages/airflow/example_dags/example_branch_python_dop_operator_3.py
[2025-04-20T20:47:29.654+0800] {logging_mixin.py:190} INFO - [2025-04-20T20:47:29.652+0800] {dag.py:3239} INFO - Sync 1 DAGs
[2025-04-20T20:47:29.751+0800] {logging_mixin.py:190} INFO - [2025-04-20T20:47:29.750+0800] {dag.py:4180} INFO - Setting next_dagrun for example_branch_dop_operator_v3 to 2025-04-20 12:46:00+00:00, run_after=2025-04-20 12:47:00+00:00
[2025-04-20T20:47:29.875+0800] {processor.py:208} INFO - Processing /mnt/c/Users/wu_li/OneDrive/Desktop/Airflow_pract/venv/lib/python3.9/site-packages/airflow/example_dags/example_branch_python_dop_operator_3.py took 0.440 seconds
[2025-04-20T20:49:13.976+0800] {processor.py:186} INFO - Started process (PID=84290) to work on /mnt/c/Users/wu_li/OneDrive/Desktop/Airflow_pract/venv/lib/python3.9/site-packages/airflow/example_dags/example_branch_python_dop_operator_3.py
[2025-04-20T20:49:13.981+0800] {processor.py:914} INFO - Processing file /mnt/c/Users/wu_li/OneDrive/Desktop/Airflow_pract/venv/lib/python3.9/site-packages/airflow/example_dags/example_branch_python_dop_operator_3.py for tasks to queue
[2025-04-20T20:49:13.985+0800] {logging_mixin.py:190} INFO - [2025-04-20T20:49:13.984+0800] {dagbag.py:588} INFO - Filling up the DagBag from /mnt/c/Users/wu_li/OneDrive/Desktop/Airflow_pract/venv/lib/python3.9/site-packages/airflow/example_dags/example_branch_python_dop_operator_3.py
[2025-04-20T20:49:14.053+0800] {processor.py:925} INFO - DAG(s) 'example_branch_dop_operator_v3' retrieved from /mnt/c/Users/wu_li/OneDrive/Desktop/Airflow_pract/venv/lib/python3.9/site-packages/airflow/example_dags/example_branch_python_dop_operator_3.py
[2025-04-20T20:49:14.138+0800] {logging_mixin.py:190} INFO - [2025-04-20T20:49:14.136+0800] {dag.py:3239} INFO - Sync 1 DAGs
[2025-04-20T20:49:14.231+0800] {logging_mixin.py:190} INFO - [2025-04-20T20:49:14.229+0800] {dag.py:4180} INFO - Setting next_dagrun for example_branch_dop_operator_v3 to 2025-04-20 12:48:00+00:00, run_after=2025-04-20 12:49:00+00:00
[2025-04-20T20:49:14.366+0800] {processor.py:208} INFO - Processing /mnt/c/Users/wu_li/OneDrive/Desktop/Airflow_pract/venv/lib/python3.9/site-packages/airflow/example_dags/example_branch_python_dop_operator_3.py took 0.401 seconds
[2025-04-20T20:51:12.562+0800] {processor.py:186} INFO - Started process (PID=85130) to work on /mnt/c/Users/wu_li/OneDrive/Desktop/Airflow_pract/venv/lib/python3.9/site-packages/airflow/example_dags/example_branch_python_dop_operator_3.py
[2025-04-20T20:51:12.564+0800] {processor.py:914} INFO - Processing file /mnt/c/Users/wu_li/OneDrive/Desktop/Airflow_pract/venv/lib/python3.9/site-packages/airflow/example_dags/example_branch_python_dop_operator_3.py for tasks to queue
[2025-04-20T20:51:12.570+0800] {logging_mixin.py:190} INFO - [2025-04-20T20:51:12.566+0800] {dagbag.py:588} INFO - Filling up the DagBag from /mnt/c/Users/wu_li/OneDrive/Desktop/Airflow_pract/venv/lib/python3.9/site-packages/airflow/example_dags/example_branch_python_dop_operator_3.py
[2025-04-20T20:51:12.602+0800] {processor.py:925} INFO - DAG(s) 'example_branch_dop_operator_v3' retrieved from /mnt/c/Users/wu_li/OneDrive/Desktop/Airflow_pract/venv/lib/python3.9/site-packages/airflow/example_dags/example_branch_python_dop_operator_3.py
[2025-04-20T20:51:12.633+0800] {logging_mixin.py:190} INFO - [2025-04-20T20:51:12.632+0800] {dag.py:3239} INFO - Sync 1 DAGs
[2025-04-20T20:51:12.681+0800] {logging_mixin.py:190} INFO - [2025-04-20T20:51:12.681+0800] {dag.py:4180} INFO - Setting next_dagrun for example_branch_dop_operator_v3 to 2025-04-20 12:50:00+00:00, run_after=2025-04-20 12:51:00+00:00
[2025-04-20T20:51:12.756+0800] {processor.py:208} INFO - Processing /mnt/c/Users/wu_li/OneDrive/Desktop/Airflow_pract/venv/lib/python3.9/site-packages/airflow/example_dags/example_branch_python_dop_operator_3.py took 0.211 seconds
[2025-04-20T20:53:04.494+0800] {processor.py:186} INFO - Started process (PID=86107) to work on /mnt/c/Users/wu_li/OneDrive/Desktop/Airflow_pract/venv/lib/python3.9/site-packages/airflow/example_dags/example_branch_python_dop_operator_3.py
[2025-04-20T20:53:04.498+0800] {processor.py:914} INFO - Processing file /mnt/c/Users/wu_li/OneDrive/Desktop/Airflow_pract/venv/lib/python3.9/site-packages/airflow/example_dags/example_branch_python_dop_operator_3.py for tasks to queue
[2025-04-20T20:53:04.501+0800] {logging_mixin.py:190} INFO - [2025-04-20T20:53:04.500+0800] {dagbag.py:588} INFO - Filling up the DagBag from /mnt/c/Users/wu_li/OneDrive/Desktop/Airflow_pract/venv/lib/python3.9/site-packages/airflow/example_dags/example_branch_python_dop_operator_3.py
[2025-04-20T20:53:04.529+0800] {processor.py:925} INFO - DAG(s) 'example_branch_dop_operator_v3' retrieved from /mnt/c/Users/wu_li/OneDrive/Desktop/Airflow_pract/venv/lib/python3.9/site-packages/airflow/example_dags/example_branch_python_dop_operator_3.py
[2025-04-20T20:53:04.559+0800] {logging_mixin.py:190} INFO - [2025-04-20T20:53:04.558+0800] {dag.py:3239} INFO - Sync 1 DAGs
[2025-04-20T20:53:04.620+0800] {logging_mixin.py:190} INFO - [2025-04-20T20:53:04.619+0800] {dag.py:4180} INFO - Setting next_dagrun for example_branch_dop_operator_v3 to 2025-04-20 12:52:00+00:00, run_after=2025-04-20 12:53:00+00:00
[2025-04-20T20:53:04.688+0800] {processor.py:208} INFO - Processing /mnt/c/Users/wu_li/OneDrive/Desktop/Airflow_pract/venv/lib/python3.9/site-packages/airflow/example_dags/example_branch_python_dop_operator_3.py took 0.210 seconds
[2025-04-20T20:54:32.658+0800] {processor.py:186} INFO - Started process (PID=87042) to work on /mnt/c/Users/wu_li/OneDrive/Desktop/Airflow_pract/venv/lib/python3.9/site-packages/airflow/example_dags/example_branch_python_dop_operator_3.py
[2025-04-20T20:54:32.660+0800] {processor.py:914} INFO - Processing file /mnt/c/Users/wu_li/OneDrive/Desktop/Airflow_pract/venv/lib/python3.9/site-packages/airflow/example_dags/example_branch_python_dop_operator_3.py for tasks to queue
[2025-04-20T20:54:32.662+0800] {logging_mixin.py:190} INFO - [2025-04-20T20:54:32.661+0800] {dagbag.py:588} INFO - Filling up the DagBag from /mnt/c/Users/wu_li/OneDrive/Desktop/Airflow_pract/venv/lib/python3.9/site-packages/airflow/example_dags/example_branch_python_dop_operator_3.py
[2025-04-20T20:54:32.685+0800] {processor.py:925} INFO - DAG(s) 'example_branch_dop_operator_v3' retrieved from /mnt/c/Users/wu_li/OneDrive/Desktop/Airflow_pract/venv/lib/python3.9/site-packages/airflow/example_dags/example_branch_python_dop_operator_3.py
[2025-04-20T20:54:32.712+0800] {logging_mixin.py:190} INFO - [2025-04-20T20:54:32.711+0800] {dag.py:3239} INFO - Sync 1 DAGs
[2025-04-20T20:54:32.748+0800] {logging_mixin.py:190} INFO - [2025-04-20T20:54:32.747+0800] {dag.py:4180} INFO - Setting next_dagrun for example_branch_dop_operator_v3 to 2025-04-20 12:53:00+00:00, run_after=2025-04-20 12:54:00+00:00
[2025-04-20T20:54:32.807+0800] {processor.py:208} INFO - Processing /mnt/c/Users/wu_li/OneDrive/Desktop/Airflow_pract/venv/lib/python3.9/site-packages/airflow/example_dags/example_branch_python_dop_operator_3.py took 0.160 seconds
[2025-04-20T20:56:03.037+0800] {processor.py:186} INFO - Started process (PID=87975) to work on /mnt/c/Users/wu_li/OneDrive/Desktop/Airflow_pract/venv/lib/python3.9/site-packages/airflow/example_dags/example_branch_python_dop_operator_3.py
[2025-04-20T20:56:03.040+0800] {processor.py:914} INFO - Processing file /mnt/c/Users/wu_li/OneDrive/Desktop/Airflow_pract/venv/lib/python3.9/site-packages/airflow/example_dags/example_branch_python_dop_operator_3.py for tasks to queue
[2025-04-20T20:56:03.046+0800] {logging_mixin.py:190} INFO - [2025-04-20T20:56:03.045+0800] {dagbag.py:588} INFO - Filling up the DagBag from /mnt/c/Users/wu_li/OneDrive/Desktop/Airflow_pract/venv/lib/python3.9/site-packages/airflow/example_dags/example_branch_python_dop_operator_3.py
[2025-04-20T20:56:03.081+0800] {processor.py:925} INFO - DAG(s) 'example_branch_dop_operator_v3' retrieved from /mnt/c/Users/wu_li/OneDrive/Desktop/Airflow_pract/venv/lib/python3.9/site-packages/airflow/example_dags/example_branch_python_dop_operator_3.py
[2025-04-20T20:56:03.138+0800] {logging_mixin.py:190} INFO - [2025-04-20T20:56:03.137+0800] {dag.py:3239} INFO - Sync 1 DAGs
[2025-04-20T20:56:03.193+0800] {logging_mixin.py:190} INFO - [2025-04-20T20:56:03.192+0800] {dag.py:4180} INFO - Setting next_dagrun for example_branch_dop_operator_v3 to 2025-04-20 12:55:00+00:00, run_after=2025-04-20 12:56:00+00:00
[2025-04-20T20:56:03.261+0800] {processor.py:208} INFO - Processing /mnt/c/Users/wu_li/OneDrive/Desktop/Airflow_pract/venv/lib/python3.9/site-packages/airflow/example_dags/example_branch_python_dop_operator_3.py took 0.241 seconds
[2025-04-20T20:57:33.300+0800] {processor.py:186} INFO - Started process (PID=89055) to work on /mnt/c/Users/wu_li/OneDrive/Desktop/Airflow_pract/venv/lib/python3.9/site-packages/airflow/example_dags/example_branch_python_dop_operator_3.py
[2025-04-20T20:57:33.302+0800] {processor.py:914} INFO - Processing file /mnt/c/Users/wu_li/OneDrive/Desktop/Airflow_pract/venv/lib/python3.9/site-packages/airflow/example_dags/example_branch_python_dop_operator_3.py for tasks to queue
[2025-04-20T20:57:33.306+0800] {logging_mixin.py:190} INFO - [2025-04-20T20:57:33.305+0800] {dagbag.py:588} INFO - Filling up the DagBag from /mnt/c/Users/wu_li/OneDrive/Desktop/Airflow_pract/venv/lib/python3.9/site-packages/airflow/example_dags/example_branch_python_dop_operator_3.py
[2025-04-20T20:57:33.352+0800] {processor.py:925} INFO - DAG(s) 'example_branch_dop_operator_v3' retrieved from /mnt/c/Users/wu_li/OneDrive/Desktop/Airflow_pract/venv/lib/python3.9/site-packages/airflow/example_dags/example_branch_python_dop_operator_3.py
[2025-04-20T20:57:33.392+0800] {logging_mixin.py:190} INFO - [2025-04-20T20:57:33.391+0800] {dag.py:3239} INFO - Sync 1 DAGs
[2025-04-20T20:57:33.480+0800] {logging_mixin.py:190} INFO - [2025-04-20T20:57:33.478+0800] {dag.py:4180} INFO - Setting next_dagrun for example_branch_dop_operator_v3 to 2025-04-20 12:56:00+00:00, run_after=2025-04-20 12:57:00+00:00
[2025-04-20T20:57:33.559+0800] {processor.py:208} INFO - Processing /mnt/c/Users/wu_li/OneDrive/Desktop/Airflow_pract/venv/lib/python3.9/site-packages/airflow/example_dags/example_branch_python_dop_operator_3.py took 0.276 seconds
[2025-04-20T20:59:02.471+0800] {processor.py:186} INFO - Started process (PID=90064) to work on /mnt/c/Users/wu_li/OneDrive/Desktop/Airflow_pract/venv/lib/python3.9/site-packages/airflow/example_dags/example_branch_python_dop_operator_3.py
[2025-04-20T20:59:02.474+0800] {processor.py:914} INFO - Processing file /mnt/c/Users/wu_li/OneDrive/Desktop/Airflow_pract/venv/lib/python3.9/site-packages/airflow/example_dags/example_branch_python_dop_operator_3.py for tasks to queue
[2025-04-20T20:59:02.478+0800] {logging_mixin.py:190} INFO - [2025-04-20T20:59:02.476+0800] {dagbag.py:588} INFO - Filling up the DagBag from /mnt/c/Users/wu_li/OneDrive/Desktop/Airflow_pract/venv/lib/python3.9/site-packages/airflow/example_dags/example_branch_python_dop_operator_3.py
[2025-04-20T20:59:02.521+0800] {processor.py:925} INFO - DAG(s) 'example_branch_dop_operator_v3' retrieved from /mnt/c/Users/wu_li/OneDrive/Desktop/Airflow_pract/venv/lib/python3.9/site-packages/airflow/example_dags/example_branch_python_dop_operator_3.py
[2025-04-20T20:59:02.563+0800] {logging_mixin.py:190} INFO - [2025-04-20T20:59:02.562+0800] {dag.py:3239} INFO - Sync 1 DAGs
[2025-04-20T20:59:02.629+0800] {logging_mixin.py:190} INFO - [2025-04-20T20:59:02.628+0800] {dag.py:4180} INFO - Setting next_dagrun for example_branch_dop_operator_v3 to 2025-04-20 12:58:00+00:00, run_after=2025-04-20 12:59:00+00:00
[2025-04-20T20:59:02.710+0800] {processor.py:208} INFO - Processing /mnt/c/Users/wu_li/OneDrive/Desktop/Airflow_pract/venv/lib/python3.9/site-packages/airflow/example_dags/example_branch_python_dop_operator_3.py took 0.263 seconds
[2025-04-20T21:00:28.170+0800] {processor.py:186} INFO - Started process (PID=91068) to work on /mnt/c/Users/wu_li/OneDrive/Desktop/Airflow_pract/venv/lib/python3.9/site-packages/airflow/example_dags/example_branch_python_dop_operator_3.py
[2025-04-20T21:00:28.173+0800] {processor.py:914} INFO - Processing file /mnt/c/Users/wu_li/OneDrive/Desktop/Airflow_pract/venv/lib/python3.9/site-packages/airflow/example_dags/example_branch_python_dop_operator_3.py for tasks to queue
[2025-04-20T21:00:28.177+0800] {logging_mixin.py:190} INFO - [2025-04-20T21:00:28.175+0800] {dagbag.py:588} INFO - Filling up the DagBag from /mnt/c/Users/wu_li/OneDrive/Desktop/Airflow_pract/venv/lib/python3.9/site-packages/airflow/example_dags/example_branch_python_dop_operator_3.py
[2025-04-20T21:00:28.216+0800] {processor.py:925} INFO - DAG(s) 'example_branch_dop_operator_v3' retrieved from /mnt/c/Users/wu_li/OneDrive/Desktop/Airflow_pract/venv/lib/python3.9/site-packages/airflow/example_dags/example_branch_python_dop_operator_3.py
[2025-04-20T21:00:28.257+0800] {logging_mixin.py:190} INFO - [2025-04-20T21:00:28.256+0800] {dag.py:3239} INFO - Sync 1 DAGs
[2025-04-20T21:00:28.344+0800] {logging_mixin.py:190} INFO - [2025-04-20T21:00:28.343+0800] {dag.py:4180} INFO - Setting next_dagrun for example_branch_dop_operator_v3 to 2025-04-20 12:59:00+00:00, run_after=2025-04-20 13:00:00+00:00
[2025-04-20T21:00:28.439+0800] {processor.py:208} INFO - Processing /mnt/c/Users/wu_li/OneDrive/Desktop/Airflow_pract/venv/lib/python3.9/site-packages/airflow/example_dags/example_branch_python_dop_operator_3.py took 0.286 seconds
[2025-04-20T21:02:02.713+0800] {processor.py:186} INFO - Started process (PID=92080) to work on /mnt/c/Users/wu_li/OneDrive/Desktop/Airflow_pract/venv/lib/python3.9/site-packages/airflow/example_dags/example_branch_python_dop_operator_3.py
[2025-04-20T21:02:02.715+0800] {processor.py:914} INFO - Processing file /mnt/c/Users/wu_li/OneDrive/Desktop/Airflow_pract/venv/lib/python3.9/site-packages/airflow/example_dags/example_branch_python_dop_operator_3.py for tasks to queue
[2025-04-20T21:02:02.718+0800] {logging_mixin.py:190} INFO - [2025-04-20T21:02:02.717+0800] {dagbag.py:588} INFO - Filling up the DagBag from /mnt/c/Users/wu_li/OneDrive/Desktop/Airflow_pract/venv/lib/python3.9/site-packages/airflow/example_dags/example_branch_python_dop_operator_3.py
[2025-04-20T21:02:02.750+0800] {processor.py:925} INFO - DAG(s) 'example_branch_dop_operator_v3' retrieved from /mnt/c/Users/wu_li/OneDrive/Desktop/Airflow_pract/venv/lib/python3.9/site-packages/airflow/example_dags/example_branch_python_dop_operator_3.py
[2025-04-20T21:02:02.775+0800] {logging_mixin.py:190} INFO - [2025-04-20T21:02:02.774+0800] {dag.py:3239} INFO - Sync 1 DAGs
[2025-04-20T21:02:02.807+0800] {logging_mixin.py:190} INFO - [2025-04-20T21:02:02.806+0800] {dag.py:4180} INFO - Setting next_dagrun for example_branch_dop_operator_v3 to 2025-04-20 13:01:00+00:00, run_after=2025-04-20 13:02:00+00:00
[2025-04-20T21:02:02.872+0800] {processor.py:208} INFO - Processing /mnt/c/Users/wu_li/OneDrive/Desktop/Airflow_pract/venv/lib/python3.9/site-packages/airflow/example_dags/example_branch_python_dop_operator_3.py took 0.171 seconds
[2025-04-20T21:03:27.261+0800] {processor.py:186} INFO - Started process (PID=93127) to work on /mnt/c/Users/wu_li/OneDrive/Desktop/Airflow_pract/venv/lib/python3.9/site-packages/airflow/example_dags/example_branch_python_dop_operator_3.py
[2025-04-20T21:03:27.263+0800] {processor.py:914} INFO - Processing file /mnt/c/Users/wu_li/OneDrive/Desktop/Airflow_pract/venv/lib/python3.9/site-packages/airflow/example_dags/example_branch_python_dop_operator_3.py for tasks to queue
[2025-04-20T21:03:27.266+0800] {logging_mixin.py:190} INFO - [2025-04-20T21:03:27.265+0800] {dagbag.py:588} INFO - Filling up the DagBag from /mnt/c/Users/wu_li/OneDrive/Desktop/Airflow_pract/venv/lib/python3.9/site-packages/airflow/example_dags/example_branch_python_dop_operator_3.py
[2025-04-20T21:03:27.297+0800] {processor.py:925} INFO - DAG(s) 'example_branch_dop_operator_v3' retrieved from /mnt/c/Users/wu_li/OneDrive/Desktop/Airflow_pract/venv/lib/python3.9/site-packages/airflow/example_dags/example_branch_python_dop_operator_3.py
[2025-04-20T21:03:27.328+0800] {logging_mixin.py:190} INFO - [2025-04-20T21:03:27.327+0800] {dag.py:3239} INFO - Sync 1 DAGs
[2025-04-20T21:03:27.361+0800] {logging_mixin.py:190} INFO - [2025-04-20T21:03:27.361+0800] {dag.py:4180} INFO - Setting next_dagrun for example_branch_dop_operator_v3 to 2025-04-20 13:02:00+00:00, run_after=2025-04-20 13:03:00+00:00
[2025-04-20T21:03:27.420+0800] {processor.py:208} INFO - Processing /mnt/c/Users/wu_li/OneDrive/Desktop/Airflow_pract/venv/lib/python3.9/site-packages/airflow/example_dags/example_branch_python_dop_operator_3.py took 0.170 seconds
[2025-04-20T21:04:56.433+0800] {processor.py:186} INFO - Started process (PID=94166) to work on /mnt/c/Users/wu_li/OneDrive/Desktop/Airflow_pract/venv/lib/python3.9/site-packages/airflow/example_dags/example_branch_python_dop_operator_3.py
[2025-04-20T21:04:56.435+0800] {processor.py:914} INFO - Processing file /mnt/c/Users/wu_li/OneDrive/Desktop/Airflow_pract/venv/lib/python3.9/site-packages/airflow/example_dags/example_branch_python_dop_operator_3.py for tasks to queue
[2025-04-20T21:04:56.437+0800] {logging_mixin.py:190} INFO - [2025-04-20T21:04:56.436+0800] {dagbag.py:588} INFO - Filling up the DagBag from /mnt/c/Users/wu_li/OneDrive/Desktop/Airflow_pract/venv/lib/python3.9/site-packages/airflow/example_dags/example_branch_python_dop_operator_3.py
[2025-04-20T21:04:56.461+0800] {processor.py:925} INFO - DAG(s) 'example_branch_dop_operator_v3' retrieved from /mnt/c/Users/wu_li/OneDrive/Desktop/Airflow_pract/venv/lib/python3.9/site-packages/airflow/example_dags/example_branch_python_dop_operator_3.py
[2025-04-20T21:04:56.485+0800] {logging_mixin.py:190} INFO - [2025-04-20T21:04:56.484+0800] {dag.py:3239} INFO - Sync 1 DAGs
[2025-04-20T21:04:56.520+0800] {logging_mixin.py:190} INFO - [2025-04-20T21:04:56.519+0800] {dag.py:4180} INFO - Setting next_dagrun for example_branch_dop_operator_v3 to 2025-04-20 13:03:00+00:00, run_after=2025-04-20 13:04:00+00:00
[2025-04-20T21:04:56.573+0800] {processor.py:208} INFO - Processing /mnt/c/Users/wu_li/OneDrive/Desktop/Airflow_pract/venv/lib/python3.9/site-packages/airflow/example_dags/example_branch_python_dop_operator_3.py took 0.150 seconds
[2025-04-20T21:06:29.204+0800] {processor.py:186} INFO - Started process (PID=95316) to work on /mnt/c/Users/wu_li/OneDrive/Desktop/Airflow_pract/venv/lib/python3.9/site-packages/airflow/example_dags/example_branch_python_dop_operator_3.py
[2025-04-20T21:06:29.206+0800] {processor.py:914} INFO - Processing file /mnt/c/Users/wu_li/OneDrive/Desktop/Airflow_pract/venv/lib/python3.9/site-packages/airflow/example_dags/example_branch_python_dop_operator_3.py for tasks to queue
[2025-04-20T21:06:29.211+0800] {logging_mixin.py:190} INFO - [2025-04-20T21:06:29.210+0800] {dagbag.py:588} INFO - Filling up the DagBag from /mnt/c/Users/wu_li/OneDrive/Desktop/Airflow_pract/venv/lib/python3.9/site-packages/airflow/example_dags/example_branch_python_dop_operator_3.py
[2025-04-20T21:06:29.246+0800] {processor.py:925} INFO - DAG(s) 'example_branch_dop_operator_v3' retrieved from /mnt/c/Users/wu_li/OneDrive/Desktop/Airflow_pract/venv/lib/python3.9/site-packages/airflow/example_dags/example_branch_python_dop_operator_3.py
[2025-04-20T21:06:29.331+0800] {logging_mixin.py:190} INFO - [2025-04-20T21:06:29.329+0800] {dag.py:3239} INFO - Sync 1 DAGs
[2025-04-20T21:06:29.410+0800] {logging_mixin.py:190} INFO - [2025-04-20T21:06:29.402+0800] {dag.py:4180} INFO - Setting next_dagrun for example_branch_dop_operator_v3 to 2025-04-20 13:05:00+00:00, run_after=2025-04-20 13:06:00+00:00
[2025-04-20T21:06:29.551+0800] {processor.py:208} INFO - Processing /mnt/c/Users/wu_li/OneDrive/Desktop/Airflow_pract/venv/lib/python3.9/site-packages/airflow/example_dags/example_branch_python_dop_operator_3.py took 0.372 seconds
[2025-04-20T21:08:01.376+0800] {processor.py:186} INFO - Started process (PID=96398) to work on /mnt/c/Users/wu_li/OneDrive/Desktop/Airflow_pract/venv/lib/python3.9/site-packages/airflow/example_dags/example_branch_python_dop_operator_3.py
[2025-04-20T21:08:01.379+0800] {processor.py:914} INFO - Processing file /mnt/c/Users/wu_li/OneDrive/Desktop/Airflow_pract/venv/lib/python3.9/site-packages/airflow/example_dags/example_branch_python_dop_operator_3.py for tasks to queue
[2025-04-20T21:08:01.384+0800] {logging_mixin.py:190} INFO - [2025-04-20T21:08:01.383+0800] {dagbag.py:588} INFO - Filling up the DagBag from /mnt/c/Users/wu_li/OneDrive/Desktop/Airflow_pract/venv/lib/python3.9/site-packages/airflow/example_dags/example_branch_python_dop_operator_3.py
[2025-04-20T21:08:01.426+0800] {processor.py:925} INFO - DAG(s) 'example_branch_dop_operator_v3' retrieved from /mnt/c/Users/wu_li/OneDrive/Desktop/Airflow_pract/venv/lib/python3.9/site-packages/airflow/example_dags/example_branch_python_dop_operator_3.py
[2025-04-20T21:08:01.469+0800] {logging_mixin.py:190} INFO - [2025-04-20T21:08:01.468+0800] {dag.py:3239} INFO - Sync 1 DAGs
[2025-04-20T21:08:01.553+0800] {logging_mixin.py:190} INFO - [2025-04-20T21:08:01.552+0800] {dag.py:4180} INFO - Setting next_dagrun for example_branch_dop_operator_v3 to 2025-04-20 13:07:00+00:00, run_after=2025-04-20 13:08:00+00:00
[2025-04-20T21:08:01.668+0800] {processor.py:208} INFO - Processing /mnt/c/Users/wu_li/OneDrive/Desktop/Airflow_pract/venv/lib/python3.9/site-packages/airflow/example_dags/example_branch_python_dop_operator_3.py took 0.311 seconds
[2025-04-20T21:09:30.734+0800] {processor.py:186} INFO - Started process (PID=97477) to work on /mnt/c/Users/wu_li/OneDrive/Desktop/Airflow_pract/venv/lib/python3.9/site-packages/airflow/example_dags/example_branch_python_dop_operator_3.py
[2025-04-20T21:09:30.736+0800] {processor.py:914} INFO - Processing file /mnt/c/Users/wu_li/OneDrive/Desktop/Airflow_pract/venv/lib/python3.9/site-packages/airflow/example_dags/example_branch_python_dop_operator_3.py for tasks to queue
[2025-04-20T21:09:30.741+0800] {logging_mixin.py:190} INFO - [2025-04-20T21:09:30.739+0800] {dagbag.py:588} INFO - Filling up the DagBag from /mnt/c/Users/wu_li/OneDrive/Desktop/Airflow_pract/venv/lib/python3.9/site-packages/airflow/example_dags/example_branch_python_dop_operator_3.py
[2025-04-20T21:09:30.783+0800] {processor.py:925} INFO - DAG(s) 'example_branch_dop_operator_v3' retrieved from /mnt/c/Users/wu_li/OneDrive/Desktop/Airflow_pract/venv/lib/python3.9/site-packages/airflow/example_dags/example_branch_python_dop_operator_3.py
[2025-04-20T21:09:30.828+0800] {logging_mixin.py:190} INFO - [2025-04-20T21:09:30.826+0800] {dag.py:3239} INFO - Sync 1 DAGs
[2025-04-20T21:09:30.904+0800] {logging_mixin.py:190} INFO - [2025-04-20T21:09:30.902+0800] {dag.py:4180} INFO - Setting next_dagrun for example_branch_dop_operator_v3 to 2025-04-20 13:08:00+00:00, run_after=2025-04-20 13:09:00+00:00
[2025-04-20T21:09:31.012+0800] {processor.py:208} INFO - Processing /mnt/c/Users/wu_li/OneDrive/Desktop/Airflow_pract/venv/lib/python3.9/site-packages/airflow/example_dags/example_branch_python_dop_operator_3.py took 0.297 seconds
[2025-04-20T21:11:02.771+0800] {processor.py:186} INFO - Started process (PID=98558) to work on /mnt/c/Users/wu_li/OneDrive/Desktop/Airflow_pract/venv/lib/python3.9/site-packages/airflow/example_dags/example_branch_python_dop_operator_3.py
[2025-04-20T21:11:02.774+0800] {processor.py:914} INFO - Processing file /mnt/c/Users/wu_li/OneDrive/Desktop/Airflow_pract/venv/lib/python3.9/site-packages/airflow/example_dags/example_branch_python_dop_operator_3.py for tasks to queue
[2025-04-20T21:11:02.778+0800] {logging_mixin.py:190} INFO - [2025-04-20T21:11:02.776+0800] {dagbag.py:588} INFO - Filling up the DagBag from /mnt/c/Users/wu_li/OneDrive/Desktop/Airflow_pract/venv/lib/python3.9/site-packages/airflow/example_dags/example_branch_python_dop_operator_3.py
[2025-04-20T21:11:02.816+0800] {processor.py:925} INFO - DAG(s) 'example_branch_dop_operator_v3' retrieved from /mnt/c/Users/wu_li/OneDrive/Desktop/Airflow_pract/venv/lib/python3.9/site-packages/airflow/example_dags/example_branch_python_dop_operator_3.py
[2025-04-20T21:11:02.856+0800] {logging_mixin.py:190} INFO - [2025-04-20T21:11:02.855+0800] {dag.py:3239} INFO - Sync 1 DAGs
[2025-04-20T21:11:02.934+0800] {logging_mixin.py:190} INFO - [2025-04-20T21:11:02.933+0800] {dag.py:4180} INFO - Setting next_dagrun for example_branch_dop_operator_v3 to 2025-04-20 13:10:00+00:00, run_after=2025-04-20 13:11:00+00:00
[2025-04-20T21:11:03.031+0800] {processor.py:208} INFO - Processing /mnt/c/Users/wu_li/OneDrive/Desktop/Airflow_pract/venv/lib/python3.9/site-packages/airflow/example_dags/example_branch_python_dop_operator_3.py took 0.280 seconds
[2025-04-20T21:12:35.023+0800] {processor.py:186} INFO - Started process (PID=99644) to work on /mnt/c/Users/wu_li/OneDrive/Desktop/Airflow_pract/venv/lib/python3.9/site-packages/airflow/example_dags/example_branch_python_dop_operator_3.py
[2025-04-20T21:12:35.024+0800] {processor.py:914} INFO - Processing file /mnt/c/Users/wu_li/OneDrive/Desktop/Airflow_pract/venv/lib/python3.9/site-packages/airflow/example_dags/example_branch_python_dop_operator_3.py for tasks to queue
[2025-04-20T21:12:35.027+0800] {logging_mixin.py:190} INFO - [2025-04-20T21:12:35.026+0800] {dagbag.py:588} INFO - Filling up the DagBag from /mnt/c/Users/wu_li/OneDrive/Desktop/Airflow_pract/venv/lib/python3.9/site-packages/airflow/example_dags/example_branch_python_dop_operator_3.py
[2025-04-20T21:12:35.050+0800] {processor.py:925} INFO - DAG(s) 'example_branch_dop_operator_v3' retrieved from /mnt/c/Users/wu_li/OneDrive/Desktop/Airflow_pract/venv/lib/python3.9/site-packages/airflow/example_dags/example_branch_python_dop_operator_3.py
[2025-04-20T21:12:35.074+0800] {logging_mixin.py:190} INFO - [2025-04-20T21:12:35.073+0800] {dag.py:3239} INFO - Sync 1 DAGs
[2025-04-20T21:12:35.109+0800] {logging_mixin.py:190} INFO - [2025-04-20T21:12:35.108+0800] {dag.py:4180} INFO - Setting next_dagrun for example_branch_dop_operator_v3 to 2025-04-20 13:11:00+00:00, run_after=2025-04-20 13:12:00+00:00
[2025-04-20T21:12:35.164+0800] {processor.py:208} INFO - Processing /mnt/c/Users/wu_li/OneDrive/Desktop/Airflow_pract/venv/lib/python3.9/site-packages/airflow/example_dags/example_branch_python_dop_operator_3.py took 0.151 seconds
[2025-04-20T21:14:03.887+0800] {processor.py:186} INFO - Started process (PID=100650) to work on /mnt/c/Users/wu_li/OneDrive/Desktop/Airflow_pract/venv/lib/python3.9/site-packages/airflow/example_dags/example_branch_python_dop_operator_3.py
[2025-04-20T21:14:03.889+0800] {processor.py:914} INFO - Processing file /mnt/c/Users/wu_li/OneDrive/Desktop/Airflow_pract/venv/lib/python3.9/site-packages/airflow/example_dags/example_branch_python_dop_operator_3.py for tasks to queue
[2025-04-20T21:14:03.892+0800] {logging_mixin.py:190} INFO - [2025-04-20T21:14:03.891+0800] {dagbag.py:588} INFO - Filling up the DagBag from /mnt/c/Users/wu_li/OneDrive/Desktop/Airflow_pract/venv/lib/python3.9/site-packages/airflow/example_dags/example_branch_python_dop_operator_3.py
[2025-04-20T21:14:03.914+0800] {processor.py:925} INFO - DAG(s) 'example_branch_dop_operator_v3' retrieved from /mnt/c/Users/wu_li/OneDrive/Desktop/Airflow_pract/venv/lib/python3.9/site-packages/airflow/example_dags/example_branch_python_dop_operator_3.py
[2025-04-20T21:14:03.939+0800] {logging_mixin.py:190} INFO - [2025-04-20T21:14:03.938+0800] {dag.py:3239} INFO - Sync 1 DAGs
[2025-04-20T21:14:03.971+0800] {logging_mixin.py:190} INFO - [2025-04-20T21:14:03.971+0800] {dag.py:4180} INFO - Setting next_dagrun for example_branch_dop_operator_v3 to 2025-04-20 13:13:00+00:00, run_after=2025-04-20 13:14:00+00:00
[2025-04-20T21:14:04.033+0800] {processor.py:208} INFO - Processing /mnt/c/Users/wu_li/OneDrive/Desktop/Airflow_pract/venv/lib/python3.9/site-packages/airflow/example_dags/example_branch_python_dop_operator_3.py took 0.157 seconds
[2025-04-20T21:15:34.470+0800] {processor.py:186} INFO - Started process (PID=101726) to work on /mnt/c/Users/wu_li/OneDrive/Desktop/Airflow_pract/venv/lib/python3.9/site-packages/airflow/example_dags/example_branch_python_dop_operator_3.py
[2025-04-20T21:15:34.475+0800] {processor.py:914} INFO - Processing file /mnt/c/Users/wu_li/OneDrive/Desktop/Airflow_pract/venv/lib/python3.9/site-packages/airflow/example_dags/example_branch_python_dop_operator_3.py for tasks to queue
[2025-04-20T21:15:34.479+0800] {logging_mixin.py:190} INFO - [2025-04-20T21:15:34.478+0800] {dagbag.py:588} INFO - Filling up the DagBag from /mnt/c/Users/wu_li/OneDrive/Desktop/Airflow_pract/venv/lib/python3.9/site-packages/airflow/example_dags/example_branch_python_dop_operator_3.py
[2025-04-20T21:15:34.531+0800] {processor.py:925} INFO - DAG(s) 'example_branch_dop_operator_v3' retrieved from /mnt/c/Users/wu_li/OneDrive/Desktop/Airflow_pract/venv/lib/python3.9/site-packages/airflow/example_dags/example_branch_python_dop_operator_3.py
[2025-04-20T21:15:34.577+0800] {logging_mixin.py:190} INFO - [2025-04-20T21:15:34.576+0800] {dag.py:3239} INFO - Sync 1 DAGs
[2025-04-20T21:15:34.661+0800] {logging_mixin.py:190} INFO - [2025-04-20T21:15:34.660+0800] {dag.py:4180} INFO - Setting next_dagrun for example_branch_dop_operator_v3 to 2025-04-20 13:14:00+00:00, run_after=2025-04-20 13:15:00+00:00
[2025-04-20T21:15:34.771+0800] {processor.py:208} INFO - Processing /mnt/c/Users/wu_li/OneDrive/Desktop/Airflow_pract/venv/lib/python3.9/site-packages/airflow/example_dags/example_branch_python_dop_operator_3.py took 0.325 seconds
[2025-04-20T21:17:04.944+0800] {processor.py:186} INFO - Started process (PID=102773) to work on /mnt/c/Users/wu_li/OneDrive/Desktop/Airflow_pract/venv/lib/python3.9/site-packages/airflow/example_dags/example_branch_python_dop_operator_3.py
[2025-04-20T21:17:04.946+0800] {processor.py:914} INFO - Processing file /mnt/c/Users/wu_li/OneDrive/Desktop/Airflow_pract/venv/lib/python3.9/site-packages/airflow/example_dags/example_branch_python_dop_operator_3.py for tasks to queue
[2025-04-20T21:17:04.949+0800] {logging_mixin.py:190} INFO - [2025-04-20T21:17:04.947+0800] {dagbag.py:588} INFO - Filling up the DagBag from /mnt/c/Users/wu_li/OneDrive/Desktop/Airflow_pract/venv/lib/python3.9/site-packages/airflow/example_dags/example_branch_python_dop_operator_3.py
[2025-04-20T21:17:04.976+0800] {processor.py:925} INFO - DAG(s) 'example_branch_dop_operator_v3' retrieved from /mnt/c/Users/wu_li/OneDrive/Desktop/Airflow_pract/venv/lib/python3.9/site-packages/airflow/example_dags/example_branch_python_dop_operator_3.py
[2025-04-20T21:17:05.005+0800] {logging_mixin.py:190} INFO - [2025-04-20T21:17:05.005+0800] {dag.py:3239} INFO - Sync 1 DAGs
[2025-04-20T21:17:05.052+0800] {logging_mixin.py:190} INFO - [2025-04-20T21:17:05.050+0800] {dag.py:4180} INFO - Setting next_dagrun for example_branch_dop_operator_v3 to 2025-04-20 13:16:00+00:00, run_after=2025-04-20 13:17:00+00:00
[2025-04-20T21:17:05.111+0800] {processor.py:208} INFO - Processing /mnt/c/Users/wu_li/OneDrive/Desktop/Airflow_pract/venv/lib/python3.9/site-packages/airflow/example_dags/example_branch_python_dop_operator_3.py took 0.179 seconds
[2025-04-20T21:18:30.525+0800] {processor.py:186} INFO - Started process (PID=103816) to work on /mnt/c/Users/wu_li/OneDrive/Desktop/Airflow_pract/venv/lib/python3.9/site-packages/airflow/example_dags/example_branch_python_dop_operator_3.py
[2025-04-20T21:18:30.528+0800] {processor.py:914} INFO - Processing file /mnt/c/Users/wu_li/OneDrive/Desktop/Airflow_pract/venv/lib/python3.9/site-packages/airflow/example_dags/example_branch_python_dop_operator_3.py for tasks to queue
[2025-04-20T21:18:30.536+0800] {logging_mixin.py:190} INFO - [2025-04-20T21:18:30.534+0800] {dagbag.py:588} INFO - Filling up the DagBag from /mnt/c/Users/wu_li/OneDrive/Desktop/Airflow_pract/venv/lib/python3.9/site-packages/airflow/example_dags/example_branch_python_dop_operator_3.py
[2025-04-20T21:18:30.594+0800] {processor.py:925} INFO - DAG(s) 'example_branch_dop_operator_v3' retrieved from /mnt/c/Users/wu_li/OneDrive/Desktop/Airflow_pract/venv/lib/python3.9/site-packages/airflow/example_dags/example_branch_python_dop_operator_3.py
[2025-04-20T21:18:30.645+0800] {logging_mixin.py:190} INFO - [2025-04-20T21:18:30.643+0800] {dag.py:3239} INFO - Sync 1 DAGs
[2025-04-20T21:18:30.723+0800] {logging_mixin.py:190} INFO - [2025-04-20T21:18:30.722+0800] {dag.py:4180} INFO - Setting next_dagrun for example_branch_dop_operator_v3 to 2025-04-20 13:17:00+00:00, run_after=2025-04-20 13:18:00+00:00
[2025-04-20T21:18:30.808+0800] {processor.py:208} INFO - Processing /mnt/c/Users/wu_li/OneDrive/Desktop/Airflow_pract/venv/lib/python3.9/site-packages/airflow/example_dags/example_branch_python_dop_operator_3.py took 0.312 seconds
[2025-04-20T21:19:59.238+0800] {processor.py:186} INFO - Started process (PID=104823) to work on /mnt/c/Users/wu_li/OneDrive/Desktop/Airflow_pract/venv/lib/python3.9/site-packages/airflow/example_dags/example_branch_python_dop_operator_3.py
[2025-04-20T21:19:59.240+0800] {processor.py:914} INFO - Processing file /mnt/c/Users/wu_li/OneDrive/Desktop/Airflow_pract/venv/lib/python3.9/site-packages/airflow/example_dags/example_branch_python_dop_operator_3.py for tasks to queue
[2025-04-20T21:19:59.244+0800] {logging_mixin.py:190} INFO - [2025-04-20T21:19:59.243+0800] {dagbag.py:588} INFO - Filling up the DagBag from /mnt/c/Users/wu_li/OneDrive/Desktop/Airflow_pract/venv/lib/python3.9/site-packages/airflow/example_dags/example_branch_python_dop_operator_3.py
[2025-04-20T21:19:59.283+0800] {processor.py:925} INFO - DAG(s) 'example_branch_dop_operator_v3' retrieved from /mnt/c/Users/wu_li/OneDrive/Desktop/Airflow_pract/venv/lib/python3.9/site-packages/airflow/example_dags/example_branch_python_dop_operator_3.py
[2025-04-20T21:19:59.336+0800] {logging_mixin.py:190} INFO - [2025-04-20T21:19:59.335+0800] {dag.py:3239} INFO - Sync 1 DAGs
[2025-04-20T21:19:59.452+0800] {logging_mixin.py:190} INFO - [2025-04-20T21:19:59.451+0800] {dag.py:4180} INFO - Setting next_dagrun for example_branch_dop_operator_v3 to 2025-04-20 13:18:00+00:00, run_after=2025-04-20 13:19:00+00:00
[2025-04-20T21:19:59.537+0800] {processor.py:208} INFO - Processing /mnt/c/Users/wu_li/OneDrive/Desktop/Airflow_pract/venv/lib/python3.9/site-packages/airflow/example_dags/example_branch_python_dop_operator_3.py took 0.318 seconds
[2025-04-20T21:21:31.645+0800] {processor.py:186} INFO - Started process (PID=105902) to work on /mnt/c/Users/wu_li/OneDrive/Desktop/Airflow_pract/venv/lib/python3.9/site-packages/airflow/example_dags/example_branch_python_dop_operator_3.py
[2025-04-20T21:21:31.647+0800] {processor.py:914} INFO - Processing file /mnt/c/Users/wu_li/OneDrive/Desktop/Airflow_pract/venv/lib/python3.9/site-packages/airflow/example_dags/example_branch_python_dop_operator_3.py for tasks to queue
[2025-04-20T21:21:31.651+0800] {logging_mixin.py:190} INFO - [2025-04-20T21:21:31.650+0800] {dagbag.py:588} INFO - Filling up the DagBag from /mnt/c/Users/wu_li/OneDrive/Desktop/Airflow_pract/venv/lib/python3.9/site-packages/airflow/example_dags/example_branch_python_dop_operator_3.py
[2025-04-20T21:21:31.690+0800] {processor.py:925} INFO - DAG(s) 'example_branch_dop_operator_v3' retrieved from /mnt/c/Users/wu_li/OneDrive/Desktop/Airflow_pract/venv/lib/python3.9/site-packages/airflow/example_dags/example_branch_python_dop_operator_3.py
[2025-04-20T21:21:31.732+0800] {logging_mixin.py:190} INFO - [2025-04-20T21:21:31.731+0800] {dag.py:3239} INFO - Sync 1 DAGs
[2025-04-20T21:21:31.813+0800] {logging_mixin.py:190} INFO - [2025-04-20T21:21:31.812+0800] {dag.py:4180} INFO - Setting next_dagrun for example_branch_dop_operator_v3 to 2025-04-20 13:20:00+00:00, run_after=2025-04-20 13:21:00+00:00
[2025-04-20T21:21:31.915+0800] {processor.py:208} INFO - Processing /mnt/c/Users/wu_li/OneDrive/Desktop/Airflow_pract/venv/lib/python3.9/site-packages/airflow/example_dags/example_branch_python_dop_operator_3.py took 0.288 seconds
[2025-04-20T21:23:04.491+0800] {processor.py:186} INFO - Started process (PID=106840) to work on /mnt/c/Users/wu_li/OneDrive/Desktop/Airflow_pract/venv/lib/python3.9/site-packages/airflow/example_dags/example_branch_python_dop_operator_3.py
[2025-04-20T21:23:04.493+0800] {processor.py:914} INFO - Processing file /mnt/c/Users/wu_li/OneDrive/Desktop/Airflow_pract/venv/lib/python3.9/site-packages/airflow/example_dags/example_branch_python_dop_operator_3.py for tasks to queue
[2025-04-20T21:23:04.497+0800] {logging_mixin.py:190} INFO - [2025-04-20T21:23:04.495+0800] {dagbag.py:588} INFO - Filling up the DagBag from /mnt/c/Users/wu_li/OneDrive/Desktop/Airflow_pract/venv/lib/python3.9/site-packages/airflow/example_dags/example_branch_python_dop_operator_3.py
[2025-04-20T21:23:04.540+0800] {processor.py:925} INFO - DAG(s) 'example_branch_dop_operator_v3' retrieved from /mnt/c/Users/wu_li/OneDrive/Desktop/Airflow_pract/venv/lib/python3.9/site-packages/airflow/example_dags/example_branch_python_dop_operator_3.py
[2025-04-20T21:23:04.598+0800] {logging_mixin.py:190} INFO - [2025-04-20T21:23:04.597+0800] {dag.py:3239} INFO - Sync 1 DAGs
[2025-04-20T21:23:04.679+0800] {logging_mixin.py:190} INFO - [2025-04-20T21:23:04.677+0800] {dag.py:4180} INFO - Setting next_dagrun for example_branch_dop_operator_v3 to 2025-04-20 13:22:00+00:00, run_after=2025-04-20 13:23:00+00:00
[2025-04-20T21:23:04.797+0800] {processor.py:208} INFO - Processing /mnt/c/Users/wu_li/OneDrive/Desktop/Airflow_pract/venv/lib/python3.9/site-packages/airflow/example_dags/example_branch_python_dop_operator_3.py took 0.325 seconds
[2025-04-20T21:24:34.245+0800] {processor.py:186} INFO - Started process (PID=107919) to work on /mnt/c/Users/wu_li/OneDrive/Desktop/Airflow_pract/venv/lib/python3.9/site-packages/airflow/example_dags/example_branch_python_dop_operator_3.py
[2025-04-20T21:24:34.248+0800] {processor.py:914} INFO - Processing file /mnt/c/Users/wu_li/OneDrive/Desktop/Airflow_pract/venv/lib/python3.9/site-packages/airflow/example_dags/example_branch_python_dop_operator_3.py for tasks to queue
[2025-04-20T21:24:34.252+0800] {logging_mixin.py:190} INFO - [2025-04-20T21:24:34.251+0800] {dagbag.py:588} INFO - Filling up the DagBag from /mnt/c/Users/wu_li/OneDrive/Desktop/Airflow_pract/venv/lib/python3.9/site-packages/airflow/example_dags/example_branch_python_dop_operator_3.py
[2025-04-20T21:24:34.299+0800] {processor.py:925} INFO - DAG(s) 'example_branch_dop_operator_v3' retrieved from /mnt/c/Users/wu_li/OneDrive/Desktop/Airflow_pract/venv/lib/python3.9/site-packages/airflow/example_dags/example_branch_python_dop_operator_3.py
[2025-04-20T21:24:34.341+0800] {logging_mixin.py:190} INFO - [2025-04-20T21:24:34.339+0800] {dag.py:3239} INFO - Sync 1 DAGs
[2025-04-20T21:24:34.421+0800] {logging_mixin.py:190} INFO - [2025-04-20T21:24:34.420+0800] {dag.py:4180} INFO - Setting next_dagrun for example_branch_dop_operator_v3 to 2025-04-20 13:23:00+00:00, run_after=2025-04-20 13:24:00+00:00
[2025-04-20T21:24:34.511+0800] {processor.py:208} INFO - Processing /mnt/c/Users/wu_li/OneDrive/Desktop/Airflow_pract/venv/lib/python3.9/site-packages/airflow/example_dags/example_branch_python_dop_operator_3.py took 0.287 seconds
[2025-04-20T21:26:07.034+0800] {processor.py:186} INFO - Started process (PID=108929) to work on /mnt/c/Users/wu_li/OneDrive/Desktop/Airflow_pract/venv/lib/python3.9/site-packages/airflow/example_dags/example_branch_python_dop_operator_3.py
[2025-04-20T21:26:07.036+0800] {processor.py:914} INFO - Processing file /mnt/c/Users/wu_li/OneDrive/Desktop/Airflow_pract/venv/lib/python3.9/site-packages/airflow/example_dags/example_branch_python_dop_operator_3.py for tasks to queue
[2025-04-20T21:26:07.040+0800] {logging_mixin.py:190} INFO - [2025-04-20T21:26:07.038+0800] {dagbag.py:588} INFO - Filling up the DagBag from /mnt/c/Users/wu_li/OneDrive/Desktop/Airflow_pract/venv/lib/python3.9/site-packages/airflow/example_dags/example_branch_python_dop_operator_3.py
[2025-04-20T21:26:07.068+0800] {processor.py:925} INFO - DAG(s) 'example_branch_dop_operator_v3' retrieved from /mnt/c/Users/wu_li/OneDrive/Desktop/Airflow_pract/venv/lib/python3.9/site-packages/airflow/example_dags/example_branch_python_dop_operator_3.py
[2025-04-20T21:26:07.094+0800] {logging_mixin.py:190} INFO - [2025-04-20T21:26:07.093+0800] {dag.py:3239} INFO - Sync 1 DAGs
[2025-04-20T21:26:07.130+0800] {logging_mixin.py:190} INFO - [2025-04-20T21:26:07.130+0800] {dag.py:4180} INFO - Setting next_dagrun for example_branch_dop_operator_v3 to 2025-04-20 13:25:00+00:00, run_after=2025-04-20 13:26:00+00:00
[2025-04-20T21:26:07.194+0800] {processor.py:208} INFO - Processing /mnt/c/Users/wu_li/OneDrive/Desktop/Airflow_pract/venv/lib/python3.9/site-packages/airflow/example_dags/example_branch_python_dop_operator_3.py took 0.174 seconds
[2025-04-20T21:27:34.245+0800] {processor.py:186} INFO - Started process (PID=109936) to work on /mnt/c/Users/wu_li/OneDrive/Desktop/Airflow_pract/venv/lib/python3.9/site-packages/airflow/example_dags/example_branch_python_dop_operator_3.py
[2025-04-20T21:27:34.247+0800] {processor.py:914} INFO - Processing file /mnt/c/Users/wu_li/OneDrive/Desktop/Airflow_pract/venv/lib/python3.9/site-packages/airflow/example_dags/example_branch_python_dop_operator_3.py for tasks to queue
[2025-04-20T21:27:34.249+0800] {logging_mixin.py:190} INFO - [2025-04-20T21:27:34.248+0800] {dagbag.py:588} INFO - Filling up the DagBag from /mnt/c/Users/wu_li/OneDrive/Desktop/Airflow_pract/venv/lib/python3.9/site-packages/airflow/example_dags/example_branch_python_dop_operator_3.py
[2025-04-20T21:27:34.274+0800] {processor.py:925} INFO - DAG(s) 'example_branch_dop_operator_v3' retrieved from /mnt/c/Users/wu_li/OneDrive/Desktop/Airflow_pract/venv/lib/python3.9/site-packages/airflow/example_dags/example_branch_python_dop_operator_3.py
[2025-04-20T21:27:34.299+0800] {logging_mixin.py:190} INFO - [2025-04-20T21:27:34.298+0800] {dag.py:3239} INFO - Sync 1 DAGs
[2025-04-20T21:27:34.335+0800] {logging_mixin.py:190} INFO - [2025-04-20T21:27:34.334+0800] {dag.py:4180} INFO - Setting next_dagrun for example_branch_dop_operator_v3 to 2025-04-20 13:26:00+00:00, run_after=2025-04-20 13:27:00+00:00
[2025-04-20T21:27:34.395+0800] {processor.py:208} INFO - Processing /mnt/c/Users/wu_li/OneDrive/Desktop/Airflow_pract/venv/lib/python3.9/site-packages/airflow/example_dags/example_branch_python_dop_operator_3.py took 0.160 seconds
[2025-04-20T21:29:07.473+0800] {processor.py:186} INFO - Started process (PID=111087) to work on /mnt/c/Users/wu_li/OneDrive/Desktop/Airflow_pract/venv/lib/python3.9/site-packages/airflow/example_dags/example_branch_python_dop_operator_3.py
[2025-04-20T21:29:07.475+0800] {processor.py:914} INFO - Processing file /mnt/c/Users/wu_li/OneDrive/Desktop/Airflow_pract/venv/lib/python3.9/site-packages/airflow/example_dags/example_branch_python_dop_operator_3.py for tasks to queue
[2025-04-20T21:29:07.479+0800] {logging_mixin.py:190} INFO - [2025-04-20T21:29:07.477+0800] {dagbag.py:588} INFO - Filling up the DagBag from /mnt/c/Users/wu_li/OneDrive/Desktop/Airflow_pract/venv/lib/python3.9/site-packages/airflow/example_dags/example_branch_python_dop_operator_3.py
[2025-04-20T21:29:07.524+0800] {processor.py:925} INFO - DAG(s) 'example_branch_dop_operator_v3' retrieved from /mnt/c/Users/wu_li/OneDrive/Desktop/Airflow_pract/venv/lib/python3.9/site-packages/airflow/example_dags/example_branch_python_dop_operator_3.py
[2025-04-20T21:29:07.572+0800] {logging_mixin.py:190} INFO - [2025-04-20T21:29:07.570+0800] {dag.py:3239} INFO - Sync 1 DAGs
[2025-04-20T21:29:07.653+0800] {logging_mixin.py:190} INFO - [2025-04-20T21:29:07.652+0800] {dag.py:4180} INFO - Setting next_dagrun for example_branch_dop_operator_v3 to 2025-04-20 13:28:00+00:00, run_after=2025-04-20 13:29:00+00:00
[2025-04-20T21:29:07.755+0800] {processor.py:208} INFO - Processing /mnt/c/Users/wu_li/OneDrive/Desktop/Airflow_pract/venv/lib/python3.9/site-packages/airflow/example_dags/example_branch_python_dop_operator_3.py took 0.299 seconds
[2025-04-20T21:30:37.170+0800] {processor.py:186} INFO - Started process (PID=112094) to work on /mnt/c/Users/wu_li/OneDrive/Desktop/Airflow_pract/venv/lib/python3.9/site-packages/airflow/example_dags/example_branch_python_dop_operator_3.py
[2025-04-20T21:30:37.172+0800] {processor.py:914} INFO - Processing file /mnt/c/Users/wu_li/OneDrive/Desktop/Airflow_pract/venv/lib/python3.9/site-packages/airflow/example_dags/example_branch_python_dop_operator_3.py for tasks to queue
[2025-04-20T21:30:37.176+0800] {logging_mixin.py:190} INFO - [2025-04-20T21:30:37.174+0800] {dagbag.py:588} INFO - Filling up the DagBag from /mnt/c/Users/wu_li/OneDrive/Desktop/Airflow_pract/venv/lib/python3.9/site-packages/airflow/example_dags/example_branch_python_dop_operator_3.py
[2025-04-20T21:30:37.211+0800] {processor.py:925} INFO - DAG(s) 'example_branch_dop_operator_v3' retrieved from /mnt/c/Users/wu_li/OneDrive/Desktop/Airflow_pract/venv/lib/python3.9/site-packages/airflow/example_dags/example_branch_python_dop_operator_3.py
[2025-04-20T21:30:37.259+0800] {logging_mixin.py:190} INFO - [2025-04-20T21:30:37.258+0800] {dag.py:3239} INFO - Sync 1 DAGs
[2025-04-20T21:30:37.363+0800] {logging_mixin.py:190} INFO - [2025-04-20T21:30:37.360+0800] {dag.py:4180} INFO - Setting next_dagrun for example_branch_dop_operator_v3 to 2025-04-20 13:29:00+00:00, run_after=2025-04-20 13:30:00+00:00
[2025-04-20T21:30:37.457+0800] {processor.py:208} INFO - Processing /mnt/c/Users/wu_li/OneDrive/Desktop/Airflow_pract/venv/lib/python3.9/site-packages/airflow/example_dags/example_branch_python_dop_operator_3.py took 0.305 seconds
[2025-04-20T21:32:11.022+0800] {processor.py:186} INFO - Started process (PID=113176) to work on /mnt/c/Users/wu_li/OneDrive/Desktop/Airflow_pract/venv/lib/python3.9/site-packages/airflow/example_dags/example_branch_python_dop_operator_3.py
[2025-04-20T21:32:11.025+0800] {processor.py:914} INFO - Processing file /mnt/c/Users/wu_li/OneDrive/Desktop/Airflow_pract/venv/lib/python3.9/site-packages/airflow/example_dags/example_branch_python_dop_operator_3.py for tasks to queue
[2025-04-20T21:32:11.029+0800] {logging_mixin.py:190} INFO - [2025-04-20T21:32:11.028+0800] {dagbag.py:588} INFO - Filling up the DagBag from /mnt/c/Users/wu_li/OneDrive/Desktop/Airflow_pract/venv/lib/python3.9/site-packages/airflow/example_dags/example_branch_python_dop_operator_3.py
[2025-04-20T21:32:11.067+0800] {processor.py:925} INFO - DAG(s) 'example_branch_dop_operator_v3' retrieved from /mnt/c/Users/wu_li/OneDrive/Desktop/Airflow_pract/venv/lib/python3.9/site-packages/airflow/example_dags/example_branch_python_dop_operator_3.py
[2025-04-20T21:32:11.109+0800] {logging_mixin.py:190} INFO - [2025-04-20T21:32:11.107+0800] {dag.py:3239} INFO - Sync 1 DAGs
[2025-04-20T21:32:11.196+0800] {logging_mixin.py:190} INFO - [2025-04-20T21:32:11.194+0800] {dag.py:4180} INFO - Setting next_dagrun for example_branch_dop_operator_v3 to 2025-04-20 13:31:00+00:00, run_after=2025-04-20 13:32:00+00:00
[2025-04-20T21:32:11.290+0800] {processor.py:208} INFO - Processing /mnt/c/Users/wu_li/OneDrive/Desktop/Airflow_pract/venv/lib/python3.9/site-packages/airflow/example_dags/example_branch_python_dop_operator_3.py took 0.286 seconds
[2025-04-20T21:33:39.363+0800] {processor.py:186} INFO - Started process (PID=114183) to work on /mnt/c/Users/wu_li/OneDrive/Desktop/Airflow_pract/venv/lib/python3.9/site-packages/airflow/example_dags/example_branch_python_dop_operator_3.py
[2025-04-20T21:33:39.365+0800] {processor.py:914} INFO - Processing file /mnt/c/Users/wu_li/OneDrive/Desktop/Airflow_pract/venv/lib/python3.9/site-packages/airflow/example_dags/example_branch_python_dop_operator_3.py for tasks to queue
[2025-04-20T21:33:39.367+0800] {logging_mixin.py:190} INFO - [2025-04-20T21:33:39.366+0800] {dagbag.py:588} INFO - Filling up the DagBag from /mnt/c/Users/wu_li/OneDrive/Desktop/Airflow_pract/venv/lib/python3.9/site-packages/airflow/example_dags/example_branch_python_dop_operator_3.py
[2025-04-20T21:33:39.393+0800] {processor.py:925} INFO - DAG(s) 'example_branch_dop_operator_v3' retrieved from /mnt/c/Users/wu_li/OneDrive/Desktop/Airflow_pract/venv/lib/python3.9/site-packages/airflow/example_dags/example_branch_python_dop_operator_3.py
[2025-04-20T21:33:39.425+0800] {logging_mixin.py:190} INFO - [2025-04-20T21:33:39.424+0800] {dag.py:3239} INFO - Sync 1 DAGs
[2025-04-20T21:33:39.460+0800] {logging_mixin.py:190} INFO - [2025-04-20T21:33:39.460+0800] {dag.py:4180} INFO - Setting next_dagrun for example_branch_dop_operator_v3 to 2025-04-20 13:32:00+00:00, run_after=2025-04-20 13:33:00+00:00
[2025-04-20T21:33:39.516+0800] {processor.py:208} INFO - Processing /mnt/c/Users/wu_li/OneDrive/Desktop/Airflow_pract/venv/lib/python3.9/site-packages/airflow/example_dags/example_branch_python_dop_operator_3.py took 0.164 seconds
[2025-04-20T21:35:16.067+0800] {processor.py:186} INFO - Started process (PID=115334) to work on /mnt/c/Users/wu_li/OneDrive/Desktop/Airflow_pract/venv/lib/python3.9/site-packages/airflow/example_dags/example_branch_python_dop_operator_3.py
[2025-04-20T21:35:16.070+0800] {processor.py:914} INFO - Processing file /mnt/c/Users/wu_li/OneDrive/Desktop/Airflow_pract/venv/lib/python3.9/site-packages/airflow/example_dags/example_branch_python_dop_operator_3.py for tasks to queue
[2025-04-20T21:35:16.074+0800] {logging_mixin.py:190} INFO - [2025-04-20T21:35:16.072+0800] {dagbag.py:588} INFO - Filling up the DagBag from /mnt/c/Users/wu_li/OneDrive/Desktop/Airflow_pract/venv/lib/python3.9/site-packages/airflow/example_dags/example_branch_python_dop_operator_3.py
[2025-04-20T21:35:16.114+0800] {processor.py:925} INFO - DAG(s) 'example_branch_dop_operator_v3' retrieved from /mnt/c/Users/wu_li/OneDrive/Desktop/Airflow_pract/venv/lib/python3.9/site-packages/airflow/example_dags/example_branch_python_dop_operator_3.py
[2025-04-20T21:35:16.157+0800] {logging_mixin.py:190} INFO - [2025-04-20T21:35:16.155+0800] {dag.py:3239} INFO - Sync 1 DAGs
[2025-04-20T21:35:16.245+0800] {logging_mixin.py:190} INFO - [2025-04-20T21:35:16.244+0800] {dag.py:4180} INFO - Setting next_dagrun for example_branch_dop_operator_v3 to 2025-04-20 13:34:00+00:00, run_after=2025-04-20 13:35:00+00:00
[2025-04-20T21:35:16.332+0800] {processor.py:208} INFO - Processing /mnt/c/Users/wu_li/OneDrive/Desktop/Airflow_pract/venv/lib/python3.9/site-packages/airflow/example_dags/example_branch_python_dop_operator_3.py took 0.282 seconds
[2025-04-20T21:36:54.521+0800] {processor.py:186} INFO - Started process (PID=116490) to work on /mnt/c/Users/wu_li/OneDrive/Desktop/Airflow_pract/venv/lib/python3.9/site-packages/airflow/example_dags/example_branch_python_dop_operator_3.py
[2025-04-20T21:36:54.523+0800] {processor.py:914} INFO - Processing file /mnt/c/Users/wu_li/OneDrive/Desktop/Airflow_pract/venv/lib/python3.9/site-packages/airflow/example_dags/example_branch_python_dop_operator_3.py for tasks to queue
[2025-04-20T21:36:54.525+0800] {logging_mixin.py:190} INFO - [2025-04-20T21:36:54.524+0800] {dagbag.py:588} INFO - Filling up the DagBag from /mnt/c/Users/wu_li/OneDrive/Desktop/Airflow_pract/venv/lib/python3.9/site-packages/airflow/example_dags/example_branch_python_dop_operator_3.py
[2025-04-20T21:36:54.551+0800] {processor.py:925} INFO - DAG(s) 'example_branch_dop_operator_v3' retrieved from /mnt/c/Users/wu_li/OneDrive/Desktop/Airflow_pract/venv/lib/python3.9/site-packages/airflow/example_dags/example_branch_python_dop_operator_3.py
[2025-04-20T21:36:54.579+0800] {logging_mixin.py:190} INFO - [2025-04-20T21:36:54.578+0800] {dag.py:3239} INFO - Sync 1 DAGs
[2025-04-20T21:36:54.614+0800] {logging_mixin.py:190} INFO - [2025-04-20T21:36:54.613+0800] {dag.py:4180} INFO - Setting next_dagrun for example_branch_dop_operator_v3 to 2025-04-20 13:35:00+00:00, run_after=2025-04-20 13:36:00+00:00
[2025-04-20T21:36:54.668+0800] {processor.py:208} INFO - Processing /mnt/c/Users/wu_li/OneDrive/Desktop/Airflow_pract/venv/lib/python3.9/site-packages/airflow/example_dags/example_branch_python_dop_operator_3.py took 0.159 seconds
[2025-04-20T21:38:44.172+0800] {processor.py:186} INFO - Started process (PID=117540) to work on /mnt/c/Users/wu_li/OneDrive/Desktop/Airflow_pract/venv/lib/python3.9/site-packages/airflow/example_dags/example_branch_python_dop_operator_3.py
[2025-04-20T21:38:44.175+0800] {processor.py:914} INFO - Processing file /mnt/c/Users/wu_li/OneDrive/Desktop/Airflow_pract/venv/lib/python3.9/site-packages/airflow/example_dags/example_branch_python_dop_operator_3.py for tasks to queue
[2025-04-20T21:38:44.179+0800] {logging_mixin.py:190} INFO - [2025-04-20T21:38:44.178+0800] {dagbag.py:588} INFO - Filling up the DagBag from /mnt/c/Users/wu_li/OneDrive/Desktop/Airflow_pract/venv/lib/python3.9/site-packages/airflow/example_dags/example_branch_python_dop_operator_3.py
[2025-04-20T21:38:44.211+0800] {processor.py:925} INFO - DAG(s) 'example_branch_dop_operator_v3' retrieved from /mnt/c/Users/wu_li/OneDrive/Desktop/Airflow_pract/venv/lib/python3.9/site-packages/airflow/example_dags/example_branch_python_dop_operator_3.py
[2025-04-20T21:38:44.523+0800] {logging_mixin.py:190} INFO - [2025-04-20T21:38:44.522+0800] {dag.py:3239} INFO - Sync 1 DAGs
[2025-04-20T21:38:44.611+0800] {logging_mixin.py:190} INFO - [2025-04-20T21:38:44.608+0800] {dag.py:4180} INFO - Setting next_dagrun for example_branch_dop_operator_v3 to 2025-04-20 13:37:00+00:00, run_after=2025-04-20 13:38:00+00:00
[2025-04-20T21:38:44.699+0800] {processor.py:208} INFO - Processing /mnt/c/Users/wu_li/OneDrive/Desktop/Airflow_pract/venv/lib/python3.9/site-packages/airflow/example_dags/example_branch_python_dop_operator_3.py took 0.539 seconds
[2025-04-20T21:40:12.382+0800] {processor.py:186} INFO - Started process (PID=118420) to work on /mnt/c/Users/wu_li/OneDrive/Desktop/Airflow_pract/venv/lib/python3.9/site-packages/airflow/example_dags/example_branch_python_dop_operator_3.py
[2025-04-20T21:40:12.384+0800] {processor.py:914} INFO - Processing file /mnt/c/Users/wu_li/OneDrive/Desktop/Airflow_pract/venv/lib/python3.9/site-packages/airflow/example_dags/example_branch_python_dop_operator_3.py for tasks to queue
[2025-04-20T21:40:12.393+0800] {logging_mixin.py:190} INFO - [2025-04-20T21:40:12.390+0800] {dagbag.py:588} INFO - Filling up the DagBag from /mnt/c/Users/wu_li/OneDrive/Desktop/Airflow_pract/venv/lib/python3.9/site-packages/airflow/example_dags/example_branch_python_dop_operator_3.py
[2025-04-20T21:40:12.428+0800] {processor.py:925} INFO - DAG(s) 'example_branch_dop_operator_v3' retrieved from /mnt/c/Users/wu_li/OneDrive/Desktop/Airflow_pract/venv/lib/python3.9/site-packages/airflow/example_dags/example_branch_python_dop_operator_3.py
[2025-04-20T21:40:12.470+0800] {logging_mixin.py:190} INFO - [2025-04-20T21:40:12.469+0800] {dag.py:3239} INFO - Sync 1 DAGs
[2025-04-20T21:40:12.549+0800] {logging_mixin.py:190} INFO - [2025-04-20T21:40:12.548+0800] {dag.py:4180} INFO - Setting next_dagrun for example_branch_dop_operator_v3 to 2025-04-20 13:39:00+00:00, run_after=2025-04-20 13:40:00+00:00
[2025-04-20T21:40:12.626+0800] {processor.py:208} INFO - Processing /mnt/c/Users/wu_li/OneDrive/Desktop/Airflow_pract/venv/lib/python3.9/site-packages/airflow/example_dags/example_branch_python_dop_operator_3.py took 0.261 seconds
[2025-04-20T21:41:40.026+0800] {processor.py:186} INFO - Started process (PID=119529) to work on /mnt/c/Users/wu_li/OneDrive/Desktop/Airflow_pract/venv/lib/python3.9/site-packages/airflow/example_dags/example_branch_python_dop_operator_3.py
[2025-04-20T21:41:40.028+0800] {processor.py:914} INFO - Processing file /mnt/c/Users/wu_li/OneDrive/Desktop/Airflow_pract/venv/lib/python3.9/site-packages/airflow/example_dags/example_branch_python_dop_operator_3.py for tasks to queue
[2025-04-20T21:41:40.034+0800] {logging_mixin.py:190} INFO - [2025-04-20T21:41:40.032+0800] {dagbag.py:588} INFO - Filling up the DagBag from /mnt/c/Users/wu_li/OneDrive/Desktop/Airflow_pract/venv/lib/python3.9/site-packages/airflow/example_dags/example_branch_python_dop_operator_3.py
[2025-04-20T21:41:40.072+0800] {processor.py:925} INFO - DAG(s) 'example_branch_dop_operator_v3' retrieved from /mnt/c/Users/wu_li/OneDrive/Desktop/Airflow_pract/venv/lib/python3.9/site-packages/airflow/example_dags/example_branch_python_dop_operator_3.py
[2025-04-20T21:41:40.128+0800] {logging_mixin.py:190} INFO - [2025-04-20T21:41:40.124+0800] {dag.py:3239} INFO - Sync 1 DAGs
[2025-04-20T21:41:40.222+0800] {logging_mixin.py:190} INFO - [2025-04-20T21:41:40.221+0800] {dag.py:4180} INFO - Setting next_dagrun for example_branch_dop_operator_v3 to 2025-04-20 13:40:00+00:00, run_after=2025-04-20 13:41:00+00:00
[2025-04-20T21:41:40.314+0800] {processor.py:208} INFO - Processing /mnt/c/Users/wu_li/OneDrive/Desktop/Airflow_pract/venv/lib/python3.9/site-packages/airflow/example_dags/example_branch_python_dop_operator_3.py took 0.306 seconds
[2025-04-20T21:43:17.590+0800] {processor.py:186} INFO - Started process (PID=120367) to work on /mnt/c/Users/wu_li/OneDrive/Desktop/Airflow_pract/venv/lib/python3.9/site-packages/airflow/example_dags/example_branch_python_dop_operator_3.py
[2025-04-20T21:43:17.595+0800] {processor.py:914} INFO - Processing file /mnt/c/Users/wu_li/OneDrive/Desktop/Airflow_pract/venv/lib/python3.9/site-packages/airflow/example_dags/example_branch_python_dop_operator_3.py for tasks to queue
[2025-04-20T21:43:17.599+0800] {logging_mixin.py:190} INFO - [2025-04-20T21:43:17.598+0800] {dagbag.py:588} INFO - Filling up the DagBag from /mnt/c/Users/wu_li/OneDrive/Desktop/Airflow_pract/venv/lib/python3.9/site-packages/airflow/example_dags/example_branch_python_dop_operator_3.py
[2025-04-20T21:43:17.655+0800] {processor.py:925} INFO - DAG(s) 'example_branch_dop_operator_v3' retrieved from /mnt/c/Users/wu_li/OneDrive/Desktop/Airflow_pract/venv/lib/python3.9/site-packages/airflow/example_dags/example_branch_python_dop_operator_3.py
[2025-04-20T21:43:17.725+0800] {logging_mixin.py:190} INFO - [2025-04-20T21:43:17.724+0800] {dag.py:3239} INFO - Sync 1 DAGs
[2025-04-20T21:43:17.842+0800] {logging_mixin.py:190} INFO - [2025-04-20T21:43:17.840+0800] {dag.py:4180} INFO - Setting next_dagrun for example_branch_dop_operator_v3 to 2025-04-20 13:42:00+00:00, run_after=2025-04-20 13:43:00+00:00
[2025-04-20T21:43:17.972+0800] {processor.py:208} INFO - Processing /mnt/c/Users/wu_li/OneDrive/Desktop/Airflow_pract/venv/lib/python3.9/site-packages/airflow/example_dags/example_branch_python_dop_operator_3.py took 0.417 seconds
[2025-04-20T21:44:51.066+0800] {processor.py:186} INFO - Started process (PID=121297) to work on /mnt/c/Users/wu_li/OneDrive/Desktop/Airflow_pract/venv/lib/python3.9/site-packages/airflow/example_dags/example_branch_python_dop_operator_3.py
[2025-04-20T21:44:51.080+0800] {processor.py:914} INFO - Processing file /mnt/c/Users/wu_li/OneDrive/Desktop/Airflow_pract/venv/lib/python3.9/site-packages/airflow/example_dags/example_branch_python_dop_operator_3.py for tasks to queue
[2025-04-20T21:44:51.083+0800] {logging_mixin.py:190} INFO - [2025-04-20T21:44:51.082+0800] {dagbag.py:588} INFO - Filling up the DagBag from /mnt/c/Users/wu_li/OneDrive/Desktop/Airflow_pract/venv/lib/python3.9/site-packages/airflow/example_dags/example_branch_python_dop_operator_3.py
[2025-04-20T21:44:51.128+0800] {processor.py:925} INFO - DAG(s) 'example_branch_dop_operator_v3' retrieved from /mnt/c/Users/wu_li/OneDrive/Desktop/Airflow_pract/venv/lib/python3.9/site-packages/airflow/example_dags/example_branch_python_dop_operator_3.py
[2025-04-20T21:44:51.174+0800] {logging_mixin.py:190} INFO - [2025-04-20T21:44:51.173+0800] {dag.py:3239} INFO - Sync 1 DAGs
[2025-04-20T21:44:51.232+0800] {logging_mixin.py:190} INFO - [2025-04-20T21:44:51.231+0800] {dag.py:4180} INFO - Setting next_dagrun for example_branch_dop_operator_v3 to 2025-04-20 13:43:00+00:00, run_after=2025-04-20 13:44:00+00:00
[2025-04-20T21:44:51.329+0800] {processor.py:208} INFO - Processing /mnt/c/Users/wu_li/OneDrive/Desktop/Airflow_pract/venv/lib/python3.9/site-packages/airflow/example_dags/example_branch_python_dop_operator_3.py took 0.297 seconds
[2025-04-20T21:46:28.313+0800] {processor.py:186} INFO - Started process (PID=122209) to work on /mnt/c/Users/wu_li/OneDrive/Desktop/Airflow_pract/venv/lib/python3.9/site-packages/airflow/example_dags/example_branch_python_dop_operator_3.py
[2025-04-20T21:46:28.316+0800] {processor.py:914} INFO - Processing file /mnt/c/Users/wu_li/OneDrive/Desktop/Airflow_pract/venv/lib/python3.9/site-packages/airflow/example_dags/example_branch_python_dop_operator_3.py for tasks to queue
[2025-04-20T21:46:28.320+0800] {logging_mixin.py:190} INFO - [2025-04-20T21:46:28.319+0800] {dagbag.py:588} INFO - Filling up the DagBag from /mnt/c/Users/wu_li/OneDrive/Desktop/Airflow_pract/venv/lib/python3.9/site-packages/airflow/example_dags/example_branch_python_dop_operator_3.py
[2025-04-20T21:46:28.391+0800] {processor.py:925} INFO - DAG(s) 'example_branch_dop_operator_v3' retrieved from /mnt/c/Users/wu_li/OneDrive/Desktop/Airflow_pract/venv/lib/python3.9/site-packages/airflow/example_dags/example_branch_python_dop_operator_3.py
[2025-04-20T21:46:28.433+0800] {logging_mixin.py:190} INFO - [2025-04-20T21:46:28.432+0800] {dag.py:3239} INFO - Sync 1 DAGs
[2025-04-20T21:46:28.507+0800] {logging_mixin.py:190} INFO - [2025-04-20T21:46:28.506+0800] {dag.py:4180} INFO - Setting next_dagrun for example_branch_dop_operator_v3 to 2025-04-20 13:45:00+00:00, run_after=2025-04-20 13:46:00+00:00
[2025-04-20T21:46:28.647+0800] {processor.py:208} INFO - Processing /mnt/c/Users/wu_li/OneDrive/Desktop/Airflow_pract/venv/lib/python3.9/site-packages/airflow/example_dags/example_branch_python_dop_operator_3.py took 0.360 seconds
[2025-04-20T21:48:22.490+0800] {processor.py:186} INFO - Started process (PID=123157) to work on /mnt/c/Users/wu_li/OneDrive/Desktop/Airflow_pract/venv/lib/python3.9/site-packages/airflow/example_dags/example_branch_python_dop_operator_3.py
[2025-04-20T21:48:22.493+0800] {processor.py:914} INFO - Processing file /mnt/c/Users/wu_li/OneDrive/Desktop/Airflow_pract/venv/lib/python3.9/site-packages/airflow/example_dags/example_branch_python_dop_operator_3.py for tasks to queue
[2025-04-20T21:48:22.497+0800] {logging_mixin.py:190} INFO - [2025-04-20T21:48:22.495+0800] {dagbag.py:588} INFO - Filling up the DagBag from /mnt/c/Users/wu_li/OneDrive/Desktop/Airflow_pract/venv/lib/python3.9/site-packages/airflow/example_dags/example_branch_python_dop_operator_3.py
[2025-04-20T21:48:22.538+0800] {processor.py:925} INFO - DAG(s) 'example_branch_dop_operator_v3' retrieved from /mnt/c/Users/wu_li/OneDrive/Desktop/Airflow_pract/venv/lib/python3.9/site-packages/airflow/example_dags/example_branch_python_dop_operator_3.py
[2025-04-20T21:48:22.604+0800] {logging_mixin.py:190} INFO - [2025-04-20T21:48:22.602+0800] {dag.py:3239} INFO - Sync 1 DAGs
[2025-04-20T21:48:22.696+0800] {logging_mixin.py:190} INFO - [2025-04-20T21:48:22.695+0800] {dag.py:4180} INFO - Setting next_dagrun for example_branch_dop_operator_v3 to 2025-04-20 13:47:00+00:00, run_after=2025-04-20 13:48:00+00:00
[2025-04-20T21:48:22.797+0800] {processor.py:208} INFO - Processing /mnt/c/Users/wu_li/OneDrive/Desktop/Airflow_pract/venv/lib/python3.9/site-packages/airflow/example_dags/example_branch_python_dop_operator_3.py took 0.326 seconds
[2025-04-20T21:49:55.184+0800] {processor.py:186} INFO - Started process (PID=124090) to work on /mnt/c/Users/wu_li/OneDrive/Desktop/Airflow_pract/venv/lib/python3.9/site-packages/airflow/example_dags/example_branch_python_dop_operator_3.py
[2025-04-20T21:49:55.193+0800] {processor.py:914} INFO - Processing file /mnt/c/Users/wu_li/OneDrive/Desktop/Airflow_pract/venv/lib/python3.9/site-packages/airflow/example_dags/example_branch_python_dop_operator_3.py for tasks to queue
[2025-04-20T21:49:55.206+0800] {logging_mixin.py:190} INFO - [2025-04-20T21:49:55.200+0800] {dagbag.py:588} INFO - Filling up the DagBag from /mnt/c/Users/wu_li/OneDrive/Desktop/Airflow_pract/venv/lib/python3.9/site-packages/airflow/example_dags/example_branch_python_dop_operator_3.py
[2025-04-20T21:49:55.275+0800] {processor.py:925} INFO - DAG(s) 'example_branch_dop_operator_v3' retrieved from /mnt/c/Users/wu_li/OneDrive/Desktop/Airflow_pract/venv/lib/python3.9/site-packages/airflow/example_dags/example_branch_python_dop_operator_3.py
[2025-04-20T21:49:55.364+0800] {logging_mixin.py:190} INFO - [2025-04-20T21:49:55.361+0800] {dag.py:3239} INFO - Sync 1 DAGs
[2025-04-20T21:49:55.503+0800] {logging_mixin.py:190} INFO - [2025-04-20T21:49:55.502+0800] {dag.py:4180} INFO - Setting next_dagrun for example_branch_dop_operator_v3 to 2025-04-20 13:48:00+00:00, run_after=2025-04-20 13:49:00+00:00
[2025-04-20T21:49:55.653+0800] {processor.py:208} INFO - Processing /mnt/c/Users/wu_li/OneDrive/Desktop/Airflow_pract/venv/lib/python3.9/site-packages/airflow/example_dags/example_branch_python_dop_operator_3.py took 0.510 seconds
