[2025-04-20T20:31:10.621+0800] {local_task_job_runner.py:123} INFO - ::group::Pre task execution logs
[2025-04-20T20:31:10.652+0800] {taskinstance.py:2614} INFO - Dependencies all met for dep_context=non-requeueable deps ti=<TaskInstance: example_bash_operator.runme_2 manual__2025-04-20T12:27:36+00:00 [queued]>
[2025-04-20T20:31:10.680+0800] {taskinstance.py:2614} INFO - Dependencies all met for dep_context=requeueable deps ti=<TaskInstance: example_bash_operator.runme_2 manual__2025-04-20T12:27:36+00:00 [queued]>
[2025-04-20T20:31:10.682+0800] {taskinstance.py:2867} INFO - Starting attempt 1 of 1
[2025-04-20T20:31:10.736+0800] {taskinstance.py:2890} INFO - Executing <Task(BashOperator): runme_2> on 2025-04-20 12:27:36+00:00
[2025-04-20T20:31:10.744+0800] {standard_task_runner.py:72} INFO - Started process 75218 to run task
[2025-04-20T20:31:10.751+0800] {standard_task_runner.py:104} INFO - Running: ['airflow', 'tasks', 'run', 'example_bash_operator', 'runme_2', 'manual__2025-04-20T12:27:36+00:00', '--job-id', '8', '--raw', '--subdir', '/mnt/c/Users/wu_li/OneDrive/Desktop/Airflow_pract/venv/lib/python3.9/site-packages/airflow/example_dags/example_bash_operator.py', '--cfg-path', '/tmp/tmp8r84u7zo']
[2025-04-20T20:31:10.758+0800] {standard_task_runner.py:105} INFO - Job 8: Subtask runme_2
[2025-04-20T20:31:10.886+0800] {task_command.py:467} INFO - Running <TaskInstance: example_bash_operator.runme_2 manual__2025-04-20T12:27:36+00:00 [running]> on host lxxxng.
[2025-04-20T20:31:11.109+0800] {taskinstance.py:3134} INFO - Exporting env vars: AIRFLOW_CTX_DAG_OWNER='airflow' AIRFLOW_CTX_DAG_ID='example_bash_operator' AIRFLOW_CTX_TASK_ID='runme_2' AIRFLOW_CTX_EXECUTION_DATE='2025-04-20T12:27:36+00:00' AIRFLOW_CTX_TRY_NUMBER='1' AIRFLOW_CTX_DAG_RUN_ID='manual__2025-04-20T12:27:36+00:00'
[2025-04-20T20:31:11.112+0800] {logging_mixin.py:190} INFO - Task instance is in running state
[2025-04-20T20:31:11.113+0800] {logging_mixin.py:190} INFO -  Previous state of the Task instance: queued
[2025-04-20T20:31:11.116+0800] {logging_mixin.py:190} INFO - Current task name:runme_2 state:running start_date:2025-04-20 12:31:10.660849+00:00
[2025-04-20T20:31:11.118+0800] {logging_mixin.py:190} INFO - Dag name:example_bash_operator and current dag run status:running
[2025-04-20T20:31:11.119+0800] {taskinstance.py:732} INFO - ::endgroup::
[2025-04-20T20:31:11.122+0800] {subprocess.py:78} INFO - Tmp dir root location: /tmp
[2025-04-20T20:31:11.129+0800] {subprocess.py:88} INFO - Running command: ['/usr/bin/bash', '-c', 'echo "example_bash_operator__runme_2__20250420" && sleep 1']
[2025-04-20T20:31:11.155+0800] {subprocess.py:99} INFO - Output:
[2025-04-20T20:31:11.173+0800] {subprocess.py:106} INFO - example_bash_operator__runme_2__20250420
[2025-04-20T20:31:12.181+0800] {subprocess.py:110} INFO - Command exited with return code 0
[2025-04-20T20:31:12.247+0800] {taskinstance.py:341} INFO - ::group::Post task execution logs
[2025-04-20T20:31:12.249+0800] {taskinstance.py:353} INFO - Marking task as SUCCESS. dag_id=example_bash_operator, task_id=runme_2, run_id=manual__2025-04-20T12:27:36+00:00, execution_date=20250420T122736, start_date=20250420T123110, end_date=20250420T123112
[2025-04-20T20:31:12.324+0800] {logging_mixin.py:190} INFO - Task instance in success state
[2025-04-20T20:31:12.327+0800] {logging_mixin.py:190} INFO -  Previous state of the Task instance: running
[2025-04-20T20:31:12.328+0800] {logging_mixin.py:190} INFO - Dag name:example_bash_operator queued_at:2025-04-20 12:27:40.610981+00:00
[2025-04-20T20:31:12.330+0800] {logging_mixin.py:190} INFO - Task hostname:lxxxng. operator:BashOperator
[2025-04-20T20:31:12.346+0800] {local_task_job_runner.py:266} INFO - Task exited with return code 0
[2025-04-20T20:31:12.394+0800] {taskinstance.py:3901} INFO - 1 downstream tasks scheduled from follow-on schedule check
[2025-04-20T20:31:12.406+0800] {local_task_job_runner.py:245} INFO - ::endgroup::
