[2025-04-20T20:35:34.962+0800] {local_task_job_runner.py:123} INFO - ::group::Pre task execution logs
[2025-04-20T20:35:35.053+0800] {taskinstance.py:2614} INFO - Dependencies all met for dep_context=non-requeueable deps ti=<TaskInstance: example_bash_operator.run_after_loop manual__2025-04-20T12:27:36+00:00 [queued]>
[2025-04-20T20:35:35.097+0800] {taskinstance.py:2614} INFO - Dependencies all met for dep_context=requeueable deps ti=<TaskInstance: example_bash_operator.run_after_loop manual__2025-04-20T12:27:36+00:00 [queued]>
[2025-04-20T20:35:35.103+0800] {taskinstance.py:2867} INFO - Starting attempt 1 of 1
[2025-04-20T20:35:35.226+0800] {taskinstance.py:2890} INFO - Executing <Task(BashOperator): run_after_loop> on 2025-04-20 12:27:36+00:00
[2025-04-20T20:35:35.232+0800] {standard_task_runner.py:72} INFO - Started process 76774 to run task
[2025-04-20T20:35:35.242+0800] {standard_task_runner.py:104} INFO - Running: ['airflow', 'tasks', 'run', 'example_bash_operator', 'run_after_loop', 'manual__2025-04-20T12:27:36+00:00', '--job-id', '14', '--raw', '--subdir', '/mnt/c/Users/wu_li/OneDrive/Desktop/Airflow_pract/venv/lib/python3.9/site-packages/airflow/example_dags/example_bash_operator.py', '--cfg-path', '/tmp/tmplmb44f_3']
[2025-04-20T20:35:35.260+0800] {standard_task_runner.py:105} INFO - Job 14: Subtask run_after_loop
[2025-04-20T20:35:35.495+0800] {task_command.py:467} INFO - Running <TaskInstance: example_bash_operator.run_after_loop manual__2025-04-20T12:27:36+00:00 [running]> on host lxxxng.
[2025-04-20T20:35:35.852+0800] {taskinstance.py:3134} INFO - Exporting env vars: AIRFLOW_CTX_DAG_OWNER='airflow' AIRFLOW_CTX_DAG_ID='example_bash_operator' AIRFLOW_CTX_TASK_ID='run_after_loop' AIRFLOW_CTX_EXECUTION_DATE='2025-04-20T12:27:36+00:00' AIRFLOW_CTX_TRY_NUMBER='1' AIRFLOW_CTX_DAG_RUN_ID='manual__2025-04-20T12:27:36+00:00'
[2025-04-20T20:35:35.865+0800] {logging_mixin.py:190} INFO - Task instance is in running state
[2025-04-20T20:35:35.869+0800] {logging_mixin.py:190} INFO -  Previous state of the Task instance: queued
[2025-04-20T20:35:35.874+0800] {logging_mixin.py:190} INFO - Current task name:run_after_loop state:running start_date:2025-04-20 12:35:35.056370+00:00
[2025-04-20T20:35:35.880+0800] {logging_mixin.py:190} INFO - Dag name:example_bash_operator and current dag run status:running
[2025-04-20T20:35:35.886+0800] {taskinstance.py:732} INFO - ::endgroup::
[2025-04-20T20:35:35.891+0800] {subprocess.py:78} INFO - Tmp dir root location: /tmp
[2025-04-20T20:35:35.898+0800] {subprocess.py:88} INFO - Running command: ['/usr/bin/bash', '-c', 'echo https://airflow.apache.org/']
[2025-04-20T20:35:35.934+0800] {subprocess.py:99} INFO - Output:
[2025-04-20T20:35:35.940+0800] {subprocess.py:106} INFO - https://airflow.apache.org/
[2025-04-20T20:35:35.944+0800] {subprocess.py:110} INFO - Command exited with return code 0
[2025-04-20T20:35:36.089+0800] {taskinstance.py:341} INFO - ::group::Post task execution logs
[2025-04-20T20:35:36.091+0800] {taskinstance.py:353} INFO - Marking task as SUCCESS. dag_id=example_bash_operator, task_id=run_after_loop, run_id=manual__2025-04-20T12:27:36+00:00, execution_date=20250420T122736, start_date=20250420T123535, end_date=20250420T123536
[2025-04-20T20:35:36.296+0800] {logging_mixin.py:190} INFO - Task instance in success state
[2025-04-20T20:35:36.301+0800] {logging_mixin.py:190} INFO -  Previous state of the Task instance: running
[2025-04-20T20:35:36.309+0800] {logging_mixin.py:190} INFO - Dag name:example_bash_operator queued_at:2025-04-20 12:27:40.610981+00:00
[2025-04-20T20:35:36.312+0800] {logging_mixin.py:190} INFO - Task hostname:lxxxng. operator:BashOperator
[2025-04-20T20:35:36.354+0800] {local_task_job_runner.py:266} INFO - Task exited with return code 0
[2025-04-20T20:35:36.396+0800] {taskinstance.py:3901} INFO - 0 downstream tasks scheduled from follow-on schedule check
[2025-04-20T20:35:36.400+0800] {local_task_job_runner.py:245} INFO - ::endgroup::
