[2025-04-20T20:30:14.456+0800] {local_task_job_runner.py:123} INFO - ::group::Pre task execution logs
[2025-04-20T20:30:14.507+0800] {taskinstance.py:2614} INFO - Dependencies all met for dep_context=non-requeueable deps ti=<TaskInstance: example_bash_operator.runme_0 manual__2025-04-20T12:27:36+00:00 [queued]>
[2025-04-20T20:30:14.538+0800] {taskinstance.py:2614} INFO - Dependencies all met for dep_context=requeueable deps ti=<TaskInstance: example_bash_operator.runme_0 manual__2025-04-20T12:27:36+00:00 [queued]>
[2025-04-20T20:30:14.541+0800] {taskinstance.py:2867} INFO - Starting attempt 1 of 1
[2025-04-20T20:30:14.608+0800] {taskinstance.py:2890} INFO - Executing <Task(BashOperator): runme_0> on 2025-04-20 12:27:36+00:00
[2025-04-20T20:30:14.626+0800] {standard_task_runner.py:72} INFO - Started process 74746 to run task
[2025-04-20T20:30:14.639+0800] {standard_task_runner.py:104} INFO - Running: ['airflow', 'tasks', 'run', 'example_bash_operator', 'runme_0', 'manual__2025-04-20T12:27:36+00:00', '--job-id', '6', '--raw', '--subdir', '/mnt/c/Users/wu_li/OneDrive/Desktop/Airflow_pract/venv/lib/python3.9/site-packages/airflow/example_dags/example_bash_operator.py', '--cfg-path', '/tmp/tmp8jw9kxmj']
[2025-04-20T20:30:14.652+0800] {standard_task_runner.py:105} INFO - Job 6: Subtask runme_0
[2025-04-20T20:30:14.825+0800] {task_command.py:467} INFO - Running <TaskInstance: example_bash_operator.runme_0 manual__2025-04-20T12:27:36+00:00 [running]> on host lxxxng.
[2025-04-20T20:30:15.088+0800] {taskinstance.py:3134} INFO - Exporting env vars: AIRFLOW_CTX_DAG_OWNER='airflow' AIRFLOW_CTX_DAG_ID='example_bash_operator' AIRFLOW_CTX_TASK_ID='runme_0' AIRFLOW_CTX_EXECUTION_DATE='2025-04-20T12:27:36+00:00' AIRFLOW_CTX_TRY_NUMBER='1' AIRFLOW_CTX_DAG_RUN_ID='manual__2025-04-20T12:27:36+00:00'
[2025-04-20T20:30:15.092+0800] {logging_mixin.py:190} INFO - Task instance is in running state
[2025-04-20T20:30:15.095+0800] {logging_mixin.py:190} INFO -  Previous state of the Task instance: queued
[2025-04-20T20:30:15.098+0800] {logging_mixin.py:190} INFO - Current task name:runme_0 state:running start_date:2025-04-20 12:30:14.510400+00:00
[2025-04-20T20:30:15.100+0800] {logging_mixin.py:190} INFO - Dag name:example_bash_operator and current dag run status:running
[2025-04-20T20:30:15.103+0800] {taskinstance.py:732} INFO - ::endgroup::
[2025-04-20T20:30:15.107+0800] {subprocess.py:78} INFO - Tmp dir root location: /tmp
[2025-04-20T20:30:15.113+0800] {subprocess.py:88} INFO - Running command: ['/usr/bin/bash', '-c', 'echo "example_bash_operator__runme_0__20250420" && sleep 1']
[2025-04-20T20:30:15.135+0800] {subprocess.py:99} INFO - Output:
[2025-04-20T20:30:15.138+0800] {subprocess.py:106} INFO - example_bash_operator__runme_0__20250420
[2025-04-20T20:30:16.140+0800] {subprocess.py:110} INFO - Command exited with return code 0
[2025-04-20T20:30:16.211+0800] {taskinstance.py:341} INFO - ::group::Post task execution logs
[2025-04-20T20:30:16.214+0800] {taskinstance.py:353} INFO - Marking task as SUCCESS. dag_id=example_bash_operator, task_id=runme_0, run_id=manual__2025-04-20T12:27:36+00:00, execution_date=20250420T122736, start_date=20250420T123014, end_date=20250420T123016
[2025-04-20T20:30:16.310+0800] {logging_mixin.py:190} INFO - Task instance in success state
[2025-04-20T20:30:16.313+0800] {logging_mixin.py:190} INFO -  Previous state of the Task instance: running
[2025-04-20T20:30:16.315+0800] {logging_mixin.py:190} INFO - Dag name:example_bash_operator queued_at:2025-04-20 12:27:40.610981+00:00
[2025-04-20T20:30:16.318+0800] {logging_mixin.py:190} INFO - Task hostname:lxxxng. operator:BashOperator
[2025-04-20T20:30:16.359+0800] {local_task_job_runner.py:266} INFO - Task exited with return code 0
[2025-04-20T20:30:16.419+0800] {taskinstance.py:3901} INFO - 0 downstream tasks scheduled from follow-on schedule check
[2025-04-20T20:30:16.423+0800] {local_task_job_runner.py:245} INFO - ::endgroup::
