[2025-04-20T20:32:21.515+0800] {local_task_job_runner.py:123} INFO - ::group::Pre task execution logs
[2025-04-20T20:32:21.567+0800] {taskinstance.py:2614} INFO - Dependencies all met for dep_context=non-requeueable deps ti=<TaskInstance: example_bash_operator.this_will_skip scheduled__2025-04-19T00:00:00+00:00 [queued]>
[2025-04-20T20:32:21.601+0800] {taskinstance.py:2614} INFO - Dependencies all met for dep_context=requeueable deps ti=<TaskInstance: example_bash_operator.this_will_skip scheduled__2025-04-19T00:00:00+00:00 [queued]>
[2025-04-20T20:32:21.604+0800] {taskinstance.py:2867} INFO - Starting attempt 1 of 1
[2025-04-20T20:32:21.676+0800] {taskinstance.py:2890} INFO - Executing <Task(BashOperator): this_will_skip> on 2025-04-19 00:00:00+00:00
[2025-04-20T20:32:21.686+0800] {standard_task_runner.py:72} INFO - Started process 75701 to run task
[2025-04-20T20:32:21.696+0800] {standard_task_runner.py:104} INFO - Running: ['airflow', 'tasks', 'run', 'example_bash_operator', 'this_will_skip', 'scheduled__2025-04-19T00:00:00+00:00', '--job-id', '10', '--raw', '--subdir', '/mnt/c/Users/wu_li/OneDrive/Desktop/Airflow_pract/venv/lib/python3.9/site-packages/airflow/example_dags/example_bash_operator.py', '--cfg-path', '/tmp/tmp05vgb0mm']
[2025-04-20T20:32:21.708+0800] {standard_task_runner.py:105} INFO - Job 10: Subtask this_will_skip
[2025-04-20T20:32:21.955+0800] {task_command.py:467} INFO - Running <TaskInstance: example_bash_operator.this_will_skip scheduled__2025-04-19T00:00:00+00:00 [running]> on host lxxxng.
[2025-04-20T20:32:22.290+0800] {taskinstance.py:3134} INFO - Exporting env vars: AIRFLOW_CTX_DAG_OWNER='airflow' AIRFLOW_CTX_DAG_ID='example_bash_operator' AIRFLOW_CTX_TASK_ID='this_will_skip' AIRFLOW_CTX_EXECUTION_DATE='2025-04-19T00:00:00+00:00' AIRFLOW_CTX_TRY_NUMBER='1' AIRFLOW_CTX_DAG_RUN_ID='scheduled__2025-04-19T00:00:00+00:00'
[2025-04-20T20:32:22.303+0800] {logging_mixin.py:190} INFO - Task instance is in running state
[2025-04-20T20:32:22.310+0800] {logging_mixin.py:190} INFO -  Previous state of the Task instance: queued
[2025-04-20T20:32:22.316+0800] {logging_mixin.py:190} INFO - Current task name:this_will_skip state:running start_date:2025-04-20 12:32:21.574453+00:00
[2025-04-20T20:32:22.318+0800] {logging_mixin.py:190} INFO - Dag name:example_bash_operator and current dag run status:running
[2025-04-20T20:32:22.320+0800] {taskinstance.py:732} INFO - ::endgroup::
[2025-04-20T20:32:22.329+0800] {subprocess.py:78} INFO - Tmp dir root location: /tmp
[2025-04-20T20:32:22.335+0800] {subprocess.py:88} INFO - Running command: ['/usr/bin/bash', '-c', 'echo "hello world"; exit 99;']
[2025-04-20T20:32:22.368+0800] {subprocess.py:99} INFO - Output:
[2025-04-20T20:32:22.376+0800] {subprocess.py:106} INFO - hello world
[2025-04-20T20:32:22.379+0800] {subprocess.py:110} INFO - Command exited with return code 99
[2025-04-20T20:32:22.382+0800] {taskinstance.py:302} INFO - Bash command returned exit code 99. Skipping.
[2025-04-20T20:32:22.582+0800] {taskinstance.py:341} INFO - ::group::Post task execution logs
[2025-04-20T20:32:22.584+0800] {taskinstance.py:353} INFO - Marking task as SKIPPED. dag_id=example_bash_operator, task_id=this_will_skip, run_id=scheduled__2025-04-19T00:00:00+00:00, execution_date=20250419T000000, start_date=20250420T123221, end_date=20250420T123222
[2025-04-20T20:32:22.769+0800] {local_task_job_runner.py:266} INFO - Task exited with return code 0
[2025-04-20T20:32:22.854+0800] {taskinstance.py:3901} INFO - 0 downstream tasks scheduled from follow-on schedule check
[2025-04-20T20:32:22.901+0800] {local_task_job_runner.py:245} INFO - ::endgroup::
