[2025-04-20T20:28:43.503+0800] {local_task_job_runner.py:123} INFO - ::group::Pre task execution logs
[2025-04-20T20:28:43.522+0800] {taskinstance.py:2614} INFO - Dependencies all met for dep_context=non-requeueable deps ti=<TaskInstance: example_bash_operator.runme_1 scheduled__2025-04-19T00:00:00+00:00 [queued]>
[2025-04-20T20:28:43.536+0800] {taskinstance.py:2614} INFO - Dependencies all met for dep_context=requeueable deps ti=<TaskInstance: example_bash_operator.runme_1 scheduled__2025-04-19T00:00:00+00:00 [queued]>
[2025-04-20T20:28:43.537+0800] {taskinstance.py:2867} INFO - Starting attempt 1 of 1
[2025-04-20T20:28:43.569+0800] {taskinstance.py:2890} INFO - Executing <Task(BashOperator): runme_1> on 2025-04-19 00:00:00+00:00
[2025-04-20T20:28:43.573+0800] {standard_task_runner.py:72} INFO - Started process 74256 to run task
[2025-04-20T20:28:43.577+0800] {standard_task_runner.py:104} INFO - Running: ['airflow', 'tasks', 'run', 'example_bash_operator', 'runme_1', 'scheduled__2025-04-19T00:00:00+00:00', '--job-id', '4', '--raw', '--subdir', '/mnt/c/Users/wu_li/OneDrive/Desktop/Airflow_pract/venv/lib/python3.9/site-packages/airflow/example_dags/example_bash_operator.py', '--cfg-path', '/tmp/tmpxi8v771p']
[2025-04-20T20:28:43.579+0800] {standard_task_runner.py:105} INFO - Job 4: Subtask runme_1
[2025-04-20T20:28:43.657+0800] {task_command.py:467} INFO - Running <TaskInstance: example_bash_operator.runme_1 scheduled__2025-04-19T00:00:00+00:00 [running]> on host lxxxng.
[2025-04-20T20:28:43.778+0800] {taskinstance.py:3134} INFO - Exporting env vars: AIRFLOW_CTX_DAG_OWNER='airflow' AIRFLOW_CTX_DAG_ID='example_bash_operator' AIRFLOW_CTX_TASK_ID='runme_1' AIRFLOW_CTX_EXECUTION_DATE='2025-04-19T00:00:00+00:00' AIRFLOW_CTX_TRY_NUMBER='1' AIRFLOW_CTX_DAG_RUN_ID='scheduled__2025-04-19T00:00:00+00:00'
[2025-04-20T20:28:43.781+0800] {logging_mixin.py:190} INFO - Task instance is in running state
[2025-04-20T20:28:43.782+0800] {logging_mixin.py:190} INFO -  Previous state of the Task instance: queued
[2025-04-20T20:28:43.784+0800] {logging_mixin.py:190} INFO - Current task name:runme_1 state:running start_date:2025-04-20 12:28:43.524794+00:00
[2025-04-20T20:28:43.786+0800] {logging_mixin.py:190} INFO - Dag name:example_bash_operator and current dag run status:running
[2025-04-20T20:28:43.787+0800] {taskinstance.py:732} INFO - ::endgroup::
[2025-04-20T20:28:43.790+0800] {subprocess.py:78} INFO - Tmp dir root location: /tmp
[2025-04-20T20:28:43.792+0800] {subprocess.py:88} INFO - Running command: ['/usr/bin/bash', '-c', 'echo "example_bash_operator__runme_1__20250419" && sleep 1']
[2025-04-20T20:28:43.800+0800] {subprocess.py:99} INFO - Output:
[2025-04-20T20:28:43.803+0800] {subprocess.py:106} INFO - example_bash_operator__runme_1__20250419
[2025-04-20T20:28:44.804+0800] {subprocess.py:110} INFO - Command exited with return code 0
[2025-04-20T20:28:44.896+0800] {taskinstance.py:341} INFO - ::group::Post task execution logs
[2025-04-20T20:28:44.899+0800] {taskinstance.py:353} INFO - Marking task as SUCCESS. dag_id=example_bash_operator, task_id=runme_1, run_id=scheduled__2025-04-19T00:00:00+00:00, execution_date=20250419T000000, start_date=20250420T122843, end_date=20250420T122844
[2025-04-20T20:28:45.030+0800] {logging_mixin.py:190} INFO - Task instance in success state
[2025-04-20T20:28:45.035+0800] {logging_mixin.py:190} INFO -  Previous state of the Task instance: running
[2025-04-20T20:28:45.038+0800] {logging_mixin.py:190} INFO - Dag name:example_bash_operator queued_at:2025-04-20 12:27:41.436298+00:00
[2025-04-20T20:28:45.041+0800] {logging_mixin.py:190} INFO - Task hostname:lxxxng. operator:BashOperator
[2025-04-20T20:28:45.090+0800] {local_task_job_runner.py:266} INFO - Task exited with return code 0
[2025-04-20T20:28:45.184+0800] {taskinstance.py:3901} INFO - 0 downstream tasks scheduled from follow-on schedule check
[2025-04-20T20:28:45.189+0800] {local_task_job_runner.py:245} INFO - ::endgroup::
