[2025-04-20T22:11:17.349+0800] {processor.py:186} INFO - Started process (PID=133966) to work on /mnt/c/Users/wu_li/OneDrive/Desktop/Airflow_pract/dags/dag_with_class.py
[2025-04-20T22:11:17.352+0800] {processor.py:914} INFO - Processing file /mnt/c/Users/wu_li/OneDrive/Desktop/Airflow_pract/dags/dag_with_class.py for tasks to queue
[2025-04-20T22:11:17.364+0800] {logging_mixin.py:190} INFO - [2025-04-20T22:11:17.362+0800] {dagbag.py:588} INFO - Filling up the DagBag from /mnt/c/Users/wu_li/OneDrive/Desktop/Airflow_pract/dags/dag_with_class.py
[2025-04-20T22:11:17.444+0800] {processor.py:925} INFO - DAG(s) 'dag_with_taskflow_api_v02' retrieved from /mnt/c/Users/wu_li/OneDrive/Desktop/Airflow_pract/dags/dag_with_class.py
[2025-04-20T22:11:19.428+0800] {logging_mixin.py:190} INFO - [2025-04-20T22:11:19.425+0800] {override.py:1912} INFO - Created Permission View: can delete on DAG:dag_with_taskflow_api_v02
[2025-04-20T22:11:19.473+0800] {logging_mixin.py:190} INFO - [2025-04-20T22:11:19.471+0800] {override.py:1912} INFO - Created Permission View: can read on DAG:dag_with_taskflow_api_v02
[2025-04-20T22:11:19.515+0800] {logging_mixin.py:190} INFO - [2025-04-20T22:11:19.513+0800] {override.py:1912} INFO - Created Permission View: can edit on DAG:dag_with_taskflow_api_v02
[2025-04-20T22:11:19.582+0800] {logging_mixin.py:190} INFO - [2025-04-20T22:11:19.580+0800] {override.py:1912} INFO - Created Permission View: can delete on DAG Run:dag_with_taskflow_api_v02
[2025-04-20T22:11:19.634+0800] {logging_mixin.py:190} INFO - [2025-04-20T22:11:19.633+0800] {override.py:1912} INFO - Created Permission View: can read on DAG Run:dag_with_taskflow_api_v02
[2025-04-20T22:11:19.676+0800] {logging_mixin.py:190} INFO - [2025-04-20T22:11:19.674+0800] {override.py:1912} INFO - Created Permission View: menu access on DAG Run:dag_with_taskflow_api_v02
[2025-04-20T22:11:19.718+0800] {logging_mixin.py:190} INFO - [2025-04-20T22:11:19.717+0800] {override.py:1912} INFO - Created Permission View: can create on DAG Run:dag_with_taskflow_api_v02
[2025-04-20T22:11:19.721+0800] {logging_mixin.py:190} INFO - [2025-04-20T22:11:19.720+0800] {dag.py:3239} INFO - Sync 1 DAGs
[2025-04-20T22:11:19.747+0800] {logging_mixin.py:190} INFO - [2025-04-20T22:11:19.745+0800] {dag.py:3262} INFO - Creating ORM DAG for dag_with_taskflow_api_v02
[2025-04-20T22:11:19.759+0800] {logging_mixin.py:190} INFO - [2025-04-20T22:11:19.758+0800] {dag.py:4180} INFO - Setting next_dagrun for dag_with_taskflow_api_v02 to 2021-10-26 00:00:00+00:00, run_after=2021-10-27 00:00:00+00:00
[2025-04-20T22:11:19.825+0800] {processor.py:208} INFO - Processing /mnt/c/Users/wu_li/OneDrive/Desktop/Airflow_pract/dags/dag_with_class.py took 2.502 seconds
[2025-04-20T22:12:17.830+0800] {processor.py:186} INFO - Started process (PID=134368) to work on /mnt/c/Users/wu_li/OneDrive/Desktop/Airflow_pract/dags/dag_with_class.py
[2025-04-20T22:12:17.832+0800] {processor.py:914} INFO - Processing file /mnt/c/Users/wu_li/OneDrive/Desktop/Airflow_pract/dags/dag_with_class.py for tasks to queue
[2025-04-20T22:12:17.834+0800] {logging_mixin.py:190} INFO - [2025-04-20T22:12:17.834+0800] {dagbag.py:588} INFO - Filling up the DagBag from /mnt/c/Users/wu_li/OneDrive/Desktop/Airflow_pract/dags/dag_with_class.py
[2025-04-20T22:12:17.857+0800] {processor.py:925} INFO - DAG(s) 'dag_with_taskflow_api_v02' retrieved from /mnt/c/Users/wu_li/OneDrive/Desktop/Airflow_pract/dags/dag_with_class.py
[2025-04-20T22:12:17.883+0800] {logging_mixin.py:190} INFO - [2025-04-20T22:12:17.882+0800] {dag.py:3239} INFO - Sync 1 DAGs
[2025-04-20T22:12:17.908+0800] {logging_mixin.py:190} INFO - [2025-04-20T22:12:17.907+0800] {dag.py:4180} INFO - Setting next_dagrun for dag_with_taskflow_api_v02 to 2021-10-26 00:00:00+00:00, run_after=2021-10-27 00:00:00+00:00
[2025-04-20T22:12:17.970+0800] {processor.py:208} INFO - Processing /mnt/c/Users/wu_li/OneDrive/Desktop/Airflow_pract/dags/dag_with_class.py took 0.151 seconds
[2025-04-20T22:13:17.338+0800] {processor.py:186} INFO - Started process (PID=134766) to work on /mnt/c/Users/wu_li/OneDrive/Desktop/Airflow_pract/dags/dag_with_class.py
[2025-04-20T22:13:17.340+0800] {processor.py:914} INFO - Processing file /mnt/c/Users/wu_li/OneDrive/Desktop/Airflow_pract/dags/dag_with_class.py for tasks to queue
[2025-04-20T22:13:17.344+0800] {logging_mixin.py:190} INFO - [2025-04-20T22:13:17.343+0800] {dagbag.py:588} INFO - Filling up the DagBag from /mnt/c/Users/wu_li/OneDrive/Desktop/Airflow_pract/dags/dag_with_class.py
[2025-04-20T22:13:17.378+0800] {processor.py:925} INFO - DAG(s) 'dag_with_taskflow_api_v02' retrieved from /mnt/c/Users/wu_li/OneDrive/Desktop/Airflow_pract/dags/dag_with_class.py
[2025-04-20T22:13:17.422+0800] {logging_mixin.py:190} INFO - [2025-04-20T22:13:17.420+0800] {dag.py:3239} INFO - Sync 1 DAGs
[2025-04-20T22:13:17.452+0800] {logging_mixin.py:190} INFO - [2025-04-20T22:13:17.450+0800] {dag.py:4180} INFO - Setting next_dagrun for dag_with_taskflow_api_v02 to 2021-10-26 00:00:00+00:00, run_after=2021-10-27 00:00:00+00:00
[2025-04-20T22:13:17.514+0800] {processor.py:208} INFO - Processing /mnt/c/Users/wu_li/OneDrive/Desktop/Airflow_pract/dags/dag_with_class.py took 0.191 seconds
[2025-04-20T22:14:23.909+0800] {processor.py:186} INFO - Started process (PID=135241) to work on /mnt/c/Users/wu_li/OneDrive/Desktop/Airflow_pract/dags/dag_with_class.py
[2025-04-20T22:14:23.918+0800] {processor.py:914} INFO - Processing file /mnt/c/Users/wu_li/OneDrive/Desktop/Airflow_pract/dags/dag_with_class.py for tasks to queue
[2025-04-20T22:14:23.927+0800] {logging_mixin.py:190} INFO - [2025-04-20T22:14:23.926+0800] {dagbag.py:588} INFO - Filling up the DagBag from /mnt/c/Users/wu_li/OneDrive/Desktop/Airflow_pract/dags/dag_with_class.py
[2025-04-20T22:14:24.035+0800] {processor.py:925} INFO - DAG(s) 'dag_with_taskflow_api_v02' retrieved from /mnt/c/Users/wu_li/OneDrive/Desktop/Airflow_pract/dags/dag_with_class.py
[2025-04-20T22:14:24.147+0800] {logging_mixin.py:190} INFO - [2025-04-20T22:14:24.146+0800] {dag.py:3239} INFO - Sync 1 DAGs
[2025-04-20T22:14:24.244+0800] {logging_mixin.py:190} INFO - [2025-04-20T22:14:24.242+0800] {dag.py:4180} INFO - Setting next_dagrun for dag_with_taskflow_api_v02 to 2021-10-26 00:00:00+00:00, run_after=2021-10-27 00:00:00+00:00
[2025-04-20T22:14:24.438+0800] {processor.py:208} INFO - Processing /mnt/c/Users/wu_li/OneDrive/Desktop/Airflow_pract/dags/dag_with_class.py took 0.551 seconds
[2025-04-20T22:15:22.171+0800] {processor.py:186} INFO - Started process (PID=135786) to work on /mnt/c/Users/wu_li/OneDrive/Desktop/Airflow_pract/dags/dag_with_class.py
[2025-04-20T22:15:22.174+0800] {processor.py:914} INFO - Processing file /mnt/c/Users/wu_li/OneDrive/Desktop/Airflow_pract/dags/dag_with_class.py for tasks to queue
[2025-04-20T22:15:22.181+0800] {logging_mixin.py:190} INFO - [2025-04-20T22:15:22.176+0800] {dagbag.py:588} INFO - Filling up the DagBag from /mnt/c/Users/wu_li/OneDrive/Desktop/Airflow_pract/dags/dag_with_class.py
[2025-04-20T22:15:22.233+0800] {processor.py:925} INFO - DAG(s) 'dag_with_taskflow_api_v02' retrieved from /mnt/c/Users/wu_li/OneDrive/Desktop/Airflow_pract/dags/dag_with_class.py
[2025-04-20T22:15:22.280+0800] {logging_mixin.py:190} INFO - [2025-04-20T22:15:22.278+0800] {dag.py:3239} INFO - Sync 1 DAGs
[2025-04-20T22:15:22.348+0800] {logging_mixin.py:190} INFO - [2025-04-20T22:15:22.346+0800] {dag.py:4180} INFO - Setting next_dagrun for dag_with_taskflow_api_v02 to 2021-10-26 00:00:00+00:00, run_after=2021-10-27 00:00:00+00:00
[2025-04-20T22:15:22.464+0800] {processor.py:208} INFO - Processing /mnt/c/Users/wu_li/OneDrive/Desktop/Airflow_pract/dags/dag_with_class.py took 0.334 seconds
[2025-04-20T22:16:22.354+0800] {processor.py:186} INFO - Started process (PID=136259) to work on /mnt/c/Users/wu_li/OneDrive/Desktop/Airflow_pract/dags/dag_with_class.py
[2025-04-20T22:16:22.356+0800] {processor.py:914} INFO - Processing file /mnt/c/Users/wu_li/OneDrive/Desktop/Airflow_pract/dags/dag_with_class.py for tasks to queue
[2025-04-20T22:16:22.359+0800] {logging_mixin.py:190} INFO - [2025-04-20T22:16:22.358+0800] {dagbag.py:588} INFO - Filling up the DagBag from /mnt/c/Users/wu_li/OneDrive/Desktop/Airflow_pract/dags/dag_with_class.py
[2025-04-20T22:16:22.393+0800] {processor.py:925} INFO - DAG(s) 'dag_with_taskflow_api_v02' retrieved from /mnt/c/Users/wu_li/OneDrive/Desktop/Airflow_pract/dags/dag_with_class.py
[2025-04-20T22:16:22.440+0800] {logging_mixin.py:190} INFO - [2025-04-20T22:16:22.439+0800] {dag.py:3239} INFO - Sync 1 DAGs
[2025-04-20T22:16:22.490+0800] {logging_mixin.py:190} INFO - [2025-04-20T22:16:22.484+0800] {dag.py:4180} INFO - Setting next_dagrun for dag_with_taskflow_api_v02 to 2021-10-26 00:00:00+00:00, run_after=2021-10-27 00:00:00+00:00
[2025-04-20T22:16:22.580+0800] {processor.py:208} INFO - Processing /mnt/c/Users/wu_li/OneDrive/Desktop/Airflow_pract/dags/dag_with_class.py took 0.244 seconds
[2025-04-20T22:17:36.188+0800] {processor.py:186} INFO - Started process (PID=136811) to work on /mnt/c/Users/wu_li/OneDrive/Desktop/Airflow_pract/dags/dag_with_class.py
[2025-04-20T22:17:36.197+0800] {processor.py:914} INFO - Processing file /mnt/c/Users/wu_li/OneDrive/Desktop/Airflow_pract/dags/dag_with_class.py for tasks to queue
[2025-04-20T22:17:36.202+0800] {logging_mixin.py:190} INFO - [2025-04-20T22:17:36.200+0800] {dagbag.py:588} INFO - Filling up the DagBag from /mnt/c/Users/wu_li/OneDrive/Desktop/Airflow_pract/dags/dag_with_class.py
[2025-04-20T22:17:36.257+0800] {processor.py:925} INFO - DAG(s) 'dag_with_taskflow_api_v02' retrieved from /mnt/c/Users/wu_li/OneDrive/Desktop/Airflow_pract/dags/dag_with_class.py
[2025-04-20T22:17:36.315+0800] {logging_mixin.py:190} INFO - [2025-04-20T22:17:36.308+0800] {dag.py:3239} INFO - Sync 1 DAGs
[2025-04-20T22:17:36.372+0800] {logging_mixin.py:190} INFO - [2025-04-20T22:17:36.368+0800] {dag.py:4180} INFO - Setting next_dagrun for dag_with_taskflow_api_v02 to 2021-10-26 00:00:00+00:00, run_after=2021-10-27 00:00:00+00:00
[2025-04-20T22:17:36.481+0800] {processor.py:208} INFO - Processing /mnt/c/Users/wu_li/OneDrive/Desktop/Airflow_pract/dags/dag_with_class.py took 0.314 seconds
[2025-04-20T22:18:44.214+0800] {processor.py:186} INFO - Started process (PID=137292) to work on /mnt/c/Users/wu_li/OneDrive/Desktop/Airflow_pract/dags/dag_with_class.py
[2025-04-20T22:18:44.217+0800] {processor.py:914} INFO - Processing file /mnt/c/Users/wu_li/OneDrive/Desktop/Airflow_pract/dags/dag_with_class.py for tasks to queue
[2025-04-20T22:18:44.220+0800] {logging_mixin.py:190} INFO - [2025-04-20T22:18:44.219+0800] {dagbag.py:588} INFO - Filling up the DagBag from /mnt/c/Users/wu_li/OneDrive/Desktop/Airflow_pract/dags/dag_with_class.py
[2025-04-20T22:18:44.278+0800] {processor.py:925} INFO - DAG(s) 'dag_with_taskflow_api_v02' retrieved from /mnt/c/Users/wu_li/OneDrive/Desktop/Airflow_pract/dags/dag_with_class.py
[2025-04-20T22:18:44.346+0800] {logging_mixin.py:190} INFO - [2025-04-20T22:18:44.342+0800] {dag.py:3239} INFO - Sync 1 DAGs
[2025-04-20T22:18:44.427+0800] {logging_mixin.py:190} INFO - [2025-04-20T22:18:44.425+0800] {dag.py:4180} INFO - Setting next_dagrun for dag_with_taskflow_api_v02 to 2021-10-26 00:00:00+00:00, run_after=2021-10-27 00:00:00+00:00
[2025-04-20T22:18:44.527+0800] {processor.py:208} INFO - Processing /mnt/c/Users/wu_li/OneDrive/Desktop/Airflow_pract/dags/dag_with_class.py took 0.336 seconds
[2025-04-20T22:19:50.432+0800] {processor.py:186} INFO - Started process (PID=137696) to work on /mnt/c/Users/wu_li/OneDrive/Desktop/Airflow_pract/dags/dag_with_class.py
[2025-04-20T22:19:50.436+0800] {processor.py:914} INFO - Processing file /mnt/c/Users/wu_li/OneDrive/Desktop/Airflow_pract/dags/dag_with_class.py for tasks to queue
[2025-04-20T22:19:50.446+0800] {logging_mixin.py:190} INFO - [2025-04-20T22:19:50.444+0800] {dagbag.py:588} INFO - Filling up the DagBag from /mnt/c/Users/wu_li/OneDrive/Desktop/Airflow_pract/dags/dag_with_class.py
[2025-04-20T22:19:50.512+0800] {processor.py:925} INFO - DAG(s) 'dag_with_taskflow_api_v02' retrieved from /mnt/c/Users/wu_li/OneDrive/Desktop/Airflow_pract/dags/dag_with_class.py
[2025-04-20T22:19:50.567+0800] {logging_mixin.py:190} INFO - [2025-04-20T22:19:50.565+0800] {dag.py:3239} INFO - Sync 1 DAGs
[2025-04-20T22:19:50.610+0800] {logging_mixin.py:190} INFO - [2025-04-20T22:19:50.606+0800] {dag.py:4180} INFO - Setting next_dagrun for dag_with_taskflow_api_v02 to 2021-10-26 00:00:00+00:00, run_after=2021-10-27 00:00:00+00:00
[2025-04-20T22:19:50.739+0800] {processor.py:208} INFO - Processing /mnt/c/Users/wu_li/OneDrive/Desktop/Airflow_pract/dags/dag_with_class.py took 0.340 seconds
[2025-04-20T22:21:00.649+0800] {processor.py:186} INFO - Started process (PID=138172) to work on /mnt/c/Users/wu_li/OneDrive/Desktop/Airflow_pract/dags/dag_with_class.py
[2025-04-20T22:21:00.652+0800] {processor.py:914} INFO - Processing file /mnt/c/Users/wu_li/OneDrive/Desktop/Airflow_pract/dags/dag_with_class.py for tasks to queue
[2025-04-20T22:21:00.659+0800] {logging_mixin.py:190} INFO - [2025-04-20T22:21:00.657+0800] {dagbag.py:588} INFO - Filling up the DagBag from /mnt/c/Users/wu_li/OneDrive/Desktop/Airflow_pract/dags/dag_with_class.py
[2025-04-20T22:21:00.713+0800] {processor.py:925} INFO - DAG(s) 'dag_with_taskflow_api_v02' retrieved from /mnt/c/Users/wu_li/OneDrive/Desktop/Airflow_pract/dags/dag_with_class.py
[2025-04-20T22:21:00.765+0800] {logging_mixin.py:190} INFO - [2025-04-20T22:21:00.763+0800] {dag.py:3239} INFO - Sync 1 DAGs
[2025-04-20T22:21:00.839+0800] {logging_mixin.py:190} INFO - [2025-04-20T22:21:00.837+0800] {dag.py:4180} INFO - Setting next_dagrun for dag_with_taskflow_api_v02 to 2021-10-26 00:00:00+00:00, run_after=2021-10-27 00:00:00+00:00
[2025-04-20T22:21:00.978+0800] {processor.py:208} INFO - Processing /mnt/c/Users/wu_li/OneDrive/Desktop/Airflow_pract/dags/dag_with_class.py took 0.367 seconds
[2025-04-20T22:22:10.323+0800] {processor.py:186} INFO - Started process (PID=138646) to work on /mnt/c/Users/wu_li/OneDrive/Desktop/Airflow_pract/dags/dag_with_class.py
[2025-04-20T22:22:10.326+0800] {processor.py:914} INFO - Processing file /mnt/c/Users/wu_li/OneDrive/Desktop/Airflow_pract/dags/dag_with_class.py for tasks to queue
[2025-04-20T22:22:10.332+0800] {logging_mixin.py:190} INFO - [2025-04-20T22:22:10.329+0800] {dagbag.py:588} INFO - Filling up the DagBag from /mnt/c/Users/wu_li/OneDrive/Desktop/Airflow_pract/dags/dag_with_class.py
[2025-04-20T22:22:10.388+0800] {processor.py:925} INFO - DAG(s) 'dag_with_taskflow_api_v02' retrieved from /mnt/c/Users/wu_li/OneDrive/Desktop/Airflow_pract/dags/dag_with_class.py
[2025-04-20T22:22:10.461+0800] {logging_mixin.py:190} INFO - [2025-04-20T22:22:10.459+0800] {dag.py:3239} INFO - Sync 1 DAGs
[2025-04-20T22:22:10.539+0800] {logging_mixin.py:190} INFO - [2025-04-20T22:22:10.534+0800] {dag.py:4180} INFO - Setting next_dagrun for dag_with_taskflow_api_v02 to 2021-10-26 00:00:00+00:00, run_after=2021-10-27 00:00:00+00:00
[2025-04-20T22:22:10.676+0800] {processor.py:208} INFO - Processing /mnt/c/Users/wu_li/OneDrive/Desktop/Airflow_pract/dags/dag_with_class.py took 0.382 seconds
[2025-04-20T22:23:14.317+0800] {processor.py:186} INFO - Started process (PID=139224) to work on /mnt/c/Users/wu_li/OneDrive/Desktop/Airflow_pract/dags/dag_with_class.py
[2025-04-20T22:23:14.320+0800] {processor.py:914} INFO - Processing file /mnt/c/Users/wu_li/OneDrive/Desktop/Airflow_pract/dags/dag_with_class.py for tasks to queue
[2025-04-20T22:23:14.325+0800] {logging_mixin.py:190} INFO - [2025-04-20T22:23:14.323+0800] {dagbag.py:588} INFO - Filling up the DagBag from /mnt/c/Users/wu_li/OneDrive/Desktop/Airflow_pract/dags/dag_with_class.py
[2025-04-20T22:23:14.379+0800] {processor.py:925} INFO - DAG(s) 'dag_with_taskflow_api_v02' retrieved from /mnt/c/Users/wu_li/OneDrive/Desktop/Airflow_pract/dags/dag_with_class.py
[2025-04-20T22:23:14.428+0800] {logging_mixin.py:190} INFO - [2025-04-20T22:23:14.426+0800] {dag.py:3239} INFO - Sync 1 DAGs
[2025-04-20T22:23:14.465+0800] {logging_mixin.py:190} INFO - [2025-04-20T22:23:14.463+0800] {dag.py:4180} INFO - Setting next_dagrun for dag_with_taskflow_api_v02 to 2021-10-26 00:00:00+00:00, run_after=2021-10-27 00:00:00+00:00
[2025-04-20T22:23:13.731+0800] {processor.py:208} INFO - Processing /mnt/c/Users/wu_li/OneDrive/Desktop/Airflow_pract/dags/dag_with_class.py took 0.287 seconds
[2025-04-20T22:24:15.467+0800] {processor.py:186} INFO - Started process (PID=139814) to work on /mnt/c/Users/wu_li/OneDrive/Desktop/Airflow_pract/dags/dag_with_class.py
[2025-04-20T22:24:15.470+0800] {processor.py:914} INFO - Processing file /mnt/c/Users/wu_li/OneDrive/Desktop/Airflow_pract/dags/dag_with_class.py for tasks to queue
[2025-04-20T22:24:15.480+0800] {logging_mixin.py:190} INFO - [2025-04-20T22:24:15.473+0800] {dagbag.py:588} INFO - Filling up the DagBag from /mnt/c/Users/wu_li/OneDrive/Desktop/Airflow_pract/dags/dag_with_class.py
[2025-04-20T22:24:15.527+0800] {processor.py:925} INFO - DAG(s) 'dag_with_taskflow_api_v02' retrieved from /mnt/c/Users/wu_li/OneDrive/Desktop/Airflow_pract/dags/dag_with_class.py
[2025-04-20T22:24:15.597+0800] {logging_mixin.py:190} INFO - [2025-04-20T22:24:15.593+0800] {dag.py:3239} INFO - Sync 1 DAGs
[2025-04-20T22:24:15.699+0800] {logging_mixin.py:190} INFO - [2025-04-20T22:24:15.695+0800] {dag.py:4180} INFO - Setting next_dagrun for dag_with_taskflow_api_v02 to 2021-10-26 00:00:00+00:00, run_after=2021-10-27 00:00:00+00:00
[2025-04-20T22:24:15.867+0800] {processor.py:208} INFO - Processing /mnt/c/Users/wu_li/OneDrive/Desktop/Airflow_pract/dags/dag_with_class.py took 0.422 seconds
[2025-04-20T22:25:15.842+0800] {processor.py:186} INFO - Started process (PID=140362) to work on /mnt/c/Users/wu_li/OneDrive/Desktop/Airflow_pract/dags/dag_with_class.py
[2025-04-20T22:25:15.844+0800] {processor.py:914} INFO - Processing file /mnt/c/Users/wu_li/OneDrive/Desktop/Airflow_pract/dags/dag_with_class.py for tasks to queue
[2025-04-20T22:25:15.850+0800] {logging_mixin.py:190} INFO - [2025-04-20T22:25:15.847+0800] {dagbag.py:588} INFO - Filling up the DagBag from /mnt/c/Users/wu_li/OneDrive/Desktop/Airflow_pract/dags/dag_with_class.py
[2025-04-20T22:25:15.888+0800] {processor.py:925} INFO - DAG(s) 'dag_with_taskflow_api_v02' retrieved from /mnt/c/Users/wu_li/OneDrive/Desktop/Airflow_pract/dags/dag_with_class.py
[2025-04-20T22:25:15.931+0800] {logging_mixin.py:190} INFO - [2025-04-20T22:25:15.930+0800] {dag.py:3239} INFO - Sync 1 DAGs
[2025-04-20T22:25:15.983+0800] {logging_mixin.py:190} INFO - [2025-04-20T22:25:15.981+0800] {dag.py:4180} INFO - Setting next_dagrun for dag_with_taskflow_api_v02 to 2021-10-26 00:00:00+00:00, run_after=2021-10-27 00:00:00+00:00
[2025-04-20T22:25:16.094+0800] {processor.py:208} INFO - Processing /mnt/c/Users/wu_li/OneDrive/Desktop/Airflow_pract/dags/dag_with_class.py took 0.272 seconds
[2025-04-20T22:26:09.130+0800] {processor.py:186} INFO - Started process (PID=140835) to work on /mnt/c/Users/wu_li/OneDrive/Desktop/Airflow_pract/dags/dag_with_class.py
[2025-04-20T22:26:09.133+0800] {processor.py:914} INFO - Processing file /mnt/c/Users/wu_li/OneDrive/Desktop/Airflow_pract/dags/dag_with_class.py for tasks to queue
[2025-04-20T22:26:09.144+0800] {logging_mixin.py:190} INFO - [2025-04-20T22:26:09.142+0800] {dagbag.py:588} INFO - Filling up the DagBag from /mnt/c/Users/wu_li/OneDrive/Desktop/Airflow_pract/dags/dag_with_class.py
[2025-04-20T22:26:09.222+0800] {processor.py:925} INFO - DAG(s) 'dag_with_taskflow_api_v02' retrieved from /mnt/c/Users/wu_li/OneDrive/Desktop/Airflow_pract/dags/dag_with_class.py
[2025-04-20T22:26:09.305+0800] {logging_mixin.py:190} INFO - [2025-04-20T22:26:09.303+0800] {dag.py:3239} INFO - Sync 1 DAGs
[2025-04-20T22:26:09.362+0800] {logging_mixin.py:190} INFO - [2025-04-20T22:26:09.359+0800] {dag.py:4180} INFO - Setting next_dagrun for dag_with_taskflow_api_v02 to 2021-10-26 00:00:00+00:00, run_after=2021-10-27 00:00:00+00:00
[2025-04-20T22:26:09.468+0800] {processor.py:208} INFO - Processing /mnt/c/Users/wu_li/OneDrive/Desktop/Airflow_pract/dags/dag_with_class.py took 0.360 seconds
[2025-04-20T22:27:09.868+0800] {processor.py:186} INFO - Started process (PID=141236) to work on /mnt/c/Users/wu_li/OneDrive/Desktop/Airflow_pract/dags/dag_with_class.py
[2025-04-20T22:27:09.870+0800] {processor.py:914} INFO - Processing file /mnt/c/Users/wu_li/OneDrive/Desktop/Airflow_pract/dags/dag_with_class.py for tasks to queue
[2025-04-20T22:27:09.874+0800] {logging_mixin.py:190} INFO - [2025-04-20T22:27:09.872+0800] {dagbag.py:588} INFO - Filling up the DagBag from /mnt/c/Users/wu_li/OneDrive/Desktop/Airflow_pract/dags/dag_with_class.py
[2025-04-20T22:27:09.917+0800] {processor.py:925} INFO - DAG(s) 'dag_with_taskflow_api_v02' retrieved from /mnt/c/Users/wu_li/OneDrive/Desktop/Airflow_pract/dags/dag_with_class.py
[2025-04-20T22:27:09.965+0800] {logging_mixin.py:190} INFO - [2025-04-20T22:27:09.963+0800] {dag.py:3239} INFO - Sync 1 DAGs
[2025-04-20T22:27:10.030+0800] {logging_mixin.py:190} INFO - [2025-04-20T22:27:10.025+0800] {dag.py:4180} INFO - Setting next_dagrun for dag_with_taskflow_api_v02 to 2021-10-26 00:00:00+00:00, run_after=2021-10-27 00:00:00+00:00
[2025-04-20T22:27:10.140+0800] {processor.py:208} INFO - Processing /mnt/c/Users/wu_li/OneDrive/Desktop/Airflow_pract/dags/dag_with_class.py took 0.290 seconds
[2025-04-20T22:28:02.905+0800] {processor.py:186} INFO - Started process (PID=141853) to work on /mnt/c/Users/wu_li/OneDrive/Desktop/Airflow_pract/dags/dag_with_class.py
[2025-04-20T22:28:02.907+0800] {processor.py:914} INFO - Processing file /mnt/c/Users/wu_li/OneDrive/Desktop/Airflow_pract/dags/dag_with_class.py for tasks to queue
[2025-04-20T22:28:02.911+0800] {logging_mixin.py:190} INFO - [2025-04-20T22:28:02.909+0800] {dagbag.py:588} INFO - Filling up the DagBag from /mnt/c/Users/wu_li/OneDrive/Desktop/Airflow_pract/dags/dag_with_class.py
[2025-04-20T22:28:02.948+0800] {processor.py:925} INFO - DAG(s) 'dag_with_taskflow_api_v02' retrieved from /mnt/c/Users/wu_li/OneDrive/Desktop/Airflow_pract/dags/dag_with_class.py
[2025-04-20T22:28:02.995+0800] {logging_mixin.py:190} INFO - [2025-04-20T22:28:02.994+0800] {dag.py:3239} INFO - Sync 1 DAGs
[2025-04-20T22:28:03.048+0800] {logging_mixin.py:190} INFO - [2025-04-20T22:28:03.046+0800] {dag.py:4180} INFO - Setting next_dagrun for dag_with_taskflow_api_v02 to 2021-10-26 00:00:00+00:00, run_after=2021-10-27 00:00:00+00:00
[2025-04-20T22:28:03.138+0800] {processor.py:208} INFO - Processing /mnt/c/Users/wu_li/OneDrive/Desktop/Airflow_pract/dags/dag_with_class.py took 0.251 seconds
[2025-04-20T22:28:55.914+0800] {processor.py:186} INFO - Started process (PID=142475) to work on /mnt/c/Users/wu_li/OneDrive/Desktop/Airflow_pract/dags/dag_with_class.py
[2025-04-20T22:28:55.917+0800] {processor.py:914} INFO - Processing file /mnt/c/Users/wu_li/OneDrive/Desktop/Airflow_pract/dags/dag_with_class.py for tasks to queue
[2025-04-20T22:28:55.920+0800] {logging_mixin.py:190} INFO - [2025-04-20T22:28:55.919+0800] {dagbag.py:588} INFO - Filling up the DagBag from /mnt/c/Users/wu_li/OneDrive/Desktop/Airflow_pract/dags/dag_with_class.py
[2025-04-20T22:28:55.962+0800] {processor.py:925} INFO - DAG(s) 'dag_with_taskflow_api_v02' retrieved from /mnt/c/Users/wu_li/OneDrive/Desktop/Airflow_pract/dags/dag_with_class.py
[2025-04-20T22:28:56.014+0800] {logging_mixin.py:190} INFO - [2025-04-20T22:28:56.012+0800] {dag.py:3239} INFO - Sync 1 DAGs
[2025-04-20T22:28:56.071+0800] {logging_mixin.py:190} INFO - [2025-04-20T22:28:56.068+0800] {dag.py:4180} INFO - Setting next_dagrun for dag_with_taskflow_api_v02 to 2021-10-26 00:00:00+00:00, run_after=2021-10-27 00:00:00+00:00
[2025-04-20T22:28:56.165+0800] {processor.py:208} INFO - Processing /mnt/c/Users/wu_li/OneDrive/Desktop/Airflow_pract/dags/dag_with_class.py took 0.268 seconds
[2025-04-20T22:29:45.108+0800] {processor.py:186} INFO - Started process (PID=143019) to work on /mnt/c/Users/wu_li/OneDrive/Desktop/Airflow_pract/dags/dag_with_class.py
[2025-04-20T22:29:45.110+0800] {processor.py:914} INFO - Processing file /mnt/c/Users/wu_li/OneDrive/Desktop/Airflow_pract/dags/dag_with_class.py for tasks to queue
[2025-04-20T22:29:45.112+0800] {logging_mixin.py:190} INFO - [2025-04-20T22:29:45.111+0800] {dagbag.py:588} INFO - Filling up the DagBag from /mnt/c/Users/wu_li/OneDrive/Desktop/Airflow_pract/dags/dag_with_class.py
[2025-04-20T22:29:45.139+0800] {processor.py:925} INFO - DAG(s) 'dag_with_taskflow_api_v02' retrieved from /mnt/c/Users/wu_li/OneDrive/Desktop/Airflow_pract/dags/dag_with_class.py
[2025-04-20T22:29:45.169+0800] {logging_mixin.py:190} INFO - [2025-04-20T22:29:45.168+0800] {dag.py:3239} INFO - Sync 1 DAGs
[2025-04-20T22:29:45.200+0800] {logging_mixin.py:190} INFO - [2025-04-20T22:29:45.198+0800] {dag.py:4180} INFO - Setting next_dagrun for dag_with_taskflow_api_v02 to 2021-10-26 00:00:00+00:00, run_after=2021-10-27 00:00:00+00:00
[2025-04-20T22:29:45.295+0800] {processor.py:208} INFO - Processing /mnt/c/Users/wu_li/OneDrive/Desktop/Airflow_pract/dags/dag_with_class.py took 0.201 seconds
[2025-04-20T22:30:36.946+0800] {processor.py:186} INFO - Started process (PID=143635) to work on /mnt/c/Users/wu_li/OneDrive/Desktop/Airflow_pract/dags/dag_with_class.py
[2025-04-20T22:30:36.949+0800] {processor.py:914} INFO - Processing file /mnt/c/Users/wu_li/OneDrive/Desktop/Airflow_pract/dags/dag_with_class.py for tasks to queue
[2025-04-20T22:30:36.953+0800] {logging_mixin.py:190} INFO - [2025-04-20T22:30:36.952+0800] {dagbag.py:588} INFO - Filling up the DagBag from /mnt/c/Users/wu_li/OneDrive/Desktop/Airflow_pract/dags/dag_with_class.py
[2025-04-20T22:30:36.992+0800] {processor.py:925} INFO - DAG(s) 'dag_with_taskflow_api_v02' retrieved from /mnt/c/Users/wu_li/OneDrive/Desktop/Airflow_pract/dags/dag_with_class.py
[2025-04-20T22:30:37.039+0800] {logging_mixin.py:190} INFO - [2025-04-20T22:30:37.036+0800] {dag.py:3239} INFO - Sync 1 DAGs
[2025-04-20T22:30:37.096+0800] {logging_mixin.py:190} INFO - [2025-04-20T22:30:37.093+0800] {dag.py:4180} INFO - Setting next_dagrun for dag_with_taskflow_api_v02 to 2021-10-26 00:00:00+00:00, run_after=2021-10-27 00:00:00+00:00
[2025-04-20T22:30:37.190+0800] {processor.py:208} INFO - Processing /mnt/c/Users/wu_li/OneDrive/Desktop/Airflow_pract/dags/dag_with_class.py took 0.262 seconds
[2025-04-20T22:31:31.376+0800] {processor.py:186} INFO - Started process (PID=144252) to work on /mnt/c/Users/wu_li/OneDrive/Desktop/Airflow_pract/dags/dag_with_class.py
[2025-04-20T22:31:31.378+0800] {processor.py:914} INFO - Processing file /mnt/c/Users/wu_li/OneDrive/Desktop/Airflow_pract/dags/dag_with_class.py for tasks to queue
[2025-04-20T22:31:31.382+0800] {logging_mixin.py:190} INFO - [2025-04-20T22:31:31.380+0800] {dagbag.py:588} INFO - Filling up the DagBag from /mnt/c/Users/wu_li/OneDrive/Desktop/Airflow_pract/dags/dag_with_class.py
[2025-04-20T22:31:31.418+0800] {processor.py:925} INFO - DAG(s) 'dag_with_taskflow_api_v02' retrieved from /mnt/c/Users/wu_li/OneDrive/Desktop/Airflow_pract/dags/dag_with_class.py
[2025-04-20T22:31:31.462+0800] {logging_mixin.py:190} INFO - [2025-04-20T22:31:31.460+0800] {dag.py:3239} INFO - Sync 1 DAGs
[2025-04-20T22:31:31.526+0800] {logging_mixin.py:190} INFO - [2025-04-20T22:31:31.523+0800] {dag.py:4180} INFO - Setting next_dagrun for dag_with_taskflow_api_v02 to 2021-10-26 00:00:00+00:00, run_after=2021-10-27 00:00:00+00:00
[2025-04-20T22:31:31.623+0800] {processor.py:208} INFO - Processing /mnt/c/Users/wu_li/OneDrive/Desktop/Airflow_pract/dags/dag_with_class.py took 0.268 seconds
[2025-04-20T22:32:23.619+0800] {processor.py:186} INFO - Started process (PID=144800) to work on /mnt/c/Users/wu_li/OneDrive/Desktop/Airflow_pract/dags/dag_with_class.py
[2025-04-20T22:32:23.622+0800] {processor.py:914} INFO - Processing file /mnt/c/Users/wu_li/OneDrive/Desktop/Airflow_pract/dags/dag_with_class.py for tasks to queue
[2025-04-20T22:32:23.626+0800] {logging_mixin.py:190} INFO - [2025-04-20T22:32:23.624+0800] {dagbag.py:588} INFO - Filling up the DagBag from /mnt/c/Users/wu_li/OneDrive/Desktop/Airflow_pract/dags/dag_with_class.py
[2025-04-20T22:32:23.675+0800] {processor.py:925} INFO - DAG(s) 'dag_with_taskflow_api_v02' retrieved from /mnt/c/Users/wu_li/OneDrive/Desktop/Airflow_pract/dags/dag_with_class.py
[2025-04-20T22:32:23.718+0800] {logging_mixin.py:190} INFO - [2025-04-20T22:32:23.716+0800] {dag.py:3239} INFO - Sync 1 DAGs
[2025-04-20T22:32:23.747+0800] {logging_mixin.py:190} INFO - [2025-04-20T22:32:23.746+0800] {dag.py:4180} INFO - Setting next_dagrun for dag_with_taskflow_api_v02 to 2021-10-26 00:00:00+00:00, run_after=2021-10-27 00:00:00+00:00
[2025-04-20T22:32:23.842+0800] {processor.py:208} INFO - Processing /mnt/c/Users/wu_li/OneDrive/Desktop/Airflow_pract/dags/dag_with_class.py took 0.242 seconds
[2025-04-20T22:33:16.321+0800] {processor.py:186} INFO - Started process (PID=145445) to work on /mnt/c/Users/wu_li/OneDrive/Desktop/Airflow_pract/dags/dag_with_class.py
[2025-04-20T22:33:16.323+0800] {processor.py:914} INFO - Processing file /mnt/c/Users/wu_li/OneDrive/Desktop/Airflow_pract/dags/dag_with_class.py for tasks to queue
[2025-04-20T22:33:16.327+0800] {logging_mixin.py:190} INFO - [2025-04-20T22:33:16.326+0800] {dagbag.py:588} INFO - Filling up the DagBag from /mnt/c/Users/wu_li/OneDrive/Desktop/Airflow_pract/dags/dag_with_class.py
[2025-04-20T22:33:16.374+0800] {processor.py:925} INFO - DAG(s) 'dag_with_taskflow_api_v02' retrieved from /mnt/c/Users/wu_li/OneDrive/Desktop/Airflow_pract/dags/dag_with_class.py
[2025-04-20T22:33:16.422+0800] {logging_mixin.py:190} INFO - [2025-04-20T22:33:16.421+0800] {dag.py:3239} INFO - Sync 1 DAGs
[2025-04-20T22:33:16.460+0800] {logging_mixin.py:190} INFO - [2025-04-20T22:33:16.458+0800] {dag.py:4180} INFO - Setting next_dagrun for dag_with_taskflow_api_v02 to 2021-10-26 00:00:00+00:00, run_after=2021-10-27 00:00:00+00:00
[2025-04-20T22:33:16.575+0800] {processor.py:208} INFO - Processing /mnt/c/Users/wu_li/OneDrive/Desktop/Airflow_pract/dags/dag_with_class.py took 0.285 seconds
[2025-04-20T22:34:08.908+0800] {processor.py:186} INFO - Started process (PID=146074) to work on /mnt/c/Users/wu_li/OneDrive/Desktop/Airflow_pract/dags/dag_with_class.py
[2025-04-20T22:34:08.911+0800] {processor.py:914} INFO - Processing file /mnt/c/Users/wu_li/OneDrive/Desktop/Airflow_pract/dags/dag_with_class.py for tasks to queue
[2025-04-20T22:34:08.916+0800] {logging_mixin.py:190} INFO - [2025-04-20T22:34:08.914+0800] {dagbag.py:588} INFO - Filling up the DagBag from /mnt/c/Users/wu_li/OneDrive/Desktop/Airflow_pract/dags/dag_with_class.py
[2025-04-20T22:34:08.968+0800] {processor.py:925} INFO - DAG(s) 'dag_with_taskflow_api_v02' retrieved from /mnt/c/Users/wu_li/OneDrive/Desktop/Airflow_pract/dags/dag_with_class.py
[2025-04-20T22:34:09.021+0800] {logging_mixin.py:190} INFO - [2025-04-20T22:34:09.019+0800] {dag.py:3239} INFO - Sync 1 DAGs
[2025-04-20T22:34:09.059+0800] {logging_mixin.py:190} INFO - [2025-04-20T22:34:09.057+0800] {dag.py:4180} INFO - Setting next_dagrun for dag_with_taskflow_api_v02 to 2021-10-26 00:00:00+00:00, run_after=2021-10-27 00:00:00+00:00
[2025-04-20T22:34:09.163+0800] {processor.py:208} INFO - Processing /mnt/c/Users/wu_li/OneDrive/Desktop/Airflow_pract/dags/dag_with_class.py took 0.277 seconds
[2025-04-20T22:35:02.248+0800] {processor.py:186} INFO - Started process (PID=146648) to work on /mnt/c/Users/wu_li/OneDrive/Desktop/Airflow_pract/dags/dag_with_class.py
[2025-04-20T22:35:02.251+0800] {processor.py:914} INFO - Processing file /mnt/c/Users/wu_li/OneDrive/Desktop/Airflow_pract/dags/dag_with_class.py for tasks to queue
[2025-04-20T22:35:02.255+0800] {logging_mixin.py:190} INFO - [2025-04-20T22:35:02.254+0800] {dagbag.py:588} INFO - Filling up the DagBag from /mnt/c/Users/wu_li/OneDrive/Desktop/Airflow_pract/dags/dag_with_class.py
[2025-04-20T22:35:02.301+0800] {processor.py:925} INFO - DAG(s) 'dag_with_taskflow_api_v02' retrieved from /mnt/c/Users/wu_li/OneDrive/Desktop/Airflow_pract/dags/dag_with_class.py
[2025-04-20T22:35:02.343+0800] {logging_mixin.py:190} INFO - [2025-04-20T22:35:02.341+0800] {dag.py:3239} INFO - Sync 1 DAGs
[2025-04-20T22:35:02.374+0800] {logging_mixin.py:190} INFO - [2025-04-20T22:35:02.372+0800] {dag.py:4180} INFO - Setting next_dagrun for dag_with_taskflow_api_v02 to 2021-10-26 00:00:00+00:00, run_after=2021-10-27 00:00:00+00:00
[2025-04-20T22:35:02.467+0800] {processor.py:208} INFO - Processing /mnt/c/Users/wu_li/OneDrive/Desktop/Airflow_pract/dags/dag_with_class.py took 0.237 seconds
[2025-04-20T22:35:53.962+0800] {processor.py:186} INFO - Started process (PID=147268) to work on /mnt/c/Users/wu_li/OneDrive/Desktop/Airflow_pract/dags/dag_with_class.py
[2025-04-20T22:35:53.964+0800] {processor.py:914} INFO - Processing file /mnt/c/Users/wu_li/OneDrive/Desktop/Airflow_pract/dags/dag_with_class.py for tasks to queue
[2025-04-20T22:35:53.969+0800] {logging_mixin.py:190} INFO - [2025-04-20T22:35:53.967+0800] {dagbag.py:588} INFO - Filling up the DagBag from /mnt/c/Users/wu_li/OneDrive/Desktop/Airflow_pract/dags/dag_with_class.py
[2025-04-20T22:35:54.019+0800] {processor.py:925} INFO - DAG(s) 'dag_with_taskflow_api_v02' retrieved from /mnt/c/Users/wu_li/OneDrive/Desktop/Airflow_pract/dags/dag_with_class.py
[2025-04-20T22:35:54.061+0800] {logging_mixin.py:190} INFO - [2025-04-20T22:35:54.059+0800] {dag.py:3239} INFO - Sync 1 DAGs
[2025-04-20T22:35:54.091+0800] {logging_mixin.py:190} INFO - [2025-04-20T22:35:54.089+0800] {dag.py:4180} INFO - Setting next_dagrun for dag_with_taskflow_api_v02 to 2021-10-26 00:00:00+00:00, run_after=2021-10-27 00:00:00+00:00
[2025-04-20T22:35:54.192+0800] {processor.py:208} INFO - Processing /mnt/c/Users/wu_li/OneDrive/Desktop/Airflow_pract/dags/dag_with_class.py took 0.250 seconds
[2025-04-20T22:36:48.203+0800] {processor.py:186} INFO - Started process (PID=147921) to work on /mnt/c/Users/wu_li/OneDrive/Desktop/Airflow_pract/dags/dag_with_class.py
[2025-04-20T22:36:48.206+0800] {processor.py:914} INFO - Processing file /mnt/c/Users/wu_li/OneDrive/Desktop/Airflow_pract/dags/dag_with_class.py for tasks to queue
[2025-04-20T22:36:48.210+0800] {logging_mixin.py:190} INFO - [2025-04-20T22:36:48.208+0800] {dagbag.py:588} INFO - Filling up the DagBag from /mnt/c/Users/wu_li/OneDrive/Desktop/Airflow_pract/dags/dag_with_class.py
[2025-04-20T22:36:48.252+0800] {processor.py:925} INFO - DAG(s) 'dag_with_taskflow_api_v02' retrieved from /mnt/c/Users/wu_li/OneDrive/Desktop/Airflow_pract/dags/dag_with_class.py
[2025-04-20T22:36:48.298+0800] {logging_mixin.py:190} INFO - [2025-04-20T22:36:48.296+0800] {dag.py:3239} INFO - Sync 1 DAGs
[2025-04-20T22:36:48.334+0800] {logging_mixin.py:190} INFO - [2025-04-20T22:36:48.332+0800] {dag.py:4180} INFO - Setting next_dagrun for dag_with_taskflow_api_v02 to 2021-10-26 00:00:00+00:00, run_after=2021-10-27 00:00:00+00:00
[2025-04-20T22:36:48.429+0800] {processor.py:208} INFO - Processing /mnt/c/Users/wu_li/OneDrive/Desktop/Airflow_pract/dags/dag_with_class.py took 0.245 seconds
[2025-04-20T22:37:40.736+0800] {processor.py:186} INFO - Started process (PID=148570) to work on /mnt/c/Users/wu_li/OneDrive/Desktop/Airflow_pract/dags/dag_with_class.py
[2025-04-20T22:37:40.739+0800] {processor.py:914} INFO - Processing file /mnt/c/Users/wu_li/OneDrive/Desktop/Airflow_pract/dags/dag_with_class.py for tasks to queue
[2025-04-20T22:37:40.751+0800] {logging_mixin.py:190} INFO - [2025-04-20T22:37:40.741+0800] {dagbag.py:588} INFO - Filling up the DagBag from /mnt/c/Users/wu_li/OneDrive/Desktop/Airflow_pract/dags/dag_with_class.py
[2025-04-20T22:37:40.800+0800] {processor.py:925} INFO - DAG(s) 'dag_with_taskflow_api_v02' retrieved from /mnt/c/Users/wu_li/OneDrive/Desktop/Airflow_pract/dags/dag_with_class.py
[2025-04-20T22:37:40.842+0800] {logging_mixin.py:190} INFO - [2025-04-20T22:37:40.840+0800] {dag.py:3239} INFO - Sync 1 DAGs
[2025-04-20T22:37:40.875+0800] {logging_mixin.py:190} INFO - [2025-04-20T22:37:40.873+0800] {dag.py:4180} INFO - Setting next_dagrun for dag_with_taskflow_api_v02 to 2021-10-26 00:00:00+00:00, run_after=2021-10-27 00:00:00+00:00
[2025-04-20T22:37:40.975+0800] {processor.py:208} INFO - Processing /mnt/c/Users/wu_li/OneDrive/Desktop/Airflow_pract/dags/dag_with_class.py took 0.258 seconds
[2025-04-20T22:38:35.001+0800] {processor.py:186} INFO - Started process (PID=149257) to work on /mnt/c/Users/wu_li/OneDrive/Desktop/Airflow_pract/dags/dag_with_class.py
[2025-04-20T22:38:35.007+0800] {processor.py:914} INFO - Processing file /mnt/c/Users/wu_li/OneDrive/Desktop/Airflow_pract/dags/dag_with_class.py for tasks to queue
[2025-04-20T22:38:35.012+0800] {logging_mixin.py:190} INFO - [2025-04-20T22:38:35.010+0800] {dagbag.py:588} INFO - Filling up the DagBag from /mnt/c/Users/wu_li/OneDrive/Desktop/Airflow_pract/dags/dag_with_class.py
[2025-04-20T22:38:35.063+0800] {processor.py:925} INFO - DAG(s) 'dag_with_taskflow_api_v02' retrieved from /mnt/c/Users/wu_li/OneDrive/Desktop/Airflow_pract/dags/dag_with_class.py
[2025-04-20T22:38:35.117+0800] {logging_mixin.py:190} INFO - [2025-04-20T22:38:35.115+0800] {dag.py:3239} INFO - Sync 1 DAGs
[2025-04-20T22:38:35.179+0800] {logging_mixin.py:190} INFO - [2025-04-20T22:38:35.177+0800] {dag.py:4180} INFO - Setting next_dagrun for dag_with_taskflow_api_v02 to 2021-10-26 00:00:00+00:00, run_after=2021-10-27 00:00:00+00:00
[2025-04-20T22:38:35.274+0800] {processor.py:208} INFO - Processing /mnt/c/Users/wu_li/OneDrive/Desktop/Airflow_pract/dags/dag_with_class.py took 0.294 seconds
[2025-04-20T22:39:28.221+0800] {processor.py:186} INFO - Started process (PID=149874) to work on /mnt/c/Users/wu_li/OneDrive/Desktop/Airflow_pract/dags/dag_with_class.py
[2025-04-20T22:39:28.275+0800] {processor.py:914} INFO - Processing file /mnt/c/Users/wu_li/OneDrive/Desktop/Airflow_pract/dags/dag_with_class.py for tasks to queue
[2025-04-20T22:39:28.298+0800] {logging_mixin.py:190} INFO - [2025-04-20T22:39:28.285+0800] {dagbag.py:588} INFO - Filling up the DagBag from /mnt/c/Users/wu_li/OneDrive/Desktop/Airflow_pract/dags/dag_with_class.py
[2025-04-20T22:39:28.473+0800] {processor.py:925} INFO - DAG(s) 'dag_with_taskflow_api_v02' retrieved from /mnt/c/Users/wu_li/OneDrive/Desktop/Airflow_pract/dags/dag_with_class.py
[2025-04-20T22:39:28.530+0800] {logging_mixin.py:190} INFO - [2025-04-20T22:39:28.529+0800] {dag.py:3239} INFO - Sync 1 DAGs
[2025-04-20T22:39:28.593+0800] {logging_mixin.py:190} INFO - [2025-04-20T22:39:28.591+0800] {dag.py:4180} INFO - Setting next_dagrun for dag_with_taskflow_api_v02 to 2021-10-26 00:00:00+00:00, run_after=2021-10-27 00:00:00+00:00
[2025-04-20T22:39:28.678+0800] {processor.py:208} INFO - Processing /mnt/c/Users/wu_li/OneDrive/Desktop/Airflow_pract/dags/dag_with_class.py took 0.477 seconds
[2025-04-20T22:40:21.861+0800] {processor.py:186} INFO - Started process (PID=150491) to work on /mnt/c/Users/wu_li/OneDrive/Desktop/Airflow_pract/dags/dag_with_class.py
[2025-04-20T22:40:21.864+0800] {processor.py:914} INFO - Processing file /mnt/c/Users/wu_li/OneDrive/Desktop/Airflow_pract/dags/dag_with_class.py for tasks to queue
[2025-04-20T22:40:21.868+0800] {logging_mixin.py:190} INFO - [2025-04-20T22:40:21.866+0800] {dagbag.py:588} INFO - Filling up the DagBag from /mnt/c/Users/wu_li/OneDrive/Desktop/Airflow_pract/dags/dag_with_class.py
[2025-04-20T22:40:21.912+0800] {processor.py:925} INFO - DAG(s) 'dag_with_taskflow_api_v02' retrieved from /mnt/c/Users/wu_li/OneDrive/Desktop/Airflow_pract/dags/dag_with_class.py
[2025-04-20T22:40:21.960+0800] {logging_mixin.py:190} INFO - [2025-04-20T22:40:21.959+0800] {dag.py:3239} INFO - Sync 1 DAGs
[2025-04-20T22:40:22.024+0800] {logging_mixin.py:190} INFO - [2025-04-20T22:40:22.021+0800] {dag.py:4180} INFO - Setting next_dagrun for dag_with_taskflow_api_v02 to 2021-10-26 00:00:00+00:00, run_after=2021-10-27 00:00:00+00:00
[2025-04-20T22:40:22.116+0800] {processor.py:208} INFO - Processing /mnt/c/Users/wu_li/OneDrive/Desktop/Airflow_pract/dags/dag_with_class.py took 0.274 seconds
[2025-04-20T22:41:13.781+0800] {processor.py:186} INFO - Started process (PID=151108) to work on /mnt/c/Users/wu_li/OneDrive/Desktop/Airflow_pract/dags/dag_with_class.py
[2025-04-20T22:41:13.783+0800] {processor.py:914} INFO - Processing file /mnt/c/Users/wu_li/OneDrive/Desktop/Airflow_pract/dags/dag_with_class.py for tasks to queue
[2025-04-20T22:41:13.787+0800] {logging_mixin.py:190} INFO - [2025-04-20T22:41:13.786+0800] {dagbag.py:588} INFO - Filling up the DagBag from /mnt/c/Users/wu_li/OneDrive/Desktop/Airflow_pract/dags/dag_with_class.py
[2025-04-20T22:41:13.827+0800] {processor.py:925} INFO - DAG(s) 'dag_with_taskflow_api_v02' retrieved from /mnt/c/Users/wu_li/OneDrive/Desktop/Airflow_pract/dags/dag_with_class.py
[2025-04-20T22:41:13.881+0800] {logging_mixin.py:190} INFO - [2025-04-20T22:41:13.880+0800] {dag.py:3239} INFO - Sync 1 DAGs
[2025-04-20T22:41:13.934+0800] {logging_mixin.py:190} INFO - [2025-04-20T22:41:13.932+0800] {dag.py:4180} INFO - Setting next_dagrun for dag_with_taskflow_api_v02 to 2021-10-26 00:00:00+00:00, run_after=2021-10-27 00:00:00+00:00
[2025-04-20T22:41:14.016+0800] {processor.py:208} INFO - Processing /mnt/c/Users/wu_li/OneDrive/Desktop/Airflow_pract/dags/dag_with_class.py took 0.254 seconds
[2025-04-20T22:42:05.809+0800] {processor.py:186} INFO - Started process (PID=151722) to work on /mnt/c/Users/wu_li/OneDrive/Desktop/Airflow_pract/dags/dag_with_class.py
[2025-04-20T22:42:05.812+0800] {processor.py:914} INFO - Processing file /mnt/c/Users/wu_li/OneDrive/Desktop/Airflow_pract/dags/dag_with_class.py for tasks to queue
[2025-04-20T22:42:05.825+0800] {logging_mixin.py:190} INFO - [2025-04-20T22:42:05.823+0800] {dagbag.py:588} INFO - Filling up the DagBag from /mnt/c/Users/wu_li/OneDrive/Desktop/Airflow_pract/dags/dag_with_class.py
[2025-04-20T22:42:05.869+0800] {processor.py:925} INFO - DAG(s) 'dag_with_taskflow_api_v02' retrieved from /mnt/c/Users/wu_li/OneDrive/Desktop/Airflow_pract/dags/dag_with_class.py
[2025-04-20T22:42:05.912+0800] {logging_mixin.py:190} INFO - [2025-04-20T22:42:05.911+0800] {dag.py:3239} INFO - Sync 1 DAGs
[2025-04-20T22:42:05.964+0800] {logging_mixin.py:190} INFO - [2025-04-20T22:42:05.963+0800] {dag.py:4180} INFO - Setting next_dagrun for dag_with_taskflow_api_v02 to 2021-10-26 00:00:00+00:00, run_after=2021-10-27 00:00:00+00:00
[2025-04-20T22:42:06.065+0800] {processor.py:208} INFO - Processing /mnt/c/Users/wu_li/OneDrive/Desktop/Airflow_pract/dags/dag_with_class.py took 0.277 seconds
[2025-04-20T22:42:57.312+0800] {processor.py:186} INFO - Started process (PID=152340) to work on /mnt/c/Users/wu_li/OneDrive/Desktop/Airflow_pract/dags/dag_with_class.py
[2025-04-20T22:42:57.315+0800] {processor.py:914} INFO - Processing file /mnt/c/Users/wu_li/OneDrive/Desktop/Airflow_pract/dags/dag_with_class.py for tasks to queue
[2025-04-20T22:42:57.319+0800] {logging_mixin.py:190} INFO - [2025-04-20T22:42:57.317+0800] {dagbag.py:588} INFO - Filling up the DagBag from /mnt/c/Users/wu_li/OneDrive/Desktop/Airflow_pract/dags/dag_with_class.py
[2025-04-20T22:42:57.370+0800] {processor.py:925} INFO - DAG(s) 'dag_with_taskflow_api_v02' retrieved from /mnt/c/Users/wu_li/OneDrive/Desktop/Airflow_pract/dags/dag_with_class.py
[2025-04-20T22:42:57.416+0800] {logging_mixin.py:190} INFO - [2025-04-20T22:42:57.414+0800] {dag.py:3239} INFO - Sync 1 DAGs
[2025-04-20T22:42:57.448+0800] {logging_mixin.py:190} INFO - [2025-04-20T22:42:57.446+0800] {dag.py:4180} INFO - Setting next_dagrun for dag_with_taskflow_api_v02 to 2021-10-26 00:00:00+00:00, run_after=2021-10-27 00:00:00+00:00
[2025-04-20T22:42:57.555+0800] {processor.py:208} INFO - Processing /mnt/c/Users/wu_li/OneDrive/Desktop/Airflow_pract/dags/dag_with_class.py took 0.264 seconds
[2025-04-20T22:43:46.816+0800] {processor.py:186} INFO - Started process (PID=152953) to work on /mnt/c/Users/wu_li/OneDrive/Desktop/Airflow_pract/dags/dag_with_class.py
[2025-04-20T22:43:46.819+0800] {processor.py:914} INFO - Processing file /mnt/c/Users/wu_li/OneDrive/Desktop/Airflow_pract/dags/dag_with_class.py for tasks to queue
[2025-04-20T22:43:46.823+0800] {logging_mixin.py:190} INFO - [2025-04-20T22:43:46.821+0800] {dagbag.py:588} INFO - Filling up the DagBag from /mnt/c/Users/wu_li/OneDrive/Desktop/Airflow_pract/dags/dag_with_class.py
[2025-04-20T22:43:46.879+0800] {processor.py:925} INFO - DAG(s) 'dag_with_taskflow_api_v02' retrieved from /mnt/c/Users/wu_li/OneDrive/Desktop/Airflow_pract/dags/dag_with_class.py
[2025-04-20T22:43:46.926+0800] {logging_mixin.py:190} INFO - [2025-04-20T22:43:46.924+0800] {dag.py:3239} INFO - Sync 1 DAGs
[2025-04-20T22:43:46.960+0800] {logging_mixin.py:190} INFO - [2025-04-20T22:43:46.958+0800] {dag.py:4180} INFO - Setting next_dagrun for dag_with_taskflow_api_v02 to 2021-10-26 00:00:00+00:00, run_after=2021-10-27 00:00:00+00:00
[2025-04-20T22:43:47.051+0800] {processor.py:208} INFO - Processing /mnt/c/Users/wu_li/OneDrive/Desktop/Airflow_pract/dags/dag_with_class.py took 0.253 seconds
[2025-04-20T22:44:39.762+0800] {processor.py:186} INFO - Started process (PID=153573) to work on /mnt/c/Users/wu_li/OneDrive/Desktop/Airflow_pract/dags/dag_with_class.py
[2025-04-20T22:44:39.765+0800] {processor.py:914} INFO - Processing file /mnt/c/Users/wu_li/OneDrive/Desktop/Airflow_pract/dags/dag_with_class.py for tasks to queue
[2025-04-20T22:44:39.770+0800] {logging_mixin.py:190} INFO - [2025-04-20T22:44:39.768+0800] {dagbag.py:588} INFO - Filling up the DagBag from /mnt/c/Users/wu_li/OneDrive/Desktop/Airflow_pract/dags/dag_with_class.py
[2025-04-20T22:44:39.821+0800] {processor.py:925} INFO - DAG(s) 'dag_with_taskflow_api_v02' retrieved from /mnt/c/Users/wu_li/OneDrive/Desktop/Airflow_pract/dags/dag_with_class.py
[2025-04-20T22:44:39.868+0800] {logging_mixin.py:190} INFO - [2025-04-20T22:44:39.866+0800] {dag.py:3239} INFO - Sync 1 DAGs
[2025-04-20T22:44:39.900+0800] {logging_mixin.py:190} INFO - [2025-04-20T22:44:39.898+0800] {dag.py:4180} INFO - Setting next_dagrun for dag_with_taskflow_api_v02 to 2021-10-26 00:00:00+00:00, run_after=2021-10-27 00:00:00+00:00
[2025-04-20T22:44:40.008+0800] {processor.py:208} INFO - Processing /mnt/c/Users/wu_li/OneDrive/Desktop/Airflow_pract/dags/dag_with_class.py took 0.267 seconds
[2025-04-20T22:45:29.237+0800] {processor.py:186} INFO - Started process (PID=154188) to work on /mnt/c/Users/wu_li/OneDrive/Desktop/Airflow_pract/dags/dag_with_class.py
[2025-04-20T22:45:29.240+0800] {processor.py:914} INFO - Processing file /mnt/c/Users/wu_li/OneDrive/Desktop/Airflow_pract/dags/dag_with_class.py for tasks to queue
[2025-04-20T22:45:29.244+0800] {logging_mixin.py:190} INFO - [2025-04-20T22:45:29.243+0800] {dagbag.py:588} INFO - Filling up the DagBag from /mnt/c/Users/wu_li/OneDrive/Desktop/Airflow_pract/dags/dag_with_class.py
[2025-04-20T22:45:29.294+0800] {processor.py:925} INFO - DAG(s) 'dag_with_taskflow_api_v02' retrieved from /mnt/c/Users/wu_li/OneDrive/Desktop/Airflow_pract/dags/dag_with_class.py
[2025-04-20T22:45:29.340+0800] {logging_mixin.py:190} INFO - [2025-04-20T22:45:29.338+0800] {dag.py:3239} INFO - Sync 1 DAGs
[2025-04-20T22:45:29.372+0800] {logging_mixin.py:190} INFO - [2025-04-20T22:45:29.370+0800] {dag.py:4180} INFO - Setting next_dagrun for dag_with_taskflow_api_v02 to 2021-10-26 00:00:00+00:00, run_after=2021-10-27 00:00:00+00:00
[2025-04-20T22:45:29.471+0800] {processor.py:208} INFO - Processing /mnt/c/Users/wu_li/OneDrive/Desktop/Airflow_pract/dags/dag_with_class.py took 0.255 seconds
[2025-04-20T22:46:21.969+0800] {processor.py:186} INFO - Started process (PID=154802) to work on /mnt/c/Users/wu_li/OneDrive/Desktop/Airflow_pract/dags/dag_with_class.py
[2025-04-20T22:46:21.972+0800] {processor.py:914} INFO - Processing file /mnt/c/Users/wu_li/OneDrive/Desktop/Airflow_pract/dags/dag_with_class.py for tasks to queue
[2025-04-20T22:46:21.976+0800] {logging_mixin.py:190} INFO - [2025-04-20T22:46:21.974+0800] {dagbag.py:588} INFO - Filling up the DagBag from /mnt/c/Users/wu_li/OneDrive/Desktop/Airflow_pract/dags/dag_with_class.py
[2025-04-20T22:46:22.023+0800] {processor.py:925} INFO - DAG(s) 'dag_with_taskflow_api_v02' retrieved from /mnt/c/Users/wu_li/OneDrive/Desktop/Airflow_pract/dags/dag_with_class.py
[2025-04-20T22:46:22.061+0800] {logging_mixin.py:190} INFO - [2025-04-20T22:46:22.059+0800] {dag.py:3239} INFO - Sync 1 DAGs
[2025-04-20T22:46:22.091+0800] {logging_mixin.py:190} INFO - [2025-04-20T22:46:22.090+0800] {dag.py:4180} INFO - Setting next_dagrun for dag_with_taskflow_api_v02 to 2021-10-26 00:00:00+00:00, run_after=2021-10-27 00:00:00+00:00
[2025-04-20T22:46:22.188+0800] {processor.py:208} INFO - Processing /mnt/c/Users/wu_li/OneDrive/Desktop/Airflow_pract/dags/dag_with_class.py took 0.238 seconds
[2025-04-20T22:47:15.511+0800] {processor.py:186} INFO - Started process (PID=155417) to work on /mnt/c/Users/wu_li/OneDrive/Desktop/Airflow_pract/dags/dag_with_class.py
[2025-04-20T22:47:15.514+0800] {processor.py:914} INFO - Processing file /mnt/c/Users/wu_li/OneDrive/Desktop/Airflow_pract/dags/dag_with_class.py for tasks to queue
[2025-04-20T22:47:15.519+0800] {logging_mixin.py:190} INFO - [2025-04-20T22:47:15.517+0800] {dagbag.py:588} INFO - Filling up the DagBag from /mnt/c/Users/wu_li/OneDrive/Desktop/Airflow_pract/dags/dag_with_class.py
[2025-04-20T22:47:15.568+0800] {processor.py:925} INFO - DAG(s) 'dag_with_taskflow_api_v02' retrieved from /mnt/c/Users/wu_li/OneDrive/Desktop/Airflow_pract/dags/dag_with_class.py
[2025-04-20T22:47:15.613+0800] {logging_mixin.py:190} INFO - [2025-04-20T22:47:15.611+0800] {dag.py:3239} INFO - Sync 1 DAGs
[2025-04-20T22:47:15.647+0800] {logging_mixin.py:190} INFO - [2025-04-20T22:47:15.646+0800] {dag.py:4180} INFO - Setting next_dagrun for dag_with_taskflow_api_v02 to 2021-10-26 00:00:00+00:00, run_after=2021-10-27 00:00:00+00:00
[2025-04-20T22:47:15.743+0800] {processor.py:208} INFO - Processing /mnt/c/Users/wu_li/OneDrive/Desktop/Airflow_pract/dags/dag_with_class.py took 0.253 seconds
[2025-04-20T22:48:06.812+0800] {processor.py:186} INFO - Started process (PID=156039) to work on /mnt/c/Users/wu_li/OneDrive/Desktop/Airflow_pract/dags/dag_with_class.py
[2025-04-20T22:48:06.815+0800] {processor.py:914} INFO - Processing file /mnt/c/Users/wu_li/OneDrive/Desktop/Airflow_pract/dags/dag_with_class.py for tasks to queue
[2025-04-20T22:48:06.820+0800] {logging_mixin.py:190} INFO - [2025-04-20T22:48:06.818+0800] {dagbag.py:588} INFO - Filling up the DagBag from /mnt/c/Users/wu_li/OneDrive/Desktop/Airflow_pract/dags/dag_with_class.py
[2025-04-20T22:48:06.870+0800] {processor.py:925} INFO - DAG(s) 'dag_with_taskflow_api_v02' retrieved from /mnt/c/Users/wu_li/OneDrive/Desktop/Airflow_pract/dags/dag_with_class.py
[2025-04-20T22:48:06.920+0800] {logging_mixin.py:190} INFO - [2025-04-20T22:48:06.918+0800] {dag.py:3239} INFO - Sync 1 DAGs
[2025-04-20T22:48:06.958+0800] {logging_mixin.py:190} INFO - [2025-04-20T22:48:06.956+0800] {dag.py:4180} INFO - Setting next_dagrun for dag_with_taskflow_api_v02 to 2021-10-26 00:00:00+00:00, run_after=2021-10-27 00:00:00+00:00
[2025-04-20T22:48:07.068+0800] {processor.py:208} INFO - Processing /mnt/c/Users/wu_li/OneDrive/Desktop/Airflow_pract/dags/dag_with_class.py took 0.276 seconds
[2025-04-20T22:48:59.272+0800] {processor.py:186} INFO - Started process (PID=156722) to work on /mnt/c/Users/wu_li/OneDrive/Desktop/Airflow_pract/dags/dag_with_class.py
[2025-04-20T22:48:59.274+0800] {processor.py:914} INFO - Processing file /mnt/c/Users/wu_li/OneDrive/Desktop/Airflow_pract/dags/dag_with_class.py for tasks to queue
[2025-04-20T22:48:59.278+0800] {logging_mixin.py:190} INFO - [2025-04-20T22:48:59.277+0800] {dagbag.py:588} INFO - Filling up the DagBag from /mnt/c/Users/wu_li/OneDrive/Desktop/Airflow_pract/dags/dag_with_class.py
[2025-04-20T22:48:59.317+0800] {processor.py:925} INFO - DAG(s) 'dag_with_taskflow_api_v02' retrieved from /mnt/c/Users/wu_li/OneDrive/Desktop/Airflow_pract/dags/dag_with_class.py
[2025-04-20T22:48:59.369+0800] {logging_mixin.py:190} INFO - [2025-04-20T22:48:59.368+0800] {dag.py:3239} INFO - Sync 1 DAGs
[2025-04-20T22:48:59.428+0800] {logging_mixin.py:190} INFO - [2025-04-20T22:48:59.426+0800] {dag.py:4180} INFO - Setting next_dagrun for dag_with_taskflow_api_v02 to 2021-10-26 00:00:00+00:00, run_after=2021-10-27 00:00:00+00:00
[2025-04-20T22:48:59.520+0800] {processor.py:208} INFO - Processing /mnt/c/Users/wu_li/OneDrive/Desktop/Airflow_pract/dags/dag_with_class.py took 0.269 seconds
[2025-04-20T22:49:50.537+0800] {processor.py:186} INFO - Started process (PID=157341) to work on /mnt/c/Users/wu_li/OneDrive/Desktop/Airflow_pract/dags/dag_with_class.py
[2025-04-20T22:49:50.539+0800] {processor.py:914} INFO - Processing file /mnt/c/Users/wu_li/OneDrive/Desktop/Airflow_pract/dags/dag_with_class.py for tasks to queue
[2025-04-20T22:49:50.544+0800] {logging_mixin.py:190} INFO - [2025-04-20T22:49:50.542+0800] {dagbag.py:588} INFO - Filling up the DagBag from /mnt/c/Users/wu_li/OneDrive/Desktop/Airflow_pract/dags/dag_with_class.py
[2025-04-20T22:49:50.581+0800] {processor.py:925} INFO - DAG(s) 'dag_with_taskflow_api_v02' retrieved from /mnt/c/Users/wu_li/OneDrive/Desktop/Airflow_pract/dags/dag_with_class.py
[2025-04-20T22:49:50.628+0800] {logging_mixin.py:190} INFO - [2025-04-20T22:49:50.624+0800] {dag.py:3239} INFO - Sync 1 DAGs
[2025-04-20T22:49:50.700+0800] {logging_mixin.py:190} INFO - [2025-04-20T22:49:50.689+0800] {dag.py:4180} INFO - Setting next_dagrun for dag_with_taskflow_api_v02 to 2021-10-26 00:00:00+00:00, run_after=2021-10-27 00:00:00+00:00
[2025-04-20T22:49:50.820+0800] {processor.py:208} INFO - Processing /mnt/c/Users/wu_li/OneDrive/Desktop/Airflow_pract/dags/dag_with_class.py took 0.302 seconds
[2025-04-20T22:50:57.492+0800] {processor.py:186} INFO - Started process (PID=157743) to work on /mnt/c/Users/wu_li/OneDrive/Desktop/Airflow_pract/dags/dag_with_class.py
[2025-04-20T22:50:57.495+0800] {processor.py:914} INFO - Processing file /mnt/c/Users/wu_li/OneDrive/Desktop/Airflow_pract/dags/dag_with_class.py for tasks to queue
[2025-04-20T22:50:57.500+0800] {logging_mixin.py:190} INFO - [2025-04-20T22:50:57.498+0800] {dagbag.py:588} INFO - Filling up the DagBag from /mnt/c/Users/wu_li/OneDrive/Desktop/Airflow_pract/dags/dag_with_class.py
[2025-04-20T22:50:57.584+0800] {processor.py:925} INFO - DAG(s) 'dag_with_taskflow_api_v02' retrieved from /mnt/c/Users/wu_li/OneDrive/Desktop/Airflow_pract/dags/dag_with_class.py
[2025-04-20T22:50:57.682+0800] {logging_mixin.py:190} INFO - [2025-04-20T22:50:57.679+0800] {dag.py:3239} INFO - Sync 1 DAGs
[2025-04-20T22:50:57.842+0800] {logging_mixin.py:190} INFO - [2025-04-20T22:50:57.833+0800] {dag.py:4180} INFO - Setting next_dagrun for dag_with_taskflow_api_v02 to 2021-10-26 00:00:00+00:00, run_after=2021-10-27 00:00:00+00:00
[2025-04-20T22:50:58.025+0800] {processor.py:208} INFO - Processing /mnt/c/Users/wu_li/OneDrive/Desktop/Airflow_pract/dags/dag_with_class.py took 0.560 seconds
[2025-04-20T22:52:18.127+0800] {processor.py:186} INFO - Started process (PID=158076) to work on /mnt/c/Users/wu_li/OneDrive/Desktop/Airflow_pract/dags/dag_with_class.py
[2025-04-20T22:52:18.130+0800] {processor.py:914} INFO - Processing file /mnt/c/Users/wu_li/OneDrive/Desktop/Airflow_pract/dags/dag_with_class.py for tasks to queue
[2025-04-20T22:52:18.142+0800] {logging_mixin.py:190} INFO - [2025-04-20T22:52:18.134+0800] {dagbag.py:588} INFO - Filling up the DagBag from /mnt/c/Users/wu_li/OneDrive/Desktop/Airflow_pract/dags/dag_with_class.py
[2025-04-20T22:52:18.206+0800] {processor.py:925} INFO - DAG(s) 'dag_with_taskflow_api_v02' retrieved from /mnt/c/Users/wu_li/OneDrive/Desktop/Airflow_pract/dags/dag_with_class.py
[2025-04-20T22:52:18.269+0800] {logging_mixin.py:190} INFO - [2025-04-20T22:52:18.267+0800] {dag.py:3239} INFO - Sync 1 DAGs
[2025-04-20T22:52:18.397+0800] {logging_mixin.py:190} INFO - [2025-04-20T22:52:18.388+0800] {dag.py:4180} INFO - Setting next_dagrun for dag_with_taskflow_api_v02 to 2021-10-26 00:00:00+00:00, run_after=2021-10-27 00:00:00+00:00
[2025-04-20T22:52:18.488+0800] {processor.py:208} INFO - Processing /mnt/c/Users/wu_li/OneDrive/Desktop/Airflow_pract/dags/dag_with_class.py took 0.383 seconds
[2025-04-20T22:53:29.872+0800] {processor.py:186} INFO - Started process (PID=158625) to work on /mnt/c/Users/wu_li/OneDrive/Desktop/Airflow_pract/dags/dag_with_class.py
[2025-04-20T22:53:29.875+0800] {processor.py:914} INFO - Processing file /mnt/c/Users/wu_li/OneDrive/Desktop/Airflow_pract/dags/dag_with_class.py for tasks to queue
[2025-04-20T22:53:29.881+0800] {logging_mixin.py:190} INFO - [2025-04-20T22:53:29.879+0800] {dagbag.py:588} INFO - Filling up the DagBag from /mnt/c/Users/wu_li/OneDrive/Desktop/Airflow_pract/dags/dag_with_class.py
[2025-04-20T22:53:29.945+0800] {processor.py:925} INFO - DAG(s) 'dag_with_taskflow_api_v02' retrieved from /mnt/c/Users/wu_li/OneDrive/Desktop/Airflow_pract/dags/dag_with_class.py
[2025-04-20T22:53:30.024+0800] {logging_mixin.py:190} INFO - [2025-04-20T22:53:30.019+0800] {dag.py:3239} INFO - Sync 1 DAGs
[2025-04-20T22:53:30.140+0800] {logging_mixin.py:190} INFO - [2025-04-20T22:53:30.139+0800] {dag.py:4180} INFO - Setting next_dagrun for dag_with_taskflow_api_v02 to 2021-10-26 00:00:00+00:00, run_after=2021-10-27 00:00:00+00:00
[2025-04-20T22:53:30.276+0800] {processor.py:208} INFO - Processing /mnt/c/Users/wu_li/OneDrive/Desktop/Airflow_pract/dags/dag_with_class.py took 0.437 seconds
[2025-04-20T22:54:33.946+0800] {processor.py:186} INFO - Started process (PID=159145) to work on /mnt/c/Users/wu_li/OneDrive/Desktop/Airflow_pract/dags/dag_with_class.py
[2025-04-20T22:54:33.950+0800] {processor.py:914} INFO - Processing file /mnt/c/Users/wu_li/OneDrive/Desktop/Airflow_pract/dags/dag_with_class.py for tasks to queue
[2025-04-20T22:54:33.958+0800] {logging_mixin.py:190} INFO - [2025-04-20T22:54:33.955+0800] {dagbag.py:588} INFO - Filling up the DagBag from /mnt/c/Users/wu_li/OneDrive/Desktop/Airflow_pract/dags/dag_with_class.py
[2025-04-20T22:54:34.042+0800] {processor.py:925} INFO - DAG(s) 'dag_with_taskflow_api_v02' retrieved from /mnt/c/Users/wu_li/OneDrive/Desktop/Airflow_pract/dags/dag_with_class.py
[2025-04-20T22:54:34.115+0800] {logging_mixin.py:190} INFO - [2025-04-20T22:54:34.112+0800] {dag.py:3239} INFO - Sync 1 DAGs
[2025-04-20T22:54:34.167+0800] {logging_mixin.py:190} INFO - [2025-04-20T22:54:34.164+0800] {dag.py:4180} INFO - Setting next_dagrun for dag_with_taskflow_api_v02 to 2021-10-26 00:00:00+00:00, run_after=2021-10-27 00:00:00+00:00
[2025-04-20T22:54:34.326+0800] {processor.py:208} INFO - Processing /mnt/c/Users/wu_li/OneDrive/Desktop/Airflow_pract/dags/dag_with_class.py took 0.415 seconds
[2025-04-20T22:55:38.034+0800] {processor.py:186} INFO - Started process (PID=159721) to work on /mnt/c/Users/wu_li/OneDrive/Desktop/Airflow_pract/dags/dag_with_class.py
[2025-04-20T22:55:38.036+0800] {processor.py:914} INFO - Processing file /mnt/c/Users/wu_li/OneDrive/Desktop/Airflow_pract/dags/dag_with_class.py for tasks to queue
[2025-04-20T22:55:38.040+0800] {logging_mixin.py:190} INFO - [2025-04-20T22:55:38.038+0800] {dagbag.py:588} INFO - Filling up the DagBag from /mnt/c/Users/wu_li/OneDrive/Desktop/Airflow_pract/dags/dag_with_class.py
[2025-04-20T22:55:38.078+0800] {processor.py:925} INFO - DAG(s) 'dag_with_taskflow_api_v02' retrieved from /mnt/c/Users/wu_li/OneDrive/Desktop/Airflow_pract/dags/dag_with_class.py
[2025-04-20T22:55:38.131+0800] {logging_mixin.py:190} INFO - [2025-04-20T22:55:38.129+0800] {dag.py:3239} INFO - Sync 1 DAGs
[2025-04-20T22:55:38.192+0800] {logging_mixin.py:190} INFO - [2025-04-20T22:55:38.190+0800] {dag.py:4180} INFO - Setting next_dagrun for dag_with_taskflow_api_v02 to 2021-10-26 00:00:00+00:00, run_after=2021-10-27 00:00:00+00:00
[2025-04-20T22:55:38.306+0800] {processor.py:208} INFO - Processing /mnt/c/Users/wu_li/OneDrive/Desktop/Airflow_pract/dags/dag_with_class.py took 0.295 seconds
