[2025-04-20T20:34:53.825+0800] {local_task_job_runner.py:123} INFO - ::group::Pre task execution logs
[2025-04-20T20:34:53.920+0800] {taskinstance.py:2614} INFO - Dependencies all met for dep_context=non-requeueable deps ti=<TaskInstance: example_bash_operator.run_after_loop scheduled__2025-04-19T00:00:00+00:00 [queued]>
[2025-04-20T20:34:53.958+0800] {taskinstance.py:2614} INFO - Dependencies all met for dep_context=requeueable deps ti=<TaskInstance: example_bash_operator.run_after_loop scheduled__2025-04-19T00:00:00+00:00 [queued]>
[2025-04-20T20:34:53.961+0800] {taskinstance.py:2867} INFO - Starting attempt 1 of 1
[2025-04-20T20:34:54.039+0800] {taskinstance.py:2890} INFO - Executing <Task(BashOperator): run_after_loop> on 2025-04-19 00:00:00+00:00
[2025-04-20T20:34:54.052+0800] {standard_task_runner.py:72} INFO - Started process 76529 to run task
[2025-04-20T20:34:54.061+0800] {standard_task_runner.py:104} INFO - Running: ['airflow', 'tasks', 'run', 'example_bash_operator', 'run_after_loop', 'scheduled__2025-04-19T00:00:00+00:00', '--job-id', '13', '--raw', '--subdir', '/mnt/c/Users/wu_li/OneDrive/Desktop/Airflow_pract/venv/lib/python3.9/site-packages/airflow/example_dags/example_bash_operator.py', '--cfg-path', '/tmp/tmppn8qszto']
[2025-04-20T20:34:54.070+0800] {standard_task_runner.py:105} INFO - Job 13: Subtask run_after_loop
[2025-04-20T20:34:54.254+0800] {task_command.py:467} INFO - Running <TaskInstance: example_bash_operator.run_after_loop scheduled__2025-04-19T00:00:00+00:00 [running]> on host lxxxng.
[2025-04-20T20:34:54.596+0800] {taskinstance.py:3134} INFO - Exporting env vars: AIRFLOW_CTX_DAG_OWNER='airflow' AIRFLOW_CTX_DAG_ID='example_bash_operator' AIRFLOW_CTX_TASK_ID='run_after_loop' AIRFLOW_CTX_EXECUTION_DATE='2025-04-19T00:00:00+00:00' AIRFLOW_CTX_TRY_NUMBER='1' AIRFLOW_CTX_DAG_RUN_ID='scheduled__2025-04-19T00:00:00+00:00'
[2025-04-20T20:34:54.602+0800] {logging_mixin.py:190} INFO - Task instance is in running state
[2025-04-20T20:34:54.612+0800] {logging_mixin.py:190} INFO -  Previous state of the Task instance: queued
[2025-04-20T20:34:54.615+0800] {logging_mixin.py:190} INFO - Current task name:run_after_loop state:running start_date:2025-04-20 12:34:53.923686+00:00
[2025-04-20T20:34:54.618+0800] {logging_mixin.py:190} INFO - Dag name:example_bash_operator and current dag run status:running
[2025-04-20T20:34:54.627+0800] {taskinstance.py:732} INFO - ::endgroup::
[2025-04-20T20:34:54.631+0800] {subprocess.py:78} INFO - Tmp dir root location: /tmp
[2025-04-20T20:34:54.635+0800] {subprocess.py:88} INFO - Running command: ['/usr/bin/bash', '-c', 'echo https://airflow.apache.org/']
[2025-04-20T20:34:54.676+0800] {subprocess.py:99} INFO - Output:
[2025-04-20T20:34:54.708+0800] {subprocess.py:106} INFO - https://airflow.apache.org/
[2025-04-20T20:34:54.723+0800] {subprocess.py:110} INFO - Command exited with return code 0
[2025-04-20T20:34:54.997+0800] {taskinstance.py:341} INFO - ::group::Post task execution logs
[2025-04-20T20:34:55.000+0800] {taskinstance.py:353} INFO - Marking task as SUCCESS. dag_id=example_bash_operator, task_id=run_after_loop, run_id=scheduled__2025-04-19T00:00:00+00:00, execution_date=20250419T000000, start_date=20250420T123453, end_date=20250420T123455
[2025-04-20T20:34:55.127+0800] {logging_mixin.py:190} INFO - Task instance in success state
[2025-04-20T20:34:55.139+0800] {logging_mixin.py:190} INFO -  Previous state of the Task instance: running
[2025-04-20T20:34:55.141+0800] {logging_mixin.py:190} INFO - Dag name:example_bash_operator queued_at:2025-04-20 12:27:41.436298+00:00
[2025-04-20T20:34:55.144+0800] {logging_mixin.py:190} INFO - Task hostname:lxxxng. operator:BashOperator
[2025-04-20T20:34:55.175+0800] {local_task_job_runner.py:266} INFO - Task exited with return code 0
[2025-04-20T20:34:55.222+0800] {taskinstance.py:3901} INFO - 0 downstream tasks scheduled from follow-on schedule check
[2025-04-20T20:34:55.236+0800] {local_task_job_runner.py:245} INFO - ::endgroup::
